<?xml version="1.0" encoding="UTF-8"?>
<testsuite xmlns:xsi="http://www.w3.org/2001/XMLSchema-instance" xsi:noNamespaceSchemaLocation="https://maven.apache.org/surefire/maven-surefire-plugin/xsd/surefire-test-report.xsd" name="edu.ncsu.csc.itrust2.apitest.APILogEntryTest" time="3.998" tests="2" errors="1" skipped="0" failures="0">
  <properties>
    <property name="java.runtime.name" value="Java(TM) SE Runtime Environment"/>
    <property name="sun.boot.library.path" value="/usr/lib/jvm/java-8-oracle/jre/lib/amd64"/>
    <property name="java.vm.version" value="25.161-b12"/>
    <property name="java.vm.vendor" value="Oracle Corporation"/>
    <property name="maven.multiModuleProjectDirectory" value="/var/lib/jenkins/workspace/iTrust-Fuzz-Job/iTrust2-v2/iTrust/iTrust2"/>
    <property name="java.vendor.url" value="http://java.oracle.com/"/>
    <property name="path.separator" value=":"/>
    <property name="guice.disable.misplaced.annotation.check" value="true"/>
    <property name="java.vm.name" value="Java HotSpot(TM) 64-Bit Server VM"/>
    <property name="file.encoding.pkg" value="sun.io"/>
    <property name="user.country" value="US"/>
    <property name="sun.java.launcher" value="SUN_STANDARD"/>
    <property name="sun.os.patch.level" value="unknown"/>
    <property name="java.vm.specification.name" value="Java Virtual Machine Specification"/>
    <property name="user.dir" value="/var/lib/jenkins/workspace/iTrust-Fuzz-Job/iTrust2-v2/iTrust/iTrust2"/>
    <property name="java.runtime.version" value="1.8.0_161-b12"/>
    <property name="java.awt.graphicsenv" value="sun.awt.X11GraphicsEnvironment"/>
    <property name="java.endorsed.dirs" value="/usr/lib/jvm/java-8-oracle/jre/lib/endorsed"/>
    <property name="os.arch" value="amd64"/>
    <property name="java.io.tmpdir" value="/tmp"/>
    <property name="line.separator" value="&#10;"/>
    <property name="java.vm.specification.vendor" value="Oracle Corporation"/>
    <property name="os.name" value="Linux"/>
    <property name="classworlds.conf" value="/usr/share/maven/bin/m2.conf"/>
    <property name="sun.jnu.encoding" value="UTF-8"/>
    <property name="java.library.path" value="/usr/java/packages/lib/amd64:/usr/lib64:/lib64:/lib:/usr/lib"/>
    <property name="java.specification.name" value="Java Platform API Specification"/>
    <property name="java.class.version" value="52.0"/>
    <property name="sun.management.compiler" value="HotSpot 64-Bit Tiered Compilers"/>
    <property name="os.version" value="4.4.0-116-generic"/>
    <property name="user.home" value="/root"/>
    <property name="user.timezone" value="Etc/UTC"/>
    <property name="java.awt.printerjob" value="sun.print.PSPrinterJob"/>
    <property name="file.encoding" value="UTF-8"/>
    <property name="java.specification.version" value="1.8"/>
    <property name="user.name" value="root"/>
    <property name="java.class.path" value="/usr/share/maven/boot/plexus-classworlds-2.x.jar"/>
    <property name="java.vm.specification.version" value="1.8"/>
    <property name="sun.arch.data.model" value="64"/>
    <property name="java.home" value="/usr/lib/jvm/java-8-oracle/jre"/>
    <property name="sun.java.command" value="org.codehaus.plexus.classworlds.launcher.Launcher clean test verify checkstyle:checkstyle"/>
    <property name="java.specification.vendor" value="Oracle Corporation"/>
    <property name="user.language" value="en"/>
    <property name="awt.toolkit" value="sun.awt.X11.XToolkit"/>
    <property name="java.vm.info" value="mixed mode"/>
    <property name="java.version" value="1.8.0_161"/>
    <property name="java.ext.dirs" value="/usr/lib/jvm/java-8-oracle/jre/lib/ext:/usr/java/packages/lib/ext"/>
    <property name="securerandom.source" value="file:/dev/./urandom"/>
    <property name="sun.boot.class.path" value="/usr/lib/jvm/java-8-oracle/jre/lib/resources.jar:/usr/lib/jvm/java-8-oracle/jre/lib/rt.jar:/usr/lib/jvm/java-8-oracle/jre/lib/sunrsasign.jar:/usr/lib/jvm/java-8-oracle/jre/lib/jsse.jar:/usr/lib/jvm/java-8-oracle/jre/lib/jce.jar:/usr/lib/jvm/java-8-oracle/jre/lib/charsets.jar:/usr/lib/jvm/java-8-oracle/jre/lib/jfr.jar:/usr/lib/jvm/java-8-oracle/jre/classes"/>
    <property name="java.vendor" value="Oracle Corporation"/>
    <property name="maven.home" value="/usr/share/maven"/>
    <property name="file.separator" value="/"/>
    <property name="java.vendor.url.bug" value="http://bugreport.sun.com/bugreport/"/>
    <property name="sun.cpu.endian" value="little"/>
    <property name="sun.io.unicode.encoding" value="UnicodeLittle"/>
    <property name="sun.cpu.isalist" value=""/>
  </properties>
  <testcase name="testLogByDateLarge" classname="edu.ncsu.csc.itrust2.apitest.APILogEntryTest" time="3.962">
    <error message="Request processing failed; nested exception is java.lang.NullPointerException" type="org.springframework.web.util.NestedServletException">org.springframework.web.util.NestedServletException: Request processing failed; nested exception is java.lang.NullPointerException
	at edu.ncsu.csc.itrust2.apitest.APILogEntryTest.testLogByDateLarge(APILogEntryTest.java:103)
Caused by: java.lang.NullPointerException
	at edu.ncsu.csc.itrust2.apitest.APILogEntryTest.testLogByDateLarge(APILogEntryTest.java:103)
</error>
    <system-out><![CDATA[19:26:17.218 [main] DEBUG o.s.t.c.j.SpringJUnit4ClassRunner - SpringJUnit4ClassRunner constructor called with [class edu.ncsu.csc.itrust2.apitest.APILogEntryTest]
19:26:17.218 [main] DEBUG o.s.test.context.BootstrapUtils - Instantiating CacheAwareContextLoaderDelegate from class [org.springframework.test.context.cache.DefaultCacheAwareContextLoaderDelegate]
19:26:17.219 [main] DEBUG o.s.test.context.BootstrapUtils - Instantiating BootstrapContext using constructor [public org.springframework.test.context.support.DefaultBootstrapContext(java.lang.Class,org.springframework.test.context.CacheAwareContextLoaderDelegate)]
19:26:17.219 [main] DEBUG o.s.test.context.BootstrapUtils - Instantiating TestContextBootstrapper for test class [edu.ncsu.csc.itrust2.apitest.APILogEntryTest] from class [org.springframework.test.context.web.WebTestContextBootstrapper]
19:26:17.219 [main] DEBUG o.s.t.c.s.AbstractDelegatingSmartContextLoader - Delegating to AnnotationConfigWebContextLoader to process context configuration [ContextConfigurationAttributes@3c4b46fb declaringClass = 'edu.ncsu.csc.itrust2.apitest.APILogEntryTest', classes = '{class edu.ncsu.csc.itrust2.config.RootConfiguration, class edu.ncsu.csc.itrust2.mvc.config.WebMvcConfiguration}', locations = '{}', inheritLocations = true, initializers = '{}', inheritInitializers = true, name = [null], contextLoaderClass = 'org.springframework.test.context.ContextLoader'].
19:26:17.228 [main] DEBUG o.s.t.c.support.ActiveProfilesUtils - Could not find an 'annotation declaring class' for annotation type [org.springframework.test.context.ActiveProfiles] and class [edu.ncsu.csc.itrust2.apitest.APILogEntryTest]
19:26:17.231 [main] DEBUG o.s.t.c.w.WebTestContextBootstrapper - @TestExecutionListeners is not present for class [edu.ncsu.csc.itrust2.apitest.APILogEntryTest]: using defaults.
19:26:17.233 [main] INFO  o.s.t.c.w.WebTestContextBootstrapper - Loaded default TestExecutionListener class names from location [META-INF/spring.factories]: [org.springframework.security.test.context.support.WithSecurityContextTestExecutionListener, org.springframework.test.context.web.ServletTestExecutionListener, org.springframework.test.context.support.DirtiesContextBeforeModesTestExecutionListener, org.springframework.test.context.support.DependencyInjectionTestExecutionListener, org.springframework.test.context.support.DirtiesContextTestExecutionListener, org.springframework.test.context.transaction.TransactionalTestExecutionListener, org.springframework.test.context.jdbc.SqlScriptsTestExecutionListener]
19:26:17.233 [main] INFO  o.s.t.c.w.WebTestContextBootstrapper - Using TestExecutionListeners: [org.springframework.test.context.web.ServletTestExecutionListener@3847dc92, org.springframework.test.context.support.DirtiesContextBeforeModesTestExecutionListener@51374836, org.springframework.test.context.support.DependencyInjectionTestExecutionListener@15e6489f, org.springframework.test.context.support.DirtiesContextTestExecutionListener@54a81022, org.springframework.test.context.transaction.TransactionalTestExecutionListener@528df569, org.springframework.test.context.jdbc.SqlScriptsTestExecutionListener@391061f6, org.springframework.security.test.context.support.WithSecurityContextTestExecutionListener@1e1574fb]
19:26:17.234 [main] DEBUG o.s.t.annotation.ProfileValueUtils - Retrieved @ProfileValueSourceConfiguration [null] for test class [edu.ncsu.csc.itrust2.apitest.APILogEntryTest]
19:26:17.234 [main] DEBUG o.s.t.annotation.ProfileValueUtils - Retrieved ProfileValueSource type [class org.springframework.test.annotation.SystemProfileValueSource] for class [edu.ncsu.csc.itrust2.apitest.APILogEntryTest]
19:26:17.234 [main] DEBUG o.s.t.annotation.ProfileValueUtils - Retrieved @ProfileValueSourceConfiguration [null] for test class [edu.ncsu.csc.itrust2.apitest.APILogEntryTest]
19:26:17.235 [main] DEBUG o.s.t.annotation.ProfileValueUtils - Retrieved ProfileValueSource type [class org.springframework.test.annotation.SystemProfileValueSource] for class [edu.ncsu.csc.itrust2.apitest.APILogEntryTest]
19:26:17.235 [main] DEBUG o.s.t.annotation.ProfileValueUtils - Retrieved @ProfileValueSourceConfiguration [null] for test class [edu.ncsu.csc.itrust2.apitest.APILogEntryTest]
19:26:17.235 [main] DEBUG o.s.t.annotation.ProfileValueUtils - Retrieved ProfileValueSource type [class org.springframework.test.annotation.SystemProfileValueSource] for class [edu.ncsu.csc.itrust2.apitest.APILogEntryTest]
19:26:17.235 [main] DEBUG o.s.t.c.s.AbstractDirtiesContextTestExecutionListener - Before test class: context [DefaultTestContext@a284e1b testClass = APILogEntryTest, testInstance = [null], testMethod = [null], testException = [null], mergedContextConfiguration = [WebMergedContextConfiguration@37b3c48a testClass = APILogEntryTest, locations = '{}', classes = '{class edu.ncsu.csc.itrust2.config.RootConfiguration, class edu.ncsu.csc.itrust2.mvc.config.WebMvcConfiguration}', contextInitializerClasses = '[]', activeProfiles = '{}', propertySourceLocations = '{}', propertySourceProperties = '{}', contextCustomizers = set[[empty]], resourceBasePath = 'src/main/webapp', contextLoader = 'org.springframework.test.context.web.WebDelegatingSmartContextLoader', parent = [null]]], class annotated with @DirtiesContext [false] with mode [null].
19:26:17.236 [main] DEBUG o.s.t.annotation.ProfileValueUtils - Retrieved @ProfileValueSourceConfiguration [null] for test class [edu.ncsu.csc.itrust2.apitest.APILogEntryTest]
19:26:17.236 [main] DEBUG o.s.t.annotation.ProfileValueUtils - Retrieved ProfileValueSource type [class org.springframework.test.annotation.SystemProfileValueSource] for class [edu.ncsu.csc.itrust2.apitest.APILogEntryTest]
19:26:17.236 [main] DEBUG o.s.t.c.c.DefaultCacheAwareContextLoaderDelegate - Retrieved ApplicationContext from cache with key [[WebMergedContextConfiguration@37b3c48a testClass = APILogEntryTest, locations = '{}', classes = '{class edu.ncsu.csc.itrust2.config.RootConfiguration, class edu.ncsu.csc.itrust2.mvc.config.WebMvcConfiguration}', contextInitializerClasses = '[]', activeProfiles = '{}', propertySourceLocations = '{}', propertySourceProperties = '{}', contextCustomizers = set[[empty]], resourceBasePath = 'src/main/webapp', contextLoader = 'org.springframework.test.context.web.WebDelegatingSmartContextLoader', parent = [null]]]
19:26:17.239 [main] DEBUG o.springframework.test.context.cache - Spring test ApplicationContext cache statistics: [DefaultContextCache@2c0b29cf size = 1, maxSize = 32, parentContextCount = 0, hitCount = 31, missCount = 1]
19:26:17.240 [main] DEBUG o.s.t.c.w.ServletTestExecutionListener - Setting up MockHttpServletRequest, MockHttpServletResponse, ServletWebRequest, and RequestContextHolder for test context [DefaultTestContext@a284e1b testClass = APILogEntryTest, testInstance = edu.ncsu.csc.itrust2.apitest.APILogEntryTest@d160c5b, testMethod = [null], testException = [null], mergedContextConfiguration = [WebMergedContextConfiguration@37b3c48a testClass = APILogEntryTest, locations = '{}', classes = '{class edu.ncsu.csc.itrust2.config.RootConfiguration, class edu.ncsu.csc.itrust2.mvc.config.WebMvcConfiguration}', contextInitializerClasses = '[]', activeProfiles = '{}', propertySourceLocations = '{}', propertySourceProperties = '{}', contextCustomizers = set[[empty]], resourceBasePath = 'src/main/webapp', contextLoader = 'org.springframework.test.context.web.WebDelegatingSmartContextLoader', parent = [null]]].
19:26:17.240 [main] DEBUG o.s.t.c.s.DependencyInjectionTestExecutionListener - Performing dependency injection for test context [[DefaultTestContext@a284e1b testClass = APILogEntryTest, testInstance = edu.ncsu.csc.itrust2.apitest.APILogEntryTest@d160c5b, testMethod = [null], testException = [null], mergedContextConfiguration = [WebMergedContextConfiguration@37b3c48a testClass = APILogEntryTest, locations = '{}', classes = '{class edu.ncsu.csc.itrust2.config.RootConfiguration, class edu.ncsu.csc.itrust2.mvc.config.WebMvcConfiguration}', contextInitializerClasses = '[]', activeProfiles = '{}', propertySourceLocations = '{}', propertySourceProperties = '{}', contextCustomizers = set[[empty]], resourceBasePath = 'src/main/webapp', contextLoader = 'org.springframework.test.context.web.WebDelegatingSmartContextLoader', parent = [null]]]].
19:26:17.240 [main] DEBUG o.s.t.c.c.DefaultCacheAwareContextLoaderDelegate - Retrieved ApplicationContext from cache with key [[WebMergedContextConfiguration@37b3c48a testClass = APILogEntryTest, locations = '{}', classes = '{class edu.ncsu.csc.itrust2.config.RootConfiguration, class edu.ncsu.csc.itrust2.mvc.config.WebMvcConfiguration}', contextInitializerClasses = '[]', activeProfiles = '{}', propertySourceLocations = '{}', propertySourceProperties = '{}', contextCustomizers = set[[empty]], resourceBasePath = 'src/main/webapp', contextLoader = 'org.springframework.test.context.web.WebDelegatingSmartContextLoader', parent = [null]]]
19:26:17.240 [main] DEBUG o.springframework.test.context.cache - Spring test ApplicationContext cache statistics: [DefaultContextCache@2c0b29cf size = 1, maxSize = 32, parentContextCount = 0, hitCount = 32, missCount = 1]
19:26:17.243 [main] DEBUG o.s.b.f.annotation.InjectionMetadata - Processing injected element of bean 'edu.ncsu.csc.itrust2.apitest.APILogEntryTest': AutowiredFieldElement for private org.springframework.web.context.WebApplicationContext edu.ncsu.csc.itrust2.apitest.APILogEntryTest.context
19:26:17.247 [main] DEBUG o.s.b.f.a.AutowiredAnnotationBeanPostProcessor - Autowiring by type from bean name 'edu.ncsu.csc.itrust2.apitest.APILogEntryTest' to bean named 'org.springframework.web.context.support.GenericWebApplicationContext@a098d76'
19:26:17.247 [main] DEBUG o.s.b.f.s.DefaultListableBeanFactory - Returning cached instance of singleton bean 'metaDataSourceAdvisor'
19:26:17.248 [main] DEBUG o.s.t.c.s.AbstractDirtiesContextTestExecutionListener - Before test method: context [DefaultTestContext@a284e1b testClass = APILogEntryTest, testInstance = edu.ncsu.csc.itrust2.apitest.APILogEntryTest@d160c5b, testMethod = testLogByDateLarge@APILogEntryTest, testException = [null], mergedContextConfiguration = [WebMergedContextConfiguration@37b3c48a testClass = APILogEntryTest, locations = '{}', classes = '{class edu.ncsu.csc.itrust2.config.RootConfiguration, class edu.ncsu.csc.itrust2.mvc.config.WebMvcConfiguration}', contextInitializerClasses = '[]', activeProfiles = '{}', propertySourceLocations = '{}', propertySourceProperties = '{}', contextCustomizers = set[[empty]], resourceBasePath = 'src/main/webapp', contextLoader = 'org.springframework.test.context.web.WebDelegatingSmartContextLoader', parent = [null]]], class annotated with @DirtiesContext [false] with mode [null], method annotated with @DirtiesContext [false] with mode [null].
19:26:17.248 [main] DEBUG o.s.t.c.c.DefaultCacheAwareContextLoaderDelegate - Retrieved ApplicationContext from cache with key [[WebMergedContextConfiguration@37b3c48a testClass = APILogEntryTest, locations = '{}', classes = '{class edu.ncsu.csc.itrust2.config.RootConfiguration, class edu.ncsu.csc.itrust2.mvc.config.WebMvcConfiguration}', contextInitializerClasses = '[]', activeProfiles = '{}', propertySourceLocations = '{}', propertySourceProperties = '{}', contextCustomizers = set[[empty]], resourceBasePath = 'src/main/webapp', contextLoader = 'org.springframework.test.context.web.WebDelegatingSmartContextLoader', parent = [null]]]
19:26:17.248 [main] DEBUG o.springframework.test.context.cache - Spring test ApplicationContext cache statistics: [DefaultContextCache@2c0b29cf size = 1, maxSize = 32, parentContextCount = 0, hitCount = 33, missCount = 1]
19:26:17.248 [main] DEBUG o.s.b.f.s.DefaultListableBeanFactory - Creating instance of bean 'org.springframework.security.test.context.support.WithMockUserSecurityContextFactory'
19:26:17.249 [main] DEBUG o.s.b.f.s.DefaultListableBeanFactory - Finished creating instance of bean 'org.springframework.security.test.context.support.WithMockUserSecurityContextFactory'
19:26:17.249 [main] DEBUG o.s.t.w.s.TestDispatcherServlet - Initializing servlet ''
19:26:17.249 [main] DEBUG o.s.w.c.s.StandardServletEnvironment - Adding [servletConfigInitParams] PropertySource with lowest search precedence
19:26:17.249 [main] DEBUG o.s.w.c.s.StandardServletEnvironment - Adding [servletContextInitParams] PropertySource with lowest search precedence
19:26:17.249 [main] DEBUG o.s.w.c.s.StandardServletEnvironment - Adding [systemProperties] PropertySource with lowest search precedence
19:26:17.249 [main] DEBUG o.s.w.c.s.StandardServletEnvironment - Adding [systemEnvironment] PropertySource with lowest search precedence
19:26:17.249 [main] DEBUG o.s.w.c.s.StandardServletEnvironment - Initialized StandardServletEnvironment with PropertySources [servletConfigInitParams,servletContextInitParams,systemProperties,systemEnvironment]
19:26:17.249 [main] INFO  o.s.mock.web.MockServletContext - Initializing Spring FrameworkServlet ''
19:26:17.249 [main] INFO  o.s.t.w.s.TestDispatcherServlet - FrameworkServlet '': initialization started
19:26:17.249 [main] DEBUG o.s.t.w.s.TestDispatcherServlet - Unable to locate MultipartResolver with name 'multipartResolver': no multipart request handling provided
19:26:17.250 [main] DEBUG o.s.b.f.s.DefaultListableBeanFactory - Creating instance of bean 'org.springframework.web.servlet.i18n.AcceptHeaderLocaleResolver'
19:26:17.250 [main] DEBUG o.s.b.f.s.DefaultListableBeanFactory - Finished creating instance of bean 'org.springframework.web.servlet.i18n.AcceptHeaderLocaleResolver'
19:26:17.250 [main] DEBUG o.s.t.w.s.TestDispatcherServlet - Unable to locate LocaleResolver with name 'localeResolver': using default [org.springframework.web.servlet.i18n.AcceptHeaderLocaleResolver@7001da31]
19:26:17.250 [main] DEBUG o.s.b.f.s.DefaultListableBeanFactory - Creating instance of bean 'org.springframework.web.servlet.theme.FixedThemeResolver'
19:26:17.250 [main] DEBUG o.s.b.f.s.DefaultListableBeanFactory - Finished creating instance of bean 'org.springframework.web.servlet.theme.FixedThemeResolver'
19:26:17.250 [main] DEBUG o.s.t.w.s.TestDispatcherServlet - Unable to locate ThemeResolver with name 'themeResolver': using default [org.springframework.web.servlet.theme.FixedThemeResolver@593fd72f]
19:26:17.251 [main] DEBUG o.s.b.f.s.DefaultListableBeanFactory - Returning cached instance of singleton bean 'viewControllerHandlerMapping'
19:26:17.251 [main] DEBUG o.s.b.f.s.DefaultListableBeanFactory - Returning cached instance of singleton bean 'beanNameHandlerMapping'
19:26:17.251 [main] DEBUG o.s.b.f.s.DefaultListableBeanFactory - Returning cached instance of singleton bean 'resourceHandlerMapping'
19:26:17.252 [main] DEBUG o.s.b.f.s.DefaultListableBeanFactory - Returning cached instance of singleton bean 'defaultServletHandlerMapping'
19:26:17.252 [main] DEBUG o.s.b.f.s.DefaultListableBeanFactory - Returning cached instance of singleton bean 'requestMappingHandlerMapping'
19:26:17.252 [main] DEBUG o.s.b.f.s.DefaultListableBeanFactory - Returning cached instance of singleton bean 'requestMappingHandlerAdapter'
19:26:17.252 [main] DEBUG o.s.b.f.s.DefaultListableBeanFactory - Returning cached instance of singleton bean 'httpRequestHandlerAdapter'
19:26:17.252 [main] DEBUG o.s.b.f.s.DefaultListableBeanFactory - Returning cached instance of singleton bean 'simpleControllerHandlerAdapter'
19:26:17.253 [main] DEBUG o.s.b.f.s.DefaultListableBeanFactory - Returning cached instance of singleton bean 'handlerExceptionResolver'
19:26:17.253 [main] DEBUG o.s.b.f.s.DefaultListableBeanFactory - Creating instance of bean 'org.springframework.web.servlet.view.DefaultRequestToViewNameTranslator'
19:26:17.253 [main] DEBUG o.s.b.f.s.DefaultListableBeanFactory - Finished creating instance of bean 'org.springframework.web.servlet.view.DefaultRequestToViewNameTranslator'
19:26:17.253 [main] DEBUG o.s.t.w.s.TestDispatcherServlet - Unable to locate RequestToViewNameTranslator with name 'viewNameTranslator': using default [org.springframework.web.servlet.view.DefaultRequestToViewNameTranslator@64766c87]
19:26:17.253 [main] DEBUG o.s.b.f.s.DefaultListableBeanFactory - Returning cached instance of singleton bean 'mvcViewResolver'
19:26:17.253 [main] DEBUG o.s.b.f.s.DefaultListableBeanFactory - Returning cached instance of singleton bean 'viewResolver'
19:26:17.253 [main] DEBUG o.s.b.f.s.DefaultListableBeanFactory - Creating instance of bean 'org.springframework.web.servlet.support.SessionFlashMapManager'
19:26:17.254 [main] DEBUG o.s.b.f.s.DefaultListableBeanFactory - Finished creating instance of bean 'org.springframework.web.servlet.support.SessionFlashMapManager'
19:26:17.254 [main] DEBUG o.s.t.w.s.TestDispatcherServlet - Unable to locate FlashMapManager with name 'flashMapManager': using default [org.springframework.web.servlet.support.SessionFlashMapManager@54ca8fd4]
19:26:17.254 [main] DEBUG o.s.t.w.s.TestDispatcherServlet - Published WebApplicationContext of servlet '' as ServletContext attribute with name [org.springframework.web.servlet.FrameworkServlet.CONTEXT.]
19:26:17.254 [main] INFO  o.s.t.w.s.TestDispatcherServlet - FrameworkServlet '': initialization completed in 5 ms
19:26:17.254 [main] DEBUG o.s.t.w.s.TestDispatcherServlet - Servlet '' configured successfully
19:26:17.254 [main] DEBUG o.h.e.t.internal.TransactionImpl - begin
19:26:17.255 [main] DEBUG org.hibernate.SQL - select user_.username, user_.enabled as enabled2_15_, user_.password as password3_15_, user_.role as role4_15_ from Users user_ where user_.username=?
Hibernate: select user_.username, user_.enabled as enabled2_15_, user_.password as password3_15_, user_.role as role4_15_ from Users user_ where user_.username=?
19:26:17.255 [main] DEBUG o.h.r.j.i.ResourceRegistryStandardImpl - HHH000387: ResultSet's statement was not registered
19:26:17.256 [main] DEBUG o.h.e.i.AbstractSaveEventListener - Generated identifier: logapitest, using strategy: org.hibernate.id.Assigned
19:26:17.256 [main] DEBUG o.h.e.t.internal.TransactionImpl - committing
19:26:17.256 [main] DEBUG o.h.e.i.AbstractFlushingEventListener - Processing flush-time cascades
19:26:17.256 [main] DEBUG o.h.e.i.AbstractFlushingEventListener - Dirty checking collections
19:26:17.256 [main] DEBUG o.h.e.i.AbstractFlushingEventListener - Flushed: 1 insertions, 0 updates, 0 deletions to 1 objects
19:26:17.256 [main] DEBUG o.h.e.i.AbstractFlushingEventListener - Flushed: 0 (re)creations, 0 updates, 0 removals to 0 collections
19:26:17.256 [main] DEBUG o.h.internal.util.EntityPrinter - Listing entities:
19:26:17.256 [main] DEBUG o.h.internal.util.EntityPrinter - edu.ncsu.csc.itrust2.models.persistent.User{password=$2a$10$EblZqNptyYvcLm/VwDCVAuBjzZOI7khzdyGPBr08PpIi0na624b8., role=ROLE_PATIENT, enabled=1, username=logapitest}
19:26:17.258 [main] DEBUG org.hibernate.SQL - insert into Users (enabled, password, role, username) values (?, ?, ?, ?)
Hibernate: insert into Users (enabled, password, role, username) values (?, ?, ?, ?)
19:26:17.260 [main] DEBUG o.h.e.j.internal.JdbcCoordinatorImpl - HHH000420: Closing un-released batch
19:26:17.261 [main] DEBUG o.h.e.t.internal.TransactionImpl - begin
19:26:17.261 [main] DEBUG org.hibernate.SQL - select next_val as id_val from hibernate_sequence for update
Hibernate: select next_val as id_val from hibernate_sequence for update
19:26:17.262 [main] DEBUG org.hibernate.SQL - update hibernate_sequence set next_val= ? where next_val=?
Hibernate: update hibernate_sequence set next_val= ? where next_val=?
19:26:17.263 [main] DEBUG o.h.e.i.AbstractSaveEventListener - Generated identifier: 27, using strategy: org.hibernate.id.enhanced.SequenceStyleGenerator
19:26:17.263 [main] DEBUG o.h.e.t.internal.TransactionImpl - committing
19:26:17.263 [main] DEBUG o.h.e.i.AbstractFlushingEventListener - Processing flush-time cascades
19:26:17.264 [main] DEBUG o.h.e.i.AbstractFlushingEventListener - Dirty checking collections
19:26:17.264 [main] DEBUG o.h.e.i.AbstractFlushingEventListener - Flushed: 1 insertions, 0 updates, 0 deletions to 1 objects
19:26:17.264 [main] DEBUG o.h.e.i.AbstractFlushingEventListener - Flushed: 0 (re)creations, 0 updates, 0 removals to 0 collections
19:26:17.264 [main] DEBUG o.h.internal.util.EntityPrinter - Listing entities:
19:26:17.264 [main] DEBUG o.h.internal.util.EntityPrinter - edu.ncsu.csc.itrust2.models.persistent.LogEntry{secondaryUser=null, logCode=5, primaryUser=logapitest, id=27, time=java.util.GregorianCalendar[time=1521660377260,areFieldsSet=true,areAllFieldsSet=true,lenient=true,zone=sun.util.calendar.ZoneInfo[id="Etc/UTC",offset=0,dstSavings=0,useDaylight=false,transitions=0,lastRule=null],firstDayOfWeek=1,minimalDaysInFirstWeek=1,ERA=1,YEAR=2018,MONTH=2,WEEK_OF_YEAR=12,WEEK_OF_MONTH=4,DAY_OF_MONTH=21,DAY_OF_YEAR=80,DAY_OF_WEEK=4,DAY_OF_WEEK_IN_MONTH=3,AM_PM=1,HOUR=7,HOUR_OF_DAY=19,MINUTE=26,SECOND=17,MILLISECOND=260,ZONE_OFFSET=0,DST_OFFSET=0], message=null}
19:26:17.266 [main] DEBUG org.hibernate.SQL - insert into LogEntries (logCode, message, primaryUser, secondaryUser, time, id) values (?, ?, ?, ?, ?, ?)
Hibernate: insert into LogEntries (logCode, message, primaryUser, secondaryUser, time, id) values (?, ?, ?, ?, ?, ?)
19:26:17.268 [main] DEBUG o.h.e.j.internal.JdbcCoordinatorImpl - HHH000420: Closing un-released batch
19:26:17.268 [main] DEBUG o.h.e.t.internal.TransactionImpl - begin
19:26:17.271 [main] DEBUG org.hibernate.SQL - select next_val as id_val from hibernate_sequence for update
Hibernate: select next_val as id_val from hibernate_sequence for update
19:26:17.272 [main] DEBUG org.hibernate.SQL - update hibernate_sequence set next_val= ? where next_val=?
Hibernate: update hibernate_sequence set next_val= ? where next_val=?
19:26:17.274 [main] DEBUG o.h.e.i.AbstractSaveEventListener - Generated identifier: 28, using strategy: org.hibernate.id.enhanced.SequenceStyleGenerator
19:26:17.274 [main] DEBUG o.h.e.t.internal.TransactionImpl - committing
19:26:17.274 [main] DEBUG o.h.e.i.AbstractFlushingEventListener - Processing flush-time cascades
19:26:17.274 [main] DEBUG o.h.e.i.AbstractFlushingEventListener - Dirty checking collections
19:26:17.274 [main] DEBUG o.h.e.i.AbstractFlushingEventListener - Flushed: 1 insertions, 0 updates, 0 deletions to 1 objects
19:26:17.274 [main] DEBUG o.h.e.i.AbstractFlushingEventListener - Flushed: 0 (re)creations, 0 updates, 0 removals to 0 collections
19:26:17.274 [main] DEBUG o.h.internal.util.EntityPrinter - Listing entities:
19:26:17.274 [main] DEBUG o.h.internal.util.EntityPrinter - edu.ncsu.csc.itrust2.models.persistent.LogEntry{secondaryUser=null, logCode=5, primaryUser=logapitest, id=28, time=java.util.GregorianCalendar[time=1521660377268,areFieldsSet=true,areAllFieldsSet=true,lenient=true,zone=sun.util.calendar.ZoneInfo[id="Etc/UTC",offset=0,dstSavings=0,useDaylight=false,transitions=0,lastRule=null],firstDayOfWeek=1,minimalDaysInFirstWeek=1,ERA=1,YEAR=2018,MONTH=2,WEEK_OF_YEAR=12,WEEK_OF_MONTH=4,DAY_OF_MONTH=21,DAY_OF_YEAR=80,DAY_OF_WEEK=4,DAY_OF_WEEK_IN_MONTH=3,AM_PM=1,HOUR=7,HOUR_OF_DAY=19,MINUTE=26,SECOND=17,MILLISECOND=268,ZONE_OFFSET=0,DST_OFFSET=0], message=null}
19:26:17.276 [main] DEBUG org.hibernate.SQL - insert into LogEntries (logCode, message, primaryUser, secondaryUser, time, id) values (?, ?, ?, ?, ?, ?)
Hibernate: insert into LogEntries (logCode, message, primaryUser, secondaryUser, time, id) values (?, ?, ?, ?, ?, ?)
19:26:17.278 [main] DEBUG o.h.e.j.internal.JdbcCoordinatorImpl - HHH000420: Closing un-released batch
19:26:17.278 [main] DEBUG o.h.e.t.internal.TransactionImpl - begin
19:26:17.279 [main] DEBUG org.hibernate.SQL - select next_val as id_val from hibernate_sequence for update
Hibernate: select next_val as id_val from hibernate_sequence for update
19:26:17.280 [main] DEBUG org.hibernate.SQL - update hibernate_sequence set next_val= ? where next_val=?
Hibernate: update hibernate_sequence set next_val= ? where next_val=?
19:26:17.281 [main] DEBUG o.h.e.i.AbstractSaveEventListener - Generated identifier: 29, using strategy: org.hibernate.id.enhanced.SequenceStyleGenerator
19:26:17.282 [main] DEBUG o.h.e.t.internal.TransactionImpl - committing
19:26:17.282 [main] DEBUG o.h.e.i.AbstractFlushingEventListener - Processing flush-time cascades
19:26:17.282 [main] DEBUG o.h.e.i.AbstractFlushingEventListener - Dirty checking collections
19:26:17.282 [main] DEBUG o.h.e.i.AbstractFlushingEventListener - Flushed: 1 insertions, 0 updates, 0 deletions to 1 objects
19:26:17.282 [main] DEBUG o.h.e.i.AbstractFlushingEventListener - Flushed: 0 (re)creations, 0 updates, 0 removals to 0 collections
19:26:17.282 [main] DEBUG o.h.internal.util.EntityPrinter - Listing entities:
19:26:17.283 [main] DEBUG o.h.internal.util.EntityPrinter - edu.ncsu.csc.itrust2.models.persistent.LogEntry{secondaryUser=null, logCode=5, primaryUser=logapitest, id=29, time=java.util.GregorianCalendar[time=1521660377278,areFieldsSet=true,areAllFieldsSet=true,lenient=true,zone=sun.util.calendar.ZoneInfo[id="Etc/UTC",offset=0,dstSavings=0,useDaylight=false,transitions=0,lastRule=null],firstDayOfWeek=1,minimalDaysInFirstWeek=1,ERA=1,YEAR=2018,MONTH=2,WEEK_OF_YEAR=12,WEEK_OF_MONTH=4,DAY_OF_MONTH=21,DAY_OF_YEAR=80,DAY_OF_WEEK=4,DAY_OF_WEEK_IN_MONTH=3,AM_PM=1,HOUR=7,HOUR_OF_DAY=19,MINUTE=26,SECOND=17,MILLISECOND=278,ZONE_OFFSET=0,DST_OFFSET=0], message=null}
19:26:17.287 [main] DEBUG org.hibernate.SQL - insert into LogEntries (logCode, message, primaryUser, secondaryUser, time, id) values (?, ?, ?, ?, ?, ?)
Hibernate: insert into LogEntries (logCode, message, primaryUser, secondaryUser, time, id) values (?, ?, ?, ?, ?, ?)
19:26:17.290 [main] DEBUG o.h.e.j.internal.JdbcCoordinatorImpl - HHH000420: Closing un-released batch
19:26:17.290 [main] DEBUG o.h.e.t.internal.TransactionImpl - begin
19:26:17.291 [main] DEBUG org.hibernate.SQL - select next_val as id_val from hibernate_sequence for update
Hibernate: select next_val as id_val from hibernate_sequence for update
19:26:17.291 [main] DEBUG org.hibernate.SQL - update hibernate_sequence set next_val= ? where next_val=?
Hibernate: update hibernate_sequence set next_val= ? where next_val=?
19:26:17.292 [main] DEBUG o.h.e.i.AbstractSaveEventListener - Generated identifier: 30, using strategy: org.hibernate.id.enhanced.SequenceStyleGenerator
19:26:17.293 [main] DEBUG o.h.e.t.internal.TransactionImpl - committing
19:26:17.293 [main] DEBUG o.h.e.i.AbstractFlushingEventListener - Processing flush-time cascades
19:26:17.293 [main] DEBUG o.h.e.i.AbstractFlushingEventListener - Dirty checking collections
19:26:17.293 [main] DEBUG o.h.e.i.AbstractFlushingEventListener - Flushed: 1 insertions, 0 updates, 0 deletions to 1 objects
19:26:17.293 [main] DEBUG o.h.e.i.AbstractFlushingEventListener - Flushed: 0 (re)creations, 0 updates, 0 removals to 0 collections
19:26:17.293 [main] DEBUG o.h.internal.util.EntityPrinter - Listing entities:
19:26:17.294 [main] DEBUG o.h.internal.util.EntityPrinter - edu.ncsu.csc.itrust2.models.persistent.LogEntry{secondaryUser=null, logCode=5, primaryUser=logapitest, id=30, time=java.util.GregorianCalendar[time=1521660377290,areFieldsSet=true,areAllFieldsSet=true,lenient=true,zone=sun.util.calendar.ZoneInfo[id="Etc/UTC",offset=0,dstSavings=0,useDaylight=false,transitions=0,lastRule=null],firstDayOfWeek=1,minimalDaysInFirstWeek=1,ERA=1,YEAR=2018,MONTH=2,WEEK_OF_YEAR=12,WEEK_OF_MONTH=4,DAY_OF_MONTH=21,DAY_OF_YEAR=80,DAY_OF_WEEK=4,DAY_OF_WEEK_IN_MONTH=3,AM_PM=1,HOUR=7,HOUR_OF_DAY=19,MINUTE=26,SECOND=17,MILLISECOND=290,ZONE_OFFSET=0,DST_OFFSET=0], message=null}
19:26:17.295 [main] DEBUG org.hibernate.SQL - insert into LogEntries (logCode, message, primaryUser, secondaryUser, time, id) values (?, ?, ?, ?, ?, ?)
Hibernate: insert into LogEntries (logCode, message, primaryUser, secondaryUser, time, id) values (?, ?, ?, ?, ?, ?)
19:26:17.296 [main] DEBUG o.h.e.j.internal.JdbcCoordinatorImpl - HHH000420: Closing un-released batch
19:26:17.297 [main] DEBUG o.h.e.t.internal.TransactionImpl - begin
19:26:17.298 [main] DEBUG org.hibernate.SQL - select next_val as id_val from hibernate_sequence for update
Hibernate: select next_val as id_val from hibernate_sequence for update
19:26:17.298 [main] DEBUG org.hibernate.SQL - update hibernate_sequence set next_val= ? where next_val=?
Hibernate: update hibernate_sequence set next_val= ? where next_val=?
19:26:17.300 [main] DEBUG o.h.e.i.AbstractSaveEventListener - Generated identifier: 31, using strategy: org.hibernate.id.enhanced.SequenceStyleGenerator
19:26:17.301 [main] DEBUG o.h.e.t.internal.TransactionImpl - committing
19:26:17.302 [main] DEBUG o.h.e.i.AbstractFlushingEventListener - Processing flush-time cascades
19:26:17.302 [main] DEBUG o.h.e.i.AbstractFlushingEventListener - Dirty checking collections
19:26:17.302 [main] DEBUG o.h.e.i.AbstractFlushingEventListener - Flushed: 1 insertions, 0 updates, 0 deletions to 1 objects
19:26:17.303 [main] DEBUG o.h.e.i.AbstractFlushingEventListener - Flushed: 0 (re)creations, 0 updates, 0 removals to 0 collections
19:26:17.303 [main] DEBUG o.h.internal.util.EntityPrinter - Listing entities:
19:26:17.303 [main] DEBUG o.h.internal.util.EntityPrinter - edu.ncsu.csc.itrust2.models.persistent.LogEntry{secondaryUser=null, logCode=5, primaryUser=logapitest, id=31, time=java.util.GregorianCalendar[time=1521660377297,areFieldsSet=true,areAllFieldsSet=true,lenient=true,zone=sun.util.calendar.ZoneInfo[id="Etc/UTC",offset=0,dstSavings=0,useDaylight=false,transitions=0,lastRule=null],firstDayOfWeek=1,minimalDaysInFirstWeek=1,ERA=1,YEAR=2018,MONTH=2,WEEK_OF_YEAR=12,WEEK_OF_MONTH=4,DAY_OF_MONTH=21,DAY_OF_YEAR=80,DAY_OF_WEEK=4,DAY_OF_WEEK_IN_MONTH=3,AM_PM=1,HOUR=7,HOUR_OF_DAY=19,MINUTE=26,SECOND=17,MILLISECOND=297,ZONE_OFFSET=0,DST_OFFSET=0], message=null}
19:26:17.305 [main] DEBUG org.hibernate.SQL - insert into LogEntries (logCode, message, primaryUser, secondaryUser, time, id) values (?, ?, ?, ?, ?, ?)
Hibernate: insert into LogEntries (logCode, message, primaryUser, secondaryUser, time, id) values (?, ?, ?, ?, ?, ?)
19:26:17.307 [main] DEBUG o.h.e.j.internal.JdbcCoordinatorImpl - HHH000420: Closing un-released batch
19:26:17.307 [main] DEBUG o.h.e.t.internal.TransactionImpl - begin
19:26:17.308 [main] DEBUG org.hibernate.SQL - select next_val as id_val from hibernate_sequence for update
Hibernate: select next_val as id_val from hibernate_sequence for update
19:26:17.308 [main] DEBUG org.hibernate.SQL - update hibernate_sequence set next_val= ? where next_val=?
Hibernate: update hibernate_sequence set next_val= ? where next_val=?
19:26:17.310 [main] DEBUG o.h.e.i.AbstractSaveEventListener - Generated identifier: 32, using strategy: org.hibernate.id.enhanced.SequenceStyleGenerator
19:26:17.310 [main] DEBUG o.h.e.t.internal.TransactionImpl - committing
19:26:17.310 [main] DEBUG o.h.e.i.AbstractFlushingEventListener - Processing flush-time cascades
19:26:17.310 [main] DEBUG o.h.e.i.AbstractFlushingEventListener - Dirty checking collections
19:26:17.311 [main] DEBUG o.h.e.i.AbstractFlushingEventListener - Flushed: 1 insertions, 0 updates, 0 deletions to 1 objects
19:26:17.311 [main] DEBUG o.h.e.i.AbstractFlushingEventListener - Flushed: 0 (re)creations, 0 updates, 0 removals to 0 collections
19:26:17.311 [main] DEBUG o.h.internal.util.EntityPrinter - Listing entities:
19:26:17.311 [main] DEBUG o.h.internal.util.EntityPrinter - edu.ncsu.csc.itrust2.models.persistent.LogEntry{secondaryUser=null, logCode=5, primaryUser=logapitest, id=32, time=java.util.GregorianCalendar[time=1521660377307,areFieldsSet=true,areAllFieldsSet=true,lenient=true,zone=sun.util.calendar.ZoneInfo[id="Etc/UTC",offset=0,dstSavings=0,useDaylight=false,transitions=0,lastRule=null],firstDayOfWeek=1,minimalDaysInFirstWeek=1,ERA=1,YEAR=2018,MONTH=2,WEEK_OF_YEAR=12,WEEK_OF_MONTH=4,DAY_OF_MONTH=21,DAY_OF_YEAR=80,DAY_OF_WEEK=4,DAY_OF_WEEK_IN_MONTH=3,AM_PM=1,HOUR=7,HOUR_OF_DAY=19,MINUTE=26,SECOND=17,MILLISECOND=307,ZONE_OFFSET=0,DST_OFFSET=0], message=null}
19:26:17.312 [main] DEBUG org.hibernate.SQL - insert into LogEntries (logCode, message, primaryUser, secondaryUser, time, id) values (?, ?, ?, ?, ?, ?)
Hibernate: insert into LogEntries (logCode, message, primaryUser, secondaryUser, time, id) values (?, ?, ?, ?, ?, ?)
19:26:17.314 [main] DEBUG o.h.e.j.internal.JdbcCoordinatorImpl - HHH000420: Closing un-released batch
19:26:17.314 [main] DEBUG o.h.e.t.internal.TransactionImpl - begin
19:26:17.315 [main] DEBUG org.hibernate.SQL - select next_val as id_val from hibernate_sequence for update
Hibernate: select next_val as id_val from hibernate_sequence for update
19:26:17.316 [main] DEBUG org.hibernate.SQL - update hibernate_sequence set next_val= ? where next_val=?
Hibernate: update hibernate_sequence set next_val= ? where next_val=?
19:26:17.317 [main] DEBUG o.h.e.i.AbstractSaveEventListener - Generated identifier: 33, using strategy: org.hibernate.id.enhanced.SequenceStyleGenerator
19:26:17.317 [main] DEBUG o.h.e.t.internal.TransactionImpl - committing
19:26:17.318 [main] DEBUG o.h.e.i.AbstractFlushingEventListener - Processing flush-time cascades
19:26:17.318 [main] DEBUG o.h.e.i.AbstractFlushingEventListener - Dirty checking collections
19:26:17.318 [main] DEBUG o.h.e.i.AbstractFlushingEventListener - Flushed: 1 insertions, 0 updates, 0 deletions to 1 objects
19:26:17.319 [main] DEBUG o.h.e.i.AbstractFlushingEventListener - Flushed: 0 (re)creations, 0 updates, 0 removals to 0 collections
19:26:17.319 [main] DEBUG o.h.internal.util.EntityPrinter - Listing entities:
19:26:17.319 [main] DEBUG o.h.internal.util.EntityPrinter - edu.ncsu.csc.itrust2.models.persistent.LogEntry{secondaryUser=null, logCode=5, primaryUser=logapitest, id=33, time=java.util.GregorianCalendar[time=1521660377314,areFieldsSet=true,areAllFieldsSet=true,lenient=true,zone=sun.util.calendar.ZoneInfo[id="Etc/UTC",offset=0,dstSavings=0,useDaylight=false,transitions=0,lastRule=null],firstDayOfWeek=1,minimalDaysInFirstWeek=1,ERA=1,YEAR=2018,MONTH=2,WEEK_OF_YEAR=12,WEEK_OF_MONTH=4,DAY_OF_MONTH=21,DAY_OF_YEAR=80,DAY_OF_WEEK=4,DAY_OF_WEEK_IN_MONTH=3,AM_PM=1,HOUR=7,HOUR_OF_DAY=19,MINUTE=26,SECOND=17,MILLISECOND=314,ZONE_OFFSET=0,DST_OFFSET=0], message=null}
19:26:17.321 [main] DEBUG org.hibernate.SQL - insert into LogEntries (logCode, message, primaryUser, secondaryUser, time, id) values (?, ?, ?, ?, ?, ?)
Hibernate: insert into LogEntries (logCode, message, primaryUser, secondaryUser, time, id) values (?, ?, ?, ?, ?, ?)
19:26:17.323 [main] DEBUG o.h.e.j.internal.JdbcCoordinatorImpl - HHH000420: Closing un-released batch
19:26:17.324 [main] DEBUG o.h.e.t.internal.TransactionImpl - begin
19:26:17.325 [main] DEBUG org.hibernate.SQL - select next_val as id_val from hibernate_sequence for update
Hibernate: select next_val as id_val from hibernate_sequence for update
19:26:17.325 [main] DEBUG org.hibernate.SQL - update hibernate_sequence set next_val= ? where next_val=?
Hibernate: update hibernate_sequence set next_val= ? where next_val=?
19:26:17.327 [main] DEBUG o.h.e.i.AbstractSaveEventListener - Generated identifier: 34, using strategy: org.hibernate.id.enhanced.SequenceStyleGenerator
19:26:17.327 [main] DEBUG o.h.e.t.internal.TransactionImpl - committing
19:26:17.327 [main] DEBUG o.h.e.i.AbstractFlushingEventListener - Processing flush-time cascades
19:26:17.327 [main] DEBUG o.h.e.i.AbstractFlushingEventListener - Dirty checking collections
19:26:17.327 [main] DEBUG o.h.e.i.AbstractFlushingEventListener - Flushed: 1 insertions, 0 updates, 0 deletions to 1 objects
19:26:17.327 [main] DEBUG o.h.e.i.AbstractFlushingEventListener - Flushed: 0 (re)creations, 0 updates, 0 removals to 0 collections
19:26:17.327 [main] DEBUG o.h.internal.util.EntityPrinter - Listing entities:
19:26:17.328 [main] DEBUG o.h.internal.util.EntityPrinter - edu.ncsu.csc.itrust2.models.persistent.LogEntry{secondaryUser=null, logCode=5, primaryUser=logapitest, id=34, time=java.util.GregorianCalendar[time=1521660377324,areFieldsSet=true,areAllFieldsSet=true,lenient=true,zone=sun.util.calendar.ZoneInfo[id="Etc/UTC",offset=0,dstSavings=0,useDaylight=false,transitions=0,lastRule=null],firstDayOfWeek=1,minimalDaysInFirstWeek=1,ERA=1,YEAR=2018,MONTH=2,WEEK_OF_YEAR=12,WEEK_OF_MONTH=4,DAY_OF_MONTH=21,DAY_OF_YEAR=80,DAY_OF_WEEK=4,DAY_OF_WEEK_IN_MONTH=3,AM_PM=1,HOUR=7,HOUR_OF_DAY=19,MINUTE=26,SECOND=17,MILLISECOND=324,ZONE_OFFSET=0,DST_OFFSET=0], message=null}
19:26:17.328 [main] DEBUG org.hibernate.SQL - insert into LogEntries (logCode, message, primaryUser, secondaryUser, time, id) values (?, ?, ?, ?, ?, ?)
Hibernate: insert into LogEntries (logCode, message, primaryUser, secondaryUser, time, id) values (?, ?, ?, ?, ?, ?)
19:26:17.344 [main] DEBUG o.h.e.j.internal.JdbcCoordinatorImpl - HHH000420: Closing un-released batch
19:26:17.345 [main] DEBUG o.h.e.t.internal.TransactionImpl - begin
19:26:17.345 [main] DEBUG org.hibernate.SQL - select next_val as id_val from hibernate_sequence for update
Hibernate: select next_val as id_val from hibernate_sequence for update
19:26:17.346 [main] DEBUG org.hibernate.SQL - update hibernate_sequence set next_val= ? where next_val=?
Hibernate: update hibernate_sequence set next_val= ? where next_val=?
19:26:17.347 [main] DEBUG o.h.e.i.AbstractSaveEventListener - Generated identifier: 35, using strategy: org.hibernate.id.enhanced.SequenceStyleGenerator
19:26:17.347 [main] DEBUG o.h.e.t.internal.TransactionImpl - committing
19:26:17.347 [main] DEBUG o.h.e.i.AbstractFlushingEventListener - Processing flush-time cascades
19:26:17.347 [main] DEBUG o.h.e.i.AbstractFlushingEventListener - Dirty checking collections
19:26:17.347 [main] DEBUG o.h.e.i.AbstractFlushingEventListener - Flushed: 1 insertions, 0 updates, 0 deletions to 1 objects
19:26:17.347 [main] DEBUG o.h.e.i.AbstractFlushingEventListener - Flushed: 0 (re)creations, 0 updates, 0 removals to 0 collections
19:26:17.347 [main] DEBUG o.h.internal.util.EntityPrinter - Listing entities:
19:26:17.347 [main] DEBUG o.h.internal.util.EntityPrinter - edu.ncsu.csc.itrust2.models.persistent.LogEntry{secondaryUser=null, logCode=5, primaryUser=logapitest, id=35, time=java.util.GregorianCalendar[time=1521660377345,areFieldsSet=true,areAllFieldsSet=true,lenient=true,zone=sun.util.calendar.ZoneInfo[id="Etc/UTC",offset=0,dstSavings=0,useDaylight=false,transitions=0,lastRule=null],firstDayOfWeek=1,minimalDaysInFirstWeek=1,ERA=1,YEAR=2018,MONTH=2,WEEK_OF_YEAR=12,WEEK_OF_MONTH=4,DAY_OF_MONTH=21,DAY_OF_YEAR=80,DAY_OF_WEEK=4,DAY_OF_WEEK_IN_MONTH=3,AM_PM=1,HOUR=7,HOUR_OF_DAY=19,MINUTE=26,SECOND=17,MILLISECOND=345,ZONE_OFFSET=0,DST_OFFSET=0], message=null}
19:26:17.348 [main] DEBUG org.hibernate.SQL - insert into LogEntries (logCode, message, primaryUser, secondaryUser, time, id) values (?, ?, ?, ?, ?, ?)
Hibernate: insert into LogEntries (logCode, message, primaryUser, secondaryUser, time, id) values (?, ?, ?, ?, ?, ?)
19:26:17.350 [main] DEBUG o.h.e.j.internal.JdbcCoordinatorImpl - HHH000420: Closing un-released batch
19:26:17.350 [main] DEBUG o.h.e.t.internal.TransactionImpl - begin
19:26:17.351 [main] DEBUG org.hibernate.SQL - select next_val as id_val from hibernate_sequence for update
Hibernate: select next_val as id_val from hibernate_sequence for update
19:26:17.351 [main] DEBUG org.hibernate.SQL - update hibernate_sequence set next_val= ? where next_val=?
Hibernate: update hibernate_sequence set next_val= ? where next_val=?
19:26:17.352 [main] DEBUG o.h.e.i.AbstractSaveEventListener - Generated identifier: 36, using strategy: org.hibernate.id.enhanced.SequenceStyleGenerator
19:26:17.352 [main] DEBUG o.h.e.t.internal.TransactionImpl - committing
19:26:17.353 [main] DEBUG o.h.e.i.AbstractFlushingEventListener - Processing flush-time cascades
19:26:17.353 [main] DEBUG o.h.e.i.AbstractFlushingEventListener - Dirty checking collections
19:26:17.353 [main] DEBUG o.h.e.i.AbstractFlushingEventListener - Flushed: 1 insertions, 0 updates, 0 deletions to 1 objects
19:26:17.353 [main] DEBUG o.h.e.i.AbstractFlushingEventListener - Flushed: 0 (re)creations, 0 updates, 0 removals to 0 collections
19:26:17.353 [main] DEBUG o.h.internal.util.EntityPrinter - Listing entities:
19:26:17.353 [main] DEBUG o.h.internal.util.EntityPrinter - edu.ncsu.csc.itrust2.models.persistent.LogEntry{secondaryUser=null, logCode=5, primaryUser=logapitest, id=36, time=java.util.GregorianCalendar[time=1521660377350,areFieldsSet=true,areAllFieldsSet=true,lenient=true,zone=sun.util.calendar.ZoneInfo[id="Etc/UTC",offset=0,dstSavings=0,useDaylight=false,transitions=0,lastRule=null],firstDayOfWeek=1,minimalDaysInFirstWeek=1,ERA=1,YEAR=2018,MONTH=2,WEEK_OF_YEAR=12,WEEK_OF_MONTH=4,DAY_OF_MONTH=21,DAY_OF_YEAR=80,DAY_OF_WEEK=4,DAY_OF_WEEK_IN_MONTH=3,AM_PM=1,HOUR=7,HOUR_OF_DAY=19,MINUTE=26,SECOND=17,MILLISECOND=350,ZONE_OFFSET=0,DST_OFFSET=0], message=null}
19:26:17.353 [main] DEBUG org.hibernate.SQL - insert into LogEntries (logCode, message, primaryUser, secondaryUser, time, id) values (?, ?, ?, ?, ?, ?)
Hibernate: insert into LogEntries (logCode, message, primaryUser, secondaryUser, time, id) values (?, ?, ?, ?, ?, ?)
19:26:17.358 [main] DEBUG o.h.e.j.internal.JdbcCoordinatorImpl - HHH000420: Closing un-released batch
19:26:17.358 [main] DEBUG o.h.e.t.internal.TransactionImpl - begin
19:26:17.359 [main] DEBUG org.hibernate.SQL - select next_val as id_val from hibernate_sequence for update
Hibernate: select next_val as id_val from hibernate_sequence for update
19:26:17.359 [main] DEBUG org.hibernate.SQL - update hibernate_sequence set next_val= ? where next_val=?
Hibernate: update hibernate_sequence set next_val= ? where next_val=?
19:26:17.360 [main] DEBUG o.h.e.i.AbstractSaveEventListener - Generated identifier: 37, using strategy: org.hibernate.id.enhanced.SequenceStyleGenerator
19:26:17.360 [main] DEBUG o.h.e.t.internal.TransactionImpl - committing
19:26:17.360 [main] DEBUG o.h.e.i.AbstractFlushingEventListener - Processing flush-time cascades
19:26:17.360 [main] DEBUG o.h.e.i.AbstractFlushingEventListener - Dirty checking collections
19:26:17.361 [main] DEBUG o.h.e.i.AbstractFlushingEventListener - Flushed: 1 insertions, 0 updates, 0 deletions to 1 objects
19:26:17.361 [main] DEBUG o.h.e.i.AbstractFlushingEventListener - Flushed: 0 (re)creations, 0 updates, 0 removals to 0 collections
19:26:17.361 [main] DEBUG o.h.internal.util.EntityPrinter - Listing entities:
19:26:17.361 [main] DEBUG o.h.internal.util.EntityPrinter - edu.ncsu.csc.itrust2.models.persistent.LogEntry{secondaryUser=null, logCode=5, primaryUser=logapitest, id=37, time=java.util.GregorianCalendar[time=1521660377358,areFieldsSet=true,areAllFieldsSet=true,lenient=true,zone=sun.util.calendar.ZoneInfo[id="Etc/UTC",offset=0,dstSavings=0,useDaylight=false,transitions=0,lastRule=null],firstDayOfWeek=1,minimalDaysInFirstWeek=1,ERA=1,YEAR=2018,MONTH=2,WEEK_OF_YEAR=12,WEEK_OF_MONTH=4,DAY_OF_MONTH=21,DAY_OF_YEAR=80,DAY_OF_WEEK=4,DAY_OF_WEEK_IN_MONTH=3,AM_PM=1,HOUR=7,HOUR_OF_DAY=19,MINUTE=26,SECOND=17,MILLISECOND=358,ZONE_OFFSET=0,DST_OFFSET=0], message=null}
19:26:17.361 [main] DEBUG org.hibernate.SQL - insert into LogEntries (logCode, message, primaryUser, secondaryUser, time, id) values (?, ?, ?, ?, ?, ?)
Hibernate: insert into LogEntries (logCode, message, primaryUser, secondaryUser, time, id) values (?, ?, ?, ?, ?, ?)
19:26:17.363 [main] DEBUG o.h.e.j.internal.JdbcCoordinatorImpl - HHH000420: Closing un-released batch
19:26:17.363 [main] DEBUG o.h.e.t.internal.TransactionImpl - begin
19:26:17.365 [main] DEBUG org.hibernate.SQL - select next_val as id_val from hibernate_sequence for update
Hibernate: select next_val as id_val from hibernate_sequence for update
19:26:17.365 [main] DEBUG org.hibernate.SQL - update hibernate_sequence set next_val= ? where next_val=?
Hibernate: update hibernate_sequence set next_val= ? where next_val=?
19:26:17.366 [main] DEBUG o.h.e.i.AbstractSaveEventListener - Generated identifier: 38, using strategy: org.hibernate.id.enhanced.SequenceStyleGenerator
19:26:17.366 [main] DEBUG o.h.e.t.internal.TransactionImpl - committing
19:26:17.366 [main] DEBUG o.h.e.i.AbstractFlushingEventListener - Processing flush-time cascades
19:26:17.366 [main] DEBUG o.h.e.i.AbstractFlushingEventListener - Dirty checking collections
19:26:17.367 [main] DEBUG o.h.e.i.AbstractFlushingEventListener - Flushed: 1 insertions, 0 updates, 0 deletions to 1 objects
19:26:17.367 [main] DEBUG o.h.e.i.AbstractFlushingEventListener - Flushed: 0 (re)creations, 0 updates, 0 removals to 0 collections
19:26:17.367 [main] DEBUG o.h.internal.util.EntityPrinter - Listing entities:
19:26:17.367 [main] DEBUG o.h.internal.util.EntityPrinter - edu.ncsu.csc.itrust2.models.persistent.LogEntry{secondaryUser=null, logCode=5, primaryUser=logapitest, id=38, time=java.util.GregorianCalendar[time=1521660377363,areFieldsSet=true,areAllFieldsSet=true,lenient=true,zone=sun.util.calendar.ZoneInfo[id="Etc/UTC",offset=0,dstSavings=0,useDaylight=false,transitions=0,lastRule=null],firstDayOfWeek=1,minimalDaysInFirstWeek=1,ERA=1,YEAR=2018,MONTH=2,WEEK_OF_YEAR=12,WEEK_OF_MONTH=4,DAY_OF_MONTH=21,DAY_OF_YEAR=80,DAY_OF_WEEK=4,DAY_OF_WEEK_IN_MONTH=3,AM_PM=1,HOUR=7,HOUR_OF_DAY=19,MINUTE=26,SECOND=17,MILLISECOND=363,ZONE_OFFSET=0,DST_OFFSET=0], message=null}
19:26:17.368 [main] DEBUG org.hibernate.SQL - insert into LogEntries (logCode, message, primaryUser, secondaryUser, time, id) values (?, ?, ?, ?, ?, ?)
Hibernate: insert into LogEntries (logCode, message, primaryUser, secondaryUser, time, id) values (?, ?, ?, ?, ?, ?)
19:26:17.372 [main] DEBUG o.h.e.j.internal.JdbcCoordinatorImpl - HHH000420: Closing un-released batch
19:26:17.373 [main] DEBUG o.h.e.t.internal.TransactionImpl - begin
19:26:17.374 [main] DEBUG org.hibernate.SQL - select next_val as id_val from hibernate_sequence for update
Hibernate: select next_val as id_val from hibernate_sequence for update
19:26:17.375 [main] DEBUG org.hibernate.SQL - update hibernate_sequence set next_val= ? where next_val=?
Hibernate: update hibernate_sequence set next_val= ? where next_val=?
19:26:17.383 [main] DEBUG o.h.e.i.AbstractSaveEventListener - Generated identifier: 39, using strategy: org.hibernate.id.enhanced.SequenceStyleGenerator
19:26:17.384 [main] DEBUG o.h.e.t.internal.TransactionImpl - committing
19:26:17.384 [main] DEBUG o.h.e.i.AbstractFlushingEventListener - Processing flush-time cascades
19:26:17.384 [main] DEBUG o.h.e.i.AbstractFlushingEventListener - Dirty checking collections
19:26:17.384 [main] DEBUG o.h.e.i.AbstractFlushingEventListener - Flushed: 1 insertions, 0 updates, 0 deletions to 1 objects
19:26:17.384 [main] DEBUG o.h.e.i.AbstractFlushingEventListener - Flushed: 0 (re)creations, 0 updates, 0 removals to 0 collections
19:26:17.384 [main] DEBUG o.h.internal.util.EntityPrinter - Listing entities:
19:26:17.384 [main] DEBUG o.h.internal.util.EntityPrinter - edu.ncsu.csc.itrust2.models.persistent.LogEntry{secondaryUser=null, logCode=5, primaryUser=logapitest, id=39, time=java.util.GregorianCalendar[time=1521660377373,areFieldsSet=true,areAllFieldsSet=true,lenient=true,zone=sun.util.calendar.ZoneInfo[id="Etc/UTC",offset=0,dstSavings=0,useDaylight=false,transitions=0,lastRule=null],firstDayOfWeek=1,minimalDaysInFirstWeek=1,ERA=1,YEAR=2018,MONTH=2,WEEK_OF_YEAR=12,WEEK_OF_MONTH=4,DAY_OF_MONTH=21,DAY_OF_YEAR=80,DAY_OF_WEEK=4,DAY_OF_WEEK_IN_MONTH=3,AM_PM=1,HOUR=7,HOUR_OF_DAY=19,MINUTE=26,SECOND=17,MILLISECOND=373,ZONE_OFFSET=0,DST_OFFSET=0], message=null}
19:26:17.385 [main] DEBUG org.hibernate.SQL - insert into LogEntries (logCode, message, primaryUser, secondaryUser, time, id) values (?, ?, ?, ?, ?, ?)
Hibernate: insert into LogEntries (logCode, message, primaryUser, secondaryUser, time, id) values (?, ?, ?, ?, ?, ?)
19:26:17.388 [main] DEBUG o.h.e.j.internal.JdbcCoordinatorImpl - HHH000420: Closing un-released batch
19:26:17.389 [main] DEBUG o.h.e.t.internal.TransactionImpl - begin
19:26:17.390 [main] DEBUG org.hibernate.SQL - select next_val as id_val from hibernate_sequence for update
Hibernate: select next_val as id_val from hibernate_sequence for update
19:26:17.391 [main] DEBUG org.hibernate.SQL - update hibernate_sequence set next_val= ? where next_val=?
Hibernate: update hibernate_sequence set next_val= ? where next_val=?
19:26:17.394 [main] DEBUG o.h.e.i.AbstractSaveEventListener - Generated identifier: 40, using strategy: org.hibernate.id.enhanced.SequenceStyleGenerator
19:26:17.395 [main] DEBUG o.h.e.t.internal.TransactionImpl - committing
19:26:17.395 [main] DEBUG o.h.e.i.AbstractFlushingEventListener - Processing flush-time cascades
19:26:17.395 [main] DEBUG o.h.e.i.AbstractFlushingEventListener - Dirty checking collections
19:26:17.395 [main] DEBUG o.h.e.i.AbstractFlushingEventListener - Flushed: 1 insertions, 0 updates, 0 deletions to 1 objects
19:26:17.396 [main] DEBUG o.h.e.i.AbstractFlushingEventListener - Flushed: 0 (re)creations, 0 updates, 0 removals to 0 collections
19:26:17.396 [main] DEBUG o.h.internal.util.EntityPrinter - Listing entities:
19:26:17.396 [main] DEBUG o.h.internal.util.EntityPrinter - edu.ncsu.csc.itrust2.models.persistent.LogEntry{secondaryUser=null, logCode=5, primaryUser=logapitest, id=40, time=java.util.GregorianCalendar[time=1521660377388,areFieldsSet=true,areAllFieldsSet=true,lenient=true,zone=sun.util.calendar.ZoneInfo[id="Etc/UTC",offset=0,dstSavings=0,useDaylight=false,transitions=0,lastRule=null],firstDayOfWeek=1,minimalDaysInFirstWeek=1,ERA=1,YEAR=2018,MONTH=2,WEEK_OF_YEAR=12,WEEK_OF_MONTH=4,DAY_OF_MONTH=21,DAY_OF_YEAR=80,DAY_OF_WEEK=4,DAY_OF_WEEK_IN_MONTH=3,AM_PM=1,HOUR=7,HOUR_OF_DAY=19,MINUTE=26,SECOND=17,MILLISECOND=388,ZONE_OFFSET=0,DST_OFFSET=0], message=null}
19:26:17.396 [main] DEBUG org.hibernate.SQL - insert into LogEntries (logCode, message, primaryUser, secondaryUser, time, id) values (?, ?, ?, ?, ?, ?)
Hibernate: insert into LogEntries (logCode, message, primaryUser, secondaryUser, time, id) values (?, ?, ?, ?, ?, ?)
19:26:17.403 [main] DEBUG o.h.e.j.internal.JdbcCoordinatorImpl - HHH000420: Closing un-released batch
19:26:17.407 [main] DEBUG o.h.e.t.internal.TransactionImpl - begin
19:26:17.408 [main] DEBUG org.hibernate.SQL - select next_val as id_val from hibernate_sequence for update
Hibernate: select next_val as id_val from hibernate_sequence for update
19:26:17.409 [main] DEBUG org.hibernate.SQL - update hibernate_sequence set next_val= ? where next_val=?
Hibernate: update hibernate_sequence set next_val= ? where next_val=?
19:26:17.412 [main] DEBUG o.h.e.i.AbstractSaveEventListener - Generated identifier: 41, using strategy: org.hibernate.id.enhanced.SequenceStyleGenerator
19:26:17.413 [main] DEBUG o.h.e.t.internal.TransactionImpl - committing
19:26:17.413 [main] DEBUG o.h.e.i.AbstractFlushingEventListener - Processing flush-time cascades
19:26:17.413 [main] DEBUG o.h.e.i.AbstractFlushingEventListener - Dirty checking collections
19:26:17.413 [main] DEBUG o.h.e.i.AbstractFlushingEventListener - Flushed: 1 insertions, 0 updates, 0 deletions to 1 objects
19:26:17.413 [main] DEBUG o.h.e.i.AbstractFlushingEventListener - Flushed: 0 (re)creations, 0 updates, 0 removals to 0 collections
19:26:17.413 [main] DEBUG o.h.internal.util.EntityPrinter - Listing entities:
19:26:17.413 [main] DEBUG o.h.internal.util.EntityPrinter - edu.ncsu.csc.itrust2.models.persistent.LogEntry{secondaryUser=null, logCode=5, primaryUser=logapitest, id=41, time=java.util.GregorianCalendar[time=1521660377407,areFieldsSet=true,areAllFieldsSet=true,lenient=true,zone=sun.util.calendar.ZoneInfo[id="Etc/UTC",offset=0,dstSavings=0,useDaylight=false,transitions=0,lastRule=null],firstDayOfWeek=1,minimalDaysInFirstWeek=1,ERA=1,YEAR=2018,MONTH=2,WEEK_OF_YEAR=12,WEEK_OF_MONTH=4,DAY_OF_MONTH=21,DAY_OF_YEAR=80,DAY_OF_WEEK=4,DAY_OF_WEEK_IN_MONTH=3,AM_PM=1,HOUR=7,HOUR_OF_DAY=19,MINUTE=26,SECOND=17,MILLISECOND=407,ZONE_OFFSET=0,DST_OFFSET=0], message=null}
19:26:17.414 [main] DEBUG org.hibernate.SQL - insert into LogEntries (logCode, message, primaryUser, secondaryUser, time, id) values (?, ?, ?, ?, ?, ?)
Hibernate: insert into LogEntries (logCode, message, primaryUser, secondaryUser, time, id) values (?, ?, ?, ?, ?, ?)
19:26:17.417 [main] DEBUG o.h.e.j.internal.JdbcCoordinatorImpl - HHH000420: Closing un-released batch
19:26:17.417 [main] DEBUG o.h.e.t.internal.TransactionImpl - begin
19:26:17.421 [main] DEBUG org.hibernate.SQL - select next_val as id_val from hibernate_sequence for update
Hibernate: select next_val as id_val from hibernate_sequence for update
19:26:17.422 [main] DEBUG org.hibernate.SQL - update hibernate_sequence set next_val= ? where next_val=?
Hibernate: update hibernate_sequence set next_val= ? where next_val=?
19:26:17.423 [main] DEBUG o.h.e.i.AbstractSaveEventListener - Generated identifier: 42, using strategy: org.hibernate.id.enhanced.SequenceStyleGenerator
19:26:17.423 [main] DEBUG o.h.e.t.internal.TransactionImpl - committing
19:26:17.423 [main] DEBUG o.h.e.i.AbstractFlushingEventListener - Processing flush-time cascades
19:26:17.423 [main] DEBUG o.h.e.i.AbstractFlushingEventListener - Dirty checking collections
19:26:17.424 [main] DEBUG o.h.e.i.AbstractFlushingEventListener - Flushed: 1 insertions, 0 updates, 0 deletions to 1 objects
19:26:17.424 [main] DEBUG o.h.e.i.AbstractFlushingEventListener - Flushed: 0 (re)creations, 0 updates, 0 removals to 0 collections
19:26:17.424 [main] DEBUG o.h.internal.util.EntityPrinter - Listing entities:
19:26:17.424 [main] DEBUG o.h.internal.util.EntityPrinter - edu.ncsu.csc.itrust2.models.persistent.LogEntry{secondaryUser=null, logCode=5, primaryUser=logapitest, id=42, time=java.util.GregorianCalendar[time=1521660377417,areFieldsSet=true,areAllFieldsSet=true,lenient=true,zone=sun.util.calendar.ZoneInfo[id="Etc/UTC",offset=0,dstSavings=0,useDaylight=false,transitions=0,lastRule=null],firstDayOfWeek=1,minimalDaysInFirstWeek=1,ERA=1,YEAR=2018,MONTH=2,WEEK_OF_YEAR=12,WEEK_OF_MONTH=4,DAY_OF_MONTH=21,DAY_OF_YEAR=80,DAY_OF_WEEK=4,DAY_OF_WEEK_IN_MONTH=3,AM_PM=1,HOUR=7,HOUR_OF_DAY=19,MINUTE=26,SECOND=17,MILLISECOND=417,ZONE_OFFSET=0,DST_OFFSET=0], message=null}
19:26:17.425 [main] DEBUG org.hibernate.SQL - insert into LogEntries (logCode, message, primaryUser, secondaryUser, time, id) values (?, ?, ?, ?, ?, ?)
Hibernate: insert into LogEntries (logCode, message, primaryUser, secondaryUser, time, id) values (?, ?, ?, ?, ?, ?)
19:26:17.429 [main] DEBUG o.h.e.j.internal.JdbcCoordinatorImpl - HHH000420: Closing un-released batch
19:26:17.429 [main] DEBUG o.h.e.t.internal.TransactionImpl - begin
19:26:17.430 [main] DEBUG org.hibernate.SQL - select next_val as id_val from hibernate_sequence for update
Hibernate: select next_val as id_val from hibernate_sequence for update
19:26:17.430 [main] DEBUG org.hibernate.SQL - update hibernate_sequence set next_val= ? where next_val=?
Hibernate: update hibernate_sequence set next_val= ? where next_val=?
19:26:17.431 [main] DEBUG o.h.e.i.AbstractSaveEventListener - Generated identifier: 43, using strategy: org.hibernate.id.enhanced.SequenceStyleGenerator
19:26:17.431 [main] DEBUG o.h.e.t.internal.TransactionImpl - committing
19:26:17.431 [main] DEBUG o.h.e.i.AbstractFlushingEventListener - Processing flush-time cascades
19:26:17.432 [main] DEBUG o.h.e.i.AbstractFlushingEventListener - Dirty checking collections
19:26:17.432 [main] DEBUG o.h.e.i.AbstractFlushingEventListener - Flushed: 1 insertions, 0 updates, 0 deletions to 1 objects
19:26:17.432 [main] DEBUG o.h.e.i.AbstractFlushingEventListener - Flushed: 0 (re)creations, 0 updates, 0 removals to 0 collections
19:26:17.432 [main] DEBUG o.h.internal.util.EntityPrinter - Listing entities:
19:26:17.433 [main] DEBUG o.h.internal.util.EntityPrinter - edu.ncsu.csc.itrust2.models.persistent.LogEntry{secondaryUser=null, logCode=5, primaryUser=logapitest, id=43, time=java.util.GregorianCalendar[time=1521660377429,areFieldsSet=true,areAllFieldsSet=true,lenient=true,zone=sun.util.calendar.ZoneInfo[id="Etc/UTC",offset=0,dstSavings=0,useDaylight=false,transitions=0,lastRule=null],firstDayOfWeek=1,minimalDaysInFirstWeek=1,ERA=1,YEAR=2018,MONTH=2,WEEK_OF_YEAR=12,WEEK_OF_MONTH=4,DAY_OF_MONTH=21,DAY_OF_YEAR=80,DAY_OF_WEEK=4,DAY_OF_WEEK_IN_MONTH=3,AM_PM=1,HOUR=7,HOUR_OF_DAY=19,MINUTE=26,SECOND=17,MILLISECOND=429,ZONE_OFFSET=0,DST_OFFSET=0], message=null}
19:26:17.438 [main] DEBUG org.hibernate.SQL - insert into LogEntries (logCode, message, primaryUser, secondaryUser, time, id) values (?, ?, ?, ?, ?, ?)
Hibernate: insert into LogEntries (logCode, message, primaryUser, secondaryUser, time, id) values (?, ?, ?, ?, ?, ?)
19:26:17.439 [main] DEBUG o.h.e.j.internal.JdbcCoordinatorImpl - HHH000420: Closing un-released batch
19:26:17.440 [main] DEBUG o.h.e.t.internal.TransactionImpl - begin
19:26:17.441 [main] DEBUG org.hibernate.SQL - select next_val as id_val from hibernate_sequence for update
Hibernate: select next_val as id_val from hibernate_sequence for update
19:26:17.442 [main] DEBUG org.hibernate.SQL - update hibernate_sequence set next_val= ? where next_val=?
Hibernate: update hibernate_sequence set next_val= ? where next_val=?
19:26:17.443 [main] DEBUG o.h.e.i.AbstractSaveEventListener - Generated identifier: 44, using strategy: org.hibernate.id.enhanced.SequenceStyleGenerator
19:26:17.444 [main] DEBUG o.h.e.t.internal.TransactionImpl - committing
19:26:17.444 [main] DEBUG o.h.e.i.AbstractFlushingEventListener - Processing flush-time cascades
19:26:17.444 [main] DEBUG o.h.e.i.AbstractFlushingEventListener - Dirty checking collections
19:26:17.444 [main] DEBUG o.h.e.i.AbstractFlushingEventListener - Flushed: 1 insertions, 0 updates, 0 deletions to 1 objects
19:26:17.444 [main] DEBUG o.h.e.i.AbstractFlushingEventListener - Flushed: 0 (re)creations, 0 updates, 0 removals to 0 collections
19:26:17.444 [main] DEBUG o.h.internal.util.EntityPrinter - Listing entities:
19:26:17.444 [main] DEBUG o.h.internal.util.EntityPrinter - edu.ncsu.csc.itrust2.models.persistent.LogEntry{secondaryUser=null, logCode=5, primaryUser=logapitest, id=44, time=java.util.GregorianCalendar[time=1521660377440,areFieldsSet=true,areAllFieldsSet=true,lenient=true,zone=sun.util.calendar.ZoneInfo[id="Etc/UTC",offset=0,dstSavings=0,useDaylight=false,transitions=0,lastRule=null],firstDayOfWeek=1,minimalDaysInFirstWeek=1,ERA=1,YEAR=2018,MONTH=2,WEEK_OF_YEAR=12,WEEK_OF_MONTH=4,DAY_OF_MONTH=21,DAY_OF_YEAR=80,DAY_OF_WEEK=4,DAY_OF_WEEK_IN_MONTH=3,AM_PM=1,HOUR=7,HOUR_OF_DAY=19,MINUTE=26,SECOND=17,MILLISECOND=440,ZONE_OFFSET=0,DST_OFFSET=0], message=null}
19:26:17.445 [main] DEBUG org.hibernate.SQL - insert into LogEntries (logCode, message, primaryUser, secondaryUser, time, id) values (?, ?, ?, ?, ?, ?)
Hibernate: insert into LogEntries (logCode, message, primaryUser, secondaryUser, time, id) values (?, ?, ?, ?, ?, ?)
19:26:17.453 [main] DEBUG o.h.e.j.internal.JdbcCoordinatorImpl - HHH000420: Closing un-released batch
19:26:17.453 [main] DEBUG o.h.e.t.internal.TransactionImpl - begin
19:26:17.454 [main] DEBUG org.hibernate.SQL - select next_val as id_val from hibernate_sequence for update
Hibernate: select next_val as id_val from hibernate_sequence for update
19:26:17.455 [main] DEBUG org.hibernate.SQL - update hibernate_sequence set next_val= ? where next_val=?
Hibernate: update hibernate_sequence set next_val= ? where next_val=?
19:26:17.479 [main] DEBUG o.h.e.i.AbstractSaveEventListener - Generated identifier: 45, using strategy: org.hibernate.id.enhanced.SequenceStyleGenerator
19:26:17.480 [main] DEBUG o.h.e.t.internal.TransactionImpl - committing
19:26:17.480 [main] DEBUG o.h.e.i.AbstractFlushingEventListener - Processing flush-time cascades
19:26:17.480 [main] DEBUG o.h.e.i.AbstractFlushingEventListener - Dirty checking collections
19:26:17.480 [main] DEBUG o.h.e.i.AbstractFlushingEventListener - Flushed: 1 insertions, 0 updates, 0 deletions to 1 objects
19:26:17.481 [main] DEBUG o.h.e.i.AbstractFlushingEventListener - Flushed: 0 (re)creations, 0 updates, 0 removals to 0 collections
19:26:17.481 [main] DEBUG o.h.internal.util.EntityPrinter - Listing entities:
19:26:17.481 [main] DEBUG o.h.internal.util.EntityPrinter - edu.ncsu.csc.itrust2.models.persistent.LogEntry{secondaryUser=null, logCode=5, primaryUser=logapitest, id=45, time=java.util.GregorianCalendar[time=1521660377453,areFieldsSet=true,areAllFieldsSet=true,lenient=true,zone=sun.util.calendar.ZoneInfo[id="Etc/UTC",offset=0,dstSavings=0,useDaylight=false,transitions=0,lastRule=null],firstDayOfWeek=1,minimalDaysInFirstWeek=1,ERA=1,YEAR=2018,MONTH=2,WEEK_OF_YEAR=12,WEEK_OF_MONTH=4,DAY_OF_MONTH=21,DAY_OF_YEAR=80,DAY_OF_WEEK=4,DAY_OF_WEEK_IN_MONTH=3,AM_PM=1,HOUR=7,HOUR_OF_DAY=19,MINUTE=26,SECOND=17,MILLISECOND=453,ZONE_OFFSET=0,DST_OFFSET=0], message=null}
19:26:17.482 [main] DEBUG org.hibernate.SQL - insert into LogEntries (logCode, message, primaryUser, secondaryUser, time, id) values (?, ?, ?, ?, ?, ?)
Hibernate: insert into LogEntries (logCode, message, primaryUser, secondaryUser, time, id) values (?, ?, ?, ?, ?, ?)
19:26:17.486 [main] DEBUG o.h.e.j.internal.JdbcCoordinatorImpl - HHH000420: Closing un-released batch
19:26:17.486 [main] DEBUG o.h.e.t.internal.TransactionImpl - begin
19:26:17.487 [main] DEBUG org.hibernate.SQL - select next_val as id_val from hibernate_sequence for update
Hibernate: select next_val as id_val from hibernate_sequence for update
19:26:17.488 [main] DEBUG org.hibernate.SQL - update hibernate_sequence set next_val= ? where next_val=?
Hibernate: update hibernate_sequence set next_val= ? where next_val=?
19:26:17.489 [main] DEBUG o.h.e.i.AbstractSaveEventListener - Generated identifier: 46, using strategy: org.hibernate.id.enhanced.SequenceStyleGenerator
19:26:17.490 [main] DEBUG o.h.e.t.internal.TransactionImpl - committing
19:26:17.492 [main] DEBUG o.h.e.i.AbstractFlushingEventListener - Processing flush-time cascades
19:26:17.492 [main] DEBUG o.h.e.i.AbstractFlushingEventListener - Dirty checking collections
19:26:17.492 [main] DEBUG o.h.e.i.AbstractFlushingEventListener - Flushed: 1 insertions, 0 updates, 0 deletions to 1 objects
19:26:17.492 [main] DEBUG o.h.e.i.AbstractFlushingEventListener - Flushed: 0 (re)creations, 0 updates, 0 removals to 0 collections
19:26:17.492 [main] DEBUG o.h.internal.util.EntityPrinter - Listing entities:
19:26:17.492 [main] DEBUG o.h.internal.util.EntityPrinter - edu.ncsu.csc.itrust2.models.persistent.LogEntry{secondaryUser=null, logCode=5, primaryUser=logapitest, id=46, time=java.util.GregorianCalendar[time=1521660377486,areFieldsSet=true,areAllFieldsSet=true,lenient=true,zone=sun.util.calendar.ZoneInfo[id="Etc/UTC",offset=0,dstSavings=0,useDaylight=false,transitions=0,lastRule=null],firstDayOfWeek=1,minimalDaysInFirstWeek=1,ERA=1,YEAR=2018,MONTH=2,WEEK_OF_YEAR=12,WEEK_OF_MONTH=4,DAY_OF_MONTH=21,DAY_OF_YEAR=80,DAY_OF_WEEK=4,DAY_OF_WEEK_IN_MONTH=3,AM_PM=1,HOUR=7,HOUR_OF_DAY=19,MINUTE=26,SECOND=17,MILLISECOND=486,ZONE_OFFSET=0,DST_OFFSET=0], message=null}
19:26:17.493 [main] DEBUG org.hibernate.SQL - insert into LogEntries (logCode, message, primaryUser, secondaryUser, time, id) values (?, ?, ?, ?, ?, ?)
Hibernate: insert into LogEntries (logCode, message, primaryUser, secondaryUser, time, id) values (?, ?, ?, ?, ?, ?)
19:26:17.495 [main] DEBUG o.h.e.j.internal.JdbcCoordinatorImpl - HHH000420: Closing un-released batch
19:26:17.496 [main] DEBUG o.h.e.t.internal.TransactionImpl - begin
19:26:17.497 [main] DEBUG org.hibernate.SQL - select next_val as id_val from hibernate_sequence for update
Hibernate: select next_val as id_val from hibernate_sequence for update
19:26:17.497 [main] DEBUG org.hibernate.SQL - update hibernate_sequence set next_val= ? where next_val=?
Hibernate: update hibernate_sequence set next_val= ? where next_val=?
19:26:17.498 [main] DEBUG o.h.e.i.AbstractSaveEventListener - Generated identifier: 47, using strategy: org.hibernate.id.enhanced.SequenceStyleGenerator
19:26:17.499 [main] DEBUG o.h.e.t.internal.TransactionImpl - committing
19:26:17.500 [main] DEBUG o.h.e.i.AbstractFlushingEventListener - Processing flush-time cascades
19:26:17.500 [main] DEBUG o.h.e.i.AbstractFlushingEventListener - Dirty checking collections
19:26:17.500 [main] DEBUG o.h.e.i.AbstractFlushingEventListener - Flushed: 1 insertions, 0 updates, 0 deletions to 1 objects
19:26:17.500 [main] DEBUG o.h.e.i.AbstractFlushingEventListener - Flushed: 0 (re)creations, 0 updates, 0 removals to 0 collections
19:26:17.500 [main] DEBUG o.h.internal.util.EntityPrinter - Listing entities:
19:26:17.500 [main] DEBUG o.h.internal.util.EntityPrinter - edu.ncsu.csc.itrust2.models.persistent.LogEntry{secondaryUser=null, logCode=5, primaryUser=logapitest, id=47, time=java.util.GregorianCalendar[time=1521660377495,areFieldsSet=true,areAllFieldsSet=true,lenient=true,zone=sun.util.calendar.ZoneInfo[id="Etc/UTC",offset=0,dstSavings=0,useDaylight=false,transitions=0,lastRule=null],firstDayOfWeek=1,minimalDaysInFirstWeek=1,ERA=1,YEAR=2018,MONTH=2,WEEK_OF_YEAR=12,WEEK_OF_MONTH=4,DAY_OF_MONTH=21,DAY_OF_YEAR=80,DAY_OF_WEEK=4,DAY_OF_WEEK_IN_MONTH=3,AM_PM=1,HOUR=7,HOUR_OF_DAY=19,MINUTE=26,SECOND=17,MILLISECOND=495,ZONE_OFFSET=0,DST_OFFSET=0], message=null}
19:26:17.502 [main] DEBUG org.hibernate.SQL - insert into LogEntries (logCode, message, primaryUser, secondaryUser, time, id) values (?, ?, ?, ?, ?, ?)
Hibernate: insert into LogEntries (logCode, message, primaryUser, secondaryUser, time, id) values (?, ?, ?, ?, ?, ?)
19:26:17.504 [main] DEBUG o.h.e.j.internal.JdbcCoordinatorImpl - HHH000420: Closing un-released batch
19:26:17.504 [main] DEBUG o.h.e.t.internal.TransactionImpl - begin
19:26:17.505 [main] DEBUG org.hibernate.SQL - select next_val as id_val from hibernate_sequence for update
Hibernate: select next_val as id_val from hibernate_sequence for update
19:26:17.505 [main] DEBUG org.hibernate.SQL - update hibernate_sequence set next_val= ? where next_val=?
Hibernate: update hibernate_sequence set next_val= ? where next_val=?
19:26:17.506 [main] DEBUG o.h.e.i.AbstractSaveEventListener - Generated identifier: 48, using strategy: org.hibernate.id.enhanced.SequenceStyleGenerator
19:26:17.506 [main] DEBUG o.h.e.t.internal.TransactionImpl - committing
19:26:17.506 [main] DEBUG o.h.e.i.AbstractFlushingEventListener - Processing flush-time cascades
19:26:17.506 [main] DEBUG o.h.e.i.AbstractFlushingEventListener - Dirty checking collections
19:26:17.507 [main] DEBUG o.h.e.i.AbstractFlushingEventListener - Flushed: 1 insertions, 0 updates, 0 deletions to 1 objects
19:26:17.507 [main] DEBUG o.h.e.i.AbstractFlushingEventListener - Flushed: 0 (re)creations, 0 updates, 0 removals to 0 collections
19:26:17.507 [main] DEBUG o.h.internal.util.EntityPrinter - Listing entities:
19:26:17.507 [main] DEBUG o.h.internal.util.EntityPrinter - edu.ncsu.csc.itrust2.models.persistent.LogEntry{secondaryUser=null, logCode=5, primaryUser=logapitest, id=48, time=java.util.GregorianCalendar[time=1521660377504,areFieldsSet=true,areAllFieldsSet=true,lenient=true,zone=sun.util.calendar.ZoneInfo[id="Etc/UTC",offset=0,dstSavings=0,useDaylight=false,transitions=0,lastRule=null],firstDayOfWeek=1,minimalDaysInFirstWeek=1,ERA=1,YEAR=2018,MONTH=2,WEEK_OF_YEAR=12,WEEK_OF_MONTH=4,DAY_OF_MONTH=21,DAY_OF_YEAR=80,DAY_OF_WEEK=4,DAY_OF_WEEK_IN_MONTH=3,AM_PM=1,HOUR=7,HOUR_OF_DAY=19,MINUTE=26,SECOND=17,MILLISECOND=504,ZONE_OFFSET=0,DST_OFFSET=0], message=null}
19:26:17.508 [main] DEBUG org.hibernate.SQL - insert into LogEntries (logCode, message, primaryUser, secondaryUser, time, id) values (?, ?, ?, ?, ?, ?)
Hibernate: insert into LogEntries (logCode, message, primaryUser, secondaryUser, time, id) values (?, ?, ?, ?, ?, ?)
19:26:17.510 [main] DEBUG o.h.e.j.internal.JdbcCoordinatorImpl - HHH000420: Closing un-released batch
19:26:17.511 [main] DEBUG o.h.e.t.internal.TransactionImpl - begin
19:26:17.511 [main] DEBUG org.hibernate.SQL - select next_val as id_val from hibernate_sequence for update
Hibernate: select next_val as id_val from hibernate_sequence for update
19:26:17.512 [main] DEBUG org.hibernate.SQL - update hibernate_sequence set next_val= ? where next_val=?
Hibernate: update hibernate_sequence set next_val= ? where next_val=?
19:26:17.513 [main] DEBUG o.h.e.i.AbstractSaveEventListener - Generated identifier: 49, using strategy: org.hibernate.id.enhanced.SequenceStyleGenerator
19:26:17.514 [main] DEBUG o.h.e.t.internal.TransactionImpl - committing
19:26:17.514 [main] DEBUG o.h.e.i.AbstractFlushingEventListener - Processing flush-time cascades
19:26:17.514 [main] DEBUG o.h.e.i.AbstractFlushingEventListener - Dirty checking collections
19:26:17.514 [main] DEBUG o.h.e.i.AbstractFlushingEventListener - Flushed: 1 insertions, 0 updates, 0 deletions to 1 objects
19:26:17.514 [main] DEBUG o.h.e.i.AbstractFlushingEventListener - Flushed: 0 (re)creations, 0 updates, 0 removals to 0 collections
19:26:17.514 [main] DEBUG o.h.internal.util.EntityPrinter - Listing entities:
19:26:17.514 [main] DEBUG o.h.internal.util.EntityPrinter - edu.ncsu.csc.itrust2.models.persistent.LogEntry{secondaryUser=null, logCode=5, primaryUser=logapitest, id=49, time=java.util.GregorianCalendar[time=1521660377510,areFieldsSet=true,areAllFieldsSet=true,lenient=true,zone=sun.util.calendar.ZoneInfo[id="Etc/UTC",offset=0,dstSavings=0,useDaylight=false,transitions=0,lastRule=null],firstDayOfWeek=1,minimalDaysInFirstWeek=1,ERA=1,YEAR=2018,MONTH=2,WEEK_OF_YEAR=12,WEEK_OF_MONTH=4,DAY_OF_MONTH=21,DAY_OF_YEAR=80,DAY_OF_WEEK=4,DAY_OF_WEEK_IN_MONTH=3,AM_PM=1,HOUR=7,HOUR_OF_DAY=19,MINUTE=26,SECOND=17,MILLISECOND=510,ZONE_OFFSET=0,DST_OFFSET=0], message=null}
19:26:17.515 [main] DEBUG org.hibernate.SQL - insert into LogEntries (logCode, message, primaryUser, secondaryUser, time, id) values (?, ?, ?, ?, ?, ?)
Hibernate: insert into LogEntries (logCode, message, primaryUser, secondaryUser, time, id) values (?, ?, ?, ?, ?, ?)
19:26:17.517 [main] DEBUG o.h.e.j.internal.JdbcCoordinatorImpl - HHH000420: Closing un-released batch
19:26:17.518 [main] DEBUG o.h.e.t.internal.TransactionImpl - begin
19:26:17.519 [main] DEBUG org.hibernate.SQL - select next_val as id_val from hibernate_sequence for update
Hibernate: select next_val as id_val from hibernate_sequence for update
19:26:17.519 [main] DEBUG org.hibernate.SQL - update hibernate_sequence set next_val= ? where next_val=?
Hibernate: update hibernate_sequence set next_val= ? where next_val=?
19:26:17.520 [main] DEBUG o.h.e.i.AbstractSaveEventListener - Generated identifier: 50, using strategy: org.hibernate.id.enhanced.SequenceStyleGenerator
19:26:17.520 [main] DEBUG o.h.e.t.internal.TransactionImpl - committing
19:26:17.521 [main] DEBUG o.h.e.i.AbstractFlushingEventListener - Processing flush-time cascades
19:26:17.521 [main] DEBUG o.h.e.i.AbstractFlushingEventListener - Dirty checking collections
19:26:17.521 [main] DEBUG o.h.e.i.AbstractFlushingEventListener - Flushed: 1 insertions, 0 updates, 0 deletions to 1 objects
19:26:17.521 [main] DEBUG o.h.e.i.AbstractFlushingEventListener - Flushed: 0 (re)creations, 0 updates, 0 removals to 0 collections
19:26:17.521 [main] DEBUG o.h.internal.util.EntityPrinter - Listing entities:
19:26:17.521 [main] DEBUG o.h.internal.util.EntityPrinter - edu.ncsu.csc.itrust2.models.persistent.LogEntry{secondaryUser=null, logCode=5, primaryUser=logapitest, id=50, time=java.util.GregorianCalendar[time=1521660377518,areFieldsSet=true,areAllFieldsSet=true,lenient=true,zone=sun.util.calendar.ZoneInfo[id="Etc/UTC",offset=0,dstSavings=0,useDaylight=false,transitions=0,lastRule=null],firstDayOfWeek=1,minimalDaysInFirstWeek=1,ERA=1,YEAR=2018,MONTH=2,WEEK_OF_YEAR=12,WEEK_OF_MONTH=4,DAY_OF_MONTH=21,DAY_OF_YEAR=80,DAY_OF_WEEK=4,DAY_OF_WEEK_IN_MONTH=3,AM_PM=1,HOUR=7,HOUR_OF_DAY=19,MINUTE=26,SECOND=17,MILLISECOND=518,ZONE_OFFSET=0,DST_OFFSET=0], message=null}
19:26:17.522 [main] DEBUG org.hibernate.SQL - insert into LogEntries (logCode, message, primaryUser, secondaryUser, time, id) values (?, ?, ?, ?, ?, ?)
Hibernate: insert into LogEntries (logCode, message, primaryUser, secondaryUser, time, id) values (?, ?, ?, ?, ?, ?)
19:26:17.523 [main] DEBUG o.h.e.j.internal.JdbcCoordinatorImpl - HHH000420: Closing un-released batch
19:26:17.524 [main] DEBUG o.h.e.t.internal.TransactionImpl - begin
19:26:17.525 [main] DEBUG org.hibernate.SQL - select next_val as id_val from hibernate_sequence for update
Hibernate: select next_val as id_val from hibernate_sequence for update
19:26:17.525 [main] DEBUG org.hibernate.SQL - update hibernate_sequence set next_val= ? where next_val=?
Hibernate: update hibernate_sequence set next_val= ? where next_val=?
19:26:17.526 [main] DEBUG o.h.e.i.AbstractSaveEventListener - Generated identifier: 51, using strategy: org.hibernate.id.enhanced.SequenceStyleGenerator
19:26:17.527 [main] DEBUG o.h.e.t.internal.TransactionImpl - committing
19:26:17.527 [main] DEBUG o.h.e.i.AbstractFlushingEventListener - Processing flush-time cascades
19:26:17.527 [main] DEBUG o.h.e.i.AbstractFlushingEventListener - Dirty checking collections
19:26:17.527 [main] DEBUG o.h.e.i.AbstractFlushingEventListener - Flushed: 1 insertions, 0 updates, 0 deletions to 1 objects
19:26:17.527 [main] DEBUG o.h.e.i.AbstractFlushingEventListener - Flushed: 0 (re)creations, 0 updates, 0 removals to 0 collections
19:26:17.527 [main] DEBUG o.h.internal.util.EntityPrinter - Listing entities:
19:26:17.527 [main] DEBUG o.h.internal.util.EntityPrinter - edu.ncsu.csc.itrust2.models.persistent.LogEntry{secondaryUser=null, logCode=5, primaryUser=logapitest, id=51, time=java.util.GregorianCalendar[time=1521660377524,areFieldsSet=true,areAllFieldsSet=true,lenient=true,zone=sun.util.calendar.ZoneInfo[id="Etc/UTC",offset=0,dstSavings=0,useDaylight=false,transitions=0,lastRule=null],firstDayOfWeek=1,minimalDaysInFirstWeek=1,ERA=1,YEAR=2018,MONTH=2,WEEK_OF_YEAR=12,WEEK_OF_MONTH=4,DAY_OF_MONTH=21,DAY_OF_YEAR=80,DAY_OF_WEEK=4,DAY_OF_WEEK_IN_MONTH=3,AM_PM=1,HOUR=7,HOUR_OF_DAY=19,MINUTE=26,SECOND=17,MILLISECOND=524,ZONE_OFFSET=0,DST_OFFSET=0], message=null}
19:26:17.528 [main] DEBUG org.hibernate.SQL - insert into LogEntries (logCode, message, primaryUser, secondaryUser, time, id) values (?, ?, ?, ?, ?, ?)
Hibernate: insert into LogEntries (logCode, message, primaryUser, secondaryUser, time, id) values (?, ?, ?, ?, ?, ?)
19:26:17.530 [main] DEBUG o.h.e.j.internal.JdbcCoordinatorImpl - HHH000420: Closing un-released batch
19:26:17.530 [main] DEBUG o.h.e.t.internal.TransactionImpl - begin
19:26:17.531 [main] DEBUG org.hibernate.SQL - select next_val as id_val from hibernate_sequence for update
Hibernate: select next_val as id_val from hibernate_sequence for update
19:26:17.531 [main] DEBUG org.hibernate.SQL - update hibernate_sequence set next_val= ? where next_val=?
Hibernate: update hibernate_sequence set next_val= ? where next_val=?
19:26:17.534 [main] DEBUG o.h.e.i.AbstractSaveEventListener - Generated identifier: 52, using strategy: org.hibernate.id.enhanced.SequenceStyleGenerator
19:26:17.534 [main] DEBUG o.h.e.t.internal.TransactionImpl - committing
19:26:17.534 [main] DEBUG o.h.e.i.AbstractFlushingEventListener - Processing flush-time cascades
19:26:17.534 [main] DEBUG o.h.e.i.AbstractFlushingEventListener - Dirty checking collections
19:26:17.534 [main] DEBUG o.h.e.i.AbstractFlushingEventListener - Flushed: 1 insertions, 0 updates, 0 deletions to 1 objects
19:26:17.535 [main] DEBUG o.h.e.i.AbstractFlushingEventListener - Flushed: 0 (re)creations, 0 updates, 0 removals to 0 collections
19:26:17.535 [main] DEBUG o.h.internal.util.EntityPrinter - Listing entities:
19:26:17.535 [main] DEBUG o.h.internal.util.EntityPrinter - edu.ncsu.csc.itrust2.models.persistent.LogEntry{secondaryUser=null, logCode=5, primaryUser=logapitest, id=52, time=java.util.GregorianCalendar[time=1521660377530,areFieldsSet=true,areAllFieldsSet=true,lenient=true,zone=sun.util.calendar.ZoneInfo[id="Etc/UTC",offset=0,dstSavings=0,useDaylight=false,transitions=0,lastRule=null],firstDayOfWeek=1,minimalDaysInFirstWeek=1,ERA=1,YEAR=2018,MONTH=2,WEEK_OF_YEAR=12,WEEK_OF_MONTH=4,DAY_OF_MONTH=21,DAY_OF_YEAR=80,DAY_OF_WEEK=4,DAY_OF_WEEK_IN_MONTH=3,AM_PM=1,HOUR=7,HOUR_OF_DAY=19,MINUTE=26,SECOND=17,MILLISECOND=530,ZONE_OFFSET=0,DST_OFFSET=0], message=null}
19:26:17.537 [main] DEBUG org.hibernate.SQL - insert into LogEntries (logCode, message, primaryUser, secondaryUser, time, id) values (?, ?, ?, ?, ?, ?)
Hibernate: insert into LogEntries (logCode, message, primaryUser, secondaryUser, time, id) values (?, ?, ?, ?, ?, ?)
19:26:17.539 [main] DEBUG o.h.e.j.internal.JdbcCoordinatorImpl - HHH000420: Closing un-released batch
19:26:17.539 [main] DEBUG o.h.e.t.internal.TransactionImpl - begin
19:26:17.540 [main] DEBUG org.hibernate.SQL - select next_val as id_val from hibernate_sequence for update
Hibernate: select next_val as id_val from hibernate_sequence for update
19:26:17.540 [main] DEBUG org.hibernate.SQL - update hibernate_sequence set next_val= ? where next_val=?
Hibernate: update hibernate_sequence set next_val= ? where next_val=?
19:26:17.541 [main] DEBUG o.h.e.i.AbstractSaveEventListener - Generated identifier: 53, using strategy: org.hibernate.id.enhanced.SequenceStyleGenerator
19:26:17.541 [main] DEBUG o.h.e.t.internal.TransactionImpl - committing
19:26:17.541 [main] DEBUG o.h.e.i.AbstractFlushingEventListener - Processing flush-time cascades
19:26:17.541 [main] DEBUG o.h.e.i.AbstractFlushingEventListener - Dirty checking collections
19:26:17.542 [main] DEBUG o.h.e.i.AbstractFlushingEventListener - Flushed: 1 insertions, 0 updates, 0 deletions to 1 objects
19:26:17.542 [main] DEBUG o.h.e.i.AbstractFlushingEventListener - Flushed: 0 (re)creations, 0 updates, 0 removals to 0 collections
19:26:17.542 [main] DEBUG o.h.internal.util.EntityPrinter - Listing entities:
19:26:17.543 [main] DEBUG o.h.internal.util.EntityPrinter - edu.ncsu.csc.itrust2.models.persistent.LogEntry{secondaryUser=null, logCode=5, primaryUser=logapitest, id=53, time=java.util.GregorianCalendar[time=1521660377539,areFieldsSet=true,areAllFieldsSet=true,lenient=true,zone=sun.util.calendar.ZoneInfo[id="Etc/UTC",offset=0,dstSavings=0,useDaylight=false,transitions=0,lastRule=null],firstDayOfWeek=1,minimalDaysInFirstWeek=1,ERA=1,YEAR=2018,MONTH=2,WEEK_OF_YEAR=12,WEEK_OF_MONTH=4,DAY_OF_MONTH=21,DAY_OF_YEAR=80,DAY_OF_WEEK=4,DAY_OF_WEEK_IN_MONTH=3,AM_PM=1,HOUR=7,HOUR_OF_DAY=19,MINUTE=26,SECOND=17,MILLISECOND=539,ZONE_OFFSET=0,DST_OFFSET=0], message=null}
19:26:17.545 [main] DEBUG org.hibernate.SQL - insert into LogEntries (logCode, message, primaryUser, secondaryUser, time, id) values (?, ?, ?, ?, ?, ?)
Hibernate: insert into LogEntries (logCode, message, primaryUser, secondaryUser, time, id) values (?, ?, ?, ?, ?, ?)
19:26:17.546 [main] DEBUG o.h.e.j.internal.JdbcCoordinatorImpl - HHH000420: Closing un-released batch
19:26:17.547 [main] DEBUG o.h.e.t.internal.TransactionImpl - begin
19:26:17.547 [main] DEBUG org.hibernate.SQL - select next_val as id_val from hibernate_sequence for update
Hibernate: select next_val as id_val from hibernate_sequence for update
19:26:17.548 [main] DEBUG org.hibernate.SQL - update hibernate_sequence set next_val= ? where next_val=?
Hibernate: update hibernate_sequence set next_val= ? where next_val=?
19:26:17.551 [main] DEBUG o.h.e.i.AbstractSaveEventListener - Generated identifier: 54, using strategy: org.hibernate.id.enhanced.SequenceStyleGenerator
19:26:17.559 [main] DEBUG o.h.e.t.internal.TransactionImpl - committing
19:26:17.560 [main] DEBUG o.h.e.i.AbstractFlushingEventListener - Processing flush-time cascades
19:26:17.560 [main] DEBUG o.h.e.i.AbstractFlushingEventListener - Dirty checking collections
19:26:17.561 [main] DEBUG o.h.e.i.AbstractFlushingEventListener - Flushed: 1 insertions, 0 updates, 0 deletions to 1 objects
19:26:17.561 [main] DEBUG o.h.e.i.AbstractFlushingEventListener - Flushed: 0 (re)creations, 0 updates, 0 removals to 0 collections
19:26:17.561 [main] DEBUG o.h.internal.util.EntityPrinter - Listing entities:
19:26:17.561 [main] DEBUG o.h.internal.util.EntityPrinter - edu.ncsu.csc.itrust2.models.persistent.LogEntry{secondaryUser=null, logCode=5, primaryUser=logapitest, id=54, time=java.util.GregorianCalendar[time=1521660377547,areFieldsSet=true,areAllFieldsSet=true,lenient=true,zone=sun.util.calendar.ZoneInfo[id="Etc/UTC",offset=0,dstSavings=0,useDaylight=false,transitions=0,lastRule=null],firstDayOfWeek=1,minimalDaysInFirstWeek=1,ERA=1,YEAR=2018,MONTH=2,WEEK_OF_YEAR=12,WEEK_OF_MONTH=4,DAY_OF_MONTH=21,DAY_OF_YEAR=80,DAY_OF_WEEK=4,DAY_OF_WEEK_IN_MONTH=3,AM_PM=1,HOUR=7,HOUR_OF_DAY=19,MINUTE=26,SECOND=17,MILLISECOND=547,ZONE_OFFSET=0,DST_OFFSET=0], message=null}
19:26:17.562 [main] DEBUG org.hibernate.SQL - insert into LogEntries (logCode, message, primaryUser, secondaryUser, time, id) values (?, ?, ?, ?, ?, ?)
Hibernate: insert into LogEntries (logCode, message, primaryUser, secondaryUser, time, id) values (?, ?, ?, ?, ?, ?)
19:26:17.564 [main] DEBUG o.h.e.j.internal.JdbcCoordinatorImpl - HHH000420: Closing un-released batch
19:26:17.565 [main] DEBUG o.h.e.t.internal.TransactionImpl - begin
19:26:17.565 [main] DEBUG org.hibernate.SQL - select next_val as id_val from hibernate_sequence for update
Hibernate: select next_val as id_val from hibernate_sequence for update
19:26:17.566 [main] DEBUG org.hibernate.SQL - update hibernate_sequence set next_val= ? where next_val=?
Hibernate: update hibernate_sequence set next_val= ? where next_val=?
19:26:17.566 [main] DEBUG o.h.e.i.AbstractSaveEventListener - Generated identifier: 55, using strategy: org.hibernate.id.enhanced.SequenceStyleGenerator
19:26:17.567 [main] DEBUG o.h.e.t.internal.TransactionImpl - committing
19:26:17.570 [main] DEBUG o.h.e.i.AbstractFlushingEventListener - Processing flush-time cascades
19:26:17.570 [main] DEBUG o.h.e.i.AbstractFlushingEventListener - Dirty checking collections
19:26:17.570 [main] DEBUG o.h.e.i.AbstractFlushingEventListener - Flushed: 1 insertions, 0 updates, 0 deletions to 1 objects
19:26:17.570 [main] DEBUG o.h.e.i.AbstractFlushingEventListener - Flushed: 0 (re)creations, 0 updates, 0 removals to 0 collections
19:26:17.570 [main] DEBUG o.h.internal.util.EntityPrinter - Listing entities:
19:26:17.570 [main] DEBUG o.h.internal.util.EntityPrinter - edu.ncsu.csc.itrust2.models.persistent.LogEntry{secondaryUser=null, logCode=5, primaryUser=logapitest, id=55, time=java.util.GregorianCalendar[time=1521660377565,areFieldsSet=true,areAllFieldsSet=true,lenient=true,zone=sun.util.calendar.ZoneInfo[id="Etc/UTC",offset=0,dstSavings=0,useDaylight=false,transitions=0,lastRule=null],firstDayOfWeek=1,minimalDaysInFirstWeek=1,ERA=1,YEAR=2018,MONTH=2,WEEK_OF_YEAR=12,WEEK_OF_MONTH=4,DAY_OF_MONTH=21,DAY_OF_YEAR=80,DAY_OF_WEEK=4,DAY_OF_WEEK_IN_MONTH=3,AM_PM=1,HOUR=7,HOUR_OF_DAY=19,MINUTE=26,SECOND=17,MILLISECOND=565,ZONE_OFFSET=0,DST_OFFSET=0], message=null}
19:26:17.573 [main] DEBUG org.hibernate.SQL - insert into LogEntries (logCode, message, primaryUser, secondaryUser, time, id) values (?, ?, ?, ?, ?, ?)
Hibernate: insert into LogEntries (logCode, message, primaryUser, secondaryUser, time, id) values (?, ?, ?, ?, ?, ?)
19:26:17.577 [main] DEBUG o.h.e.j.internal.JdbcCoordinatorImpl - HHH000420: Closing un-released batch
19:26:17.578 [main] DEBUG o.h.e.t.internal.TransactionImpl - begin
19:26:17.578 [main] DEBUG org.hibernate.SQL - select next_val as id_val from hibernate_sequence for update
Hibernate: select next_val as id_val from hibernate_sequence for update
19:26:17.578 [main] DEBUG org.hibernate.SQL - update hibernate_sequence set next_val= ? where next_val=?
Hibernate: update hibernate_sequence set next_val= ? where next_val=?
19:26:17.581 [main] DEBUG o.h.e.i.AbstractSaveEventListener - Generated identifier: 56, using strategy: org.hibernate.id.enhanced.SequenceStyleGenerator
19:26:17.581 [main] DEBUG o.h.e.t.internal.TransactionImpl - committing
19:26:17.581 [main] DEBUG o.h.e.i.AbstractFlushingEventListener - Processing flush-time cascades
19:26:17.581 [main] DEBUG o.h.e.i.AbstractFlushingEventListener - Dirty checking collections
19:26:17.581 [main] DEBUG o.h.e.i.AbstractFlushingEventListener - Flushed: 1 insertions, 0 updates, 0 deletions to 1 objects
19:26:17.581 [main] DEBUG o.h.e.i.AbstractFlushingEventListener - Flushed: 0 (re)creations, 0 updates, 0 removals to 0 collections
19:26:17.581 [main] DEBUG o.h.internal.util.EntityPrinter - Listing entities:
19:26:17.582 [main] DEBUG o.h.internal.util.EntityPrinter - edu.ncsu.csc.itrust2.models.persistent.LogEntry{secondaryUser=null, logCode=5, primaryUser=logapitest, id=56, time=java.util.GregorianCalendar[time=1521660377577,areFieldsSet=true,areAllFieldsSet=true,lenient=true,zone=sun.util.calendar.ZoneInfo[id="Etc/UTC",offset=0,dstSavings=0,useDaylight=false,transitions=0,lastRule=null],firstDayOfWeek=1,minimalDaysInFirstWeek=1,ERA=1,YEAR=2018,MONTH=2,WEEK_OF_YEAR=12,WEEK_OF_MONTH=4,DAY_OF_MONTH=21,DAY_OF_YEAR=80,DAY_OF_WEEK=4,DAY_OF_WEEK_IN_MONTH=3,AM_PM=1,HOUR=7,HOUR_OF_DAY=19,MINUTE=26,SECOND=17,MILLISECOND=577,ZONE_OFFSET=0,DST_OFFSET=0], message=null}
19:26:17.584 [main] DEBUG org.hibernate.SQL - insert into LogEntries (logCode, message, primaryUser, secondaryUser, time, id) values (?, ?, ?, ?, ?, ?)
Hibernate: insert into LogEntries (logCode, message, primaryUser, secondaryUser, time, id) values (?, ?, ?, ?, ?, ?)
19:26:17.586 [main] DEBUG o.h.e.j.internal.JdbcCoordinatorImpl - HHH000420: Closing un-released batch
19:26:17.586 [main] DEBUG o.h.e.t.internal.TransactionImpl - begin
19:26:17.586 [main] DEBUG org.hibernate.SQL - select next_val as id_val from hibernate_sequence for update
Hibernate: select next_val as id_val from hibernate_sequence for update
19:26:17.587 [main] DEBUG org.hibernate.SQL - update hibernate_sequence set next_val= ? where next_val=?
Hibernate: update hibernate_sequence set next_val= ? where next_val=?
19:26:17.588 [main] DEBUG o.h.e.i.AbstractSaveEventListener - Generated identifier: 57, using strategy: org.hibernate.id.enhanced.SequenceStyleGenerator
19:26:17.588 [main] DEBUG o.h.e.t.internal.TransactionImpl - committing
19:26:17.588 [main] DEBUG o.h.e.i.AbstractFlushingEventListener - Processing flush-time cascades
19:26:17.588 [main] DEBUG o.h.e.i.AbstractFlushingEventListener - Dirty checking collections
19:26:17.589 [main] DEBUG o.h.e.i.AbstractFlushingEventListener - Flushed: 1 insertions, 0 updates, 0 deletions to 1 objects
19:26:17.589 [main] DEBUG o.h.e.i.AbstractFlushingEventListener - Flushed: 0 (re)creations, 0 updates, 0 removals to 0 collections
19:26:17.589 [main] DEBUG o.h.internal.util.EntityPrinter - Listing entities:
19:26:17.589 [main] DEBUG o.h.internal.util.EntityPrinter - edu.ncsu.csc.itrust2.models.persistent.LogEntry{secondaryUser=null, logCode=5, primaryUser=logapitest, id=57, time=java.util.GregorianCalendar[time=1521660377586,areFieldsSet=true,areAllFieldsSet=true,lenient=true,zone=sun.util.calendar.ZoneInfo[id="Etc/UTC",offset=0,dstSavings=0,useDaylight=false,transitions=0,lastRule=null],firstDayOfWeek=1,minimalDaysInFirstWeek=1,ERA=1,YEAR=2018,MONTH=2,WEEK_OF_YEAR=12,WEEK_OF_MONTH=4,DAY_OF_MONTH=21,DAY_OF_YEAR=80,DAY_OF_WEEK=4,DAY_OF_WEEK_IN_MONTH=3,AM_PM=1,HOUR=7,HOUR_OF_DAY=19,MINUTE=26,SECOND=17,MILLISECOND=586,ZONE_OFFSET=0,DST_OFFSET=0], message=null}
19:26:17.590 [main] DEBUG org.hibernate.SQL - insert into LogEntries (logCode, message, primaryUser, secondaryUser, time, id) values (?, ?, ?, ?, ?, ?)
Hibernate: insert into LogEntries (logCode, message, primaryUser, secondaryUser, time, id) values (?, ?, ?, ?, ?, ?)
19:26:17.592 [main] DEBUG o.h.e.j.internal.JdbcCoordinatorImpl - HHH000420: Closing un-released batch
19:26:17.592 [main] DEBUG o.h.e.t.internal.TransactionImpl - begin
19:26:17.593 [main] DEBUG org.hibernate.SQL - select next_val as id_val from hibernate_sequence for update
Hibernate: select next_val as id_val from hibernate_sequence for update
19:26:17.595 [main] DEBUG org.hibernate.SQL - update hibernate_sequence set next_val= ? where next_val=?
Hibernate: update hibernate_sequence set next_val= ? where next_val=?
19:26:17.596 [main] DEBUG o.h.e.i.AbstractSaveEventListener - Generated identifier: 58, using strategy: org.hibernate.id.enhanced.SequenceStyleGenerator
19:26:17.596 [main] DEBUG o.h.e.t.internal.TransactionImpl - committing
19:26:17.596 [main] DEBUG o.h.e.i.AbstractFlushingEventListener - Processing flush-time cascades
19:26:17.596 [main] DEBUG o.h.e.i.AbstractFlushingEventListener - Dirty checking collections
19:26:17.596 [main] DEBUG o.h.e.i.AbstractFlushingEventListener - Flushed: 1 insertions, 0 updates, 0 deletions to 1 objects
19:26:17.597 [main] DEBUG o.h.e.i.AbstractFlushingEventListener - Flushed: 0 (re)creations, 0 updates, 0 removals to 0 collections
19:26:17.597 [main] DEBUG o.h.internal.util.EntityPrinter - Listing entities:
19:26:17.597 [main] DEBUG o.h.internal.util.EntityPrinter - edu.ncsu.csc.itrust2.models.persistent.LogEntry{secondaryUser=null, logCode=5, primaryUser=logapitest, id=58, time=java.util.GregorianCalendar[time=1521660377592,areFieldsSet=true,areAllFieldsSet=true,lenient=true,zone=sun.util.calendar.ZoneInfo[id="Etc/UTC",offset=0,dstSavings=0,useDaylight=false,transitions=0,lastRule=null],firstDayOfWeek=1,minimalDaysInFirstWeek=1,ERA=1,YEAR=2018,MONTH=2,WEEK_OF_YEAR=12,WEEK_OF_MONTH=4,DAY_OF_MONTH=21,DAY_OF_YEAR=80,DAY_OF_WEEK=4,DAY_OF_WEEK_IN_MONTH=3,AM_PM=1,HOUR=7,HOUR_OF_DAY=19,MINUTE=26,SECOND=17,MILLISECOND=592,ZONE_OFFSET=0,DST_OFFSET=0], message=null}
19:26:17.598 [main] DEBUG org.hibernate.SQL - insert into LogEntries (logCode, message, primaryUser, secondaryUser, time, id) values (?, ?, ?, ?, ?, ?)
Hibernate: insert into LogEntries (logCode, message, primaryUser, secondaryUser, time, id) values (?, ?, ?, ?, ?, ?)
19:26:17.601 [main] DEBUG o.h.e.j.internal.JdbcCoordinatorImpl - HHH000420: Closing un-released batch
19:26:17.602 [main] DEBUG o.h.e.t.internal.TransactionImpl - begin
19:26:17.603 [main] DEBUG org.hibernate.SQL - select next_val as id_val from hibernate_sequence for update
Hibernate: select next_val as id_val from hibernate_sequence for update
19:26:17.603 [main] DEBUG org.hibernate.SQL - update hibernate_sequence set next_val= ? where next_val=?
Hibernate: update hibernate_sequence set next_val= ? where next_val=?
19:26:17.604 [main] DEBUG o.h.e.i.AbstractSaveEventListener - Generated identifier: 59, using strategy: org.hibernate.id.enhanced.SequenceStyleGenerator
19:26:17.606 [main] DEBUG o.h.e.t.internal.TransactionImpl - committing
19:26:17.606 [main] DEBUG o.h.e.i.AbstractFlushingEventListener - Processing flush-time cascades
19:26:17.606 [main] DEBUG o.h.e.i.AbstractFlushingEventListener - Dirty checking collections
19:26:17.606 [main] DEBUG o.h.e.i.AbstractFlushingEventListener - Flushed: 1 insertions, 0 updates, 0 deletions to 1 objects
19:26:17.606 [main] DEBUG o.h.e.i.AbstractFlushingEventListener - Flushed: 0 (re)creations, 0 updates, 0 removals to 0 collections
19:26:17.606 [main] DEBUG o.h.internal.util.EntityPrinter - Listing entities:
19:26:17.606 [main] DEBUG o.h.internal.util.EntityPrinter - edu.ncsu.csc.itrust2.models.persistent.LogEntry{secondaryUser=null, logCode=5, primaryUser=logapitest, id=59, time=java.util.GregorianCalendar[time=1521660377601,areFieldsSet=true,areAllFieldsSet=true,lenient=true,zone=sun.util.calendar.ZoneInfo[id="Etc/UTC",offset=0,dstSavings=0,useDaylight=false,transitions=0,lastRule=null],firstDayOfWeek=1,minimalDaysInFirstWeek=1,ERA=1,YEAR=2018,MONTH=2,WEEK_OF_YEAR=12,WEEK_OF_MONTH=4,DAY_OF_MONTH=21,DAY_OF_YEAR=80,DAY_OF_WEEK=4,DAY_OF_WEEK_IN_MONTH=3,AM_PM=1,HOUR=7,HOUR_OF_DAY=19,MINUTE=26,SECOND=17,MILLISECOND=601,ZONE_OFFSET=0,DST_OFFSET=0], message=null}
19:26:17.608 [main] DEBUG org.hibernate.SQL - insert into LogEntries (logCode, message, primaryUser, secondaryUser, time, id) values (?, ?, ?, ?, ?, ?)
Hibernate: insert into LogEntries (logCode, message, primaryUser, secondaryUser, time, id) values (?, ?, ?, ?, ?, ?)
19:26:17.609 [main] DEBUG o.h.e.j.internal.JdbcCoordinatorImpl - HHH000420: Closing un-released batch
19:26:17.609 [main] DEBUG o.h.e.t.internal.TransactionImpl - begin
19:26:17.610 [main] DEBUG org.hibernate.SQL - select next_val as id_val from hibernate_sequence for update
Hibernate: select next_val as id_val from hibernate_sequence for update
19:26:17.610 [main] DEBUG org.hibernate.SQL - update hibernate_sequence set next_val= ? where next_val=?
Hibernate: update hibernate_sequence set next_val= ? where next_val=?
19:26:17.612 [main] DEBUG o.h.e.i.AbstractSaveEventListener - Generated identifier: 60, using strategy: org.hibernate.id.enhanced.SequenceStyleGenerator
19:26:17.612 [main] DEBUG o.h.e.t.internal.TransactionImpl - committing
19:26:17.612 [main] DEBUG o.h.e.i.AbstractFlushingEventListener - Processing flush-time cascades
19:26:17.612 [main] DEBUG o.h.e.i.AbstractFlushingEventListener - Dirty checking collections
19:26:17.612 [main] DEBUG o.h.e.i.AbstractFlushingEventListener - Flushed: 1 insertions, 0 updates, 0 deletions to 1 objects
19:26:17.612 [main] DEBUG o.h.e.i.AbstractFlushingEventListener - Flushed: 0 (re)creations, 0 updates, 0 removals to 0 collections
19:26:17.613 [main] DEBUG o.h.internal.util.EntityPrinter - Listing entities:
19:26:17.613 [main] DEBUG o.h.internal.util.EntityPrinter - edu.ncsu.csc.itrust2.models.persistent.LogEntry{secondaryUser=null, logCode=5, primaryUser=logapitest, id=60, time=java.util.GregorianCalendar[time=1521660377609,areFieldsSet=true,areAllFieldsSet=true,lenient=true,zone=sun.util.calendar.ZoneInfo[id="Etc/UTC",offset=0,dstSavings=0,useDaylight=false,transitions=0,lastRule=null],firstDayOfWeek=1,minimalDaysInFirstWeek=1,ERA=1,YEAR=2018,MONTH=2,WEEK_OF_YEAR=12,WEEK_OF_MONTH=4,DAY_OF_MONTH=21,DAY_OF_YEAR=80,DAY_OF_WEEK=4,DAY_OF_WEEK_IN_MONTH=3,AM_PM=1,HOUR=7,HOUR_OF_DAY=19,MINUTE=26,SECOND=17,MILLISECOND=609,ZONE_OFFSET=0,DST_OFFSET=0], message=null}
19:26:17.614 [main] DEBUG org.hibernate.SQL - insert into LogEntries (logCode, message, primaryUser, secondaryUser, time, id) values (?, ?, ?, ?, ?, ?)
Hibernate: insert into LogEntries (logCode, message, primaryUser, secondaryUser, time, id) values (?, ?, ?, ?, ?, ?)
19:26:17.615 [main] DEBUG o.h.e.j.internal.JdbcCoordinatorImpl - HHH000420: Closing un-released batch
19:26:17.615 [main] DEBUG o.h.e.t.internal.TransactionImpl - begin
19:26:17.616 [main] DEBUG org.hibernate.SQL - select next_val as id_val from hibernate_sequence for update
Hibernate: select next_val as id_val from hibernate_sequence for update
19:26:17.616 [main] DEBUG org.hibernate.SQL - update hibernate_sequence set next_val= ? where next_val=?
Hibernate: update hibernate_sequence set next_val= ? where next_val=?
19:26:17.617 [main] DEBUG o.h.e.i.AbstractSaveEventListener - Generated identifier: 61, using strategy: org.hibernate.id.enhanced.SequenceStyleGenerator
19:26:17.618 [main] DEBUG o.h.e.t.internal.TransactionImpl - committing
19:26:17.618 [main] DEBUG o.h.e.i.AbstractFlushingEventListener - Processing flush-time cascades
19:26:17.618 [main] DEBUG o.h.e.i.AbstractFlushingEventListener - Dirty checking collections
19:26:17.618 [main] DEBUG o.h.e.i.AbstractFlushingEventListener - Flushed: 1 insertions, 0 updates, 0 deletions to 1 objects
19:26:17.618 [main] DEBUG o.h.e.i.AbstractFlushingEventListener - Flushed: 0 (re)creations, 0 updates, 0 removals to 0 collections
19:26:17.618 [main] DEBUG o.h.internal.util.EntityPrinter - Listing entities:
19:26:17.618 [main] DEBUG o.h.internal.util.EntityPrinter - edu.ncsu.csc.itrust2.models.persistent.LogEntry{secondaryUser=null, logCode=5, primaryUser=logapitest, id=61, time=java.util.GregorianCalendar[time=1521660377615,areFieldsSet=true,areAllFieldsSet=true,lenient=true,zone=sun.util.calendar.ZoneInfo[id="Etc/UTC",offset=0,dstSavings=0,useDaylight=false,transitions=0,lastRule=null],firstDayOfWeek=1,minimalDaysInFirstWeek=1,ERA=1,YEAR=2018,MONTH=2,WEEK_OF_YEAR=12,WEEK_OF_MONTH=4,DAY_OF_MONTH=21,DAY_OF_YEAR=80,DAY_OF_WEEK=4,DAY_OF_WEEK_IN_MONTH=3,AM_PM=1,HOUR=7,HOUR_OF_DAY=19,MINUTE=26,SECOND=17,MILLISECOND=615,ZONE_OFFSET=0,DST_OFFSET=0], message=null}
19:26:17.621 [main] DEBUG org.hibernate.SQL - insert into LogEntries (logCode, message, primaryUser, secondaryUser, time, id) values (?, ?, ?, ?, ?, ?)
Hibernate: insert into LogEntries (logCode, message, primaryUser, secondaryUser, time, id) values (?, ?, ?, ?, ?, ?)
19:26:17.623 [main] DEBUG o.h.e.j.internal.JdbcCoordinatorImpl - HHH000420: Closing un-released batch
19:26:17.623 [main] DEBUG o.h.e.t.internal.TransactionImpl - begin
19:26:17.624 [main] DEBUG org.hibernate.SQL - select next_val as id_val from hibernate_sequence for update
Hibernate: select next_val as id_val from hibernate_sequence for update
19:26:17.624 [main] DEBUG org.hibernate.SQL - update hibernate_sequence set next_val= ? where next_val=?
Hibernate: update hibernate_sequence set next_val= ? where next_val=?
19:26:17.656 [main] DEBUG o.h.e.i.AbstractSaveEventListener - Generated identifier: 62, using strategy: org.hibernate.id.enhanced.SequenceStyleGenerator
19:26:17.657 [main] DEBUG o.h.e.t.internal.TransactionImpl - committing
19:26:17.657 [main] DEBUG o.h.e.i.AbstractFlushingEventListener - Processing flush-time cascades
19:26:17.657 [main] DEBUG o.h.e.i.AbstractFlushingEventListener - Dirty checking collections
19:26:17.657 [main] DEBUG o.h.e.i.AbstractFlushingEventListener - Flushed: 1 insertions, 0 updates, 0 deletions to 1 objects
19:26:17.657 [main] DEBUG o.h.e.i.AbstractFlushingEventListener - Flushed: 0 (re)creations, 0 updates, 0 removals to 0 collections
19:26:17.657 [main] DEBUG o.h.internal.util.EntityPrinter - Listing entities:
19:26:17.657 [main] DEBUG o.h.internal.util.EntityPrinter - edu.ncsu.csc.itrust2.models.persistent.LogEntry{secondaryUser=null, logCode=5, primaryUser=logapitest, id=62, time=java.util.GregorianCalendar[time=1521660377623,areFieldsSet=true,areAllFieldsSet=true,lenient=true,zone=sun.util.calendar.ZoneInfo[id="Etc/UTC",offset=0,dstSavings=0,useDaylight=false,transitions=0,lastRule=null],firstDayOfWeek=1,minimalDaysInFirstWeek=1,ERA=1,YEAR=2018,MONTH=2,WEEK_OF_YEAR=12,WEEK_OF_MONTH=4,DAY_OF_MONTH=21,DAY_OF_YEAR=80,DAY_OF_WEEK=4,DAY_OF_WEEK_IN_MONTH=3,AM_PM=1,HOUR=7,HOUR_OF_DAY=19,MINUTE=26,SECOND=17,MILLISECOND=623,ZONE_OFFSET=0,DST_OFFSET=0], message=null}
19:26:17.658 [main] DEBUG org.hibernate.SQL - insert into LogEntries (logCode, message, primaryUser, secondaryUser, time, id) values (?, ?, ?, ?, ?, ?)
Hibernate: insert into LogEntries (logCode, message, primaryUser, secondaryUser, time, id) values (?, ?, ?, ?, ?, ?)
19:26:17.661 [main] DEBUG o.h.e.j.internal.JdbcCoordinatorImpl - HHH000420: Closing un-released batch
19:26:17.661 [main] DEBUG o.h.e.t.internal.TransactionImpl - begin
19:26:17.662 [main] DEBUG org.hibernate.SQL - select next_val as id_val from hibernate_sequence for update
Hibernate: select next_val as id_val from hibernate_sequence for update
19:26:17.662 [main] DEBUG org.hibernate.SQL - update hibernate_sequence set next_val= ? where next_val=?
Hibernate: update hibernate_sequence set next_val= ? where next_val=?
19:26:17.663 [main] DEBUG o.h.e.i.AbstractSaveEventListener - Generated identifier: 63, using strategy: org.hibernate.id.enhanced.SequenceStyleGenerator
19:26:17.664 [main] DEBUG o.h.e.t.internal.TransactionImpl - committing
19:26:17.664 [main] DEBUG o.h.e.i.AbstractFlushingEventListener - Processing flush-time cascades
19:26:17.664 [main] DEBUG o.h.e.i.AbstractFlushingEventListener - Dirty checking collections
19:26:17.664 [main] DEBUG o.h.e.i.AbstractFlushingEventListener - Flushed: 1 insertions, 0 updates, 0 deletions to 1 objects
19:26:17.664 [main] DEBUG o.h.e.i.AbstractFlushingEventListener - Flushed: 0 (re)creations, 0 updates, 0 removals to 0 collections
19:26:17.664 [main] DEBUG o.h.internal.util.EntityPrinter - Listing entities:
19:26:17.664 [main] DEBUG o.h.internal.util.EntityPrinter - edu.ncsu.csc.itrust2.models.persistent.LogEntry{secondaryUser=null, logCode=5, primaryUser=logapitest, id=63, time=java.util.GregorianCalendar[time=1521660377661,areFieldsSet=true,areAllFieldsSet=true,lenient=true,zone=sun.util.calendar.ZoneInfo[id="Etc/UTC",offset=0,dstSavings=0,useDaylight=false,transitions=0,lastRule=null],firstDayOfWeek=1,minimalDaysInFirstWeek=1,ERA=1,YEAR=2018,MONTH=2,WEEK_OF_YEAR=12,WEEK_OF_MONTH=4,DAY_OF_MONTH=21,DAY_OF_YEAR=80,DAY_OF_WEEK=4,DAY_OF_WEEK_IN_MONTH=3,AM_PM=1,HOUR=7,HOUR_OF_DAY=19,MINUTE=26,SECOND=17,MILLISECOND=661,ZONE_OFFSET=0,DST_OFFSET=0], message=null}
19:26:17.665 [main] DEBUG org.hibernate.SQL - insert into LogEntries (logCode, message, primaryUser, secondaryUser, time, id) values (?, ?, ?, ?, ?, ?)
Hibernate: insert into LogEntries (logCode, message, primaryUser, secondaryUser, time, id) values (?, ?, ?, ?, ?, ?)
19:26:17.667 [main] DEBUG o.h.e.j.internal.JdbcCoordinatorImpl - HHH000420: Closing un-released batch
19:26:17.668 [main] DEBUG o.h.e.t.internal.TransactionImpl - begin
19:26:17.672 [main] DEBUG org.hibernate.SQL - select next_val as id_val from hibernate_sequence for update
Hibernate: select next_val as id_val from hibernate_sequence for update
19:26:17.672 [main] DEBUG org.hibernate.SQL - update hibernate_sequence set next_val= ? where next_val=?
Hibernate: update hibernate_sequence set next_val= ? where next_val=?
19:26:17.674 [main] DEBUG o.h.e.i.AbstractSaveEventListener - Generated identifier: 64, using strategy: org.hibernate.id.enhanced.SequenceStyleGenerator
19:26:17.675 [main] DEBUG o.h.e.t.internal.TransactionImpl - committing
19:26:17.675 [main] DEBUG o.h.e.i.AbstractFlushingEventListener - Processing flush-time cascades
19:26:17.675 [main] DEBUG o.h.e.i.AbstractFlushingEventListener - Dirty checking collections
19:26:17.675 [main] DEBUG o.h.e.i.AbstractFlushingEventListener - Flushed: 1 insertions, 0 updates, 0 deletions to 1 objects
19:26:17.675 [main] DEBUG o.h.e.i.AbstractFlushingEventListener - Flushed: 0 (re)creations, 0 updates, 0 removals to 0 collections
19:26:17.675 [main] DEBUG o.h.internal.util.EntityPrinter - Listing entities:
19:26:17.675 [main] DEBUG o.h.internal.util.EntityPrinter - edu.ncsu.csc.itrust2.models.persistent.LogEntry{secondaryUser=null, logCode=5, primaryUser=logapitest, id=64, time=java.util.GregorianCalendar[time=1521660377668,areFieldsSet=true,areAllFieldsSet=true,lenient=true,zone=sun.util.calendar.ZoneInfo[id="Etc/UTC",offset=0,dstSavings=0,useDaylight=false,transitions=0,lastRule=null],firstDayOfWeek=1,minimalDaysInFirstWeek=1,ERA=1,YEAR=2018,MONTH=2,WEEK_OF_YEAR=12,WEEK_OF_MONTH=4,DAY_OF_MONTH=21,DAY_OF_YEAR=80,DAY_OF_WEEK=4,DAY_OF_WEEK_IN_MONTH=3,AM_PM=1,HOUR=7,HOUR_OF_DAY=19,MINUTE=26,SECOND=17,MILLISECOND=668,ZONE_OFFSET=0,DST_OFFSET=0], message=null}
19:26:17.676 [main] DEBUG org.hibernate.SQL - insert into LogEntries (logCode, message, primaryUser, secondaryUser, time, id) values (?, ?, ?, ?, ?, ?)
Hibernate: insert into LogEntries (logCode, message, primaryUser, secondaryUser, time, id) values (?, ?, ?, ?, ?, ?)
19:26:17.678 [main] DEBUG o.h.e.j.internal.JdbcCoordinatorImpl - HHH000420: Closing un-released batch
19:26:17.678 [main] DEBUG o.h.e.t.internal.TransactionImpl - begin
19:26:17.679 [main] DEBUG org.hibernate.SQL - select next_val as id_val from hibernate_sequence for update
Hibernate: select next_val as id_val from hibernate_sequence for update
19:26:17.679 [main] DEBUG org.hibernate.SQL - update hibernate_sequence set next_val= ? where next_val=?
Hibernate: update hibernate_sequence set next_val= ? where next_val=?
19:26:17.680 [main] DEBUG o.h.e.i.AbstractSaveEventListener - Generated identifier: 65, using strategy: org.hibernate.id.enhanced.SequenceStyleGenerator
19:26:17.681 [main] DEBUG o.h.e.t.internal.TransactionImpl - committing
19:26:17.681 [main] DEBUG o.h.e.i.AbstractFlushingEventListener - Processing flush-time cascades
19:26:17.681 [main] DEBUG o.h.e.i.AbstractFlushingEventListener - Dirty checking collections
19:26:17.681 [main] DEBUG o.h.e.i.AbstractFlushingEventListener - Flushed: 1 insertions, 0 updates, 0 deletions to 1 objects
19:26:17.681 [main] DEBUG o.h.e.i.AbstractFlushingEventListener - Flushed: 0 (re)creations, 0 updates, 0 removals to 0 collections
19:26:17.681 [main] DEBUG o.h.internal.util.EntityPrinter - Listing entities:
19:26:17.681 [main] DEBUG o.h.internal.util.EntityPrinter - edu.ncsu.csc.itrust2.models.persistent.LogEntry{secondaryUser=null, logCode=5, primaryUser=logapitest, id=65, time=java.util.GregorianCalendar[time=1521660377678,areFieldsSet=true,areAllFieldsSet=true,lenient=true,zone=sun.util.calendar.ZoneInfo[id="Etc/UTC",offset=0,dstSavings=0,useDaylight=false,transitions=0,lastRule=null],firstDayOfWeek=1,minimalDaysInFirstWeek=1,ERA=1,YEAR=2018,MONTH=2,WEEK_OF_YEAR=12,WEEK_OF_MONTH=4,DAY_OF_MONTH=21,DAY_OF_YEAR=80,DAY_OF_WEEK=4,DAY_OF_WEEK_IN_MONTH=3,AM_PM=1,HOUR=7,HOUR_OF_DAY=19,MINUTE=26,SECOND=17,MILLISECOND=678,ZONE_OFFSET=0,DST_OFFSET=0], message=null}
19:26:17.684 [main] DEBUG org.hibernate.SQL - insert into LogEntries (logCode, message, primaryUser, secondaryUser, time, id) values (?, ?, ?, ?, ?, ?)
Hibernate: insert into LogEntries (logCode, message, primaryUser, secondaryUser, time, id) values (?, ?, ?, ?, ?, ?)
19:26:17.685 [main] DEBUG o.h.e.j.internal.JdbcCoordinatorImpl - HHH000420: Closing un-released batch
19:26:17.686 [main] DEBUG o.h.e.t.internal.TransactionImpl - begin
19:26:17.691 [main] DEBUG org.hibernate.SQL - select next_val as id_val from hibernate_sequence for update
Hibernate: select next_val as id_val from hibernate_sequence for update
19:26:17.691 [main] DEBUG org.hibernate.SQL - update hibernate_sequence set next_val= ? where next_val=?
Hibernate: update hibernate_sequence set next_val= ? where next_val=?
19:26:17.692 [main] DEBUG o.h.e.i.AbstractSaveEventListener - Generated identifier: 66, using strategy: org.hibernate.id.enhanced.SequenceStyleGenerator
19:26:17.692 [main] DEBUG o.h.e.t.internal.TransactionImpl - committing
19:26:17.693 [main] DEBUG o.h.e.i.AbstractFlushingEventListener - Processing flush-time cascades
19:26:17.693 [main] DEBUG o.h.e.i.AbstractFlushingEventListener - Dirty checking collections
19:26:17.693 [main] DEBUG o.h.e.i.AbstractFlushingEventListener - Flushed: 1 insertions, 0 updates, 0 deletions to 1 objects
19:26:17.693 [main] DEBUG o.h.e.i.AbstractFlushingEventListener - Flushed: 0 (re)creations, 0 updates, 0 removals to 0 collections
19:26:17.693 [main] DEBUG o.h.internal.util.EntityPrinter - Listing entities:
19:26:17.693 [main] DEBUG o.h.internal.util.EntityPrinter - edu.ncsu.csc.itrust2.models.persistent.LogEntry{secondaryUser=null, logCode=5, primaryUser=logapitest, id=66, time=java.util.GregorianCalendar[time=1521660377685,areFieldsSet=true,areAllFieldsSet=true,lenient=true,zone=sun.util.calendar.ZoneInfo[id="Etc/UTC",offset=0,dstSavings=0,useDaylight=false,transitions=0,lastRule=null],firstDayOfWeek=1,minimalDaysInFirstWeek=1,ERA=1,YEAR=2018,MONTH=2,WEEK_OF_YEAR=12,WEEK_OF_MONTH=4,DAY_OF_MONTH=21,DAY_OF_YEAR=80,DAY_OF_WEEK=4,DAY_OF_WEEK_IN_MONTH=3,AM_PM=1,HOUR=7,HOUR_OF_DAY=19,MINUTE=26,SECOND=17,MILLISECOND=685,ZONE_OFFSET=0,DST_OFFSET=0], message=null}
19:26:17.694 [main] DEBUG org.hibernate.SQL - insert into LogEntries (logCode, message, primaryUser, secondaryUser, time, id) values (?, ?, ?, ?, ?, ?)
Hibernate: insert into LogEntries (logCode, message, primaryUser, secondaryUser, time, id) values (?, ?, ?, ?, ?, ?)
19:26:17.696 [main] DEBUG o.h.e.j.internal.JdbcCoordinatorImpl - HHH000420: Closing un-released batch
19:26:17.697 [main] DEBUG o.h.e.t.internal.TransactionImpl - begin
19:26:17.698 [main] DEBUG org.hibernate.SQL - select next_val as id_val from hibernate_sequence for update
Hibernate: select next_val as id_val from hibernate_sequence for update
19:26:17.700 [main] DEBUG org.hibernate.SQL - update hibernate_sequence set next_val= ? where next_val=?
Hibernate: update hibernate_sequence set next_val= ? where next_val=?
19:26:17.701 [main] DEBUG o.h.e.i.AbstractSaveEventListener - Generated identifier: 67, using strategy: org.hibernate.id.enhanced.SequenceStyleGenerator
19:26:17.701 [main] DEBUG o.h.e.t.internal.TransactionImpl - committing
19:26:17.702 [main] DEBUG o.h.e.i.AbstractFlushingEventListener - Processing flush-time cascades
19:26:17.702 [main] DEBUG o.h.e.i.AbstractFlushingEventListener - Dirty checking collections
19:26:17.702 [main] DEBUG o.h.e.i.AbstractFlushingEventListener - Flushed: 1 insertions, 0 updates, 0 deletions to 1 objects
19:26:17.702 [main] DEBUG o.h.e.i.AbstractFlushingEventListener - Flushed: 0 (re)creations, 0 updates, 0 removals to 0 collections
19:26:17.702 [main] DEBUG o.h.internal.util.EntityPrinter - Listing entities:
19:26:17.702 [main] DEBUG o.h.internal.util.EntityPrinter - edu.ncsu.csc.itrust2.models.persistent.LogEntry{secondaryUser=null, logCode=5, primaryUser=logapitest, id=67, time=java.util.GregorianCalendar[time=1521660377697,areFieldsSet=true,areAllFieldsSet=true,lenient=true,zone=sun.util.calendar.ZoneInfo[id="Etc/UTC",offset=0,dstSavings=0,useDaylight=false,transitions=0,lastRule=null],firstDayOfWeek=1,minimalDaysInFirstWeek=1,ERA=1,YEAR=2018,MONTH=2,WEEK_OF_YEAR=12,WEEK_OF_MONTH=4,DAY_OF_MONTH=21,DAY_OF_YEAR=80,DAY_OF_WEEK=4,DAY_OF_WEEK_IN_MONTH=3,AM_PM=1,HOUR=7,HOUR_OF_DAY=19,MINUTE=26,SECOND=17,MILLISECOND=697,ZONE_OFFSET=0,DST_OFFSET=0], message=null}
19:26:17.704 [main] DEBUG org.hibernate.SQL - insert into LogEntries (logCode, message, primaryUser, secondaryUser, time, id) values (?, ?, ?, ?, ?, ?)
Hibernate: insert into LogEntries (logCode, message, primaryUser, secondaryUser, time, id) values (?, ?, ?, ?, ?, ?)
19:26:17.706 [main] DEBUG o.h.e.j.internal.JdbcCoordinatorImpl - HHH000420: Closing un-released batch
19:26:17.706 [main] DEBUG o.h.e.t.internal.TransactionImpl - begin
19:26:17.707 [main] DEBUG org.hibernate.SQL - select next_val as id_val from hibernate_sequence for update
Hibernate: select next_val as id_val from hibernate_sequence for update
19:26:17.707 [main] DEBUG org.hibernate.SQL - update hibernate_sequence set next_val= ? where next_val=?
Hibernate: update hibernate_sequence set next_val= ? where next_val=?
19:26:17.708 [main] DEBUG o.h.e.i.AbstractSaveEventListener - Generated identifier: 68, using strategy: org.hibernate.id.enhanced.SequenceStyleGenerator
19:26:17.709 [main] DEBUG o.h.e.t.internal.TransactionImpl - committing
19:26:17.709 [main] DEBUG o.h.e.i.AbstractFlushingEventListener - Processing flush-time cascades
19:26:17.709 [main] DEBUG o.h.e.i.AbstractFlushingEventListener - Dirty checking collections
19:26:17.709 [main] DEBUG o.h.e.i.AbstractFlushingEventListener - Flushed: 1 insertions, 0 updates, 0 deletions to 1 objects
19:26:17.710 [main] DEBUG o.h.e.i.AbstractFlushingEventListener - Flushed: 0 (re)creations, 0 updates, 0 removals to 0 collections
19:26:17.710 [main] DEBUG o.h.internal.util.EntityPrinter - Listing entities:
19:26:17.710 [main] DEBUG o.h.internal.util.EntityPrinter - edu.ncsu.csc.itrust2.models.persistent.LogEntry{secondaryUser=null, logCode=5, primaryUser=logapitest, id=68, time=java.util.GregorianCalendar[time=1521660377706,areFieldsSet=true,areAllFieldsSet=true,lenient=true,zone=sun.util.calendar.ZoneInfo[id="Etc/UTC",offset=0,dstSavings=0,useDaylight=false,transitions=0,lastRule=null],firstDayOfWeek=1,minimalDaysInFirstWeek=1,ERA=1,YEAR=2018,MONTH=2,WEEK_OF_YEAR=12,WEEK_OF_MONTH=4,DAY_OF_MONTH=21,DAY_OF_YEAR=80,DAY_OF_WEEK=4,DAY_OF_WEEK_IN_MONTH=3,AM_PM=1,HOUR=7,HOUR_OF_DAY=19,MINUTE=26,SECOND=17,MILLISECOND=706,ZONE_OFFSET=0,DST_OFFSET=0], message=null}
19:26:17.711 [main] DEBUG org.hibernate.SQL - insert into LogEntries (logCode, message, primaryUser, secondaryUser, time, id) values (?, ?, ?, ?, ?, ?)
Hibernate: insert into LogEntries (logCode, message, primaryUser, secondaryUser, time, id) values (?, ?, ?, ?, ?, ?)
19:26:17.713 [main] DEBUG o.h.e.j.internal.JdbcCoordinatorImpl - HHH000420: Closing un-released batch
19:26:17.713 [main] DEBUG o.h.e.t.internal.TransactionImpl - begin
19:26:17.714 [main] DEBUG org.hibernate.SQL - select next_val as id_val from hibernate_sequence for update
Hibernate: select next_val as id_val from hibernate_sequence for update
19:26:17.715 [main] DEBUG org.hibernate.SQL - update hibernate_sequence set next_val= ? where next_val=?
Hibernate: update hibernate_sequence set next_val= ? where next_val=?
19:26:17.717 [main] DEBUG o.h.e.i.AbstractSaveEventListener - Generated identifier: 69, using strategy: org.hibernate.id.enhanced.SequenceStyleGenerator
19:26:17.717 [main] DEBUG o.h.e.t.internal.TransactionImpl - committing
19:26:17.717 [main] DEBUG o.h.e.i.AbstractFlushingEventListener - Processing flush-time cascades
19:26:17.717 [main] DEBUG o.h.e.i.AbstractFlushingEventListener - Dirty checking collections
19:26:17.717 [main] DEBUG o.h.e.i.AbstractFlushingEventListener - Flushed: 1 insertions, 0 updates, 0 deletions to 1 objects
19:26:17.717 [main] DEBUG o.h.e.i.AbstractFlushingEventListener - Flushed: 0 (re)creations, 0 updates, 0 removals to 0 collections
19:26:17.717 [main] DEBUG o.h.internal.util.EntityPrinter - Listing entities:
19:26:17.717 [main] DEBUG o.h.internal.util.EntityPrinter - edu.ncsu.csc.itrust2.models.persistent.LogEntry{secondaryUser=null, logCode=5, primaryUser=logapitest, id=69, time=java.util.GregorianCalendar[time=1521660377713,areFieldsSet=true,areAllFieldsSet=true,lenient=true,zone=sun.util.calendar.ZoneInfo[id="Etc/UTC",offset=0,dstSavings=0,useDaylight=false,transitions=0,lastRule=null],firstDayOfWeek=1,minimalDaysInFirstWeek=1,ERA=1,YEAR=2018,MONTH=2,WEEK_OF_YEAR=12,WEEK_OF_MONTH=4,DAY_OF_MONTH=21,DAY_OF_YEAR=80,DAY_OF_WEEK=4,DAY_OF_WEEK_IN_MONTH=3,AM_PM=1,HOUR=7,HOUR_OF_DAY=19,MINUTE=26,SECOND=17,MILLISECOND=713,ZONE_OFFSET=0,DST_OFFSET=0], message=null}
19:26:17.721 [main] DEBUG org.hibernate.SQL - insert into LogEntries (logCode, message, primaryUser, secondaryUser, time, id) values (?, ?, ?, ?, ?, ?)
Hibernate: insert into LogEntries (logCode, message, primaryUser, secondaryUser, time, id) values (?, ?, ?, ?, ?, ?)
19:26:17.724 [main] DEBUG o.h.e.j.internal.JdbcCoordinatorImpl - HHH000420: Closing un-released batch
19:26:17.724 [main] DEBUG o.h.e.t.internal.TransactionImpl - begin
19:26:17.726 [main] DEBUG org.hibernate.SQL - select next_val as id_val from hibernate_sequence for update
Hibernate: select next_val as id_val from hibernate_sequence for update
19:26:17.726 [main] DEBUG org.hibernate.SQL - update hibernate_sequence set next_val= ? where next_val=?
Hibernate: update hibernate_sequence set next_val= ? where next_val=?
19:26:17.728 [main] DEBUG o.h.e.i.AbstractSaveEventListener - Generated identifier: 70, using strategy: org.hibernate.id.enhanced.SequenceStyleGenerator
19:26:17.728 [main] DEBUG o.h.e.t.internal.TransactionImpl - committing
19:26:17.728 [main] DEBUG o.h.e.i.AbstractFlushingEventListener - Processing flush-time cascades
19:26:17.728 [main] DEBUG o.h.e.i.AbstractFlushingEventListener - Dirty checking collections
19:26:17.728 [main] DEBUG o.h.e.i.AbstractFlushingEventListener - Flushed: 1 insertions, 0 updates, 0 deletions to 1 objects
19:26:17.729 [main] DEBUG o.h.e.i.AbstractFlushingEventListener - Flushed: 0 (re)creations, 0 updates, 0 removals to 0 collections
19:26:17.729 [main] DEBUG o.h.internal.util.EntityPrinter - Listing entities:
19:26:17.729 [main] DEBUG o.h.internal.util.EntityPrinter - edu.ncsu.csc.itrust2.models.persistent.LogEntry{secondaryUser=null, logCode=5, primaryUser=logapitest, id=70, time=java.util.GregorianCalendar[time=1521660377724,areFieldsSet=true,areAllFieldsSet=true,lenient=true,zone=sun.util.calendar.ZoneInfo[id="Etc/UTC",offset=0,dstSavings=0,useDaylight=false,transitions=0,lastRule=null],firstDayOfWeek=1,minimalDaysInFirstWeek=1,ERA=1,YEAR=2018,MONTH=2,WEEK_OF_YEAR=12,WEEK_OF_MONTH=4,DAY_OF_MONTH=21,DAY_OF_YEAR=80,DAY_OF_WEEK=4,DAY_OF_WEEK_IN_MONTH=3,AM_PM=1,HOUR=7,HOUR_OF_DAY=19,MINUTE=26,SECOND=17,MILLISECOND=724,ZONE_OFFSET=0,DST_OFFSET=0], message=null}
19:26:17.735 [main] DEBUG org.hibernate.SQL - insert into LogEntries (logCode, message, primaryUser, secondaryUser, time, id) values (?, ?, ?, ?, ?, ?)
Hibernate: insert into LogEntries (logCode, message, primaryUser, secondaryUser, time, id) values (?, ?, ?, ?, ?, ?)
19:26:17.737 [main] DEBUG o.h.e.j.internal.JdbcCoordinatorImpl - HHH000420: Closing un-released batch
19:26:17.755 [main] DEBUG o.h.e.t.internal.TransactionImpl - begin
19:26:17.757 [main] DEBUG org.hibernate.SQL - select next_val as id_val from hibernate_sequence for update
Hibernate: select next_val as id_val from hibernate_sequence for update
19:26:17.757 [main] DEBUG org.hibernate.SQL - update hibernate_sequence set next_val= ? where next_val=?
Hibernate: update hibernate_sequence set next_val= ? where next_val=?
19:26:17.758 [main] DEBUG o.h.e.i.AbstractSaveEventListener - Generated identifier: 71, using strategy: org.hibernate.id.enhanced.SequenceStyleGenerator
19:26:17.759 [main] DEBUG o.h.e.t.internal.TransactionImpl - committing
19:26:17.759 [main] DEBUG o.h.e.i.AbstractFlushingEventListener - Processing flush-time cascades
19:26:17.759 [main] DEBUG o.h.e.i.AbstractFlushingEventListener - Dirty checking collections
19:26:17.759 [main] DEBUG o.h.e.i.AbstractFlushingEventListener - Flushed: 1 insertions, 0 updates, 0 deletions to 1 objects
19:26:17.759 [main] DEBUG o.h.e.i.AbstractFlushingEventListener - Flushed: 0 (re)creations, 0 updates, 0 removals to 0 collections
19:26:17.759 [main] DEBUG o.h.internal.util.EntityPrinter - Listing entities:
19:26:17.759 [main] DEBUG o.h.internal.util.EntityPrinter - edu.ncsu.csc.itrust2.models.persistent.LogEntry{secondaryUser=null, logCode=5, primaryUser=logapitest, id=71, time=java.util.GregorianCalendar[time=1521660377755,areFieldsSet=true,areAllFieldsSet=true,lenient=true,zone=sun.util.calendar.ZoneInfo[id="Etc/UTC",offset=0,dstSavings=0,useDaylight=false,transitions=0,lastRule=null],firstDayOfWeek=1,minimalDaysInFirstWeek=1,ERA=1,YEAR=2018,MONTH=2,WEEK_OF_YEAR=12,WEEK_OF_MONTH=4,DAY_OF_MONTH=21,DAY_OF_YEAR=80,DAY_OF_WEEK=4,DAY_OF_WEEK_IN_MONTH=3,AM_PM=1,HOUR=7,HOUR_OF_DAY=19,MINUTE=26,SECOND=17,MILLISECOND=755,ZONE_OFFSET=0,DST_OFFSET=0], message=null}
19:26:17.760 [main] DEBUG org.hibernate.SQL - insert into LogEntries (logCode, message, primaryUser, secondaryUser, time, id) values (?, ?, ?, ?, ?, ?)
Hibernate: insert into LogEntries (logCode, message, primaryUser, secondaryUser, time, id) values (?, ?, ?, ?, ?, ?)
19:26:17.766 [main] DEBUG o.h.e.j.internal.JdbcCoordinatorImpl - HHH000420: Closing un-released batch
19:26:17.768 [main] DEBUG o.h.e.t.internal.TransactionImpl - begin
19:26:17.769 [main] DEBUG org.hibernate.SQL - select next_val as id_val from hibernate_sequence for update
Hibernate: select next_val as id_val from hibernate_sequence for update
19:26:17.769 [main] DEBUG org.hibernate.SQL - update hibernate_sequence set next_val= ? where next_val=?
Hibernate: update hibernate_sequence set next_val= ? where next_val=?
19:26:17.771 [main] DEBUG o.h.e.i.AbstractSaveEventListener - Generated identifier: 72, using strategy: org.hibernate.id.enhanced.SequenceStyleGenerator
19:26:17.771 [main] DEBUG o.h.e.t.internal.TransactionImpl - committing
19:26:17.771 [main] DEBUG o.h.e.i.AbstractFlushingEventListener - Processing flush-time cascades
19:26:17.771 [main] DEBUG o.h.e.i.AbstractFlushingEventListener - Dirty checking collections
19:26:17.771 [main] DEBUG o.h.e.i.AbstractFlushingEventListener - Flushed: 1 insertions, 0 updates, 0 deletions to 1 objects
19:26:17.771 [main] DEBUG o.h.e.i.AbstractFlushingEventListener - Flushed: 0 (re)creations, 0 updates, 0 removals to 0 collections
19:26:17.771 [main] DEBUG o.h.internal.util.EntityPrinter - Listing entities:
19:26:17.771 [main] DEBUG o.h.internal.util.EntityPrinter - edu.ncsu.csc.itrust2.models.persistent.LogEntry{secondaryUser=null, logCode=5, primaryUser=logapitest, id=72, time=java.util.GregorianCalendar[time=1521660377768,areFieldsSet=true,areAllFieldsSet=true,lenient=true,zone=sun.util.calendar.ZoneInfo[id="Etc/UTC",offset=0,dstSavings=0,useDaylight=false,transitions=0,lastRule=null],firstDayOfWeek=1,minimalDaysInFirstWeek=1,ERA=1,YEAR=2018,MONTH=2,WEEK_OF_YEAR=12,WEEK_OF_MONTH=4,DAY_OF_MONTH=21,DAY_OF_YEAR=80,DAY_OF_WEEK=4,DAY_OF_WEEK_IN_MONTH=3,AM_PM=1,HOUR=7,HOUR_OF_DAY=19,MINUTE=26,SECOND=17,MILLISECOND=768,ZONE_OFFSET=0,DST_OFFSET=0], message=null}
19:26:17.772 [main] DEBUG org.hibernate.SQL - insert into LogEntries (logCode, message, primaryUser, secondaryUser, time, id) values (?, ?, ?, ?, ?, ?)
Hibernate: insert into LogEntries (logCode, message, primaryUser, secondaryUser, time, id) values (?, ?, ?, ?, ?, ?)
19:26:17.775 [main] DEBUG o.h.e.j.internal.JdbcCoordinatorImpl - HHH000420: Closing un-released batch
19:26:17.776 [main] DEBUG o.h.e.t.internal.TransactionImpl - begin
19:26:17.777 [main] DEBUG org.hibernate.SQL - select next_val as id_val from hibernate_sequence for update
Hibernate: select next_val as id_val from hibernate_sequence for update
19:26:17.778 [main] DEBUG org.hibernate.SQL - update hibernate_sequence set next_val= ? where next_val=?
Hibernate: update hibernate_sequence set next_val= ? where next_val=?
19:26:17.779 [main] DEBUG o.h.e.i.AbstractSaveEventListener - Generated identifier: 73, using strategy: org.hibernate.id.enhanced.SequenceStyleGenerator
19:26:17.779 [main] DEBUG o.h.e.t.internal.TransactionImpl - committing
19:26:17.780 [main] DEBUG o.h.e.i.AbstractFlushingEventListener - Processing flush-time cascades
19:26:17.780 [main] DEBUG o.h.e.i.AbstractFlushingEventListener - Dirty checking collections
19:26:17.780 [main] DEBUG o.h.e.i.AbstractFlushingEventListener - Flushed: 1 insertions, 0 updates, 0 deletions to 1 objects
19:26:17.780 [main] DEBUG o.h.e.i.AbstractFlushingEventListener - Flushed: 0 (re)creations, 0 updates, 0 removals to 0 collections
19:26:17.780 [main] DEBUG o.h.internal.util.EntityPrinter - Listing entities:
19:26:17.781 [main] DEBUG o.h.internal.util.EntityPrinter - edu.ncsu.csc.itrust2.models.persistent.LogEntry{secondaryUser=null, logCode=5, primaryUser=logapitest, id=73, time=java.util.GregorianCalendar[time=1521660377775,areFieldsSet=true,areAllFieldsSet=true,lenient=true,zone=sun.util.calendar.ZoneInfo[id="Etc/UTC",offset=0,dstSavings=0,useDaylight=false,transitions=0,lastRule=null],firstDayOfWeek=1,minimalDaysInFirstWeek=1,ERA=1,YEAR=2018,MONTH=2,WEEK_OF_YEAR=12,WEEK_OF_MONTH=4,DAY_OF_MONTH=21,DAY_OF_YEAR=80,DAY_OF_WEEK=4,DAY_OF_WEEK_IN_MONTH=3,AM_PM=1,HOUR=7,HOUR_OF_DAY=19,MINUTE=26,SECOND=17,MILLISECOND=775,ZONE_OFFSET=0,DST_OFFSET=0], message=null}
19:26:17.782 [main] DEBUG org.hibernate.SQL - insert into LogEntries (logCode, message, primaryUser, secondaryUser, time, id) values (?, ?, ?, ?, ?, ?)
Hibernate: insert into LogEntries (logCode, message, primaryUser, secondaryUser, time, id) values (?, ?, ?, ?, ?, ?)
19:26:17.784 [main] DEBUG o.h.e.j.internal.JdbcCoordinatorImpl - HHH000420: Closing un-released batch
19:26:17.785 [main] DEBUG o.h.e.t.internal.TransactionImpl - begin
19:26:17.785 [main] DEBUG org.hibernate.SQL - select next_val as id_val from hibernate_sequence for update
Hibernate: select next_val as id_val from hibernate_sequence for update
19:26:17.786 [main] DEBUG org.hibernate.SQL - update hibernate_sequence set next_val= ? where next_val=?
Hibernate: update hibernate_sequence set next_val= ? where next_val=?
19:26:17.797 [main] DEBUG o.h.e.i.AbstractSaveEventListener - Generated identifier: 74, using strategy: org.hibernate.id.enhanced.SequenceStyleGenerator
19:26:17.798 [main] DEBUG o.h.e.t.internal.TransactionImpl - committing
19:26:17.798 [main] DEBUG o.h.e.i.AbstractFlushingEventListener - Processing flush-time cascades
19:26:17.798 [main] DEBUG o.h.e.i.AbstractFlushingEventListener - Dirty checking collections
19:26:17.798 [main] DEBUG o.h.e.i.AbstractFlushingEventListener - Flushed: 1 insertions, 0 updates, 0 deletions to 1 objects
19:26:17.798 [main] DEBUG o.h.e.i.AbstractFlushingEventListener - Flushed: 0 (re)creations, 0 updates, 0 removals to 0 collections
19:26:17.798 [main] DEBUG o.h.internal.util.EntityPrinter - Listing entities:
19:26:17.798 [main] DEBUG o.h.internal.util.EntityPrinter - edu.ncsu.csc.itrust2.models.persistent.LogEntry{secondaryUser=null, logCode=5, primaryUser=logapitest, id=74, time=java.util.GregorianCalendar[time=1521660377785,areFieldsSet=true,areAllFieldsSet=true,lenient=true,zone=sun.util.calendar.ZoneInfo[id="Etc/UTC",offset=0,dstSavings=0,useDaylight=false,transitions=0,lastRule=null],firstDayOfWeek=1,minimalDaysInFirstWeek=1,ERA=1,YEAR=2018,MONTH=2,WEEK_OF_YEAR=12,WEEK_OF_MONTH=4,DAY_OF_MONTH=21,DAY_OF_YEAR=80,DAY_OF_WEEK=4,DAY_OF_WEEK_IN_MONTH=3,AM_PM=1,HOUR=7,HOUR_OF_DAY=19,MINUTE=26,SECOND=17,MILLISECOND=785,ZONE_OFFSET=0,DST_OFFSET=0], message=null}
19:26:17.799 [main] DEBUG org.hibernate.SQL - insert into LogEntries (logCode, message, primaryUser, secondaryUser, time, id) values (?, ?, ?, ?, ?, ?)
Hibernate: insert into LogEntries (logCode, message, primaryUser, secondaryUser, time, id) values (?, ?, ?, ?, ?, ?)
19:26:17.801 [main] DEBUG o.h.e.j.internal.JdbcCoordinatorImpl - HHH000420: Closing un-released batch
19:26:17.802 [main] DEBUG o.h.e.t.internal.TransactionImpl - begin
19:26:17.803 [main] DEBUG org.hibernate.SQL - select next_val as id_val from hibernate_sequence for update
Hibernate: select next_val as id_val from hibernate_sequence for update
19:26:17.803 [main] DEBUG org.hibernate.SQL - update hibernate_sequence set next_val= ? where next_val=?
Hibernate: update hibernate_sequence set next_val= ? where next_val=?
19:26:17.804 [main] DEBUG o.h.e.i.AbstractSaveEventListener - Generated identifier: 75, using strategy: org.hibernate.id.enhanced.SequenceStyleGenerator
19:26:17.804 [main] DEBUG o.h.e.t.internal.TransactionImpl - committing
19:26:17.805 [main] DEBUG o.h.e.i.AbstractFlushingEventListener - Processing flush-time cascades
19:26:17.805 [main] DEBUG o.h.e.i.AbstractFlushingEventListener - Dirty checking collections
19:26:17.805 [main] DEBUG o.h.e.i.AbstractFlushingEventListener - Flushed: 1 insertions, 0 updates, 0 deletions to 1 objects
19:26:17.805 [main] DEBUG o.h.e.i.AbstractFlushingEventListener - Flushed: 0 (re)creations, 0 updates, 0 removals to 0 collections
19:26:17.805 [main] DEBUG o.h.internal.util.EntityPrinter - Listing entities:
19:26:17.805 [main] DEBUG o.h.internal.util.EntityPrinter - edu.ncsu.csc.itrust2.models.persistent.LogEntry{secondaryUser=null, logCode=5, primaryUser=logapitest, id=75, time=java.util.GregorianCalendar[time=1521660377802,areFieldsSet=true,areAllFieldsSet=true,lenient=true,zone=sun.util.calendar.ZoneInfo[id="Etc/UTC",offset=0,dstSavings=0,useDaylight=false,transitions=0,lastRule=null],firstDayOfWeek=1,minimalDaysInFirstWeek=1,ERA=1,YEAR=2018,MONTH=2,WEEK_OF_YEAR=12,WEEK_OF_MONTH=4,DAY_OF_MONTH=21,DAY_OF_YEAR=80,DAY_OF_WEEK=4,DAY_OF_WEEK_IN_MONTH=3,AM_PM=1,HOUR=7,HOUR_OF_DAY=19,MINUTE=26,SECOND=17,MILLISECOND=802,ZONE_OFFSET=0,DST_OFFSET=0], message=null}
19:26:17.805 [main] DEBUG org.hibernate.SQL - insert into LogEntries (logCode, message, primaryUser, secondaryUser, time, id) values (?, ?, ?, ?, ?, ?)
Hibernate: insert into LogEntries (logCode, message, primaryUser, secondaryUser, time, id) values (?, ?, ?, ?, ?, ?)
19:26:17.808 [main] DEBUG o.h.e.j.internal.JdbcCoordinatorImpl - HHH000420: Closing un-released batch
19:26:17.808 [main] DEBUG o.h.e.t.internal.TransactionImpl - begin
19:26:17.809 [main] DEBUG org.hibernate.SQL - select next_val as id_val from hibernate_sequence for update
Hibernate: select next_val as id_val from hibernate_sequence for update
19:26:17.809 [main] DEBUG org.hibernate.SQL - update hibernate_sequence set next_val= ? where next_val=?
Hibernate: update hibernate_sequence set next_val= ? where next_val=?
19:26:17.810 [main] DEBUG o.h.e.i.AbstractSaveEventListener - Generated identifier: 76, using strategy: org.hibernate.id.enhanced.SequenceStyleGenerator
19:26:17.810 [main] DEBUG o.h.e.t.internal.TransactionImpl - committing
19:26:17.810 [main] DEBUG o.h.e.i.AbstractFlushingEventListener - Processing flush-time cascades
19:26:17.810 [main] DEBUG o.h.e.i.AbstractFlushingEventListener - Dirty checking collections
19:26:17.810 [main] DEBUG o.h.e.i.AbstractFlushingEventListener - Flushed: 1 insertions, 0 updates, 0 deletions to 1 objects
19:26:17.810 [main] DEBUG o.h.e.i.AbstractFlushingEventListener - Flushed: 0 (re)creations, 0 updates, 0 removals to 0 collections
19:26:17.810 [main] DEBUG o.h.internal.util.EntityPrinter - Listing entities:
19:26:17.810 [main] DEBUG o.h.internal.util.EntityPrinter - edu.ncsu.csc.itrust2.models.persistent.LogEntry{secondaryUser=null, logCode=5, primaryUser=logapitest, id=76, time=java.util.GregorianCalendar[time=1521660377808,areFieldsSet=true,areAllFieldsSet=true,lenient=true,zone=sun.util.calendar.ZoneInfo[id="Etc/UTC",offset=0,dstSavings=0,useDaylight=false,transitions=0,lastRule=null],firstDayOfWeek=1,minimalDaysInFirstWeek=1,ERA=1,YEAR=2018,MONTH=2,WEEK_OF_YEAR=12,WEEK_OF_MONTH=4,DAY_OF_MONTH=21,DAY_OF_YEAR=80,DAY_OF_WEEK=4,DAY_OF_WEEK_IN_MONTH=3,AM_PM=1,HOUR=7,HOUR_OF_DAY=19,MINUTE=26,SECOND=17,MILLISECOND=808,ZONE_OFFSET=0,DST_OFFSET=0], message=null}
19:26:17.811 [main] DEBUG org.hibernate.SQL - insert into LogEntries (logCode, message, primaryUser, secondaryUser, time, id) values (?, ?, ?, ?, ?, ?)
Hibernate: insert into LogEntries (logCode, message, primaryUser, secondaryUser, time, id) values (?, ?, ?, ?, ?, ?)
19:26:17.813 [main] DEBUG o.h.e.j.internal.JdbcCoordinatorImpl - HHH000420: Closing un-released batch
19:26:17.813 [main] DEBUG o.h.e.t.internal.TransactionImpl - begin
19:26:17.814 [main] DEBUG org.hibernate.SQL - select next_val as id_val from hibernate_sequence for update
Hibernate: select next_val as id_val from hibernate_sequence for update
19:26:17.814 [main] DEBUG org.hibernate.SQL - update hibernate_sequence set next_val= ? where next_val=?
Hibernate: update hibernate_sequence set next_val= ? where next_val=?
19:26:17.815 [main] DEBUG o.h.e.i.AbstractSaveEventListener - Generated identifier: 77, using strategy: org.hibernate.id.enhanced.SequenceStyleGenerator
19:26:17.816 [main] DEBUG o.h.e.t.internal.TransactionImpl - committing
19:26:17.816 [main] DEBUG o.h.e.i.AbstractFlushingEventListener - Processing flush-time cascades
19:26:17.816 [main] DEBUG o.h.e.i.AbstractFlushingEventListener - Dirty checking collections
19:26:17.816 [main] DEBUG o.h.e.i.AbstractFlushingEventListener - Flushed: 1 insertions, 0 updates, 0 deletions to 1 objects
19:26:17.816 [main] DEBUG o.h.e.i.AbstractFlushingEventListener - Flushed: 0 (re)creations, 0 updates, 0 removals to 0 collections
19:26:17.816 [main] DEBUG o.h.internal.util.EntityPrinter - Listing entities:
19:26:17.816 [main] DEBUG o.h.internal.util.EntityPrinter - edu.ncsu.csc.itrust2.models.persistent.LogEntry{secondaryUser=null, logCode=5, primaryUser=logapitest, id=77, time=java.util.GregorianCalendar[time=1521660377813,areFieldsSet=true,areAllFieldsSet=true,lenient=true,zone=sun.util.calendar.ZoneInfo[id="Etc/UTC",offset=0,dstSavings=0,useDaylight=false,transitions=0,lastRule=null],firstDayOfWeek=1,minimalDaysInFirstWeek=1,ERA=1,YEAR=2018,MONTH=2,WEEK_OF_YEAR=12,WEEK_OF_MONTH=4,DAY_OF_MONTH=21,DAY_OF_YEAR=80,DAY_OF_WEEK=4,DAY_OF_WEEK_IN_MONTH=3,AM_PM=1,HOUR=7,HOUR_OF_DAY=19,MINUTE=26,SECOND=17,MILLISECOND=813,ZONE_OFFSET=0,DST_OFFSET=0], message=null}
19:26:17.817 [main] DEBUG org.hibernate.SQL - insert into LogEntries (logCode, message, primaryUser, secondaryUser, time, id) values (?, ?, ?, ?, ?, ?)
Hibernate: insert into LogEntries (logCode, message, primaryUser, secondaryUser, time, id) values (?, ?, ?, ?, ?, ?)
19:26:17.818 [main] DEBUG o.h.e.j.internal.JdbcCoordinatorImpl - HHH000420: Closing un-released batch
19:26:17.819 [main] DEBUG o.h.e.t.internal.TransactionImpl - begin
19:26:17.819 [main] DEBUG org.hibernate.SQL - select next_val as id_val from hibernate_sequence for update
Hibernate: select next_val as id_val from hibernate_sequence for update
19:26:17.820 [main] DEBUG org.hibernate.SQL - update hibernate_sequence set next_val= ? where next_val=?
Hibernate: update hibernate_sequence set next_val= ? where next_val=?
19:26:17.821 [main] DEBUG o.h.e.i.AbstractSaveEventListener - Generated identifier: 78, using strategy: org.hibernate.id.enhanced.SequenceStyleGenerator
19:26:17.821 [main] DEBUG o.h.e.t.internal.TransactionImpl - committing
19:26:17.821 [main] DEBUG o.h.e.i.AbstractFlushingEventListener - Processing flush-time cascades
19:26:17.821 [main] DEBUG o.h.e.i.AbstractFlushingEventListener - Dirty checking collections
19:26:17.821 [main] DEBUG o.h.e.i.AbstractFlushingEventListener - Flushed: 1 insertions, 0 updates, 0 deletions to 1 objects
19:26:17.821 [main] DEBUG o.h.e.i.AbstractFlushingEventListener - Flushed: 0 (re)creations, 0 updates, 0 removals to 0 collections
19:26:17.822 [main] DEBUG o.h.internal.util.EntityPrinter - Listing entities:
19:26:17.823 [main] DEBUG o.h.internal.util.EntityPrinter - edu.ncsu.csc.itrust2.models.persistent.LogEntry{secondaryUser=null, logCode=5, primaryUser=logapitest, id=78, time=java.util.GregorianCalendar[time=1521660377818,areFieldsSet=true,areAllFieldsSet=true,lenient=true,zone=sun.util.calendar.ZoneInfo[id="Etc/UTC",offset=0,dstSavings=0,useDaylight=false,transitions=0,lastRule=null],firstDayOfWeek=1,minimalDaysInFirstWeek=1,ERA=1,YEAR=2018,MONTH=2,WEEK_OF_YEAR=12,WEEK_OF_MONTH=4,DAY_OF_MONTH=21,DAY_OF_YEAR=80,DAY_OF_WEEK=4,DAY_OF_WEEK_IN_MONTH=3,AM_PM=1,HOUR=7,HOUR_OF_DAY=19,MINUTE=26,SECOND=17,MILLISECOND=818,ZONE_OFFSET=0,DST_OFFSET=0], message=null}
19:26:17.824 [main] DEBUG org.hibernate.SQL - insert into LogEntries (logCode, message, primaryUser, secondaryUser, time, id) values (?, ?, ?, ?, ?, ?)
Hibernate: insert into LogEntries (logCode, message, primaryUser, secondaryUser, time, id) values (?, ?, ?, ?, ?, ?)
19:26:17.825 [main] DEBUG o.h.e.j.internal.JdbcCoordinatorImpl - HHH000420: Closing un-released batch
19:26:17.826 [main] DEBUG o.h.e.t.internal.TransactionImpl - begin
19:26:17.827 [main] DEBUG org.hibernate.SQL - select next_val as id_val from hibernate_sequence for update
Hibernate: select next_val as id_val from hibernate_sequence for update
19:26:17.827 [main] DEBUG org.hibernate.SQL - update hibernate_sequence set next_val= ? where next_val=?
Hibernate: update hibernate_sequence set next_val= ? where next_val=?
19:26:17.828 [main] DEBUG o.h.e.i.AbstractSaveEventListener - Generated identifier: 79, using strategy: org.hibernate.id.enhanced.SequenceStyleGenerator
19:26:17.829 [main] DEBUG o.h.e.t.internal.TransactionImpl - committing
19:26:17.829 [main] DEBUG o.h.e.i.AbstractFlushingEventListener - Processing flush-time cascades
19:26:17.829 [main] DEBUG o.h.e.i.AbstractFlushingEventListener - Dirty checking collections
19:26:17.830 [main] DEBUG o.h.e.i.AbstractFlushingEventListener - Flushed: 1 insertions, 0 updates, 0 deletions to 1 objects
19:26:17.830 [main] DEBUG o.h.e.i.AbstractFlushingEventListener - Flushed: 0 (re)creations, 0 updates, 0 removals to 0 collections
19:26:17.830 [main] DEBUG o.h.internal.util.EntityPrinter - Listing entities:
19:26:17.830 [main] DEBUG o.h.internal.util.EntityPrinter - edu.ncsu.csc.itrust2.models.persistent.LogEntry{secondaryUser=null, logCode=5, primaryUser=logapitest, id=79, time=java.util.GregorianCalendar[time=1521660377826,areFieldsSet=true,areAllFieldsSet=true,lenient=true,zone=sun.util.calendar.ZoneInfo[id="Etc/UTC",offset=0,dstSavings=0,useDaylight=false,transitions=0,lastRule=null],firstDayOfWeek=1,minimalDaysInFirstWeek=1,ERA=1,YEAR=2018,MONTH=2,WEEK_OF_YEAR=12,WEEK_OF_MONTH=4,DAY_OF_MONTH=21,DAY_OF_YEAR=80,DAY_OF_WEEK=4,DAY_OF_WEEK_IN_MONTH=3,AM_PM=1,HOUR=7,HOUR_OF_DAY=19,MINUTE=26,SECOND=17,MILLISECOND=826,ZONE_OFFSET=0,DST_OFFSET=0], message=null}
19:26:17.831 [main] DEBUG org.hibernate.SQL - insert into LogEntries (logCode, message, primaryUser, secondaryUser, time, id) values (?, ?, ?, ?, ?, ?)
Hibernate: insert into LogEntries (logCode, message, primaryUser, secondaryUser, time, id) values (?, ?, ?, ?, ?, ?)
19:26:17.832 [main] DEBUG o.h.e.j.internal.JdbcCoordinatorImpl - HHH000420: Closing un-released batch
19:26:17.832 [main] DEBUG o.h.e.t.internal.TransactionImpl - begin
19:26:17.833 [main] DEBUG org.hibernate.SQL - select next_val as id_val from hibernate_sequence for update
Hibernate: select next_val as id_val from hibernate_sequence for update
19:26:17.833 [main] DEBUG org.hibernate.SQL - update hibernate_sequence set next_val= ? where next_val=?
Hibernate: update hibernate_sequence set next_val= ? where next_val=?
19:26:17.834 [main] DEBUG o.h.e.i.AbstractSaveEventListener - Generated identifier: 80, using strategy: org.hibernate.id.enhanced.SequenceStyleGenerator
19:26:17.834 [main] DEBUG o.h.e.t.internal.TransactionImpl - committing
19:26:17.834 [main] DEBUG o.h.e.i.AbstractFlushingEventListener - Processing flush-time cascades
19:26:17.834 [main] DEBUG o.h.e.i.AbstractFlushingEventListener - Dirty checking collections
19:26:17.835 [main] DEBUG o.h.e.i.AbstractFlushingEventListener - Flushed: 1 insertions, 0 updates, 0 deletions to 1 objects
19:26:17.835 [main] DEBUG o.h.e.i.AbstractFlushingEventListener - Flushed: 0 (re)creations, 0 updates, 0 removals to 0 collections
19:26:17.835 [main] DEBUG o.h.internal.util.EntityPrinter - Listing entities:
19:26:17.835 [main] DEBUG o.h.internal.util.EntityPrinter - edu.ncsu.csc.itrust2.models.persistent.LogEntry{secondaryUser=null, logCode=5, primaryUser=logapitest, id=80, time=java.util.GregorianCalendar[time=1521660377832,areFieldsSet=true,areAllFieldsSet=true,lenient=true,zone=sun.util.calendar.ZoneInfo[id="Etc/UTC",offset=0,dstSavings=0,useDaylight=false,transitions=0,lastRule=null],firstDayOfWeek=1,minimalDaysInFirstWeek=1,ERA=1,YEAR=2018,MONTH=2,WEEK_OF_YEAR=12,WEEK_OF_MONTH=4,DAY_OF_MONTH=21,DAY_OF_YEAR=80,DAY_OF_WEEK=4,DAY_OF_WEEK_IN_MONTH=3,AM_PM=1,HOUR=7,HOUR_OF_DAY=19,MINUTE=26,SECOND=17,MILLISECOND=832,ZONE_OFFSET=0,DST_OFFSET=0], message=null}
19:26:17.835 [main] DEBUG org.hibernate.SQL - insert into LogEntries (logCode, message, primaryUser, secondaryUser, time, id) values (?, ?, ?, ?, ?, ?)
Hibernate: insert into LogEntries (logCode, message, primaryUser, secondaryUser, time, id) values (?, ?, ?, ?, ?, ?)
19:26:17.838 [main] DEBUG o.h.e.j.internal.JdbcCoordinatorImpl - HHH000420: Closing un-released batch
19:26:17.838 [main] DEBUG o.h.e.t.internal.TransactionImpl - begin
19:26:17.839 [main] DEBUG org.hibernate.SQL - select next_val as id_val from hibernate_sequence for update
Hibernate: select next_val as id_val from hibernate_sequence for update
19:26:17.840 [main] DEBUG org.hibernate.SQL - update hibernate_sequence set next_val= ? where next_val=?
Hibernate: update hibernate_sequence set next_val= ? where next_val=?
19:26:17.841 [main] DEBUG o.h.e.i.AbstractSaveEventListener - Generated identifier: 81, using strategy: org.hibernate.id.enhanced.SequenceStyleGenerator
19:26:17.842 [main] DEBUG o.h.e.t.internal.TransactionImpl - committing
19:26:17.842 [main] DEBUG o.h.e.i.AbstractFlushingEventListener - Processing flush-time cascades
19:26:17.842 [main] DEBUG o.h.e.i.AbstractFlushingEventListener - Dirty checking collections
19:26:17.842 [main] DEBUG o.h.e.i.AbstractFlushingEventListener - Flushed: 1 insertions, 0 updates, 0 deletions to 1 objects
19:26:17.842 [main] DEBUG o.h.e.i.AbstractFlushingEventListener - Flushed: 0 (re)creations, 0 updates, 0 removals to 0 collections
19:26:17.842 [main] DEBUG o.h.internal.util.EntityPrinter - Listing entities:
19:26:17.843 [main] DEBUG o.h.internal.util.EntityPrinter - edu.ncsu.csc.itrust2.models.persistent.LogEntry{secondaryUser=null, logCode=5, primaryUser=logapitest, id=81, time=java.util.GregorianCalendar[time=1521660377838,areFieldsSet=true,areAllFieldsSet=true,lenient=true,zone=sun.util.calendar.ZoneInfo[id="Etc/UTC",offset=0,dstSavings=0,useDaylight=false,transitions=0,lastRule=null],firstDayOfWeek=1,minimalDaysInFirstWeek=1,ERA=1,YEAR=2018,MONTH=2,WEEK_OF_YEAR=12,WEEK_OF_MONTH=4,DAY_OF_MONTH=21,DAY_OF_YEAR=80,DAY_OF_WEEK=4,DAY_OF_WEEK_IN_MONTH=3,AM_PM=1,HOUR=7,HOUR_OF_DAY=19,MINUTE=26,SECOND=17,MILLISECOND=838,ZONE_OFFSET=0,DST_OFFSET=0], message=null}
19:26:17.846 [main] DEBUG org.hibernate.SQL - insert into LogEntries (logCode, message, primaryUser, secondaryUser, time, id) values (?, ?, ?, ?, ?, ?)
Hibernate: insert into LogEntries (logCode, message, primaryUser, secondaryUser, time, id) values (?, ?, ?, ?, ?, ?)
19:26:17.848 [main] DEBUG o.h.e.j.internal.JdbcCoordinatorImpl - HHH000420: Closing un-released batch
19:26:17.849 [main] DEBUG o.h.e.t.internal.TransactionImpl - begin
19:26:17.849 [main] DEBUG org.hibernate.SQL - select next_val as id_val from hibernate_sequence for update
Hibernate: select next_val as id_val from hibernate_sequence for update
19:26:17.850 [main] DEBUG org.hibernate.SQL - update hibernate_sequence set next_val= ? where next_val=?
Hibernate: update hibernate_sequence set next_val= ? where next_val=?
19:26:17.852 [main] DEBUG o.h.e.i.AbstractSaveEventListener - Generated identifier: 82, using strategy: org.hibernate.id.enhanced.SequenceStyleGenerator
19:26:17.857 [main] DEBUG o.h.e.t.internal.TransactionImpl - committing
19:26:17.859 [main] DEBUG o.h.e.i.AbstractFlushingEventListener - Processing flush-time cascades
19:26:17.859 [main] DEBUG o.h.e.i.AbstractFlushingEventListener - Dirty checking collections
19:26:17.859 [main] DEBUG o.h.e.i.AbstractFlushingEventListener - Flushed: 1 insertions, 0 updates, 0 deletions to 1 objects
19:26:17.862 [main] DEBUG o.h.e.i.AbstractFlushingEventListener - Flushed: 0 (re)creations, 0 updates, 0 removals to 0 collections
19:26:17.862 [main] DEBUG o.h.internal.util.EntityPrinter - Listing entities:
19:26:17.862 [main] DEBUG o.h.internal.util.EntityPrinter - edu.ncsu.csc.itrust2.models.persistent.LogEntry{secondaryUser=null, logCode=5, primaryUser=logapitest, id=82, time=java.util.GregorianCalendar[time=1521660377849,areFieldsSet=true,areAllFieldsSet=true,lenient=true,zone=sun.util.calendar.ZoneInfo[id="Etc/UTC",offset=0,dstSavings=0,useDaylight=false,transitions=0,lastRule=null],firstDayOfWeek=1,minimalDaysInFirstWeek=1,ERA=1,YEAR=2018,MONTH=2,WEEK_OF_YEAR=12,WEEK_OF_MONTH=4,DAY_OF_MONTH=21,DAY_OF_YEAR=80,DAY_OF_WEEK=4,DAY_OF_WEEK_IN_MONTH=3,AM_PM=1,HOUR=7,HOUR_OF_DAY=19,MINUTE=26,SECOND=17,MILLISECOND=849,ZONE_OFFSET=0,DST_OFFSET=0], message=null}
19:26:17.863 [main] DEBUG org.hibernate.SQL - insert into LogEntries (logCode, message, primaryUser, secondaryUser, time, id) values (?, ?, ?, ?, ?, ?)
Hibernate: insert into LogEntries (logCode, message, primaryUser, secondaryUser, time, id) values (?, ?, ?, ?, ?, ?)
19:26:17.864 [main] DEBUG o.h.e.j.internal.JdbcCoordinatorImpl - HHH000420: Closing un-released batch
19:26:17.865 [main] DEBUG o.h.e.t.internal.TransactionImpl - begin
19:26:17.865 [main] DEBUG org.hibernate.SQL - select next_val as id_val from hibernate_sequence for update
Hibernate: select next_val as id_val from hibernate_sequence for update
19:26:17.866 [main] DEBUG org.hibernate.SQL - update hibernate_sequence set next_val= ? where next_val=?
Hibernate: update hibernate_sequence set next_val= ? where next_val=?
19:26:17.867 [main] DEBUG o.h.e.i.AbstractSaveEventListener - Generated identifier: 83, using strategy: org.hibernate.id.enhanced.SequenceStyleGenerator
19:26:17.867 [main] DEBUG o.h.e.t.internal.TransactionImpl - committing
19:26:17.867 [main] DEBUG o.h.e.i.AbstractFlushingEventListener - Processing flush-time cascades
19:26:17.867 [main] DEBUG o.h.e.i.AbstractFlushingEventListener - Dirty checking collections
19:26:17.868 [main] DEBUG o.h.e.i.AbstractFlushingEventListener - Flushed: 1 insertions, 0 updates, 0 deletions to 1 objects
19:26:17.868 [main] DEBUG o.h.e.i.AbstractFlushingEventListener - Flushed: 0 (re)creations, 0 updates, 0 removals to 0 collections
19:26:17.868 [main] DEBUG o.h.internal.util.EntityPrinter - Listing entities:
19:26:17.868 [main] DEBUG o.h.internal.util.EntityPrinter - edu.ncsu.csc.itrust2.models.persistent.LogEntry{secondaryUser=null, logCode=5, primaryUser=logapitest, id=83, time=java.util.GregorianCalendar[time=1521660377865,areFieldsSet=true,areAllFieldsSet=true,lenient=true,zone=sun.util.calendar.ZoneInfo[id="Etc/UTC",offset=0,dstSavings=0,useDaylight=false,transitions=0,lastRule=null],firstDayOfWeek=1,minimalDaysInFirstWeek=1,ERA=1,YEAR=2018,MONTH=2,WEEK_OF_YEAR=12,WEEK_OF_MONTH=4,DAY_OF_MONTH=21,DAY_OF_YEAR=80,DAY_OF_WEEK=4,DAY_OF_WEEK_IN_MONTH=3,AM_PM=1,HOUR=7,HOUR_OF_DAY=19,MINUTE=26,SECOND=17,MILLISECOND=865,ZONE_OFFSET=0,DST_OFFSET=0], message=null}
19:26:17.869 [main] DEBUG org.hibernate.SQL - insert into LogEntries (logCode, message, primaryUser, secondaryUser, time, id) values (?, ?, ?, ?, ?, ?)
Hibernate: insert into LogEntries (logCode, message, primaryUser, secondaryUser, time, id) values (?, ?, ?, ?, ?, ?)
19:26:17.871 [main] DEBUG o.h.e.j.internal.JdbcCoordinatorImpl - HHH000420: Closing un-released batch
19:26:17.871 [main] DEBUG o.h.e.t.internal.TransactionImpl - begin
19:26:17.875 [main] DEBUG org.hibernate.SQL - select next_val as id_val from hibernate_sequence for update
Hibernate: select next_val as id_val from hibernate_sequence for update
19:26:17.876 [main] DEBUG org.hibernate.SQL - update hibernate_sequence set next_val= ? where next_val=?
Hibernate: update hibernate_sequence set next_val= ? where next_val=?
19:26:17.878 [main] DEBUG o.h.e.i.AbstractSaveEventListener - Generated identifier: 84, using strategy: org.hibernate.id.enhanced.SequenceStyleGenerator
19:26:17.878 [main] DEBUG o.h.e.t.internal.TransactionImpl - committing
19:26:17.878 [main] DEBUG o.h.e.i.AbstractFlushingEventListener - Processing flush-time cascades
19:26:17.878 [main] DEBUG o.h.e.i.AbstractFlushingEventListener - Dirty checking collections
19:26:17.878 [main] DEBUG o.h.e.i.AbstractFlushingEventListener - Flushed: 1 insertions, 0 updates, 0 deletions to 1 objects
19:26:17.878 [main] DEBUG o.h.e.i.AbstractFlushingEventListener - Flushed: 0 (re)creations, 0 updates, 0 removals to 0 collections
19:26:17.878 [main] DEBUG o.h.internal.util.EntityPrinter - Listing entities:
19:26:17.878 [main] DEBUG o.h.internal.util.EntityPrinter - edu.ncsu.csc.itrust2.models.persistent.LogEntry{secondaryUser=null, logCode=5, primaryUser=logapitest, id=84, time=java.util.GregorianCalendar[time=1521660377871,areFieldsSet=true,areAllFieldsSet=true,lenient=true,zone=sun.util.calendar.ZoneInfo[id="Etc/UTC",offset=0,dstSavings=0,useDaylight=false,transitions=0,lastRule=null],firstDayOfWeek=1,minimalDaysInFirstWeek=1,ERA=1,YEAR=2018,MONTH=2,WEEK_OF_YEAR=12,WEEK_OF_MONTH=4,DAY_OF_MONTH=21,DAY_OF_YEAR=80,DAY_OF_WEEK=4,DAY_OF_WEEK_IN_MONTH=3,AM_PM=1,HOUR=7,HOUR_OF_DAY=19,MINUTE=26,SECOND=17,MILLISECOND=871,ZONE_OFFSET=0,DST_OFFSET=0], message=null}
19:26:17.879 [main] DEBUG org.hibernate.SQL - insert into LogEntries (logCode, message, primaryUser, secondaryUser, time, id) values (?, ?, ?, ?, ?, ?)
Hibernate: insert into LogEntries (logCode, message, primaryUser, secondaryUser, time, id) values (?, ?, ?, ?, ?, ?)
19:26:17.887 [main] DEBUG o.h.e.j.internal.JdbcCoordinatorImpl - HHH000420: Closing un-released batch
19:26:17.887 [main] DEBUG o.h.e.t.internal.TransactionImpl - begin
19:26:17.888 [main] DEBUG org.hibernate.SQL - select next_val as id_val from hibernate_sequence for update
Hibernate: select next_val as id_val from hibernate_sequence for update
19:26:17.888 [main] DEBUG org.hibernate.SQL - update hibernate_sequence set next_val= ? where next_val=?
Hibernate: update hibernate_sequence set next_val= ? where next_val=?
19:26:17.890 [main] DEBUG o.h.e.i.AbstractSaveEventListener - Generated identifier: 85, using strategy: org.hibernate.id.enhanced.SequenceStyleGenerator
19:26:17.890 [main] DEBUG o.h.e.t.internal.TransactionImpl - committing
19:26:17.890 [main] DEBUG o.h.e.i.AbstractFlushingEventListener - Processing flush-time cascades
19:26:17.890 [main] DEBUG o.h.e.i.AbstractFlushingEventListener - Dirty checking collections
19:26:17.890 [main] DEBUG o.h.e.i.AbstractFlushingEventListener - Flushed: 1 insertions, 0 updates, 0 deletions to 1 objects
19:26:17.890 [main] DEBUG o.h.e.i.AbstractFlushingEventListener - Flushed: 0 (re)creations, 0 updates, 0 removals to 0 collections
19:26:17.890 [main] DEBUG o.h.internal.util.EntityPrinter - Listing entities:
19:26:17.891 [main] DEBUG o.h.internal.util.EntityPrinter - edu.ncsu.csc.itrust2.models.persistent.LogEntry{secondaryUser=null, logCode=5, primaryUser=logapitest, id=85, time=java.util.GregorianCalendar[time=1521660377887,areFieldsSet=true,areAllFieldsSet=true,lenient=true,zone=sun.util.calendar.ZoneInfo[id="Etc/UTC",offset=0,dstSavings=0,useDaylight=false,transitions=0,lastRule=null],firstDayOfWeek=1,minimalDaysInFirstWeek=1,ERA=1,YEAR=2018,MONTH=2,WEEK_OF_YEAR=12,WEEK_OF_MONTH=4,DAY_OF_MONTH=21,DAY_OF_YEAR=80,DAY_OF_WEEK=4,DAY_OF_WEEK_IN_MONTH=3,AM_PM=1,HOUR=7,HOUR_OF_DAY=19,MINUTE=26,SECOND=17,MILLISECOND=887,ZONE_OFFSET=0,DST_OFFSET=0], message=null}
19:26:17.891 [main] DEBUG org.hibernate.SQL - insert into LogEntries (logCode, message, primaryUser, secondaryUser, time, id) values (?, ?, ?, ?, ?, ?)
Hibernate: insert into LogEntries (logCode, message, primaryUser, secondaryUser, time, id) values (?, ?, ?, ?, ?, ?)
19:26:17.893 [main] DEBUG o.h.e.j.internal.JdbcCoordinatorImpl - HHH000420: Closing un-released batch
19:26:17.893 [main] DEBUG o.h.e.t.internal.TransactionImpl - begin
19:26:17.894 [main] DEBUG org.hibernate.SQL - select next_val as id_val from hibernate_sequence for update
Hibernate: select next_val as id_val from hibernate_sequence for update
19:26:17.894 [main] DEBUG org.hibernate.SQL - update hibernate_sequence set next_val= ? where next_val=?
Hibernate: update hibernate_sequence set next_val= ? where next_val=?
19:26:17.902 [main] DEBUG o.h.e.i.AbstractSaveEventListener - Generated identifier: 86, using strategy: org.hibernate.id.enhanced.SequenceStyleGenerator
19:26:17.902 [main] DEBUG o.h.e.t.internal.TransactionImpl - committing
19:26:17.903 [main] DEBUG o.h.e.i.AbstractFlushingEventListener - Processing flush-time cascades
19:26:17.903 [main] DEBUG o.h.e.i.AbstractFlushingEventListener - Dirty checking collections
19:26:17.903 [main] DEBUG o.h.e.i.AbstractFlushingEventListener - Flushed: 1 insertions, 0 updates, 0 deletions to 1 objects
19:26:17.903 [main] DEBUG o.h.e.i.AbstractFlushingEventListener - Flushed: 0 (re)creations, 0 updates, 0 removals to 0 collections
19:26:17.904 [main] DEBUG o.h.internal.util.EntityPrinter - Listing entities:
19:26:17.904 [main] DEBUG o.h.internal.util.EntityPrinter - edu.ncsu.csc.itrust2.models.persistent.LogEntry{secondaryUser=null, logCode=5, primaryUser=logapitest, id=86, time=java.util.GregorianCalendar[time=1521660377893,areFieldsSet=true,areAllFieldsSet=true,lenient=true,zone=sun.util.calendar.ZoneInfo[id="Etc/UTC",offset=0,dstSavings=0,useDaylight=false,transitions=0,lastRule=null],firstDayOfWeek=1,minimalDaysInFirstWeek=1,ERA=1,YEAR=2018,MONTH=2,WEEK_OF_YEAR=12,WEEK_OF_MONTH=4,DAY_OF_MONTH=21,DAY_OF_YEAR=80,DAY_OF_WEEK=4,DAY_OF_WEEK_IN_MONTH=3,AM_PM=1,HOUR=7,HOUR_OF_DAY=19,MINUTE=26,SECOND=17,MILLISECOND=893,ZONE_OFFSET=0,DST_OFFSET=0], message=null}
19:26:17.904 [main] DEBUG org.hibernate.SQL - insert into LogEntries (logCode, message, primaryUser, secondaryUser, time, id) values (?, ?, ?, ?, ?, ?)
Hibernate: insert into LogEntries (logCode, message, primaryUser, secondaryUser, time, id) values (?, ?, ?, ?, ?, ?)
19:26:17.909 [main] DEBUG o.h.e.j.internal.JdbcCoordinatorImpl - HHH000420: Closing un-released batch
19:26:17.909 [main] DEBUG o.h.e.t.internal.TransactionImpl - begin
19:26:17.910 [main] DEBUG org.hibernate.SQL - select next_val as id_val from hibernate_sequence for update
Hibernate: select next_val as id_val from hibernate_sequence for update
19:26:17.911 [main] DEBUG org.hibernate.SQL - update hibernate_sequence set next_val= ? where next_val=?
Hibernate: update hibernate_sequence set next_val= ? where next_val=?
19:26:17.912 [main] DEBUG o.h.e.i.AbstractSaveEventListener - Generated identifier: 87, using strategy: org.hibernate.id.enhanced.SequenceStyleGenerator
19:26:17.912 [main] DEBUG o.h.e.t.internal.TransactionImpl - committing
19:26:17.913 [main] DEBUG o.h.e.i.AbstractFlushingEventListener - Processing flush-time cascades
19:26:17.913 [main] DEBUG o.h.e.i.AbstractFlushingEventListener - Dirty checking collections
19:26:17.913 [main] DEBUG o.h.e.i.AbstractFlushingEventListener - Flushed: 1 insertions, 0 updates, 0 deletions to 1 objects
19:26:17.913 [main] DEBUG o.h.e.i.AbstractFlushingEventListener - Flushed: 0 (re)creations, 0 updates, 0 removals to 0 collections
19:26:17.913 [main] DEBUG o.h.internal.util.EntityPrinter - Listing entities:
19:26:17.913 [main] DEBUG o.h.internal.util.EntityPrinter - edu.ncsu.csc.itrust2.models.persistent.LogEntry{secondaryUser=null, logCode=5, primaryUser=logapitest, id=87, time=java.util.GregorianCalendar[time=1521660377909,areFieldsSet=true,areAllFieldsSet=true,lenient=true,zone=sun.util.calendar.ZoneInfo[id="Etc/UTC",offset=0,dstSavings=0,useDaylight=false,transitions=0,lastRule=null],firstDayOfWeek=1,minimalDaysInFirstWeek=1,ERA=1,YEAR=2018,MONTH=2,WEEK_OF_YEAR=12,WEEK_OF_MONTH=4,DAY_OF_MONTH=21,DAY_OF_YEAR=80,DAY_OF_WEEK=4,DAY_OF_WEEK_IN_MONTH=3,AM_PM=1,HOUR=7,HOUR_OF_DAY=19,MINUTE=26,SECOND=17,MILLISECOND=909,ZONE_OFFSET=0,DST_OFFSET=0], message=null}
19:26:17.915 [main] DEBUG org.hibernate.SQL - insert into LogEntries (logCode, message, primaryUser, secondaryUser, time, id) values (?, ?, ?, ?, ?, ?)
Hibernate: insert into LogEntries (logCode, message, primaryUser, secondaryUser, time, id) values (?, ?, ?, ?, ?, ?)
19:26:17.920 [main] DEBUG o.h.e.j.internal.JdbcCoordinatorImpl - HHH000420: Closing un-released batch
19:26:17.920 [main] DEBUG o.h.e.t.internal.TransactionImpl - begin
19:26:17.923 [main] DEBUG org.hibernate.SQL - select next_val as id_val from hibernate_sequence for update
Hibernate: select next_val as id_val from hibernate_sequence for update
19:26:17.924 [main] DEBUG org.hibernate.SQL - update hibernate_sequence set next_val= ? where next_val=?
Hibernate: update hibernate_sequence set next_val= ? where next_val=?
19:26:17.926 [main] DEBUG o.h.e.i.AbstractSaveEventListener - Generated identifier: 88, using strategy: org.hibernate.id.enhanced.SequenceStyleGenerator
19:26:17.926 [main] DEBUG o.h.e.t.internal.TransactionImpl - committing
19:26:17.926 [main] DEBUG o.h.e.i.AbstractFlushingEventListener - Processing flush-time cascades
19:26:17.926 [main] DEBUG o.h.e.i.AbstractFlushingEventListener - Dirty checking collections
19:26:17.926 [main] DEBUG o.h.e.i.AbstractFlushingEventListener - Flushed: 1 insertions, 0 updates, 0 deletions to 1 objects
19:26:17.926 [main] DEBUG o.h.e.i.AbstractFlushingEventListener - Flushed: 0 (re)creations, 0 updates, 0 removals to 0 collections
19:26:17.926 [main] DEBUG o.h.internal.util.EntityPrinter - Listing entities:
19:26:17.927 [main] DEBUG o.h.internal.util.EntityPrinter - edu.ncsu.csc.itrust2.models.persistent.LogEntry{secondaryUser=null, logCode=5, primaryUser=logapitest, id=88, time=java.util.GregorianCalendar[time=1521660377920,areFieldsSet=true,areAllFieldsSet=true,lenient=true,zone=sun.util.calendar.ZoneInfo[id="Etc/UTC",offset=0,dstSavings=0,useDaylight=false,transitions=0,lastRule=null],firstDayOfWeek=1,minimalDaysInFirstWeek=1,ERA=1,YEAR=2018,MONTH=2,WEEK_OF_YEAR=12,WEEK_OF_MONTH=4,DAY_OF_MONTH=21,DAY_OF_YEAR=80,DAY_OF_WEEK=4,DAY_OF_WEEK_IN_MONTH=3,AM_PM=1,HOUR=7,HOUR_OF_DAY=19,MINUTE=26,SECOND=17,MILLISECOND=920,ZONE_OFFSET=0,DST_OFFSET=0], message=null}
19:26:17.927 [main] DEBUG org.hibernate.SQL - insert into LogEntries (logCode, message, primaryUser, secondaryUser, time, id) values (?, ?, ?, ?, ?, ?)
Hibernate: insert into LogEntries (logCode, message, primaryUser, secondaryUser, time, id) values (?, ?, ?, ?, ?, ?)
19:26:17.929 [main] DEBUG o.h.e.j.internal.JdbcCoordinatorImpl - HHH000420: Closing un-released batch
19:26:17.929 [main] DEBUG o.h.e.t.internal.TransactionImpl - begin
19:26:17.930 [main] DEBUG org.hibernate.SQL - select next_val as id_val from hibernate_sequence for update
Hibernate: select next_val as id_val from hibernate_sequence for update
19:26:17.930 [main] DEBUG org.hibernate.SQL - update hibernate_sequence set next_val= ? where next_val=?
Hibernate: update hibernate_sequence set next_val= ? where next_val=?
19:26:17.931 [main] DEBUG o.h.e.i.AbstractSaveEventListener - Generated identifier: 89, using strategy: org.hibernate.id.enhanced.SequenceStyleGenerator
19:26:17.932 [main] DEBUG o.h.e.t.internal.TransactionImpl - committing
19:26:17.932 [main] DEBUG o.h.e.i.AbstractFlushingEventListener - Processing flush-time cascades
19:26:17.932 [main] DEBUG o.h.e.i.AbstractFlushingEventListener - Dirty checking collections
19:26:17.932 [main] DEBUG o.h.e.i.AbstractFlushingEventListener - Flushed: 1 insertions, 0 updates, 0 deletions to 1 objects
19:26:17.932 [main] DEBUG o.h.e.i.AbstractFlushingEventListener - Flushed: 0 (re)creations, 0 updates, 0 removals to 0 collections
19:26:17.932 [main] DEBUG o.h.internal.util.EntityPrinter - Listing entities:
19:26:17.932 [main] DEBUG o.h.internal.util.EntityPrinter - edu.ncsu.csc.itrust2.models.persistent.LogEntry{secondaryUser=null, logCode=5, primaryUser=logapitest, id=89, time=java.util.GregorianCalendar[time=1521660377929,areFieldsSet=true,areAllFieldsSet=true,lenient=true,zone=sun.util.calendar.ZoneInfo[id="Etc/UTC",offset=0,dstSavings=0,useDaylight=false,transitions=0,lastRule=null],firstDayOfWeek=1,minimalDaysInFirstWeek=1,ERA=1,YEAR=2018,MONTH=2,WEEK_OF_YEAR=12,WEEK_OF_MONTH=4,DAY_OF_MONTH=21,DAY_OF_YEAR=80,DAY_OF_WEEK=4,DAY_OF_WEEK_IN_MONTH=3,AM_PM=1,HOUR=7,HOUR_OF_DAY=19,MINUTE=26,SECOND=17,MILLISECOND=929,ZONE_OFFSET=0,DST_OFFSET=0], message=null}
19:26:17.933 [main] DEBUG org.hibernate.SQL - insert into LogEntries (logCode, message, primaryUser, secondaryUser, time, id) values (?, ?, ?, ?, ?, ?)
Hibernate: insert into LogEntries (logCode, message, primaryUser, secondaryUser, time, id) values (?, ?, ?, ?, ?, ?)
19:26:17.934 [main] DEBUG o.h.e.j.internal.JdbcCoordinatorImpl - HHH000420: Closing un-released batch
19:26:17.935 [main] DEBUG o.h.e.t.internal.TransactionImpl - begin
19:26:17.936 [main] DEBUG org.hibernate.SQL - select next_val as id_val from hibernate_sequence for update
Hibernate: select next_val as id_val from hibernate_sequence for update
19:26:17.936 [main] DEBUG org.hibernate.SQL - update hibernate_sequence set next_val= ? where next_val=?
Hibernate: update hibernate_sequence set next_val= ? where next_val=?
19:26:17.938 [main] DEBUG o.h.e.i.AbstractSaveEventListener - Generated identifier: 90, using strategy: org.hibernate.id.enhanced.SequenceStyleGenerator
19:26:17.938 [main] DEBUG o.h.e.t.internal.TransactionImpl - committing
19:26:17.938 [main] DEBUG o.h.e.i.AbstractFlushingEventListener - Processing flush-time cascades
19:26:17.938 [main] DEBUG o.h.e.i.AbstractFlushingEventListener - Dirty checking collections
19:26:17.938 [main] DEBUG o.h.e.i.AbstractFlushingEventListener - Flushed: 1 insertions, 0 updates, 0 deletions to 1 objects
19:26:17.938 [main] DEBUG o.h.e.i.AbstractFlushingEventListener - Flushed: 0 (re)creations, 0 updates, 0 removals to 0 collections
19:26:17.938 [main] DEBUG o.h.internal.util.EntityPrinter - Listing entities:
19:26:17.939 [main] DEBUG o.h.internal.util.EntityPrinter - edu.ncsu.csc.itrust2.models.persistent.LogEntry{secondaryUser=null, logCode=5, primaryUser=logapitest, id=90, time=java.util.GregorianCalendar[time=1521660377935,areFieldsSet=true,areAllFieldsSet=true,lenient=true,zone=sun.util.calendar.ZoneInfo[id="Etc/UTC",offset=0,dstSavings=0,useDaylight=false,transitions=0,lastRule=null],firstDayOfWeek=1,minimalDaysInFirstWeek=1,ERA=1,YEAR=2018,MONTH=2,WEEK_OF_YEAR=12,WEEK_OF_MONTH=4,DAY_OF_MONTH=21,DAY_OF_YEAR=80,DAY_OF_WEEK=4,DAY_OF_WEEK_IN_MONTH=3,AM_PM=1,HOUR=7,HOUR_OF_DAY=19,MINUTE=26,SECOND=17,MILLISECOND=935,ZONE_OFFSET=0,DST_OFFSET=0], message=null}
19:26:17.939 [main] DEBUG org.hibernate.SQL - insert into LogEntries (logCode, message, primaryUser, secondaryUser, time, id) values (?, ?, ?, ?, ?, ?)
Hibernate: insert into LogEntries (logCode, message, primaryUser, secondaryUser, time, id) values (?, ?, ?, ?, ?, ?)
19:26:17.941 [main] DEBUG o.h.e.j.internal.JdbcCoordinatorImpl - HHH000420: Closing un-released batch
19:26:17.941 [main] DEBUG o.h.e.t.internal.TransactionImpl - begin
19:26:17.942 [main] DEBUG org.hibernate.SQL - select next_val as id_val from hibernate_sequence for update
Hibernate: select next_val as id_val from hibernate_sequence for update
19:26:17.942 [main] DEBUG org.hibernate.SQL - update hibernate_sequence set next_val= ? where next_val=?
Hibernate: update hibernate_sequence set next_val= ? where next_val=?
19:26:17.943 [main] DEBUG o.h.e.i.AbstractSaveEventListener - Generated identifier: 91, using strategy: org.hibernate.id.enhanced.SequenceStyleGenerator
19:26:17.943 [main] DEBUG o.h.e.t.internal.TransactionImpl - committing
19:26:17.944 [main] DEBUG o.h.e.i.AbstractFlushingEventListener - Processing flush-time cascades
19:26:17.944 [main] DEBUG o.h.e.i.AbstractFlushingEventListener - Dirty checking collections
19:26:17.944 [main] DEBUG o.h.e.i.AbstractFlushingEventListener - Flushed: 1 insertions, 0 updates, 0 deletions to 1 objects
19:26:17.944 [main] DEBUG o.h.e.i.AbstractFlushingEventListener - Flushed: 0 (re)creations, 0 updates, 0 removals to 0 collections
19:26:17.944 [main] DEBUG o.h.internal.util.EntityPrinter - Listing entities:
19:26:17.944 [main] DEBUG o.h.internal.util.EntityPrinter - edu.ncsu.csc.itrust2.models.persistent.LogEntry{secondaryUser=null, logCode=5, primaryUser=logapitest, id=91, time=java.util.GregorianCalendar[time=1521660377941,areFieldsSet=true,areAllFieldsSet=true,lenient=true,zone=sun.util.calendar.ZoneInfo[id="Etc/UTC",offset=0,dstSavings=0,useDaylight=false,transitions=0,lastRule=null],firstDayOfWeek=1,minimalDaysInFirstWeek=1,ERA=1,YEAR=2018,MONTH=2,WEEK_OF_YEAR=12,WEEK_OF_MONTH=4,DAY_OF_MONTH=21,DAY_OF_YEAR=80,DAY_OF_WEEK=4,DAY_OF_WEEK_IN_MONTH=3,AM_PM=1,HOUR=7,HOUR_OF_DAY=19,MINUTE=26,SECOND=17,MILLISECOND=941,ZONE_OFFSET=0,DST_OFFSET=0], message=null}
19:26:17.945 [main] DEBUG org.hibernate.SQL - insert into LogEntries (logCode, message, primaryUser, secondaryUser, time, id) values (?, ?, ?, ?, ?, ?)
Hibernate: insert into LogEntries (logCode, message, primaryUser, secondaryUser, time, id) values (?, ?, ?, ?, ?, ?)
19:26:17.947 [main] DEBUG o.h.e.j.internal.JdbcCoordinatorImpl - HHH000420: Closing un-released batch
19:26:17.947 [main] DEBUG o.h.e.t.internal.TransactionImpl - begin
19:26:17.948 [main] DEBUG org.hibernate.SQL - select next_val as id_val from hibernate_sequence for update
Hibernate: select next_val as id_val from hibernate_sequence for update
19:26:17.948 [main] DEBUG org.hibernate.SQL - update hibernate_sequence set next_val= ? where next_val=?
Hibernate: update hibernate_sequence set next_val= ? where next_val=?
19:26:17.950 [main] DEBUG o.h.e.i.AbstractSaveEventListener - Generated identifier: 92, using strategy: org.hibernate.id.enhanced.SequenceStyleGenerator
19:26:17.950 [main] DEBUG o.h.e.t.internal.TransactionImpl - committing
19:26:17.950 [main] DEBUG o.h.e.i.AbstractFlushingEventListener - Processing flush-time cascades
19:26:17.950 [main] DEBUG o.h.e.i.AbstractFlushingEventListener - Dirty checking collections
19:26:17.951 [main] DEBUG o.h.e.i.AbstractFlushingEventListener - Flushed: 1 insertions, 0 updates, 0 deletions to 1 objects
19:26:17.951 [main] DEBUG o.h.e.i.AbstractFlushingEventListener - Flushed: 0 (re)creations, 0 updates, 0 removals to 0 collections
19:26:17.951 [main] DEBUG o.h.internal.util.EntityPrinter - Listing entities:
19:26:17.951 [main] DEBUG o.h.internal.util.EntityPrinter - edu.ncsu.csc.itrust2.models.persistent.LogEntry{secondaryUser=null, logCode=5, primaryUser=logapitest, id=92, time=java.util.GregorianCalendar[time=1521660377947,areFieldsSet=true,areAllFieldsSet=true,lenient=true,zone=sun.util.calendar.ZoneInfo[id="Etc/UTC",offset=0,dstSavings=0,useDaylight=false,transitions=0,lastRule=null],firstDayOfWeek=1,minimalDaysInFirstWeek=1,ERA=1,YEAR=2018,MONTH=2,WEEK_OF_YEAR=12,WEEK_OF_MONTH=4,DAY_OF_MONTH=21,DAY_OF_YEAR=80,DAY_OF_WEEK=4,DAY_OF_WEEK_IN_MONTH=3,AM_PM=1,HOUR=7,HOUR_OF_DAY=19,MINUTE=26,SECOND=17,MILLISECOND=947,ZONE_OFFSET=0,DST_OFFSET=0], message=null}
19:26:17.952 [main] DEBUG org.hibernate.SQL - insert into LogEntries (logCode, message, primaryUser, secondaryUser, time, id) values (?, ?, ?, ?, ?, ?)
Hibernate: insert into LogEntries (logCode, message, primaryUser, secondaryUser, time, id) values (?, ?, ?, ?, ?, ?)
19:26:17.953 [main] DEBUG o.h.e.j.internal.JdbcCoordinatorImpl - HHH000420: Closing un-released batch
19:26:17.954 [main] DEBUG o.h.e.t.internal.TransactionImpl - begin
19:26:17.954 [main] DEBUG org.hibernate.SQL - select next_val as id_val from hibernate_sequence for update
Hibernate: select next_val as id_val from hibernate_sequence for update
19:26:17.955 [main] DEBUG org.hibernate.SQL - update hibernate_sequence set next_val= ? where next_val=?
Hibernate: update hibernate_sequence set next_val= ? where next_val=?
19:26:17.955 [main] DEBUG o.h.e.i.AbstractSaveEventListener - Generated identifier: 93, using strategy: org.hibernate.id.enhanced.SequenceStyleGenerator
19:26:17.956 [main] DEBUG o.h.e.t.internal.TransactionImpl - committing
19:26:17.956 [main] DEBUG o.h.e.i.AbstractFlushingEventListener - Processing flush-time cascades
19:26:17.956 [main] DEBUG o.h.e.i.AbstractFlushingEventListener - Dirty checking collections
19:26:17.956 [main] DEBUG o.h.e.i.AbstractFlushingEventListener - Flushed: 1 insertions, 0 updates, 0 deletions to 1 objects
19:26:17.956 [main] DEBUG o.h.e.i.AbstractFlushingEventListener - Flushed: 0 (re)creations, 0 updates, 0 removals to 0 collections
19:26:17.956 [main] DEBUG o.h.internal.util.EntityPrinter - Listing entities:
19:26:17.956 [main] DEBUG o.h.internal.util.EntityPrinter - edu.ncsu.csc.itrust2.models.persistent.LogEntry{secondaryUser=null, logCode=5, primaryUser=logapitest, id=93, time=java.util.GregorianCalendar[time=1521660377953,areFieldsSet=true,areAllFieldsSet=true,lenient=true,zone=sun.util.calendar.ZoneInfo[id="Etc/UTC",offset=0,dstSavings=0,useDaylight=false,transitions=0,lastRule=null],firstDayOfWeek=1,minimalDaysInFirstWeek=1,ERA=1,YEAR=2018,MONTH=2,WEEK_OF_YEAR=12,WEEK_OF_MONTH=4,DAY_OF_MONTH=21,DAY_OF_YEAR=80,DAY_OF_WEEK=4,DAY_OF_WEEK_IN_MONTH=3,AM_PM=1,HOUR=7,HOUR_OF_DAY=19,MINUTE=26,SECOND=17,MILLISECOND=953,ZONE_OFFSET=0,DST_OFFSET=0], message=null}
19:26:17.957 [main] DEBUG org.hibernate.SQL - insert into LogEntries (logCode, message, primaryUser, secondaryUser, time, id) values (?, ?, ?, ?, ?, ?)
Hibernate: insert into LogEntries (logCode, message, primaryUser, secondaryUser, time, id) values (?, ?, ?, ?, ?, ?)
19:26:17.959 [main] DEBUG o.h.e.j.internal.JdbcCoordinatorImpl - HHH000420: Closing un-released batch
19:26:17.959 [main] DEBUG o.h.e.t.internal.TransactionImpl - begin
19:26:17.960 [main] DEBUG org.hibernate.SQL - select next_val as id_val from hibernate_sequence for update
Hibernate: select next_val as id_val from hibernate_sequence for update
19:26:17.960 [main] DEBUG org.hibernate.SQL - update hibernate_sequence set next_val= ? where next_val=?
Hibernate: update hibernate_sequence set next_val= ? where next_val=?
19:26:17.962 [main] DEBUG o.h.e.i.AbstractSaveEventListener - Generated identifier: 94, using strategy: org.hibernate.id.enhanced.SequenceStyleGenerator
19:26:17.962 [main] DEBUG o.h.e.t.internal.TransactionImpl - committing
19:26:17.962 [main] DEBUG o.h.e.i.AbstractFlushingEventListener - Processing flush-time cascades
19:26:17.962 [main] DEBUG o.h.e.i.AbstractFlushingEventListener - Dirty checking collections
19:26:17.963 [main] DEBUG o.h.e.i.AbstractFlushingEventListener - Flushed: 1 insertions, 0 updates, 0 deletions to 1 objects
19:26:17.963 [main] DEBUG o.h.e.i.AbstractFlushingEventListener - Flushed: 0 (re)creations, 0 updates, 0 removals to 0 collections
19:26:17.963 [main] DEBUG o.h.internal.util.EntityPrinter - Listing entities:
19:26:17.963 [main] DEBUG o.h.internal.util.EntityPrinter - edu.ncsu.csc.itrust2.models.persistent.LogEntry{secondaryUser=null, logCode=5, primaryUser=logapitest, id=94, time=java.util.GregorianCalendar[time=1521660377959,areFieldsSet=true,areAllFieldsSet=true,lenient=true,zone=sun.util.calendar.ZoneInfo[id="Etc/UTC",offset=0,dstSavings=0,useDaylight=false,transitions=0,lastRule=null],firstDayOfWeek=1,minimalDaysInFirstWeek=1,ERA=1,YEAR=2018,MONTH=2,WEEK_OF_YEAR=12,WEEK_OF_MONTH=4,DAY_OF_MONTH=21,DAY_OF_YEAR=80,DAY_OF_WEEK=4,DAY_OF_WEEK_IN_MONTH=3,AM_PM=1,HOUR=7,HOUR_OF_DAY=19,MINUTE=26,SECOND=17,MILLISECOND=959,ZONE_OFFSET=0,DST_OFFSET=0], message=null}
19:26:17.963 [main] DEBUG org.hibernate.SQL - insert into LogEntries (logCode, message, primaryUser, secondaryUser, time, id) values (?, ?, ?, ?, ?, ?)
Hibernate: insert into LogEntries (logCode, message, primaryUser, secondaryUser, time, id) values (?, ?, ?, ?, ?, ?)
19:26:17.965 [main] DEBUG o.h.e.j.internal.JdbcCoordinatorImpl - HHH000420: Closing un-released batch
19:26:17.966 [main] DEBUG o.h.e.t.internal.TransactionImpl - begin
19:26:17.966 [main] DEBUG org.hibernate.SQL - select next_val as id_val from hibernate_sequence for update
Hibernate: select next_val as id_val from hibernate_sequence for update
19:26:17.967 [main] DEBUG org.hibernate.SQL - update hibernate_sequence set next_val= ? where next_val=?
Hibernate: update hibernate_sequence set next_val= ? where next_val=?
19:26:17.968 [main] DEBUG o.h.e.i.AbstractSaveEventListener - Generated identifier: 95, using strategy: org.hibernate.id.enhanced.SequenceStyleGenerator
19:26:17.968 [main] DEBUG o.h.e.t.internal.TransactionImpl - committing
19:26:17.968 [main] DEBUG o.h.e.i.AbstractFlushingEventListener - Processing flush-time cascades
19:26:17.968 [main] DEBUG o.h.e.i.AbstractFlushingEventListener - Dirty checking collections
19:26:17.969 [main] DEBUG o.h.e.i.AbstractFlushingEventListener - Flushed: 1 insertions, 0 updates, 0 deletions to 1 objects
19:26:17.969 [main] DEBUG o.h.e.i.AbstractFlushingEventListener - Flushed: 0 (re)creations, 0 updates, 0 removals to 0 collections
19:26:17.969 [main] DEBUG o.h.internal.util.EntityPrinter - Listing entities:
19:26:17.969 [main] DEBUG o.h.internal.util.EntityPrinter - edu.ncsu.csc.itrust2.models.persistent.LogEntry{secondaryUser=null, logCode=5, primaryUser=logapitest, id=95, time=java.util.GregorianCalendar[time=1521660377966,areFieldsSet=true,areAllFieldsSet=true,lenient=true,zone=sun.util.calendar.ZoneInfo[id="Etc/UTC",offset=0,dstSavings=0,useDaylight=false,transitions=0,lastRule=null],firstDayOfWeek=1,minimalDaysInFirstWeek=1,ERA=1,YEAR=2018,MONTH=2,WEEK_OF_YEAR=12,WEEK_OF_MONTH=4,DAY_OF_MONTH=21,DAY_OF_YEAR=80,DAY_OF_WEEK=4,DAY_OF_WEEK_IN_MONTH=3,AM_PM=1,HOUR=7,HOUR_OF_DAY=19,MINUTE=26,SECOND=17,MILLISECOND=966,ZONE_OFFSET=0,DST_OFFSET=0], message=null}
19:26:17.969 [main] DEBUG org.hibernate.SQL - insert into LogEntries (logCode, message, primaryUser, secondaryUser, time, id) values (?, ?, ?, ?, ?, ?)
Hibernate: insert into LogEntries (logCode, message, primaryUser, secondaryUser, time, id) values (?, ?, ?, ?, ?, ?)
19:26:17.971 [main] DEBUG o.h.e.j.internal.JdbcCoordinatorImpl - HHH000420: Closing un-released batch
19:26:17.971 [main] DEBUG o.h.e.t.internal.TransactionImpl - begin
19:26:17.972 [main] DEBUG org.hibernate.SQL - select next_val as id_val from hibernate_sequence for update
Hibernate: select next_val as id_val from hibernate_sequence for update
19:26:17.973 [main] DEBUG org.hibernate.SQL - update hibernate_sequence set next_val= ? where next_val=?
Hibernate: update hibernate_sequence set next_val= ? where next_val=?
19:26:17.974 [main] DEBUG o.h.e.i.AbstractSaveEventListener - Generated identifier: 96, using strategy: org.hibernate.id.enhanced.SequenceStyleGenerator
19:26:17.975 [main] DEBUG o.h.e.t.internal.TransactionImpl - committing
19:26:17.975 [main] DEBUG o.h.e.i.AbstractFlushingEventListener - Processing flush-time cascades
19:26:17.975 [main] DEBUG o.h.e.i.AbstractFlushingEventListener - Dirty checking collections
19:26:17.975 [main] DEBUG o.h.e.i.AbstractFlushingEventListener - Flushed: 1 insertions, 0 updates, 0 deletions to 1 objects
19:26:17.975 [main] DEBUG o.h.e.i.AbstractFlushingEventListener - Flushed: 0 (re)creations, 0 updates, 0 removals to 0 collections
19:26:17.975 [main] DEBUG o.h.internal.util.EntityPrinter - Listing entities:
19:26:17.975 [main] DEBUG o.h.internal.util.EntityPrinter - edu.ncsu.csc.itrust2.models.persistent.LogEntry{secondaryUser=null, logCode=5, primaryUser=logapitest, id=96, time=java.util.GregorianCalendar[time=1521660377971,areFieldsSet=true,areAllFieldsSet=true,lenient=true,zone=sun.util.calendar.ZoneInfo[id="Etc/UTC",offset=0,dstSavings=0,useDaylight=false,transitions=0,lastRule=null],firstDayOfWeek=1,minimalDaysInFirstWeek=1,ERA=1,YEAR=2018,MONTH=2,WEEK_OF_YEAR=12,WEEK_OF_MONTH=4,DAY_OF_MONTH=21,DAY_OF_YEAR=80,DAY_OF_WEEK=4,DAY_OF_WEEK_IN_MONTH=3,AM_PM=1,HOUR=7,HOUR_OF_DAY=19,MINUTE=26,SECOND=17,MILLISECOND=971,ZONE_OFFSET=0,DST_OFFSET=0], message=null}
19:26:17.976 [main] DEBUG org.hibernate.SQL - insert into LogEntries (logCode, message, primaryUser, secondaryUser, time, id) values (?, ?, ?, ?, ?, ?)
Hibernate: insert into LogEntries (logCode, message, primaryUser, secondaryUser, time, id) values (?, ?, ?, ?, ?, ?)
19:26:17.977 [main] DEBUG o.h.e.j.internal.JdbcCoordinatorImpl - HHH000420: Closing un-released batch
19:26:17.978 [main] DEBUG o.h.e.t.internal.TransactionImpl - begin
19:26:17.979 [main] DEBUG org.hibernate.SQL - select next_val as id_val from hibernate_sequence for update
Hibernate: select next_val as id_val from hibernate_sequence for update
19:26:17.979 [main] DEBUG org.hibernate.SQL - update hibernate_sequence set next_val= ? where next_val=?
Hibernate: update hibernate_sequence set next_val= ? where next_val=?
19:26:17.980 [main] DEBUG o.h.e.i.AbstractSaveEventListener - Generated identifier: 97, using strategy: org.hibernate.id.enhanced.SequenceStyleGenerator
19:26:17.981 [main] DEBUG o.h.e.t.internal.TransactionImpl - committing
19:26:17.981 [main] DEBUG o.h.e.i.AbstractFlushingEventListener - Processing flush-time cascades
19:26:17.981 [main] DEBUG o.h.e.i.AbstractFlushingEventListener - Dirty checking collections
19:26:17.981 [main] DEBUG o.h.e.i.AbstractFlushingEventListener - Flushed: 1 insertions, 0 updates, 0 deletions to 1 objects
19:26:17.981 [main] DEBUG o.h.e.i.AbstractFlushingEventListener - Flushed: 0 (re)creations, 0 updates, 0 removals to 0 collections
19:26:17.981 [main] DEBUG o.h.internal.util.EntityPrinter - Listing entities:
19:26:17.982 [main] DEBUG o.h.internal.util.EntityPrinter - edu.ncsu.csc.itrust2.models.persistent.LogEntry{secondaryUser=null, logCode=5, primaryUser=logapitest, id=97, time=java.util.GregorianCalendar[time=1521660377978,areFieldsSet=true,areAllFieldsSet=true,lenient=true,zone=sun.util.calendar.ZoneInfo[id="Etc/UTC",offset=0,dstSavings=0,useDaylight=false,transitions=0,lastRule=null],firstDayOfWeek=1,minimalDaysInFirstWeek=1,ERA=1,YEAR=2018,MONTH=2,WEEK_OF_YEAR=12,WEEK_OF_MONTH=4,DAY_OF_MONTH=21,DAY_OF_YEAR=80,DAY_OF_WEEK=4,DAY_OF_WEEK_IN_MONTH=3,AM_PM=1,HOUR=7,HOUR_OF_DAY=19,MINUTE=26,SECOND=17,MILLISECOND=978,ZONE_OFFSET=0,DST_OFFSET=0], message=null}
19:26:17.982 [main] DEBUG org.hibernate.SQL - insert into LogEntries (logCode, message, primaryUser, secondaryUser, time, id) values (?, ?, ?, ?, ?, ?)
Hibernate: insert into LogEntries (logCode, message, primaryUser, secondaryUser, time, id) values (?, ?, ?, ?, ?, ?)
19:26:17.984 [main] DEBUG o.h.e.j.internal.JdbcCoordinatorImpl - HHH000420: Closing un-released batch
19:26:17.985 [main] DEBUG o.h.e.t.internal.TransactionImpl - begin
19:26:17.986 [main] DEBUG org.hibernate.SQL - select next_val as id_val from hibernate_sequence for update
Hibernate: select next_val as id_val from hibernate_sequence for update
19:26:17.987 [main] DEBUG org.hibernate.SQL - update hibernate_sequence set next_val= ? where next_val=?
Hibernate: update hibernate_sequence set next_val= ? where next_val=?
19:26:17.988 [main] DEBUG o.h.e.i.AbstractSaveEventListener - Generated identifier: 98, using strategy: org.hibernate.id.enhanced.SequenceStyleGenerator
19:26:17.989 [main] DEBUG o.h.e.t.internal.TransactionImpl - committing
19:26:17.989 [main] DEBUG o.h.e.i.AbstractFlushingEventListener - Processing flush-time cascades
19:26:17.990 [main] DEBUG o.h.e.i.AbstractFlushingEventListener - Dirty checking collections
19:26:17.990 [main] DEBUG o.h.e.i.AbstractFlushingEventListener - Flushed: 1 insertions, 0 updates, 0 deletions to 1 objects
19:26:17.990 [main] DEBUG o.h.e.i.AbstractFlushingEventListener - Flushed: 0 (re)creations, 0 updates, 0 removals to 0 collections
19:26:17.990 [main] DEBUG o.h.internal.util.EntityPrinter - Listing entities:
19:26:17.990 [main] DEBUG o.h.internal.util.EntityPrinter - edu.ncsu.csc.itrust2.models.persistent.LogEntry{secondaryUser=null, logCode=5, primaryUser=logapitest, id=98, time=java.util.GregorianCalendar[time=1521660377985,areFieldsSet=true,areAllFieldsSet=true,lenient=true,zone=sun.util.calendar.ZoneInfo[id="Etc/UTC",offset=0,dstSavings=0,useDaylight=false,transitions=0,lastRule=null],firstDayOfWeek=1,minimalDaysInFirstWeek=1,ERA=1,YEAR=2018,MONTH=2,WEEK_OF_YEAR=12,WEEK_OF_MONTH=4,DAY_OF_MONTH=21,DAY_OF_YEAR=80,DAY_OF_WEEK=4,DAY_OF_WEEK_IN_MONTH=3,AM_PM=1,HOUR=7,HOUR_OF_DAY=19,MINUTE=26,SECOND=17,MILLISECOND=985,ZONE_OFFSET=0,DST_OFFSET=0], message=null}
19:26:17.991 [main] DEBUG org.hibernate.SQL - insert into LogEntries (logCode, message, primaryUser, secondaryUser, time, id) values (?, ?, ?, ?, ?, ?)
Hibernate: insert into LogEntries (logCode, message, primaryUser, secondaryUser, time, id) values (?, ?, ?, ?, ?, ?)
19:26:17.993 [main] DEBUG o.h.e.j.internal.JdbcCoordinatorImpl - HHH000420: Closing un-released batch
19:26:17.993 [main] DEBUG o.h.e.t.internal.TransactionImpl - begin
19:26:17.994 [main] DEBUG org.hibernate.SQL - select next_val as id_val from hibernate_sequence for update
Hibernate: select next_val as id_val from hibernate_sequence for update
19:26:17.994 [main] DEBUG org.hibernate.SQL - update hibernate_sequence set next_val= ? where next_val=?
Hibernate: update hibernate_sequence set next_val= ? where next_val=?
19:26:17.995 [main] DEBUG o.h.e.i.AbstractSaveEventListener - Generated identifier: 99, using strategy: org.hibernate.id.enhanced.SequenceStyleGenerator
19:26:17.996 [main] DEBUG o.h.e.t.internal.TransactionImpl - committing
19:26:17.996 [main] DEBUG o.h.e.i.AbstractFlushingEventListener - Processing flush-time cascades
19:26:17.996 [main] DEBUG o.h.e.i.AbstractFlushingEventListener - Dirty checking collections
19:26:17.996 [main] DEBUG o.h.e.i.AbstractFlushingEventListener - Flushed: 1 insertions, 0 updates, 0 deletions to 1 objects
19:26:17.996 [main] DEBUG o.h.e.i.AbstractFlushingEventListener - Flushed: 0 (re)creations, 0 updates, 0 removals to 0 collections
19:26:17.996 [main] DEBUG o.h.internal.util.EntityPrinter - Listing entities:
19:26:17.997 [main] DEBUG o.h.internal.util.EntityPrinter - edu.ncsu.csc.itrust2.models.persistent.LogEntry{secondaryUser=null, logCode=5, primaryUser=logapitest, id=99, time=java.util.GregorianCalendar[time=1521660377993,areFieldsSet=true,areAllFieldsSet=true,lenient=true,zone=sun.util.calendar.ZoneInfo[id="Etc/UTC",offset=0,dstSavings=0,useDaylight=false,transitions=0,lastRule=null],firstDayOfWeek=1,minimalDaysInFirstWeek=1,ERA=1,YEAR=2018,MONTH=2,WEEK_OF_YEAR=12,WEEK_OF_MONTH=4,DAY_OF_MONTH=21,DAY_OF_YEAR=80,DAY_OF_WEEK=4,DAY_OF_WEEK_IN_MONTH=3,AM_PM=1,HOUR=7,HOUR_OF_DAY=19,MINUTE=26,SECOND=17,MILLISECOND=993,ZONE_OFFSET=0,DST_OFFSET=0], message=null}
19:26:17.997 [main] DEBUG org.hibernate.SQL - insert into LogEntries (logCode, message, primaryUser, secondaryUser, time, id) values (?, ?, ?, ?, ?, ?)
Hibernate: insert into LogEntries (logCode, message, primaryUser, secondaryUser, time, id) values (?, ?, ?, ?, ?, ?)
19:26:18.000 [main] DEBUG o.h.e.j.internal.JdbcCoordinatorImpl - HHH000420: Closing un-released batch
19:26:18.000 [main] DEBUG o.h.e.t.internal.TransactionImpl - begin
19:26:18.001 [main] DEBUG org.hibernate.SQL - select next_val as id_val from hibernate_sequence for update
Hibernate: select next_val as id_val from hibernate_sequence for update
19:26:18.001 [main] DEBUG org.hibernate.SQL - update hibernate_sequence set next_val= ? where next_val=?
Hibernate: update hibernate_sequence set next_val= ? where next_val=?
19:26:18.003 [main] DEBUG o.h.e.i.AbstractSaveEventListener - Generated identifier: 100, using strategy: org.hibernate.id.enhanced.SequenceStyleGenerator
19:26:18.003 [main] DEBUG o.h.e.t.internal.TransactionImpl - committing
19:26:18.003 [main] DEBUG o.h.e.i.AbstractFlushingEventListener - Processing flush-time cascades
19:26:18.003 [main] DEBUG o.h.e.i.AbstractFlushingEventListener - Dirty checking collections
19:26:18.004 [main] DEBUG o.h.e.i.AbstractFlushingEventListener - Flushed: 1 insertions, 0 updates, 0 deletions to 1 objects
19:26:18.004 [main] DEBUG o.h.e.i.AbstractFlushingEventListener - Flushed: 0 (re)creations, 0 updates, 0 removals to 0 collections
19:26:18.004 [main] DEBUG o.h.internal.util.EntityPrinter - Listing entities:
19:26:18.005 [main] DEBUG o.h.internal.util.EntityPrinter - edu.ncsu.csc.itrust2.models.persistent.LogEntry{secondaryUser=null, logCode=5, primaryUser=logapitest, id=100, time=java.util.GregorianCalendar[time=1521660378000,areFieldsSet=true,areAllFieldsSet=true,lenient=true,zone=sun.util.calendar.ZoneInfo[id="Etc/UTC",offset=0,dstSavings=0,useDaylight=false,transitions=0,lastRule=null],firstDayOfWeek=1,minimalDaysInFirstWeek=1,ERA=1,YEAR=2018,MONTH=2,WEEK_OF_YEAR=12,WEEK_OF_MONTH=4,DAY_OF_MONTH=21,DAY_OF_YEAR=80,DAY_OF_WEEK=4,DAY_OF_WEEK_IN_MONTH=3,AM_PM=1,HOUR=7,HOUR_OF_DAY=19,MINUTE=26,SECOND=18,MILLISECOND=0,ZONE_OFFSET=0,DST_OFFSET=0], message=null}
19:26:18.005 [main] DEBUG org.hibernate.SQL - insert into LogEntries (logCode, message, primaryUser, secondaryUser, time, id) values (?, ?, ?, ?, ?, ?)
Hibernate: insert into LogEntries (logCode, message, primaryUser, secondaryUser, time, id) values (?, ?, ?, ?, ?, ?)
19:26:18.007 [main] DEBUG o.h.e.j.internal.JdbcCoordinatorImpl - HHH000420: Closing un-released batch
19:26:18.007 [main] DEBUG o.h.e.t.internal.TransactionImpl - begin
19:26:18.008 [main] DEBUG org.hibernate.SQL - select next_val as id_val from hibernate_sequence for update
Hibernate: select next_val as id_val from hibernate_sequence for update
19:26:18.009 [main] DEBUG org.hibernate.SQL - update hibernate_sequence set next_val= ? where next_val=?
Hibernate: update hibernate_sequence set next_val= ? where next_val=?
19:26:18.010 [main] DEBUG o.h.e.i.AbstractSaveEventListener - Generated identifier: 101, using strategy: org.hibernate.id.enhanced.SequenceStyleGenerator
19:26:18.010 [main] DEBUG o.h.e.t.internal.TransactionImpl - committing
19:26:18.010 [main] DEBUG o.h.e.i.AbstractFlushingEventListener - Processing flush-time cascades
19:26:18.010 [main] DEBUG o.h.e.i.AbstractFlushingEventListener - Dirty checking collections
19:26:18.011 [main] DEBUG o.h.e.i.AbstractFlushingEventListener - Flushed: 1 insertions, 0 updates, 0 deletions to 1 objects
19:26:18.011 [main] DEBUG o.h.e.i.AbstractFlushingEventListener - Flushed: 0 (re)creations, 0 updates, 0 removals to 0 collections
19:26:18.011 [main] DEBUG o.h.internal.util.EntityPrinter - Listing entities:
19:26:18.011 [main] DEBUG o.h.internal.util.EntityPrinter - edu.ncsu.csc.itrust2.models.persistent.LogEntry{secondaryUser=null, logCode=5, primaryUser=logapitest, id=101, time=java.util.GregorianCalendar[time=1521660378007,areFieldsSet=true,areAllFieldsSet=true,lenient=true,zone=sun.util.calendar.ZoneInfo[id="Etc/UTC",offset=0,dstSavings=0,useDaylight=false,transitions=0,lastRule=null],firstDayOfWeek=1,minimalDaysInFirstWeek=1,ERA=1,YEAR=2018,MONTH=2,WEEK_OF_YEAR=12,WEEK_OF_MONTH=4,DAY_OF_MONTH=21,DAY_OF_YEAR=80,DAY_OF_WEEK=4,DAY_OF_WEEK_IN_MONTH=3,AM_PM=1,HOUR=7,HOUR_OF_DAY=19,MINUTE=26,SECOND=18,MILLISECOND=7,ZONE_OFFSET=0,DST_OFFSET=0], message=null}
19:26:18.012 [main] DEBUG org.hibernate.SQL - insert into LogEntries (logCode, message, primaryUser, secondaryUser, time, id) values (?, ?, ?, ?, ?, ?)
Hibernate: insert into LogEntries (logCode, message, primaryUser, secondaryUser, time, id) values (?, ?, ?, ?, ?, ?)
19:26:18.013 [main] DEBUG o.h.e.j.internal.JdbcCoordinatorImpl - HHH000420: Closing un-released batch
19:26:18.014 [main] DEBUG o.h.e.t.internal.TransactionImpl - begin
19:26:18.015 [main] DEBUG org.hibernate.SQL - select next_val as id_val from hibernate_sequence for update
Hibernate: select next_val as id_val from hibernate_sequence for update
19:26:18.015 [main] DEBUG org.hibernate.SQL - update hibernate_sequence set next_val= ? where next_val=?
Hibernate: update hibernate_sequence set next_val= ? where next_val=?
19:26:18.017 [main] DEBUG o.h.e.i.AbstractSaveEventListener - Generated identifier: 102, using strategy: org.hibernate.id.enhanced.SequenceStyleGenerator
19:26:18.018 [main] DEBUG o.h.e.t.internal.TransactionImpl - committing
19:26:18.018 [main] DEBUG o.h.e.i.AbstractFlushingEventListener - Processing flush-time cascades
19:26:18.018 [main] DEBUG o.h.e.i.AbstractFlushingEventListener - Dirty checking collections
19:26:18.019 [main] DEBUG o.h.e.i.AbstractFlushingEventListener - Flushed: 1 insertions, 0 updates, 0 deletions to 1 objects
19:26:18.019 [main] DEBUG o.h.e.i.AbstractFlushingEventListener - Flushed: 0 (re)creations, 0 updates, 0 removals to 0 collections
19:26:18.019 [main] DEBUG o.h.internal.util.EntityPrinter - Listing entities:
19:26:18.019 [main] DEBUG o.h.internal.util.EntityPrinter - edu.ncsu.csc.itrust2.models.persistent.LogEntry{secondaryUser=null, logCode=5, primaryUser=logapitest, id=102, time=java.util.GregorianCalendar[time=1521660378014,areFieldsSet=true,areAllFieldsSet=true,lenient=true,zone=sun.util.calendar.ZoneInfo[id="Etc/UTC",offset=0,dstSavings=0,useDaylight=false,transitions=0,lastRule=null],firstDayOfWeek=1,minimalDaysInFirstWeek=1,ERA=1,YEAR=2018,MONTH=2,WEEK_OF_YEAR=12,WEEK_OF_MONTH=4,DAY_OF_MONTH=21,DAY_OF_YEAR=80,DAY_OF_WEEK=4,DAY_OF_WEEK_IN_MONTH=3,AM_PM=1,HOUR=7,HOUR_OF_DAY=19,MINUTE=26,SECOND=18,MILLISECOND=14,ZONE_OFFSET=0,DST_OFFSET=0], message=null}
19:26:18.020 [main] DEBUG org.hibernate.SQL - insert into LogEntries (logCode, message, primaryUser, secondaryUser, time, id) values (?, ?, ?, ?, ?, ?)
Hibernate: insert into LogEntries (logCode, message, primaryUser, secondaryUser, time, id) values (?, ?, ?, ?, ?, ?)
19:26:18.024 [main] DEBUG o.h.e.j.internal.JdbcCoordinatorImpl - HHH000420: Closing un-released batch
19:26:18.025 [main] DEBUG o.h.e.t.internal.TransactionImpl - begin
19:26:18.036 [main] DEBUG org.hibernate.SQL - select next_val as id_val from hibernate_sequence for update
Hibernate: select next_val as id_val from hibernate_sequence for update
19:26:18.037 [main] DEBUG org.hibernate.SQL - update hibernate_sequence set next_val= ? where next_val=?
Hibernate: update hibernate_sequence set next_val= ? where next_val=?
19:26:18.038 [main] DEBUG o.h.e.i.AbstractSaveEventListener - Generated identifier: 103, using strategy: org.hibernate.id.enhanced.SequenceStyleGenerator
19:26:18.039 [main] DEBUG o.h.e.t.internal.TransactionImpl - committing
19:26:18.039 [main] DEBUG o.h.e.i.AbstractFlushingEventListener - Processing flush-time cascades
19:26:18.039 [main] DEBUG o.h.e.i.AbstractFlushingEventListener - Dirty checking collections
19:26:18.039 [main] DEBUG o.h.e.i.AbstractFlushingEventListener - Flushed: 1 insertions, 0 updates, 0 deletions to 1 objects
19:26:18.039 [main] DEBUG o.h.e.i.AbstractFlushingEventListener - Flushed: 0 (re)creations, 0 updates, 0 removals to 0 collections
19:26:18.039 [main] DEBUG o.h.internal.util.EntityPrinter - Listing entities:
19:26:18.039 [main] DEBUG o.h.internal.util.EntityPrinter - edu.ncsu.csc.itrust2.models.persistent.LogEntry{secondaryUser=null, logCode=5, primaryUser=logapitest, id=103, time=java.util.GregorianCalendar[time=1521660378025,areFieldsSet=true,areAllFieldsSet=true,lenient=true,zone=sun.util.calendar.ZoneInfo[id="Etc/UTC",offset=0,dstSavings=0,useDaylight=false,transitions=0,lastRule=null],firstDayOfWeek=1,minimalDaysInFirstWeek=1,ERA=1,YEAR=2018,MONTH=2,WEEK_OF_YEAR=12,WEEK_OF_MONTH=4,DAY_OF_MONTH=21,DAY_OF_YEAR=80,DAY_OF_WEEK=4,DAY_OF_WEEK_IN_MONTH=3,AM_PM=1,HOUR=7,HOUR_OF_DAY=19,MINUTE=26,SECOND=18,MILLISECOND=25,ZONE_OFFSET=0,DST_OFFSET=0], message=null}
19:26:18.040 [main] DEBUG org.hibernate.SQL - insert into LogEntries (logCode, message, primaryUser, secondaryUser, time, id) values (?, ?, ?, ?, ?, ?)
Hibernate: insert into LogEntries (logCode, message, primaryUser, secondaryUser, time, id) values (?, ?, ?, ?, ?, ?)
19:26:18.042 [main] DEBUG o.h.e.j.internal.JdbcCoordinatorImpl - HHH000420: Closing un-released batch
19:26:18.042 [main] DEBUG o.h.e.t.internal.TransactionImpl - begin
19:26:18.043 [main] DEBUG org.hibernate.SQL - select next_val as id_val from hibernate_sequence for update
Hibernate: select next_val as id_val from hibernate_sequence for update
19:26:18.046 [main] DEBUG org.hibernate.SQL - update hibernate_sequence set next_val= ? where next_val=?
Hibernate: update hibernate_sequence set next_val= ? where next_val=?
19:26:18.051 [main] DEBUG o.h.e.i.AbstractSaveEventListener - Generated identifier: 104, using strategy: org.hibernate.id.enhanced.SequenceStyleGenerator
19:26:18.059 [main] DEBUG o.h.e.t.internal.TransactionImpl - committing
19:26:18.059 [main] DEBUG o.h.e.i.AbstractFlushingEventListener - Processing flush-time cascades
19:26:18.060 [main] DEBUG o.h.e.i.AbstractFlushingEventListener - Dirty checking collections
19:26:18.060 [main] DEBUG o.h.e.i.AbstractFlushingEventListener - Flushed: 1 insertions, 0 updates, 0 deletions to 1 objects
19:26:18.060 [main] DEBUG o.h.e.i.AbstractFlushingEventListener - Flushed: 0 (re)creations, 0 updates, 0 removals to 0 collections
19:26:18.060 [main] DEBUG o.h.internal.util.EntityPrinter - Listing entities:
19:26:18.060 [main] DEBUG o.h.internal.util.EntityPrinter - edu.ncsu.csc.itrust2.models.persistent.LogEntry{secondaryUser=null, logCode=5, primaryUser=logapitest, id=104, time=java.util.GregorianCalendar[time=1521660378042,areFieldsSet=true,areAllFieldsSet=true,lenient=true,zone=sun.util.calendar.ZoneInfo[id="Etc/UTC",offset=0,dstSavings=0,useDaylight=false,transitions=0,lastRule=null],firstDayOfWeek=1,minimalDaysInFirstWeek=1,ERA=1,YEAR=2018,MONTH=2,WEEK_OF_YEAR=12,WEEK_OF_MONTH=4,DAY_OF_MONTH=21,DAY_OF_YEAR=80,DAY_OF_WEEK=4,DAY_OF_WEEK_IN_MONTH=3,AM_PM=1,HOUR=7,HOUR_OF_DAY=19,MINUTE=26,SECOND=18,MILLISECOND=42,ZONE_OFFSET=0,DST_OFFSET=0], message=null}
19:26:18.061 [main] DEBUG org.hibernate.SQL - insert into LogEntries (logCode, message, primaryUser, secondaryUser, time, id) values (?, ?, ?, ?, ?, ?)
Hibernate: insert into LogEntries (logCode, message, primaryUser, secondaryUser, time, id) values (?, ?, ?, ?, ?, ?)
19:26:18.064 [main] DEBUG o.h.e.j.internal.JdbcCoordinatorImpl - HHH000420: Closing un-released batch
19:26:18.064 [main] DEBUG o.h.e.t.internal.TransactionImpl - begin
19:26:18.065 [main] DEBUG org.hibernate.SQL - select next_val as id_val from hibernate_sequence for update
Hibernate: select next_val as id_val from hibernate_sequence for update
19:26:18.066 [main] DEBUG org.hibernate.SQL - update hibernate_sequence set next_val= ? where next_val=?
Hibernate: update hibernate_sequence set next_val= ? where next_val=?
19:26:18.067 [main] DEBUG o.h.e.i.AbstractSaveEventListener - Generated identifier: 105, using strategy: org.hibernate.id.enhanced.SequenceStyleGenerator
19:26:18.068 [main] DEBUG o.h.e.t.internal.TransactionImpl - committing
19:26:18.068 [main] DEBUG o.h.e.i.AbstractFlushingEventListener - Processing flush-time cascades
19:26:18.068 [main] DEBUG o.h.e.i.AbstractFlushingEventListener - Dirty checking collections
19:26:18.068 [main] DEBUG o.h.e.i.AbstractFlushingEventListener - Flushed: 1 insertions, 0 updates, 0 deletions to 1 objects
19:26:18.068 [main] DEBUG o.h.e.i.AbstractFlushingEventListener - Flushed: 0 (re)creations, 0 updates, 0 removals to 0 collections
19:26:18.068 [main] DEBUG o.h.internal.util.EntityPrinter - Listing entities:
19:26:18.069 [main] DEBUG o.h.internal.util.EntityPrinter - edu.ncsu.csc.itrust2.models.persistent.LogEntry{secondaryUser=null, logCode=5, primaryUser=logapitest, id=105, time=java.util.GregorianCalendar[time=1521660378064,areFieldsSet=true,areAllFieldsSet=true,lenient=true,zone=sun.util.calendar.ZoneInfo[id="Etc/UTC",offset=0,dstSavings=0,useDaylight=false,transitions=0,lastRule=null],firstDayOfWeek=1,minimalDaysInFirstWeek=1,ERA=1,YEAR=2018,MONTH=2,WEEK_OF_YEAR=12,WEEK_OF_MONTH=4,DAY_OF_MONTH=21,DAY_OF_YEAR=80,DAY_OF_WEEK=4,DAY_OF_WEEK_IN_MONTH=3,AM_PM=1,HOUR=7,HOUR_OF_DAY=19,MINUTE=26,SECOND=18,MILLISECOND=64,ZONE_OFFSET=0,DST_OFFSET=0], message=null}
19:26:18.071 [main] DEBUG org.hibernate.SQL - insert into LogEntries (logCode, message, primaryUser, secondaryUser, time, id) values (?, ?, ?, ?, ?, ?)
Hibernate: insert into LogEntries (logCode, message, primaryUser, secondaryUser, time, id) values (?, ?, ?, ?, ?, ?)
19:26:18.081 [main] DEBUG o.h.e.j.internal.JdbcCoordinatorImpl - HHH000420: Closing un-released batch
19:26:18.081 [main] DEBUG o.h.e.t.internal.TransactionImpl - begin
19:26:18.082 [main] DEBUG org.hibernate.SQL - select next_val as id_val from hibernate_sequence for update
Hibernate: select next_val as id_val from hibernate_sequence for update
19:26:18.082 [main] DEBUG org.hibernate.SQL - update hibernate_sequence set next_val= ? where next_val=?
Hibernate: update hibernate_sequence set next_val= ? where next_val=?
19:26:18.083 [main] DEBUG o.h.e.i.AbstractSaveEventListener - Generated identifier: 106, using strategy: org.hibernate.id.enhanced.SequenceStyleGenerator
19:26:18.083 [main] DEBUG o.h.e.t.internal.TransactionImpl - committing
19:26:18.083 [main] DEBUG o.h.e.i.AbstractFlushingEventListener - Processing flush-time cascades
19:26:18.083 [main] DEBUG o.h.e.i.AbstractFlushingEventListener - Dirty checking collections
19:26:18.084 [main] DEBUG o.h.e.i.AbstractFlushingEventListener - Flushed: 1 insertions, 0 updates, 0 deletions to 1 objects
19:26:18.084 [main] DEBUG o.h.e.i.AbstractFlushingEventListener - Flushed: 0 (re)creations, 0 updates, 0 removals to 0 collections
19:26:18.084 [main] DEBUG o.h.internal.util.EntityPrinter - Listing entities:
19:26:18.084 [main] DEBUG o.h.internal.util.EntityPrinter - edu.ncsu.csc.itrust2.models.persistent.LogEntry{secondaryUser=null, logCode=5, primaryUser=logapitest, id=106, time=java.util.GregorianCalendar[time=1521660378081,areFieldsSet=true,areAllFieldsSet=true,lenient=true,zone=sun.util.calendar.ZoneInfo[id="Etc/UTC",offset=0,dstSavings=0,useDaylight=false,transitions=0,lastRule=null],firstDayOfWeek=1,minimalDaysInFirstWeek=1,ERA=1,YEAR=2018,MONTH=2,WEEK_OF_YEAR=12,WEEK_OF_MONTH=4,DAY_OF_MONTH=21,DAY_OF_YEAR=80,DAY_OF_WEEK=4,DAY_OF_WEEK_IN_MONTH=3,AM_PM=1,HOUR=7,HOUR_OF_DAY=19,MINUTE=26,SECOND=18,MILLISECOND=81,ZONE_OFFSET=0,DST_OFFSET=0], message=null}
19:26:18.085 [main] DEBUG org.hibernate.SQL - insert into LogEntries (logCode, message, primaryUser, secondaryUser, time, id) values (?, ?, ?, ?, ?, ?)
Hibernate: insert into LogEntries (logCode, message, primaryUser, secondaryUser, time, id) values (?, ?, ?, ?, ?, ?)
19:26:18.088 [main] DEBUG o.h.e.j.internal.JdbcCoordinatorImpl - HHH000420: Closing un-released batch
19:26:18.089 [main] DEBUG o.h.e.t.internal.TransactionImpl - begin
19:26:18.089 [main] DEBUG org.hibernate.SQL - select next_val as id_val from hibernate_sequence for update
Hibernate: select next_val as id_val from hibernate_sequence for update
19:26:18.090 [main] DEBUG org.hibernate.SQL - update hibernate_sequence set next_val= ? where next_val=?
Hibernate: update hibernate_sequence set next_val= ? where next_val=?
19:26:18.090 [main] DEBUG o.h.e.i.AbstractSaveEventListener - Generated identifier: 107, using strategy: org.hibernate.id.enhanced.SequenceStyleGenerator
19:26:18.091 [main] DEBUG o.h.e.t.internal.TransactionImpl - committing
19:26:18.091 [main] DEBUG o.h.e.i.AbstractFlushingEventListener - Processing flush-time cascades
19:26:18.091 [main] DEBUG o.h.e.i.AbstractFlushingEventListener - Dirty checking collections
19:26:18.091 [main] DEBUG o.h.e.i.AbstractFlushingEventListener - Flushed: 1 insertions, 0 updates, 0 deletions to 1 objects
19:26:18.091 [main] DEBUG o.h.e.i.AbstractFlushingEventListener - Flushed: 0 (re)creations, 0 updates, 0 removals to 0 collections
19:26:18.092 [main] DEBUG o.h.internal.util.EntityPrinter - Listing entities:
19:26:18.092 [main] DEBUG o.h.internal.util.EntityPrinter - edu.ncsu.csc.itrust2.models.persistent.LogEntry{secondaryUser=null, logCode=5, primaryUser=logapitest, id=107, time=java.util.GregorianCalendar[time=1521660378088,areFieldsSet=true,areAllFieldsSet=true,lenient=true,zone=sun.util.calendar.ZoneInfo[id="Etc/UTC",offset=0,dstSavings=0,useDaylight=false,transitions=0,lastRule=null],firstDayOfWeek=1,minimalDaysInFirstWeek=1,ERA=1,YEAR=2018,MONTH=2,WEEK_OF_YEAR=12,WEEK_OF_MONTH=4,DAY_OF_MONTH=21,DAY_OF_YEAR=80,DAY_OF_WEEK=4,DAY_OF_WEEK_IN_MONTH=3,AM_PM=1,HOUR=7,HOUR_OF_DAY=19,MINUTE=26,SECOND=18,MILLISECOND=88,ZONE_OFFSET=0,DST_OFFSET=0], message=null}
19:26:18.093 [main] DEBUG org.hibernate.SQL - insert into LogEntries (logCode, message, primaryUser, secondaryUser, time, id) values (?, ?, ?, ?, ?, ?)
Hibernate: insert into LogEntries (logCode, message, primaryUser, secondaryUser, time, id) values (?, ?, ?, ?, ?, ?)
19:26:18.094 [main] DEBUG o.h.e.j.internal.JdbcCoordinatorImpl - HHH000420: Closing un-released batch
19:26:18.095 [main] DEBUG o.h.e.t.internal.TransactionImpl - begin
19:26:18.095 [main] DEBUG org.hibernate.SQL - select next_val as id_val from hibernate_sequence for update
Hibernate: select next_val as id_val from hibernate_sequence for update
19:26:18.096 [main] DEBUG org.hibernate.SQL - update hibernate_sequence set next_val= ? where next_val=?
Hibernate: update hibernate_sequence set next_val= ? where next_val=?
19:26:18.097 [main] DEBUG o.h.e.i.AbstractSaveEventListener - Generated identifier: 108, using strategy: org.hibernate.id.enhanced.SequenceStyleGenerator
19:26:18.097 [main] DEBUG o.h.e.t.internal.TransactionImpl - committing
19:26:18.097 [main] DEBUG o.h.e.i.AbstractFlushingEventListener - Processing flush-time cascades
19:26:18.097 [main] DEBUG o.h.e.i.AbstractFlushingEventListener - Dirty checking collections
19:26:18.097 [main] DEBUG o.h.e.i.AbstractFlushingEventListener - Flushed: 1 insertions, 0 updates, 0 deletions to 1 objects
19:26:18.098 [main] DEBUG o.h.e.i.AbstractFlushingEventListener - Flushed: 0 (re)creations, 0 updates, 0 removals to 0 collections
19:26:18.098 [main] DEBUG o.h.internal.util.EntityPrinter - Listing entities:
19:26:18.098 [main] DEBUG o.h.internal.util.EntityPrinter - edu.ncsu.csc.itrust2.models.persistent.LogEntry{secondaryUser=null, logCode=5, primaryUser=logapitest, id=108, time=java.util.GregorianCalendar[time=1521660378095,areFieldsSet=true,areAllFieldsSet=true,lenient=true,zone=sun.util.calendar.ZoneInfo[id="Etc/UTC",offset=0,dstSavings=0,useDaylight=false,transitions=0,lastRule=null],firstDayOfWeek=1,minimalDaysInFirstWeek=1,ERA=1,YEAR=2018,MONTH=2,WEEK_OF_YEAR=12,WEEK_OF_MONTH=4,DAY_OF_MONTH=21,DAY_OF_YEAR=80,DAY_OF_WEEK=4,DAY_OF_WEEK_IN_MONTH=3,AM_PM=1,HOUR=7,HOUR_OF_DAY=19,MINUTE=26,SECOND=18,MILLISECOND=95,ZONE_OFFSET=0,DST_OFFSET=0], message=null}
19:26:18.099 [main] DEBUG org.hibernate.SQL - insert into LogEntries (logCode, message, primaryUser, secondaryUser, time, id) values (?, ?, ?, ?, ?, ?)
Hibernate: insert into LogEntries (logCode, message, primaryUser, secondaryUser, time, id) values (?, ?, ?, ?, ?, ?)
19:26:18.101 [main] DEBUG o.h.e.j.internal.JdbcCoordinatorImpl - HHH000420: Closing un-released batch
19:26:18.102 [main] DEBUG o.h.e.t.internal.TransactionImpl - begin
19:26:18.102 [main] DEBUG org.hibernate.SQL - select next_val as id_val from hibernate_sequence for update
Hibernate: select next_val as id_val from hibernate_sequence for update
19:26:18.102 [main] DEBUG org.hibernate.SQL - update hibernate_sequence set next_val= ? where next_val=?
Hibernate: update hibernate_sequence set next_val= ? where next_val=?
19:26:18.103 [main] DEBUG o.h.e.i.AbstractSaveEventListener - Generated identifier: 109, using strategy: org.hibernate.id.enhanced.SequenceStyleGenerator
19:26:18.104 [main] DEBUG o.h.e.t.internal.TransactionImpl - committing
19:26:18.104 [main] DEBUG o.h.e.i.AbstractFlushingEventListener - Processing flush-time cascades
19:26:18.104 [main] DEBUG o.h.e.i.AbstractFlushingEventListener - Dirty checking collections
19:26:18.104 [main] DEBUG o.h.e.i.AbstractFlushingEventListener - Flushed: 1 insertions, 0 updates, 0 deletions to 1 objects
19:26:18.104 [main] DEBUG o.h.e.i.AbstractFlushingEventListener - Flushed: 0 (re)creations, 0 updates, 0 removals to 0 collections
19:26:18.104 [main] DEBUG o.h.internal.util.EntityPrinter - Listing entities:
19:26:18.104 [main] DEBUG o.h.internal.util.EntityPrinter - edu.ncsu.csc.itrust2.models.persistent.LogEntry{secondaryUser=null, logCode=5, primaryUser=logapitest, id=109, time=java.util.GregorianCalendar[time=1521660378101,areFieldsSet=true,areAllFieldsSet=true,lenient=true,zone=sun.util.calendar.ZoneInfo[id="Etc/UTC",offset=0,dstSavings=0,useDaylight=false,transitions=0,lastRule=null],firstDayOfWeek=1,minimalDaysInFirstWeek=1,ERA=1,YEAR=2018,MONTH=2,WEEK_OF_YEAR=12,WEEK_OF_MONTH=4,DAY_OF_MONTH=21,DAY_OF_YEAR=80,DAY_OF_WEEK=4,DAY_OF_WEEK_IN_MONTH=3,AM_PM=1,HOUR=7,HOUR_OF_DAY=19,MINUTE=26,SECOND=18,MILLISECOND=101,ZONE_OFFSET=0,DST_OFFSET=0], message=null}
19:26:18.105 [main] DEBUG org.hibernate.SQL - insert into LogEntries (logCode, message, primaryUser, secondaryUser, time, id) values (?, ?, ?, ?, ?, ?)
Hibernate: insert into LogEntries (logCode, message, primaryUser, secondaryUser, time, id) values (?, ?, ?, ?, ?, ?)
19:26:18.106 [main] DEBUG o.h.e.j.internal.JdbcCoordinatorImpl - HHH000420: Closing un-released batch
19:26:18.107 [main] DEBUG o.h.e.t.internal.TransactionImpl - begin
19:26:18.107 [main] DEBUG org.hibernate.SQL - select next_val as id_val from hibernate_sequence for update
Hibernate: select next_val as id_val from hibernate_sequence for update
19:26:18.108 [main] DEBUG org.hibernate.SQL - update hibernate_sequence set next_val= ? where next_val=?
Hibernate: update hibernate_sequence set next_val= ? where next_val=?
19:26:18.109 [main] DEBUG o.h.e.i.AbstractSaveEventListener - Generated identifier: 110, using strategy: org.hibernate.id.enhanced.SequenceStyleGenerator
19:26:18.109 [main] DEBUG o.h.e.t.internal.TransactionImpl - committing
19:26:18.109 [main] DEBUG o.h.e.i.AbstractFlushingEventListener - Processing flush-time cascades
19:26:18.109 [main] DEBUG o.h.e.i.AbstractFlushingEventListener - Dirty checking collections
19:26:18.110 [main] DEBUG o.h.e.i.AbstractFlushingEventListener - Flushed: 1 insertions, 0 updates, 0 deletions to 1 objects
19:26:18.110 [main] DEBUG o.h.e.i.AbstractFlushingEventListener - Flushed: 0 (re)creations, 0 updates, 0 removals to 0 collections
19:26:18.110 [main] DEBUG o.h.internal.util.EntityPrinter - Listing entities:
19:26:18.110 [main] DEBUG o.h.internal.util.EntityPrinter - edu.ncsu.csc.itrust2.models.persistent.LogEntry{secondaryUser=null, logCode=5, primaryUser=logapitest, id=110, time=java.util.GregorianCalendar[time=1521660378107,areFieldsSet=true,areAllFieldsSet=true,lenient=true,zone=sun.util.calendar.ZoneInfo[id="Etc/UTC",offset=0,dstSavings=0,useDaylight=false,transitions=0,lastRule=null],firstDayOfWeek=1,minimalDaysInFirstWeek=1,ERA=1,YEAR=2018,MONTH=2,WEEK_OF_YEAR=12,WEEK_OF_MONTH=4,DAY_OF_MONTH=21,DAY_OF_YEAR=80,DAY_OF_WEEK=4,DAY_OF_WEEK_IN_MONTH=3,AM_PM=1,HOUR=7,HOUR_OF_DAY=19,MINUTE=26,SECOND=18,MILLISECOND=107,ZONE_OFFSET=0,DST_OFFSET=0], message=null}
19:26:18.111 [main] DEBUG org.hibernate.SQL - insert into LogEntries (logCode, message, primaryUser, secondaryUser, time, id) values (?, ?, ?, ?, ?, ?)
Hibernate: insert into LogEntries (logCode, message, primaryUser, secondaryUser, time, id) values (?, ?, ?, ?, ?, ?)
19:26:18.113 [main] DEBUG o.h.e.j.internal.JdbcCoordinatorImpl - HHH000420: Closing un-released batch
19:26:18.113 [main] DEBUG o.h.e.t.internal.TransactionImpl - begin
19:26:18.114 [main] DEBUG org.hibernate.SQL - select next_val as id_val from hibernate_sequence for update
Hibernate: select next_val as id_val from hibernate_sequence for update
19:26:18.114 [main] DEBUG org.hibernate.SQL - update hibernate_sequence set next_val= ? where next_val=?
Hibernate: update hibernate_sequence set next_val= ? where next_val=?
19:26:18.116 [main] DEBUG o.h.e.i.AbstractSaveEventListener - Generated identifier: 111, using strategy: org.hibernate.id.enhanced.SequenceStyleGenerator
19:26:18.116 [main] DEBUG o.h.e.t.internal.TransactionImpl - committing
19:26:18.116 [main] DEBUG o.h.e.i.AbstractFlushingEventListener - Processing flush-time cascades
19:26:18.116 [main] DEBUG o.h.e.i.AbstractFlushingEventListener - Dirty checking collections
19:26:18.117 [main] DEBUG o.h.e.i.AbstractFlushingEventListener - Flushed: 1 insertions, 0 updates, 0 deletions to 1 objects
19:26:18.117 [main] DEBUG o.h.e.i.AbstractFlushingEventListener - Flushed: 0 (re)creations, 0 updates, 0 removals to 0 collections
19:26:18.117 [main] DEBUG o.h.internal.util.EntityPrinter - Listing entities:
19:26:18.117 [main] DEBUG o.h.internal.util.EntityPrinter - edu.ncsu.csc.itrust2.models.persistent.LogEntry{secondaryUser=null, logCode=5, primaryUser=logapitest, id=111, time=java.util.GregorianCalendar[time=1521660378113,areFieldsSet=true,areAllFieldsSet=true,lenient=true,zone=sun.util.calendar.ZoneInfo[id="Etc/UTC",offset=0,dstSavings=0,useDaylight=false,transitions=0,lastRule=null],firstDayOfWeek=1,minimalDaysInFirstWeek=1,ERA=1,YEAR=2018,MONTH=2,WEEK_OF_YEAR=12,WEEK_OF_MONTH=4,DAY_OF_MONTH=21,DAY_OF_YEAR=80,DAY_OF_WEEK=4,DAY_OF_WEEK_IN_MONTH=3,AM_PM=1,HOUR=7,HOUR_OF_DAY=19,MINUTE=26,SECOND=18,MILLISECOND=113,ZONE_OFFSET=0,DST_OFFSET=0], message=null}
19:26:18.118 [main] DEBUG org.hibernate.SQL - insert into LogEntries (logCode, message, primaryUser, secondaryUser, time, id) values (?, ?, ?, ?, ?, ?)
Hibernate: insert into LogEntries (logCode, message, primaryUser, secondaryUser, time, id) values (?, ?, ?, ?, ?, ?)
19:26:18.119 [main] DEBUG o.h.e.j.internal.JdbcCoordinatorImpl - HHH000420: Closing un-released batch
19:26:18.120 [main] DEBUG o.h.e.t.internal.TransactionImpl - begin
19:26:18.120 [main] DEBUG org.hibernate.SQL - select next_val as id_val from hibernate_sequence for update
Hibernate: select next_val as id_val from hibernate_sequence for update
19:26:18.121 [main] DEBUG org.hibernate.SQL - update hibernate_sequence set next_val= ? where next_val=?
Hibernate: update hibernate_sequence set next_val= ? where next_val=?
19:26:18.122 [main] DEBUG o.h.e.i.AbstractSaveEventListener - Generated identifier: 112, using strategy: org.hibernate.id.enhanced.SequenceStyleGenerator
19:26:18.122 [main] DEBUG o.h.e.t.internal.TransactionImpl - committing
19:26:18.122 [main] DEBUG o.h.e.i.AbstractFlushingEventListener - Processing flush-time cascades
19:26:18.122 [main] DEBUG o.h.e.i.AbstractFlushingEventListener - Dirty checking collections
19:26:18.123 [main] DEBUG o.h.e.i.AbstractFlushingEventListener - Flushed: 1 insertions, 0 updates, 0 deletions to 1 objects
19:26:18.123 [main] DEBUG o.h.e.i.AbstractFlushingEventListener - Flushed: 0 (re)creations, 0 updates, 0 removals to 0 collections
19:26:18.123 [main] DEBUG o.h.internal.util.EntityPrinter - Listing entities:
19:26:18.123 [main] DEBUG o.h.internal.util.EntityPrinter - edu.ncsu.csc.itrust2.models.persistent.LogEntry{secondaryUser=null, logCode=5, primaryUser=logapitest, id=112, time=java.util.GregorianCalendar[time=1521660378120,areFieldsSet=true,areAllFieldsSet=true,lenient=true,zone=sun.util.calendar.ZoneInfo[id="Etc/UTC",offset=0,dstSavings=0,useDaylight=false,transitions=0,lastRule=null],firstDayOfWeek=1,minimalDaysInFirstWeek=1,ERA=1,YEAR=2018,MONTH=2,WEEK_OF_YEAR=12,WEEK_OF_MONTH=4,DAY_OF_MONTH=21,DAY_OF_YEAR=80,DAY_OF_WEEK=4,DAY_OF_WEEK_IN_MONTH=3,AM_PM=1,HOUR=7,HOUR_OF_DAY=19,MINUTE=26,SECOND=18,MILLISECOND=120,ZONE_OFFSET=0,DST_OFFSET=0], message=null}
19:26:18.124 [main] DEBUG org.hibernate.SQL - insert into LogEntries (logCode, message, primaryUser, secondaryUser, time, id) values (?, ?, ?, ?, ?, ?)
Hibernate: insert into LogEntries (logCode, message, primaryUser, secondaryUser, time, id) values (?, ?, ?, ?, ?, ?)
19:26:18.126 [main] DEBUG o.h.e.j.internal.JdbcCoordinatorImpl - HHH000420: Closing un-released batch
19:26:18.126 [main] DEBUG o.h.e.t.internal.TransactionImpl - begin
19:26:18.127 [main] DEBUG org.hibernate.SQL - select next_val as id_val from hibernate_sequence for update
Hibernate: select next_val as id_val from hibernate_sequence for update
19:26:18.127 [main] DEBUG org.hibernate.SQL - update hibernate_sequence set next_val= ? where next_val=?
Hibernate: update hibernate_sequence set next_val= ? where next_val=?
19:26:18.128 [main] DEBUG o.h.e.i.AbstractSaveEventListener - Generated identifier: 113, using strategy: org.hibernate.id.enhanced.SequenceStyleGenerator
19:26:18.129 [main] DEBUG o.h.e.t.internal.TransactionImpl - committing
19:26:18.129 [main] DEBUG o.h.e.i.AbstractFlushingEventListener - Processing flush-time cascades
19:26:18.129 [main] DEBUG o.h.e.i.AbstractFlushingEventListener - Dirty checking collections
19:26:18.129 [main] DEBUG o.h.e.i.AbstractFlushingEventListener - Flushed: 1 insertions, 0 updates, 0 deletions to 1 objects
19:26:18.129 [main] DEBUG o.h.e.i.AbstractFlushingEventListener - Flushed: 0 (re)creations, 0 updates, 0 removals to 0 collections
19:26:18.129 [main] DEBUG o.h.internal.util.EntityPrinter - Listing entities:
19:26:18.129 [main] DEBUG o.h.internal.util.EntityPrinter - edu.ncsu.csc.itrust2.models.persistent.LogEntry{secondaryUser=null, logCode=5, primaryUser=logapitest, id=113, time=java.util.GregorianCalendar[time=1521660378126,areFieldsSet=true,areAllFieldsSet=true,lenient=true,zone=sun.util.calendar.ZoneInfo[id="Etc/UTC",offset=0,dstSavings=0,useDaylight=false,transitions=0,lastRule=null],firstDayOfWeek=1,minimalDaysInFirstWeek=1,ERA=1,YEAR=2018,MONTH=2,WEEK_OF_YEAR=12,WEEK_OF_MONTH=4,DAY_OF_MONTH=21,DAY_OF_YEAR=80,DAY_OF_WEEK=4,DAY_OF_WEEK_IN_MONTH=3,AM_PM=1,HOUR=7,HOUR_OF_DAY=19,MINUTE=26,SECOND=18,MILLISECOND=126,ZONE_OFFSET=0,DST_OFFSET=0], message=null}
19:26:18.130 [main] DEBUG org.hibernate.SQL - insert into LogEntries (logCode, message, primaryUser, secondaryUser, time, id) values (?, ?, ?, ?, ?, ?)
Hibernate: insert into LogEntries (logCode, message, primaryUser, secondaryUser, time, id) values (?, ?, ?, ?, ?, ?)
19:26:18.131 [main] DEBUG o.h.e.j.internal.JdbcCoordinatorImpl - HHH000420: Closing un-released batch
19:26:18.131 [main] DEBUG o.h.e.t.internal.TransactionImpl - begin
19:26:18.132 [main] DEBUG org.hibernate.SQL - select next_val as id_val from hibernate_sequence for update
Hibernate: select next_val as id_val from hibernate_sequence for update
19:26:18.132 [main] DEBUG org.hibernate.SQL - update hibernate_sequence set next_val= ? where next_val=?
Hibernate: update hibernate_sequence set next_val= ? where next_val=?
19:26:18.133 [main] DEBUG o.h.e.i.AbstractSaveEventListener - Generated identifier: 114, using strategy: org.hibernate.id.enhanced.SequenceStyleGenerator
19:26:18.134 [main] DEBUG o.h.e.t.internal.TransactionImpl - committing
19:26:18.134 [main] DEBUG o.h.e.i.AbstractFlushingEventListener - Processing flush-time cascades
19:26:18.134 [main] DEBUG o.h.e.i.AbstractFlushingEventListener - Dirty checking collections
19:26:18.134 [main] DEBUG o.h.e.i.AbstractFlushingEventListener - Flushed: 1 insertions, 0 updates, 0 deletions to 1 objects
19:26:18.134 [main] DEBUG o.h.e.i.AbstractFlushingEventListener - Flushed: 0 (re)creations, 0 updates, 0 removals to 0 collections
19:26:18.134 [main] DEBUG o.h.internal.util.EntityPrinter - Listing entities:
19:26:18.134 [main] DEBUG o.h.internal.util.EntityPrinter - edu.ncsu.csc.itrust2.models.persistent.LogEntry{secondaryUser=null, logCode=5, primaryUser=logapitest, id=114, time=java.util.GregorianCalendar[time=1521660378131,areFieldsSet=true,areAllFieldsSet=true,lenient=true,zone=sun.util.calendar.ZoneInfo[id="Etc/UTC",offset=0,dstSavings=0,useDaylight=false,transitions=0,lastRule=null],firstDayOfWeek=1,minimalDaysInFirstWeek=1,ERA=1,YEAR=2018,MONTH=2,WEEK_OF_YEAR=12,WEEK_OF_MONTH=4,DAY_OF_MONTH=21,DAY_OF_YEAR=80,DAY_OF_WEEK=4,DAY_OF_WEEK_IN_MONTH=3,AM_PM=1,HOUR=7,HOUR_OF_DAY=19,MINUTE=26,SECOND=18,MILLISECOND=131,ZONE_OFFSET=0,DST_OFFSET=0], message=null}
19:26:18.135 [main] DEBUG org.hibernate.SQL - insert into LogEntries (logCode, message, primaryUser, secondaryUser, time, id) values (?, ?, ?, ?, ?, ?)
Hibernate: insert into LogEntries (logCode, message, primaryUser, secondaryUser, time, id) values (?, ?, ?, ?, ?, ?)
19:26:18.136 [main] DEBUG o.h.e.j.internal.JdbcCoordinatorImpl - HHH000420: Closing un-released batch
19:26:18.137 [main] DEBUG o.h.e.t.internal.TransactionImpl - begin
19:26:18.137 [main] DEBUG org.hibernate.SQL - select next_val as id_val from hibernate_sequence for update
Hibernate: select next_val as id_val from hibernate_sequence for update
19:26:18.137 [main] DEBUG org.hibernate.SQL - update hibernate_sequence set next_val= ? where next_val=?
Hibernate: update hibernate_sequence set next_val= ? where next_val=?
19:26:18.139 [main] DEBUG o.h.e.i.AbstractSaveEventListener - Generated identifier: 115, using strategy: org.hibernate.id.enhanced.SequenceStyleGenerator
19:26:18.139 [main] DEBUG o.h.e.t.internal.TransactionImpl - committing
19:26:18.139 [main] DEBUG o.h.e.i.AbstractFlushingEventListener - Processing flush-time cascades
19:26:18.139 [main] DEBUG o.h.e.i.AbstractFlushingEventListener - Dirty checking collections
19:26:18.139 [main] DEBUG o.h.e.i.AbstractFlushingEventListener - Flushed: 1 insertions, 0 updates, 0 deletions to 1 objects
19:26:18.139 [main] DEBUG o.h.e.i.AbstractFlushingEventListener - Flushed: 0 (re)creations, 0 updates, 0 removals to 0 collections
19:26:18.140 [main] DEBUG o.h.internal.util.EntityPrinter - Listing entities:
19:26:18.140 [main] DEBUG o.h.internal.util.EntityPrinter - edu.ncsu.csc.itrust2.models.persistent.LogEntry{secondaryUser=null, logCode=5, primaryUser=logapitest, id=115, time=java.util.GregorianCalendar[time=1521660378136,areFieldsSet=true,areAllFieldsSet=true,lenient=true,zone=sun.util.calendar.ZoneInfo[id="Etc/UTC",offset=0,dstSavings=0,useDaylight=false,transitions=0,lastRule=null],firstDayOfWeek=1,minimalDaysInFirstWeek=1,ERA=1,YEAR=2018,MONTH=2,WEEK_OF_YEAR=12,WEEK_OF_MONTH=4,DAY_OF_MONTH=21,DAY_OF_YEAR=80,DAY_OF_WEEK=4,DAY_OF_WEEK_IN_MONTH=3,AM_PM=1,HOUR=7,HOUR_OF_DAY=19,MINUTE=26,SECOND=18,MILLISECOND=136,ZONE_OFFSET=0,DST_OFFSET=0], message=null}
19:26:18.140 [main] DEBUG org.hibernate.SQL - insert into LogEntries (logCode, message, primaryUser, secondaryUser, time, id) values (?, ?, ?, ?, ?, ?)
Hibernate: insert into LogEntries (logCode, message, primaryUser, secondaryUser, time, id) values (?, ?, ?, ?, ?, ?)
19:26:18.142 [main] DEBUG o.h.e.j.internal.JdbcCoordinatorImpl - HHH000420: Closing un-released batch
19:26:18.142 [main] DEBUG o.h.e.t.internal.TransactionImpl - begin
19:26:18.143 [main] DEBUG org.hibernate.SQL - select next_val as id_val from hibernate_sequence for update
Hibernate: select next_val as id_val from hibernate_sequence for update
19:26:18.143 [main] DEBUG org.hibernate.SQL - update hibernate_sequence set next_val= ? where next_val=?
Hibernate: update hibernate_sequence set next_val= ? where next_val=?
19:26:18.144 [main] DEBUG o.h.e.i.AbstractSaveEventListener - Generated identifier: 116, using strategy: org.hibernate.id.enhanced.SequenceStyleGenerator
19:26:18.145 [main] DEBUG o.h.e.t.internal.TransactionImpl - committing
19:26:18.145 [main] DEBUG o.h.e.i.AbstractFlushingEventListener - Processing flush-time cascades
19:26:18.145 [main] DEBUG o.h.e.i.AbstractFlushingEventListener - Dirty checking collections
19:26:18.145 [main] DEBUG o.h.e.i.AbstractFlushingEventListener - Flushed: 1 insertions, 0 updates, 0 deletions to 1 objects
19:26:18.145 [main] DEBUG o.h.e.i.AbstractFlushingEventListener - Flushed: 0 (re)creations, 0 updates, 0 removals to 0 collections
19:26:18.145 [main] DEBUG o.h.internal.util.EntityPrinter - Listing entities:
19:26:18.145 [main] DEBUG o.h.internal.util.EntityPrinter - edu.ncsu.csc.itrust2.models.persistent.LogEntry{secondaryUser=null, logCode=5, primaryUser=logapitest, id=116, time=java.util.GregorianCalendar[time=1521660378142,areFieldsSet=true,areAllFieldsSet=true,lenient=true,zone=sun.util.calendar.ZoneInfo[id="Etc/UTC",offset=0,dstSavings=0,useDaylight=false,transitions=0,lastRule=null],firstDayOfWeek=1,minimalDaysInFirstWeek=1,ERA=1,YEAR=2018,MONTH=2,WEEK_OF_YEAR=12,WEEK_OF_MONTH=4,DAY_OF_MONTH=21,DAY_OF_YEAR=80,DAY_OF_WEEK=4,DAY_OF_WEEK_IN_MONTH=3,AM_PM=1,HOUR=7,HOUR_OF_DAY=19,MINUTE=26,SECOND=18,MILLISECOND=142,ZONE_OFFSET=0,DST_OFFSET=0], message=null}
19:26:18.146 [main] DEBUG org.hibernate.SQL - insert into LogEntries (logCode, message, primaryUser, secondaryUser, time, id) values (?, ?, ?, ?, ?, ?)
Hibernate: insert into LogEntries (logCode, message, primaryUser, secondaryUser, time, id) values (?, ?, ?, ?, ?, ?)
19:26:18.148 [main] DEBUG o.h.e.j.internal.JdbcCoordinatorImpl - HHH000420: Closing un-released batch
19:26:18.148 [main] DEBUG o.h.e.t.internal.TransactionImpl - begin
19:26:18.149 [main] DEBUG org.hibernate.SQL - select next_val as id_val from hibernate_sequence for update
Hibernate: select next_val as id_val from hibernate_sequence for update
19:26:18.150 [main] DEBUG org.hibernate.SQL - update hibernate_sequence set next_val= ? where next_val=?
Hibernate: update hibernate_sequence set next_val= ? where next_val=?
19:26:18.151 [main] DEBUG o.h.e.i.AbstractSaveEventListener - Generated identifier: 117, using strategy: org.hibernate.id.enhanced.SequenceStyleGenerator
19:26:18.151 [main] DEBUG o.h.e.t.internal.TransactionImpl - committing
19:26:18.151 [main] DEBUG o.h.e.i.AbstractFlushingEventListener - Processing flush-time cascades
19:26:18.151 [main] DEBUG o.h.e.i.AbstractFlushingEventListener - Dirty checking collections
19:26:18.152 [main] DEBUG o.h.e.i.AbstractFlushingEventListener - Flushed: 1 insertions, 0 updates, 0 deletions to 1 objects
19:26:18.152 [main] DEBUG o.h.e.i.AbstractFlushingEventListener - Flushed: 0 (re)creations, 0 updates, 0 removals to 0 collections
19:26:18.152 [main] DEBUG o.h.internal.util.EntityPrinter - Listing entities:
19:26:18.152 [main] DEBUG o.h.internal.util.EntityPrinter - edu.ncsu.csc.itrust2.models.persistent.LogEntry{secondaryUser=null, logCode=5, primaryUser=logapitest, id=117, time=java.util.GregorianCalendar[time=1521660378148,areFieldsSet=true,areAllFieldsSet=true,lenient=true,zone=sun.util.calendar.ZoneInfo[id="Etc/UTC",offset=0,dstSavings=0,useDaylight=false,transitions=0,lastRule=null],firstDayOfWeek=1,minimalDaysInFirstWeek=1,ERA=1,YEAR=2018,MONTH=2,WEEK_OF_YEAR=12,WEEK_OF_MONTH=4,DAY_OF_MONTH=21,DAY_OF_YEAR=80,DAY_OF_WEEK=4,DAY_OF_WEEK_IN_MONTH=3,AM_PM=1,HOUR=7,HOUR_OF_DAY=19,MINUTE=26,SECOND=18,MILLISECOND=148,ZONE_OFFSET=0,DST_OFFSET=0], message=null}
19:26:18.153 [main] DEBUG org.hibernate.SQL - insert into LogEntries (logCode, message, primaryUser, secondaryUser, time, id) values (?, ?, ?, ?, ?, ?)
Hibernate: insert into LogEntries (logCode, message, primaryUser, secondaryUser, time, id) values (?, ?, ?, ?, ?, ?)
19:26:18.162 [main] DEBUG o.h.e.j.internal.JdbcCoordinatorImpl - HHH000420: Closing un-released batch
19:26:18.163 [main] DEBUG o.h.e.t.internal.TransactionImpl - begin
19:26:18.163 [main] DEBUG org.hibernate.SQL - select next_val as id_val from hibernate_sequence for update
Hibernate: select next_val as id_val from hibernate_sequence for update
19:26:18.164 [main] DEBUG org.hibernate.SQL - update hibernate_sequence set next_val= ? where next_val=?
Hibernate: update hibernate_sequence set next_val= ? where next_val=?
19:26:18.165 [main] DEBUG o.h.e.i.AbstractSaveEventListener - Generated identifier: 118, using strategy: org.hibernate.id.enhanced.SequenceStyleGenerator
19:26:18.165 [main] DEBUG o.h.e.t.internal.TransactionImpl - committing
19:26:18.165 [main] DEBUG o.h.e.i.AbstractFlushingEventListener - Processing flush-time cascades
19:26:18.165 [main] DEBUG o.h.e.i.AbstractFlushingEventListener - Dirty checking collections
19:26:18.165 [main] DEBUG o.h.e.i.AbstractFlushingEventListener - Flushed: 1 insertions, 0 updates, 0 deletions to 1 objects
19:26:18.165 [main] DEBUG o.h.e.i.AbstractFlushingEventListener - Flushed: 0 (re)creations, 0 updates, 0 removals to 0 collections
19:26:18.165 [main] DEBUG o.h.internal.util.EntityPrinter - Listing entities:
19:26:18.165 [main] DEBUG o.h.internal.util.EntityPrinter - edu.ncsu.csc.itrust2.models.persistent.LogEntry{secondaryUser=null, logCode=5, primaryUser=logapitest, id=118, time=java.util.GregorianCalendar[time=1521660378163,areFieldsSet=true,areAllFieldsSet=true,lenient=true,zone=sun.util.calendar.ZoneInfo[id="Etc/UTC",offset=0,dstSavings=0,useDaylight=false,transitions=0,lastRule=null],firstDayOfWeek=1,minimalDaysInFirstWeek=1,ERA=1,YEAR=2018,MONTH=2,WEEK_OF_YEAR=12,WEEK_OF_MONTH=4,DAY_OF_MONTH=21,DAY_OF_YEAR=80,DAY_OF_WEEK=4,DAY_OF_WEEK_IN_MONTH=3,AM_PM=1,HOUR=7,HOUR_OF_DAY=19,MINUTE=26,SECOND=18,MILLISECOND=163,ZONE_OFFSET=0,DST_OFFSET=0], message=null}
19:26:18.166 [main] DEBUG org.hibernate.SQL - insert into LogEntries (logCode, message, primaryUser, secondaryUser, time, id) values (?, ?, ?, ?, ?, ?)
Hibernate: insert into LogEntries (logCode, message, primaryUser, secondaryUser, time, id) values (?, ?, ?, ?, ?, ?)
19:26:18.167 [main] DEBUG o.h.e.j.internal.JdbcCoordinatorImpl - HHH000420: Closing un-released batch
19:26:18.168 [main] DEBUG o.h.e.t.internal.TransactionImpl - begin
19:26:18.168 [main] DEBUG org.hibernate.SQL - select next_val as id_val from hibernate_sequence for update
Hibernate: select next_val as id_val from hibernate_sequence for update
19:26:18.169 [main] DEBUG org.hibernate.SQL - update hibernate_sequence set next_val= ? where next_val=?
Hibernate: update hibernate_sequence set next_val= ? where next_val=?
19:26:18.170 [main] DEBUG o.h.e.i.AbstractSaveEventListener - Generated identifier: 119, using strategy: org.hibernate.id.enhanced.SequenceStyleGenerator
19:26:18.171 [main] DEBUG o.h.e.t.internal.TransactionImpl - committing
19:26:18.171 [main] DEBUG o.h.e.i.AbstractFlushingEventListener - Processing flush-time cascades
19:26:18.171 [main] DEBUG o.h.e.i.AbstractFlushingEventListener - Dirty checking collections
19:26:18.171 [main] DEBUG o.h.e.i.AbstractFlushingEventListener - Flushed: 1 insertions, 0 updates, 0 deletions to 1 objects
19:26:18.171 [main] DEBUG o.h.e.i.AbstractFlushingEventListener - Flushed: 0 (re)creations, 0 updates, 0 removals to 0 collections
19:26:18.171 [main] DEBUG o.h.internal.util.EntityPrinter - Listing entities:
19:26:18.171 [main] DEBUG o.h.internal.util.EntityPrinter - edu.ncsu.csc.itrust2.models.persistent.LogEntry{secondaryUser=null, logCode=5, primaryUser=logapitest, id=119, time=java.util.GregorianCalendar[time=1521660378168,areFieldsSet=true,areAllFieldsSet=true,lenient=true,zone=sun.util.calendar.ZoneInfo[id="Etc/UTC",offset=0,dstSavings=0,useDaylight=false,transitions=0,lastRule=null],firstDayOfWeek=1,minimalDaysInFirstWeek=1,ERA=1,YEAR=2018,MONTH=2,WEEK_OF_YEAR=12,WEEK_OF_MONTH=4,DAY_OF_MONTH=21,DAY_OF_YEAR=80,DAY_OF_WEEK=4,DAY_OF_WEEK_IN_MONTH=3,AM_PM=1,HOUR=7,HOUR_OF_DAY=19,MINUTE=26,SECOND=18,MILLISECOND=168,ZONE_OFFSET=0,DST_OFFSET=0], message=null}
19:26:18.172 [main] DEBUG org.hibernate.SQL - insert into LogEntries (logCode, message, primaryUser, secondaryUser, time, id) values (?, ?, ?, ?, ?, ?)
Hibernate: insert into LogEntries (logCode, message, primaryUser, secondaryUser, time, id) values (?, ?, ?, ?, ?, ?)
19:26:18.178 [main] DEBUG o.h.e.j.internal.JdbcCoordinatorImpl - HHH000420: Closing un-released batch
19:26:18.179 [main] DEBUG o.h.e.t.internal.TransactionImpl - begin
19:26:18.182 [main] DEBUG org.hibernate.SQL - select next_val as id_val from hibernate_sequence for update
Hibernate: select next_val as id_val from hibernate_sequence for update
19:26:18.182 [main] DEBUG org.hibernate.SQL - update hibernate_sequence set next_val= ? where next_val=?
Hibernate: update hibernate_sequence set next_val= ? where next_val=?
19:26:18.184 [main] DEBUG o.h.e.i.AbstractSaveEventListener - Generated identifier: 120, using strategy: org.hibernate.id.enhanced.SequenceStyleGenerator
19:26:18.186 [main] DEBUG o.h.e.t.internal.TransactionImpl - committing
19:26:18.186 [main] DEBUG o.h.e.i.AbstractFlushingEventListener - Processing flush-time cascades
19:26:18.186 [main] DEBUG o.h.e.i.AbstractFlushingEventListener - Dirty checking collections
19:26:18.186 [main] DEBUG o.h.e.i.AbstractFlushingEventListener - Flushed: 1 insertions, 0 updates, 0 deletions to 1 objects
19:26:18.187 [main] DEBUG o.h.e.i.AbstractFlushingEventListener - Flushed: 0 (re)creations, 0 updates, 0 removals to 0 collections
19:26:18.187 [main] DEBUG o.h.internal.util.EntityPrinter - Listing entities:
19:26:18.187 [main] DEBUG o.h.internal.util.EntityPrinter - edu.ncsu.csc.itrust2.models.persistent.LogEntry{secondaryUser=null, logCode=5, primaryUser=logapitest, id=120, time=java.util.GregorianCalendar[time=1521660378179,areFieldsSet=true,areAllFieldsSet=true,lenient=true,zone=sun.util.calendar.ZoneInfo[id="Etc/UTC",offset=0,dstSavings=0,useDaylight=false,transitions=0,lastRule=null],firstDayOfWeek=1,minimalDaysInFirstWeek=1,ERA=1,YEAR=2018,MONTH=2,WEEK_OF_YEAR=12,WEEK_OF_MONTH=4,DAY_OF_MONTH=21,DAY_OF_YEAR=80,DAY_OF_WEEK=4,DAY_OF_WEEK_IN_MONTH=3,AM_PM=1,HOUR=7,HOUR_OF_DAY=19,MINUTE=26,SECOND=18,MILLISECOND=179,ZONE_OFFSET=0,DST_OFFSET=0], message=null}
19:26:18.188 [main] DEBUG org.hibernate.SQL - insert into LogEntries (logCode, message, primaryUser, secondaryUser, time, id) values (?, ?, ?, ?, ?, ?)
Hibernate: insert into LogEntries (logCode, message, primaryUser, secondaryUser, time, id) values (?, ?, ?, ?, ?, ?)
19:26:18.190 [main] DEBUG o.h.e.j.internal.JdbcCoordinatorImpl - HHH000420: Closing un-released batch
19:26:18.194 [main] DEBUG o.h.e.t.internal.TransactionImpl - begin
19:26:18.198 [main] DEBUG org.hibernate.SQL - select next_val as id_val from hibernate_sequence for update
Hibernate: select next_val as id_val from hibernate_sequence for update
19:26:18.200 [main] DEBUG org.hibernate.SQL - update hibernate_sequence set next_val= ? where next_val=?
Hibernate: update hibernate_sequence set next_val= ? where next_val=?
19:26:18.202 [main] DEBUG o.h.e.i.AbstractSaveEventListener - Generated identifier: 121, using strategy: org.hibernate.id.enhanced.SequenceStyleGenerator
19:26:18.202 [main] DEBUG o.h.e.t.internal.TransactionImpl - committing
19:26:18.202 [main] DEBUG o.h.e.i.AbstractFlushingEventListener - Processing flush-time cascades
19:26:18.202 [main] DEBUG o.h.e.i.AbstractFlushingEventListener - Dirty checking collections
19:26:18.203 [main] DEBUG o.h.e.i.AbstractFlushingEventListener - Flushed: 1 insertions, 0 updates, 0 deletions to 1 objects
19:26:18.203 [main] DEBUG o.h.e.i.AbstractFlushingEventListener - Flushed: 0 (re)creations, 0 updates, 0 removals to 0 collections
19:26:18.203 [main] DEBUG o.h.internal.util.EntityPrinter - Listing entities:
19:26:18.203 [main] DEBUG o.h.internal.util.EntityPrinter - edu.ncsu.csc.itrust2.models.persistent.LogEntry{secondaryUser=null, logCode=5, primaryUser=logapitest, id=121, time=java.util.GregorianCalendar[time=1521660378194,areFieldsSet=true,areAllFieldsSet=true,lenient=true,zone=sun.util.calendar.ZoneInfo[id="Etc/UTC",offset=0,dstSavings=0,useDaylight=false,transitions=0,lastRule=null],firstDayOfWeek=1,minimalDaysInFirstWeek=1,ERA=1,YEAR=2018,MONTH=2,WEEK_OF_YEAR=12,WEEK_OF_MONTH=4,DAY_OF_MONTH=21,DAY_OF_YEAR=80,DAY_OF_WEEK=4,DAY_OF_WEEK_IN_MONTH=3,AM_PM=1,HOUR=7,HOUR_OF_DAY=19,MINUTE=26,SECOND=18,MILLISECOND=194,ZONE_OFFSET=0,DST_OFFSET=0], message=null}
19:26:18.204 [main] DEBUG org.hibernate.SQL - insert into LogEntries (logCode, message, primaryUser, secondaryUser, time, id) values (?, ?, ?, ?, ?, ?)
Hibernate: insert into LogEntries (logCode, message, primaryUser, secondaryUser, time, id) values (?, ?, ?, ?, ?, ?)
19:26:18.208 [main] DEBUG o.h.e.j.internal.JdbcCoordinatorImpl - HHH000420: Closing un-released batch
19:26:18.209 [main] DEBUG o.h.e.t.internal.TransactionImpl - begin
19:26:18.210 [main] DEBUG org.hibernate.SQL - select next_val as id_val from hibernate_sequence for update
Hibernate: select next_val as id_val from hibernate_sequence for update
19:26:18.211 [main] DEBUG org.hibernate.SQL - update hibernate_sequence set next_val= ? where next_val=?
Hibernate: update hibernate_sequence set next_val= ? where next_val=?
19:26:18.214 [main] DEBUG o.h.e.i.AbstractSaveEventListener - Generated identifier: 122, using strategy: org.hibernate.id.enhanced.SequenceStyleGenerator
19:26:18.214 [main] DEBUG o.h.e.t.internal.TransactionImpl - committing
19:26:18.214 [main] DEBUG o.h.e.i.AbstractFlushingEventListener - Processing flush-time cascades
19:26:18.214 [main] DEBUG o.h.e.i.AbstractFlushingEventListener - Dirty checking collections
19:26:18.214 [main] DEBUG o.h.e.i.AbstractFlushingEventListener - Flushed: 1 insertions, 0 updates, 0 deletions to 1 objects
19:26:18.215 [main] DEBUG o.h.e.i.AbstractFlushingEventListener - Flushed: 0 (re)creations, 0 updates, 0 removals to 0 collections
19:26:18.215 [main] DEBUG o.h.internal.util.EntityPrinter - Listing entities:
19:26:18.215 [main] DEBUG o.h.internal.util.EntityPrinter - edu.ncsu.csc.itrust2.models.persistent.LogEntry{secondaryUser=null, logCode=5, primaryUser=logapitest, id=122, time=java.util.GregorianCalendar[time=1521660378209,areFieldsSet=true,areAllFieldsSet=true,lenient=true,zone=sun.util.calendar.ZoneInfo[id="Etc/UTC",offset=0,dstSavings=0,useDaylight=false,transitions=0,lastRule=null],firstDayOfWeek=1,minimalDaysInFirstWeek=1,ERA=1,YEAR=2018,MONTH=2,WEEK_OF_YEAR=12,WEEK_OF_MONTH=4,DAY_OF_MONTH=21,DAY_OF_YEAR=80,DAY_OF_WEEK=4,DAY_OF_WEEK_IN_MONTH=3,AM_PM=1,HOUR=7,HOUR_OF_DAY=19,MINUTE=26,SECOND=18,MILLISECOND=209,ZONE_OFFSET=0,DST_OFFSET=0], message=null}
19:26:18.216 [main] DEBUG org.hibernate.SQL - insert into LogEntries (logCode, message, primaryUser, secondaryUser, time, id) values (?, ?, ?, ?, ?, ?)
Hibernate: insert into LogEntries (logCode, message, primaryUser, secondaryUser, time, id) values (?, ?, ?, ?, ?, ?)
19:26:18.224 [main] DEBUG o.h.e.j.internal.JdbcCoordinatorImpl - HHH000420: Closing un-released batch
19:26:18.225 [main] DEBUG o.h.e.t.internal.TransactionImpl - begin
19:26:18.229 [main] DEBUG org.hibernate.SQL - select next_val as id_val from hibernate_sequence for update
Hibernate: select next_val as id_val from hibernate_sequence for update
19:26:18.230 [main] DEBUG org.hibernate.SQL - update hibernate_sequence set next_val= ? where next_val=?
Hibernate: update hibernate_sequence set next_val= ? where next_val=?
19:26:18.238 [main] DEBUG o.h.e.i.AbstractSaveEventListener - Generated identifier: 123, using strategy: org.hibernate.id.enhanced.SequenceStyleGenerator
19:26:18.239 [main] DEBUG o.h.e.t.internal.TransactionImpl - committing
19:26:18.239 [main] DEBUG o.h.e.i.AbstractFlushingEventListener - Processing flush-time cascades
19:26:18.239 [main] DEBUG o.h.e.i.AbstractFlushingEventListener - Dirty checking collections
19:26:18.240 [main] DEBUG o.h.e.i.AbstractFlushingEventListener - Flushed: 1 insertions, 0 updates, 0 deletions to 1 objects
19:26:18.240 [main] DEBUG o.h.e.i.AbstractFlushingEventListener - Flushed: 0 (re)creations, 0 updates, 0 removals to 0 collections
19:26:18.240 [main] DEBUG o.h.internal.util.EntityPrinter - Listing entities:
19:26:18.245 [main] DEBUG o.h.internal.util.EntityPrinter - edu.ncsu.csc.itrust2.models.persistent.LogEntry{secondaryUser=null, logCode=5, primaryUser=logapitest, id=123, time=java.util.GregorianCalendar[time=1521660378225,areFieldsSet=true,areAllFieldsSet=true,lenient=true,zone=sun.util.calendar.ZoneInfo[id="Etc/UTC",offset=0,dstSavings=0,useDaylight=false,transitions=0,lastRule=null],firstDayOfWeek=1,minimalDaysInFirstWeek=1,ERA=1,YEAR=2018,MONTH=2,WEEK_OF_YEAR=12,WEEK_OF_MONTH=4,DAY_OF_MONTH=21,DAY_OF_YEAR=80,DAY_OF_WEEK=4,DAY_OF_WEEK_IN_MONTH=3,AM_PM=1,HOUR=7,HOUR_OF_DAY=19,MINUTE=26,SECOND=18,MILLISECOND=225,ZONE_OFFSET=0,DST_OFFSET=0], message=null}
19:26:18.246 [main] DEBUG org.hibernate.SQL - insert into LogEntries (logCode, message, primaryUser, secondaryUser, time, id) values (?, ?, ?, ?, ?, ?)
Hibernate: insert into LogEntries (logCode, message, primaryUser, secondaryUser, time, id) values (?, ?, ?, ?, ?, ?)
19:26:18.254 [main] DEBUG o.h.e.j.internal.JdbcCoordinatorImpl - HHH000420: Closing un-released batch
19:26:18.255 [main] DEBUG o.h.e.t.internal.TransactionImpl - begin
19:26:18.255 [main] DEBUG org.hibernate.SQL - select next_val as id_val from hibernate_sequence for update
Hibernate: select next_val as id_val from hibernate_sequence for update
19:26:18.256 [main] DEBUG org.hibernate.SQL - update hibernate_sequence set next_val= ? where next_val=?
Hibernate: update hibernate_sequence set next_val= ? where next_val=?
19:26:18.258 [main] DEBUG o.h.e.i.AbstractSaveEventListener - Generated identifier: 124, using strategy: org.hibernate.id.enhanced.SequenceStyleGenerator
19:26:18.258 [main] DEBUG o.h.e.t.internal.TransactionImpl - committing
19:26:18.259 [main] DEBUG o.h.e.i.AbstractFlushingEventListener - Processing flush-time cascades
19:26:18.259 [main] DEBUG o.h.e.i.AbstractFlushingEventListener - Dirty checking collections
19:26:18.259 [main] DEBUG o.h.e.i.AbstractFlushingEventListener - Flushed: 1 insertions, 0 updates, 0 deletions to 1 objects
19:26:18.259 [main] DEBUG o.h.e.i.AbstractFlushingEventListener - Flushed: 0 (re)creations, 0 updates, 0 removals to 0 collections
19:26:18.259 [main] DEBUG o.h.internal.util.EntityPrinter - Listing entities:
19:26:18.259 [main] DEBUG o.h.internal.util.EntityPrinter - edu.ncsu.csc.itrust2.models.persistent.LogEntry{secondaryUser=null, logCode=5, primaryUser=logapitest, id=124, time=java.util.GregorianCalendar[time=1521660378254,areFieldsSet=true,areAllFieldsSet=true,lenient=true,zone=sun.util.calendar.ZoneInfo[id="Etc/UTC",offset=0,dstSavings=0,useDaylight=false,transitions=0,lastRule=null],firstDayOfWeek=1,minimalDaysInFirstWeek=1,ERA=1,YEAR=2018,MONTH=2,WEEK_OF_YEAR=12,WEEK_OF_MONTH=4,DAY_OF_MONTH=21,DAY_OF_YEAR=80,DAY_OF_WEEK=4,DAY_OF_WEEK_IN_MONTH=3,AM_PM=1,HOUR=7,HOUR_OF_DAY=19,MINUTE=26,SECOND=18,MILLISECOND=254,ZONE_OFFSET=0,DST_OFFSET=0], message=null}
19:26:18.261 [main] DEBUG org.hibernate.SQL - insert into LogEntries (logCode, message, primaryUser, secondaryUser, time, id) values (?, ?, ?, ?, ?, ?)
Hibernate: insert into LogEntries (logCode, message, primaryUser, secondaryUser, time, id) values (?, ?, ?, ?, ?, ?)
19:26:18.263 [main] DEBUG o.h.e.j.internal.JdbcCoordinatorImpl - HHH000420: Closing un-released batch
19:26:18.265 [main] DEBUG o.h.e.t.internal.TransactionImpl - begin
19:26:18.266 [main] DEBUG org.hibernate.SQL - select next_val as id_val from hibernate_sequence for update
Hibernate: select next_val as id_val from hibernate_sequence for update
19:26:18.267 [main] DEBUG org.hibernate.SQL - update hibernate_sequence set next_val= ? where next_val=?
Hibernate: update hibernate_sequence set next_val= ? where next_val=?
19:26:18.272 [main] DEBUG o.h.e.i.AbstractSaveEventListener - Generated identifier: 125, using strategy: org.hibernate.id.enhanced.SequenceStyleGenerator
19:26:18.272 [main] DEBUG o.h.e.t.internal.TransactionImpl - committing
19:26:18.274 [main] DEBUG o.h.e.i.AbstractFlushingEventListener - Processing flush-time cascades
19:26:18.274 [main] DEBUG o.h.e.i.AbstractFlushingEventListener - Dirty checking collections
19:26:18.274 [main] DEBUG o.h.e.i.AbstractFlushingEventListener - Flushed: 1 insertions, 0 updates, 0 deletions to 1 objects
19:26:18.274 [main] DEBUG o.h.e.i.AbstractFlushingEventListener - Flushed: 0 (re)creations, 0 updates, 0 removals to 0 collections
19:26:18.274 [main] DEBUG o.h.internal.util.EntityPrinter - Listing entities:
19:26:18.275 [main] DEBUG o.h.internal.util.EntityPrinter - edu.ncsu.csc.itrust2.models.persistent.LogEntry{secondaryUser=null, logCode=5, primaryUser=logapitest, id=125, time=java.util.GregorianCalendar[time=1521660378264,areFieldsSet=true,areAllFieldsSet=true,lenient=true,zone=sun.util.calendar.ZoneInfo[id="Etc/UTC",offset=0,dstSavings=0,useDaylight=false,transitions=0,lastRule=null],firstDayOfWeek=1,minimalDaysInFirstWeek=1,ERA=1,YEAR=2018,MONTH=2,WEEK_OF_YEAR=12,WEEK_OF_MONTH=4,DAY_OF_MONTH=21,DAY_OF_YEAR=80,DAY_OF_WEEK=4,DAY_OF_WEEK_IN_MONTH=3,AM_PM=1,HOUR=7,HOUR_OF_DAY=19,MINUTE=26,SECOND=18,MILLISECOND=264,ZONE_OFFSET=0,DST_OFFSET=0], message=null}
19:26:18.277 [main] DEBUG org.hibernate.SQL - insert into LogEntries (logCode, message, primaryUser, secondaryUser, time, id) values (?, ?, ?, ?, ?, ?)
Hibernate: insert into LogEntries (logCode, message, primaryUser, secondaryUser, time, id) values (?, ?, ?, ?, ?, ?)
19:26:18.281 [main] DEBUG o.h.e.j.internal.JdbcCoordinatorImpl - HHH000420: Closing un-released batch
19:26:18.281 [main] DEBUG o.h.e.t.internal.TransactionImpl - begin
19:26:18.282 [main] DEBUG org.hibernate.SQL - select next_val as id_val from hibernate_sequence for update
Hibernate: select next_val as id_val from hibernate_sequence for update
19:26:18.283 [main] DEBUG org.hibernate.SQL - update hibernate_sequence set next_val= ? where next_val=?
Hibernate: update hibernate_sequence set next_val= ? where next_val=?
19:26:18.289 [main] DEBUG o.h.e.i.AbstractSaveEventListener - Generated identifier: 126, using strategy: org.hibernate.id.enhanced.SequenceStyleGenerator
19:26:18.290 [main] DEBUG o.h.e.t.internal.TransactionImpl - committing
19:26:18.290 [main] DEBUG o.h.e.i.AbstractFlushingEventListener - Processing flush-time cascades
19:26:18.290 [main] DEBUG o.h.e.i.AbstractFlushingEventListener - Dirty checking collections
19:26:18.291 [main] DEBUG o.h.e.i.AbstractFlushingEventListener - Flushed: 1 insertions, 0 updates, 0 deletions to 1 objects
19:26:18.292 [main] DEBUG o.h.e.i.AbstractFlushingEventListener - Flushed: 0 (re)creations, 0 updates, 0 removals to 0 collections
19:26:18.292 [main] DEBUG o.h.internal.util.EntityPrinter - Listing entities:
19:26:18.292 [main] DEBUG o.h.internal.util.EntityPrinter - edu.ncsu.csc.itrust2.models.persistent.LogEntry{secondaryUser=null, logCode=5, primaryUser=logapitest, id=126, time=java.util.GregorianCalendar[time=1521660378281,areFieldsSet=true,areAllFieldsSet=true,lenient=true,zone=sun.util.calendar.ZoneInfo[id="Etc/UTC",offset=0,dstSavings=0,useDaylight=false,transitions=0,lastRule=null],firstDayOfWeek=1,minimalDaysInFirstWeek=1,ERA=1,YEAR=2018,MONTH=2,WEEK_OF_YEAR=12,WEEK_OF_MONTH=4,DAY_OF_MONTH=21,DAY_OF_YEAR=80,DAY_OF_WEEK=4,DAY_OF_WEEK_IN_MONTH=3,AM_PM=1,HOUR=7,HOUR_OF_DAY=19,MINUTE=26,SECOND=18,MILLISECOND=281,ZONE_OFFSET=0,DST_OFFSET=0], message=null}
19:26:18.293 [main] DEBUG org.hibernate.SQL - insert into LogEntries (logCode, message, primaryUser, secondaryUser, time, id) values (?, ?, ?, ?, ?, ?)
Hibernate: insert into LogEntries (logCode, message, primaryUser, secondaryUser, time, id) values (?, ?, ?, ?, ?, ?)
19:26:18.314 [main] DEBUG o.h.e.j.internal.JdbcCoordinatorImpl - HHH000420: Closing un-released batch
19:26:18.315 [main] DEBUG o.h.e.t.internal.TransactionImpl - begin
19:26:18.320 [main] DEBUG org.hibernate.SQL - select next_val as id_val from hibernate_sequence for update
Hibernate: select next_val as id_val from hibernate_sequence for update
19:26:18.321 [main] DEBUG org.hibernate.SQL - update hibernate_sequence set next_val= ? where next_val=?
Hibernate: update hibernate_sequence set next_val= ? where next_val=?
19:26:18.323 [main] DEBUG o.h.e.i.AbstractSaveEventListener - Generated identifier: 127, using strategy: org.hibernate.id.enhanced.SequenceStyleGenerator
19:26:18.323 [main] DEBUG o.h.e.t.internal.TransactionImpl - committing
19:26:18.323 [main] DEBUG o.h.e.i.AbstractFlushingEventListener - Processing flush-time cascades
19:26:18.323 [main] DEBUG o.h.e.i.AbstractFlushingEventListener - Dirty checking collections
19:26:18.324 [main] DEBUG o.h.e.i.AbstractFlushingEventListener - Flushed: 1 insertions, 0 updates, 0 deletions to 1 objects
19:26:18.324 [main] DEBUG o.h.e.i.AbstractFlushingEventListener - Flushed: 0 (re)creations, 0 updates, 0 removals to 0 collections
19:26:18.324 [main] DEBUG o.h.internal.util.EntityPrinter - Listing entities:
19:26:18.324 [main] DEBUG o.h.internal.util.EntityPrinter - edu.ncsu.csc.itrust2.models.persistent.LogEntry{secondaryUser=null, logCode=5, primaryUser=logapitest, id=127, time=java.util.GregorianCalendar[time=1521660378315,areFieldsSet=true,areAllFieldsSet=true,lenient=true,zone=sun.util.calendar.ZoneInfo[id="Etc/UTC",offset=0,dstSavings=0,useDaylight=false,transitions=0,lastRule=null],firstDayOfWeek=1,minimalDaysInFirstWeek=1,ERA=1,YEAR=2018,MONTH=2,WEEK_OF_YEAR=12,WEEK_OF_MONTH=4,DAY_OF_MONTH=21,DAY_OF_YEAR=80,DAY_OF_WEEK=4,DAY_OF_WEEK_IN_MONTH=3,AM_PM=1,HOUR=7,HOUR_OF_DAY=19,MINUTE=26,SECOND=18,MILLISECOND=315,ZONE_OFFSET=0,DST_OFFSET=0], message=null}
19:26:18.324 [main] DEBUG org.hibernate.SQL - insert into LogEntries (logCode, message, primaryUser, secondaryUser, time, id) values (?, ?, ?, ?, ?, ?)
Hibernate: insert into LogEntries (logCode, message, primaryUser, secondaryUser, time, id) values (?, ?, ?, ?, ?, ?)
19:26:18.326 [main] DEBUG o.h.e.j.internal.JdbcCoordinatorImpl - HHH000420: Closing un-released batch
19:26:18.327 [main] DEBUG o.h.e.t.internal.TransactionImpl - begin
19:26:18.328 [main] DEBUG org.hibernate.SQL - select next_val as id_val from hibernate_sequence for update
Hibernate: select next_val as id_val from hibernate_sequence for update
19:26:18.329 [main] DEBUG org.hibernate.SQL - update hibernate_sequence set next_val= ? where next_val=?
Hibernate: update hibernate_sequence set next_val= ? where next_val=?
19:26:18.336 [main] DEBUG o.h.e.i.AbstractSaveEventListener - Generated identifier: 128, using strategy: org.hibernate.id.enhanced.SequenceStyleGenerator
19:26:18.336 [main] DEBUG o.h.e.t.internal.TransactionImpl - committing
19:26:18.336 [main] DEBUG o.h.e.i.AbstractFlushingEventListener - Processing flush-time cascades
19:26:18.336 [main] DEBUG o.h.e.i.AbstractFlushingEventListener - Dirty checking collections
19:26:18.336 [main] DEBUG o.h.e.i.AbstractFlushingEventListener - Flushed: 1 insertions, 0 updates, 0 deletions to 1 objects
19:26:18.336 [main] DEBUG o.h.e.i.AbstractFlushingEventListener - Flushed: 0 (re)creations, 0 updates, 0 removals to 0 collections
19:26:18.336 [main] DEBUG o.h.internal.util.EntityPrinter - Listing entities:
19:26:18.337 [main] DEBUG o.h.internal.util.EntityPrinter - edu.ncsu.csc.itrust2.models.persistent.LogEntry{secondaryUser=null, logCode=5, primaryUser=logapitest, id=128, time=java.util.GregorianCalendar[time=1521660378327,areFieldsSet=true,areAllFieldsSet=true,lenient=true,zone=sun.util.calendar.ZoneInfo[id="Etc/UTC",offset=0,dstSavings=0,useDaylight=false,transitions=0,lastRule=null],firstDayOfWeek=1,minimalDaysInFirstWeek=1,ERA=1,YEAR=2018,MONTH=2,WEEK_OF_YEAR=12,WEEK_OF_MONTH=4,DAY_OF_MONTH=21,DAY_OF_YEAR=80,DAY_OF_WEEK=4,DAY_OF_WEEK_IN_MONTH=3,AM_PM=1,HOUR=7,HOUR_OF_DAY=19,MINUTE=26,SECOND=18,MILLISECOND=327,ZONE_OFFSET=0,DST_OFFSET=0], message=null}
19:26:18.337 [main] DEBUG org.hibernate.SQL - insert into LogEntries (logCode, message, primaryUser, secondaryUser, time, id) values (?, ?, ?, ?, ?, ?)
Hibernate: insert into LogEntries (logCode, message, primaryUser, secondaryUser, time, id) values (?, ?, ?, ?, ?, ?)
19:26:18.340 [main] DEBUG o.h.e.j.internal.JdbcCoordinatorImpl - HHH000420: Closing un-released batch
19:26:18.341 [main] DEBUG o.h.e.t.internal.TransactionImpl - begin
19:26:18.342 [main] DEBUG org.hibernate.SQL - select next_val as id_val from hibernate_sequence for update
Hibernate: select next_val as id_val from hibernate_sequence for update
19:26:18.342 [main] DEBUG org.hibernate.SQL - update hibernate_sequence set next_val= ? where next_val=?
Hibernate: update hibernate_sequence set next_val= ? where next_val=?
19:26:18.344 [main] DEBUG o.h.e.i.AbstractSaveEventListener - Generated identifier: 129, using strategy: org.hibernate.id.enhanced.SequenceStyleGenerator
19:26:18.344 [main] DEBUG o.h.e.t.internal.TransactionImpl - committing
19:26:18.344 [main] DEBUG o.h.e.i.AbstractFlushingEventListener - Processing flush-time cascades
19:26:18.344 [main] DEBUG o.h.e.i.AbstractFlushingEventListener - Dirty checking collections
19:26:18.345 [main] DEBUG o.h.e.i.AbstractFlushingEventListener - Flushed: 1 insertions, 0 updates, 0 deletions to 1 objects
19:26:18.345 [main] DEBUG o.h.e.i.AbstractFlushingEventListener - Flushed: 0 (re)creations, 0 updates, 0 removals to 0 collections
19:26:18.345 [main] DEBUG o.h.internal.util.EntityPrinter - Listing entities:
19:26:18.345 [main] DEBUG o.h.internal.util.EntityPrinter - edu.ncsu.csc.itrust2.models.persistent.LogEntry{secondaryUser=null, logCode=5, primaryUser=logapitest, id=129, time=java.util.GregorianCalendar[time=1521660378341,areFieldsSet=true,areAllFieldsSet=true,lenient=true,zone=sun.util.calendar.ZoneInfo[id="Etc/UTC",offset=0,dstSavings=0,useDaylight=false,transitions=0,lastRule=null],firstDayOfWeek=1,minimalDaysInFirstWeek=1,ERA=1,YEAR=2018,MONTH=2,WEEK_OF_YEAR=12,WEEK_OF_MONTH=4,DAY_OF_MONTH=21,DAY_OF_YEAR=80,DAY_OF_WEEK=4,DAY_OF_WEEK_IN_MONTH=3,AM_PM=1,HOUR=7,HOUR_OF_DAY=19,MINUTE=26,SECOND=18,MILLISECOND=341,ZONE_OFFSET=0,DST_OFFSET=0], message=null}
19:26:18.346 [main] DEBUG org.hibernate.SQL - insert into LogEntries (logCode, message, primaryUser, secondaryUser, time, id) values (?, ?, ?, ?, ?, ?)
Hibernate: insert into LogEntries (logCode, message, primaryUser, secondaryUser, time, id) values (?, ?, ?, ?, ?, ?)
19:26:18.355 [main] DEBUG o.h.e.j.internal.JdbcCoordinatorImpl - HHH000420: Closing un-released batch
19:26:18.355 [main] DEBUG o.h.e.t.internal.TransactionImpl - begin
19:26:18.356 [main] DEBUG org.hibernate.SQL - select next_val as id_val from hibernate_sequence for update
Hibernate: select next_val as id_val from hibernate_sequence for update
19:26:18.357 [main] DEBUG org.hibernate.SQL - update hibernate_sequence set next_val= ? where next_val=?
Hibernate: update hibernate_sequence set next_val= ? where next_val=?
19:26:18.359 [main] DEBUG o.h.e.i.AbstractSaveEventListener - Generated identifier: 130, using strategy: org.hibernate.id.enhanced.SequenceStyleGenerator
19:26:18.360 [main] DEBUG o.h.e.t.internal.TransactionImpl - committing
19:26:18.360 [main] DEBUG o.h.e.i.AbstractFlushingEventListener - Processing flush-time cascades
19:26:18.360 [main] DEBUG o.h.e.i.AbstractFlushingEventListener - Dirty checking collections
19:26:18.360 [main] DEBUG o.h.e.i.AbstractFlushingEventListener - Flushed: 1 insertions, 0 updates, 0 deletions to 1 objects
19:26:18.360 [main] DEBUG o.h.e.i.AbstractFlushingEventListener - Flushed: 0 (re)creations, 0 updates, 0 removals to 0 collections
19:26:18.360 [main] DEBUG o.h.internal.util.EntityPrinter - Listing entities:
19:26:18.360 [main] DEBUG o.h.internal.util.EntityPrinter - edu.ncsu.csc.itrust2.models.persistent.LogEntry{secondaryUser=null, logCode=5, primaryUser=logapitest, id=130, time=java.util.GregorianCalendar[time=1521660378355,areFieldsSet=true,areAllFieldsSet=true,lenient=true,zone=sun.util.calendar.ZoneInfo[id="Etc/UTC",offset=0,dstSavings=0,useDaylight=false,transitions=0,lastRule=null],firstDayOfWeek=1,minimalDaysInFirstWeek=1,ERA=1,YEAR=2018,MONTH=2,WEEK_OF_YEAR=12,WEEK_OF_MONTH=4,DAY_OF_MONTH=21,DAY_OF_YEAR=80,DAY_OF_WEEK=4,DAY_OF_WEEK_IN_MONTH=3,AM_PM=1,HOUR=7,HOUR_OF_DAY=19,MINUTE=26,SECOND=18,MILLISECOND=355,ZONE_OFFSET=0,DST_OFFSET=0], message=null}
19:26:18.361 [main] DEBUG org.hibernate.SQL - insert into LogEntries (logCode, message, primaryUser, secondaryUser, time, id) values (?, ?, ?, ?, ?, ?)
Hibernate: insert into LogEntries (logCode, message, primaryUser, secondaryUser, time, id) values (?, ?, ?, ?, ?, ?)
19:26:18.363 [main] DEBUG o.h.e.j.internal.JdbcCoordinatorImpl - HHH000420: Closing un-released batch
19:26:18.364 [main] DEBUG o.h.e.t.internal.TransactionImpl - begin
19:26:18.365 [main] DEBUG org.hibernate.SQL - select next_val as id_val from hibernate_sequence for update
Hibernate: select next_val as id_val from hibernate_sequence for update
19:26:18.366 [main] DEBUG org.hibernate.SQL - update hibernate_sequence set next_val= ? where next_val=?
Hibernate: update hibernate_sequence set next_val= ? where next_val=?
19:26:18.372 [main] DEBUG o.h.e.i.AbstractSaveEventListener - Generated identifier: 131, using strategy: org.hibernate.id.enhanced.SequenceStyleGenerator
19:26:18.372 [main] DEBUG o.h.e.t.internal.TransactionImpl - committing
19:26:18.372 [main] DEBUG o.h.e.i.AbstractFlushingEventListener - Processing flush-time cascades
19:26:18.373 [main] DEBUG o.h.e.i.AbstractFlushingEventListener - Dirty checking collections
19:26:18.373 [main] DEBUG o.h.e.i.AbstractFlushingEventListener - Flushed: 1 insertions, 0 updates, 0 deletions to 1 objects
19:26:18.373 [main] DEBUG o.h.e.i.AbstractFlushingEventListener - Flushed: 0 (re)creations, 0 updates, 0 removals to 0 collections
19:26:18.373 [main] DEBUG o.h.internal.util.EntityPrinter - Listing entities:
19:26:18.373 [main] DEBUG o.h.internal.util.EntityPrinter - edu.ncsu.csc.itrust2.models.persistent.LogEntry{secondaryUser=null, logCode=5, primaryUser=logapitest, id=131, time=java.util.GregorianCalendar[time=1521660378364,areFieldsSet=true,areAllFieldsSet=true,lenient=true,zone=sun.util.calendar.ZoneInfo[id="Etc/UTC",offset=0,dstSavings=0,useDaylight=false,transitions=0,lastRule=null],firstDayOfWeek=1,minimalDaysInFirstWeek=1,ERA=1,YEAR=2018,MONTH=2,WEEK_OF_YEAR=12,WEEK_OF_MONTH=4,DAY_OF_MONTH=21,DAY_OF_YEAR=80,DAY_OF_WEEK=4,DAY_OF_WEEK_IN_MONTH=3,AM_PM=1,HOUR=7,HOUR_OF_DAY=19,MINUTE=26,SECOND=18,MILLISECOND=364,ZONE_OFFSET=0,DST_OFFSET=0], message=null}
19:26:18.374 [main] DEBUG org.hibernate.SQL - insert into LogEntries (logCode, message, primaryUser, secondaryUser, time, id) values (?, ?, ?, ?, ?, ?)
Hibernate: insert into LogEntries (logCode, message, primaryUser, secondaryUser, time, id) values (?, ?, ?, ?, ?, ?)
19:26:18.381 [main] DEBUG o.h.e.j.internal.JdbcCoordinatorImpl - HHH000420: Closing un-released batch
19:26:18.382 [main] DEBUG o.h.e.t.internal.TransactionImpl - begin
19:26:18.383 [main] DEBUG org.hibernate.SQL - select next_val as id_val from hibernate_sequence for update
Hibernate: select next_val as id_val from hibernate_sequence for update
19:26:18.390 [main] DEBUG org.hibernate.SQL - update hibernate_sequence set next_val= ? where next_val=?
Hibernate: update hibernate_sequence set next_val= ? where next_val=?
19:26:18.393 [main] DEBUG o.h.e.i.AbstractSaveEventListener - Generated identifier: 132, using strategy: org.hibernate.id.enhanced.SequenceStyleGenerator
19:26:18.393 [main] DEBUG o.h.e.t.internal.TransactionImpl - committing
19:26:18.393 [main] DEBUG o.h.e.i.AbstractFlushingEventListener - Processing flush-time cascades
19:26:18.393 [main] DEBUG o.h.e.i.AbstractFlushingEventListener - Dirty checking collections
19:26:18.394 [main] DEBUG o.h.e.i.AbstractFlushingEventListener - Flushed: 1 insertions, 0 updates, 0 deletions to 1 objects
19:26:18.394 [main] DEBUG o.h.e.i.AbstractFlushingEventListener - Flushed: 0 (re)creations, 0 updates, 0 removals to 0 collections
19:26:18.394 [main] DEBUG o.h.internal.util.EntityPrinter - Listing entities:
19:26:18.394 [main] DEBUG o.h.internal.util.EntityPrinter - edu.ncsu.csc.itrust2.models.persistent.LogEntry{secondaryUser=null, logCode=5, primaryUser=logapitest, id=132, time=java.util.GregorianCalendar[time=1521660378381,areFieldsSet=true,areAllFieldsSet=true,lenient=true,zone=sun.util.calendar.ZoneInfo[id="Etc/UTC",offset=0,dstSavings=0,useDaylight=false,transitions=0,lastRule=null],firstDayOfWeek=1,minimalDaysInFirstWeek=1,ERA=1,YEAR=2018,MONTH=2,WEEK_OF_YEAR=12,WEEK_OF_MONTH=4,DAY_OF_MONTH=21,DAY_OF_YEAR=80,DAY_OF_WEEK=4,DAY_OF_WEEK_IN_MONTH=3,AM_PM=1,HOUR=7,HOUR_OF_DAY=19,MINUTE=26,SECOND=18,MILLISECOND=381,ZONE_OFFSET=0,DST_OFFSET=0], message=null}
19:26:18.395 [main] DEBUG org.hibernate.SQL - insert into LogEntries (logCode, message, primaryUser, secondaryUser, time, id) values (?, ?, ?, ?, ?, ?)
Hibernate: insert into LogEntries (logCode, message, primaryUser, secondaryUser, time, id) values (?, ?, ?, ?, ?, ?)
19:26:18.398 [main] DEBUG o.h.e.j.internal.JdbcCoordinatorImpl - HHH000420: Closing un-released batch
19:26:18.399 [main] DEBUG o.h.e.t.internal.TransactionImpl - begin
19:26:18.403 [main] DEBUG org.hibernate.SQL - select next_val as id_val from hibernate_sequence for update
Hibernate: select next_val as id_val from hibernate_sequence for update
19:26:18.404 [main] DEBUG org.hibernate.SQL - update hibernate_sequence set next_val= ? where next_val=?
Hibernate: update hibernate_sequence set next_val= ? where next_val=?
19:26:18.406 [main] DEBUG o.h.e.i.AbstractSaveEventListener - Generated identifier: 133, using strategy: org.hibernate.id.enhanced.SequenceStyleGenerator
19:26:18.407 [main] DEBUG o.h.e.t.internal.TransactionImpl - committing
19:26:18.407 [main] DEBUG o.h.e.i.AbstractFlushingEventListener - Processing flush-time cascades
19:26:18.407 [main] DEBUG o.h.e.i.AbstractFlushingEventListener - Dirty checking collections
19:26:18.407 [main] DEBUG o.h.e.i.AbstractFlushingEventListener - Flushed: 1 insertions, 0 updates, 0 deletions to 1 objects
19:26:18.407 [main] DEBUG o.h.e.i.AbstractFlushingEventListener - Flushed: 0 (re)creations, 0 updates, 0 removals to 0 collections
19:26:18.408 [main] DEBUG o.h.internal.util.EntityPrinter - Listing entities:
19:26:18.408 [main] DEBUG o.h.internal.util.EntityPrinter - edu.ncsu.csc.itrust2.models.persistent.LogEntry{secondaryUser=null, logCode=5, primaryUser=logapitest, id=133, time=java.util.GregorianCalendar[time=1521660378399,areFieldsSet=true,areAllFieldsSet=true,lenient=true,zone=sun.util.calendar.ZoneInfo[id="Etc/UTC",offset=0,dstSavings=0,useDaylight=false,transitions=0,lastRule=null],firstDayOfWeek=1,minimalDaysInFirstWeek=1,ERA=1,YEAR=2018,MONTH=2,WEEK_OF_YEAR=12,WEEK_OF_MONTH=4,DAY_OF_MONTH=21,DAY_OF_YEAR=80,DAY_OF_WEEK=4,DAY_OF_WEEK_IN_MONTH=3,AM_PM=1,HOUR=7,HOUR_OF_DAY=19,MINUTE=26,SECOND=18,MILLISECOND=399,ZONE_OFFSET=0,DST_OFFSET=0], message=null}
19:26:18.409 [main] DEBUG org.hibernate.SQL - insert into LogEntries (logCode, message, primaryUser, secondaryUser, time, id) values (?, ?, ?, ?, ?, ?)
Hibernate: insert into LogEntries (logCode, message, primaryUser, secondaryUser, time, id) values (?, ?, ?, ?, ?, ?)
19:26:18.414 [main] DEBUG o.h.e.j.internal.JdbcCoordinatorImpl - HHH000420: Closing un-released batch
19:26:18.417 [main] DEBUG o.h.e.t.internal.TransactionImpl - begin
19:26:18.419 [main] DEBUG org.hibernate.SQL - select next_val as id_val from hibernate_sequence for update
Hibernate: select next_val as id_val from hibernate_sequence for update
19:26:18.420 [main] DEBUG org.hibernate.SQL - update hibernate_sequence set next_val= ? where next_val=?
Hibernate: update hibernate_sequence set next_val= ? where next_val=?
19:26:18.422 [main] DEBUG o.h.e.i.AbstractSaveEventListener - Generated identifier: 134, using strategy: org.hibernate.id.enhanced.SequenceStyleGenerator
19:26:18.423 [main] DEBUG o.h.e.t.internal.TransactionImpl - committing
19:26:18.423 [main] DEBUG o.h.e.i.AbstractFlushingEventListener - Processing flush-time cascades
19:26:18.423 [main] DEBUG o.h.e.i.AbstractFlushingEventListener - Dirty checking collections
19:26:18.423 [main] DEBUG o.h.e.i.AbstractFlushingEventListener - Flushed: 1 insertions, 0 updates, 0 deletions to 1 objects
19:26:18.423 [main] DEBUG o.h.e.i.AbstractFlushingEventListener - Flushed: 0 (re)creations, 0 updates, 0 removals to 0 collections
19:26:18.423 [main] DEBUG o.h.internal.util.EntityPrinter - Listing entities:
19:26:18.424 [main] DEBUG o.h.internal.util.EntityPrinter - edu.ncsu.csc.itrust2.models.persistent.LogEntry{secondaryUser=null, logCode=5, primaryUser=logapitest, id=134, time=java.util.GregorianCalendar[time=1521660378415,areFieldsSet=true,areAllFieldsSet=true,lenient=true,zone=sun.util.calendar.ZoneInfo[id="Etc/UTC",offset=0,dstSavings=0,useDaylight=false,transitions=0,lastRule=null],firstDayOfWeek=1,minimalDaysInFirstWeek=1,ERA=1,YEAR=2018,MONTH=2,WEEK_OF_YEAR=12,WEEK_OF_MONTH=4,DAY_OF_MONTH=21,DAY_OF_YEAR=80,DAY_OF_WEEK=4,DAY_OF_WEEK_IN_MONTH=3,AM_PM=1,HOUR=7,HOUR_OF_DAY=19,MINUTE=26,SECOND=18,MILLISECOND=415,ZONE_OFFSET=0,DST_OFFSET=0], message=null}
19:26:18.424 [main] DEBUG org.hibernate.SQL - insert into LogEntries (logCode, message, primaryUser, secondaryUser, time, id) values (?, ?, ?, ?, ?, ?)
Hibernate: insert into LogEntries (logCode, message, primaryUser, secondaryUser, time, id) values (?, ?, ?, ?, ?, ?)
19:26:18.428 [main] DEBUG o.h.e.j.internal.JdbcCoordinatorImpl - HHH000420: Closing un-released batch
19:26:18.429 [main] DEBUG o.h.e.t.internal.TransactionImpl - begin
19:26:18.431 [main] DEBUG org.hibernate.SQL - select next_val as id_val from hibernate_sequence for update
Hibernate: select next_val as id_val from hibernate_sequence for update
19:26:18.432 [main] DEBUG org.hibernate.SQL - update hibernate_sequence set next_val= ? where next_val=?
Hibernate: update hibernate_sequence set next_val= ? where next_val=?
19:26:18.435 [main] DEBUG o.h.e.i.AbstractSaveEventListener - Generated identifier: 135, using strategy: org.hibernate.id.enhanced.SequenceStyleGenerator
19:26:18.435 [main] DEBUG o.h.e.t.internal.TransactionImpl - committing
19:26:18.436 [main] DEBUG o.h.e.i.AbstractFlushingEventListener - Processing flush-time cascades
19:26:18.436 [main] DEBUG o.h.e.i.AbstractFlushingEventListener - Dirty checking collections
19:26:18.437 [main] DEBUG o.h.e.i.AbstractFlushingEventListener - Flushed: 1 insertions, 0 updates, 0 deletions to 1 objects
19:26:18.437 [main] DEBUG o.h.e.i.AbstractFlushingEventListener - Flushed: 0 (re)creations, 0 updates, 0 removals to 0 collections
19:26:18.437 [main] DEBUG o.h.internal.util.EntityPrinter - Listing entities:
19:26:18.437 [main] DEBUG o.h.internal.util.EntityPrinter - edu.ncsu.csc.itrust2.models.persistent.LogEntry{secondaryUser=null, logCode=5, primaryUser=logapitest, id=135, time=java.util.GregorianCalendar[time=1521660378429,areFieldsSet=true,areAllFieldsSet=true,lenient=true,zone=sun.util.calendar.ZoneInfo[id="Etc/UTC",offset=0,dstSavings=0,useDaylight=false,transitions=0,lastRule=null],firstDayOfWeek=1,minimalDaysInFirstWeek=1,ERA=1,YEAR=2018,MONTH=2,WEEK_OF_YEAR=12,WEEK_OF_MONTH=4,DAY_OF_MONTH=21,DAY_OF_YEAR=80,DAY_OF_WEEK=4,DAY_OF_WEEK_IN_MONTH=3,AM_PM=1,HOUR=7,HOUR_OF_DAY=19,MINUTE=26,SECOND=18,MILLISECOND=429,ZONE_OFFSET=0,DST_OFFSET=0], message=null}
19:26:18.438 [main] DEBUG org.hibernate.SQL - insert into LogEntries (logCode, message, primaryUser, secondaryUser, time, id) values (?, ?, ?, ?, ?, ?)
Hibernate: insert into LogEntries (logCode, message, primaryUser, secondaryUser, time, id) values (?, ?, ?, ?, ?, ?)
19:26:18.442 [main] DEBUG o.h.e.j.internal.JdbcCoordinatorImpl - HHH000420: Closing un-released batch
19:26:18.443 [main] DEBUG o.h.e.t.internal.TransactionImpl - begin
19:26:18.445 [main] DEBUG org.hibernate.SQL - select next_val as id_val from hibernate_sequence for update
Hibernate: select next_val as id_val from hibernate_sequence for update
19:26:18.446 [main] DEBUG org.hibernate.SQL - update hibernate_sequence set next_val= ? where next_val=?
Hibernate: update hibernate_sequence set next_val= ? where next_val=?
19:26:18.448 [main] DEBUG o.h.e.i.AbstractSaveEventListener - Generated identifier: 136, using strategy: org.hibernate.id.enhanced.SequenceStyleGenerator
19:26:18.448 [main] DEBUG o.h.e.t.internal.TransactionImpl - committing
19:26:18.448 [main] DEBUG o.h.e.i.AbstractFlushingEventListener - Processing flush-time cascades
19:26:18.448 [main] DEBUG o.h.e.i.AbstractFlushingEventListener - Dirty checking collections
19:26:18.449 [main] DEBUG o.h.e.i.AbstractFlushingEventListener - Flushed: 1 insertions, 0 updates, 0 deletions to 1 objects
19:26:18.450 [main] DEBUG o.h.e.i.AbstractFlushingEventListener - Flushed: 0 (re)creations, 0 updates, 0 removals to 0 collections
19:26:18.450 [main] DEBUG o.h.internal.util.EntityPrinter - Listing entities:
19:26:18.450 [main] DEBUG o.h.internal.util.EntityPrinter - edu.ncsu.csc.itrust2.models.persistent.LogEntry{secondaryUser=null, logCode=5, primaryUser=logapitest, id=136, time=java.util.GregorianCalendar[time=1521660378443,areFieldsSet=true,areAllFieldsSet=true,lenient=true,zone=sun.util.calendar.ZoneInfo[id="Etc/UTC",offset=0,dstSavings=0,useDaylight=false,transitions=0,lastRule=null],firstDayOfWeek=1,minimalDaysInFirstWeek=1,ERA=1,YEAR=2018,MONTH=2,WEEK_OF_YEAR=12,WEEK_OF_MONTH=4,DAY_OF_MONTH=21,DAY_OF_YEAR=80,DAY_OF_WEEK=4,DAY_OF_WEEK_IN_MONTH=3,AM_PM=1,HOUR=7,HOUR_OF_DAY=19,MINUTE=26,SECOND=18,MILLISECOND=443,ZONE_OFFSET=0,DST_OFFSET=0], message=null}
19:26:18.451 [main] DEBUG org.hibernate.SQL - insert into LogEntries (logCode, message, primaryUser, secondaryUser, time, id) values (?, ?, ?, ?, ?, ?)
Hibernate: insert into LogEntries (logCode, message, primaryUser, secondaryUser, time, id) values (?, ?, ?, ?, ?, ?)
19:26:18.454 [main] DEBUG o.h.e.j.internal.JdbcCoordinatorImpl - HHH000420: Closing un-released batch
19:26:18.456 [main] DEBUG o.h.e.t.internal.TransactionImpl - begin
19:26:18.458 [main] DEBUG org.hibernate.SQL - select next_val as id_val from hibernate_sequence for update
Hibernate: select next_val as id_val from hibernate_sequence for update
19:26:18.458 [main] DEBUG org.hibernate.SQL - update hibernate_sequence set next_val= ? where next_val=?
Hibernate: update hibernate_sequence set next_val= ? where next_val=?
19:26:18.460 [main] DEBUG o.h.e.i.AbstractSaveEventListener - Generated identifier: 137, using strategy: org.hibernate.id.enhanced.SequenceStyleGenerator
19:26:18.461 [main] DEBUG o.h.e.t.internal.TransactionImpl - committing
19:26:18.461 [main] DEBUG o.h.e.i.AbstractFlushingEventListener - Processing flush-time cascades
19:26:18.461 [main] DEBUG o.h.e.i.AbstractFlushingEventListener - Dirty checking collections
19:26:18.462 [main] DEBUG o.h.e.i.AbstractFlushingEventListener - Flushed: 1 insertions, 0 updates, 0 deletions to 1 objects
19:26:18.462 [main] DEBUG o.h.e.i.AbstractFlushingEventListener - Flushed: 0 (re)creations, 0 updates, 0 removals to 0 collections
19:26:18.462 [main] DEBUG o.h.internal.util.EntityPrinter - Listing entities:
19:26:18.463 [main] DEBUG o.h.internal.util.EntityPrinter - edu.ncsu.csc.itrust2.models.persistent.LogEntry{secondaryUser=null, logCode=5, primaryUser=logapitest, id=137, time=java.util.GregorianCalendar[time=1521660378455,areFieldsSet=true,areAllFieldsSet=true,lenient=true,zone=sun.util.calendar.ZoneInfo[id="Etc/UTC",offset=0,dstSavings=0,useDaylight=false,transitions=0,lastRule=null],firstDayOfWeek=1,minimalDaysInFirstWeek=1,ERA=1,YEAR=2018,MONTH=2,WEEK_OF_YEAR=12,WEEK_OF_MONTH=4,DAY_OF_MONTH=21,DAY_OF_YEAR=80,DAY_OF_WEEK=4,DAY_OF_WEEK_IN_MONTH=3,AM_PM=1,HOUR=7,HOUR_OF_DAY=19,MINUTE=26,SECOND=18,MILLISECOND=455,ZONE_OFFSET=0,DST_OFFSET=0], message=null}
19:26:18.464 [main] DEBUG org.hibernate.SQL - insert into LogEntries (logCode, message, primaryUser, secondaryUser, time, id) values (?, ?, ?, ?, ?, ?)
Hibernate: insert into LogEntries (logCode, message, primaryUser, secondaryUser, time, id) values (?, ?, ?, ?, ?, ?)
19:26:18.468 [main] DEBUG o.h.e.j.internal.JdbcCoordinatorImpl - HHH000420: Closing un-released batch
19:26:18.479 [main] DEBUG o.h.e.t.internal.TransactionImpl - begin
19:26:18.480 [main] DEBUG org.hibernate.SQL - select next_val as id_val from hibernate_sequence for update
Hibernate: select next_val as id_val from hibernate_sequence for update
19:26:18.481 [main] DEBUG org.hibernate.SQL - update hibernate_sequence set next_val= ? where next_val=?
Hibernate: update hibernate_sequence set next_val= ? where next_val=?
19:26:18.484 [main] DEBUG o.h.e.i.AbstractSaveEventListener - Generated identifier: 138, using strategy: org.hibernate.id.enhanced.SequenceStyleGenerator
19:26:18.485 [main] DEBUG o.h.e.t.internal.TransactionImpl - committing
19:26:18.485 [main] DEBUG o.h.e.i.AbstractFlushingEventListener - Processing flush-time cascades
19:26:18.485 [main] DEBUG o.h.e.i.AbstractFlushingEventListener - Dirty checking collections
19:26:18.486 [main] DEBUG o.h.e.i.AbstractFlushingEventListener - Flushed: 1 insertions, 0 updates, 0 deletions to 1 objects
19:26:18.486 [main] DEBUG o.h.e.i.AbstractFlushingEventListener - Flushed: 0 (re)creations, 0 updates, 0 removals to 0 collections
19:26:18.486 [main] DEBUG o.h.internal.util.EntityPrinter - Listing entities:
19:26:18.487 [main] DEBUG o.h.internal.util.EntityPrinter - edu.ncsu.csc.itrust2.models.persistent.LogEntry{secondaryUser=null, logCode=5, primaryUser=logapitest, id=138, time=java.util.GregorianCalendar[time=1521660378469,areFieldsSet=true,areAllFieldsSet=true,lenient=true,zone=sun.util.calendar.ZoneInfo[id="Etc/UTC",offset=0,dstSavings=0,useDaylight=false,transitions=0,lastRule=null],firstDayOfWeek=1,minimalDaysInFirstWeek=1,ERA=1,YEAR=2018,MONTH=2,WEEK_OF_YEAR=12,WEEK_OF_MONTH=4,DAY_OF_MONTH=21,DAY_OF_YEAR=80,DAY_OF_WEEK=4,DAY_OF_WEEK_IN_MONTH=3,AM_PM=1,HOUR=7,HOUR_OF_DAY=19,MINUTE=26,SECOND=18,MILLISECOND=469,ZONE_OFFSET=0,DST_OFFSET=0], message=null}
19:26:18.488 [main] DEBUG org.hibernate.SQL - insert into LogEntries (logCode, message, primaryUser, secondaryUser, time, id) values (?, ?, ?, ?, ?, ?)
Hibernate: insert into LogEntries (logCode, message, primaryUser, secondaryUser, time, id) values (?, ?, ?, ?, ?, ?)
19:26:18.490 [main] DEBUG o.h.e.j.internal.JdbcCoordinatorImpl - HHH000420: Closing un-released batch
19:26:18.490 [main] DEBUG o.h.e.t.internal.TransactionImpl - begin
19:26:18.492 [main] DEBUG org.hibernate.SQL - select next_val as id_val from hibernate_sequence for update
Hibernate: select next_val as id_val from hibernate_sequence for update
19:26:18.493 [main] DEBUG org.hibernate.SQL - update hibernate_sequence set next_val= ? where next_val=?
Hibernate: update hibernate_sequence set next_val= ? where next_val=?
19:26:18.494 [main] DEBUG o.h.e.i.AbstractSaveEventListener - Generated identifier: 139, using strategy: org.hibernate.id.enhanced.SequenceStyleGenerator
19:26:18.495 [main] DEBUG o.h.e.t.internal.TransactionImpl - committing
19:26:18.496 [main] DEBUG o.h.e.i.AbstractFlushingEventListener - Processing flush-time cascades
19:26:18.497 [main] DEBUG o.h.e.i.AbstractFlushingEventListener - Dirty checking collections
19:26:18.497 [main] DEBUG o.h.e.i.AbstractFlushingEventListener - Flushed: 1 insertions, 0 updates, 0 deletions to 1 objects
19:26:18.497 [main] DEBUG o.h.e.i.AbstractFlushingEventListener - Flushed: 0 (re)creations, 0 updates, 0 removals to 0 collections
19:26:18.497 [main] DEBUG o.h.internal.util.EntityPrinter - Listing entities:
19:26:18.498 [main] DEBUG o.h.internal.util.EntityPrinter - edu.ncsu.csc.itrust2.models.persistent.LogEntry{secondaryUser=null, logCode=5, primaryUser=logapitest, id=139, time=java.util.GregorianCalendar[time=1521660378490,areFieldsSet=true,areAllFieldsSet=true,lenient=true,zone=sun.util.calendar.ZoneInfo[id="Etc/UTC",offset=0,dstSavings=0,useDaylight=false,transitions=0,lastRule=null],firstDayOfWeek=1,minimalDaysInFirstWeek=1,ERA=1,YEAR=2018,MONTH=2,WEEK_OF_YEAR=12,WEEK_OF_MONTH=4,DAY_OF_MONTH=21,DAY_OF_YEAR=80,DAY_OF_WEEK=4,DAY_OF_WEEK_IN_MONTH=3,AM_PM=1,HOUR=7,HOUR_OF_DAY=19,MINUTE=26,SECOND=18,MILLISECOND=490,ZONE_OFFSET=0,DST_OFFSET=0], message=null}
19:26:18.499 [main] DEBUG org.hibernate.SQL - insert into LogEntries (logCode, message, primaryUser, secondaryUser, time, id) values (?, ?, ?, ?, ?, ?)
Hibernate: insert into LogEntries (logCode, message, primaryUser, secondaryUser, time, id) values (?, ?, ?, ?, ?, ?)
19:26:18.503 [main] DEBUG o.h.e.j.internal.JdbcCoordinatorImpl - HHH000420: Closing un-released batch
19:26:18.509 [main] DEBUG o.h.e.t.internal.TransactionImpl - begin
19:26:18.512 [main] DEBUG org.hibernate.SQL - select next_val as id_val from hibernate_sequence for update
Hibernate: select next_val as id_val from hibernate_sequence for update
19:26:18.513 [main] DEBUG org.hibernate.SQL - update hibernate_sequence set next_val= ? where next_val=?
Hibernate: update hibernate_sequence set next_val= ? where next_val=?
19:26:18.514 [main] DEBUG o.h.e.i.AbstractSaveEventListener - Generated identifier: 140, using strategy: org.hibernate.id.enhanced.SequenceStyleGenerator
19:26:18.515 [main] DEBUG o.h.e.t.internal.TransactionImpl - committing
19:26:18.515 [main] DEBUG o.h.e.i.AbstractFlushingEventListener - Processing flush-time cascades
19:26:18.517 [main] DEBUG o.h.e.i.AbstractFlushingEventListener - Dirty checking collections
19:26:18.518 [main] DEBUG o.h.e.i.AbstractFlushingEventListener - Flushed: 1 insertions, 0 updates, 0 deletions to 1 objects
19:26:18.518 [main] DEBUG o.h.e.i.AbstractFlushingEventListener - Flushed: 0 (re)creations, 0 updates, 0 removals to 0 collections
19:26:18.518 [main] DEBUG o.h.internal.util.EntityPrinter - Listing entities:
19:26:18.519 [main] DEBUG o.h.internal.util.EntityPrinter - edu.ncsu.csc.itrust2.models.persistent.LogEntry{secondaryUser=null, logCode=5, primaryUser=logapitest, id=140, time=java.util.GregorianCalendar[time=1521660378504,areFieldsSet=true,areAllFieldsSet=true,lenient=true,zone=sun.util.calendar.ZoneInfo[id="Etc/UTC",offset=0,dstSavings=0,useDaylight=false,transitions=0,lastRule=null],firstDayOfWeek=1,minimalDaysInFirstWeek=1,ERA=1,YEAR=2018,MONTH=2,WEEK_OF_YEAR=12,WEEK_OF_MONTH=4,DAY_OF_MONTH=21,DAY_OF_YEAR=80,DAY_OF_WEEK=4,DAY_OF_WEEK_IN_MONTH=3,AM_PM=1,HOUR=7,HOUR_OF_DAY=19,MINUTE=26,SECOND=18,MILLISECOND=504,ZONE_OFFSET=0,DST_OFFSET=0], message=null}
19:26:18.519 [main] DEBUG org.hibernate.SQL - insert into LogEntries (logCode, message, primaryUser, secondaryUser, time, id) values (?, ?, ?, ?, ?, ?)
Hibernate: insert into LogEntries (logCode, message, primaryUser, secondaryUser, time, id) values (?, ?, ?, ?, ?, ?)
19:26:18.521 [main] DEBUG o.h.e.j.internal.JdbcCoordinatorImpl - HHH000420: Closing un-released batch
19:26:18.522 [main] DEBUG o.h.e.t.internal.TransactionImpl - begin
19:26:18.524 [main] DEBUG org.hibernate.SQL - select next_val as id_val from hibernate_sequence for update
Hibernate: select next_val as id_val from hibernate_sequence for update
19:26:18.525 [main] DEBUG org.hibernate.SQL - update hibernate_sequence set next_val= ? where next_val=?
Hibernate: update hibernate_sequence set next_val= ? where next_val=?
19:26:18.527 [main] DEBUG o.h.e.i.AbstractSaveEventListener - Generated identifier: 141, using strategy: org.hibernate.id.enhanced.SequenceStyleGenerator
19:26:18.528 [main] DEBUG o.h.e.t.internal.TransactionImpl - committing
19:26:18.529 [main] DEBUG o.h.e.i.AbstractFlushingEventListener - Processing flush-time cascades
19:26:18.529 [main] DEBUG o.h.e.i.AbstractFlushingEventListener - Dirty checking collections
19:26:18.530 [main] DEBUG o.h.e.i.AbstractFlushingEventListener - Flushed: 1 insertions, 0 updates, 0 deletions to 1 objects
19:26:18.530 [main] DEBUG o.h.e.i.AbstractFlushingEventListener - Flushed: 0 (re)creations, 0 updates, 0 removals to 0 collections
19:26:18.530 [main] DEBUG o.h.internal.util.EntityPrinter - Listing entities:
19:26:18.531 [main] DEBUG o.h.internal.util.EntityPrinter - edu.ncsu.csc.itrust2.models.persistent.LogEntry{secondaryUser=null, logCode=5, primaryUser=logapitest, id=141, time=java.util.GregorianCalendar[time=1521660378522,areFieldsSet=true,areAllFieldsSet=true,lenient=true,zone=sun.util.calendar.ZoneInfo[id="Etc/UTC",offset=0,dstSavings=0,useDaylight=false,transitions=0,lastRule=null],firstDayOfWeek=1,minimalDaysInFirstWeek=1,ERA=1,YEAR=2018,MONTH=2,WEEK_OF_YEAR=12,WEEK_OF_MONTH=4,DAY_OF_MONTH=21,DAY_OF_YEAR=80,DAY_OF_WEEK=4,DAY_OF_WEEK_IN_MONTH=3,AM_PM=1,HOUR=7,HOUR_OF_DAY=19,MINUTE=26,SECOND=18,MILLISECOND=522,ZONE_OFFSET=0,DST_OFFSET=0], message=null}
19:26:18.531 [main] DEBUG org.hibernate.SQL - insert into LogEntries (logCode, message, primaryUser, secondaryUser, time, id) values (?, ?, ?, ?, ?, ?)
Hibernate: insert into LogEntries (logCode, message, primaryUser, secondaryUser, time, id) values (?, ?, ?, ?, ?, ?)
19:26:18.534 [main] DEBUG o.h.e.j.internal.JdbcCoordinatorImpl - HHH000420: Closing un-released batch
19:26:18.534 [main] DEBUG o.h.e.t.internal.TransactionImpl - begin
19:26:18.535 [main] DEBUG org.hibernate.SQL - select next_val as id_val from hibernate_sequence for update
Hibernate: select next_val as id_val from hibernate_sequence for update
19:26:18.536 [main] DEBUG org.hibernate.SQL - update hibernate_sequence set next_val= ? where next_val=?
Hibernate: update hibernate_sequence set next_val= ? where next_val=?
19:26:18.537 [main] DEBUG o.h.e.i.AbstractSaveEventListener - Generated identifier: 142, using strategy: org.hibernate.id.enhanced.SequenceStyleGenerator
19:26:18.539 [main] DEBUG o.h.e.t.internal.TransactionImpl - committing
19:26:18.539 [main] DEBUG o.h.e.i.AbstractFlushingEventListener - Processing flush-time cascades
19:26:18.539 [main] DEBUG o.h.e.i.AbstractFlushingEventListener - Dirty checking collections
19:26:18.540 [main] DEBUG o.h.e.i.AbstractFlushingEventListener - Flushed: 1 insertions, 0 updates, 0 deletions to 1 objects
19:26:18.540 [main] DEBUG o.h.e.i.AbstractFlushingEventListener - Flushed: 0 (re)creations, 0 updates, 0 removals to 0 collections
19:26:18.540 [main] DEBUG o.h.internal.util.EntityPrinter - Listing entities:
19:26:18.540 [main] DEBUG o.h.internal.util.EntityPrinter - edu.ncsu.csc.itrust2.models.persistent.LogEntry{secondaryUser=null, logCode=5, primaryUser=logapitest, id=142, time=java.util.GregorianCalendar[time=1521660378534,areFieldsSet=true,areAllFieldsSet=true,lenient=true,zone=sun.util.calendar.ZoneInfo[id="Etc/UTC",offset=0,dstSavings=0,useDaylight=false,transitions=0,lastRule=null],firstDayOfWeek=1,minimalDaysInFirstWeek=1,ERA=1,YEAR=2018,MONTH=2,WEEK_OF_YEAR=12,WEEK_OF_MONTH=4,DAY_OF_MONTH=21,DAY_OF_YEAR=80,DAY_OF_WEEK=4,DAY_OF_WEEK_IN_MONTH=3,AM_PM=1,HOUR=7,HOUR_OF_DAY=19,MINUTE=26,SECOND=18,MILLISECOND=534,ZONE_OFFSET=0,DST_OFFSET=0], message=null}
19:26:18.541 [main] DEBUG org.hibernate.SQL - insert into LogEntries (logCode, message, primaryUser, secondaryUser, time, id) values (?, ?, ?, ?, ?, ?)
Hibernate: insert into LogEntries (logCode, message, primaryUser, secondaryUser, time, id) values (?, ?, ?, ?, ?, ?)
19:26:18.543 [main] DEBUG o.h.e.j.internal.JdbcCoordinatorImpl - HHH000420: Closing un-released batch
19:26:18.543 [main] DEBUG o.h.e.t.internal.TransactionImpl - begin
19:26:18.544 [main] DEBUG org.hibernate.SQL - select next_val as id_val from hibernate_sequence for update
Hibernate: select next_val as id_val from hibernate_sequence for update
19:26:18.545 [main] DEBUG org.hibernate.SQL - update hibernate_sequence set next_val= ? where next_val=?
Hibernate: update hibernate_sequence set next_val= ? where next_val=?
19:26:18.546 [main] DEBUG o.h.e.i.AbstractSaveEventListener - Generated identifier: 143, using strategy: org.hibernate.id.enhanced.SequenceStyleGenerator
19:26:18.546 [main] DEBUG o.h.e.t.internal.TransactionImpl - committing
19:26:18.547 [main] DEBUG o.h.e.i.AbstractFlushingEventListener - Processing flush-time cascades
19:26:18.547 [main] DEBUG o.h.e.i.AbstractFlushingEventListener - Dirty checking collections
19:26:18.547 [main] DEBUG o.h.e.i.AbstractFlushingEventListener - Flushed: 1 insertions, 0 updates, 0 deletions to 1 objects
19:26:18.547 [main] DEBUG o.h.e.i.AbstractFlushingEventListener - Flushed: 0 (re)creations, 0 updates, 0 removals to 0 collections
19:26:18.547 [main] DEBUG o.h.internal.util.EntityPrinter - Listing entities:
19:26:18.547 [main] DEBUG o.h.internal.util.EntityPrinter - edu.ncsu.csc.itrust2.models.persistent.LogEntry{secondaryUser=null, logCode=5, primaryUser=logapitest, id=143, time=java.util.GregorianCalendar[time=1521660378543,areFieldsSet=true,areAllFieldsSet=true,lenient=true,zone=sun.util.calendar.ZoneInfo[id="Etc/UTC",offset=0,dstSavings=0,useDaylight=false,transitions=0,lastRule=null],firstDayOfWeek=1,minimalDaysInFirstWeek=1,ERA=1,YEAR=2018,MONTH=2,WEEK_OF_YEAR=12,WEEK_OF_MONTH=4,DAY_OF_MONTH=21,DAY_OF_YEAR=80,DAY_OF_WEEK=4,DAY_OF_WEEK_IN_MONTH=3,AM_PM=1,HOUR=7,HOUR_OF_DAY=19,MINUTE=26,SECOND=18,MILLISECOND=543,ZONE_OFFSET=0,DST_OFFSET=0], message=null}
19:26:18.548 [main] DEBUG org.hibernate.SQL - insert into LogEntries (logCode, message, primaryUser, secondaryUser, time, id) values (?, ?, ?, ?, ?, ?)
Hibernate: insert into LogEntries (logCode, message, primaryUser, secondaryUser, time, id) values (?, ?, ?, ?, ?, ?)
19:26:18.551 [main] DEBUG o.h.e.j.internal.JdbcCoordinatorImpl - HHH000420: Closing un-released batch
19:26:18.552 [main] DEBUG o.h.e.t.internal.TransactionImpl - begin
19:26:18.553 [main] DEBUG org.hibernate.SQL - select next_val as id_val from hibernate_sequence for update
Hibernate: select next_val as id_val from hibernate_sequence for update
19:26:18.554 [main] DEBUG org.hibernate.SQL - update hibernate_sequence set next_val= ? where next_val=?
Hibernate: update hibernate_sequence set next_val= ? where next_val=?
19:26:18.555 [main] DEBUG o.h.e.i.AbstractSaveEventListener - Generated identifier: 144, using strategy: org.hibernate.id.enhanced.SequenceStyleGenerator
19:26:18.556 [main] DEBUG o.h.e.t.internal.TransactionImpl - committing
19:26:18.557 [main] DEBUG o.h.e.i.AbstractFlushingEventListener - Processing flush-time cascades
19:26:18.557 [main] DEBUG o.h.e.i.AbstractFlushingEventListener - Dirty checking collections
19:26:18.561 [main] DEBUG o.h.e.i.AbstractFlushingEventListener - Flushed: 1 insertions, 0 updates, 0 deletions to 1 objects
19:26:18.565 [main] DEBUG o.h.e.i.AbstractFlushingEventListener - Flushed: 0 (re)creations, 0 updates, 0 removals to 0 collections
19:26:18.565 [main] DEBUG o.h.internal.util.EntityPrinter - Listing entities:
19:26:18.565 [main] DEBUG o.h.internal.util.EntityPrinter - edu.ncsu.csc.itrust2.models.persistent.LogEntry{secondaryUser=null, logCode=5, primaryUser=logapitest, id=144, time=java.util.GregorianCalendar[time=1521660378552,areFieldsSet=true,areAllFieldsSet=true,lenient=true,zone=sun.util.calendar.ZoneInfo[id="Etc/UTC",offset=0,dstSavings=0,useDaylight=false,transitions=0,lastRule=null],firstDayOfWeek=1,minimalDaysInFirstWeek=1,ERA=1,YEAR=2018,MONTH=2,WEEK_OF_YEAR=12,WEEK_OF_MONTH=4,DAY_OF_MONTH=21,DAY_OF_YEAR=80,DAY_OF_WEEK=4,DAY_OF_WEEK_IN_MONTH=3,AM_PM=1,HOUR=7,HOUR_OF_DAY=19,MINUTE=26,SECOND=18,MILLISECOND=552,ZONE_OFFSET=0,DST_OFFSET=0], message=null}
19:26:18.566 [main] DEBUG org.hibernate.SQL - insert into LogEntries (logCode, message, primaryUser, secondaryUser, time, id) values (?, ?, ?, ?, ?, ?)
Hibernate: insert into LogEntries (logCode, message, primaryUser, secondaryUser, time, id) values (?, ?, ?, ?, ?, ?)
19:26:18.567 [main] DEBUG o.h.e.j.internal.JdbcCoordinatorImpl - HHH000420: Closing un-released batch
19:26:18.568 [main] DEBUG o.h.e.t.internal.TransactionImpl - begin
19:26:18.570 [main] DEBUG org.hibernate.SQL - select next_val as id_val from hibernate_sequence for update
Hibernate: select next_val as id_val from hibernate_sequence for update
19:26:18.571 [main] DEBUG org.hibernate.SQL - update hibernate_sequence set next_val= ? where next_val=?
Hibernate: update hibernate_sequence set next_val= ? where next_val=?
19:26:18.572 [main] DEBUG o.h.e.i.AbstractSaveEventListener - Generated identifier: 145, using strategy: org.hibernate.id.enhanced.SequenceStyleGenerator
19:26:18.573 [main] DEBUG o.h.e.t.internal.TransactionImpl - committing
19:26:18.573 [main] DEBUG o.h.e.i.AbstractFlushingEventListener - Processing flush-time cascades
19:26:18.573 [main] DEBUG o.h.e.i.AbstractFlushingEventListener - Dirty checking collections
19:26:18.573 [main] DEBUG o.h.e.i.AbstractFlushingEventListener - Flushed: 1 insertions, 0 updates, 0 deletions to 1 objects
19:26:18.573 [main] DEBUG o.h.e.i.AbstractFlushingEventListener - Flushed: 0 (re)creations, 0 updates, 0 removals to 0 collections
19:26:18.574 [main] DEBUG o.h.internal.util.EntityPrinter - Listing entities:
19:26:18.574 [main] DEBUG o.h.internal.util.EntityPrinter - edu.ncsu.csc.itrust2.models.persistent.LogEntry{secondaryUser=null, logCode=5, primaryUser=logapitest, id=145, time=java.util.GregorianCalendar[time=1521660378568,areFieldsSet=true,areAllFieldsSet=true,lenient=true,zone=sun.util.calendar.ZoneInfo[id="Etc/UTC",offset=0,dstSavings=0,useDaylight=false,transitions=0,lastRule=null],firstDayOfWeek=1,minimalDaysInFirstWeek=1,ERA=1,YEAR=2018,MONTH=2,WEEK_OF_YEAR=12,WEEK_OF_MONTH=4,DAY_OF_MONTH=21,DAY_OF_YEAR=80,DAY_OF_WEEK=4,DAY_OF_WEEK_IN_MONTH=3,AM_PM=1,HOUR=7,HOUR_OF_DAY=19,MINUTE=26,SECOND=18,MILLISECOND=568,ZONE_OFFSET=0,DST_OFFSET=0], message=null}
19:26:18.575 [main] DEBUG org.hibernate.SQL - insert into LogEntries (logCode, message, primaryUser, secondaryUser, time, id) values (?, ?, ?, ?, ?, ?)
Hibernate: insert into LogEntries (logCode, message, primaryUser, secondaryUser, time, id) values (?, ?, ?, ?, ?, ?)
19:26:18.577 [main] DEBUG o.h.e.j.internal.JdbcCoordinatorImpl - HHH000420: Closing un-released batch
19:26:18.578 [main] DEBUG o.h.e.t.internal.TransactionImpl - begin
19:26:18.579 [main] DEBUG org.hibernate.SQL - select next_val as id_val from hibernate_sequence for update
Hibernate: select next_val as id_val from hibernate_sequence for update
19:26:18.579 [main] DEBUG org.hibernate.SQL - update hibernate_sequence set next_val= ? where next_val=?
Hibernate: update hibernate_sequence set next_val= ? where next_val=?
19:26:18.626 [main] DEBUG o.h.e.i.AbstractSaveEventListener - Generated identifier: 146, using strategy: org.hibernate.id.enhanced.SequenceStyleGenerator
19:26:18.626 [main] DEBUG o.h.e.t.internal.TransactionImpl - committing
19:26:18.626 [main] DEBUG o.h.e.i.AbstractFlushingEventListener - Processing flush-time cascades
19:26:18.626 [main] DEBUG o.h.e.i.AbstractFlushingEventListener - Dirty checking collections
19:26:18.627 [main] DEBUG o.h.e.i.AbstractFlushingEventListener - Flushed: 1 insertions, 0 updates, 0 deletions to 1 objects
19:26:18.627 [main] DEBUG o.h.e.i.AbstractFlushingEventListener - Flushed: 0 (re)creations, 0 updates, 0 removals to 0 collections
19:26:18.627 [main] DEBUG o.h.internal.util.EntityPrinter - Listing entities:
19:26:18.627 [main] DEBUG o.h.internal.util.EntityPrinter - edu.ncsu.csc.itrust2.models.persistent.LogEntry{secondaryUser=null, logCode=5, primaryUser=logapitest, id=146, time=java.util.GregorianCalendar[time=1521660378578,areFieldsSet=true,areAllFieldsSet=true,lenient=true,zone=sun.util.calendar.ZoneInfo[id="Etc/UTC",offset=0,dstSavings=0,useDaylight=false,transitions=0,lastRule=null],firstDayOfWeek=1,minimalDaysInFirstWeek=1,ERA=1,YEAR=2018,MONTH=2,WEEK_OF_YEAR=12,WEEK_OF_MONTH=4,DAY_OF_MONTH=21,DAY_OF_YEAR=80,DAY_OF_WEEK=4,DAY_OF_WEEK_IN_MONTH=3,AM_PM=1,HOUR=7,HOUR_OF_DAY=19,MINUTE=26,SECOND=18,MILLISECOND=578,ZONE_OFFSET=0,DST_OFFSET=0], message=null}
19:26:18.628 [main] DEBUG org.hibernate.SQL - insert into LogEntries (logCode, message, primaryUser, secondaryUser, time, id) values (?, ?, ?, ?, ?, ?)
Hibernate: insert into LogEntries (logCode, message, primaryUser, secondaryUser, time, id) values (?, ?, ?, ?, ?, ?)
19:26:18.629 [main] DEBUG o.h.e.j.internal.JdbcCoordinatorImpl - HHH000420: Closing un-released batch
19:26:18.630 [main] DEBUG o.h.e.t.internal.TransactionImpl - begin
19:26:18.630 [main] DEBUG org.hibernate.SQL - select next_val as id_val from hibernate_sequence for update
Hibernate: select next_val as id_val from hibernate_sequence for update
19:26:18.631 [main] DEBUG org.hibernate.SQL - update hibernate_sequence set next_val= ? where next_val=?
Hibernate: update hibernate_sequence set next_val= ? where next_val=?
19:26:18.632 [main] DEBUG o.h.e.i.AbstractSaveEventListener - Generated identifier: 147, using strategy: org.hibernate.id.enhanced.SequenceStyleGenerator
19:26:18.635 [main] DEBUG o.h.e.t.internal.TransactionImpl - committing
19:26:18.635 [main] DEBUG o.h.e.i.AbstractFlushingEventListener - Processing flush-time cascades
19:26:18.635 [main] DEBUG o.h.e.i.AbstractFlushingEventListener - Dirty checking collections
19:26:18.636 [main] DEBUG o.h.e.i.AbstractFlushingEventListener - Flushed: 1 insertions, 0 updates, 0 deletions to 1 objects
19:26:18.636 [main] DEBUG o.h.e.i.AbstractFlushingEventListener - Flushed: 0 (re)creations, 0 updates, 0 removals to 0 collections
19:26:18.636 [main] DEBUG o.h.internal.util.EntityPrinter - Listing entities:
19:26:18.636 [main] DEBUG o.h.internal.util.EntityPrinter - edu.ncsu.csc.itrust2.models.persistent.LogEntry{secondaryUser=null, logCode=5, primaryUser=logapitest, id=147, time=java.util.GregorianCalendar[time=1521660378630,areFieldsSet=true,areAllFieldsSet=true,lenient=true,zone=sun.util.calendar.ZoneInfo[id="Etc/UTC",offset=0,dstSavings=0,useDaylight=false,transitions=0,lastRule=null],firstDayOfWeek=1,minimalDaysInFirstWeek=1,ERA=1,YEAR=2018,MONTH=2,WEEK_OF_YEAR=12,WEEK_OF_MONTH=4,DAY_OF_MONTH=21,DAY_OF_YEAR=80,DAY_OF_WEEK=4,DAY_OF_WEEK_IN_MONTH=3,AM_PM=1,HOUR=7,HOUR_OF_DAY=19,MINUTE=26,SECOND=18,MILLISECOND=630,ZONE_OFFSET=0,DST_OFFSET=0], message=null}
19:26:18.637 [main] DEBUG org.hibernate.SQL - insert into LogEntries (logCode, message, primaryUser, secondaryUser, time, id) values (?, ?, ?, ?, ?, ?)
Hibernate: insert into LogEntries (logCode, message, primaryUser, secondaryUser, time, id) values (?, ?, ?, ?, ?, ?)
19:26:18.638 [main] DEBUG o.h.e.j.internal.JdbcCoordinatorImpl - HHH000420: Closing un-released batch
19:26:18.639 [main] DEBUG o.h.e.t.internal.TransactionImpl - begin
19:26:18.640 [main] DEBUG org.hibernate.SQL - select next_val as id_val from hibernate_sequence for update
Hibernate: select next_val as id_val from hibernate_sequence for update
19:26:18.640 [main] DEBUG org.hibernate.SQL - update hibernate_sequence set next_val= ? where next_val=?
Hibernate: update hibernate_sequence set next_val= ? where next_val=?
19:26:18.642 [main] DEBUG o.h.e.i.AbstractSaveEventListener - Generated identifier: 148, using strategy: org.hibernate.id.enhanced.SequenceStyleGenerator
19:26:18.642 [main] DEBUG o.h.e.t.internal.TransactionImpl - committing
19:26:18.642 [main] DEBUG o.h.e.i.AbstractFlushingEventListener - Processing flush-time cascades
19:26:18.643 [main] DEBUG o.h.e.i.AbstractFlushingEventListener - Dirty checking collections
19:26:18.647 [main] DEBUG o.h.e.i.AbstractFlushingEventListener - Flushed: 1 insertions, 0 updates, 0 deletions to 1 objects
19:26:18.648 [main] DEBUG o.h.e.i.AbstractFlushingEventListener - Flushed: 0 (re)creations, 0 updates, 0 removals to 0 collections
19:26:18.648 [main] DEBUG o.h.internal.util.EntityPrinter - Listing entities:
19:26:18.648 [main] DEBUG o.h.internal.util.EntityPrinter - edu.ncsu.csc.itrust2.models.persistent.LogEntry{secondaryUser=null, logCode=5, primaryUser=logapitest, id=148, time=java.util.GregorianCalendar[time=1521660378639,areFieldsSet=true,areAllFieldsSet=true,lenient=true,zone=sun.util.calendar.ZoneInfo[id="Etc/UTC",offset=0,dstSavings=0,useDaylight=false,transitions=0,lastRule=null],firstDayOfWeek=1,minimalDaysInFirstWeek=1,ERA=1,YEAR=2018,MONTH=2,WEEK_OF_YEAR=12,WEEK_OF_MONTH=4,DAY_OF_MONTH=21,DAY_OF_YEAR=80,DAY_OF_WEEK=4,DAY_OF_WEEK_IN_MONTH=3,AM_PM=1,HOUR=7,HOUR_OF_DAY=19,MINUTE=26,SECOND=18,MILLISECOND=639,ZONE_OFFSET=0,DST_OFFSET=0], message=null}
19:26:18.648 [main] DEBUG org.hibernate.SQL - insert into LogEntries (logCode, message, primaryUser, secondaryUser, time, id) values (?, ?, ?, ?, ?, ?)
Hibernate: insert into LogEntries (logCode, message, primaryUser, secondaryUser, time, id) values (?, ?, ?, ?, ?, ?)
19:26:18.650 [main] DEBUG o.h.e.j.internal.JdbcCoordinatorImpl - HHH000420: Closing un-released batch
19:26:18.650 [main] DEBUG o.h.e.t.internal.TransactionImpl - begin
19:26:18.651 [main] DEBUG org.hibernate.SQL - select next_val as id_val from hibernate_sequence for update
Hibernate: select next_val as id_val from hibernate_sequence for update
19:26:18.651 [main] DEBUG org.hibernate.SQL - update hibernate_sequence set next_val= ? where next_val=?
Hibernate: update hibernate_sequence set next_val= ? where next_val=?
19:26:18.652 [main] DEBUG o.h.e.i.AbstractSaveEventListener - Generated identifier: 149, using strategy: org.hibernate.id.enhanced.SequenceStyleGenerator
19:26:18.653 [main] DEBUG o.h.e.t.internal.TransactionImpl - committing
19:26:18.653 [main] DEBUG o.h.e.i.AbstractFlushingEventListener - Processing flush-time cascades
19:26:18.653 [main] DEBUG o.h.e.i.AbstractFlushingEventListener - Dirty checking collections
19:26:18.654 [main] DEBUG o.h.e.i.AbstractFlushingEventListener - Flushed: 1 insertions, 0 updates, 0 deletions to 1 objects
19:26:18.654 [main] DEBUG o.h.e.i.AbstractFlushingEventListener - Flushed: 0 (re)creations, 0 updates, 0 removals to 0 collections
19:26:18.654 [main] DEBUG o.h.internal.util.EntityPrinter - Listing entities:
19:26:18.654 [main] DEBUG o.h.internal.util.EntityPrinter - edu.ncsu.csc.itrust2.models.persistent.LogEntry{secondaryUser=null, logCode=5, primaryUser=logapitest, id=149, time=java.util.GregorianCalendar[time=1521660378650,areFieldsSet=true,areAllFieldsSet=true,lenient=true,zone=sun.util.calendar.ZoneInfo[id="Etc/UTC",offset=0,dstSavings=0,useDaylight=false,transitions=0,lastRule=null],firstDayOfWeek=1,minimalDaysInFirstWeek=1,ERA=1,YEAR=2018,MONTH=2,WEEK_OF_YEAR=12,WEEK_OF_MONTH=4,DAY_OF_MONTH=21,DAY_OF_YEAR=80,DAY_OF_WEEK=4,DAY_OF_WEEK_IN_MONTH=3,AM_PM=1,HOUR=7,HOUR_OF_DAY=19,MINUTE=26,SECOND=18,MILLISECOND=650,ZONE_OFFSET=0,DST_OFFSET=0], message=null}
19:26:18.655 [main] DEBUG org.hibernate.SQL - insert into LogEntries (logCode, message, primaryUser, secondaryUser, time, id) values (?, ?, ?, ?, ?, ?)
Hibernate: insert into LogEntries (logCode, message, primaryUser, secondaryUser, time, id) values (?, ?, ?, ?, ?, ?)
19:26:18.656 [main] DEBUG o.h.e.j.internal.JdbcCoordinatorImpl - HHH000420: Closing un-released batch
19:26:18.657 [main] DEBUG o.h.e.t.internal.TransactionImpl - begin
19:26:18.657 [main] DEBUG org.hibernate.SQL - select next_val as id_val from hibernate_sequence for update
Hibernate: select next_val as id_val from hibernate_sequence for update
19:26:18.658 [main] DEBUG org.hibernate.SQL - update hibernate_sequence set next_val= ? where next_val=?
Hibernate: update hibernate_sequence set next_val= ? where next_val=?
19:26:18.659 [main] DEBUG o.h.e.i.AbstractSaveEventListener - Generated identifier: 150, using strategy: org.hibernate.id.enhanced.SequenceStyleGenerator
19:26:18.660 [main] DEBUG o.h.e.t.internal.TransactionImpl - committing
19:26:18.660 [main] DEBUG o.h.e.i.AbstractFlushingEventListener - Processing flush-time cascades
19:26:18.660 [main] DEBUG o.h.e.i.AbstractFlushingEventListener - Dirty checking collections
19:26:18.661 [main] DEBUG o.h.e.i.AbstractFlushingEventListener - Flushed: 1 insertions, 0 updates, 0 deletions to 1 objects
19:26:18.661 [main] DEBUG o.h.e.i.AbstractFlushingEventListener - Flushed: 0 (re)creations, 0 updates, 0 removals to 0 collections
19:26:18.661 [main] DEBUG o.h.internal.util.EntityPrinter - Listing entities:
19:26:18.661 [main] DEBUG o.h.internal.util.EntityPrinter - edu.ncsu.csc.itrust2.models.persistent.LogEntry{secondaryUser=null, logCode=5, primaryUser=logapitest, id=150, time=java.util.GregorianCalendar[time=1521660378657,areFieldsSet=true,areAllFieldsSet=true,lenient=true,zone=sun.util.calendar.ZoneInfo[id="Etc/UTC",offset=0,dstSavings=0,useDaylight=false,transitions=0,lastRule=null],firstDayOfWeek=1,minimalDaysInFirstWeek=1,ERA=1,YEAR=2018,MONTH=2,WEEK_OF_YEAR=12,WEEK_OF_MONTH=4,DAY_OF_MONTH=21,DAY_OF_YEAR=80,DAY_OF_WEEK=4,DAY_OF_WEEK_IN_MONTH=3,AM_PM=1,HOUR=7,HOUR_OF_DAY=19,MINUTE=26,SECOND=18,MILLISECOND=657,ZONE_OFFSET=0,DST_OFFSET=0], message=null}
19:26:18.661 [main] DEBUG org.hibernate.SQL - insert into LogEntries (logCode, message, primaryUser, secondaryUser, time, id) values (?, ?, ?, ?, ?, ?)
Hibernate: insert into LogEntries (logCode, message, primaryUser, secondaryUser, time, id) values (?, ?, ?, ?, ?, ?)
19:26:18.663 [main] DEBUG o.h.e.j.internal.JdbcCoordinatorImpl - HHH000420: Closing un-released batch
19:26:18.664 [main] DEBUG o.h.e.t.internal.TransactionImpl - begin
19:26:18.665 [main] DEBUG org.hibernate.SQL - select next_val as id_val from hibernate_sequence for update
Hibernate: select next_val as id_val from hibernate_sequence for update
19:26:18.665 [main] DEBUG org.hibernate.SQL - update hibernate_sequence set next_val= ? where next_val=?
Hibernate: update hibernate_sequence set next_val= ? where next_val=?
19:26:18.667 [main] DEBUG o.h.e.i.AbstractSaveEventListener - Generated identifier: 151, using strategy: org.hibernate.id.enhanced.SequenceStyleGenerator
19:26:18.667 [main] DEBUG o.h.e.t.internal.TransactionImpl - committing
19:26:18.667 [main] DEBUG o.h.e.i.AbstractFlushingEventListener - Processing flush-time cascades
19:26:18.667 [main] DEBUG o.h.e.i.AbstractFlushingEventListener - Dirty checking collections
19:26:18.667 [main] DEBUG o.h.e.i.AbstractFlushingEventListener - Flushed: 1 insertions, 0 updates, 0 deletions to 1 objects
19:26:18.668 [main] DEBUG o.h.e.i.AbstractFlushingEventListener - Flushed: 0 (re)creations, 0 updates, 0 removals to 0 collections
19:26:18.668 [main] DEBUG o.h.internal.util.EntityPrinter - Listing entities:
19:26:18.668 [main] DEBUG o.h.internal.util.EntityPrinter - edu.ncsu.csc.itrust2.models.persistent.LogEntry{secondaryUser=null, logCode=5, primaryUser=logapitest, id=151, time=java.util.GregorianCalendar[time=1521660378664,areFieldsSet=true,areAllFieldsSet=true,lenient=true,zone=sun.util.calendar.ZoneInfo[id="Etc/UTC",offset=0,dstSavings=0,useDaylight=false,transitions=0,lastRule=null],firstDayOfWeek=1,minimalDaysInFirstWeek=1,ERA=1,YEAR=2018,MONTH=2,WEEK_OF_YEAR=12,WEEK_OF_MONTH=4,DAY_OF_MONTH=21,DAY_OF_YEAR=80,DAY_OF_WEEK=4,DAY_OF_WEEK_IN_MONTH=3,AM_PM=1,HOUR=7,HOUR_OF_DAY=19,MINUTE=26,SECOND=18,MILLISECOND=664,ZONE_OFFSET=0,DST_OFFSET=0], message=null}
19:26:18.668 [main] DEBUG org.hibernate.SQL - insert into LogEntries (logCode, message, primaryUser, secondaryUser, time, id) values (?, ?, ?, ?, ?, ?)
Hibernate: insert into LogEntries (logCode, message, primaryUser, secondaryUser, time, id) values (?, ?, ?, ?, ?, ?)
19:26:18.673 [main] DEBUG o.h.e.j.internal.JdbcCoordinatorImpl - HHH000420: Closing un-released batch
19:26:18.674 [main] DEBUG o.h.e.t.internal.TransactionImpl - begin
19:26:18.675 [main] DEBUG org.hibernate.SQL - select next_val as id_val from hibernate_sequence for update
Hibernate: select next_val as id_val from hibernate_sequence for update
19:26:18.675 [main] DEBUG org.hibernate.SQL - update hibernate_sequence set next_val= ? where next_val=?
Hibernate: update hibernate_sequence set next_val= ? where next_val=?
19:26:18.677 [main] DEBUG o.h.e.i.AbstractSaveEventListener - Generated identifier: 152, using strategy: org.hibernate.id.enhanced.SequenceStyleGenerator
19:26:18.679 [main] DEBUG o.h.e.t.internal.TransactionImpl - committing
19:26:18.679 [main] DEBUG o.h.e.i.AbstractFlushingEventListener - Processing flush-time cascades
19:26:18.679 [main] DEBUG o.h.e.i.AbstractFlushingEventListener - Dirty checking collections
19:26:18.680 [main] DEBUG o.h.e.i.AbstractFlushingEventListener - Flushed: 1 insertions, 0 updates, 0 deletions to 1 objects
19:26:18.681 [main] DEBUG o.h.e.i.AbstractFlushingEventListener - Flushed: 0 (re)creations, 0 updates, 0 removals to 0 collections
19:26:18.681 [main] DEBUG o.h.internal.util.EntityPrinter - Listing entities:
19:26:18.682 [main] DEBUG o.h.internal.util.EntityPrinter - edu.ncsu.csc.itrust2.models.persistent.LogEntry{secondaryUser=null, logCode=5, primaryUser=logapitest, id=152, time=java.util.GregorianCalendar[time=1521660378674,areFieldsSet=true,areAllFieldsSet=true,lenient=true,zone=sun.util.calendar.ZoneInfo[id="Etc/UTC",offset=0,dstSavings=0,useDaylight=false,transitions=0,lastRule=null],firstDayOfWeek=1,minimalDaysInFirstWeek=1,ERA=1,YEAR=2018,MONTH=2,WEEK_OF_YEAR=12,WEEK_OF_MONTH=4,DAY_OF_MONTH=21,DAY_OF_YEAR=80,DAY_OF_WEEK=4,DAY_OF_WEEK_IN_MONTH=3,AM_PM=1,HOUR=7,HOUR_OF_DAY=19,MINUTE=26,SECOND=18,MILLISECOND=674,ZONE_OFFSET=0,DST_OFFSET=0], message=null}
19:26:18.682 [main] DEBUG org.hibernate.SQL - insert into LogEntries (logCode, message, primaryUser, secondaryUser, time, id) values (?, ?, ?, ?, ?, ?)
Hibernate: insert into LogEntries (logCode, message, primaryUser, secondaryUser, time, id) values (?, ?, ?, ?, ?, ?)
19:26:18.684 [main] DEBUG o.h.e.j.internal.JdbcCoordinatorImpl - HHH000420: Closing un-released batch
19:26:18.685 [main] DEBUG o.h.e.t.internal.TransactionImpl - begin
19:26:18.686 [main] DEBUG org.hibernate.SQL - select next_val as id_val from hibernate_sequence for update
Hibernate: select next_val as id_val from hibernate_sequence for update
19:26:18.686 [main] DEBUG org.hibernate.SQL - update hibernate_sequence set next_val= ? where next_val=?
Hibernate: update hibernate_sequence set next_val= ? where next_val=?
19:26:18.688 [main] DEBUG o.h.e.i.AbstractSaveEventListener - Generated identifier: 153, using strategy: org.hibernate.id.enhanced.SequenceStyleGenerator
19:26:18.688 [main] DEBUG o.h.e.t.internal.TransactionImpl - committing
19:26:18.688 [main] DEBUG o.h.e.i.AbstractFlushingEventListener - Processing flush-time cascades
19:26:18.688 [main] DEBUG o.h.e.i.AbstractFlushingEventListener - Dirty checking collections
19:26:18.689 [main] DEBUG o.h.e.i.AbstractFlushingEventListener - Flushed: 1 insertions, 0 updates, 0 deletions to 1 objects
19:26:18.689 [main] DEBUG o.h.e.i.AbstractFlushingEventListener - Flushed: 0 (re)creations, 0 updates, 0 removals to 0 collections
19:26:18.689 [main] DEBUG o.h.internal.util.EntityPrinter - Listing entities:
19:26:18.689 [main] DEBUG o.h.internal.util.EntityPrinter - edu.ncsu.csc.itrust2.models.persistent.LogEntry{secondaryUser=null, logCode=5, primaryUser=logapitest, id=153, time=java.util.GregorianCalendar[time=1521660378685,areFieldsSet=true,areAllFieldsSet=true,lenient=true,zone=sun.util.calendar.ZoneInfo[id="Etc/UTC",offset=0,dstSavings=0,useDaylight=false,transitions=0,lastRule=null],firstDayOfWeek=1,minimalDaysInFirstWeek=1,ERA=1,YEAR=2018,MONTH=2,WEEK_OF_YEAR=12,WEEK_OF_MONTH=4,DAY_OF_MONTH=21,DAY_OF_YEAR=80,DAY_OF_WEEK=4,DAY_OF_WEEK_IN_MONTH=3,AM_PM=1,HOUR=7,HOUR_OF_DAY=19,MINUTE=26,SECOND=18,MILLISECOND=685,ZONE_OFFSET=0,DST_OFFSET=0], message=null}
19:26:18.690 [main] DEBUG org.hibernate.SQL - insert into LogEntries (logCode, message, primaryUser, secondaryUser, time, id) values (?, ?, ?, ?, ?, ?)
Hibernate: insert into LogEntries (logCode, message, primaryUser, secondaryUser, time, id) values (?, ?, ?, ?, ?, ?)
19:26:18.691 [main] DEBUG o.h.e.j.internal.JdbcCoordinatorImpl - HHH000420: Closing un-released batch
19:26:18.692 [main] DEBUG o.h.e.t.internal.TransactionImpl - begin
19:26:18.692 [main] DEBUG org.hibernate.SQL - select next_val as id_val from hibernate_sequence for update
Hibernate: select next_val as id_val from hibernate_sequence for update
19:26:18.693 [main] DEBUG org.hibernate.SQL - update hibernate_sequence set next_val= ? where next_val=?
Hibernate: update hibernate_sequence set next_val= ? where next_val=?
19:26:18.694 [main] DEBUG o.h.e.i.AbstractSaveEventListener - Generated identifier: 154, using strategy: org.hibernate.id.enhanced.SequenceStyleGenerator
19:26:18.694 [main] DEBUG o.h.e.t.internal.TransactionImpl - committing
19:26:18.695 [main] DEBUG o.h.e.i.AbstractFlushingEventListener - Processing flush-time cascades
19:26:18.695 [main] DEBUG o.h.e.i.AbstractFlushingEventListener - Dirty checking collections
19:26:18.695 [main] DEBUG o.h.e.i.AbstractFlushingEventListener - Flushed: 1 insertions, 0 updates, 0 deletions to 1 objects
19:26:18.695 [main] DEBUG o.h.e.i.AbstractFlushingEventListener - Flushed: 0 (re)creations, 0 updates, 0 removals to 0 collections
19:26:18.695 [main] DEBUG o.h.internal.util.EntityPrinter - Listing entities:
19:26:18.695 [main] DEBUG o.h.internal.util.EntityPrinter - edu.ncsu.csc.itrust2.models.persistent.LogEntry{secondaryUser=null, logCode=5, primaryUser=logapitest, id=154, time=java.util.GregorianCalendar[time=1521660378691,areFieldsSet=true,areAllFieldsSet=true,lenient=true,zone=sun.util.calendar.ZoneInfo[id="Etc/UTC",offset=0,dstSavings=0,useDaylight=false,transitions=0,lastRule=null],firstDayOfWeek=1,minimalDaysInFirstWeek=1,ERA=1,YEAR=2018,MONTH=2,WEEK_OF_YEAR=12,WEEK_OF_MONTH=4,DAY_OF_MONTH=21,DAY_OF_YEAR=80,DAY_OF_WEEK=4,DAY_OF_WEEK_IN_MONTH=3,AM_PM=1,HOUR=7,HOUR_OF_DAY=19,MINUTE=26,SECOND=18,MILLISECOND=691,ZONE_OFFSET=0,DST_OFFSET=0], message=null}
19:26:18.698 [main] DEBUG org.hibernate.SQL - insert into LogEntries (logCode, message, primaryUser, secondaryUser, time, id) values (?, ?, ?, ?, ?, ?)
Hibernate: insert into LogEntries (logCode, message, primaryUser, secondaryUser, time, id) values (?, ?, ?, ?, ?, ?)
19:26:18.701 [main] DEBUG o.h.e.j.internal.JdbcCoordinatorImpl - HHH000420: Closing un-released batch
19:26:18.701 [main] DEBUG o.h.e.t.internal.TransactionImpl - begin
19:26:18.702 [main] DEBUG org.hibernate.SQL - select next_val as id_val from hibernate_sequence for update
Hibernate: select next_val as id_val from hibernate_sequence for update
19:26:18.702 [main] DEBUG org.hibernate.SQL - update hibernate_sequence set next_val= ? where next_val=?
Hibernate: update hibernate_sequence set next_val= ? where next_val=?
19:26:18.704 [main] DEBUG o.h.e.i.AbstractSaveEventListener - Generated identifier: 155, using strategy: org.hibernate.id.enhanced.SequenceStyleGenerator
19:26:18.704 [main] DEBUG o.h.e.t.internal.TransactionImpl - committing
19:26:18.704 [main] DEBUG o.h.e.i.AbstractFlushingEventListener - Processing flush-time cascades
19:26:18.704 [main] DEBUG o.h.e.i.AbstractFlushingEventListener - Dirty checking collections
19:26:18.704 [main] DEBUG o.h.e.i.AbstractFlushingEventListener - Flushed: 1 insertions, 0 updates, 0 deletions to 1 objects
19:26:18.704 [main] DEBUG o.h.e.i.AbstractFlushingEventListener - Flushed: 0 (re)creations, 0 updates, 0 removals to 0 collections
19:26:18.705 [main] DEBUG o.h.internal.util.EntityPrinter - Listing entities:
19:26:18.705 [main] DEBUG o.h.internal.util.EntityPrinter - edu.ncsu.csc.itrust2.models.persistent.LogEntry{secondaryUser=null, logCode=5, primaryUser=logapitest, id=155, time=java.util.GregorianCalendar[time=1521660378701,areFieldsSet=true,areAllFieldsSet=true,lenient=true,zone=sun.util.calendar.ZoneInfo[id="Etc/UTC",offset=0,dstSavings=0,useDaylight=false,transitions=0,lastRule=null],firstDayOfWeek=1,minimalDaysInFirstWeek=1,ERA=1,YEAR=2018,MONTH=2,WEEK_OF_YEAR=12,WEEK_OF_MONTH=4,DAY_OF_MONTH=21,DAY_OF_YEAR=80,DAY_OF_WEEK=4,DAY_OF_WEEK_IN_MONTH=3,AM_PM=1,HOUR=7,HOUR_OF_DAY=19,MINUTE=26,SECOND=18,MILLISECOND=701,ZONE_OFFSET=0,DST_OFFSET=0], message=null}
19:26:18.707 [main] DEBUG org.hibernate.SQL - insert into LogEntries (logCode, message, primaryUser, secondaryUser, time, id) values (?, ?, ?, ?, ?, ?)
Hibernate: insert into LogEntries (logCode, message, primaryUser, secondaryUser, time, id) values (?, ?, ?, ?, ?, ?)
19:26:18.709 [main] DEBUG o.h.e.j.internal.JdbcCoordinatorImpl - HHH000420: Closing un-released batch
19:26:18.709 [main] DEBUG o.h.e.t.internal.TransactionImpl - begin
19:26:18.710 [main] DEBUG org.hibernate.SQL - select next_val as id_val from hibernate_sequence for update
Hibernate: select next_val as id_val from hibernate_sequence for update
19:26:18.710 [main] DEBUG org.hibernate.SQL - update hibernate_sequence set next_val= ? where next_val=?
Hibernate: update hibernate_sequence set next_val= ? where next_val=?
19:26:18.711 [main] DEBUG o.h.e.i.AbstractSaveEventListener - Generated identifier: 156, using strategy: org.hibernate.id.enhanced.SequenceStyleGenerator
19:26:18.711 [main] DEBUG o.h.e.t.internal.TransactionImpl - committing
19:26:18.711 [main] DEBUG o.h.e.i.AbstractFlushingEventListener - Processing flush-time cascades
19:26:18.711 [main] DEBUG o.h.e.i.AbstractFlushingEventListener - Dirty checking collections
19:26:18.712 [main] DEBUG o.h.e.i.AbstractFlushingEventListener - Flushed: 1 insertions, 0 updates, 0 deletions to 1 objects
19:26:18.712 [main] DEBUG o.h.e.i.AbstractFlushingEventListener - Flushed: 0 (re)creations, 0 updates, 0 removals to 0 collections
19:26:18.712 [main] DEBUG o.h.internal.util.EntityPrinter - Listing entities:
19:26:18.712 [main] DEBUG o.h.internal.util.EntityPrinter - edu.ncsu.csc.itrust2.models.persistent.LogEntry{secondaryUser=null, logCode=5, primaryUser=logapitest, id=156, time=java.util.GregorianCalendar[time=1521660378709,areFieldsSet=true,areAllFieldsSet=true,lenient=true,zone=sun.util.calendar.ZoneInfo[id="Etc/UTC",offset=0,dstSavings=0,useDaylight=false,transitions=0,lastRule=null],firstDayOfWeek=1,minimalDaysInFirstWeek=1,ERA=1,YEAR=2018,MONTH=2,WEEK_OF_YEAR=12,WEEK_OF_MONTH=4,DAY_OF_MONTH=21,DAY_OF_YEAR=80,DAY_OF_WEEK=4,DAY_OF_WEEK_IN_MONTH=3,AM_PM=1,HOUR=7,HOUR_OF_DAY=19,MINUTE=26,SECOND=18,MILLISECOND=709,ZONE_OFFSET=0,DST_OFFSET=0], message=null}
19:26:18.712 [main] DEBUG org.hibernate.SQL - insert into LogEntries (logCode, message, primaryUser, secondaryUser, time, id) values (?, ?, ?, ?, ?, ?)
Hibernate: insert into LogEntries (logCode, message, primaryUser, secondaryUser, time, id) values (?, ?, ?, ?, ?, ?)
19:26:18.714 [main] DEBUG o.h.e.j.internal.JdbcCoordinatorImpl - HHH000420: Closing un-released batch
19:26:18.714 [main] DEBUG o.h.e.t.internal.TransactionImpl - begin
19:26:18.715 [main] DEBUG org.hibernate.SQL - select next_val as id_val from hibernate_sequence for update
Hibernate: select next_val as id_val from hibernate_sequence for update
19:26:18.715 [main] DEBUG org.hibernate.SQL - update hibernate_sequence set next_val= ? where next_val=?
Hibernate: update hibernate_sequence set next_val= ? where next_val=?
19:26:18.716 [main] DEBUG o.h.e.i.AbstractSaveEventListener - Generated identifier: 157, using strategy: org.hibernate.id.enhanced.SequenceStyleGenerator
19:26:18.717 [main] DEBUG o.h.e.t.internal.TransactionImpl - committing
19:26:18.717 [main] DEBUG o.h.e.i.AbstractFlushingEventListener - Processing flush-time cascades
19:26:18.717 [main] DEBUG o.h.e.i.AbstractFlushingEventListener - Dirty checking collections
19:26:18.717 [main] DEBUG o.h.e.i.AbstractFlushingEventListener - Flushed: 1 insertions, 0 updates, 0 deletions to 1 objects
19:26:18.717 [main] DEBUG o.h.e.i.AbstractFlushingEventListener - Flushed: 0 (re)creations, 0 updates, 0 removals to 0 collections
19:26:18.717 [main] DEBUG o.h.internal.util.EntityPrinter - Listing entities:
19:26:18.717 [main] DEBUG o.h.internal.util.EntityPrinter - edu.ncsu.csc.itrust2.models.persistent.LogEntry{secondaryUser=null, logCode=5, primaryUser=logapitest, id=157, time=java.util.GregorianCalendar[time=1521660378714,areFieldsSet=true,areAllFieldsSet=true,lenient=true,zone=sun.util.calendar.ZoneInfo[id="Etc/UTC",offset=0,dstSavings=0,useDaylight=false,transitions=0,lastRule=null],firstDayOfWeek=1,minimalDaysInFirstWeek=1,ERA=1,YEAR=2018,MONTH=2,WEEK_OF_YEAR=12,WEEK_OF_MONTH=4,DAY_OF_MONTH=21,DAY_OF_YEAR=80,DAY_OF_WEEK=4,DAY_OF_WEEK_IN_MONTH=3,AM_PM=1,HOUR=7,HOUR_OF_DAY=19,MINUTE=26,SECOND=18,MILLISECOND=714,ZONE_OFFSET=0,DST_OFFSET=0], message=null}
19:26:18.723 [main] DEBUG org.hibernate.SQL - insert into LogEntries (logCode, message, primaryUser, secondaryUser, time, id) values (?, ?, ?, ?, ?, ?)
Hibernate: insert into LogEntries (logCode, message, primaryUser, secondaryUser, time, id) values (?, ?, ?, ?, ?, ?)
19:26:18.728 [main] DEBUG o.h.e.j.internal.JdbcCoordinatorImpl - HHH000420: Closing un-released batch
19:26:18.729 [main] DEBUG o.h.e.t.internal.TransactionImpl - begin
19:26:18.730 [main] DEBUG org.hibernate.SQL - select next_val as id_val from hibernate_sequence for update
Hibernate: select next_val as id_val from hibernate_sequence for update
19:26:18.730 [main] DEBUG org.hibernate.SQL - update hibernate_sequence set next_val= ? where next_val=?
Hibernate: update hibernate_sequence set next_val= ? where next_val=?
19:26:18.731 [main] DEBUG o.h.e.i.AbstractSaveEventListener - Generated identifier: 158, using strategy: org.hibernate.id.enhanced.SequenceStyleGenerator
19:26:18.731 [main] DEBUG o.h.e.t.internal.TransactionImpl - committing
19:26:18.731 [main] DEBUG o.h.e.i.AbstractFlushingEventListener - Processing flush-time cascades
19:26:18.732 [main] DEBUG o.h.e.i.AbstractFlushingEventListener - Dirty checking collections
19:26:18.732 [main] DEBUG o.h.e.i.AbstractFlushingEventListener - Flushed: 1 insertions, 0 updates, 0 deletions to 1 objects
19:26:18.732 [main] DEBUG o.h.e.i.AbstractFlushingEventListener - Flushed: 0 (re)creations, 0 updates, 0 removals to 0 collections
19:26:18.732 [main] DEBUG o.h.internal.util.EntityPrinter - Listing entities:
19:26:18.732 [main] DEBUG o.h.internal.util.EntityPrinter - edu.ncsu.csc.itrust2.models.persistent.LogEntry{secondaryUser=null, logCode=5, primaryUser=logapitest, id=158, time=java.util.GregorianCalendar[time=1521660378729,areFieldsSet=true,areAllFieldsSet=true,lenient=true,zone=sun.util.calendar.ZoneInfo[id="Etc/UTC",offset=0,dstSavings=0,useDaylight=false,transitions=0,lastRule=null],firstDayOfWeek=1,minimalDaysInFirstWeek=1,ERA=1,YEAR=2018,MONTH=2,WEEK_OF_YEAR=12,WEEK_OF_MONTH=4,DAY_OF_MONTH=21,DAY_OF_YEAR=80,DAY_OF_WEEK=4,DAY_OF_WEEK_IN_MONTH=3,AM_PM=1,HOUR=7,HOUR_OF_DAY=19,MINUTE=26,SECOND=18,MILLISECOND=729,ZONE_OFFSET=0,DST_OFFSET=0], message=null}
19:26:18.733 [main] DEBUG org.hibernate.SQL - insert into LogEntries (logCode, message, primaryUser, secondaryUser, time, id) values (?, ?, ?, ?, ?, ?)
Hibernate: insert into LogEntries (logCode, message, primaryUser, secondaryUser, time, id) values (?, ?, ?, ?, ?, ?)
19:26:18.734 [main] DEBUG o.h.e.j.internal.JdbcCoordinatorImpl - HHH000420: Closing un-released batch
19:26:18.734 [main] DEBUG o.h.e.t.internal.TransactionImpl - begin
19:26:18.735 [main] DEBUG org.hibernate.SQL - select next_val as id_val from hibernate_sequence for update
Hibernate: select next_val as id_val from hibernate_sequence for update
19:26:18.735 [main] DEBUG org.hibernate.SQL - update hibernate_sequence set next_val= ? where next_val=?
Hibernate: update hibernate_sequence set next_val= ? where next_val=?
19:26:18.737 [main] DEBUG o.h.e.i.AbstractSaveEventListener - Generated identifier: 159, using strategy: org.hibernate.id.enhanced.SequenceStyleGenerator
19:26:18.737 [main] DEBUG o.h.e.t.internal.TransactionImpl - committing
19:26:18.737 [main] DEBUG o.h.e.i.AbstractFlushingEventListener - Processing flush-time cascades
19:26:18.737 [main] DEBUG o.h.e.i.AbstractFlushingEventListener - Dirty checking collections
19:26:18.737 [main] DEBUG o.h.e.i.AbstractFlushingEventListener - Flushed: 1 insertions, 0 updates, 0 deletions to 1 objects
19:26:18.737 [main] DEBUG o.h.e.i.AbstractFlushingEventListener - Flushed: 0 (re)creations, 0 updates, 0 removals to 0 collections
19:26:18.737 [main] DEBUG o.h.internal.util.EntityPrinter - Listing entities:
19:26:18.737 [main] DEBUG o.h.internal.util.EntityPrinter - edu.ncsu.csc.itrust2.models.persistent.LogEntry{secondaryUser=null, logCode=5, primaryUser=logapitest, id=159, time=java.util.GregorianCalendar[time=1521660378734,areFieldsSet=true,areAllFieldsSet=true,lenient=true,zone=sun.util.calendar.ZoneInfo[id="Etc/UTC",offset=0,dstSavings=0,useDaylight=false,transitions=0,lastRule=null],firstDayOfWeek=1,minimalDaysInFirstWeek=1,ERA=1,YEAR=2018,MONTH=2,WEEK_OF_YEAR=12,WEEK_OF_MONTH=4,DAY_OF_MONTH=21,DAY_OF_YEAR=80,DAY_OF_WEEK=4,DAY_OF_WEEK_IN_MONTH=3,AM_PM=1,HOUR=7,HOUR_OF_DAY=19,MINUTE=26,SECOND=18,MILLISECOND=734,ZONE_OFFSET=0,DST_OFFSET=0], message=null}
19:26:18.740 [main] DEBUG org.hibernate.SQL - insert into LogEntries (logCode, message, primaryUser, secondaryUser, time, id) values (?, ?, ?, ?, ?, ?)
Hibernate: insert into LogEntries (logCode, message, primaryUser, secondaryUser, time, id) values (?, ?, ?, ?, ?, ?)
19:26:18.741 [main] DEBUG o.h.e.j.internal.JdbcCoordinatorImpl - HHH000420: Closing un-released batch
19:26:18.742 [main] DEBUG o.h.e.t.internal.TransactionImpl - begin
19:26:18.742 [main] DEBUG org.hibernate.SQL - select next_val as id_val from hibernate_sequence for update
Hibernate: select next_val as id_val from hibernate_sequence for update
19:26:18.743 [main] DEBUG org.hibernate.SQL - update hibernate_sequence set next_val= ? where next_val=?
Hibernate: update hibernate_sequence set next_val= ? where next_val=?
19:26:18.744 [main] DEBUG o.h.e.i.AbstractSaveEventListener - Generated identifier: 160, using strategy: org.hibernate.id.enhanced.SequenceStyleGenerator
19:26:18.744 [main] DEBUG o.h.e.t.internal.TransactionImpl - committing
19:26:18.745 [main] DEBUG o.h.e.i.AbstractFlushingEventListener - Processing flush-time cascades
19:26:18.745 [main] DEBUG o.h.e.i.AbstractFlushingEventListener - Dirty checking collections
19:26:18.745 [main] DEBUG o.h.e.i.AbstractFlushingEventListener - Flushed: 1 insertions, 0 updates, 0 deletions to 1 objects
19:26:18.745 [main] DEBUG o.h.e.i.AbstractFlushingEventListener - Flushed: 0 (re)creations, 0 updates, 0 removals to 0 collections
19:26:18.745 [main] DEBUG o.h.internal.util.EntityPrinter - Listing entities:
19:26:18.745 [main] DEBUG o.h.internal.util.EntityPrinter - edu.ncsu.csc.itrust2.models.persistent.LogEntry{secondaryUser=null, logCode=5, primaryUser=logapitest, id=160, time=java.util.GregorianCalendar[time=1521660378742,areFieldsSet=true,areAllFieldsSet=true,lenient=true,zone=sun.util.calendar.ZoneInfo[id="Etc/UTC",offset=0,dstSavings=0,useDaylight=false,transitions=0,lastRule=null],firstDayOfWeek=1,minimalDaysInFirstWeek=1,ERA=1,YEAR=2018,MONTH=2,WEEK_OF_YEAR=12,WEEK_OF_MONTH=4,DAY_OF_MONTH=21,DAY_OF_YEAR=80,DAY_OF_WEEK=4,DAY_OF_WEEK_IN_MONTH=3,AM_PM=1,HOUR=7,HOUR_OF_DAY=19,MINUTE=26,SECOND=18,MILLISECOND=742,ZONE_OFFSET=0,DST_OFFSET=0], message=null}
19:26:18.747 [main] DEBUG org.hibernate.SQL - insert into LogEntries (logCode, message, primaryUser, secondaryUser, time, id) values (?, ?, ?, ?, ?, ?)
Hibernate: insert into LogEntries (logCode, message, primaryUser, secondaryUser, time, id) values (?, ?, ?, ?, ?, ?)
19:26:18.749 [main] DEBUG o.h.e.j.internal.JdbcCoordinatorImpl - HHH000420: Closing un-released batch
19:26:18.749 [main] DEBUG o.h.e.t.internal.TransactionImpl - begin
19:26:18.749 [main] DEBUG org.hibernate.SQL - select next_val as id_val from hibernate_sequence for update
Hibernate: select next_val as id_val from hibernate_sequence for update
19:26:18.750 [main] DEBUG org.hibernate.SQL - update hibernate_sequence set next_val= ? where next_val=?
Hibernate: update hibernate_sequence set next_val= ? where next_val=?
19:26:18.751 [main] DEBUG o.h.e.i.AbstractSaveEventListener - Generated identifier: 161, using strategy: org.hibernate.id.enhanced.SequenceStyleGenerator
19:26:18.751 [main] DEBUG o.h.e.t.internal.TransactionImpl - committing
19:26:18.751 [main] DEBUG o.h.e.i.AbstractFlushingEventListener - Processing flush-time cascades
19:26:18.751 [main] DEBUG o.h.e.i.AbstractFlushingEventListener - Dirty checking collections
19:26:18.751 [main] DEBUG o.h.e.i.AbstractFlushingEventListener - Flushed: 1 insertions, 0 updates, 0 deletions to 1 objects
19:26:18.752 [main] DEBUG o.h.e.i.AbstractFlushingEventListener - Flushed: 0 (re)creations, 0 updates, 0 removals to 0 collections
19:26:18.752 [main] DEBUG o.h.internal.util.EntityPrinter - Listing entities:
19:26:18.752 [main] DEBUG o.h.internal.util.EntityPrinter - edu.ncsu.csc.itrust2.models.persistent.LogEntry{secondaryUser=null, logCode=5, primaryUser=logapitest, id=161, time=java.util.GregorianCalendar[time=1521660378749,areFieldsSet=true,areAllFieldsSet=true,lenient=true,zone=sun.util.calendar.ZoneInfo[id="Etc/UTC",offset=0,dstSavings=0,useDaylight=false,transitions=0,lastRule=null],firstDayOfWeek=1,minimalDaysInFirstWeek=1,ERA=1,YEAR=2018,MONTH=2,WEEK_OF_YEAR=12,WEEK_OF_MONTH=4,DAY_OF_MONTH=21,DAY_OF_YEAR=80,DAY_OF_WEEK=4,DAY_OF_WEEK_IN_MONTH=3,AM_PM=1,HOUR=7,HOUR_OF_DAY=19,MINUTE=26,SECOND=18,MILLISECOND=749,ZONE_OFFSET=0,DST_OFFSET=0], message=null}
19:26:18.752 [main] DEBUG org.hibernate.SQL - insert into LogEntries (logCode, message, primaryUser, secondaryUser, time, id) values (?, ?, ?, ?, ?, ?)
Hibernate: insert into LogEntries (logCode, message, primaryUser, secondaryUser, time, id) values (?, ?, ?, ?, ?, ?)
19:26:18.754 [main] DEBUG o.h.e.j.internal.JdbcCoordinatorImpl - HHH000420: Closing un-released batch
19:26:18.754 [main] DEBUG o.h.e.t.internal.TransactionImpl - begin
19:26:18.755 [main] DEBUG org.hibernate.SQL - select next_val as id_val from hibernate_sequence for update
Hibernate: select next_val as id_val from hibernate_sequence for update
19:26:18.755 [main] DEBUG org.hibernate.SQL - update hibernate_sequence set next_val= ? where next_val=?
Hibernate: update hibernate_sequence set next_val= ? where next_val=?
19:26:18.756 [main] DEBUG o.h.e.i.AbstractSaveEventListener - Generated identifier: 162, using strategy: org.hibernate.id.enhanced.SequenceStyleGenerator
19:26:18.757 [main] DEBUG o.h.e.t.internal.TransactionImpl - committing
19:26:18.757 [main] DEBUG o.h.e.i.AbstractFlushingEventListener - Processing flush-time cascades
19:26:18.757 [main] DEBUG o.h.e.i.AbstractFlushingEventListener - Dirty checking collections
19:26:18.757 [main] DEBUG o.h.e.i.AbstractFlushingEventListener - Flushed: 1 insertions, 0 updates, 0 deletions to 1 objects
19:26:18.757 [main] DEBUG o.h.e.i.AbstractFlushingEventListener - Flushed: 0 (re)creations, 0 updates, 0 removals to 0 collections
19:26:18.757 [main] DEBUG o.h.internal.util.EntityPrinter - Listing entities:
19:26:18.757 [main] DEBUG o.h.internal.util.EntityPrinter - edu.ncsu.csc.itrust2.models.persistent.LogEntry{secondaryUser=null, logCode=5, primaryUser=logapitest, id=162, time=java.util.GregorianCalendar[time=1521660378754,areFieldsSet=true,areAllFieldsSet=true,lenient=true,zone=sun.util.calendar.ZoneInfo[id="Etc/UTC",offset=0,dstSavings=0,useDaylight=false,transitions=0,lastRule=null],firstDayOfWeek=1,minimalDaysInFirstWeek=1,ERA=1,YEAR=2018,MONTH=2,WEEK_OF_YEAR=12,WEEK_OF_MONTH=4,DAY_OF_MONTH=21,DAY_OF_YEAR=80,DAY_OF_WEEK=4,DAY_OF_WEEK_IN_MONTH=3,AM_PM=1,HOUR=7,HOUR_OF_DAY=19,MINUTE=26,SECOND=18,MILLISECOND=754,ZONE_OFFSET=0,DST_OFFSET=0], message=null}
19:26:18.758 [main] DEBUG org.hibernate.SQL - insert into LogEntries (logCode, message, primaryUser, secondaryUser, time, id) values (?, ?, ?, ?, ?, ?)
Hibernate: insert into LogEntries (logCode, message, primaryUser, secondaryUser, time, id) values (?, ?, ?, ?, ?, ?)
19:26:18.759 [main] DEBUG o.h.e.j.internal.JdbcCoordinatorImpl - HHH000420: Closing un-released batch
19:26:18.759 [main] DEBUG o.h.e.t.internal.TransactionImpl - begin
19:26:18.760 [main] DEBUG org.hibernate.SQL - select next_val as id_val from hibernate_sequence for update
Hibernate: select next_val as id_val from hibernate_sequence for update
19:26:18.760 [main] DEBUG org.hibernate.SQL - update hibernate_sequence set next_val= ? where next_val=?
Hibernate: update hibernate_sequence set next_val= ? where next_val=?
19:26:18.761 [main] DEBUG o.h.e.i.AbstractSaveEventListener - Generated identifier: 163, using strategy: org.hibernate.id.enhanced.SequenceStyleGenerator
19:26:18.762 [main] DEBUG o.h.e.t.internal.TransactionImpl - committing
19:26:18.762 [main] DEBUG o.h.e.i.AbstractFlushingEventListener - Processing flush-time cascades
19:26:18.762 [main] DEBUG o.h.e.i.AbstractFlushingEventListener - Dirty checking collections
19:26:18.762 [main] DEBUG o.h.e.i.AbstractFlushingEventListener - Flushed: 1 insertions, 0 updates, 0 deletions to 1 objects
19:26:18.762 [main] DEBUG o.h.e.i.AbstractFlushingEventListener - Flushed: 0 (re)creations, 0 updates, 0 removals to 0 collections
19:26:18.762 [main] DEBUG o.h.internal.util.EntityPrinter - Listing entities:
19:26:18.762 [main] DEBUG o.h.internal.util.EntityPrinter - edu.ncsu.csc.itrust2.models.persistent.LogEntry{secondaryUser=null, logCode=5, primaryUser=logapitest, id=163, time=java.util.GregorianCalendar[time=1521660378759,areFieldsSet=true,areAllFieldsSet=true,lenient=true,zone=sun.util.calendar.ZoneInfo[id="Etc/UTC",offset=0,dstSavings=0,useDaylight=false,transitions=0,lastRule=null],firstDayOfWeek=1,minimalDaysInFirstWeek=1,ERA=1,YEAR=2018,MONTH=2,WEEK_OF_YEAR=12,WEEK_OF_MONTH=4,DAY_OF_MONTH=21,DAY_OF_YEAR=80,DAY_OF_WEEK=4,DAY_OF_WEEK_IN_MONTH=3,AM_PM=1,HOUR=7,HOUR_OF_DAY=19,MINUTE=26,SECOND=18,MILLISECOND=759,ZONE_OFFSET=0,DST_OFFSET=0], message=null}
19:26:18.763 [main] DEBUG org.hibernate.SQL - insert into LogEntries (logCode, message, primaryUser, secondaryUser, time, id) values (?, ?, ?, ?, ?, ?)
Hibernate: insert into LogEntries (logCode, message, primaryUser, secondaryUser, time, id) values (?, ?, ?, ?, ?, ?)
19:26:18.764 [main] DEBUG o.h.e.j.internal.JdbcCoordinatorImpl - HHH000420: Closing un-released batch
19:26:18.765 [main] DEBUG o.h.e.t.internal.TransactionImpl - begin
19:26:18.766 [main] DEBUG org.hibernate.SQL - select next_val as id_val from hibernate_sequence for update
Hibernate: select next_val as id_val from hibernate_sequence for update
19:26:18.767 [main] DEBUG org.hibernate.SQL - update hibernate_sequence set next_val= ? where next_val=?
Hibernate: update hibernate_sequence set next_val= ? where next_val=?
19:26:18.780 [main] DEBUG o.h.e.i.AbstractSaveEventListener - Generated identifier: 164, using strategy: org.hibernate.id.enhanced.SequenceStyleGenerator
19:26:18.781 [main] DEBUG o.h.e.t.internal.TransactionImpl - committing
19:26:18.781 [main] DEBUG o.h.e.i.AbstractFlushingEventListener - Processing flush-time cascades
19:26:18.781 [main] DEBUG o.h.e.i.AbstractFlushingEventListener - Dirty checking collections
19:26:18.781 [main] DEBUG o.h.e.i.AbstractFlushingEventListener - Flushed: 1 insertions, 0 updates, 0 deletions to 1 objects
19:26:18.781 [main] DEBUG o.h.e.i.AbstractFlushingEventListener - Flushed: 0 (re)creations, 0 updates, 0 removals to 0 collections
19:26:18.781 [main] DEBUG o.h.internal.util.EntityPrinter - Listing entities:
19:26:18.782 [main] DEBUG o.h.internal.util.EntityPrinter - edu.ncsu.csc.itrust2.models.persistent.LogEntry{secondaryUser=null, logCode=5, primaryUser=logapitest, id=164, time=java.util.GregorianCalendar[time=1521660378765,areFieldsSet=true,areAllFieldsSet=true,lenient=true,zone=sun.util.calendar.ZoneInfo[id="Etc/UTC",offset=0,dstSavings=0,useDaylight=false,transitions=0,lastRule=null],firstDayOfWeek=1,minimalDaysInFirstWeek=1,ERA=1,YEAR=2018,MONTH=2,WEEK_OF_YEAR=12,WEEK_OF_MONTH=4,DAY_OF_MONTH=21,DAY_OF_YEAR=80,DAY_OF_WEEK=4,DAY_OF_WEEK_IN_MONTH=3,AM_PM=1,HOUR=7,HOUR_OF_DAY=19,MINUTE=26,SECOND=18,MILLISECOND=765,ZONE_OFFSET=0,DST_OFFSET=0], message=null}
19:26:18.782 [main] DEBUG org.hibernate.SQL - insert into LogEntries (logCode, message, primaryUser, secondaryUser, time, id) values (?, ?, ?, ?, ?, ?)
Hibernate: insert into LogEntries (logCode, message, primaryUser, secondaryUser, time, id) values (?, ?, ?, ?, ?, ?)
19:26:18.791 [main] DEBUG o.h.e.j.internal.JdbcCoordinatorImpl - HHH000420: Closing un-released batch
19:26:18.792 [main] DEBUG o.h.e.t.internal.TransactionImpl - begin
19:26:18.794 [main] DEBUG org.hibernate.SQL - select next_val as id_val from hibernate_sequence for update
Hibernate: select next_val as id_val from hibernate_sequence for update
19:26:18.795 [main] DEBUG org.hibernate.SQL - update hibernate_sequence set next_val= ? where next_val=?
Hibernate: update hibernate_sequence set next_val= ? where next_val=?
19:26:18.797 [main] DEBUG o.h.e.i.AbstractSaveEventListener - Generated identifier: 165, using strategy: org.hibernate.id.enhanced.SequenceStyleGenerator
19:26:18.797 [main] DEBUG o.h.e.t.internal.TransactionImpl - committing
19:26:18.797 [main] DEBUG o.h.e.i.AbstractFlushingEventListener - Processing flush-time cascades
19:26:18.797 [main] DEBUG o.h.e.i.AbstractFlushingEventListener - Dirty checking collections
19:26:18.798 [main] DEBUG o.h.e.i.AbstractFlushingEventListener - Flushed: 1 insertions, 0 updates, 0 deletions to 1 objects
19:26:18.798 [main] DEBUG o.h.e.i.AbstractFlushingEventListener - Flushed: 0 (re)creations, 0 updates, 0 removals to 0 collections
19:26:18.798 [main] DEBUG o.h.internal.util.EntityPrinter - Listing entities:
19:26:18.798 [main] DEBUG o.h.internal.util.EntityPrinter - edu.ncsu.csc.itrust2.models.persistent.LogEntry{secondaryUser=null, logCode=5, primaryUser=logapitest, id=165, time=java.util.GregorianCalendar[time=1521660378792,areFieldsSet=true,areAllFieldsSet=true,lenient=true,zone=sun.util.calendar.ZoneInfo[id="Etc/UTC",offset=0,dstSavings=0,useDaylight=false,transitions=0,lastRule=null],firstDayOfWeek=1,minimalDaysInFirstWeek=1,ERA=1,YEAR=2018,MONTH=2,WEEK_OF_YEAR=12,WEEK_OF_MONTH=4,DAY_OF_MONTH=21,DAY_OF_YEAR=80,DAY_OF_WEEK=4,DAY_OF_WEEK_IN_MONTH=3,AM_PM=1,HOUR=7,HOUR_OF_DAY=19,MINUTE=26,SECOND=18,MILLISECOND=792,ZONE_OFFSET=0,DST_OFFSET=0], message=null}
19:26:18.799 [main] DEBUG org.hibernate.SQL - insert into LogEntries (logCode, message, primaryUser, secondaryUser, time, id) values (?, ?, ?, ?, ?, ?)
Hibernate: insert into LogEntries (logCode, message, primaryUser, secondaryUser, time, id) values (?, ?, ?, ?, ?, ?)
19:26:18.802 [main] DEBUG o.h.e.j.internal.JdbcCoordinatorImpl - HHH000420: Closing un-released batch
19:26:18.802 [main] DEBUG o.h.e.t.internal.TransactionImpl - begin
19:26:18.803 [main] DEBUG org.hibernate.SQL - select next_val as id_val from hibernate_sequence for update
Hibernate: select next_val as id_val from hibernate_sequence for update
19:26:18.803 [main] DEBUG org.hibernate.SQL - update hibernate_sequence set next_val= ? where next_val=?
Hibernate: update hibernate_sequence set next_val= ? where next_val=?
19:26:18.805 [main] DEBUG o.h.e.i.AbstractSaveEventListener - Generated identifier: 166, using strategy: org.hibernate.id.enhanced.SequenceStyleGenerator
19:26:18.805 [main] DEBUG o.h.e.t.internal.TransactionImpl - committing
19:26:18.805 [main] DEBUG o.h.e.i.AbstractFlushingEventListener - Processing flush-time cascades
19:26:18.805 [main] DEBUG o.h.e.i.AbstractFlushingEventListener - Dirty checking collections
19:26:18.806 [main] DEBUG o.h.e.i.AbstractFlushingEventListener - Flushed: 1 insertions, 0 updates, 0 deletions to 1 objects
19:26:18.806 [main] DEBUG o.h.e.i.AbstractFlushingEventListener - Flushed: 0 (re)creations, 0 updates, 0 removals to 0 collections
19:26:18.806 [main] DEBUG o.h.internal.util.EntityPrinter - Listing entities:
19:26:18.806 [main] DEBUG o.h.internal.util.EntityPrinter - edu.ncsu.csc.itrust2.models.persistent.LogEntry{secondaryUser=null, logCode=5, primaryUser=logapitest, id=166, time=java.util.GregorianCalendar[time=1521660378802,areFieldsSet=true,areAllFieldsSet=true,lenient=true,zone=sun.util.calendar.ZoneInfo[id="Etc/UTC",offset=0,dstSavings=0,useDaylight=false,transitions=0,lastRule=null],firstDayOfWeek=1,minimalDaysInFirstWeek=1,ERA=1,YEAR=2018,MONTH=2,WEEK_OF_YEAR=12,WEEK_OF_MONTH=4,DAY_OF_MONTH=21,DAY_OF_YEAR=80,DAY_OF_WEEK=4,DAY_OF_WEEK_IN_MONTH=3,AM_PM=1,HOUR=7,HOUR_OF_DAY=19,MINUTE=26,SECOND=18,MILLISECOND=802,ZONE_OFFSET=0,DST_OFFSET=0], message=null}
19:26:18.807 [main] DEBUG org.hibernate.SQL - insert into LogEntries (logCode, message, primaryUser, secondaryUser, time, id) values (?, ?, ?, ?, ?, ?)
Hibernate: insert into LogEntries (logCode, message, primaryUser, secondaryUser, time, id) values (?, ?, ?, ?, ?, ?)
19:26:18.811 [main] DEBUG o.h.e.j.internal.JdbcCoordinatorImpl - HHH000420: Closing un-released batch
19:26:18.812 [main] DEBUG o.h.e.t.internal.TransactionImpl - begin
19:26:18.813 [main] DEBUG org.hibernate.SQL - select next_val as id_val from hibernate_sequence for update
Hibernate: select next_val as id_val from hibernate_sequence for update
19:26:18.814 [main] DEBUG org.hibernate.SQL - update hibernate_sequence set next_val= ? where next_val=?
Hibernate: update hibernate_sequence set next_val= ? where next_val=?
19:26:18.819 [main] DEBUG o.h.e.i.AbstractSaveEventListener - Generated identifier: 167, using strategy: org.hibernate.id.enhanced.SequenceStyleGenerator
19:26:18.819 [main] DEBUG o.h.e.t.internal.TransactionImpl - committing
19:26:18.819 [main] DEBUG o.h.e.i.AbstractFlushingEventListener - Processing flush-time cascades
19:26:18.819 [main] DEBUG o.h.e.i.AbstractFlushingEventListener - Dirty checking collections
19:26:18.820 [main] DEBUG o.h.e.i.AbstractFlushingEventListener - Flushed: 1 insertions, 0 updates, 0 deletions to 1 objects
19:26:18.820 [main] DEBUG o.h.e.i.AbstractFlushingEventListener - Flushed: 0 (re)creations, 0 updates, 0 removals to 0 collections
19:26:18.820 [main] DEBUG o.h.internal.util.EntityPrinter - Listing entities:
19:26:18.820 [main] DEBUG o.h.internal.util.EntityPrinter - edu.ncsu.csc.itrust2.models.persistent.LogEntry{secondaryUser=null, logCode=5, primaryUser=logapitest, id=167, time=java.util.GregorianCalendar[time=1521660378812,areFieldsSet=true,areAllFieldsSet=true,lenient=true,zone=sun.util.calendar.ZoneInfo[id="Etc/UTC",offset=0,dstSavings=0,useDaylight=false,transitions=0,lastRule=null],firstDayOfWeek=1,minimalDaysInFirstWeek=1,ERA=1,YEAR=2018,MONTH=2,WEEK_OF_YEAR=12,WEEK_OF_MONTH=4,DAY_OF_MONTH=21,DAY_OF_YEAR=80,DAY_OF_WEEK=4,DAY_OF_WEEK_IN_MONTH=3,AM_PM=1,HOUR=7,HOUR_OF_DAY=19,MINUTE=26,SECOND=18,MILLISECOND=812,ZONE_OFFSET=0,DST_OFFSET=0], message=null}
19:26:18.821 [main] DEBUG org.hibernate.SQL - insert into LogEntries (logCode, message, primaryUser, secondaryUser, time, id) values (?, ?, ?, ?, ?, ?)
Hibernate: insert into LogEntries (logCode, message, primaryUser, secondaryUser, time, id) values (?, ?, ?, ?, ?, ?)
19:26:18.822 [main] DEBUG o.h.e.j.internal.JdbcCoordinatorImpl - HHH000420: Closing un-released batch
19:26:18.822 [main] DEBUG o.h.e.t.internal.TransactionImpl - begin
19:26:18.823 [main] DEBUG org.hibernate.SQL - select next_val as id_val from hibernate_sequence for update
Hibernate: select next_val as id_val from hibernate_sequence for update
19:26:18.823 [main] DEBUG org.hibernate.SQL - update hibernate_sequence set next_val= ? where next_val=?
Hibernate: update hibernate_sequence set next_val= ? where next_val=?
19:26:18.824 [main] DEBUG o.h.e.i.AbstractSaveEventListener - Generated identifier: 168, using strategy: org.hibernate.id.enhanced.SequenceStyleGenerator
19:26:18.825 [main] DEBUG o.h.e.t.internal.TransactionImpl - committing
19:26:18.825 [main] DEBUG o.h.e.i.AbstractFlushingEventListener - Processing flush-time cascades
19:26:18.825 [main] DEBUG o.h.e.i.AbstractFlushingEventListener - Dirty checking collections
19:26:18.825 [main] DEBUG o.h.e.i.AbstractFlushingEventListener - Flushed: 1 insertions, 0 updates, 0 deletions to 1 objects
19:26:18.825 [main] DEBUG o.h.e.i.AbstractFlushingEventListener - Flushed: 0 (re)creations, 0 updates, 0 removals to 0 collections
19:26:18.825 [main] DEBUG o.h.internal.util.EntityPrinter - Listing entities:
19:26:18.825 [main] DEBUG o.h.internal.util.EntityPrinter - edu.ncsu.csc.itrust2.models.persistent.LogEntry{secondaryUser=null, logCode=5, primaryUser=logapitest, id=168, time=java.util.GregorianCalendar[time=1521660378822,areFieldsSet=true,areAllFieldsSet=true,lenient=true,zone=sun.util.calendar.ZoneInfo[id="Etc/UTC",offset=0,dstSavings=0,useDaylight=false,transitions=0,lastRule=null],firstDayOfWeek=1,minimalDaysInFirstWeek=1,ERA=1,YEAR=2018,MONTH=2,WEEK_OF_YEAR=12,WEEK_OF_MONTH=4,DAY_OF_MONTH=21,DAY_OF_YEAR=80,DAY_OF_WEEK=4,DAY_OF_WEEK_IN_MONTH=3,AM_PM=1,HOUR=7,HOUR_OF_DAY=19,MINUTE=26,SECOND=18,MILLISECOND=822,ZONE_OFFSET=0,DST_OFFSET=0], message=null}
19:26:18.826 [main] DEBUG org.hibernate.SQL - insert into LogEntries (logCode, message, primaryUser, secondaryUser, time, id) values (?, ?, ?, ?, ?, ?)
Hibernate: insert into LogEntries (logCode, message, primaryUser, secondaryUser, time, id) values (?, ?, ?, ?, ?, ?)
19:26:18.827 [main] DEBUG o.h.e.j.internal.JdbcCoordinatorImpl - HHH000420: Closing un-released batch
19:26:18.827 [main] DEBUG o.h.e.t.internal.TransactionImpl - begin
19:26:18.828 [main] DEBUG org.hibernate.SQL - select next_val as id_val from hibernate_sequence for update
Hibernate: select next_val as id_val from hibernate_sequence for update
19:26:18.828 [main] DEBUG org.hibernate.SQL - update hibernate_sequence set next_val= ? where next_val=?
Hibernate: update hibernate_sequence set next_val= ? where next_val=?
19:26:18.829 [main] DEBUG o.h.e.i.AbstractSaveEventListener - Generated identifier: 169, using strategy: org.hibernate.id.enhanced.SequenceStyleGenerator
19:26:18.829 [main] DEBUG o.h.e.t.internal.TransactionImpl - committing
19:26:18.829 [main] DEBUG o.h.e.i.AbstractFlushingEventListener - Processing flush-time cascades
19:26:18.829 [main] DEBUG o.h.e.i.AbstractFlushingEventListener - Dirty checking collections
19:26:18.830 [main] DEBUG o.h.e.i.AbstractFlushingEventListener - Flushed: 1 insertions, 0 updates, 0 deletions to 1 objects
19:26:18.830 [main] DEBUG o.h.e.i.AbstractFlushingEventListener - Flushed: 0 (re)creations, 0 updates, 0 removals to 0 collections
19:26:18.830 [main] DEBUG o.h.internal.util.EntityPrinter - Listing entities:
19:26:18.830 [main] DEBUG o.h.internal.util.EntityPrinter - edu.ncsu.csc.itrust2.models.persistent.LogEntry{secondaryUser=null, logCode=5, primaryUser=logapitest, id=169, time=java.util.GregorianCalendar[time=1521660378827,areFieldsSet=true,areAllFieldsSet=true,lenient=true,zone=sun.util.calendar.ZoneInfo[id="Etc/UTC",offset=0,dstSavings=0,useDaylight=false,transitions=0,lastRule=null],firstDayOfWeek=1,minimalDaysInFirstWeek=1,ERA=1,YEAR=2018,MONTH=2,WEEK_OF_YEAR=12,WEEK_OF_MONTH=4,DAY_OF_MONTH=21,DAY_OF_YEAR=80,DAY_OF_WEEK=4,DAY_OF_WEEK_IN_MONTH=3,AM_PM=1,HOUR=7,HOUR_OF_DAY=19,MINUTE=26,SECOND=18,MILLISECOND=827,ZONE_OFFSET=0,DST_OFFSET=0], message=null}
19:26:18.831 [main] DEBUG org.hibernate.SQL - insert into LogEntries (logCode, message, primaryUser, secondaryUser, time, id) values (?, ?, ?, ?, ?, ?)
Hibernate: insert into LogEntries (logCode, message, primaryUser, secondaryUser, time, id) values (?, ?, ?, ?, ?, ?)
19:26:18.835 [main] DEBUG o.h.e.j.internal.JdbcCoordinatorImpl - HHH000420: Closing un-released batch
19:26:18.836 [main] DEBUG o.h.e.t.internal.TransactionImpl - begin
19:26:18.836 [main] DEBUG org.hibernate.SQL - select next_val as id_val from hibernate_sequence for update
Hibernate: select next_val as id_val from hibernate_sequence for update
19:26:18.837 [main] DEBUG org.hibernate.SQL - update hibernate_sequence set next_val= ? where next_val=?
Hibernate: update hibernate_sequence set next_val= ? where next_val=?
19:26:18.838 [main] DEBUG o.h.e.i.AbstractSaveEventListener - Generated identifier: 170, using strategy: org.hibernate.id.enhanced.SequenceStyleGenerator
19:26:18.838 [main] DEBUG o.h.e.t.internal.TransactionImpl - committing
19:26:18.838 [main] DEBUG o.h.e.i.AbstractFlushingEventListener - Processing flush-time cascades
19:26:18.838 [main] DEBUG o.h.e.i.AbstractFlushingEventListener - Dirty checking collections
19:26:18.838 [main] DEBUG o.h.e.i.AbstractFlushingEventListener - Flushed: 1 insertions, 0 updates, 0 deletions to 1 objects
19:26:18.838 [main] DEBUG o.h.e.i.AbstractFlushingEventListener - Flushed: 0 (re)creations, 0 updates, 0 removals to 0 collections
19:26:18.838 [main] DEBUG o.h.internal.util.EntityPrinter - Listing entities:
19:26:18.838 [main] DEBUG o.h.internal.util.EntityPrinter - edu.ncsu.csc.itrust2.models.persistent.LogEntry{secondaryUser=null, logCode=5, primaryUser=logapitest, id=170, time=java.util.GregorianCalendar[time=1521660378836,areFieldsSet=true,areAllFieldsSet=true,lenient=true,zone=sun.util.calendar.ZoneInfo[id="Etc/UTC",offset=0,dstSavings=0,useDaylight=false,transitions=0,lastRule=null],firstDayOfWeek=1,minimalDaysInFirstWeek=1,ERA=1,YEAR=2018,MONTH=2,WEEK_OF_YEAR=12,WEEK_OF_MONTH=4,DAY_OF_MONTH=21,DAY_OF_YEAR=80,DAY_OF_WEEK=4,DAY_OF_WEEK_IN_MONTH=3,AM_PM=1,HOUR=7,HOUR_OF_DAY=19,MINUTE=26,SECOND=18,MILLISECOND=836,ZONE_OFFSET=0,DST_OFFSET=0], message=null}
19:26:18.839 [main] DEBUG org.hibernate.SQL - insert into LogEntries (logCode, message, primaryUser, secondaryUser, time, id) values (?, ?, ?, ?, ?, ?)
Hibernate: insert into LogEntries (logCode, message, primaryUser, secondaryUser, time, id) values (?, ?, ?, ?, ?, ?)
19:26:18.841 [main] DEBUG o.h.e.j.internal.JdbcCoordinatorImpl - HHH000420: Closing un-released batch
19:26:18.841 [main] DEBUG o.h.e.t.internal.TransactionImpl - begin
19:26:18.842 [main] DEBUG org.hibernate.SQL - select next_val as id_val from hibernate_sequence for update
Hibernate: select next_val as id_val from hibernate_sequence for update
19:26:18.842 [main] DEBUG org.hibernate.SQL - update hibernate_sequence set next_val= ? where next_val=?
Hibernate: update hibernate_sequence set next_val= ? where next_val=?
19:26:18.844 [main] DEBUG o.h.e.i.AbstractSaveEventListener - Generated identifier: 171, using strategy: org.hibernate.id.enhanced.SequenceStyleGenerator
19:26:18.844 [main] DEBUG o.h.e.t.internal.TransactionImpl - committing
19:26:18.844 [main] DEBUG o.h.e.i.AbstractFlushingEventListener - Processing flush-time cascades
19:26:18.844 [main] DEBUG o.h.e.i.AbstractFlushingEventListener - Dirty checking collections
19:26:18.844 [main] DEBUG o.h.e.i.AbstractFlushingEventListener - Flushed: 1 insertions, 0 updates, 0 deletions to 1 objects
19:26:18.844 [main] DEBUG o.h.e.i.AbstractFlushingEventListener - Flushed: 0 (re)creations, 0 updates, 0 removals to 0 collections
19:26:18.844 [main] DEBUG o.h.internal.util.EntityPrinter - Listing entities:
19:26:18.844 [main] DEBUG o.h.internal.util.EntityPrinter - edu.ncsu.csc.itrust2.models.persistent.LogEntry{secondaryUser=null, logCode=5, primaryUser=logapitest, id=171, time=java.util.GregorianCalendar[time=1521660378841,areFieldsSet=true,areAllFieldsSet=true,lenient=true,zone=sun.util.calendar.ZoneInfo[id="Etc/UTC",offset=0,dstSavings=0,useDaylight=false,transitions=0,lastRule=null],firstDayOfWeek=1,minimalDaysInFirstWeek=1,ERA=1,YEAR=2018,MONTH=2,WEEK_OF_YEAR=12,WEEK_OF_MONTH=4,DAY_OF_MONTH=21,DAY_OF_YEAR=80,DAY_OF_WEEK=4,DAY_OF_WEEK_IN_MONTH=3,AM_PM=1,HOUR=7,HOUR_OF_DAY=19,MINUTE=26,SECOND=18,MILLISECOND=841,ZONE_OFFSET=0,DST_OFFSET=0], message=null}
19:26:18.845 [main] DEBUG org.hibernate.SQL - insert into LogEntries (logCode, message, primaryUser, secondaryUser, time, id) values (?, ?, ?, ?, ?, ?)
Hibernate: insert into LogEntries (logCode, message, primaryUser, secondaryUser, time, id) values (?, ?, ?, ?, ?, ?)
19:26:18.846 [main] DEBUG o.h.e.j.internal.JdbcCoordinatorImpl - HHH000420: Closing un-released batch
19:26:18.846 [main] DEBUG o.h.e.t.internal.TransactionImpl - begin
19:26:18.847 [main] DEBUG org.hibernate.SQL - select next_val as id_val from hibernate_sequence for update
Hibernate: select next_val as id_val from hibernate_sequence for update
19:26:18.848 [main] DEBUG org.hibernate.SQL - update hibernate_sequence set next_val= ? where next_val=?
Hibernate: update hibernate_sequence set next_val= ? where next_val=?
19:26:18.849 [main] DEBUG o.h.e.i.AbstractSaveEventListener - Generated identifier: 172, using strategy: org.hibernate.id.enhanced.SequenceStyleGenerator
19:26:18.849 [main] DEBUG o.h.e.t.internal.TransactionImpl - committing
19:26:18.849 [main] DEBUG o.h.e.i.AbstractFlushingEventListener - Processing flush-time cascades
19:26:18.849 [main] DEBUG o.h.e.i.AbstractFlushingEventListener - Dirty checking collections
19:26:18.850 [main] DEBUG o.h.e.i.AbstractFlushingEventListener - Flushed: 1 insertions, 0 updates, 0 deletions to 1 objects
19:26:18.850 [main] DEBUG o.h.e.i.AbstractFlushingEventListener - Flushed: 0 (re)creations, 0 updates, 0 removals to 0 collections
19:26:18.850 [main] DEBUG o.h.internal.util.EntityPrinter - Listing entities:
19:26:18.850 [main] DEBUG o.h.internal.util.EntityPrinter - edu.ncsu.csc.itrust2.models.persistent.LogEntry{secondaryUser=null, logCode=5, primaryUser=logapitest, id=172, time=java.util.GregorianCalendar[time=1521660378846,areFieldsSet=true,areAllFieldsSet=true,lenient=true,zone=sun.util.calendar.ZoneInfo[id="Etc/UTC",offset=0,dstSavings=0,useDaylight=false,transitions=0,lastRule=null],firstDayOfWeek=1,minimalDaysInFirstWeek=1,ERA=1,YEAR=2018,MONTH=2,WEEK_OF_YEAR=12,WEEK_OF_MONTH=4,DAY_OF_MONTH=21,DAY_OF_YEAR=80,DAY_OF_WEEK=4,DAY_OF_WEEK_IN_MONTH=3,AM_PM=1,HOUR=7,HOUR_OF_DAY=19,MINUTE=26,SECOND=18,MILLISECOND=846,ZONE_OFFSET=0,DST_OFFSET=0], message=null}
19:26:18.852 [main] DEBUG org.hibernate.SQL - insert into LogEntries (logCode, message, primaryUser, secondaryUser, time, id) values (?, ?, ?, ?, ?, ?)
Hibernate: insert into LogEntries (logCode, message, primaryUser, secondaryUser, time, id) values (?, ?, ?, ?, ?, ?)
19:26:18.853 [main] DEBUG o.h.e.j.internal.JdbcCoordinatorImpl - HHH000420: Closing un-released batch
19:26:18.854 [main] DEBUG o.h.e.t.internal.TransactionImpl - begin
19:26:18.855 [main] DEBUG org.hibernate.SQL - select next_val as id_val from hibernate_sequence for update
Hibernate: select next_val as id_val from hibernate_sequence for update
19:26:18.856 [main] DEBUG org.hibernate.SQL - update hibernate_sequence set next_val= ? where next_val=?
Hibernate: update hibernate_sequence set next_val= ? where next_val=?
19:26:18.858 [main] DEBUG o.h.e.i.AbstractSaveEventListener - Generated identifier: 173, using strategy: org.hibernate.id.enhanced.SequenceStyleGenerator
19:26:18.858 [main] DEBUG o.h.e.t.internal.TransactionImpl - committing
19:26:18.858 [main] DEBUG o.h.e.i.AbstractFlushingEventListener - Processing flush-time cascades
19:26:18.858 [main] DEBUG o.h.e.i.AbstractFlushingEventListener - Dirty checking collections
19:26:18.858 [main] DEBUG o.h.e.i.AbstractFlushingEventListener - Flushed: 1 insertions, 0 updates, 0 deletions to 1 objects
19:26:18.858 [main] DEBUG o.h.e.i.AbstractFlushingEventListener - Flushed: 0 (re)creations, 0 updates, 0 removals to 0 collections
19:26:18.863 [main] DEBUG o.h.internal.util.EntityPrinter - Listing entities:
19:26:18.863 [main] DEBUG o.h.internal.util.EntityPrinter - edu.ncsu.csc.itrust2.models.persistent.LogEntry{secondaryUser=null, logCode=5, primaryUser=logapitest, id=173, time=java.util.GregorianCalendar[time=1521660378853,areFieldsSet=true,areAllFieldsSet=true,lenient=true,zone=sun.util.calendar.ZoneInfo[id="Etc/UTC",offset=0,dstSavings=0,useDaylight=false,transitions=0,lastRule=null],firstDayOfWeek=1,minimalDaysInFirstWeek=1,ERA=1,YEAR=2018,MONTH=2,WEEK_OF_YEAR=12,WEEK_OF_MONTH=4,DAY_OF_MONTH=21,DAY_OF_YEAR=80,DAY_OF_WEEK=4,DAY_OF_WEEK_IN_MONTH=3,AM_PM=1,HOUR=7,HOUR_OF_DAY=19,MINUTE=26,SECOND=18,MILLISECOND=853,ZONE_OFFSET=0,DST_OFFSET=0], message=null}
19:26:18.864 [main] DEBUG org.hibernate.SQL - insert into LogEntries (logCode, message, primaryUser, secondaryUser, time, id) values (?, ?, ?, ?, ?, ?)
Hibernate: insert into LogEntries (logCode, message, primaryUser, secondaryUser, time, id) values (?, ?, ?, ?, ?, ?)
19:26:18.865 [main] DEBUG o.h.e.j.internal.JdbcCoordinatorImpl - HHH000420: Closing un-released batch
19:26:18.866 [main] DEBUG o.h.e.t.internal.TransactionImpl - begin
19:26:18.866 [main] DEBUG org.hibernate.SQL - select next_val as id_val from hibernate_sequence for update
Hibernate: select next_val as id_val from hibernate_sequence for update
19:26:18.867 [main] DEBUG org.hibernate.SQL - update hibernate_sequence set next_val= ? where next_val=?
Hibernate: update hibernate_sequence set next_val= ? where next_val=?
19:26:18.868 [main] DEBUG o.h.e.i.AbstractSaveEventListener - Generated identifier: 174, using strategy: org.hibernate.id.enhanced.SequenceStyleGenerator
19:26:18.868 [main] DEBUG o.h.e.t.internal.TransactionImpl - committing
19:26:18.868 [main] DEBUG o.h.e.i.AbstractFlushingEventListener - Processing flush-time cascades
19:26:18.868 [main] DEBUG o.h.e.i.AbstractFlushingEventListener - Dirty checking collections
19:26:18.868 [main] DEBUG o.h.e.i.AbstractFlushingEventListener - Flushed: 1 insertions, 0 updates, 0 deletions to 1 objects
19:26:18.868 [main] DEBUG o.h.e.i.AbstractFlushingEventListener - Flushed: 0 (re)creations, 0 updates, 0 removals to 0 collections
19:26:18.868 [main] DEBUG o.h.internal.util.EntityPrinter - Listing entities:
19:26:18.868 [main] DEBUG o.h.internal.util.EntityPrinter - edu.ncsu.csc.itrust2.models.persistent.LogEntry{secondaryUser=null, logCode=5, primaryUser=logapitest, id=174, time=java.util.GregorianCalendar[time=1521660378866,areFieldsSet=true,areAllFieldsSet=true,lenient=true,zone=sun.util.calendar.ZoneInfo[id="Etc/UTC",offset=0,dstSavings=0,useDaylight=false,transitions=0,lastRule=null],firstDayOfWeek=1,minimalDaysInFirstWeek=1,ERA=1,YEAR=2018,MONTH=2,WEEK_OF_YEAR=12,WEEK_OF_MONTH=4,DAY_OF_MONTH=21,DAY_OF_YEAR=80,DAY_OF_WEEK=4,DAY_OF_WEEK_IN_MONTH=3,AM_PM=1,HOUR=7,HOUR_OF_DAY=19,MINUTE=26,SECOND=18,MILLISECOND=866,ZONE_OFFSET=0,DST_OFFSET=0], message=null}
19:26:18.870 [main] DEBUG org.hibernate.SQL - insert into LogEntries (logCode, message, primaryUser, secondaryUser, time, id) values (?, ?, ?, ?, ?, ?)
Hibernate: insert into LogEntries (logCode, message, primaryUser, secondaryUser, time, id) values (?, ?, ?, ?, ?, ?)
19:26:18.872 [main] DEBUG o.h.e.j.internal.JdbcCoordinatorImpl - HHH000420: Closing un-released batch
19:26:18.872 [main] DEBUG o.h.e.t.internal.TransactionImpl - begin
19:26:18.873 [main] DEBUG org.hibernate.SQL - select next_val as id_val from hibernate_sequence for update
Hibernate: select next_val as id_val from hibernate_sequence for update
19:26:18.873 [main] DEBUG org.hibernate.SQL - update hibernate_sequence set next_val= ? where next_val=?
Hibernate: update hibernate_sequence set next_val= ? where next_val=?
19:26:18.874 [main] DEBUG o.h.e.i.AbstractSaveEventListener - Generated identifier: 175, using strategy: org.hibernate.id.enhanced.SequenceStyleGenerator
19:26:18.874 [main] DEBUG o.h.e.t.internal.TransactionImpl - committing
19:26:18.874 [main] DEBUG o.h.e.i.AbstractFlushingEventListener - Processing flush-time cascades
19:26:18.875 [main] DEBUG o.h.e.i.AbstractFlushingEventListener - Dirty checking collections
19:26:18.875 [main] DEBUG o.h.e.i.AbstractFlushingEventListener - Flushed: 1 insertions, 0 updates, 0 deletions to 1 objects
19:26:18.875 [main] DEBUG o.h.e.i.AbstractFlushingEventListener - Flushed: 0 (re)creations, 0 updates, 0 removals to 0 collections
19:26:18.875 [main] DEBUG o.h.internal.util.EntityPrinter - Listing entities:
19:26:18.875 [main] DEBUG o.h.internal.util.EntityPrinter - edu.ncsu.csc.itrust2.models.persistent.LogEntry{secondaryUser=null, logCode=5, primaryUser=logapitest, id=175, time=java.util.GregorianCalendar[time=1521660378872,areFieldsSet=true,areAllFieldsSet=true,lenient=true,zone=sun.util.calendar.ZoneInfo[id="Etc/UTC",offset=0,dstSavings=0,useDaylight=false,transitions=0,lastRule=null],firstDayOfWeek=1,minimalDaysInFirstWeek=1,ERA=1,YEAR=2018,MONTH=2,WEEK_OF_YEAR=12,WEEK_OF_MONTH=4,DAY_OF_MONTH=21,DAY_OF_YEAR=80,DAY_OF_WEEK=4,DAY_OF_WEEK_IN_MONTH=3,AM_PM=1,HOUR=7,HOUR_OF_DAY=19,MINUTE=26,SECOND=18,MILLISECOND=872,ZONE_OFFSET=0,DST_OFFSET=0], message=null}
19:26:18.875 [main] DEBUG org.hibernate.SQL - insert into LogEntries (logCode, message, primaryUser, secondaryUser, time, id) values (?, ?, ?, ?, ?, ?)
Hibernate: insert into LogEntries (logCode, message, primaryUser, secondaryUser, time, id) values (?, ?, ?, ?, ?, ?)
19:26:18.877 [main] DEBUG o.h.e.j.internal.JdbcCoordinatorImpl - HHH000420: Closing un-released batch
19:26:18.877 [main] DEBUG o.h.e.t.internal.TransactionImpl - begin
19:26:18.878 [main] DEBUG org.hibernate.SQL - select next_val as id_val from hibernate_sequence for update
Hibernate: select next_val as id_val from hibernate_sequence for update
19:26:18.878 [main] DEBUG org.hibernate.SQL - update hibernate_sequence set next_val= ? where next_val=?
Hibernate: update hibernate_sequence set next_val= ? where next_val=?
19:26:18.879 [main] DEBUG o.h.e.i.AbstractSaveEventListener - Generated identifier: 176, using strategy: org.hibernate.id.enhanced.SequenceStyleGenerator
19:26:18.879 [main] DEBUG o.h.e.t.internal.TransactionImpl - committing
19:26:18.879 [main] DEBUG o.h.e.i.AbstractFlushingEventListener - Processing flush-time cascades
19:26:18.880 [main] DEBUG o.h.e.i.AbstractFlushingEventListener - Dirty checking collections
19:26:18.880 [main] DEBUG o.h.e.i.AbstractFlushingEventListener - Flushed: 1 insertions, 0 updates, 0 deletions to 1 objects
19:26:18.880 [main] DEBUG o.h.e.i.AbstractFlushingEventListener - Flushed: 0 (re)creations, 0 updates, 0 removals to 0 collections
19:26:18.880 [main] DEBUG o.h.internal.util.EntityPrinter - Listing entities:
19:26:18.880 [main] DEBUG o.h.internal.util.EntityPrinter - edu.ncsu.csc.itrust2.models.persistent.LogEntry{secondaryUser=null, logCode=5, primaryUser=logapitest, id=176, time=java.util.GregorianCalendar[time=1521660378877,areFieldsSet=true,areAllFieldsSet=true,lenient=true,zone=sun.util.calendar.ZoneInfo[id="Etc/UTC",offset=0,dstSavings=0,useDaylight=false,transitions=0,lastRule=null],firstDayOfWeek=1,minimalDaysInFirstWeek=1,ERA=1,YEAR=2018,MONTH=2,WEEK_OF_YEAR=12,WEEK_OF_MONTH=4,DAY_OF_MONTH=21,DAY_OF_YEAR=80,DAY_OF_WEEK=4,DAY_OF_WEEK_IN_MONTH=3,AM_PM=1,HOUR=7,HOUR_OF_DAY=19,MINUTE=26,SECOND=18,MILLISECOND=877,ZONE_OFFSET=0,DST_OFFSET=0], message=null}
19:26:18.881 [main] DEBUG org.hibernate.SQL - insert into LogEntries (logCode, message, primaryUser, secondaryUser, time, id) values (?, ?, ?, ?, ?, ?)
Hibernate: insert into LogEntries (logCode, message, primaryUser, secondaryUser, time, id) values (?, ?, ?, ?, ?, ?)
19:26:18.884 [main] DEBUG o.h.e.j.internal.JdbcCoordinatorImpl - HHH000420: Closing un-released batch
19:26:18.884 [main] DEBUG o.h.e.t.internal.TransactionImpl - begin
19:26:18.885 [main] DEBUG org.hibernate.SQL - select next_val as id_val from hibernate_sequence for update
Hibernate: select next_val as id_val from hibernate_sequence for update
19:26:18.886 [main] DEBUG org.hibernate.SQL - update hibernate_sequence set next_val= ? where next_val=?
Hibernate: update hibernate_sequence set next_val= ? where next_val=?
19:26:18.889 [main] DEBUG o.h.e.i.AbstractSaveEventListener - Generated identifier: 177, using strategy: org.hibernate.id.enhanced.SequenceStyleGenerator
19:26:18.889 [main] DEBUG o.h.e.t.internal.TransactionImpl - committing
19:26:18.889 [main] DEBUG o.h.e.i.AbstractFlushingEventListener - Processing flush-time cascades
19:26:18.889 [main] DEBUG o.h.e.i.AbstractFlushingEventListener - Dirty checking collections
19:26:18.889 [main] DEBUG o.h.e.i.AbstractFlushingEventListener - Flushed: 1 insertions, 0 updates, 0 deletions to 1 objects
19:26:18.890 [main] DEBUG o.h.e.i.AbstractFlushingEventListener - Flushed: 0 (re)creations, 0 updates, 0 removals to 0 collections
19:26:18.890 [main] DEBUG o.h.internal.util.EntityPrinter - Listing entities:
19:26:18.890 [main] DEBUG o.h.internal.util.EntityPrinter - edu.ncsu.csc.itrust2.models.persistent.LogEntry{secondaryUser=null, logCode=5, primaryUser=logapitest, id=177, time=java.util.GregorianCalendar[time=1521660378884,areFieldsSet=true,areAllFieldsSet=true,lenient=true,zone=sun.util.calendar.ZoneInfo[id="Etc/UTC",offset=0,dstSavings=0,useDaylight=false,transitions=0,lastRule=null],firstDayOfWeek=1,minimalDaysInFirstWeek=1,ERA=1,YEAR=2018,MONTH=2,WEEK_OF_YEAR=12,WEEK_OF_MONTH=4,DAY_OF_MONTH=21,DAY_OF_YEAR=80,DAY_OF_WEEK=4,DAY_OF_WEEK_IN_MONTH=3,AM_PM=1,HOUR=7,HOUR_OF_DAY=19,MINUTE=26,SECOND=18,MILLISECOND=884,ZONE_OFFSET=0,DST_OFFSET=0], message=null}
19:26:18.890 [main] DEBUG org.hibernate.SQL - insert into LogEntries (logCode, message, primaryUser, secondaryUser, time, id) values (?, ?, ?, ?, ?, ?)
Hibernate: insert into LogEntries (logCode, message, primaryUser, secondaryUser, time, id) values (?, ?, ?, ?, ?, ?)
19:26:18.891 [main] DEBUG o.h.e.j.internal.JdbcCoordinatorImpl - HHH000420: Closing un-released batch
19:26:18.892 [main] DEBUG o.h.e.t.internal.TransactionImpl - begin
19:26:18.892 [main] DEBUG org.hibernate.SQL - select next_val as id_val from hibernate_sequence for update
Hibernate: select next_val as id_val from hibernate_sequence for update
19:26:18.893 [main] DEBUG org.hibernate.SQL - update hibernate_sequence set next_val= ? where next_val=?
Hibernate: update hibernate_sequence set next_val= ? where next_val=?
19:26:18.893 [main] DEBUG o.h.e.i.AbstractSaveEventListener - Generated identifier: 178, using strategy: org.hibernate.id.enhanced.SequenceStyleGenerator
19:26:18.894 [main] DEBUG o.h.e.t.internal.TransactionImpl - committing
19:26:18.894 [main] DEBUG o.h.e.i.AbstractFlushingEventListener - Processing flush-time cascades
19:26:18.894 [main] DEBUG o.h.e.i.AbstractFlushingEventListener - Dirty checking collections
19:26:18.894 [main] DEBUG o.h.e.i.AbstractFlushingEventListener - Flushed: 1 insertions, 0 updates, 0 deletions to 1 objects
19:26:18.894 [main] DEBUG o.h.e.i.AbstractFlushingEventListener - Flushed: 0 (re)creations, 0 updates, 0 removals to 0 collections
19:26:18.894 [main] DEBUG o.h.internal.util.EntityPrinter - Listing entities:
19:26:18.894 [main] DEBUG o.h.internal.util.EntityPrinter - edu.ncsu.csc.itrust2.models.persistent.LogEntry{secondaryUser=null, logCode=5, primaryUser=logapitest, id=178, time=java.util.GregorianCalendar[time=1521660378892,areFieldsSet=true,areAllFieldsSet=true,lenient=true,zone=sun.util.calendar.ZoneInfo[id="Etc/UTC",offset=0,dstSavings=0,useDaylight=false,transitions=0,lastRule=null],firstDayOfWeek=1,minimalDaysInFirstWeek=1,ERA=1,YEAR=2018,MONTH=2,WEEK_OF_YEAR=12,WEEK_OF_MONTH=4,DAY_OF_MONTH=21,DAY_OF_YEAR=80,DAY_OF_WEEK=4,DAY_OF_WEEK_IN_MONTH=3,AM_PM=1,HOUR=7,HOUR_OF_DAY=19,MINUTE=26,SECOND=18,MILLISECOND=892,ZONE_OFFSET=0,DST_OFFSET=0], message=null}
19:26:18.895 [main] DEBUG org.hibernate.SQL - insert into LogEntries (logCode, message, primaryUser, secondaryUser, time, id) values (?, ?, ?, ?, ?, ?)
Hibernate: insert into LogEntries (logCode, message, primaryUser, secondaryUser, time, id) values (?, ?, ?, ?, ?, ?)
19:26:18.896 [main] DEBUG o.h.e.j.internal.JdbcCoordinatorImpl - HHH000420: Closing un-released batch
19:26:18.897 [main] DEBUG o.h.e.t.internal.TransactionImpl - begin
19:26:18.897 [main] DEBUG org.hibernate.SQL - select next_val as id_val from hibernate_sequence for update
Hibernate: select next_val as id_val from hibernate_sequence for update
19:26:18.898 [main] DEBUG org.hibernate.SQL - update hibernate_sequence set next_val= ? where next_val=?
Hibernate: update hibernate_sequence set next_val= ? where next_val=?
19:26:18.900 [main] DEBUG o.h.e.i.AbstractSaveEventListener - Generated identifier: 179, using strategy: org.hibernate.id.enhanced.SequenceStyleGenerator
19:26:18.900 [main] DEBUG o.h.e.t.internal.TransactionImpl - committing
19:26:18.900 [main] DEBUG o.h.e.i.AbstractFlushingEventListener - Processing flush-time cascades
19:26:18.900 [main] DEBUG o.h.e.i.AbstractFlushingEventListener - Dirty checking collections
19:26:18.901 [main] DEBUG o.h.e.i.AbstractFlushingEventListener - Flushed: 1 insertions, 0 updates, 0 deletions to 1 objects
19:26:18.901 [main] DEBUG o.h.e.i.AbstractFlushingEventListener - Flushed: 0 (re)creations, 0 updates, 0 removals to 0 collections
19:26:18.901 [main] DEBUG o.h.internal.util.EntityPrinter - Listing entities:
19:26:18.901 [main] DEBUG o.h.internal.util.EntityPrinter - edu.ncsu.csc.itrust2.models.persistent.LogEntry{secondaryUser=null, logCode=5, primaryUser=logapitest, id=179, time=java.util.GregorianCalendar[time=1521660378896,areFieldsSet=true,areAllFieldsSet=true,lenient=true,zone=sun.util.calendar.ZoneInfo[id="Etc/UTC",offset=0,dstSavings=0,useDaylight=false,transitions=0,lastRule=null],firstDayOfWeek=1,minimalDaysInFirstWeek=1,ERA=1,YEAR=2018,MONTH=2,WEEK_OF_YEAR=12,WEEK_OF_MONTH=4,DAY_OF_MONTH=21,DAY_OF_YEAR=80,DAY_OF_WEEK=4,DAY_OF_WEEK_IN_MONTH=3,AM_PM=1,HOUR=7,HOUR_OF_DAY=19,MINUTE=26,SECOND=18,MILLISECOND=896,ZONE_OFFSET=0,DST_OFFSET=0], message=null}
19:26:18.901 [main] DEBUG org.hibernate.SQL - insert into LogEntries (logCode, message, primaryUser, secondaryUser, time, id) values (?, ?, ?, ?, ?, ?)
Hibernate: insert into LogEntries (logCode, message, primaryUser, secondaryUser, time, id) values (?, ?, ?, ?, ?, ?)
19:26:18.904 [main] DEBUG o.h.e.j.internal.JdbcCoordinatorImpl - HHH000420: Closing un-released batch
19:26:18.905 [main] DEBUG o.h.e.t.internal.TransactionImpl - begin
19:26:18.905 [main] DEBUG org.hibernate.SQL - select next_val as id_val from hibernate_sequence for update
Hibernate: select next_val as id_val from hibernate_sequence for update
19:26:18.906 [main] DEBUG org.hibernate.SQL - update hibernate_sequence set next_val= ? where next_val=?
Hibernate: update hibernate_sequence set next_val= ? where next_val=?
19:26:18.906 [main] DEBUG o.h.e.i.AbstractSaveEventListener - Generated identifier: 180, using strategy: org.hibernate.id.enhanced.SequenceStyleGenerator
19:26:18.907 [main] DEBUG o.h.e.t.internal.TransactionImpl - committing
19:26:18.907 [main] DEBUG o.h.e.i.AbstractFlushingEventListener - Processing flush-time cascades
19:26:18.907 [main] DEBUG o.h.e.i.AbstractFlushingEventListener - Dirty checking collections
19:26:18.907 [main] DEBUG o.h.e.i.AbstractFlushingEventListener - Flushed: 1 insertions, 0 updates, 0 deletions to 1 objects
19:26:18.912 [main] DEBUG o.h.e.i.AbstractFlushingEventListener - Flushed: 0 (re)creations, 0 updates, 0 removals to 0 collections
19:26:18.912 [main] DEBUG o.h.internal.util.EntityPrinter - Listing entities:
19:26:18.912 [main] DEBUG o.h.internal.util.EntityPrinter - edu.ncsu.csc.itrust2.models.persistent.LogEntry{secondaryUser=null, logCode=5, primaryUser=logapitest, id=180, time=java.util.GregorianCalendar[time=1521660378905,areFieldsSet=true,areAllFieldsSet=true,lenient=true,zone=sun.util.calendar.ZoneInfo[id="Etc/UTC",offset=0,dstSavings=0,useDaylight=false,transitions=0,lastRule=null],firstDayOfWeek=1,minimalDaysInFirstWeek=1,ERA=1,YEAR=2018,MONTH=2,WEEK_OF_YEAR=12,WEEK_OF_MONTH=4,DAY_OF_MONTH=21,DAY_OF_YEAR=80,DAY_OF_WEEK=4,DAY_OF_WEEK_IN_MONTH=3,AM_PM=1,HOUR=7,HOUR_OF_DAY=19,MINUTE=26,SECOND=18,MILLISECOND=905,ZONE_OFFSET=0,DST_OFFSET=0], message=null}
19:26:18.912 [main] DEBUG org.hibernate.SQL - insert into LogEntries (logCode, message, primaryUser, secondaryUser, time, id) values (?, ?, ?, ?, ?, ?)
Hibernate: insert into LogEntries (logCode, message, primaryUser, secondaryUser, time, id) values (?, ?, ?, ?, ?, ?)
19:26:18.921 [main] DEBUG o.h.e.j.internal.JdbcCoordinatorImpl - HHH000420: Closing un-released batch
19:26:18.922 [main] DEBUG o.h.e.t.internal.TransactionImpl - begin
19:26:18.923 [main] DEBUG org.hibernate.SQL - select next_val as id_val from hibernate_sequence for update
Hibernate: select next_val as id_val from hibernate_sequence for update
19:26:18.923 [main] DEBUG org.hibernate.SQL - update hibernate_sequence set next_val= ? where next_val=?
Hibernate: update hibernate_sequence set next_val= ? where next_val=?
19:26:18.925 [main] DEBUG o.h.e.i.AbstractSaveEventListener - Generated identifier: 181, using strategy: org.hibernate.id.enhanced.SequenceStyleGenerator
19:26:18.926 [main] DEBUG o.h.e.t.internal.TransactionImpl - committing
19:26:18.926 [main] DEBUG o.h.e.i.AbstractFlushingEventListener - Processing flush-time cascades
19:26:18.926 [main] DEBUG o.h.e.i.AbstractFlushingEventListener - Dirty checking collections
19:26:18.927 [main] DEBUG o.h.e.i.AbstractFlushingEventListener - Flushed: 1 insertions, 0 updates, 0 deletions to 1 objects
19:26:18.927 [main] DEBUG o.h.e.i.AbstractFlushingEventListener - Flushed: 0 (re)creations, 0 updates, 0 removals to 0 collections
19:26:18.927 [main] DEBUG o.h.internal.util.EntityPrinter - Listing entities:
19:26:18.927 [main] DEBUG o.h.internal.util.EntityPrinter - edu.ncsu.csc.itrust2.models.persistent.LogEntry{secondaryUser=null, logCode=5, primaryUser=logapitest, id=181, time=java.util.GregorianCalendar[time=1521660378922,areFieldsSet=true,areAllFieldsSet=true,lenient=true,zone=sun.util.calendar.ZoneInfo[id="Etc/UTC",offset=0,dstSavings=0,useDaylight=false,transitions=0,lastRule=null],firstDayOfWeek=1,minimalDaysInFirstWeek=1,ERA=1,YEAR=2018,MONTH=2,WEEK_OF_YEAR=12,WEEK_OF_MONTH=4,DAY_OF_MONTH=21,DAY_OF_YEAR=80,DAY_OF_WEEK=4,DAY_OF_WEEK_IN_MONTH=3,AM_PM=1,HOUR=7,HOUR_OF_DAY=19,MINUTE=26,SECOND=18,MILLISECOND=922,ZONE_OFFSET=0,DST_OFFSET=0], message=null}
19:26:18.928 [main] DEBUG org.hibernate.SQL - insert into LogEntries (logCode, message, primaryUser, secondaryUser, time, id) values (?, ?, ?, ?, ?, ?)
Hibernate: insert into LogEntries (logCode, message, primaryUser, secondaryUser, time, id) values (?, ?, ?, ?, ?, ?)
19:26:18.931 [main] DEBUG o.h.e.j.internal.JdbcCoordinatorImpl - HHH000420: Closing un-released batch
19:26:18.931 [main] DEBUG o.h.e.t.internal.TransactionImpl - begin
19:26:18.932 [main] DEBUG org.hibernate.SQL - select next_val as id_val from hibernate_sequence for update
Hibernate: select next_val as id_val from hibernate_sequence for update
19:26:18.933 [main] DEBUG org.hibernate.SQL - update hibernate_sequence set next_val= ? where next_val=?
Hibernate: update hibernate_sequence set next_val= ? where next_val=?
19:26:18.935 [main] DEBUG o.h.e.i.AbstractSaveEventListener - Generated identifier: 182, using strategy: org.hibernate.id.enhanced.SequenceStyleGenerator
19:26:18.936 [main] DEBUG o.h.e.t.internal.TransactionImpl - committing
19:26:18.937 [main] DEBUG o.h.e.i.AbstractFlushingEventListener - Processing flush-time cascades
19:26:18.937 [main] DEBUG o.h.e.i.AbstractFlushingEventListener - Dirty checking collections
19:26:18.937 [main] DEBUG o.h.e.i.AbstractFlushingEventListener - Flushed: 1 insertions, 0 updates, 0 deletions to 1 objects
19:26:18.937 [main] DEBUG o.h.e.i.AbstractFlushingEventListener - Flushed: 0 (re)creations, 0 updates, 0 removals to 0 collections
19:26:18.937 [main] DEBUG o.h.internal.util.EntityPrinter - Listing entities:
19:26:18.937 [main] DEBUG o.h.internal.util.EntityPrinter - edu.ncsu.csc.itrust2.models.persistent.LogEntry{secondaryUser=null, logCode=5, primaryUser=logapitest, id=182, time=java.util.GregorianCalendar[time=1521660378931,areFieldsSet=true,areAllFieldsSet=true,lenient=true,zone=sun.util.calendar.ZoneInfo[id="Etc/UTC",offset=0,dstSavings=0,useDaylight=false,transitions=0,lastRule=null],firstDayOfWeek=1,minimalDaysInFirstWeek=1,ERA=1,YEAR=2018,MONTH=2,WEEK_OF_YEAR=12,WEEK_OF_MONTH=4,DAY_OF_MONTH=21,DAY_OF_YEAR=80,DAY_OF_WEEK=4,DAY_OF_WEEK_IN_MONTH=3,AM_PM=1,HOUR=7,HOUR_OF_DAY=19,MINUTE=26,SECOND=18,MILLISECOND=931,ZONE_OFFSET=0,DST_OFFSET=0], message=null}
19:26:18.938 [main] DEBUG org.hibernate.SQL - insert into LogEntries (logCode, message, primaryUser, secondaryUser, time, id) values (?, ?, ?, ?, ?, ?)
Hibernate: insert into LogEntries (logCode, message, primaryUser, secondaryUser, time, id) values (?, ?, ?, ?, ?, ?)
19:26:18.942 [main] DEBUG o.h.e.j.internal.JdbcCoordinatorImpl - HHH000420: Closing un-released batch
19:26:18.942 [main] DEBUG o.h.e.t.internal.TransactionImpl - begin
19:26:18.943 [main] DEBUG org.hibernate.SQL - select next_val as id_val from hibernate_sequence for update
Hibernate: select next_val as id_val from hibernate_sequence for update
19:26:18.943 [main] DEBUG org.hibernate.SQL - update hibernate_sequence set next_val= ? where next_val=?
Hibernate: update hibernate_sequence set next_val= ? where next_val=?
19:26:18.946 [main] DEBUG o.h.e.i.AbstractSaveEventListener - Generated identifier: 183, using strategy: org.hibernate.id.enhanced.SequenceStyleGenerator
19:26:18.946 [main] DEBUG o.h.e.t.internal.TransactionImpl - committing
19:26:18.946 [main] DEBUG o.h.e.i.AbstractFlushingEventListener - Processing flush-time cascades
19:26:18.946 [main] DEBUG o.h.e.i.AbstractFlushingEventListener - Dirty checking collections
19:26:18.946 [main] DEBUG o.h.e.i.AbstractFlushingEventListener - Flushed: 1 insertions, 0 updates, 0 deletions to 1 objects
19:26:18.946 [main] DEBUG o.h.e.i.AbstractFlushingEventListener - Flushed: 0 (re)creations, 0 updates, 0 removals to 0 collections
19:26:18.946 [main] DEBUG o.h.internal.util.EntityPrinter - Listing entities:
19:26:18.947 [main] DEBUG o.h.internal.util.EntityPrinter - edu.ncsu.csc.itrust2.models.persistent.LogEntry{secondaryUser=null, logCode=5, primaryUser=logapitest, id=183, time=java.util.GregorianCalendar[time=1521660378942,areFieldsSet=true,areAllFieldsSet=true,lenient=true,zone=sun.util.calendar.ZoneInfo[id="Etc/UTC",offset=0,dstSavings=0,useDaylight=false,transitions=0,lastRule=null],firstDayOfWeek=1,minimalDaysInFirstWeek=1,ERA=1,YEAR=2018,MONTH=2,WEEK_OF_YEAR=12,WEEK_OF_MONTH=4,DAY_OF_MONTH=21,DAY_OF_YEAR=80,DAY_OF_WEEK=4,DAY_OF_WEEK_IN_MONTH=3,AM_PM=1,HOUR=7,HOUR_OF_DAY=19,MINUTE=26,SECOND=18,MILLISECOND=942,ZONE_OFFSET=0,DST_OFFSET=0], message=null}
19:26:18.948 [main] DEBUG org.hibernate.SQL - insert into LogEntries (logCode, message, primaryUser, secondaryUser, time, id) values (?, ?, ?, ?, ?, ?)
Hibernate: insert into LogEntries (logCode, message, primaryUser, secondaryUser, time, id) values (?, ?, ?, ?, ?, ?)
19:26:18.952 [main] DEBUG o.h.e.j.internal.JdbcCoordinatorImpl - HHH000420: Closing un-released batch
19:26:18.952 [main] DEBUG o.h.e.t.internal.TransactionImpl - begin
19:26:18.955 [main] DEBUG org.hibernate.SQL - select next_val as id_val from hibernate_sequence for update
Hibernate: select next_val as id_val from hibernate_sequence for update
19:26:18.955 [main] DEBUG org.hibernate.SQL - update hibernate_sequence set next_val= ? where next_val=?
Hibernate: update hibernate_sequence set next_val= ? where next_val=?
19:26:18.956 [main] DEBUG o.h.e.i.AbstractSaveEventListener - Generated identifier: 184, using strategy: org.hibernate.id.enhanced.SequenceStyleGenerator
19:26:18.957 [main] DEBUG o.h.e.t.internal.TransactionImpl - committing
19:26:18.957 [main] DEBUG o.h.e.i.AbstractFlushingEventListener - Processing flush-time cascades
19:26:18.957 [main] DEBUG o.h.e.i.AbstractFlushingEventListener - Dirty checking collections
19:26:18.957 [main] DEBUG o.h.e.i.AbstractFlushingEventListener - Flushed: 1 insertions, 0 updates, 0 deletions to 1 objects
19:26:18.957 [main] DEBUG o.h.e.i.AbstractFlushingEventListener - Flushed: 0 (re)creations, 0 updates, 0 removals to 0 collections
19:26:18.957 [main] DEBUG o.h.internal.util.EntityPrinter - Listing entities:
19:26:18.958 [main] DEBUG o.h.internal.util.EntityPrinter - edu.ncsu.csc.itrust2.models.persistent.LogEntry{secondaryUser=null, logCode=5, primaryUser=logapitest, id=184, time=java.util.GregorianCalendar[time=1521660378952,areFieldsSet=true,areAllFieldsSet=true,lenient=true,zone=sun.util.calendar.ZoneInfo[id="Etc/UTC",offset=0,dstSavings=0,useDaylight=false,transitions=0,lastRule=null],firstDayOfWeek=1,minimalDaysInFirstWeek=1,ERA=1,YEAR=2018,MONTH=2,WEEK_OF_YEAR=12,WEEK_OF_MONTH=4,DAY_OF_MONTH=21,DAY_OF_YEAR=80,DAY_OF_WEEK=4,DAY_OF_WEEK_IN_MONTH=3,AM_PM=1,HOUR=7,HOUR_OF_DAY=19,MINUTE=26,SECOND=18,MILLISECOND=952,ZONE_OFFSET=0,DST_OFFSET=0], message=null}
19:26:18.958 [main] DEBUG org.hibernate.SQL - insert into LogEntries (logCode, message, primaryUser, secondaryUser, time, id) values (?, ?, ?, ?, ?, ?)
Hibernate: insert into LogEntries (logCode, message, primaryUser, secondaryUser, time, id) values (?, ?, ?, ?, ?, ?)
19:26:18.959 [main] DEBUG o.h.e.j.internal.JdbcCoordinatorImpl - HHH000420: Closing un-released batch
19:26:18.959 [main] DEBUG o.h.e.t.internal.TransactionImpl - begin
19:26:18.964 [main] DEBUG org.hibernate.SQL - select next_val as id_val from hibernate_sequence for update
Hibernate: select next_val as id_val from hibernate_sequence for update
19:26:18.964 [main] DEBUG org.hibernate.SQL - update hibernate_sequence set next_val= ? where next_val=?
Hibernate: update hibernate_sequence set next_val= ? where next_val=?
19:26:18.965 [main] DEBUG o.h.e.i.AbstractSaveEventListener - Generated identifier: 185, using strategy: org.hibernate.id.enhanced.SequenceStyleGenerator
19:26:18.965 [main] DEBUG o.h.e.t.internal.TransactionImpl - committing
19:26:18.965 [main] DEBUG o.h.e.i.AbstractFlushingEventListener - Processing flush-time cascades
19:26:18.966 [main] DEBUG o.h.e.i.AbstractFlushingEventListener - Dirty checking collections
19:26:18.966 [main] DEBUG o.h.e.i.AbstractFlushingEventListener - Flushed: 1 insertions, 0 updates, 0 deletions to 1 objects
19:26:18.966 [main] DEBUG o.h.e.i.AbstractFlushingEventListener - Flushed: 0 (re)creations, 0 updates, 0 removals to 0 collections
19:26:18.966 [main] DEBUG o.h.internal.util.EntityPrinter - Listing entities:
19:26:18.966 [main] DEBUG o.h.internal.util.EntityPrinter - edu.ncsu.csc.itrust2.models.persistent.LogEntry{secondaryUser=null, logCode=5, primaryUser=logapitest, id=185, time=java.util.GregorianCalendar[time=1521660378959,areFieldsSet=true,areAllFieldsSet=true,lenient=true,zone=sun.util.calendar.ZoneInfo[id="Etc/UTC",offset=0,dstSavings=0,useDaylight=false,transitions=0,lastRule=null],firstDayOfWeek=1,minimalDaysInFirstWeek=1,ERA=1,YEAR=2018,MONTH=2,WEEK_OF_YEAR=12,WEEK_OF_MONTH=4,DAY_OF_MONTH=21,DAY_OF_YEAR=80,DAY_OF_WEEK=4,DAY_OF_WEEK_IN_MONTH=3,AM_PM=1,HOUR=7,HOUR_OF_DAY=19,MINUTE=26,SECOND=18,MILLISECOND=959,ZONE_OFFSET=0,DST_OFFSET=0], message=null}
19:26:18.966 [main] DEBUG org.hibernate.SQL - insert into LogEntries (logCode, message, primaryUser, secondaryUser, time, id) values (?, ?, ?, ?, ?, ?)
Hibernate: insert into LogEntries (logCode, message, primaryUser, secondaryUser, time, id) values (?, ?, ?, ?, ?, ?)
19:26:18.968 [main] DEBUG o.h.e.j.internal.JdbcCoordinatorImpl - HHH000420: Closing un-released batch
19:26:18.969 [main] DEBUG o.h.e.t.internal.TransactionImpl - begin
19:26:18.969 [main] DEBUG org.hibernate.SQL - select next_val as id_val from hibernate_sequence for update
Hibernate: select next_val as id_val from hibernate_sequence for update
19:26:18.970 [main] DEBUG org.hibernate.SQL - update hibernate_sequence set next_val= ? where next_val=?
Hibernate: update hibernate_sequence set next_val= ? where next_val=?
19:26:18.971 [main] DEBUG o.h.e.i.AbstractSaveEventListener - Generated identifier: 186, using strategy: org.hibernate.id.enhanced.SequenceStyleGenerator
19:26:18.971 [main] DEBUG o.h.e.t.internal.TransactionImpl - committing
19:26:18.971 [main] DEBUG o.h.e.i.AbstractFlushingEventListener - Processing flush-time cascades
19:26:18.971 [main] DEBUG o.h.e.i.AbstractFlushingEventListener - Dirty checking collections
19:26:18.971 [main] DEBUG o.h.e.i.AbstractFlushingEventListener - Flushed: 1 insertions, 0 updates, 0 deletions to 1 objects
19:26:18.971 [main] DEBUG o.h.e.i.AbstractFlushingEventListener - Flushed: 0 (re)creations, 0 updates, 0 removals to 0 collections
19:26:18.972 [main] DEBUG o.h.internal.util.EntityPrinter - Listing entities:
19:26:18.972 [main] DEBUG o.h.internal.util.EntityPrinter - edu.ncsu.csc.itrust2.models.persistent.LogEntry{secondaryUser=null, logCode=5, primaryUser=logapitest, id=186, time=java.util.GregorianCalendar[time=1521660378968,areFieldsSet=true,areAllFieldsSet=true,lenient=true,zone=sun.util.calendar.ZoneInfo[id="Etc/UTC",offset=0,dstSavings=0,useDaylight=false,transitions=0,lastRule=null],firstDayOfWeek=1,minimalDaysInFirstWeek=1,ERA=1,YEAR=2018,MONTH=2,WEEK_OF_YEAR=12,WEEK_OF_MONTH=4,DAY_OF_MONTH=21,DAY_OF_YEAR=80,DAY_OF_WEEK=4,DAY_OF_WEEK_IN_MONTH=3,AM_PM=1,HOUR=7,HOUR_OF_DAY=19,MINUTE=26,SECOND=18,MILLISECOND=968,ZONE_OFFSET=0,DST_OFFSET=0], message=null}
19:26:18.972 [main] DEBUG org.hibernate.SQL - insert into LogEntries (logCode, message, primaryUser, secondaryUser, time, id) values (?, ?, ?, ?, ?, ?)
Hibernate: insert into LogEntries (logCode, message, primaryUser, secondaryUser, time, id) values (?, ?, ?, ?, ?, ?)
19:26:18.973 [main] DEBUG o.h.e.j.internal.JdbcCoordinatorImpl - HHH000420: Closing un-released batch
19:26:18.974 [main] DEBUG o.h.e.t.internal.TransactionImpl - begin
19:26:18.974 [main] DEBUG org.hibernate.SQL - select next_val as id_val from hibernate_sequence for update
Hibernate: select next_val as id_val from hibernate_sequence for update
19:26:18.975 [main] DEBUG org.hibernate.SQL - update hibernate_sequence set next_val= ? where next_val=?
Hibernate: update hibernate_sequence set next_val= ? where next_val=?
19:26:18.976 [main] DEBUG o.h.e.i.AbstractSaveEventListener - Generated identifier: 187, using strategy: org.hibernate.id.enhanced.SequenceStyleGenerator
19:26:18.976 [main] DEBUG o.h.e.t.internal.TransactionImpl - committing
19:26:18.976 [main] DEBUG o.h.e.i.AbstractFlushingEventListener - Processing flush-time cascades
19:26:18.976 [main] DEBUG o.h.e.i.AbstractFlushingEventListener - Dirty checking collections
19:26:18.976 [main] DEBUG o.h.e.i.AbstractFlushingEventListener - Flushed: 1 insertions, 0 updates, 0 deletions to 1 objects
19:26:18.976 [main] DEBUG o.h.e.i.AbstractFlushingEventListener - Flushed: 0 (re)creations, 0 updates, 0 removals to 0 collections
19:26:18.977 [main] DEBUG o.h.internal.util.EntityPrinter - Listing entities:
19:26:18.977 [main] DEBUG o.h.internal.util.EntityPrinter - edu.ncsu.csc.itrust2.models.persistent.LogEntry{secondaryUser=null, logCode=5, primaryUser=logapitest, id=187, time=java.util.GregorianCalendar[time=1521660378974,areFieldsSet=true,areAllFieldsSet=true,lenient=true,zone=sun.util.calendar.ZoneInfo[id="Etc/UTC",offset=0,dstSavings=0,useDaylight=false,transitions=0,lastRule=null],firstDayOfWeek=1,minimalDaysInFirstWeek=1,ERA=1,YEAR=2018,MONTH=2,WEEK_OF_YEAR=12,WEEK_OF_MONTH=4,DAY_OF_MONTH=21,DAY_OF_YEAR=80,DAY_OF_WEEK=4,DAY_OF_WEEK_IN_MONTH=3,AM_PM=1,HOUR=7,HOUR_OF_DAY=19,MINUTE=26,SECOND=18,MILLISECOND=974,ZONE_OFFSET=0,DST_OFFSET=0], message=null}
19:26:18.977 [main] DEBUG org.hibernate.SQL - insert into LogEntries (logCode, message, primaryUser, secondaryUser, time, id) values (?, ?, ?, ?, ?, ?)
Hibernate: insert into LogEntries (logCode, message, primaryUser, secondaryUser, time, id) values (?, ?, ?, ?, ?, ?)
19:26:18.979 [main] DEBUG o.h.e.j.internal.JdbcCoordinatorImpl - HHH000420: Closing un-released batch
19:26:18.979 [main] DEBUG o.h.e.t.internal.TransactionImpl - begin
19:26:18.980 [main] DEBUG org.hibernate.SQL - select next_val as id_val from hibernate_sequence for update
Hibernate: select next_val as id_val from hibernate_sequence for update
19:26:18.980 [main] DEBUG org.hibernate.SQL - update hibernate_sequence set next_val= ? where next_val=?
Hibernate: update hibernate_sequence set next_val= ? where next_val=?
19:26:18.986 [main] DEBUG o.h.e.i.AbstractSaveEventListener - Generated identifier: 188, using strategy: org.hibernate.id.enhanced.SequenceStyleGenerator
19:26:18.986 [main] DEBUG o.h.e.t.internal.TransactionImpl - committing
19:26:18.986 [main] DEBUG o.h.e.i.AbstractFlushingEventListener - Processing flush-time cascades
19:26:18.986 [main] DEBUG o.h.e.i.AbstractFlushingEventListener - Dirty checking collections
19:26:18.987 [main] DEBUG o.h.e.i.AbstractFlushingEventListener - Flushed: 1 insertions, 0 updates, 0 deletions to 1 objects
19:26:18.987 [main] DEBUG o.h.e.i.AbstractFlushingEventListener - Flushed: 0 (re)creations, 0 updates, 0 removals to 0 collections
19:26:18.987 [main] DEBUG o.h.internal.util.EntityPrinter - Listing entities:
19:26:18.987 [main] DEBUG o.h.internal.util.EntityPrinter - edu.ncsu.csc.itrust2.models.persistent.LogEntry{secondaryUser=null, logCode=5, primaryUser=logapitest, id=188, time=java.util.GregorianCalendar[time=1521660378979,areFieldsSet=true,areAllFieldsSet=true,lenient=true,zone=sun.util.calendar.ZoneInfo[id="Etc/UTC",offset=0,dstSavings=0,useDaylight=false,transitions=0,lastRule=null],firstDayOfWeek=1,minimalDaysInFirstWeek=1,ERA=1,YEAR=2018,MONTH=2,WEEK_OF_YEAR=12,WEEK_OF_MONTH=4,DAY_OF_MONTH=21,DAY_OF_YEAR=80,DAY_OF_WEEK=4,DAY_OF_WEEK_IN_MONTH=3,AM_PM=1,HOUR=7,HOUR_OF_DAY=19,MINUTE=26,SECOND=18,MILLISECOND=979,ZONE_OFFSET=0,DST_OFFSET=0], message=null}
19:26:18.987 [main] DEBUG org.hibernate.SQL - insert into LogEntries (logCode, message, primaryUser, secondaryUser, time, id) values (?, ?, ?, ?, ?, ?)
Hibernate: insert into LogEntries (logCode, message, primaryUser, secondaryUser, time, id) values (?, ?, ?, ?, ?, ?)
19:26:18.989 [main] DEBUG o.h.e.j.internal.JdbcCoordinatorImpl - HHH000420: Closing un-released batch
19:26:18.990 [main] DEBUG o.h.e.t.internal.TransactionImpl - begin
19:26:18.990 [main] DEBUG org.hibernate.SQL - select next_val as id_val from hibernate_sequence for update
Hibernate: select next_val as id_val from hibernate_sequence for update
19:26:18.991 [main] DEBUG org.hibernate.SQL - update hibernate_sequence set next_val= ? where next_val=?
Hibernate: update hibernate_sequence set next_val= ? where next_val=?
19:26:18.992 [main] DEBUG o.h.e.i.AbstractSaveEventListener - Generated identifier: 189, using strategy: org.hibernate.id.enhanced.SequenceStyleGenerator
19:26:18.992 [main] DEBUG o.h.e.t.internal.TransactionImpl - committing
19:26:18.992 [main] DEBUG o.h.e.i.AbstractFlushingEventListener - Processing flush-time cascades
19:26:18.992 [main] DEBUG o.h.e.i.AbstractFlushingEventListener - Dirty checking collections
19:26:18.992 [main] DEBUG o.h.e.i.AbstractFlushingEventListener - Flushed: 1 insertions, 0 updates, 0 deletions to 1 objects
19:26:18.992 [main] DEBUG o.h.e.i.AbstractFlushingEventListener - Flushed: 0 (re)creations, 0 updates, 0 removals to 0 collections
19:26:18.992 [main] DEBUG o.h.internal.util.EntityPrinter - Listing entities:
19:26:18.993 [main] DEBUG o.h.internal.util.EntityPrinter - edu.ncsu.csc.itrust2.models.persistent.LogEntry{secondaryUser=null, logCode=5, primaryUser=logapitest, id=189, time=java.util.GregorianCalendar[time=1521660378990,areFieldsSet=true,areAllFieldsSet=true,lenient=true,zone=sun.util.calendar.ZoneInfo[id="Etc/UTC",offset=0,dstSavings=0,useDaylight=false,transitions=0,lastRule=null],firstDayOfWeek=1,minimalDaysInFirstWeek=1,ERA=1,YEAR=2018,MONTH=2,WEEK_OF_YEAR=12,WEEK_OF_MONTH=4,DAY_OF_MONTH=21,DAY_OF_YEAR=80,DAY_OF_WEEK=4,DAY_OF_WEEK_IN_MONTH=3,AM_PM=1,HOUR=7,HOUR_OF_DAY=19,MINUTE=26,SECOND=18,MILLISECOND=990,ZONE_OFFSET=0,DST_OFFSET=0], message=null}
19:26:18.993 [main] DEBUG org.hibernate.SQL - insert into LogEntries (logCode, message, primaryUser, secondaryUser, time, id) values (?, ?, ?, ?, ?, ?)
Hibernate: insert into LogEntries (logCode, message, primaryUser, secondaryUser, time, id) values (?, ?, ?, ?, ?, ?)
19:26:18.994 [main] DEBUG o.h.e.j.internal.JdbcCoordinatorImpl - HHH000420: Closing un-released batch
19:26:18.994 [main] DEBUG o.h.e.t.internal.TransactionImpl - begin
19:26:18.995 [main] DEBUG org.hibernate.SQL - select next_val as id_val from hibernate_sequence for update
Hibernate: select next_val as id_val from hibernate_sequence for update
19:26:18.995 [main] DEBUG org.hibernate.SQL - update hibernate_sequence set next_val= ? where next_val=?
Hibernate: update hibernate_sequence set next_val= ? where next_val=?
19:26:18.996 [main] DEBUG o.h.e.i.AbstractSaveEventListener - Generated identifier: 190, using strategy: org.hibernate.id.enhanced.SequenceStyleGenerator
19:26:18.997 [main] DEBUG o.h.e.t.internal.TransactionImpl - committing
19:26:18.997 [main] DEBUG o.h.e.i.AbstractFlushingEventListener - Processing flush-time cascades
19:26:18.997 [main] DEBUG o.h.e.i.AbstractFlushingEventListener - Dirty checking collections
19:26:18.998 [main] DEBUG o.h.e.i.AbstractFlushingEventListener - Flushed: 1 insertions, 0 updates, 0 deletions to 1 objects
19:26:18.998 [main] DEBUG o.h.e.i.AbstractFlushingEventListener - Flushed: 0 (re)creations, 0 updates, 0 removals to 0 collections
19:26:18.998 [main] DEBUG o.h.internal.util.EntityPrinter - Listing entities:
19:26:18.998 [main] DEBUG o.h.internal.util.EntityPrinter - edu.ncsu.csc.itrust2.models.persistent.LogEntry{secondaryUser=null, logCode=5, primaryUser=logapitest, id=190, time=java.util.GregorianCalendar[time=1521660378994,areFieldsSet=true,areAllFieldsSet=true,lenient=true,zone=sun.util.calendar.ZoneInfo[id="Etc/UTC",offset=0,dstSavings=0,useDaylight=false,transitions=0,lastRule=null],firstDayOfWeek=1,minimalDaysInFirstWeek=1,ERA=1,YEAR=2018,MONTH=2,WEEK_OF_YEAR=12,WEEK_OF_MONTH=4,DAY_OF_MONTH=21,DAY_OF_YEAR=80,DAY_OF_WEEK=4,DAY_OF_WEEK_IN_MONTH=3,AM_PM=1,HOUR=7,HOUR_OF_DAY=19,MINUTE=26,SECOND=18,MILLISECOND=994,ZONE_OFFSET=0,DST_OFFSET=0], message=null}
19:26:18.999 [main] DEBUG org.hibernate.SQL - insert into LogEntries (logCode, message, primaryUser, secondaryUser, time, id) values (?, ?, ?, ?, ?, ?)
Hibernate: insert into LogEntries (logCode, message, primaryUser, secondaryUser, time, id) values (?, ?, ?, ?, ?, ?)
19:26:19.001 [main] DEBUG o.h.e.j.internal.JdbcCoordinatorImpl - HHH000420: Closing un-released batch
19:26:19.001 [main] DEBUG o.h.e.t.internal.TransactionImpl - begin
19:26:19.002 [main] DEBUG org.hibernate.SQL - select next_val as id_val from hibernate_sequence for update
Hibernate: select next_val as id_val from hibernate_sequence for update
19:26:19.002 [main] DEBUG org.hibernate.SQL - update hibernate_sequence set next_val= ? where next_val=?
Hibernate: update hibernate_sequence set next_val= ? where next_val=?
19:26:19.004 [main] DEBUG o.h.e.i.AbstractSaveEventListener - Generated identifier: 191, using strategy: org.hibernate.id.enhanced.SequenceStyleGenerator
19:26:19.004 [main] DEBUG o.h.e.t.internal.TransactionImpl - committing
19:26:19.004 [main] DEBUG o.h.e.i.AbstractFlushingEventListener - Processing flush-time cascades
19:26:19.004 [main] DEBUG o.h.e.i.AbstractFlushingEventListener - Dirty checking collections
19:26:19.004 [main] DEBUG o.h.e.i.AbstractFlushingEventListener - Flushed: 1 insertions, 0 updates, 0 deletions to 1 objects
19:26:19.004 [main] DEBUG o.h.e.i.AbstractFlushingEventListener - Flushed: 0 (re)creations, 0 updates, 0 removals to 0 collections
19:26:19.005 [main] DEBUG o.h.internal.util.EntityPrinter - Listing entities:
19:26:19.005 [main] DEBUG o.h.internal.util.EntityPrinter - edu.ncsu.csc.itrust2.models.persistent.LogEntry{secondaryUser=null, logCode=5, primaryUser=logapitest, id=191, time=java.util.GregorianCalendar[time=1521660379001,areFieldsSet=true,areAllFieldsSet=true,lenient=true,zone=sun.util.calendar.ZoneInfo[id="Etc/UTC",offset=0,dstSavings=0,useDaylight=false,transitions=0,lastRule=null],firstDayOfWeek=1,minimalDaysInFirstWeek=1,ERA=1,YEAR=2018,MONTH=2,WEEK_OF_YEAR=12,WEEK_OF_MONTH=4,DAY_OF_MONTH=21,DAY_OF_YEAR=80,DAY_OF_WEEK=4,DAY_OF_WEEK_IN_MONTH=3,AM_PM=1,HOUR=7,HOUR_OF_DAY=19,MINUTE=26,SECOND=19,MILLISECOND=1,ZONE_OFFSET=0,DST_OFFSET=0], message=null}
19:26:19.005 [main] DEBUG org.hibernate.SQL - insert into LogEntries (logCode, message, primaryUser, secondaryUser, time, id) values (?, ?, ?, ?, ?, ?)
Hibernate: insert into LogEntries (logCode, message, primaryUser, secondaryUser, time, id) values (?, ?, ?, ?, ?, ?)
19:26:19.007 [main] DEBUG o.h.e.j.internal.JdbcCoordinatorImpl - HHH000420: Closing un-released batch
19:26:19.007 [main] DEBUG o.h.e.t.internal.TransactionImpl - begin
19:26:19.008 [main] DEBUG org.hibernate.SQL - select next_val as id_val from hibernate_sequence for update
Hibernate: select next_val as id_val from hibernate_sequence for update
19:26:19.008 [main] DEBUG org.hibernate.SQL - update hibernate_sequence set next_val= ? where next_val=?
Hibernate: update hibernate_sequence set next_val= ? where next_val=?
19:26:19.009 [main] DEBUG o.h.e.i.AbstractSaveEventListener - Generated identifier: 192, using strategy: org.hibernate.id.enhanced.SequenceStyleGenerator
19:26:19.009 [main] DEBUG o.h.e.t.internal.TransactionImpl - committing
19:26:19.010 [main] DEBUG o.h.e.i.AbstractFlushingEventListener - Processing flush-time cascades
19:26:19.010 [main] DEBUG o.h.e.i.AbstractFlushingEventListener - Dirty checking collections
19:26:19.010 [main] DEBUG o.h.e.i.AbstractFlushingEventListener - Flushed: 1 insertions, 0 updates, 0 deletions to 1 objects
19:26:19.010 [main] DEBUG o.h.e.i.AbstractFlushingEventListener - Flushed: 0 (re)creations, 0 updates, 0 removals to 0 collections
19:26:19.013 [main] DEBUG o.h.internal.util.EntityPrinter - Listing entities:
19:26:19.013 [main] DEBUG o.h.internal.util.EntityPrinter - edu.ncsu.csc.itrust2.models.persistent.LogEntry{secondaryUser=null, logCode=5, primaryUser=logapitest, id=192, time=java.util.GregorianCalendar[time=1521660379007,areFieldsSet=true,areAllFieldsSet=true,lenient=true,zone=sun.util.calendar.ZoneInfo[id="Etc/UTC",offset=0,dstSavings=0,useDaylight=false,transitions=0,lastRule=null],firstDayOfWeek=1,minimalDaysInFirstWeek=1,ERA=1,YEAR=2018,MONTH=2,WEEK_OF_YEAR=12,WEEK_OF_MONTH=4,DAY_OF_MONTH=21,DAY_OF_YEAR=80,DAY_OF_WEEK=4,DAY_OF_WEEK_IN_MONTH=3,AM_PM=1,HOUR=7,HOUR_OF_DAY=19,MINUTE=26,SECOND=19,MILLISECOND=7,ZONE_OFFSET=0,DST_OFFSET=0], message=null}
19:26:19.013 [main] DEBUG org.hibernate.SQL - insert into LogEntries (logCode, message, primaryUser, secondaryUser, time, id) values (?, ?, ?, ?, ?, ?)
Hibernate: insert into LogEntries (logCode, message, primaryUser, secondaryUser, time, id) values (?, ?, ?, ?, ?, ?)
19:26:19.016 [main] DEBUG o.h.e.j.internal.JdbcCoordinatorImpl - HHH000420: Closing un-released batch
19:26:19.016 [main] DEBUG o.h.e.t.internal.TransactionImpl - begin
19:26:19.017 [main] DEBUG org.hibernate.SQL - select next_val as id_val from hibernate_sequence for update
Hibernate: select next_val as id_val from hibernate_sequence for update
19:26:19.017 [main] DEBUG org.hibernate.SQL - update hibernate_sequence set next_val= ? where next_val=?
Hibernate: update hibernate_sequence set next_val= ? where next_val=?
19:26:19.018 [main] DEBUG o.h.e.i.AbstractSaveEventListener - Generated identifier: 193, using strategy: org.hibernate.id.enhanced.SequenceStyleGenerator
19:26:19.019 [main] DEBUG o.h.e.t.internal.TransactionImpl - committing
19:26:19.019 [main] DEBUG o.h.e.i.AbstractFlushingEventListener - Processing flush-time cascades
19:26:19.019 [main] DEBUG o.h.e.i.AbstractFlushingEventListener - Dirty checking collections
19:26:19.019 [main] DEBUG o.h.e.i.AbstractFlushingEventListener - Flushed: 1 insertions, 0 updates, 0 deletions to 1 objects
19:26:19.019 [main] DEBUG o.h.e.i.AbstractFlushingEventListener - Flushed: 0 (re)creations, 0 updates, 0 removals to 0 collections
19:26:19.019 [main] DEBUG o.h.internal.util.EntityPrinter - Listing entities:
19:26:19.019 [main] DEBUG o.h.internal.util.EntityPrinter - edu.ncsu.csc.itrust2.models.persistent.LogEntry{secondaryUser=null, logCode=5, primaryUser=logapitest, id=193, time=java.util.GregorianCalendar[time=1521660379016,areFieldsSet=true,areAllFieldsSet=true,lenient=true,zone=sun.util.calendar.ZoneInfo[id="Etc/UTC",offset=0,dstSavings=0,useDaylight=false,transitions=0,lastRule=null],firstDayOfWeek=1,minimalDaysInFirstWeek=1,ERA=1,YEAR=2018,MONTH=2,WEEK_OF_YEAR=12,WEEK_OF_MONTH=4,DAY_OF_MONTH=21,DAY_OF_YEAR=80,DAY_OF_WEEK=4,DAY_OF_WEEK_IN_MONTH=3,AM_PM=1,HOUR=7,HOUR_OF_DAY=19,MINUTE=26,SECOND=19,MILLISECOND=16,ZONE_OFFSET=0,DST_OFFSET=0], message=null}
19:26:19.020 [main] DEBUG org.hibernate.SQL - insert into LogEntries (logCode, message, primaryUser, secondaryUser, time, id) values (?, ?, ?, ?, ?, ?)
Hibernate: insert into LogEntries (logCode, message, primaryUser, secondaryUser, time, id) values (?, ?, ?, ?, ?, ?)
19:26:19.023 [main] DEBUG o.h.e.j.internal.JdbcCoordinatorImpl - HHH000420: Closing un-released batch
19:26:19.024 [main] DEBUG o.h.e.t.internal.TransactionImpl - begin
19:26:19.025 [main] DEBUG org.hibernate.SQL - select next_val as id_val from hibernate_sequence for update
Hibernate: select next_val as id_val from hibernate_sequence for update
19:26:19.026 [main] DEBUG org.hibernate.SQL - update hibernate_sequence set next_val= ? where next_val=?
Hibernate: update hibernate_sequence set next_val= ? where next_val=?
19:26:19.030 [main] DEBUG o.h.e.i.AbstractSaveEventListener - Generated identifier: 194, using strategy: org.hibernate.id.enhanced.SequenceStyleGenerator
19:26:19.030 [main] DEBUG o.h.e.t.internal.TransactionImpl - committing
19:26:19.030 [main] DEBUG o.h.e.i.AbstractFlushingEventListener - Processing flush-time cascades
19:26:19.030 [main] DEBUG o.h.e.i.AbstractFlushingEventListener - Dirty checking collections
19:26:19.031 [main] DEBUG o.h.e.i.AbstractFlushingEventListener - Flushed: 1 insertions, 0 updates, 0 deletions to 1 objects
19:26:19.031 [main] DEBUG o.h.e.i.AbstractFlushingEventListener - Flushed: 0 (re)creations, 0 updates, 0 removals to 0 collections
19:26:19.031 [main] DEBUG o.h.internal.util.EntityPrinter - Listing entities:
19:26:19.031 [main] DEBUG o.h.internal.util.EntityPrinter - edu.ncsu.csc.itrust2.models.persistent.LogEntry{secondaryUser=null, logCode=5, primaryUser=logapitest, id=194, time=java.util.GregorianCalendar[time=1521660379023,areFieldsSet=true,areAllFieldsSet=true,lenient=true,zone=sun.util.calendar.ZoneInfo[id="Etc/UTC",offset=0,dstSavings=0,useDaylight=false,transitions=0,lastRule=null],firstDayOfWeek=1,minimalDaysInFirstWeek=1,ERA=1,YEAR=2018,MONTH=2,WEEK_OF_YEAR=12,WEEK_OF_MONTH=4,DAY_OF_MONTH=21,DAY_OF_YEAR=80,DAY_OF_WEEK=4,DAY_OF_WEEK_IN_MONTH=3,AM_PM=1,HOUR=7,HOUR_OF_DAY=19,MINUTE=26,SECOND=19,MILLISECOND=23,ZONE_OFFSET=0,DST_OFFSET=0], message=null}
19:26:19.032 [main] DEBUG org.hibernate.SQL - insert into LogEntries (logCode, message, primaryUser, secondaryUser, time, id) values (?, ?, ?, ?, ?, ?)
Hibernate: insert into LogEntries (logCode, message, primaryUser, secondaryUser, time, id) values (?, ?, ?, ?, ?, ?)
19:26:19.033 [main] DEBUG o.h.e.j.internal.JdbcCoordinatorImpl - HHH000420: Closing un-released batch
19:26:19.034 [main] DEBUG o.h.e.t.internal.TransactionImpl - begin
19:26:19.034 [main] DEBUG org.hibernate.SQL - select next_val as id_val from hibernate_sequence for update
Hibernate: select next_val as id_val from hibernate_sequence for update
19:26:19.035 [main] DEBUG org.hibernate.SQL - update hibernate_sequence set next_val= ? where next_val=?
Hibernate: update hibernate_sequence set next_val= ? where next_val=?
19:26:19.036 [main] DEBUG o.h.e.i.AbstractSaveEventListener - Generated identifier: 195, using strategy: org.hibernate.id.enhanced.SequenceStyleGenerator
19:26:19.036 [main] DEBUG o.h.e.t.internal.TransactionImpl - committing
19:26:19.036 [main] DEBUG o.h.e.i.AbstractFlushingEventListener - Processing flush-time cascades
19:26:19.036 [main] DEBUG o.h.e.i.AbstractFlushingEventListener - Dirty checking collections
19:26:19.037 [main] DEBUG o.h.e.i.AbstractFlushingEventListener - Flushed: 1 insertions, 0 updates, 0 deletions to 1 objects
19:26:19.037 [main] DEBUG o.h.e.i.AbstractFlushingEventListener - Flushed: 0 (re)creations, 0 updates, 0 removals to 0 collections
19:26:19.037 [main] DEBUG o.h.internal.util.EntityPrinter - Listing entities:
19:26:19.037 [main] DEBUG o.h.internal.util.EntityPrinter - edu.ncsu.csc.itrust2.models.persistent.LogEntry{secondaryUser=null, logCode=5, primaryUser=logapitest, id=195, time=java.util.GregorianCalendar[time=1521660379033,areFieldsSet=true,areAllFieldsSet=true,lenient=true,zone=sun.util.calendar.ZoneInfo[id="Etc/UTC",offset=0,dstSavings=0,useDaylight=false,transitions=0,lastRule=null],firstDayOfWeek=1,minimalDaysInFirstWeek=1,ERA=1,YEAR=2018,MONTH=2,WEEK_OF_YEAR=12,WEEK_OF_MONTH=4,DAY_OF_MONTH=21,DAY_OF_YEAR=80,DAY_OF_WEEK=4,DAY_OF_WEEK_IN_MONTH=3,AM_PM=1,HOUR=7,HOUR_OF_DAY=19,MINUTE=26,SECOND=19,MILLISECOND=33,ZONE_OFFSET=0,DST_OFFSET=0], message=null}
19:26:19.037 [main] DEBUG org.hibernate.SQL - insert into LogEntries (logCode, message, primaryUser, secondaryUser, time, id) values (?, ?, ?, ?, ?, ?)
Hibernate: insert into LogEntries (logCode, message, primaryUser, secondaryUser, time, id) values (?, ?, ?, ?, ?, ?)
19:26:19.039 [main] DEBUG o.h.e.j.internal.JdbcCoordinatorImpl - HHH000420: Closing un-released batch
19:26:19.039 [main] DEBUG o.h.e.t.internal.TransactionImpl - begin
19:26:19.040 [main] DEBUG org.hibernate.SQL - select next_val as id_val from hibernate_sequence for update
Hibernate: select next_val as id_val from hibernate_sequence for update
19:26:19.040 [main] DEBUG org.hibernate.SQL - update hibernate_sequence set next_val= ? where next_val=?
Hibernate: update hibernate_sequence set next_val= ? where next_val=?
19:26:19.041 [main] DEBUG o.h.e.i.AbstractSaveEventListener - Generated identifier: 196, using strategy: org.hibernate.id.enhanced.SequenceStyleGenerator
19:26:19.041 [main] DEBUG o.h.e.t.internal.TransactionImpl - committing
19:26:19.041 [main] DEBUG o.h.e.i.AbstractFlushingEventListener - Processing flush-time cascades
19:26:19.042 [main] DEBUG o.h.e.i.AbstractFlushingEventListener - Dirty checking collections
19:26:19.042 [main] DEBUG o.h.e.i.AbstractFlushingEventListener - Flushed: 1 insertions, 0 updates, 0 deletions to 1 objects
19:26:19.042 [main] DEBUG o.h.e.i.AbstractFlushingEventListener - Flushed: 0 (re)creations, 0 updates, 0 removals to 0 collections
19:26:19.042 [main] DEBUG o.h.internal.util.EntityPrinter - Listing entities:
19:26:19.042 [main] DEBUG o.h.internal.util.EntityPrinter - edu.ncsu.csc.itrust2.models.persistent.LogEntry{secondaryUser=null, logCode=5, primaryUser=logapitest, id=196, time=java.util.GregorianCalendar[time=1521660379039,areFieldsSet=true,areAllFieldsSet=true,lenient=true,zone=sun.util.calendar.ZoneInfo[id="Etc/UTC",offset=0,dstSavings=0,useDaylight=false,transitions=0,lastRule=null],firstDayOfWeek=1,minimalDaysInFirstWeek=1,ERA=1,YEAR=2018,MONTH=2,WEEK_OF_YEAR=12,WEEK_OF_MONTH=4,DAY_OF_MONTH=21,DAY_OF_YEAR=80,DAY_OF_WEEK=4,DAY_OF_WEEK_IN_MONTH=3,AM_PM=1,HOUR=7,HOUR_OF_DAY=19,MINUTE=26,SECOND=19,MILLISECOND=39,ZONE_OFFSET=0,DST_OFFSET=0], message=null}
19:26:19.043 [main] DEBUG org.hibernate.SQL - insert into LogEntries (logCode, message, primaryUser, secondaryUser, time, id) values (?, ?, ?, ?, ?, ?)
Hibernate: insert into LogEntries (logCode, message, primaryUser, secondaryUser, time, id) values (?, ?, ?, ?, ?, ?)
19:26:19.044 [main] DEBUG o.h.e.j.internal.JdbcCoordinatorImpl - HHH000420: Closing un-released batch
19:26:19.045 [main] DEBUG o.h.e.t.internal.TransactionImpl - begin
19:26:19.046 [main] DEBUG org.hibernate.SQL - select next_val as id_val from hibernate_sequence for update
Hibernate: select next_val as id_val from hibernate_sequence for update
19:26:19.046 [main] DEBUG org.hibernate.SQL - update hibernate_sequence set next_val= ? where next_val=?
Hibernate: update hibernate_sequence set next_val= ? where next_val=?
19:26:19.047 [main] DEBUG o.h.e.i.AbstractSaveEventListener - Generated identifier: 197, using strategy: org.hibernate.id.enhanced.SequenceStyleGenerator
19:26:19.047 [main] DEBUG o.h.e.t.internal.TransactionImpl - committing
19:26:19.047 [main] DEBUG o.h.e.i.AbstractFlushingEventListener - Processing flush-time cascades
19:26:19.048 [main] DEBUG o.h.e.i.AbstractFlushingEventListener - Dirty checking collections
19:26:19.048 [main] DEBUG o.h.e.i.AbstractFlushingEventListener - Flushed: 1 insertions, 0 updates, 0 deletions to 1 objects
19:26:19.048 [main] DEBUG o.h.e.i.AbstractFlushingEventListener - Flushed: 0 (re)creations, 0 updates, 0 removals to 0 collections
19:26:19.048 [main] DEBUG o.h.internal.util.EntityPrinter - Listing entities:
19:26:19.048 [main] DEBUG o.h.internal.util.EntityPrinter - edu.ncsu.csc.itrust2.models.persistent.LogEntry{secondaryUser=null, logCode=5, primaryUser=logapitest, id=197, time=java.util.GregorianCalendar[time=1521660379045,areFieldsSet=true,areAllFieldsSet=true,lenient=true,zone=sun.util.calendar.ZoneInfo[id="Etc/UTC",offset=0,dstSavings=0,useDaylight=false,transitions=0,lastRule=null],firstDayOfWeek=1,minimalDaysInFirstWeek=1,ERA=1,YEAR=2018,MONTH=2,WEEK_OF_YEAR=12,WEEK_OF_MONTH=4,DAY_OF_MONTH=21,DAY_OF_YEAR=80,DAY_OF_WEEK=4,DAY_OF_WEEK_IN_MONTH=3,AM_PM=1,HOUR=7,HOUR_OF_DAY=19,MINUTE=26,SECOND=19,MILLISECOND=45,ZONE_OFFSET=0,DST_OFFSET=0], message=null}
19:26:19.048 [main] DEBUG org.hibernate.SQL - insert into LogEntries (logCode, message, primaryUser, secondaryUser, time, id) values (?, ?, ?, ?, ?, ?)
Hibernate: insert into LogEntries (logCode, message, primaryUser, secondaryUser, time, id) values (?, ?, ?, ?, ?, ?)
19:26:19.052 [main] DEBUG o.h.e.j.internal.JdbcCoordinatorImpl - HHH000420: Closing un-released batch
19:26:19.053 [main] DEBUG o.h.e.t.internal.TransactionImpl - begin
19:26:19.053 [main] DEBUG org.hibernate.SQL - select next_val as id_val from hibernate_sequence for update
Hibernate: select next_val as id_val from hibernate_sequence for update
19:26:19.054 [main] DEBUG org.hibernate.SQL - update hibernate_sequence set next_val= ? where next_val=?
Hibernate: update hibernate_sequence set next_val= ? where next_val=?
19:26:19.055 [main] DEBUG o.h.e.i.AbstractSaveEventListener - Generated identifier: 198, using strategy: org.hibernate.id.enhanced.SequenceStyleGenerator
19:26:19.055 [main] DEBUG o.h.e.t.internal.TransactionImpl - committing
19:26:19.055 [main] DEBUG o.h.e.i.AbstractFlushingEventListener - Processing flush-time cascades
19:26:19.055 [main] DEBUG o.h.e.i.AbstractFlushingEventListener - Dirty checking collections
19:26:19.055 [main] DEBUG o.h.e.i.AbstractFlushingEventListener - Flushed: 1 insertions, 0 updates, 0 deletions to 1 objects
19:26:19.055 [main] DEBUG o.h.e.i.AbstractFlushingEventListener - Flushed: 0 (re)creations, 0 updates, 0 removals to 0 collections
19:26:19.055 [main] DEBUG o.h.internal.util.EntityPrinter - Listing entities:
19:26:19.056 [main] DEBUG o.h.internal.util.EntityPrinter - edu.ncsu.csc.itrust2.models.persistent.LogEntry{secondaryUser=null, logCode=5, primaryUser=logapitest, id=198, time=java.util.GregorianCalendar[time=1521660379053,areFieldsSet=true,areAllFieldsSet=true,lenient=true,zone=sun.util.calendar.ZoneInfo[id="Etc/UTC",offset=0,dstSavings=0,useDaylight=false,transitions=0,lastRule=null],firstDayOfWeek=1,minimalDaysInFirstWeek=1,ERA=1,YEAR=2018,MONTH=2,WEEK_OF_YEAR=12,WEEK_OF_MONTH=4,DAY_OF_MONTH=21,DAY_OF_YEAR=80,DAY_OF_WEEK=4,DAY_OF_WEEK_IN_MONTH=3,AM_PM=1,HOUR=7,HOUR_OF_DAY=19,MINUTE=26,SECOND=19,MILLISECOND=53,ZONE_OFFSET=0,DST_OFFSET=0], message=null}
19:26:19.056 [main] DEBUG org.hibernate.SQL - insert into LogEntries (logCode, message, primaryUser, secondaryUser, time, id) values (?, ?, ?, ?, ?, ?)
Hibernate: insert into LogEntries (logCode, message, primaryUser, secondaryUser, time, id) values (?, ?, ?, ?, ?, ?)
19:26:19.057 [main] DEBUG o.h.e.j.internal.JdbcCoordinatorImpl - HHH000420: Closing un-released batch
19:26:19.058 [main] DEBUG o.h.e.t.internal.TransactionImpl - begin
19:26:19.058 [main] DEBUG org.hibernate.SQL - select next_val as id_val from hibernate_sequence for update
Hibernate: select next_val as id_val from hibernate_sequence for update
19:26:19.059 [main] DEBUG org.hibernate.SQL - update hibernate_sequence set next_val= ? where next_val=?
Hibernate: update hibernate_sequence set next_val= ? where next_val=?
19:26:19.060 [main] DEBUG o.h.e.i.AbstractSaveEventListener - Generated identifier: 199, using strategy: org.hibernate.id.enhanced.SequenceStyleGenerator
19:26:19.060 [main] DEBUG o.h.e.t.internal.TransactionImpl - committing
19:26:19.060 [main] DEBUG o.h.e.i.AbstractFlushingEventListener - Processing flush-time cascades
19:26:19.060 [main] DEBUG o.h.e.i.AbstractFlushingEventListener - Dirty checking collections
19:26:19.060 [main] DEBUG o.h.e.i.AbstractFlushingEventListener - Flushed: 1 insertions, 0 updates, 0 deletions to 1 objects
19:26:19.060 [main] DEBUG o.h.e.i.AbstractFlushingEventListener - Flushed: 0 (re)creations, 0 updates, 0 removals to 0 collections
19:26:19.060 [main] DEBUG o.h.internal.util.EntityPrinter - Listing entities:
19:26:19.061 [main] DEBUG o.h.internal.util.EntityPrinter - edu.ncsu.csc.itrust2.models.persistent.LogEntry{secondaryUser=null, logCode=5, primaryUser=logapitest, id=199, time=java.util.GregorianCalendar[time=1521660379058,areFieldsSet=true,areAllFieldsSet=true,lenient=true,zone=sun.util.calendar.ZoneInfo[id="Etc/UTC",offset=0,dstSavings=0,useDaylight=false,transitions=0,lastRule=null],firstDayOfWeek=1,minimalDaysInFirstWeek=1,ERA=1,YEAR=2018,MONTH=2,WEEK_OF_YEAR=12,WEEK_OF_MONTH=4,DAY_OF_MONTH=21,DAY_OF_YEAR=80,DAY_OF_WEEK=4,DAY_OF_WEEK_IN_MONTH=3,AM_PM=1,HOUR=7,HOUR_OF_DAY=19,MINUTE=26,SECOND=19,MILLISECOND=58,ZONE_OFFSET=0,DST_OFFSET=0], message=null}
19:26:19.064 [main] DEBUG org.hibernate.SQL - insert into LogEntries (logCode, message, primaryUser, secondaryUser, time, id) values (?, ?, ?, ?, ?, ?)
Hibernate: insert into LogEntries (logCode, message, primaryUser, secondaryUser, time, id) values (?, ?, ?, ?, ?, ?)
19:26:19.065 [main] DEBUG o.h.e.j.internal.JdbcCoordinatorImpl - HHH000420: Closing un-released batch
19:26:19.066 [main] DEBUG o.h.e.t.internal.TransactionImpl - begin
19:26:19.066 [main] DEBUG org.hibernate.SQL - select next_val as id_val from hibernate_sequence for update
Hibernate: select next_val as id_val from hibernate_sequence for update
19:26:19.067 [main] DEBUG org.hibernate.SQL - update hibernate_sequence set next_val= ? where next_val=?
Hibernate: update hibernate_sequence set next_val= ? where next_val=?
19:26:19.068 [main] DEBUG o.h.e.i.AbstractSaveEventListener - Generated identifier: 200, using strategy: org.hibernate.id.enhanced.SequenceStyleGenerator
19:26:19.070 [main] DEBUG o.h.e.t.internal.TransactionImpl - committing
19:26:19.070 [main] DEBUG o.h.e.i.AbstractFlushingEventListener - Processing flush-time cascades
19:26:19.070 [main] DEBUG o.h.e.i.AbstractFlushingEventListener - Dirty checking collections
19:26:19.070 [main] DEBUG o.h.e.i.AbstractFlushingEventListener - Flushed: 1 insertions, 0 updates, 0 deletions to 1 objects
19:26:19.070 [main] DEBUG o.h.e.i.AbstractFlushingEventListener - Flushed: 0 (re)creations, 0 updates, 0 removals to 0 collections
19:26:19.070 [main] DEBUG o.h.internal.util.EntityPrinter - Listing entities:
19:26:19.071 [main] DEBUG o.h.internal.util.EntityPrinter - edu.ncsu.csc.itrust2.models.persistent.LogEntry{secondaryUser=null, logCode=5, primaryUser=logapitest, id=200, time=java.util.GregorianCalendar[time=1521660379066,areFieldsSet=true,areAllFieldsSet=true,lenient=true,zone=sun.util.calendar.ZoneInfo[id="Etc/UTC",offset=0,dstSavings=0,useDaylight=false,transitions=0,lastRule=null],firstDayOfWeek=1,minimalDaysInFirstWeek=1,ERA=1,YEAR=2018,MONTH=2,WEEK_OF_YEAR=12,WEEK_OF_MONTH=4,DAY_OF_MONTH=21,DAY_OF_YEAR=80,DAY_OF_WEEK=4,DAY_OF_WEEK_IN_MONTH=3,AM_PM=1,HOUR=7,HOUR_OF_DAY=19,MINUTE=26,SECOND=19,MILLISECOND=66,ZONE_OFFSET=0,DST_OFFSET=0], message=null}
19:26:19.071 [main] DEBUG org.hibernate.SQL - insert into LogEntries (logCode, message, primaryUser, secondaryUser, time, id) values (?, ?, ?, ?, ?, ?)
Hibernate: insert into LogEntries (logCode, message, primaryUser, secondaryUser, time, id) values (?, ?, ?, ?, ?, ?)
19:26:19.073 [main] DEBUG o.h.e.j.internal.JdbcCoordinatorImpl - HHH000420: Closing un-released batch
19:26:19.073 [main] DEBUG o.h.e.t.internal.TransactionImpl - begin
19:26:19.074 [main] DEBUG org.hibernate.SQL - select next_val as id_val from hibernate_sequence for update
Hibernate: select next_val as id_val from hibernate_sequence for update
19:26:19.074 [main] DEBUG org.hibernate.SQL - update hibernate_sequence set next_val= ? where next_val=?
Hibernate: update hibernate_sequence set next_val= ? where next_val=?
19:26:19.105 [main] DEBUG o.h.e.i.AbstractSaveEventListener - Generated identifier: 201, using strategy: org.hibernate.id.enhanced.SequenceStyleGenerator
19:26:19.105 [main] DEBUG o.h.e.t.internal.TransactionImpl - committing
19:26:19.106 [main] DEBUG o.h.e.i.AbstractFlushingEventListener - Processing flush-time cascades
19:26:19.106 [main] DEBUG o.h.e.i.AbstractFlushingEventListener - Dirty checking collections
19:26:19.106 [main] DEBUG o.h.e.i.AbstractFlushingEventListener - Flushed: 1 insertions, 0 updates, 0 deletions to 1 objects
19:26:19.106 [main] DEBUG o.h.e.i.AbstractFlushingEventListener - Flushed: 0 (re)creations, 0 updates, 0 removals to 0 collections
19:26:19.106 [main] DEBUG o.h.internal.util.EntityPrinter - Listing entities:
19:26:19.106 [main] DEBUG o.h.internal.util.EntityPrinter - edu.ncsu.csc.itrust2.models.persistent.LogEntry{secondaryUser=null, logCode=5, primaryUser=logapitest, id=201, time=java.util.GregorianCalendar[time=1521660379073,areFieldsSet=true,areAllFieldsSet=true,lenient=true,zone=sun.util.calendar.ZoneInfo[id="Etc/UTC",offset=0,dstSavings=0,useDaylight=false,transitions=0,lastRule=null],firstDayOfWeek=1,minimalDaysInFirstWeek=1,ERA=1,YEAR=2018,MONTH=2,WEEK_OF_YEAR=12,WEEK_OF_MONTH=4,DAY_OF_MONTH=21,DAY_OF_YEAR=80,DAY_OF_WEEK=4,DAY_OF_WEEK_IN_MONTH=3,AM_PM=1,HOUR=7,HOUR_OF_DAY=19,MINUTE=26,SECOND=19,MILLISECOND=73,ZONE_OFFSET=0,DST_OFFSET=0], message=null}
19:26:19.107 [main] DEBUG org.hibernate.SQL - insert into LogEntries (logCode, message, primaryUser, secondaryUser, time, id) values (?, ?, ?, ?, ?, ?)
Hibernate: insert into LogEntries (logCode, message, primaryUser, secondaryUser, time, id) values (?, ?, ?, ?, ?, ?)
19:26:19.108 [main] DEBUG o.h.e.j.internal.JdbcCoordinatorImpl - HHH000420: Closing un-released batch
19:26:19.109 [main] DEBUG o.h.e.t.internal.TransactionImpl - begin
19:26:19.109 [main] DEBUG org.hibernate.SQL - select next_val as id_val from hibernate_sequence for update
Hibernate: select next_val as id_val from hibernate_sequence for update
19:26:19.110 [main] DEBUG org.hibernate.SQL - update hibernate_sequence set next_val= ? where next_val=?
Hibernate: update hibernate_sequence set next_val= ? where next_val=?
19:26:19.110 [main] DEBUG o.h.e.i.AbstractSaveEventListener - Generated identifier: 202, using strategy: org.hibernate.id.enhanced.SequenceStyleGenerator
19:26:19.111 [main] DEBUG o.h.e.t.internal.TransactionImpl - committing
19:26:19.111 [main] DEBUG o.h.e.i.AbstractFlushingEventListener - Processing flush-time cascades
19:26:19.111 [main] DEBUG o.h.e.i.AbstractFlushingEventListener - Dirty checking collections
19:26:19.111 [main] DEBUG o.h.e.i.AbstractFlushingEventListener - Flushed: 1 insertions, 0 updates, 0 deletions to 1 objects
19:26:19.111 [main] DEBUG o.h.e.i.AbstractFlushingEventListener - Flushed: 0 (re)creations, 0 updates, 0 removals to 0 collections
19:26:19.111 [main] DEBUG o.h.internal.util.EntityPrinter - Listing entities:
19:26:19.111 [main] DEBUG o.h.internal.util.EntityPrinter - edu.ncsu.csc.itrust2.models.persistent.LogEntry{secondaryUser=null, logCode=5, primaryUser=logapitest, id=202, time=java.util.GregorianCalendar[time=1521660379108,areFieldsSet=true,areAllFieldsSet=true,lenient=true,zone=sun.util.calendar.ZoneInfo[id="Etc/UTC",offset=0,dstSavings=0,useDaylight=false,transitions=0,lastRule=null],firstDayOfWeek=1,minimalDaysInFirstWeek=1,ERA=1,YEAR=2018,MONTH=2,WEEK_OF_YEAR=12,WEEK_OF_MONTH=4,DAY_OF_MONTH=21,DAY_OF_YEAR=80,DAY_OF_WEEK=4,DAY_OF_WEEK_IN_MONTH=3,AM_PM=1,HOUR=7,HOUR_OF_DAY=19,MINUTE=26,SECOND=19,MILLISECOND=108,ZONE_OFFSET=0,DST_OFFSET=0], message=null}
19:26:19.113 [main] DEBUG org.hibernate.SQL - insert into LogEntries (logCode, message, primaryUser, secondaryUser, time, id) values (?, ?, ?, ?, ?, ?)
Hibernate: insert into LogEntries (logCode, message, primaryUser, secondaryUser, time, id) values (?, ?, ?, ?, ?, ?)
19:26:19.114 [main] DEBUG o.h.e.j.internal.JdbcCoordinatorImpl - HHH000420: Closing un-released batch
19:26:19.115 [main] DEBUG o.h.e.t.internal.TransactionImpl - begin
19:26:19.116 [main] DEBUG org.hibernate.SQL - select next_val as id_val from hibernate_sequence for update
Hibernate: select next_val as id_val from hibernate_sequence for update
19:26:19.116 [main] DEBUG org.hibernate.SQL - update hibernate_sequence set next_val= ? where next_val=?
Hibernate: update hibernate_sequence set next_val= ? where next_val=?
19:26:19.117 [main] DEBUG o.h.e.i.AbstractSaveEventListener - Generated identifier: 203, using strategy: org.hibernate.id.enhanced.SequenceStyleGenerator
19:26:19.117 [main] DEBUG o.h.e.t.internal.TransactionImpl - committing
19:26:19.118 [main] DEBUG o.h.e.i.AbstractFlushingEventListener - Processing flush-time cascades
19:26:19.118 [main] DEBUG o.h.e.i.AbstractFlushingEventListener - Dirty checking collections
19:26:19.118 [main] DEBUG o.h.e.i.AbstractFlushingEventListener - Flushed: 1 insertions, 0 updates, 0 deletions to 1 objects
19:26:19.118 [main] DEBUG o.h.e.i.AbstractFlushingEventListener - Flushed: 0 (re)creations, 0 updates, 0 removals to 0 collections
19:26:19.118 [main] DEBUG o.h.internal.util.EntityPrinter - Listing entities:
19:26:19.119 [main] DEBUG o.h.internal.util.EntityPrinter - edu.ncsu.csc.itrust2.models.persistent.LogEntry{secondaryUser=null, logCode=5, primaryUser=logapitest, id=203, time=java.util.GregorianCalendar[time=1521660379115,areFieldsSet=true,areAllFieldsSet=true,lenient=true,zone=sun.util.calendar.ZoneInfo[id="Etc/UTC",offset=0,dstSavings=0,useDaylight=false,transitions=0,lastRule=null],firstDayOfWeek=1,minimalDaysInFirstWeek=1,ERA=1,YEAR=2018,MONTH=2,WEEK_OF_YEAR=12,WEEK_OF_MONTH=4,DAY_OF_MONTH=21,DAY_OF_YEAR=80,DAY_OF_WEEK=4,DAY_OF_WEEK_IN_MONTH=3,AM_PM=1,HOUR=7,HOUR_OF_DAY=19,MINUTE=26,SECOND=19,MILLISECOND=115,ZONE_OFFSET=0,DST_OFFSET=0], message=null}
19:26:19.119 [main] DEBUG org.hibernate.SQL - insert into LogEntries (logCode, message, primaryUser, secondaryUser, time, id) values (?, ?, ?, ?, ?, ?)
Hibernate: insert into LogEntries (logCode, message, primaryUser, secondaryUser, time, id) values (?, ?, ?, ?, ?, ?)
19:26:19.120 [main] DEBUG o.h.e.j.internal.JdbcCoordinatorImpl - HHH000420: Closing un-released batch
19:26:19.121 [main] DEBUG o.h.e.t.internal.TransactionImpl - begin
19:26:19.121 [main] DEBUG org.hibernate.SQL - select next_val as id_val from hibernate_sequence for update
Hibernate: select next_val as id_val from hibernate_sequence for update
19:26:19.122 [main] DEBUG org.hibernate.SQL - update hibernate_sequence set next_val= ? where next_val=?
Hibernate: update hibernate_sequence set next_val= ? where next_val=?
19:26:19.123 [main] DEBUG o.h.e.i.AbstractSaveEventListener - Generated identifier: 204, using strategy: org.hibernate.id.enhanced.SequenceStyleGenerator
19:26:19.123 [main] DEBUG o.h.e.t.internal.TransactionImpl - committing
19:26:19.123 [main] DEBUG o.h.e.i.AbstractFlushingEventListener - Processing flush-time cascades
19:26:19.123 [main] DEBUG o.h.e.i.AbstractFlushingEventListener - Dirty checking collections
19:26:19.123 [main] DEBUG o.h.e.i.AbstractFlushingEventListener - Flushed: 1 insertions, 0 updates, 0 deletions to 1 objects
19:26:19.124 [main] DEBUG o.h.e.i.AbstractFlushingEventListener - Flushed: 0 (re)creations, 0 updates, 0 removals to 0 collections
19:26:19.124 [main] DEBUG o.h.internal.util.EntityPrinter - Listing entities:
19:26:19.124 [main] DEBUG o.h.internal.util.EntityPrinter - edu.ncsu.csc.itrust2.models.persistent.LogEntry{secondaryUser=null, logCode=5, primaryUser=logapitest, id=204, time=java.util.GregorianCalendar[time=1521660379121,areFieldsSet=true,areAllFieldsSet=true,lenient=true,zone=sun.util.calendar.ZoneInfo[id="Etc/UTC",offset=0,dstSavings=0,useDaylight=false,transitions=0,lastRule=null],firstDayOfWeek=1,minimalDaysInFirstWeek=1,ERA=1,YEAR=2018,MONTH=2,WEEK_OF_YEAR=12,WEEK_OF_MONTH=4,DAY_OF_MONTH=21,DAY_OF_YEAR=80,DAY_OF_WEEK=4,DAY_OF_WEEK_IN_MONTH=3,AM_PM=1,HOUR=7,HOUR_OF_DAY=19,MINUTE=26,SECOND=19,MILLISECOND=121,ZONE_OFFSET=0,DST_OFFSET=0], message=null}
19:26:19.124 [main] DEBUG org.hibernate.SQL - insert into LogEntries (logCode, message, primaryUser, secondaryUser, time, id) values (?, ?, ?, ?, ?, ?)
Hibernate: insert into LogEntries (logCode, message, primaryUser, secondaryUser, time, id) values (?, ?, ?, ?, ?, ?)
19:26:19.126 [main] DEBUG o.h.e.j.internal.JdbcCoordinatorImpl - HHH000420: Closing un-released batch
19:26:19.126 [main] DEBUG o.h.e.t.internal.TransactionImpl - begin
19:26:19.127 [main] DEBUG org.hibernate.SQL - select next_val as id_val from hibernate_sequence for update
Hibernate: select next_val as id_val from hibernate_sequence for update
19:26:19.127 [main] DEBUG org.hibernate.SQL - update hibernate_sequence set next_val= ? where next_val=?
Hibernate: update hibernate_sequence set next_val= ? where next_val=?
19:26:19.128 [main] DEBUG o.h.e.i.AbstractSaveEventListener - Generated identifier: 205, using strategy: org.hibernate.id.enhanced.SequenceStyleGenerator
19:26:19.129 [main] DEBUG o.h.e.t.internal.TransactionImpl - committing
19:26:19.129 [main] DEBUG o.h.e.i.AbstractFlushingEventListener - Processing flush-time cascades
19:26:19.129 [main] DEBUG o.h.e.i.AbstractFlushingEventListener - Dirty checking collections
19:26:19.129 [main] DEBUG o.h.e.i.AbstractFlushingEventListener - Flushed: 1 insertions, 0 updates, 0 deletions to 1 objects
19:26:19.129 [main] DEBUG o.h.e.i.AbstractFlushingEventListener - Flushed: 0 (re)creations, 0 updates, 0 removals to 0 collections
19:26:19.129 [main] DEBUG o.h.internal.util.EntityPrinter - Listing entities:
19:26:19.129 [main] DEBUG o.h.internal.util.EntityPrinter - edu.ncsu.csc.itrust2.models.persistent.LogEntry{secondaryUser=null, logCode=5, primaryUser=logapitest, id=205, time=java.util.GregorianCalendar[time=1521660379126,areFieldsSet=true,areAllFieldsSet=true,lenient=true,zone=sun.util.calendar.ZoneInfo[id="Etc/UTC",offset=0,dstSavings=0,useDaylight=false,transitions=0,lastRule=null],firstDayOfWeek=1,minimalDaysInFirstWeek=1,ERA=1,YEAR=2018,MONTH=2,WEEK_OF_YEAR=12,WEEK_OF_MONTH=4,DAY_OF_MONTH=21,DAY_OF_YEAR=80,DAY_OF_WEEK=4,DAY_OF_WEEK_IN_MONTH=3,AM_PM=1,HOUR=7,HOUR_OF_DAY=19,MINUTE=26,SECOND=19,MILLISECOND=126,ZONE_OFFSET=0,DST_OFFSET=0], message=null}
19:26:19.130 [main] DEBUG org.hibernate.SQL - insert into LogEntries (logCode, message, primaryUser, secondaryUser, time, id) values (?, ?, ?, ?, ?, ?)
Hibernate: insert into LogEntries (logCode, message, primaryUser, secondaryUser, time, id) values (?, ?, ?, ?, ?, ?)
19:26:19.131 [main] DEBUG o.h.e.j.internal.JdbcCoordinatorImpl - HHH000420: Closing un-released batch
19:26:19.131 [main] DEBUG o.h.e.t.internal.TransactionImpl - begin
19:26:19.132 [main] DEBUG org.hibernate.SQL - select next_val as id_val from hibernate_sequence for update
Hibernate: select next_val as id_val from hibernate_sequence for update
19:26:19.132 [main] DEBUG org.hibernate.SQL - update hibernate_sequence set next_val= ? where next_val=?
Hibernate: update hibernate_sequence set next_val= ? where next_val=?
19:26:19.133 [main] DEBUG o.h.e.i.AbstractSaveEventListener - Generated identifier: 206, using strategy: org.hibernate.id.enhanced.SequenceStyleGenerator
19:26:19.134 [main] DEBUG o.h.e.t.internal.TransactionImpl - committing
19:26:19.134 [main] DEBUG o.h.e.i.AbstractFlushingEventListener - Processing flush-time cascades
19:26:19.134 [main] DEBUG o.h.e.i.AbstractFlushingEventListener - Dirty checking collections
19:26:19.134 [main] DEBUG o.h.e.i.AbstractFlushingEventListener - Flushed: 1 insertions, 0 updates, 0 deletions to 1 objects
19:26:19.134 [main] DEBUG o.h.e.i.AbstractFlushingEventListener - Flushed: 0 (re)creations, 0 updates, 0 removals to 0 collections
19:26:19.134 [main] DEBUG o.h.internal.util.EntityPrinter - Listing entities:
19:26:19.134 [main] DEBUG o.h.internal.util.EntityPrinter - edu.ncsu.csc.itrust2.models.persistent.LogEntry{secondaryUser=null, logCode=5, primaryUser=logapitest, id=206, time=java.util.GregorianCalendar[time=1521660379131,areFieldsSet=true,areAllFieldsSet=true,lenient=true,zone=sun.util.calendar.ZoneInfo[id="Etc/UTC",offset=0,dstSavings=0,useDaylight=false,transitions=0,lastRule=null],firstDayOfWeek=1,minimalDaysInFirstWeek=1,ERA=1,YEAR=2018,MONTH=2,WEEK_OF_YEAR=12,WEEK_OF_MONTH=4,DAY_OF_MONTH=21,DAY_OF_YEAR=80,DAY_OF_WEEK=4,DAY_OF_WEEK_IN_MONTH=3,AM_PM=1,HOUR=7,HOUR_OF_DAY=19,MINUTE=26,SECOND=19,MILLISECOND=131,ZONE_OFFSET=0,DST_OFFSET=0], message=null}
19:26:19.135 [main] DEBUG org.hibernate.SQL - insert into LogEntries (logCode, message, primaryUser, secondaryUser, time, id) values (?, ?, ?, ?, ?, ?)
Hibernate: insert into LogEntries (logCode, message, primaryUser, secondaryUser, time, id) values (?, ?, ?, ?, ?, ?)
19:26:19.137 [main] DEBUG o.h.e.j.internal.JdbcCoordinatorImpl - HHH000420: Closing un-released batch
19:26:19.137 [main] DEBUG o.h.e.t.internal.TransactionImpl - begin
19:26:19.138 [main] DEBUG org.hibernate.SQL - select next_val as id_val from hibernate_sequence for update
Hibernate: select next_val as id_val from hibernate_sequence for update
19:26:19.139 [main] DEBUG org.hibernate.SQL - update hibernate_sequence set next_val= ? where next_val=?
Hibernate: update hibernate_sequence set next_val= ? where next_val=?
19:26:19.140 [main] DEBUG o.h.e.i.AbstractSaveEventListener - Generated identifier: 207, using strategy: org.hibernate.id.enhanced.SequenceStyleGenerator
19:26:19.141 [main] DEBUG o.h.e.t.internal.TransactionImpl - committing
19:26:19.141 [main] DEBUG o.h.e.i.AbstractFlushingEventListener - Processing flush-time cascades
19:26:19.141 [main] DEBUG o.h.e.i.AbstractFlushingEventListener - Dirty checking collections
19:26:19.141 [main] DEBUG o.h.e.i.AbstractFlushingEventListener - Flushed: 1 insertions, 0 updates, 0 deletions to 1 objects
19:26:19.141 [main] DEBUG o.h.e.i.AbstractFlushingEventListener - Flushed: 0 (re)creations, 0 updates, 0 removals to 0 collections
19:26:19.141 [main] DEBUG o.h.internal.util.EntityPrinter - Listing entities:
19:26:19.141 [main] DEBUG o.h.internal.util.EntityPrinter - edu.ncsu.csc.itrust2.models.persistent.LogEntry{secondaryUser=null, logCode=5, primaryUser=logapitest, id=207, time=java.util.GregorianCalendar[time=1521660379137,areFieldsSet=true,areAllFieldsSet=true,lenient=true,zone=sun.util.calendar.ZoneInfo[id="Etc/UTC",offset=0,dstSavings=0,useDaylight=false,transitions=0,lastRule=null],firstDayOfWeek=1,minimalDaysInFirstWeek=1,ERA=1,YEAR=2018,MONTH=2,WEEK_OF_YEAR=12,WEEK_OF_MONTH=4,DAY_OF_MONTH=21,DAY_OF_YEAR=80,DAY_OF_WEEK=4,DAY_OF_WEEK_IN_MONTH=3,AM_PM=1,HOUR=7,HOUR_OF_DAY=19,MINUTE=26,SECOND=19,MILLISECOND=137,ZONE_OFFSET=0,DST_OFFSET=0], message=null}
19:26:19.142 [main] DEBUG org.hibernate.SQL - insert into LogEntries (logCode, message, primaryUser, secondaryUser, time, id) values (?, ?, ?, ?, ?, ?)
Hibernate: insert into LogEntries (logCode, message, primaryUser, secondaryUser, time, id) values (?, ?, ?, ?, ?, ?)
19:26:19.144 [main] DEBUG o.h.e.j.internal.JdbcCoordinatorImpl - HHH000420: Closing un-released batch
19:26:19.144 [main] DEBUG o.h.e.t.internal.TransactionImpl - begin
19:26:19.145 [main] DEBUG org.hibernate.SQL - select next_val as id_val from hibernate_sequence for update
Hibernate: select next_val as id_val from hibernate_sequence for update
19:26:19.145 [main] DEBUG org.hibernate.SQL - update hibernate_sequence set next_val= ? where next_val=?
Hibernate: update hibernate_sequence set next_val= ? where next_val=?
19:26:19.146 [main] DEBUG o.h.e.i.AbstractSaveEventListener - Generated identifier: 208, using strategy: org.hibernate.id.enhanced.SequenceStyleGenerator
19:26:19.146 [main] DEBUG o.h.e.t.internal.TransactionImpl - committing
19:26:19.146 [main] DEBUG o.h.e.i.AbstractFlushingEventListener - Processing flush-time cascades
19:26:19.146 [main] DEBUG o.h.e.i.AbstractFlushingEventListener - Dirty checking collections
19:26:19.146 [main] DEBUG o.h.e.i.AbstractFlushingEventListener - Flushed: 1 insertions, 0 updates, 0 deletions to 1 objects
19:26:19.147 [main] DEBUG o.h.e.i.AbstractFlushingEventListener - Flushed: 0 (re)creations, 0 updates, 0 removals to 0 collections
19:26:19.147 [main] DEBUG o.h.internal.util.EntityPrinter - Listing entities:
19:26:19.147 [main] DEBUG o.h.internal.util.EntityPrinter - edu.ncsu.csc.itrust2.models.persistent.LogEntry{secondaryUser=null, logCode=5, primaryUser=logapitest, id=208, time=java.util.GregorianCalendar[time=1521660379144,areFieldsSet=true,areAllFieldsSet=true,lenient=true,zone=sun.util.calendar.ZoneInfo[id="Etc/UTC",offset=0,dstSavings=0,useDaylight=false,transitions=0,lastRule=null],firstDayOfWeek=1,minimalDaysInFirstWeek=1,ERA=1,YEAR=2018,MONTH=2,WEEK_OF_YEAR=12,WEEK_OF_MONTH=4,DAY_OF_MONTH=21,DAY_OF_YEAR=80,DAY_OF_WEEK=4,DAY_OF_WEEK_IN_MONTH=3,AM_PM=1,HOUR=7,HOUR_OF_DAY=19,MINUTE=26,SECOND=19,MILLISECOND=144,ZONE_OFFSET=0,DST_OFFSET=0], message=null}
19:26:19.147 [main] DEBUG org.hibernate.SQL - insert into LogEntries (logCode, message, primaryUser, secondaryUser, time, id) values (?, ?, ?, ?, ?, ?)
Hibernate: insert into LogEntries (logCode, message, primaryUser, secondaryUser, time, id) values (?, ?, ?, ?, ?, ?)
19:26:19.149 [main] DEBUG o.h.e.j.internal.JdbcCoordinatorImpl - HHH000420: Closing un-released batch
19:26:19.149 [main] DEBUG o.h.e.t.internal.TransactionImpl - begin
19:26:19.149 [main] DEBUG org.hibernate.SQL - select next_val as id_val from hibernate_sequence for update
Hibernate: select next_val as id_val from hibernate_sequence for update
19:26:19.150 [main] DEBUG org.hibernate.SQL - update hibernate_sequence set next_val= ? where next_val=?
Hibernate: update hibernate_sequence set next_val= ? where next_val=?
19:26:19.151 [main] DEBUG o.h.e.i.AbstractSaveEventListener - Generated identifier: 209, using strategy: org.hibernate.id.enhanced.SequenceStyleGenerator
19:26:19.151 [main] DEBUG o.h.e.t.internal.TransactionImpl - committing
19:26:19.151 [main] DEBUG o.h.e.i.AbstractFlushingEventListener - Processing flush-time cascades
19:26:19.151 [main] DEBUG o.h.e.i.AbstractFlushingEventListener - Dirty checking collections
19:26:19.151 [main] DEBUG o.h.e.i.AbstractFlushingEventListener - Flushed: 1 insertions, 0 updates, 0 deletions to 1 objects
19:26:19.151 [main] DEBUG o.h.e.i.AbstractFlushingEventListener - Flushed: 0 (re)creations, 0 updates, 0 removals to 0 collections
19:26:19.151 [main] DEBUG o.h.internal.util.EntityPrinter - Listing entities:
19:26:19.152 [main] DEBUG o.h.internal.util.EntityPrinter - edu.ncsu.csc.itrust2.models.persistent.LogEntry{secondaryUser=null, logCode=5, primaryUser=logapitest, id=209, time=java.util.GregorianCalendar[time=1521660379149,areFieldsSet=true,areAllFieldsSet=true,lenient=true,zone=sun.util.calendar.ZoneInfo[id="Etc/UTC",offset=0,dstSavings=0,useDaylight=false,transitions=0,lastRule=null],firstDayOfWeek=1,minimalDaysInFirstWeek=1,ERA=1,YEAR=2018,MONTH=2,WEEK_OF_YEAR=12,WEEK_OF_MONTH=4,DAY_OF_MONTH=21,DAY_OF_YEAR=80,DAY_OF_WEEK=4,DAY_OF_WEEK_IN_MONTH=3,AM_PM=1,HOUR=7,HOUR_OF_DAY=19,MINUTE=26,SECOND=19,MILLISECOND=149,ZONE_OFFSET=0,DST_OFFSET=0], message=null}
19:26:19.152 [main] DEBUG org.hibernate.SQL - insert into LogEntries (logCode, message, primaryUser, secondaryUser, time, id) values (?, ?, ?, ?, ?, ?)
Hibernate: insert into LogEntries (logCode, message, primaryUser, secondaryUser, time, id) values (?, ?, ?, ?, ?, ?)
19:26:19.153 [main] DEBUG o.h.e.j.internal.JdbcCoordinatorImpl - HHH000420: Closing un-released batch
19:26:19.154 [main] DEBUG o.h.e.t.internal.TransactionImpl - begin
19:26:19.155 [main] DEBUG org.hibernate.SQL - select next_val as id_val from hibernate_sequence for update
Hibernate: select next_val as id_val from hibernate_sequence for update
19:26:19.155 [main] DEBUG org.hibernate.SQL - update hibernate_sequence set next_val= ? where next_val=?
Hibernate: update hibernate_sequence set next_val= ? where next_val=?
19:26:19.156 [main] DEBUG o.h.e.i.AbstractSaveEventListener - Generated identifier: 210, using strategy: org.hibernate.id.enhanced.SequenceStyleGenerator
19:26:19.157 [main] DEBUG o.h.e.t.internal.TransactionImpl - committing
19:26:19.157 [main] DEBUG o.h.e.i.AbstractFlushingEventListener - Processing flush-time cascades
19:26:19.157 [main] DEBUG o.h.e.i.AbstractFlushingEventListener - Dirty checking collections
19:26:19.157 [main] DEBUG o.h.e.i.AbstractFlushingEventListener - Flushed: 1 insertions, 0 updates, 0 deletions to 1 objects
19:26:19.157 [main] DEBUG o.h.e.i.AbstractFlushingEventListener - Flushed: 0 (re)creations, 0 updates, 0 removals to 0 collections
19:26:19.157 [main] DEBUG o.h.internal.util.EntityPrinter - Listing entities:
19:26:19.157 [main] DEBUG o.h.internal.util.EntityPrinter - edu.ncsu.csc.itrust2.models.persistent.LogEntry{secondaryUser=null, logCode=5, primaryUser=logapitest, id=210, time=java.util.GregorianCalendar[time=1521660379154,areFieldsSet=true,areAllFieldsSet=true,lenient=true,zone=sun.util.calendar.ZoneInfo[id="Etc/UTC",offset=0,dstSavings=0,useDaylight=false,transitions=0,lastRule=null],firstDayOfWeek=1,minimalDaysInFirstWeek=1,ERA=1,YEAR=2018,MONTH=2,WEEK_OF_YEAR=12,WEEK_OF_MONTH=4,DAY_OF_MONTH=21,DAY_OF_YEAR=80,DAY_OF_WEEK=4,DAY_OF_WEEK_IN_MONTH=3,AM_PM=1,HOUR=7,HOUR_OF_DAY=19,MINUTE=26,SECOND=19,MILLISECOND=154,ZONE_OFFSET=0,DST_OFFSET=0], message=null}
19:26:19.157 [main] DEBUG org.hibernate.SQL - insert into LogEntries (logCode, message, primaryUser, secondaryUser, time, id) values (?, ?, ?, ?, ?, ?)
Hibernate: insert into LogEntries (logCode, message, primaryUser, secondaryUser, time, id) values (?, ?, ?, ?, ?, ?)
19:26:19.158 [main] DEBUG o.h.e.j.internal.JdbcCoordinatorImpl - HHH000420: Closing un-released batch
19:26:19.159 [main] DEBUG o.h.e.t.internal.TransactionImpl - begin
19:26:19.159 [main] DEBUG org.hibernate.SQL - select next_val as id_val from hibernate_sequence for update
Hibernate: select next_val as id_val from hibernate_sequence for update
19:26:19.160 [main] DEBUG org.hibernate.SQL - update hibernate_sequence set next_val= ? where next_val=?
Hibernate: update hibernate_sequence set next_val= ? where next_val=?
19:26:19.161 [main] DEBUG o.h.e.i.AbstractSaveEventListener - Generated identifier: 211, using strategy: org.hibernate.id.enhanced.SequenceStyleGenerator
19:26:19.162 [main] DEBUG o.h.e.t.internal.TransactionImpl - committing
19:26:19.162 [main] DEBUG o.h.e.i.AbstractFlushingEventListener - Processing flush-time cascades
19:26:19.162 [main] DEBUG o.h.e.i.AbstractFlushingEventListener - Dirty checking collections
19:26:19.162 [main] DEBUG o.h.e.i.AbstractFlushingEventListener - Flushed: 1 insertions, 0 updates, 0 deletions to 1 objects
19:26:19.162 [main] DEBUG o.h.e.i.AbstractFlushingEventListener - Flushed: 0 (re)creations, 0 updates, 0 removals to 0 collections
19:26:19.162 [main] DEBUG o.h.internal.util.EntityPrinter - Listing entities:
19:26:19.162 [main] DEBUG o.h.internal.util.EntityPrinter - edu.ncsu.csc.itrust2.models.persistent.LogEntry{secondaryUser=null, logCode=5, primaryUser=logapitest, id=211, time=java.util.GregorianCalendar[time=1521660379159,areFieldsSet=true,areAllFieldsSet=true,lenient=true,zone=sun.util.calendar.ZoneInfo[id="Etc/UTC",offset=0,dstSavings=0,useDaylight=false,transitions=0,lastRule=null],firstDayOfWeek=1,minimalDaysInFirstWeek=1,ERA=1,YEAR=2018,MONTH=2,WEEK_OF_YEAR=12,WEEK_OF_MONTH=4,DAY_OF_MONTH=21,DAY_OF_YEAR=80,DAY_OF_WEEK=4,DAY_OF_WEEK_IN_MONTH=3,AM_PM=1,HOUR=7,HOUR_OF_DAY=19,MINUTE=26,SECOND=19,MILLISECOND=159,ZONE_OFFSET=0,DST_OFFSET=0], message=null}
19:26:19.163 [main] DEBUG org.hibernate.SQL - insert into LogEntries (logCode, message, primaryUser, secondaryUser, time, id) values (?, ?, ?, ?, ?, ?)
Hibernate: insert into LogEntries (logCode, message, primaryUser, secondaryUser, time, id) values (?, ?, ?, ?, ?, ?)
19:26:19.164 [main] DEBUG o.h.e.j.internal.JdbcCoordinatorImpl - HHH000420: Closing un-released batch
19:26:19.164 [main] DEBUG o.h.e.t.internal.TransactionImpl - begin
19:26:19.165 [main] DEBUG org.hibernate.SQL - select next_val as id_val from hibernate_sequence for update
Hibernate: select next_val as id_val from hibernate_sequence for update
19:26:19.165 [main] DEBUG org.hibernate.SQL - update hibernate_sequence set next_val= ? where next_val=?
Hibernate: update hibernate_sequence set next_val= ? where next_val=?
19:26:19.166 [main] DEBUG o.h.e.i.AbstractSaveEventListener - Generated identifier: 212, using strategy: org.hibernate.id.enhanced.SequenceStyleGenerator
19:26:19.166 [main] DEBUG o.h.e.t.internal.TransactionImpl - committing
19:26:19.167 [main] DEBUG o.h.e.i.AbstractFlushingEventListener - Processing flush-time cascades
19:26:19.167 [main] DEBUG o.h.e.i.AbstractFlushingEventListener - Dirty checking collections
19:26:19.167 [main] DEBUG o.h.e.i.AbstractFlushingEventListener - Flushed: 1 insertions, 0 updates, 0 deletions to 1 objects
19:26:19.167 [main] DEBUG o.h.e.i.AbstractFlushingEventListener - Flushed: 0 (re)creations, 0 updates, 0 removals to 0 collections
19:26:19.167 [main] DEBUG o.h.internal.util.EntityPrinter - Listing entities:
19:26:19.167 [main] DEBUG o.h.internal.util.EntityPrinter - edu.ncsu.csc.itrust2.models.persistent.LogEntry{secondaryUser=null, logCode=5, primaryUser=logapitest, id=212, time=java.util.GregorianCalendar[time=1521660379164,areFieldsSet=true,areAllFieldsSet=true,lenient=true,zone=sun.util.calendar.ZoneInfo[id="Etc/UTC",offset=0,dstSavings=0,useDaylight=false,transitions=0,lastRule=null],firstDayOfWeek=1,minimalDaysInFirstWeek=1,ERA=1,YEAR=2018,MONTH=2,WEEK_OF_YEAR=12,WEEK_OF_MONTH=4,DAY_OF_MONTH=21,DAY_OF_YEAR=80,DAY_OF_WEEK=4,DAY_OF_WEEK_IN_MONTH=3,AM_PM=1,HOUR=7,HOUR_OF_DAY=19,MINUTE=26,SECOND=19,MILLISECOND=164,ZONE_OFFSET=0,DST_OFFSET=0], message=null}
19:26:19.167 [main] DEBUG org.hibernate.SQL - insert into LogEntries (logCode, message, primaryUser, secondaryUser, time, id) values (?, ?, ?, ?, ?, ?)
Hibernate: insert into LogEntries (logCode, message, primaryUser, secondaryUser, time, id) values (?, ?, ?, ?, ?, ?)
19:26:19.169 [main] DEBUG o.h.e.j.internal.JdbcCoordinatorImpl - HHH000420: Closing un-released batch
19:26:19.169 [main] DEBUG o.h.e.t.internal.TransactionImpl - begin
19:26:19.170 [main] DEBUG org.hibernate.SQL - select next_val as id_val from hibernate_sequence for update
Hibernate: select next_val as id_val from hibernate_sequence for update
19:26:19.170 [main] DEBUG org.hibernate.SQL - update hibernate_sequence set next_val= ? where next_val=?
Hibernate: update hibernate_sequence set next_val= ? where next_val=?
19:26:19.172 [main] DEBUG o.h.e.i.AbstractSaveEventListener - Generated identifier: 213, using strategy: org.hibernate.id.enhanced.SequenceStyleGenerator
19:26:19.172 [main] DEBUG o.h.e.t.internal.TransactionImpl - committing
19:26:19.172 [main] DEBUG o.h.e.i.AbstractFlushingEventListener - Processing flush-time cascades
19:26:19.172 [main] DEBUG o.h.e.i.AbstractFlushingEventListener - Dirty checking collections
19:26:19.172 [main] DEBUG o.h.e.i.AbstractFlushingEventListener - Flushed: 1 insertions, 0 updates, 0 deletions to 1 objects
19:26:19.172 [main] DEBUG o.h.e.i.AbstractFlushingEventListener - Flushed: 0 (re)creations, 0 updates, 0 removals to 0 collections
19:26:19.172 [main] DEBUG o.h.internal.util.EntityPrinter - Listing entities:
19:26:19.173 [main] DEBUG o.h.internal.util.EntityPrinter - edu.ncsu.csc.itrust2.models.persistent.LogEntry{secondaryUser=null, logCode=5, primaryUser=logapitest, id=213, time=java.util.GregorianCalendar[time=1521660379169,areFieldsSet=true,areAllFieldsSet=true,lenient=true,zone=sun.util.calendar.ZoneInfo[id="Etc/UTC",offset=0,dstSavings=0,useDaylight=false,transitions=0,lastRule=null],firstDayOfWeek=1,minimalDaysInFirstWeek=1,ERA=1,YEAR=2018,MONTH=2,WEEK_OF_YEAR=12,WEEK_OF_MONTH=4,DAY_OF_MONTH=21,DAY_OF_YEAR=80,DAY_OF_WEEK=4,DAY_OF_WEEK_IN_MONTH=3,AM_PM=1,HOUR=7,HOUR_OF_DAY=19,MINUTE=26,SECOND=19,MILLISECOND=169,ZONE_OFFSET=0,DST_OFFSET=0], message=null}
19:26:19.174 [main] DEBUG org.hibernate.SQL - insert into LogEntries (logCode, message, primaryUser, secondaryUser, time, id) values (?, ?, ?, ?, ?, ?)
Hibernate: insert into LogEntries (logCode, message, primaryUser, secondaryUser, time, id) values (?, ?, ?, ?, ?, ?)
19:26:19.175 [main] DEBUG o.h.e.j.internal.JdbcCoordinatorImpl - HHH000420: Closing un-released batch
19:26:19.176 [main] DEBUG o.h.e.t.internal.TransactionImpl - begin
19:26:19.176 [main] DEBUG org.hibernate.SQL - select next_val as id_val from hibernate_sequence for update
Hibernate: select next_val as id_val from hibernate_sequence for update
19:26:19.177 [main] DEBUG org.hibernate.SQL - update hibernate_sequence set next_val= ? where next_val=?
Hibernate: update hibernate_sequence set next_val= ? where next_val=?
19:26:19.178 [main] DEBUG o.h.e.i.AbstractSaveEventListener - Generated identifier: 214, using strategy: org.hibernate.id.enhanced.SequenceStyleGenerator
19:26:19.178 [main] DEBUG o.h.e.t.internal.TransactionImpl - committing
19:26:19.178 [main] DEBUG o.h.e.i.AbstractFlushingEventListener - Processing flush-time cascades
19:26:19.178 [main] DEBUG o.h.e.i.AbstractFlushingEventListener - Dirty checking collections
19:26:19.178 [main] DEBUG o.h.e.i.AbstractFlushingEventListener - Flushed: 1 insertions, 0 updates, 0 deletions to 1 objects
19:26:19.178 [main] DEBUG o.h.e.i.AbstractFlushingEventListener - Flushed: 0 (re)creations, 0 updates, 0 removals to 0 collections
19:26:19.178 [main] DEBUG o.h.internal.util.EntityPrinter - Listing entities:
19:26:19.179 [main] DEBUG o.h.internal.util.EntityPrinter - edu.ncsu.csc.itrust2.models.persistent.LogEntry{secondaryUser=null, logCode=5, primaryUser=logapitest, id=214, time=java.util.GregorianCalendar[time=1521660379176,areFieldsSet=true,areAllFieldsSet=true,lenient=true,zone=sun.util.calendar.ZoneInfo[id="Etc/UTC",offset=0,dstSavings=0,useDaylight=false,transitions=0,lastRule=null],firstDayOfWeek=1,minimalDaysInFirstWeek=1,ERA=1,YEAR=2018,MONTH=2,WEEK_OF_YEAR=12,WEEK_OF_MONTH=4,DAY_OF_MONTH=21,DAY_OF_YEAR=80,DAY_OF_WEEK=4,DAY_OF_WEEK_IN_MONTH=3,AM_PM=1,HOUR=7,HOUR_OF_DAY=19,MINUTE=26,SECOND=19,MILLISECOND=176,ZONE_OFFSET=0,DST_OFFSET=0], message=null}
19:26:19.179 [main] DEBUG org.hibernate.SQL - insert into LogEntries (logCode, message, primaryUser, secondaryUser, time, id) values (?, ?, ?, ?, ?, ?)
Hibernate: insert into LogEntries (logCode, message, primaryUser, secondaryUser, time, id) values (?, ?, ?, ?, ?, ?)
19:26:19.180 [main] DEBUG o.h.e.j.internal.JdbcCoordinatorImpl - HHH000420: Closing un-released batch
19:26:19.181 [main] DEBUG o.h.e.t.internal.TransactionImpl - begin
19:26:19.181 [main] DEBUG org.hibernate.SQL - select next_val as id_val from hibernate_sequence for update
Hibernate: select next_val as id_val from hibernate_sequence for update
19:26:19.182 [main] DEBUG org.hibernate.SQL - update hibernate_sequence set next_val= ? where next_val=?
Hibernate: update hibernate_sequence set next_val= ? where next_val=?
19:26:19.183 [main] DEBUG o.h.e.i.AbstractSaveEventListener - Generated identifier: 215, using strategy: org.hibernate.id.enhanced.SequenceStyleGenerator
19:26:19.184 [main] DEBUG o.h.e.t.internal.TransactionImpl - committing
19:26:19.184 [main] DEBUG o.h.e.i.AbstractFlushingEventListener - Processing flush-time cascades
19:26:19.184 [main] DEBUG o.h.e.i.AbstractFlushingEventListener - Dirty checking collections
19:26:19.185 [main] DEBUG o.h.e.i.AbstractFlushingEventListener - Flushed: 1 insertions, 0 updates, 0 deletions to 1 objects
19:26:19.185 [main] DEBUG o.h.e.i.AbstractFlushingEventListener - Flushed: 0 (re)creations, 0 updates, 0 removals to 0 collections
19:26:19.185 [main] DEBUG o.h.internal.util.EntityPrinter - Listing entities:
19:26:19.185 [main] DEBUG o.h.internal.util.EntityPrinter - edu.ncsu.csc.itrust2.models.persistent.LogEntry{secondaryUser=null, logCode=5, primaryUser=logapitest, id=215, time=java.util.GregorianCalendar[time=1521660379181,areFieldsSet=true,areAllFieldsSet=true,lenient=true,zone=sun.util.calendar.ZoneInfo[id="Etc/UTC",offset=0,dstSavings=0,useDaylight=false,transitions=0,lastRule=null],firstDayOfWeek=1,minimalDaysInFirstWeek=1,ERA=1,YEAR=2018,MONTH=2,WEEK_OF_YEAR=12,WEEK_OF_MONTH=4,DAY_OF_MONTH=21,DAY_OF_YEAR=80,DAY_OF_WEEK=4,DAY_OF_WEEK_IN_MONTH=3,AM_PM=1,HOUR=7,HOUR_OF_DAY=19,MINUTE=26,SECOND=19,MILLISECOND=181,ZONE_OFFSET=0,DST_OFFSET=0], message=null}
19:26:19.186 [main] DEBUG org.hibernate.SQL - insert into LogEntries (logCode, message, primaryUser, secondaryUser, time, id) values (?, ?, ?, ?, ?, ?)
Hibernate: insert into LogEntries (logCode, message, primaryUser, secondaryUser, time, id) values (?, ?, ?, ?, ?, ?)
19:26:19.188 [main] DEBUG o.h.e.j.internal.JdbcCoordinatorImpl - HHH000420: Closing un-released batch
19:26:19.188 [main] DEBUG o.h.e.t.internal.TransactionImpl - begin
19:26:19.189 [main] DEBUG org.hibernate.SQL - select next_val as id_val from hibernate_sequence for update
Hibernate: select next_val as id_val from hibernate_sequence for update
19:26:19.190 [main] DEBUG org.hibernate.SQL - update hibernate_sequence set next_val= ? where next_val=?
Hibernate: update hibernate_sequence set next_val= ? where next_val=?
19:26:19.191 [main] DEBUG o.h.e.i.AbstractSaveEventListener - Generated identifier: 216, using strategy: org.hibernate.id.enhanced.SequenceStyleGenerator
19:26:19.191 [main] DEBUG o.h.e.t.internal.TransactionImpl - committing
19:26:19.191 [main] DEBUG o.h.e.i.AbstractFlushingEventListener - Processing flush-time cascades
19:26:19.191 [main] DEBUG o.h.e.i.AbstractFlushingEventListener - Dirty checking collections
19:26:19.192 [main] DEBUG o.h.e.i.AbstractFlushingEventListener - Flushed: 1 insertions, 0 updates, 0 deletions to 1 objects
19:26:19.192 [main] DEBUG o.h.e.i.AbstractFlushingEventListener - Flushed: 0 (re)creations, 0 updates, 0 removals to 0 collections
19:26:19.192 [main] DEBUG o.h.internal.util.EntityPrinter - Listing entities:
19:26:19.192 [main] DEBUG o.h.internal.util.EntityPrinter - edu.ncsu.csc.itrust2.models.persistent.LogEntry{secondaryUser=null, logCode=5, primaryUser=logapitest, id=216, time=java.util.GregorianCalendar[time=1521660379188,areFieldsSet=true,areAllFieldsSet=true,lenient=true,zone=sun.util.calendar.ZoneInfo[id="Etc/UTC",offset=0,dstSavings=0,useDaylight=false,transitions=0,lastRule=null],firstDayOfWeek=1,minimalDaysInFirstWeek=1,ERA=1,YEAR=2018,MONTH=2,WEEK_OF_YEAR=12,WEEK_OF_MONTH=4,DAY_OF_MONTH=21,DAY_OF_YEAR=80,DAY_OF_WEEK=4,DAY_OF_WEEK_IN_MONTH=3,AM_PM=1,HOUR=7,HOUR_OF_DAY=19,MINUTE=26,SECOND=19,MILLISECOND=188,ZONE_OFFSET=0,DST_OFFSET=0], message=null}
19:26:19.192 [main] DEBUG org.hibernate.SQL - insert into LogEntries (logCode, message, primaryUser, secondaryUser, time, id) values (?, ?, ?, ?, ?, ?)
Hibernate: insert into LogEntries (logCode, message, primaryUser, secondaryUser, time, id) values (?, ?, ?, ?, ?, ?)
19:26:19.194 [main] DEBUG o.h.e.j.internal.JdbcCoordinatorImpl - HHH000420: Closing un-released batch
19:26:19.194 [main] DEBUG o.h.e.t.internal.TransactionImpl - begin
19:26:19.195 [main] DEBUG org.hibernate.SQL - select next_val as id_val from hibernate_sequence for update
Hibernate: select next_val as id_val from hibernate_sequence for update
19:26:19.195 [main] DEBUG org.hibernate.SQL - update hibernate_sequence set next_val= ? where next_val=?
Hibernate: update hibernate_sequence set next_val= ? where next_val=?
19:26:19.196 [main] DEBUG o.h.e.i.AbstractSaveEventListener - Generated identifier: 217, using strategy: org.hibernate.id.enhanced.SequenceStyleGenerator
19:26:19.197 [main] DEBUG o.h.e.t.internal.TransactionImpl - committing
19:26:19.197 [main] DEBUG o.h.e.i.AbstractFlushingEventListener - Processing flush-time cascades
19:26:19.197 [main] DEBUG o.h.e.i.AbstractFlushingEventListener - Dirty checking collections
19:26:19.197 [main] DEBUG o.h.e.i.AbstractFlushingEventListener - Flushed: 1 insertions, 0 updates, 0 deletions to 1 objects
19:26:19.197 [main] DEBUG o.h.e.i.AbstractFlushingEventListener - Flushed: 0 (re)creations, 0 updates, 0 removals to 0 collections
19:26:19.197 [main] DEBUG o.h.internal.util.EntityPrinter - Listing entities:
19:26:19.197 [main] DEBUG o.h.internal.util.EntityPrinter - edu.ncsu.csc.itrust2.models.persistent.LogEntry{secondaryUser=null, logCode=5, primaryUser=logapitest, id=217, time=java.util.GregorianCalendar[time=1521660379194,areFieldsSet=true,areAllFieldsSet=true,lenient=true,zone=sun.util.calendar.ZoneInfo[id="Etc/UTC",offset=0,dstSavings=0,useDaylight=false,transitions=0,lastRule=null],firstDayOfWeek=1,minimalDaysInFirstWeek=1,ERA=1,YEAR=2018,MONTH=2,WEEK_OF_YEAR=12,WEEK_OF_MONTH=4,DAY_OF_MONTH=21,DAY_OF_YEAR=80,DAY_OF_WEEK=4,DAY_OF_WEEK_IN_MONTH=3,AM_PM=1,HOUR=7,HOUR_OF_DAY=19,MINUTE=26,SECOND=19,MILLISECOND=194,ZONE_OFFSET=0,DST_OFFSET=0], message=null}
19:26:19.198 [main] DEBUG org.hibernate.SQL - insert into LogEntries (logCode, message, primaryUser, secondaryUser, time, id) values (?, ?, ?, ?, ?, ?)
Hibernate: insert into LogEntries (logCode, message, primaryUser, secondaryUser, time, id) values (?, ?, ?, ?, ?, ?)
19:26:19.200 [main] DEBUG o.h.e.j.internal.JdbcCoordinatorImpl - HHH000420: Closing un-released batch
19:26:19.201 [main] DEBUG o.h.e.t.internal.TransactionImpl - begin
19:26:19.201 [main] DEBUG org.hibernate.SQL - select next_val as id_val from hibernate_sequence for update
Hibernate: select next_val as id_val from hibernate_sequence for update
19:26:19.202 [main] DEBUG org.hibernate.SQL - update hibernate_sequence set next_val= ? where next_val=?
Hibernate: update hibernate_sequence set next_val= ? where next_val=?
19:26:19.203 [main] DEBUG o.h.e.i.AbstractSaveEventListener - Generated identifier: 218, using strategy: org.hibernate.id.enhanced.SequenceStyleGenerator
19:26:19.203 [main] DEBUG o.h.e.t.internal.TransactionImpl - committing
19:26:19.203 [main] DEBUG o.h.e.i.AbstractFlushingEventListener - Processing flush-time cascades
19:26:19.203 [main] DEBUG o.h.e.i.AbstractFlushingEventListener - Dirty checking collections
19:26:19.203 [main] DEBUG o.h.e.i.AbstractFlushingEventListener - Flushed: 1 insertions, 0 updates, 0 deletions to 1 objects
19:26:19.203 [main] DEBUG o.h.e.i.AbstractFlushingEventListener - Flushed: 0 (re)creations, 0 updates, 0 removals to 0 collections
19:26:19.204 [main] DEBUG o.h.internal.util.EntityPrinter - Listing entities:
19:26:19.204 [main] DEBUG o.h.internal.util.EntityPrinter - edu.ncsu.csc.itrust2.models.persistent.LogEntry{secondaryUser=null, logCode=5, primaryUser=logapitest, id=218, time=java.util.GregorianCalendar[time=1521660379201,areFieldsSet=true,areAllFieldsSet=true,lenient=true,zone=sun.util.calendar.ZoneInfo[id="Etc/UTC",offset=0,dstSavings=0,useDaylight=false,transitions=0,lastRule=null],firstDayOfWeek=1,minimalDaysInFirstWeek=1,ERA=1,YEAR=2018,MONTH=2,WEEK_OF_YEAR=12,WEEK_OF_MONTH=4,DAY_OF_MONTH=21,DAY_OF_YEAR=80,DAY_OF_WEEK=4,DAY_OF_WEEK_IN_MONTH=3,AM_PM=1,HOUR=7,HOUR_OF_DAY=19,MINUTE=26,SECOND=19,MILLISECOND=201,ZONE_OFFSET=0,DST_OFFSET=0], message=null}
19:26:19.204 [main] DEBUG org.hibernate.SQL - insert into LogEntries (logCode, message, primaryUser, secondaryUser, time, id) values (?, ?, ?, ?, ?, ?)
Hibernate: insert into LogEntries (logCode, message, primaryUser, secondaryUser, time, id) values (?, ?, ?, ?, ?, ?)
19:26:19.206 [main] DEBUG o.h.e.j.internal.JdbcCoordinatorImpl - HHH000420: Closing un-released batch
19:26:19.206 [main] DEBUG o.h.e.t.internal.TransactionImpl - begin
19:26:19.206 [main] DEBUG org.hibernate.SQL - select next_val as id_val from hibernate_sequence for update
Hibernate: select next_val as id_val from hibernate_sequence for update
19:26:19.207 [main] DEBUG org.hibernate.SQL - update hibernate_sequence set next_val= ? where next_val=?
Hibernate: update hibernate_sequence set next_val= ? where next_val=?
19:26:19.208 [main] DEBUG o.h.e.i.AbstractSaveEventListener - Generated identifier: 219, using strategy: org.hibernate.id.enhanced.SequenceStyleGenerator
19:26:19.208 [main] DEBUG o.h.e.t.internal.TransactionImpl - committing
19:26:19.208 [main] DEBUG o.h.e.i.AbstractFlushingEventListener - Processing flush-time cascades
19:26:19.208 [main] DEBUG o.h.e.i.AbstractFlushingEventListener - Dirty checking collections
19:26:19.209 [main] DEBUG o.h.e.i.AbstractFlushingEventListener - Flushed: 1 insertions, 0 updates, 0 deletions to 1 objects
19:26:19.212 [main] DEBUG o.h.e.i.AbstractFlushingEventListener - Flushed: 0 (re)creations, 0 updates, 0 removals to 0 collections
19:26:19.212 [main] DEBUG o.h.internal.util.EntityPrinter - Listing entities:
19:26:19.212 [main] DEBUG o.h.internal.util.EntityPrinter - edu.ncsu.csc.itrust2.models.persistent.LogEntry{secondaryUser=null, logCode=5, primaryUser=logapitest, id=219, time=java.util.GregorianCalendar[time=1521660379206,areFieldsSet=true,areAllFieldsSet=true,lenient=true,zone=sun.util.calendar.ZoneInfo[id="Etc/UTC",offset=0,dstSavings=0,useDaylight=false,transitions=0,lastRule=null],firstDayOfWeek=1,minimalDaysInFirstWeek=1,ERA=1,YEAR=2018,MONTH=2,WEEK_OF_YEAR=12,WEEK_OF_MONTH=4,DAY_OF_MONTH=21,DAY_OF_YEAR=80,DAY_OF_WEEK=4,DAY_OF_WEEK_IN_MONTH=3,AM_PM=1,HOUR=7,HOUR_OF_DAY=19,MINUTE=26,SECOND=19,MILLISECOND=206,ZONE_OFFSET=0,DST_OFFSET=0], message=null}
19:26:19.212 [main] DEBUG org.hibernate.SQL - insert into LogEntries (logCode, message, primaryUser, secondaryUser, time, id) values (?, ?, ?, ?, ?, ?)
Hibernate: insert into LogEntries (logCode, message, primaryUser, secondaryUser, time, id) values (?, ?, ?, ?, ?, ?)
19:26:19.214 [main] DEBUG o.h.e.j.internal.JdbcCoordinatorImpl - HHH000420: Closing un-released batch
19:26:19.214 [main] DEBUG o.h.e.t.internal.TransactionImpl - begin
19:26:19.214 [main] DEBUG org.hibernate.SQL - select next_val as id_val from hibernate_sequence for update
Hibernate: select next_val as id_val from hibernate_sequence for update
19:26:19.215 [main] DEBUG org.hibernate.SQL - update hibernate_sequence set next_val= ? where next_val=?
Hibernate: update hibernate_sequence set next_val= ? where next_val=?
19:26:19.216 [main] DEBUG o.h.e.i.AbstractSaveEventListener - Generated identifier: 220, using strategy: org.hibernate.id.enhanced.SequenceStyleGenerator
19:26:19.217 [main] DEBUG o.h.e.t.internal.TransactionImpl - committing
19:26:19.217 [main] DEBUG o.h.e.i.AbstractFlushingEventListener - Processing flush-time cascades
19:26:19.217 [main] DEBUG o.h.e.i.AbstractFlushingEventListener - Dirty checking collections
19:26:19.217 [main] DEBUG o.h.e.i.AbstractFlushingEventListener - Flushed: 1 insertions, 0 updates, 0 deletions to 1 objects
19:26:19.217 [main] DEBUG o.h.e.i.AbstractFlushingEventListener - Flushed: 0 (re)creations, 0 updates, 0 removals to 0 collections
19:26:19.217 [main] DEBUG o.h.internal.util.EntityPrinter - Listing entities:
19:26:19.217 [main] DEBUG o.h.internal.util.EntityPrinter - edu.ncsu.csc.itrust2.models.persistent.LogEntry{secondaryUser=null, logCode=5, primaryUser=logapitest, id=220, time=java.util.GregorianCalendar[time=1521660379214,areFieldsSet=true,areAllFieldsSet=true,lenient=true,zone=sun.util.calendar.ZoneInfo[id="Etc/UTC",offset=0,dstSavings=0,useDaylight=false,transitions=0,lastRule=null],firstDayOfWeek=1,minimalDaysInFirstWeek=1,ERA=1,YEAR=2018,MONTH=2,WEEK_OF_YEAR=12,WEEK_OF_MONTH=4,DAY_OF_MONTH=21,DAY_OF_YEAR=80,DAY_OF_WEEK=4,DAY_OF_WEEK_IN_MONTH=3,AM_PM=1,HOUR=7,HOUR_OF_DAY=19,MINUTE=26,SECOND=19,MILLISECOND=214,ZONE_OFFSET=0,DST_OFFSET=0], message=null}
19:26:19.218 [main] DEBUG org.hibernate.SQL - insert into LogEntries (logCode, message, primaryUser, secondaryUser, time, id) values (?, ?, ?, ?, ?, ?)
Hibernate: insert into LogEntries (logCode, message, primaryUser, secondaryUser, time, id) values (?, ?, ?, ?, ?, ?)
19:26:19.219 [main] DEBUG o.h.e.j.internal.JdbcCoordinatorImpl - HHH000420: Closing un-released batch
19:26:19.219 [main] DEBUG o.h.e.t.internal.TransactionImpl - begin
19:26:19.220 [main] DEBUG org.hibernate.SQL - select next_val as id_val from hibernate_sequence for update
Hibernate: select next_val as id_val from hibernate_sequence for update
19:26:19.220 [main] DEBUG org.hibernate.SQL - update hibernate_sequence set next_val= ? where next_val=?
Hibernate: update hibernate_sequence set next_val= ? where next_val=?
19:26:19.222 [main] DEBUG o.h.e.i.AbstractSaveEventListener - Generated identifier: 221, using strategy: org.hibernate.id.enhanced.SequenceStyleGenerator
19:26:19.222 [main] DEBUG o.h.e.t.internal.TransactionImpl - committing
19:26:19.222 [main] DEBUG o.h.e.i.AbstractFlushingEventListener - Processing flush-time cascades
19:26:19.223 [main] DEBUG o.h.e.i.AbstractFlushingEventListener - Dirty checking collections
19:26:19.223 [main] DEBUG o.h.e.i.AbstractFlushingEventListener - Flushed: 1 insertions, 0 updates, 0 deletions to 1 objects
19:26:19.223 [main] DEBUG o.h.e.i.AbstractFlushingEventListener - Flushed: 0 (re)creations, 0 updates, 0 removals to 0 collections
19:26:19.223 [main] DEBUG o.h.internal.util.EntityPrinter - Listing entities:
19:26:19.223 [main] DEBUG o.h.internal.util.EntityPrinter - edu.ncsu.csc.itrust2.models.persistent.LogEntry{secondaryUser=null, logCode=5, primaryUser=logapitest, id=221, time=java.util.GregorianCalendar[time=1521660379219,areFieldsSet=true,areAllFieldsSet=true,lenient=true,zone=sun.util.calendar.ZoneInfo[id="Etc/UTC",offset=0,dstSavings=0,useDaylight=false,transitions=0,lastRule=null],firstDayOfWeek=1,minimalDaysInFirstWeek=1,ERA=1,YEAR=2018,MONTH=2,WEEK_OF_YEAR=12,WEEK_OF_MONTH=4,DAY_OF_MONTH=21,DAY_OF_YEAR=80,DAY_OF_WEEK=4,DAY_OF_WEEK_IN_MONTH=3,AM_PM=1,HOUR=7,HOUR_OF_DAY=19,MINUTE=26,SECOND=19,MILLISECOND=219,ZONE_OFFSET=0,DST_OFFSET=0], message=null}
19:26:19.223 [main] DEBUG org.hibernate.SQL - insert into LogEntries (logCode, message, primaryUser, secondaryUser, time, id) values (?, ?, ?, ?, ?, ?)
Hibernate: insert into LogEntries (logCode, message, primaryUser, secondaryUser, time, id) values (?, ?, ?, ?, ?, ?)
19:26:19.225 [main] DEBUG o.h.e.j.internal.JdbcCoordinatorImpl - HHH000420: Closing un-released batch
19:26:19.226 [main] DEBUG o.h.e.t.internal.TransactionImpl - begin
19:26:19.226 [main] DEBUG org.hibernate.SQL - select next_val as id_val from hibernate_sequence for update
Hibernate: select next_val as id_val from hibernate_sequence for update
19:26:19.227 [main] DEBUG org.hibernate.SQL - update hibernate_sequence set next_val= ? where next_val=?
Hibernate: update hibernate_sequence set next_val= ? where next_val=?
19:26:19.228 [main] DEBUG o.h.e.i.AbstractSaveEventListener - Generated identifier: 222, using strategy: org.hibernate.id.enhanced.SequenceStyleGenerator
19:26:19.229 [main] DEBUG o.h.e.t.internal.TransactionImpl - committing
19:26:19.229 [main] DEBUG o.h.e.i.AbstractFlushingEventListener - Processing flush-time cascades
19:26:19.229 [main] DEBUG o.h.e.i.AbstractFlushingEventListener - Dirty checking collections
19:26:19.229 [main] DEBUG o.h.e.i.AbstractFlushingEventListener - Flushed: 1 insertions, 0 updates, 0 deletions to 1 objects
19:26:19.229 [main] DEBUG o.h.e.i.AbstractFlushingEventListener - Flushed: 0 (re)creations, 0 updates, 0 removals to 0 collections
19:26:19.229 [main] DEBUG o.h.internal.util.EntityPrinter - Listing entities:
19:26:19.229 [main] DEBUG o.h.internal.util.EntityPrinter - edu.ncsu.csc.itrust2.models.persistent.LogEntry{secondaryUser=null, logCode=5, primaryUser=logapitest, id=222, time=java.util.GregorianCalendar[time=1521660379226,areFieldsSet=true,areAllFieldsSet=true,lenient=true,zone=sun.util.calendar.ZoneInfo[id="Etc/UTC",offset=0,dstSavings=0,useDaylight=false,transitions=0,lastRule=null],firstDayOfWeek=1,minimalDaysInFirstWeek=1,ERA=1,YEAR=2018,MONTH=2,WEEK_OF_YEAR=12,WEEK_OF_MONTH=4,DAY_OF_MONTH=21,DAY_OF_YEAR=80,DAY_OF_WEEK=4,DAY_OF_WEEK_IN_MONTH=3,AM_PM=1,HOUR=7,HOUR_OF_DAY=19,MINUTE=26,SECOND=19,MILLISECOND=226,ZONE_OFFSET=0,DST_OFFSET=0], message=null}
19:26:19.230 [main] DEBUG org.hibernate.SQL - insert into LogEntries (logCode, message, primaryUser, secondaryUser, time, id) values (?, ?, ?, ?, ?, ?)
Hibernate: insert into LogEntries (logCode, message, primaryUser, secondaryUser, time, id) values (?, ?, ?, ?, ?, ?)
19:26:19.231 [main] DEBUG o.h.e.j.internal.JdbcCoordinatorImpl - HHH000420: Closing un-released batch
19:26:19.232 [main] DEBUG o.h.e.t.internal.TransactionImpl - begin
19:26:19.233 [main] DEBUG org.hibernate.SQL - select next_val as id_val from hibernate_sequence for update
Hibernate: select next_val as id_val from hibernate_sequence for update
19:26:19.233 [main] DEBUG org.hibernate.SQL - update hibernate_sequence set next_val= ? where next_val=?
Hibernate: update hibernate_sequence set next_val= ? where next_val=?
19:26:19.234 [main] DEBUG o.h.e.i.AbstractSaveEventListener - Generated identifier: 223, using strategy: org.hibernate.id.enhanced.SequenceStyleGenerator
19:26:19.235 [main] DEBUG o.h.e.t.internal.TransactionImpl - committing
19:26:19.235 [main] DEBUG o.h.e.i.AbstractFlushingEventListener - Processing flush-time cascades
19:26:19.235 [main] DEBUG o.h.e.i.AbstractFlushingEventListener - Dirty checking collections
19:26:19.235 [main] DEBUG o.h.e.i.AbstractFlushingEventListener - Flushed: 1 insertions, 0 updates, 0 deletions to 1 objects
19:26:19.235 [main] DEBUG o.h.e.i.AbstractFlushingEventListener - Flushed: 0 (re)creations, 0 updates, 0 removals to 0 collections
19:26:19.235 [main] DEBUG o.h.internal.util.EntityPrinter - Listing entities:
19:26:19.235 [main] DEBUG o.h.internal.util.EntityPrinter - edu.ncsu.csc.itrust2.models.persistent.LogEntry{secondaryUser=null, logCode=5, primaryUser=logapitest, id=223, time=java.util.GregorianCalendar[time=1521660379232,areFieldsSet=true,areAllFieldsSet=true,lenient=true,zone=sun.util.calendar.ZoneInfo[id="Etc/UTC",offset=0,dstSavings=0,useDaylight=false,transitions=0,lastRule=null],firstDayOfWeek=1,minimalDaysInFirstWeek=1,ERA=1,YEAR=2018,MONTH=2,WEEK_OF_YEAR=12,WEEK_OF_MONTH=4,DAY_OF_MONTH=21,DAY_OF_YEAR=80,DAY_OF_WEEK=4,DAY_OF_WEEK_IN_MONTH=3,AM_PM=1,HOUR=7,HOUR_OF_DAY=19,MINUTE=26,SECOND=19,MILLISECOND=232,ZONE_OFFSET=0,DST_OFFSET=0], message=null}
19:26:19.236 [main] DEBUG org.hibernate.SQL - insert into LogEntries (logCode, message, primaryUser, secondaryUser, time, id) values (?, ?, ?, ?, ?, ?)
Hibernate: insert into LogEntries (logCode, message, primaryUser, secondaryUser, time, id) values (?, ?, ?, ?, ?, ?)
19:26:19.242 [main] DEBUG o.h.e.j.internal.JdbcCoordinatorImpl - HHH000420: Closing un-released batch
19:26:19.242 [main] DEBUG o.h.e.t.internal.TransactionImpl - begin
19:26:19.242 [main] DEBUG org.hibernate.SQL - select next_val as id_val from hibernate_sequence for update
Hibernate: select next_val as id_val from hibernate_sequence for update
19:26:19.243 [main] DEBUG org.hibernate.SQL - update hibernate_sequence set next_val= ? where next_val=?
Hibernate: update hibernate_sequence set next_val= ? where next_val=?
19:26:19.244 [main] DEBUG o.h.e.i.AbstractSaveEventListener - Generated identifier: 224, using strategy: org.hibernate.id.enhanced.SequenceStyleGenerator
19:26:19.244 [main] DEBUG o.h.e.t.internal.TransactionImpl - committing
19:26:19.244 [main] DEBUG o.h.e.i.AbstractFlushingEventListener - Processing flush-time cascades
19:26:19.244 [main] DEBUG o.h.e.i.AbstractFlushingEventListener - Dirty checking collections
19:26:19.244 [main] DEBUG o.h.e.i.AbstractFlushingEventListener - Flushed: 1 insertions, 0 updates, 0 deletions to 1 objects
19:26:19.244 [main] DEBUG o.h.e.i.AbstractFlushingEventListener - Flushed: 0 (re)creations, 0 updates, 0 removals to 0 collections
19:26:19.244 [main] DEBUG o.h.internal.util.EntityPrinter - Listing entities:
19:26:19.245 [main] DEBUG o.h.internal.util.EntityPrinter - edu.ncsu.csc.itrust2.models.persistent.LogEntry{secondaryUser=null, logCode=5, primaryUser=logapitest, id=224, time=java.util.GregorianCalendar[time=1521660379242,areFieldsSet=true,areAllFieldsSet=true,lenient=true,zone=sun.util.calendar.ZoneInfo[id="Etc/UTC",offset=0,dstSavings=0,useDaylight=false,transitions=0,lastRule=null],firstDayOfWeek=1,minimalDaysInFirstWeek=1,ERA=1,YEAR=2018,MONTH=2,WEEK_OF_YEAR=12,WEEK_OF_MONTH=4,DAY_OF_MONTH=21,DAY_OF_YEAR=80,DAY_OF_WEEK=4,DAY_OF_WEEK_IN_MONTH=3,AM_PM=1,HOUR=7,HOUR_OF_DAY=19,MINUTE=26,SECOND=19,MILLISECOND=242,ZONE_OFFSET=0,DST_OFFSET=0], message=null}
19:26:19.245 [main] DEBUG org.hibernate.SQL - insert into LogEntries (logCode, message, primaryUser, secondaryUser, time, id) values (?, ?, ?, ?, ?, ?)
Hibernate: insert into LogEntries (logCode, message, primaryUser, secondaryUser, time, id) values (?, ?, ?, ?, ?, ?)
19:26:19.247 [main] DEBUG o.h.e.j.internal.JdbcCoordinatorImpl - HHH000420: Closing un-released batch
19:26:19.247 [main] DEBUG o.h.e.t.internal.TransactionImpl - begin
19:26:19.248 [main] DEBUG org.hibernate.SQL - select next_val as id_val from hibernate_sequence for update
Hibernate: select next_val as id_val from hibernate_sequence for update
19:26:19.248 [main] DEBUG org.hibernate.SQL - update hibernate_sequence set next_val= ? where next_val=?
Hibernate: update hibernate_sequence set next_val= ? where next_val=?
19:26:19.249 [main] DEBUG o.h.e.i.AbstractSaveEventListener - Generated identifier: 225, using strategy: org.hibernate.id.enhanced.SequenceStyleGenerator
19:26:19.250 [main] DEBUG o.h.e.t.internal.TransactionImpl - committing
19:26:19.250 [main] DEBUG o.h.e.i.AbstractFlushingEventListener - Processing flush-time cascades
19:26:19.250 [main] DEBUG o.h.e.i.AbstractFlushingEventListener - Dirty checking collections
19:26:19.250 [main] DEBUG o.h.e.i.AbstractFlushingEventListener - Flushed: 1 insertions, 0 updates, 0 deletions to 1 objects
19:26:19.250 [main] DEBUG o.h.e.i.AbstractFlushingEventListener - Flushed: 0 (re)creations, 0 updates, 0 removals to 0 collections
19:26:19.250 [main] DEBUG o.h.internal.util.EntityPrinter - Listing entities:
19:26:19.250 [main] DEBUG o.h.internal.util.EntityPrinter - edu.ncsu.csc.itrust2.models.persistent.LogEntry{secondaryUser=null, logCode=5, primaryUser=logapitest, id=225, time=java.util.GregorianCalendar[time=1521660379247,areFieldsSet=true,areAllFieldsSet=true,lenient=true,zone=sun.util.calendar.ZoneInfo[id="Etc/UTC",offset=0,dstSavings=0,useDaylight=false,transitions=0,lastRule=null],firstDayOfWeek=1,minimalDaysInFirstWeek=1,ERA=1,YEAR=2018,MONTH=2,WEEK_OF_YEAR=12,WEEK_OF_MONTH=4,DAY_OF_MONTH=21,DAY_OF_YEAR=80,DAY_OF_WEEK=4,DAY_OF_WEEK_IN_MONTH=3,AM_PM=1,HOUR=7,HOUR_OF_DAY=19,MINUTE=26,SECOND=19,MILLISECOND=247,ZONE_OFFSET=0,DST_OFFSET=0], message=null}
19:26:19.250 [main] DEBUG org.hibernate.SQL - insert into LogEntries (logCode, message, primaryUser, secondaryUser, time, id) values (?, ?, ?, ?, ?, ?)
Hibernate: insert into LogEntries (logCode, message, primaryUser, secondaryUser, time, id) values (?, ?, ?, ?, ?, ?)
19:26:19.252 [main] DEBUG o.h.e.j.internal.JdbcCoordinatorImpl - HHH000420: Closing un-released batch
19:26:19.252 [main] DEBUG o.h.e.t.internal.TransactionImpl - begin
19:26:19.253 [main] DEBUG org.hibernate.SQL - select next_val as id_val from hibernate_sequence for update
Hibernate: select next_val as id_val from hibernate_sequence for update
19:26:19.253 [main] DEBUG org.hibernate.SQL - update hibernate_sequence set next_val= ? where next_val=?
Hibernate: update hibernate_sequence set next_val= ? where next_val=?
19:26:19.254 [main] DEBUG o.h.e.i.AbstractSaveEventListener - Generated identifier: 226, using strategy: org.hibernate.id.enhanced.SequenceStyleGenerator
19:26:19.254 [main] DEBUG o.h.e.t.internal.TransactionImpl - committing
19:26:19.254 [main] DEBUG o.h.e.i.AbstractFlushingEventListener - Processing flush-time cascades
19:26:19.254 [main] DEBUG o.h.e.i.AbstractFlushingEventListener - Dirty checking collections
19:26:19.254 [main] DEBUG o.h.e.i.AbstractFlushingEventListener - Flushed: 1 insertions, 0 updates, 0 deletions to 1 objects
19:26:19.254 [main] DEBUG o.h.e.i.AbstractFlushingEventListener - Flushed: 0 (re)creations, 0 updates, 0 removals to 0 collections
19:26:19.254 [main] DEBUG o.h.internal.util.EntityPrinter - Listing entities:
19:26:19.255 [main] DEBUG o.h.internal.util.EntityPrinter - edu.ncsu.csc.itrust2.models.persistent.LogEntry{secondaryUser=null, logCode=5, primaryUser=logapitest, id=226, time=java.util.GregorianCalendar[time=1521660379252,areFieldsSet=true,areAllFieldsSet=true,lenient=true,zone=sun.util.calendar.ZoneInfo[id="Etc/UTC",offset=0,dstSavings=0,useDaylight=false,transitions=0,lastRule=null],firstDayOfWeek=1,minimalDaysInFirstWeek=1,ERA=1,YEAR=2018,MONTH=2,WEEK_OF_YEAR=12,WEEK_OF_MONTH=4,DAY_OF_MONTH=21,DAY_OF_YEAR=80,DAY_OF_WEEK=4,DAY_OF_WEEK_IN_MONTH=3,AM_PM=1,HOUR=7,HOUR_OF_DAY=19,MINUTE=26,SECOND=19,MILLISECOND=252,ZONE_OFFSET=0,DST_OFFSET=0], message=null}
19:26:19.255 [main] DEBUG org.hibernate.SQL - insert into LogEntries (logCode, message, primaryUser, secondaryUser, time, id) values (?, ?, ?, ?, ?, ?)
Hibernate: insert into LogEntries (logCode, message, primaryUser, secondaryUser, time, id) values (?, ?, ?, ?, ?, ?)
19:26:19.256 [main] DEBUG o.h.e.j.internal.JdbcCoordinatorImpl - HHH000420: Closing un-released batch
19:26:19.257 [main] DEBUG o.h.e.t.internal.TransactionImpl - begin
19:26:19.257 [main] DEBUG org.hibernate.SQL - select next_val as id_val from hibernate_sequence for update
Hibernate: select next_val as id_val from hibernate_sequence for update
19:26:19.261 [main] DEBUG org.hibernate.SQL - update hibernate_sequence set next_val= ? where next_val=?
Hibernate: update hibernate_sequence set next_val= ? where next_val=?
19:26:19.262 [main] DEBUG o.h.e.i.AbstractSaveEventListener - Generated identifier: 227, using strategy: org.hibernate.id.enhanced.SequenceStyleGenerator
19:26:19.262 [main] DEBUG o.h.e.t.internal.TransactionImpl - committing
19:26:19.262 [main] DEBUG o.h.e.i.AbstractFlushingEventListener - Processing flush-time cascades
19:26:19.262 [main] DEBUG o.h.e.i.AbstractFlushingEventListener - Dirty checking collections
19:26:19.263 [main] DEBUG o.h.e.i.AbstractFlushingEventListener - Flushed: 1 insertions, 0 updates, 0 deletions to 1 objects
19:26:19.263 [main] DEBUG o.h.e.i.AbstractFlushingEventListener - Flushed: 0 (re)creations, 0 updates, 0 removals to 0 collections
19:26:19.263 [main] DEBUG o.h.internal.util.EntityPrinter - Listing entities:
19:26:19.263 [main] DEBUG o.h.internal.util.EntityPrinter - edu.ncsu.csc.itrust2.models.persistent.LogEntry{secondaryUser=null, logCode=5, primaryUser=logapitest, id=227, time=java.util.GregorianCalendar[time=1521660379257,areFieldsSet=true,areAllFieldsSet=true,lenient=true,zone=sun.util.calendar.ZoneInfo[id="Etc/UTC",offset=0,dstSavings=0,useDaylight=false,transitions=0,lastRule=null],firstDayOfWeek=1,minimalDaysInFirstWeek=1,ERA=1,YEAR=2018,MONTH=2,WEEK_OF_YEAR=12,WEEK_OF_MONTH=4,DAY_OF_MONTH=21,DAY_OF_YEAR=80,DAY_OF_WEEK=4,DAY_OF_WEEK_IN_MONTH=3,AM_PM=1,HOUR=7,HOUR_OF_DAY=19,MINUTE=26,SECOND=19,MILLISECOND=257,ZONE_OFFSET=0,DST_OFFSET=0], message=null}
19:26:19.263 [main] DEBUG org.hibernate.SQL - insert into LogEntries (logCode, message, primaryUser, secondaryUser, time, id) values (?, ?, ?, ?, ?, ?)
Hibernate: insert into LogEntries (logCode, message, primaryUser, secondaryUser, time, id) values (?, ?, ?, ?, ?, ?)
19:26:19.264 [main] DEBUG o.h.e.j.internal.JdbcCoordinatorImpl - HHH000420: Closing un-released batch
19:26:19.265 [main] DEBUG o.h.e.t.internal.TransactionImpl - begin
19:26:19.265 [main] DEBUG org.hibernate.SQL - select next_val as id_val from hibernate_sequence for update
Hibernate: select next_val as id_val from hibernate_sequence for update
19:26:19.266 [main] DEBUG org.hibernate.SQL - update hibernate_sequence set next_val= ? where next_val=?
Hibernate: update hibernate_sequence set next_val= ? where next_val=?
19:26:19.267 [main] DEBUG o.h.e.i.AbstractSaveEventListener - Generated identifier: 228, using strategy: org.hibernate.id.enhanced.SequenceStyleGenerator
19:26:19.267 [main] DEBUG o.h.e.t.internal.TransactionImpl - committing
19:26:19.267 [main] DEBUG o.h.e.i.AbstractFlushingEventListener - Processing flush-time cascades
19:26:19.267 [main] DEBUG o.h.e.i.AbstractFlushingEventListener - Dirty checking collections
19:26:19.267 [main] DEBUG o.h.e.i.AbstractFlushingEventListener - Flushed: 1 insertions, 0 updates, 0 deletions to 1 objects
19:26:19.267 [main] DEBUG o.h.e.i.AbstractFlushingEventListener - Flushed: 0 (re)creations, 0 updates, 0 removals to 0 collections
19:26:19.267 [main] DEBUG o.h.internal.util.EntityPrinter - Listing entities:
19:26:19.267 [main] DEBUG o.h.internal.util.EntityPrinter - edu.ncsu.csc.itrust2.models.persistent.LogEntry{secondaryUser=null, logCode=5, primaryUser=logapitest, id=228, time=java.util.GregorianCalendar[time=1521660379265,areFieldsSet=true,areAllFieldsSet=true,lenient=true,zone=sun.util.calendar.ZoneInfo[id="Etc/UTC",offset=0,dstSavings=0,useDaylight=false,transitions=0,lastRule=null],firstDayOfWeek=1,minimalDaysInFirstWeek=1,ERA=1,YEAR=2018,MONTH=2,WEEK_OF_YEAR=12,WEEK_OF_MONTH=4,DAY_OF_MONTH=21,DAY_OF_YEAR=80,DAY_OF_WEEK=4,DAY_OF_WEEK_IN_MONTH=3,AM_PM=1,HOUR=7,HOUR_OF_DAY=19,MINUTE=26,SECOND=19,MILLISECOND=265,ZONE_OFFSET=0,DST_OFFSET=0], message=null}
19:26:19.268 [main] DEBUG org.hibernate.SQL - insert into LogEntries (logCode, message, primaryUser, secondaryUser, time, id) values (?, ?, ?, ?, ?, ?)
Hibernate: insert into LogEntries (logCode, message, primaryUser, secondaryUser, time, id) values (?, ?, ?, ?, ?, ?)
19:26:19.270 [main] DEBUG o.h.e.j.internal.JdbcCoordinatorImpl - HHH000420: Closing un-released batch
19:26:19.270 [main] DEBUG o.h.e.t.internal.TransactionImpl - begin
19:26:19.271 [main] DEBUG org.hibernate.SQL - select next_val as id_val from hibernate_sequence for update
Hibernate: select next_val as id_val from hibernate_sequence for update
19:26:19.271 [main] DEBUG org.hibernate.SQL - update hibernate_sequence set next_val= ? where next_val=?
Hibernate: update hibernate_sequence set next_val= ? where next_val=?
19:26:19.273 [main] DEBUG o.h.e.i.AbstractSaveEventListener - Generated identifier: 229, using strategy: org.hibernate.id.enhanced.SequenceStyleGenerator
19:26:19.273 [main] DEBUG o.h.e.t.internal.TransactionImpl - committing
19:26:19.273 [main] DEBUG o.h.e.i.AbstractFlushingEventListener - Processing flush-time cascades
19:26:19.273 [main] DEBUG o.h.e.i.AbstractFlushingEventListener - Dirty checking collections
19:26:19.273 [main] DEBUG o.h.e.i.AbstractFlushingEventListener - Flushed: 1 insertions, 0 updates, 0 deletions to 1 objects
19:26:19.273 [main] DEBUG o.h.e.i.AbstractFlushingEventListener - Flushed: 0 (re)creations, 0 updates, 0 removals to 0 collections
19:26:19.273 [main] DEBUG o.h.internal.util.EntityPrinter - Listing entities:
19:26:19.274 [main] DEBUG o.h.internal.util.EntityPrinter - edu.ncsu.csc.itrust2.models.persistent.LogEntry{secondaryUser=null, logCode=5, primaryUser=logapitest, id=229, time=java.util.GregorianCalendar[time=1521660379270,areFieldsSet=true,areAllFieldsSet=true,lenient=true,zone=sun.util.calendar.ZoneInfo[id="Etc/UTC",offset=0,dstSavings=0,useDaylight=false,transitions=0,lastRule=null],firstDayOfWeek=1,minimalDaysInFirstWeek=1,ERA=1,YEAR=2018,MONTH=2,WEEK_OF_YEAR=12,WEEK_OF_MONTH=4,DAY_OF_MONTH=21,DAY_OF_YEAR=80,DAY_OF_WEEK=4,DAY_OF_WEEK_IN_MONTH=3,AM_PM=1,HOUR=7,HOUR_OF_DAY=19,MINUTE=26,SECOND=19,MILLISECOND=270,ZONE_OFFSET=0,DST_OFFSET=0], message=null}
19:26:19.274 [main] DEBUG org.hibernate.SQL - insert into LogEntries (logCode, message, primaryUser, secondaryUser, time, id) values (?, ?, ?, ?, ?, ?)
Hibernate: insert into LogEntries (logCode, message, primaryUser, secondaryUser, time, id) values (?, ?, ?, ?, ?, ?)
19:26:19.275 [main] DEBUG o.h.e.j.internal.JdbcCoordinatorImpl - HHH000420: Closing un-released batch
19:26:19.276 [main] DEBUG o.h.e.t.internal.TransactionImpl - begin
19:26:19.276 [main] DEBUG org.hibernate.SQL - select next_val as id_val from hibernate_sequence for update
Hibernate: select next_val as id_val from hibernate_sequence for update
19:26:19.277 [main] DEBUG org.hibernate.SQL - update hibernate_sequence set next_val= ? where next_val=?
Hibernate: update hibernate_sequence set next_val= ? where next_val=?
19:26:19.277 [main] DEBUG o.h.e.i.AbstractSaveEventListener - Generated identifier: 230, using strategy: org.hibernate.id.enhanced.SequenceStyleGenerator
19:26:19.278 [main] DEBUG o.h.e.t.internal.TransactionImpl - committing
19:26:19.278 [main] DEBUG o.h.e.i.AbstractFlushingEventListener - Processing flush-time cascades
19:26:19.278 [main] DEBUG o.h.e.i.AbstractFlushingEventListener - Dirty checking collections
19:26:19.278 [main] DEBUG o.h.e.i.AbstractFlushingEventListener - Flushed: 1 insertions, 0 updates, 0 deletions to 1 objects
19:26:19.278 [main] DEBUG o.h.e.i.AbstractFlushingEventListener - Flushed: 0 (re)creations, 0 updates, 0 removals to 0 collections
19:26:19.278 [main] DEBUG o.h.internal.util.EntityPrinter - Listing entities:
19:26:19.278 [main] DEBUG o.h.internal.util.EntityPrinter - edu.ncsu.csc.itrust2.models.persistent.LogEntry{secondaryUser=null, logCode=5, primaryUser=logapitest, id=230, time=java.util.GregorianCalendar[time=1521660379275,areFieldsSet=true,areAllFieldsSet=true,lenient=true,zone=sun.util.calendar.ZoneInfo[id="Etc/UTC",offset=0,dstSavings=0,useDaylight=false,transitions=0,lastRule=null],firstDayOfWeek=1,minimalDaysInFirstWeek=1,ERA=1,YEAR=2018,MONTH=2,WEEK_OF_YEAR=12,WEEK_OF_MONTH=4,DAY_OF_MONTH=21,DAY_OF_YEAR=80,DAY_OF_WEEK=4,DAY_OF_WEEK_IN_MONTH=3,AM_PM=1,HOUR=7,HOUR_OF_DAY=19,MINUTE=26,SECOND=19,MILLISECOND=275,ZONE_OFFSET=0,DST_OFFSET=0], message=null}
19:26:19.279 [main] DEBUG org.hibernate.SQL - insert into LogEntries (logCode, message, primaryUser, secondaryUser, time, id) values (?, ?, ?, ?, ?, ?)
Hibernate: insert into LogEntries (logCode, message, primaryUser, secondaryUser, time, id) values (?, ?, ?, ?, ?, ?)
19:26:19.281 [main] DEBUG o.h.e.j.internal.JdbcCoordinatorImpl - HHH000420: Closing un-released batch
19:26:19.281 [main] DEBUG o.h.e.t.internal.TransactionImpl - begin
19:26:19.281 [main] DEBUG org.hibernate.SQL - select next_val as id_val from hibernate_sequence for update
Hibernate: select next_val as id_val from hibernate_sequence for update
19:26:19.282 [main] DEBUG org.hibernate.SQL - update hibernate_sequence set next_val= ? where next_val=?
Hibernate: update hibernate_sequence set next_val= ? where next_val=?
19:26:19.284 [main] DEBUG o.h.e.i.AbstractSaveEventListener - Generated identifier: 231, using strategy: org.hibernate.id.enhanced.SequenceStyleGenerator
19:26:19.285 [main] DEBUG o.h.e.t.internal.TransactionImpl - committing
19:26:19.285 [main] DEBUG o.h.e.i.AbstractFlushingEventListener - Processing flush-time cascades
19:26:19.285 [main] DEBUG o.h.e.i.AbstractFlushingEventListener - Dirty checking collections
19:26:19.285 [main] DEBUG o.h.e.i.AbstractFlushingEventListener - Flushed: 1 insertions, 0 updates, 0 deletions to 1 objects
19:26:19.286 [main] DEBUG o.h.e.i.AbstractFlushingEventListener - Flushed: 0 (re)creations, 0 updates, 0 removals to 0 collections
19:26:19.286 [main] DEBUG o.h.internal.util.EntityPrinter - Listing entities:
19:26:19.286 [main] DEBUG o.h.internal.util.EntityPrinter - edu.ncsu.csc.itrust2.models.persistent.LogEntry{secondaryUser=null, logCode=5, primaryUser=logapitest, id=231, time=java.util.GregorianCalendar[time=1521660379281,areFieldsSet=true,areAllFieldsSet=true,lenient=true,zone=sun.util.calendar.ZoneInfo[id="Etc/UTC",offset=0,dstSavings=0,useDaylight=false,transitions=0,lastRule=null],firstDayOfWeek=1,minimalDaysInFirstWeek=1,ERA=1,YEAR=2018,MONTH=2,WEEK_OF_YEAR=12,WEEK_OF_MONTH=4,DAY_OF_MONTH=21,DAY_OF_YEAR=80,DAY_OF_WEEK=4,DAY_OF_WEEK_IN_MONTH=3,AM_PM=1,HOUR=7,HOUR_OF_DAY=19,MINUTE=26,SECOND=19,MILLISECOND=281,ZONE_OFFSET=0,DST_OFFSET=0], message=null}
19:26:19.286 [main] DEBUG org.hibernate.SQL - insert into LogEntries (logCode, message, primaryUser, secondaryUser, time, id) values (?, ?, ?, ?, ?, ?)
Hibernate: insert into LogEntries (logCode, message, primaryUser, secondaryUser, time, id) values (?, ?, ?, ?, ?, ?)
19:26:19.288 [main] DEBUG o.h.e.j.internal.JdbcCoordinatorImpl - HHH000420: Closing un-released batch
19:26:19.288 [main] DEBUG o.h.e.t.internal.TransactionImpl - begin
19:26:19.289 [main] DEBUG org.hibernate.SQL - select next_val as id_val from hibernate_sequence for update
Hibernate: select next_val as id_val from hibernate_sequence for update
19:26:19.289 [main] DEBUG org.hibernate.SQL - update hibernate_sequence set next_val= ? where next_val=?
Hibernate: update hibernate_sequence set next_val= ? where next_val=?
19:26:19.290 [main] DEBUG o.h.e.i.AbstractSaveEventListener - Generated identifier: 232, using strategy: org.hibernate.id.enhanced.SequenceStyleGenerator
19:26:19.290 [main] DEBUG o.h.e.t.internal.TransactionImpl - committing
19:26:19.290 [main] DEBUG o.h.e.i.AbstractFlushingEventListener - Processing flush-time cascades
19:26:19.290 [main] DEBUG o.h.e.i.AbstractFlushingEventListener - Dirty checking collections
19:26:19.290 [main] DEBUG o.h.e.i.AbstractFlushingEventListener - Flushed: 1 insertions, 0 updates, 0 deletions to 1 objects
19:26:19.291 [main] DEBUG o.h.e.i.AbstractFlushingEventListener - Flushed: 0 (re)creations, 0 updates, 0 removals to 0 collections
19:26:19.291 [main] DEBUG o.h.internal.util.EntityPrinter - Listing entities:
19:26:19.291 [main] DEBUG o.h.internal.util.EntityPrinter - edu.ncsu.csc.itrust2.models.persistent.LogEntry{secondaryUser=null, logCode=5, primaryUser=logapitest, id=232, time=java.util.GregorianCalendar[time=1521660379288,areFieldsSet=true,areAllFieldsSet=true,lenient=true,zone=sun.util.calendar.ZoneInfo[id="Etc/UTC",offset=0,dstSavings=0,useDaylight=false,transitions=0,lastRule=null],firstDayOfWeek=1,minimalDaysInFirstWeek=1,ERA=1,YEAR=2018,MONTH=2,WEEK_OF_YEAR=12,WEEK_OF_MONTH=4,DAY_OF_MONTH=21,DAY_OF_YEAR=80,DAY_OF_WEEK=4,DAY_OF_WEEK_IN_MONTH=3,AM_PM=1,HOUR=7,HOUR_OF_DAY=19,MINUTE=26,SECOND=19,MILLISECOND=288,ZONE_OFFSET=0,DST_OFFSET=0], message=null}
19:26:19.291 [main] DEBUG org.hibernate.SQL - insert into LogEntries (logCode, message, primaryUser, secondaryUser, time, id) values (?, ?, ?, ?, ?, ?)
Hibernate: insert into LogEntries (logCode, message, primaryUser, secondaryUser, time, id) values (?, ?, ?, ?, ?, ?)
19:26:19.293 [main] DEBUG o.h.e.j.internal.JdbcCoordinatorImpl - HHH000420: Closing un-released batch
19:26:19.293 [main] DEBUG o.h.e.t.internal.TransactionImpl - begin
19:26:19.294 [main] DEBUG org.hibernate.SQL - select next_val as id_val from hibernate_sequence for update
Hibernate: select next_val as id_val from hibernate_sequence for update
19:26:19.294 [main] DEBUG org.hibernate.SQL - update hibernate_sequence set next_val= ? where next_val=?
Hibernate: update hibernate_sequence set next_val= ? where next_val=?
19:26:19.295 [main] DEBUG o.h.e.i.AbstractSaveEventListener - Generated identifier: 233, using strategy: org.hibernate.id.enhanced.SequenceStyleGenerator
19:26:19.296 [main] DEBUG o.h.e.t.internal.TransactionImpl - committing
19:26:19.296 [main] DEBUG o.h.e.i.AbstractFlushingEventListener - Processing flush-time cascades
19:26:19.296 [main] DEBUG o.h.e.i.AbstractFlushingEventListener - Dirty checking collections
19:26:19.296 [main] DEBUG o.h.e.i.AbstractFlushingEventListener - Flushed: 1 insertions, 0 updates, 0 deletions to 1 objects
19:26:19.296 [main] DEBUG o.h.e.i.AbstractFlushingEventListener - Flushed: 0 (re)creations, 0 updates, 0 removals to 0 collections
19:26:19.296 [main] DEBUG o.h.internal.util.EntityPrinter - Listing entities:
19:26:19.296 [main] DEBUG o.h.internal.util.EntityPrinter - edu.ncsu.csc.itrust2.models.persistent.LogEntry{secondaryUser=null, logCode=5, primaryUser=logapitest, id=233, time=java.util.GregorianCalendar[time=1521660379293,areFieldsSet=true,areAllFieldsSet=true,lenient=true,zone=sun.util.calendar.ZoneInfo[id="Etc/UTC",offset=0,dstSavings=0,useDaylight=false,transitions=0,lastRule=null],firstDayOfWeek=1,minimalDaysInFirstWeek=1,ERA=1,YEAR=2018,MONTH=2,WEEK_OF_YEAR=12,WEEK_OF_MONTH=4,DAY_OF_MONTH=21,DAY_OF_YEAR=80,DAY_OF_WEEK=4,DAY_OF_WEEK_IN_MONTH=3,AM_PM=1,HOUR=7,HOUR_OF_DAY=19,MINUTE=26,SECOND=19,MILLISECOND=293,ZONE_OFFSET=0,DST_OFFSET=0], message=null}
19:26:19.297 [main] DEBUG org.hibernate.SQL - insert into LogEntries (logCode, message, primaryUser, secondaryUser, time, id) values (?, ?, ?, ?, ?, ?)
Hibernate: insert into LogEntries (logCode, message, primaryUser, secondaryUser, time, id) values (?, ?, ?, ?, ?, ?)
19:26:19.299 [main] DEBUG o.h.e.j.internal.JdbcCoordinatorImpl - HHH000420: Closing un-released batch
19:26:19.300 [main] DEBUG o.h.e.t.internal.TransactionImpl - begin
19:26:19.300 [main] DEBUG org.hibernate.SQL - select next_val as id_val from hibernate_sequence for update
Hibernate: select next_val as id_val from hibernate_sequence for update
19:26:19.301 [main] DEBUG org.hibernate.SQL - update hibernate_sequence set next_val= ? where next_val=?
Hibernate: update hibernate_sequence set next_val= ? where next_val=?
19:26:19.302 [main] DEBUG o.h.e.i.AbstractSaveEventListener - Generated identifier: 234, using strategy: org.hibernate.id.enhanced.SequenceStyleGenerator
19:26:19.302 [main] DEBUG o.h.e.t.internal.TransactionImpl - committing
19:26:19.302 [main] DEBUG o.h.e.i.AbstractFlushingEventListener - Processing flush-time cascades
19:26:19.302 [main] DEBUG o.h.e.i.AbstractFlushingEventListener - Dirty checking collections
19:26:19.302 [main] DEBUG o.h.e.i.AbstractFlushingEventListener - Flushed: 1 insertions, 0 updates, 0 deletions to 1 objects
19:26:19.302 [main] DEBUG o.h.e.i.AbstractFlushingEventListener - Flushed: 0 (re)creations, 0 updates, 0 removals to 0 collections
19:26:19.302 [main] DEBUG o.h.internal.util.EntityPrinter - Listing entities:
19:26:19.303 [main] DEBUG o.h.internal.util.EntityPrinter - edu.ncsu.csc.itrust2.models.persistent.LogEntry{secondaryUser=null, logCode=5, primaryUser=logapitest, id=234, time=java.util.GregorianCalendar[time=1521660379300,areFieldsSet=true,areAllFieldsSet=true,lenient=true,zone=sun.util.calendar.ZoneInfo[id="Etc/UTC",offset=0,dstSavings=0,useDaylight=false,transitions=0,lastRule=null],firstDayOfWeek=1,minimalDaysInFirstWeek=1,ERA=1,YEAR=2018,MONTH=2,WEEK_OF_YEAR=12,WEEK_OF_MONTH=4,DAY_OF_MONTH=21,DAY_OF_YEAR=80,DAY_OF_WEEK=4,DAY_OF_WEEK_IN_MONTH=3,AM_PM=1,HOUR=7,HOUR_OF_DAY=19,MINUTE=26,SECOND=19,MILLISECOND=300,ZONE_OFFSET=0,DST_OFFSET=0], message=null}
19:26:19.303 [main] DEBUG org.hibernate.SQL - insert into LogEntries (logCode, message, primaryUser, secondaryUser, time, id) values (?, ?, ?, ?, ?, ?)
Hibernate: insert into LogEntries (logCode, message, primaryUser, secondaryUser, time, id) values (?, ?, ?, ?, ?, ?)
19:26:19.305 [main] DEBUG o.h.e.j.internal.JdbcCoordinatorImpl - HHH000420: Closing un-released batch
19:26:19.305 [main] DEBUG o.h.e.t.internal.TransactionImpl - begin
19:26:19.306 [main] DEBUG org.hibernate.SQL - select next_val as id_val from hibernate_sequence for update
Hibernate: select next_val as id_val from hibernate_sequence for update
19:26:19.306 [main] DEBUG org.hibernate.SQL - update hibernate_sequence set next_val= ? where next_val=?
Hibernate: update hibernate_sequence set next_val= ? where next_val=?
19:26:19.307 [main] DEBUG o.h.e.i.AbstractSaveEventListener - Generated identifier: 235, using strategy: org.hibernate.id.enhanced.SequenceStyleGenerator
19:26:19.308 [main] DEBUG o.h.e.t.internal.TransactionImpl - committing
19:26:19.308 [main] DEBUG o.h.e.i.AbstractFlushingEventListener - Processing flush-time cascades
19:26:19.308 [main] DEBUG o.h.e.i.AbstractFlushingEventListener - Dirty checking collections
19:26:19.308 [main] DEBUG o.h.e.i.AbstractFlushingEventListener - Flushed: 1 insertions, 0 updates, 0 deletions to 1 objects
19:26:19.308 [main] DEBUG o.h.e.i.AbstractFlushingEventListener - Flushed: 0 (re)creations, 0 updates, 0 removals to 0 collections
19:26:19.308 [main] DEBUG o.h.internal.util.EntityPrinter - Listing entities:
19:26:19.308 [main] DEBUG o.h.internal.util.EntityPrinter - edu.ncsu.csc.itrust2.models.persistent.LogEntry{secondaryUser=null, logCode=5, primaryUser=logapitest, id=235, time=java.util.GregorianCalendar[time=1521660379305,areFieldsSet=true,areAllFieldsSet=true,lenient=true,zone=sun.util.calendar.ZoneInfo[id="Etc/UTC",offset=0,dstSavings=0,useDaylight=false,transitions=0,lastRule=null],firstDayOfWeek=1,minimalDaysInFirstWeek=1,ERA=1,YEAR=2018,MONTH=2,WEEK_OF_YEAR=12,WEEK_OF_MONTH=4,DAY_OF_MONTH=21,DAY_OF_YEAR=80,DAY_OF_WEEK=4,DAY_OF_WEEK_IN_MONTH=3,AM_PM=1,HOUR=7,HOUR_OF_DAY=19,MINUTE=26,SECOND=19,MILLISECOND=305,ZONE_OFFSET=0,DST_OFFSET=0], message=null}
19:26:19.309 [main] DEBUG org.hibernate.SQL - insert into LogEntries (logCode, message, primaryUser, secondaryUser, time, id) values (?, ?, ?, ?, ?, ?)
Hibernate: insert into LogEntries (logCode, message, primaryUser, secondaryUser, time, id) values (?, ?, ?, ?, ?, ?)
19:26:19.310 [main] DEBUG o.h.e.j.internal.JdbcCoordinatorImpl - HHH000420: Closing un-released batch
19:26:19.310 [main] DEBUG o.h.e.t.internal.TransactionImpl - begin
19:26:19.311 [main] DEBUG org.hibernate.SQL - select next_val as id_val from hibernate_sequence for update
Hibernate: select next_val as id_val from hibernate_sequence for update
19:26:19.311 [main] DEBUG org.hibernate.SQL - update hibernate_sequence set next_val= ? where next_val=?
Hibernate: update hibernate_sequence set next_val= ? where next_val=?
19:26:19.312 [main] DEBUG o.h.e.i.AbstractSaveEventListener - Generated identifier: 236, using strategy: org.hibernate.id.enhanced.SequenceStyleGenerator
19:26:19.312 [main] DEBUG o.h.e.t.internal.TransactionImpl - committing
19:26:19.312 [main] DEBUG o.h.e.i.AbstractFlushingEventListener - Processing flush-time cascades
19:26:19.312 [main] DEBUG o.h.e.i.AbstractFlushingEventListener - Dirty checking collections
19:26:19.313 [main] DEBUG o.h.e.i.AbstractFlushingEventListener - Flushed: 1 insertions, 0 updates, 0 deletions to 1 objects
19:26:19.313 [main] DEBUG o.h.e.i.AbstractFlushingEventListener - Flushed: 0 (re)creations, 0 updates, 0 removals to 0 collections
19:26:19.313 [main] DEBUG o.h.internal.util.EntityPrinter - Listing entities:
19:26:19.313 [main] DEBUG o.h.internal.util.EntityPrinter - edu.ncsu.csc.itrust2.models.persistent.LogEntry{secondaryUser=null, logCode=5, primaryUser=logapitest, id=236, time=java.util.GregorianCalendar[time=1521660379310,areFieldsSet=true,areAllFieldsSet=true,lenient=true,zone=sun.util.calendar.ZoneInfo[id="Etc/UTC",offset=0,dstSavings=0,useDaylight=false,transitions=0,lastRule=null],firstDayOfWeek=1,minimalDaysInFirstWeek=1,ERA=1,YEAR=2018,MONTH=2,WEEK_OF_YEAR=12,WEEK_OF_MONTH=4,DAY_OF_MONTH=21,DAY_OF_YEAR=80,DAY_OF_WEEK=4,DAY_OF_WEEK_IN_MONTH=3,AM_PM=1,HOUR=7,HOUR_OF_DAY=19,MINUTE=26,SECOND=19,MILLISECOND=310,ZONE_OFFSET=0,DST_OFFSET=0], message=null}
19:26:19.313 [main] DEBUG org.hibernate.SQL - insert into LogEntries (logCode, message, primaryUser, secondaryUser, time, id) values (?, ?, ?, ?, ?, ?)
Hibernate: insert into LogEntries (logCode, message, primaryUser, secondaryUser, time, id) values (?, ?, ?, ?, ?, ?)
19:26:19.315 [main] DEBUG o.h.e.j.internal.JdbcCoordinatorImpl - HHH000420: Closing un-released batch
19:26:19.315 [main] DEBUG o.h.e.t.internal.TransactionImpl - begin
19:26:19.316 [main] DEBUG org.hibernate.SQL - select next_val as id_val from hibernate_sequence for update
Hibernate: select next_val as id_val from hibernate_sequence for update
19:26:19.316 [main] DEBUG org.hibernate.SQL - update hibernate_sequence set next_val= ? where next_val=?
Hibernate: update hibernate_sequence set next_val= ? where next_val=?
19:26:19.317 [main] DEBUG o.h.e.i.AbstractSaveEventListener - Generated identifier: 237, using strategy: org.hibernate.id.enhanced.SequenceStyleGenerator
19:26:19.317 [main] DEBUG o.h.e.t.internal.TransactionImpl - committing
19:26:19.318 [main] DEBUG o.h.e.i.AbstractFlushingEventListener - Processing flush-time cascades
19:26:19.318 [main] DEBUG o.h.e.i.AbstractFlushingEventListener - Dirty checking collections
19:26:19.318 [main] DEBUG o.h.e.i.AbstractFlushingEventListener - Flushed: 1 insertions, 0 updates, 0 deletions to 1 objects
19:26:19.318 [main] DEBUG o.h.e.i.AbstractFlushingEventListener - Flushed: 0 (re)creations, 0 updates, 0 removals to 0 collections
19:26:19.318 [main] DEBUG o.h.internal.util.EntityPrinter - Listing entities:
19:26:19.318 [main] DEBUG o.h.internal.util.EntityPrinter - edu.ncsu.csc.itrust2.models.persistent.LogEntry{secondaryUser=null, logCode=5, primaryUser=logapitest, id=237, time=java.util.GregorianCalendar[time=1521660379315,areFieldsSet=true,areAllFieldsSet=true,lenient=true,zone=sun.util.calendar.ZoneInfo[id="Etc/UTC",offset=0,dstSavings=0,useDaylight=false,transitions=0,lastRule=null],firstDayOfWeek=1,minimalDaysInFirstWeek=1,ERA=1,YEAR=2018,MONTH=2,WEEK_OF_YEAR=12,WEEK_OF_MONTH=4,DAY_OF_MONTH=21,DAY_OF_YEAR=80,DAY_OF_WEEK=4,DAY_OF_WEEK_IN_MONTH=3,AM_PM=1,HOUR=7,HOUR_OF_DAY=19,MINUTE=26,SECOND=19,MILLISECOND=315,ZONE_OFFSET=0,DST_OFFSET=0], message=null}
19:26:19.318 [main] DEBUG org.hibernate.SQL - insert into LogEntries (logCode, message, primaryUser, secondaryUser, time, id) values (?, ?, ?, ?, ?, ?)
Hibernate: insert into LogEntries (logCode, message, primaryUser, secondaryUser, time, id) values (?, ?, ?, ?, ?, ?)
19:26:19.320 [main] DEBUG o.h.e.j.internal.JdbcCoordinatorImpl - HHH000420: Closing un-released batch
19:26:19.320 [main] DEBUG o.h.e.t.internal.TransactionImpl - begin
19:26:19.321 [main] DEBUG org.hibernate.SQL - select next_val as id_val from hibernate_sequence for update
Hibernate: select next_val as id_val from hibernate_sequence for update
19:26:19.321 [main] DEBUG org.hibernate.SQL - update hibernate_sequence set next_val= ? where next_val=?
Hibernate: update hibernate_sequence set next_val= ? where next_val=?
19:26:19.322 [main] DEBUG o.h.e.i.AbstractSaveEventListener - Generated identifier: 238, using strategy: org.hibernate.id.enhanced.SequenceStyleGenerator
19:26:19.322 [main] DEBUG o.h.e.t.internal.TransactionImpl - committing
19:26:19.322 [main] DEBUG o.h.e.i.AbstractFlushingEventListener - Processing flush-time cascades
19:26:19.322 [main] DEBUG o.h.e.i.AbstractFlushingEventListener - Dirty checking collections
19:26:19.322 [main] DEBUG o.h.e.i.AbstractFlushingEventListener - Flushed: 1 insertions, 0 updates, 0 deletions to 1 objects
19:26:19.322 [main] DEBUG o.h.e.i.AbstractFlushingEventListener - Flushed: 0 (re)creations, 0 updates, 0 removals to 0 collections
19:26:19.322 [main] DEBUG o.h.internal.util.EntityPrinter - Listing entities:
19:26:19.322 [main] DEBUG o.h.internal.util.EntityPrinter - edu.ncsu.csc.itrust2.models.persistent.LogEntry{secondaryUser=null, logCode=5, primaryUser=logapitest, id=238, time=java.util.GregorianCalendar[time=1521660379320,areFieldsSet=true,areAllFieldsSet=true,lenient=true,zone=sun.util.calendar.ZoneInfo[id="Etc/UTC",offset=0,dstSavings=0,useDaylight=false,transitions=0,lastRule=null],firstDayOfWeek=1,minimalDaysInFirstWeek=1,ERA=1,YEAR=2018,MONTH=2,WEEK_OF_YEAR=12,WEEK_OF_MONTH=4,DAY_OF_MONTH=21,DAY_OF_YEAR=80,DAY_OF_WEEK=4,DAY_OF_WEEK_IN_MONTH=3,AM_PM=1,HOUR=7,HOUR_OF_DAY=19,MINUTE=26,SECOND=19,MILLISECOND=320,ZONE_OFFSET=0,DST_OFFSET=0], message=null}
19:26:19.323 [main] DEBUG org.hibernate.SQL - insert into LogEntries (logCode, message, primaryUser, secondaryUser, time, id) values (?, ?, ?, ?, ?, ?)
Hibernate: insert into LogEntries (logCode, message, primaryUser, secondaryUser, time, id) values (?, ?, ?, ?, ?, ?)
19:26:19.324 [main] DEBUG o.h.e.j.internal.JdbcCoordinatorImpl - HHH000420: Closing un-released batch
19:26:19.324 [main] DEBUG o.h.e.t.internal.TransactionImpl - begin
19:26:19.325 [main] DEBUG org.hibernate.SQL - select next_val as id_val from hibernate_sequence for update
Hibernate: select next_val as id_val from hibernate_sequence for update
19:26:19.325 [main] DEBUG org.hibernate.SQL - update hibernate_sequence set next_val= ? where next_val=?
Hibernate: update hibernate_sequence set next_val= ? where next_val=?
19:26:19.331 [main] DEBUG o.h.e.i.AbstractSaveEventListener - Generated identifier: 239, using strategy: org.hibernate.id.enhanced.SequenceStyleGenerator
19:26:19.332 [main] DEBUG o.h.e.t.internal.TransactionImpl - committing
19:26:19.332 [main] DEBUG o.h.e.i.AbstractFlushingEventListener - Processing flush-time cascades
19:26:19.332 [main] DEBUG o.h.e.i.AbstractFlushingEventListener - Dirty checking collections
19:26:19.332 [main] DEBUG o.h.e.i.AbstractFlushingEventListener - Flushed: 1 insertions, 0 updates, 0 deletions to 1 objects
19:26:19.332 [main] DEBUG o.h.e.i.AbstractFlushingEventListener - Flushed: 0 (re)creations, 0 updates, 0 removals to 0 collections
19:26:19.332 [main] DEBUG o.h.internal.util.EntityPrinter - Listing entities:
19:26:19.332 [main] DEBUG o.h.internal.util.EntityPrinter - edu.ncsu.csc.itrust2.models.persistent.LogEntry{secondaryUser=null, logCode=5, primaryUser=logapitest, id=239, time=java.util.GregorianCalendar[time=1521660379324,areFieldsSet=true,areAllFieldsSet=true,lenient=true,zone=sun.util.calendar.ZoneInfo[id="Etc/UTC",offset=0,dstSavings=0,useDaylight=false,transitions=0,lastRule=null],firstDayOfWeek=1,minimalDaysInFirstWeek=1,ERA=1,YEAR=2018,MONTH=2,WEEK_OF_YEAR=12,WEEK_OF_MONTH=4,DAY_OF_MONTH=21,DAY_OF_YEAR=80,DAY_OF_WEEK=4,DAY_OF_WEEK_IN_MONTH=3,AM_PM=1,HOUR=7,HOUR_OF_DAY=19,MINUTE=26,SECOND=19,MILLISECOND=324,ZONE_OFFSET=0,DST_OFFSET=0], message=null}
19:26:19.333 [main] DEBUG org.hibernate.SQL - insert into LogEntries (logCode, message, primaryUser, secondaryUser, time, id) values (?, ?, ?, ?, ?, ?)
Hibernate: insert into LogEntries (logCode, message, primaryUser, secondaryUser, time, id) values (?, ?, ?, ?, ?, ?)
19:26:19.334 [main] DEBUG o.h.e.j.internal.JdbcCoordinatorImpl - HHH000420: Closing un-released batch
19:26:19.334 [main] DEBUG o.h.e.t.internal.TransactionImpl - begin
19:26:19.335 [main] DEBUG org.hibernate.SQL - select next_val as id_val from hibernate_sequence for update
Hibernate: select next_val as id_val from hibernate_sequence for update
19:26:19.335 [main] DEBUG org.hibernate.SQL - update hibernate_sequence set next_val= ? where next_val=?
Hibernate: update hibernate_sequence set next_val= ? where next_val=?
19:26:19.336 [main] DEBUG o.h.e.i.AbstractSaveEventListener - Generated identifier: 240, using strategy: org.hibernate.id.enhanced.SequenceStyleGenerator
19:26:19.336 [main] DEBUG o.h.e.t.internal.TransactionImpl - committing
19:26:19.336 [main] DEBUG o.h.e.i.AbstractFlushingEventListener - Processing flush-time cascades
19:26:19.336 [main] DEBUG o.h.e.i.AbstractFlushingEventListener - Dirty checking collections
19:26:19.336 [main] DEBUG o.h.e.i.AbstractFlushingEventListener - Flushed: 1 insertions, 0 updates, 0 deletions to 1 objects
19:26:19.336 [main] DEBUG o.h.e.i.AbstractFlushingEventListener - Flushed: 0 (re)creations, 0 updates, 0 removals to 0 collections
19:26:19.336 [main] DEBUG o.h.internal.util.EntityPrinter - Listing entities:
19:26:19.336 [main] DEBUG o.h.internal.util.EntityPrinter - edu.ncsu.csc.itrust2.models.persistent.LogEntry{secondaryUser=null, logCode=5, primaryUser=logapitest, id=240, time=java.util.GregorianCalendar[time=1521660379334,areFieldsSet=true,areAllFieldsSet=true,lenient=true,zone=sun.util.calendar.ZoneInfo[id="Etc/UTC",offset=0,dstSavings=0,useDaylight=false,transitions=0,lastRule=null],firstDayOfWeek=1,minimalDaysInFirstWeek=1,ERA=1,YEAR=2018,MONTH=2,WEEK_OF_YEAR=12,WEEK_OF_MONTH=4,DAY_OF_MONTH=21,DAY_OF_YEAR=80,DAY_OF_WEEK=4,DAY_OF_WEEK_IN_MONTH=3,AM_PM=1,HOUR=7,HOUR_OF_DAY=19,MINUTE=26,SECOND=19,MILLISECOND=334,ZONE_OFFSET=0,DST_OFFSET=0], message=null}
19:26:19.337 [main] DEBUG org.hibernate.SQL - insert into LogEntries (logCode, message, primaryUser, secondaryUser, time, id) values (?, ?, ?, ?, ?, ?)
Hibernate: insert into LogEntries (logCode, message, primaryUser, secondaryUser, time, id) values (?, ?, ?, ?, ?, ?)
19:26:19.338 [main] DEBUG o.h.e.j.internal.JdbcCoordinatorImpl - HHH000420: Closing un-released batch
19:26:19.338 [main] DEBUG o.h.e.t.internal.TransactionImpl - begin
19:26:19.339 [main] DEBUG org.hibernate.SQL - select next_val as id_val from hibernate_sequence for update
Hibernate: select next_val as id_val from hibernate_sequence for update
19:26:19.339 [main] DEBUG org.hibernate.SQL - update hibernate_sequence set next_val= ? where next_val=?
Hibernate: update hibernate_sequence set next_val= ? where next_val=?
19:26:19.340 [main] DEBUG o.h.e.i.AbstractSaveEventListener - Generated identifier: 241, using strategy: org.hibernate.id.enhanced.SequenceStyleGenerator
19:26:19.340 [main] DEBUG o.h.e.t.internal.TransactionImpl - committing
19:26:19.340 [main] DEBUG o.h.e.i.AbstractFlushingEventListener - Processing flush-time cascades
19:26:19.341 [main] DEBUG o.h.e.i.AbstractFlushingEventListener - Dirty checking collections
19:26:19.341 [main] DEBUG o.h.e.i.AbstractFlushingEventListener - Flushed: 1 insertions, 0 updates, 0 deletions to 1 objects
19:26:19.341 [main] DEBUG o.h.e.i.AbstractFlushingEventListener - Flushed: 0 (re)creations, 0 updates, 0 removals to 0 collections
19:26:19.341 [main] DEBUG o.h.internal.util.EntityPrinter - Listing entities:
19:26:19.341 [main] DEBUG o.h.internal.util.EntityPrinter - edu.ncsu.csc.itrust2.models.persistent.LogEntry{secondaryUser=null, logCode=5, primaryUser=logapitest, id=241, time=java.util.GregorianCalendar[time=1521660379338,areFieldsSet=true,areAllFieldsSet=true,lenient=true,zone=sun.util.calendar.ZoneInfo[id="Etc/UTC",offset=0,dstSavings=0,useDaylight=false,transitions=0,lastRule=null],firstDayOfWeek=1,minimalDaysInFirstWeek=1,ERA=1,YEAR=2018,MONTH=2,WEEK_OF_YEAR=12,WEEK_OF_MONTH=4,DAY_OF_MONTH=21,DAY_OF_YEAR=80,DAY_OF_WEEK=4,DAY_OF_WEEK_IN_MONTH=3,AM_PM=1,HOUR=7,HOUR_OF_DAY=19,MINUTE=26,SECOND=19,MILLISECOND=338,ZONE_OFFSET=0,DST_OFFSET=0], message=null}
19:26:19.341 [main] DEBUG org.hibernate.SQL - insert into LogEntries (logCode, message, primaryUser, secondaryUser, time, id) values (?, ?, ?, ?, ?, ?)
Hibernate: insert into LogEntries (logCode, message, primaryUser, secondaryUser, time, id) values (?, ?, ?, ?, ?, ?)
19:26:19.342 [main] DEBUG o.h.e.j.internal.JdbcCoordinatorImpl - HHH000420: Closing un-released batch
19:26:19.343 [main] DEBUG o.h.e.t.internal.TransactionImpl - begin
19:26:19.343 [main] DEBUG org.hibernate.SQL - select next_val as id_val from hibernate_sequence for update
Hibernate: select next_val as id_val from hibernate_sequence for update
19:26:19.344 [main] DEBUG org.hibernate.SQL - update hibernate_sequence set next_val= ? where next_val=?
Hibernate: update hibernate_sequence set next_val= ? where next_val=?
19:26:19.345 [main] DEBUG o.h.e.i.AbstractSaveEventListener - Generated identifier: 242, using strategy: org.hibernate.id.enhanced.SequenceStyleGenerator
19:26:19.345 [main] DEBUG o.h.e.t.internal.TransactionImpl - committing
19:26:19.345 [main] DEBUG o.h.e.i.AbstractFlushingEventListener - Processing flush-time cascades
19:26:19.345 [main] DEBUG o.h.e.i.AbstractFlushingEventListener - Dirty checking collections
19:26:19.345 [main] DEBUG o.h.e.i.AbstractFlushingEventListener - Flushed: 1 insertions, 0 updates, 0 deletions to 1 objects
19:26:19.345 [main] DEBUG o.h.e.i.AbstractFlushingEventListener - Flushed: 0 (re)creations, 0 updates, 0 removals to 0 collections
19:26:19.345 [main] DEBUG o.h.internal.util.EntityPrinter - Listing entities:
19:26:19.345 [main] DEBUG o.h.internal.util.EntityPrinter - edu.ncsu.csc.itrust2.models.persistent.LogEntry{secondaryUser=null, logCode=5, primaryUser=logapitest, id=242, time=java.util.GregorianCalendar[time=1521660379343,areFieldsSet=true,areAllFieldsSet=true,lenient=true,zone=sun.util.calendar.ZoneInfo[id="Etc/UTC",offset=0,dstSavings=0,useDaylight=false,transitions=0,lastRule=null],firstDayOfWeek=1,minimalDaysInFirstWeek=1,ERA=1,YEAR=2018,MONTH=2,WEEK_OF_YEAR=12,WEEK_OF_MONTH=4,DAY_OF_MONTH=21,DAY_OF_YEAR=80,DAY_OF_WEEK=4,DAY_OF_WEEK_IN_MONTH=3,AM_PM=1,HOUR=7,HOUR_OF_DAY=19,MINUTE=26,SECOND=19,MILLISECOND=343,ZONE_OFFSET=0,DST_OFFSET=0], message=null}
19:26:19.347 [main] DEBUG org.hibernate.SQL - insert into LogEntries (logCode, message, primaryUser, secondaryUser, time, id) values (?, ?, ?, ?, ?, ?)
Hibernate: insert into LogEntries (logCode, message, primaryUser, secondaryUser, time, id) values (?, ?, ?, ?, ?, ?)
19:26:19.348 [main] DEBUG o.h.e.j.internal.JdbcCoordinatorImpl - HHH000420: Closing un-released batch
19:26:19.352 [main] DEBUG o.h.e.t.internal.TransactionImpl - begin
19:26:19.352 [main] DEBUG org.hibernate.SQL - select next_val as id_val from hibernate_sequence for update
Hibernate: select next_val as id_val from hibernate_sequence for update
19:26:19.353 [main] DEBUG org.hibernate.SQL - update hibernate_sequence set next_val= ? where next_val=?
Hibernate: update hibernate_sequence set next_val= ? where next_val=?
19:26:19.355 [main] DEBUG o.h.e.i.AbstractSaveEventListener - Generated identifier: 243, using strategy: org.hibernate.id.enhanced.SequenceStyleGenerator
19:26:19.355 [main] DEBUG o.h.e.t.internal.TransactionImpl - committing
19:26:19.355 [main] DEBUG o.h.e.i.AbstractFlushingEventListener - Processing flush-time cascades
19:26:19.355 [main] DEBUG o.h.e.i.AbstractFlushingEventListener - Dirty checking collections
19:26:19.355 [main] DEBUG o.h.e.i.AbstractFlushingEventListener - Flushed: 1 insertions, 0 updates, 0 deletions to 1 objects
19:26:19.355 [main] DEBUG o.h.e.i.AbstractFlushingEventListener - Flushed: 0 (re)creations, 0 updates, 0 removals to 0 collections
19:26:19.355 [main] DEBUG o.h.internal.util.EntityPrinter - Listing entities:
19:26:19.355 [main] DEBUG o.h.internal.util.EntityPrinter - edu.ncsu.csc.itrust2.models.persistent.LogEntry{secondaryUser=null, logCode=5, primaryUser=logapitest, id=243, time=java.util.GregorianCalendar[time=1521660379352,areFieldsSet=true,areAllFieldsSet=true,lenient=true,zone=sun.util.calendar.ZoneInfo[id="Etc/UTC",offset=0,dstSavings=0,useDaylight=false,transitions=0,lastRule=null],firstDayOfWeek=1,minimalDaysInFirstWeek=1,ERA=1,YEAR=2018,MONTH=2,WEEK_OF_YEAR=12,WEEK_OF_MONTH=4,DAY_OF_MONTH=21,DAY_OF_YEAR=80,DAY_OF_WEEK=4,DAY_OF_WEEK_IN_MONTH=3,AM_PM=1,HOUR=7,HOUR_OF_DAY=19,MINUTE=26,SECOND=19,MILLISECOND=352,ZONE_OFFSET=0,DST_OFFSET=0], message=null}
19:26:19.356 [main] DEBUG org.hibernate.SQL - insert into LogEntries (logCode, message, primaryUser, secondaryUser, time, id) values (?, ?, ?, ?, ?, ?)
Hibernate: insert into LogEntries (logCode, message, primaryUser, secondaryUser, time, id) values (?, ?, ?, ?, ?, ?)
19:26:19.358 [main] DEBUG o.h.e.j.internal.JdbcCoordinatorImpl - HHH000420: Closing un-released batch
19:26:19.358 [main] DEBUG o.h.e.t.internal.TransactionImpl - begin
19:26:19.359 [main] DEBUG org.hibernate.SQL - select next_val as id_val from hibernate_sequence for update
Hibernate: select next_val as id_val from hibernate_sequence for update
19:26:19.360 [main] DEBUG org.hibernate.SQL - update hibernate_sequence set next_val= ? where next_val=?
Hibernate: update hibernate_sequence set next_val= ? where next_val=?
19:26:19.361 [main] DEBUG o.h.e.i.AbstractSaveEventListener - Generated identifier: 244, using strategy: org.hibernate.id.enhanced.SequenceStyleGenerator
19:26:19.361 [main] DEBUG o.h.e.t.internal.TransactionImpl - committing
19:26:19.361 [main] DEBUG o.h.e.i.AbstractFlushingEventListener - Processing flush-time cascades
19:26:19.361 [main] DEBUG o.h.e.i.AbstractFlushingEventListener - Dirty checking collections
19:26:19.361 [main] DEBUG o.h.e.i.AbstractFlushingEventListener - Flushed: 1 insertions, 0 updates, 0 deletions to 1 objects
19:26:19.362 [main] DEBUG o.h.e.i.AbstractFlushingEventListener - Flushed: 0 (re)creations, 0 updates, 0 removals to 0 collections
19:26:19.362 [main] DEBUG o.h.internal.util.EntityPrinter - Listing entities:
19:26:19.362 [main] DEBUG o.h.internal.util.EntityPrinter - edu.ncsu.csc.itrust2.models.persistent.LogEntry{secondaryUser=null, logCode=5, primaryUser=logapitest, id=244, time=java.util.GregorianCalendar[time=1521660379358,areFieldsSet=true,areAllFieldsSet=true,lenient=true,zone=sun.util.calendar.ZoneInfo[id="Etc/UTC",offset=0,dstSavings=0,useDaylight=false,transitions=0,lastRule=null],firstDayOfWeek=1,minimalDaysInFirstWeek=1,ERA=1,YEAR=2018,MONTH=2,WEEK_OF_YEAR=12,WEEK_OF_MONTH=4,DAY_OF_MONTH=21,DAY_OF_YEAR=80,DAY_OF_WEEK=4,DAY_OF_WEEK_IN_MONTH=3,AM_PM=1,HOUR=7,HOUR_OF_DAY=19,MINUTE=26,SECOND=19,MILLISECOND=358,ZONE_OFFSET=0,DST_OFFSET=0], message=null}
19:26:19.363 [main] DEBUG org.hibernate.SQL - insert into LogEntries (logCode, message, primaryUser, secondaryUser, time, id) values (?, ?, ?, ?, ?, ?)
Hibernate: insert into LogEntries (logCode, message, primaryUser, secondaryUser, time, id) values (?, ?, ?, ?, ?, ?)
19:26:19.366 [main] DEBUG o.h.e.j.internal.JdbcCoordinatorImpl - HHH000420: Closing un-released batch
19:26:19.366 [main] DEBUG o.h.e.t.internal.TransactionImpl - begin
19:26:19.367 [main] DEBUG org.hibernate.SQL - select next_val as id_val from hibernate_sequence for update
Hibernate: select next_val as id_val from hibernate_sequence for update
19:26:19.367 [main] DEBUG org.hibernate.SQL - update hibernate_sequence set next_val= ? where next_val=?
Hibernate: update hibernate_sequence set next_val= ? where next_val=?
19:26:19.368 [main] DEBUG o.h.e.i.AbstractSaveEventListener - Generated identifier: 245, using strategy: org.hibernate.id.enhanced.SequenceStyleGenerator
19:26:19.370 [main] DEBUG o.h.e.t.internal.TransactionImpl - committing
19:26:19.370 [main] DEBUG o.h.e.i.AbstractFlushingEventListener - Processing flush-time cascades
19:26:19.370 [main] DEBUG o.h.e.i.AbstractFlushingEventListener - Dirty checking collections
19:26:19.371 [main] DEBUG o.h.e.i.AbstractFlushingEventListener - Flushed: 1 insertions, 0 updates, 0 deletions to 1 objects
19:26:19.371 [main] DEBUG o.h.e.i.AbstractFlushingEventListener - Flushed: 0 (re)creations, 0 updates, 0 removals to 0 collections
19:26:19.371 [main] DEBUG o.h.internal.util.EntityPrinter - Listing entities:
19:26:19.371 [main] DEBUG o.h.internal.util.EntityPrinter - edu.ncsu.csc.itrust2.models.persistent.LogEntry{secondaryUser=null, logCode=5, primaryUser=logapitest, id=245, time=java.util.GregorianCalendar[time=1521660379366,areFieldsSet=true,areAllFieldsSet=true,lenient=true,zone=sun.util.calendar.ZoneInfo[id="Etc/UTC",offset=0,dstSavings=0,useDaylight=false,transitions=0,lastRule=null],firstDayOfWeek=1,minimalDaysInFirstWeek=1,ERA=1,YEAR=2018,MONTH=2,WEEK_OF_YEAR=12,WEEK_OF_MONTH=4,DAY_OF_MONTH=21,DAY_OF_YEAR=80,DAY_OF_WEEK=4,DAY_OF_WEEK_IN_MONTH=3,AM_PM=1,HOUR=7,HOUR_OF_DAY=19,MINUTE=26,SECOND=19,MILLISECOND=366,ZONE_OFFSET=0,DST_OFFSET=0], message=null}
19:26:19.372 [main] DEBUG org.hibernate.SQL - insert into LogEntries (logCode, message, primaryUser, secondaryUser, time, id) values (?, ?, ?, ?, ?, ?)
Hibernate: insert into LogEntries (logCode, message, primaryUser, secondaryUser, time, id) values (?, ?, ?, ?, ?, ?)
19:26:19.374 [main] DEBUG o.h.e.j.internal.JdbcCoordinatorImpl - HHH000420: Closing un-released batch
19:26:19.375 [main] DEBUG o.h.e.t.internal.TransactionImpl - begin
19:26:19.375 [main] DEBUG org.hibernate.SQL - select next_val as id_val from hibernate_sequence for update
Hibernate: select next_val as id_val from hibernate_sequence for update
19:26:19.376 [main] DEBUG org.hibernate.SQL - update hibernate_sequence set next_val= ? where next_val=?
Hibernate: update hibernate_sequence set next_val= ? where next_val=?
19:26:19.377 [main] DEBUG o.h.e.i.AbstractSaveEventListener - Generated identifier: 246, using strategy: org.hibernate.id.enhanced.SequenceStyleGenerator
19:26:19.377 [main] DEBUG o.h.e.t.internal.TransactionImpl - committing
19:26:19.377 [main] DEBUG o.h.e.i.AbstractFlushingEventListener - Processing flush-time cascades
19:26:19.377 [main] DEBUG o.h.e.i.AbstractFlushingEventListener - Dirty checking collections
19:26:19.377 [main] DEBUG o.h.e.i.AbstractFlushingEventListener - Flushed: 1 insertions, 0 updates, 0 deletions to 1 objects
19:26:19.378 [main] DEBUG o.h.e.i.AbstractFlushingEventListener - Flushed: 0 (re)creations, 0 updates, 0 removals to 0 collections
19:26:19.378 [main] DEBUG o.h.internal.util.EntityPrinter - Listing entities:
19:26:19.378 [main] DEBUG o.h.internal.util.EntityPrinter - edu.ncsu.csc.itrust2.models.persistent.LogEntry{secondaryUser=null, logCode=5, primaryUser=logapitest, id=246, time=java.util.GregorianCalendar[time=1521660379375,areFieldsSet=true,areAllFieldsSet=true,lenient=true,zone=sun.util.calendar.ZoneInfo[id="Etc/UTC",offset=0,dstSavings=0,useDaylight=false,transitions=0,lastRule=null],firstDayOfWeek=1,minimalDaysInFirstWeek=1,ERA=1,YEAR=2018,MONTH=2,WEEK_OF_YEAR=12,WEEK_OF_MONTH=4,DAY_OF_MONTH=21,DAY_OF_YEAR=80,DAY_OF_WEEK=4,DAY_OF_WEEK_IN_MONTH=3,AM_PM=1,HOUR=7,HOUR_OF_DAY=19,MINUTE=26,SECOND=19,MILLISECOND=375,ZONE_OFFSET=0,DST_OFFSET=0], message=null}
19:26:19.378 [main] DEBUG org.hibernate.SQL - insert into LogEntries (logCode, message, primaryUser, secondaryUser, time, id) values (?, ?, ?, ?, ?, ?)
Hibernate: insert into LogEntries (logCode, message, primaryUser, secondaryUser, time, id) values (?, ?, ?, ?, ?, ?)
19:26:19.385 [main] DEBUG o.h.e.j.internal.JdbcCoordinatorImpl - HHH000420: Closing un-released batch
19:26:19.386 [main] DEBUG o.h.e.t.internal.TransactionImpl - begin
19:26:19.387 [main] DEBUG org.hibernate.SQL - select next_val as id_val from hibernate_sequence for update
Hibernate: select next_val as id_val from hibernate_sequence for update
19:26:19.388 [main] DEBUG org.hibernate.SQL - update hibernate_sequence set next_val= ? where next_val=?
Hibernate: update hibernate_sequence set next_val= ? where next_val=?
19:26:19.389 [main] DEBUG o.h.e.i.AbstractSaveEventListener - Generated identifier: 247, using strategy: org.hibernate.id.enhanced.SequenceStyleGenerator
19:26:19.389 [main] DEBUG o.h.e.t.internal.TransactionImpl - committing
19:26:19.389 [main] DEBUG o.h.e.i.AbstractFlushingEventListener - Processing flush-time cascades
19:26:19.389 [main] DEBUG o.h.e.i.AbstractFlushingEventListener - Dirty checking collections
19:26:19.390 [main] DEBUG o.h.e.i.AbstractFlushingEventListener - Flushed: 1 insertions, 0 updates, 0 deletions to 1 objects
19:26:19.390 [main] DEBUG o.h.e.i.AbstractFlushingEventListener - Flushed: 0 (re)creations, 0 updates, 0 removals to 0 collections
19:26:19.390 [main] DEBUG o.h.internal.util.EntityPrinter - Listing entities:
19:26:19.390 [main] DEBUG o.h.internal.util.EntityPrinter - edu.ncsu.csc.itrust2.models.persistent.LogEntry{secondaryUser=null, logCode=5, primaryUser=logapitest, id=247, time=java.util.GregorianCalendar[time=1521660379385,areFieldsSet=true,areAllFieldsSet=true,lenient=true,zone=sun.util.calendar.ZoneInfo[id="Etc/UTC",offset=0,dstSavings=0,useDaylight=false,transitions=0,lastRule=null],firstDayOfWeek=1,minimalDaysInFirstWeek=1,ERA=1,YEAR=2018,MONTH=2,WEEK_OF_YEAR=12,WEEK_OF_MONTH=4,DAY_OF_MONTH=21,DAY_OF_YEAR=80,DAY_OF_WEEK=4,DAY_OF_WEEK_IN_MONTH=3,AM_PM=1,HOUR=7,HOUR_OF_DAY=19,MINUTE=26,SECOND=19,MILLISECOND=385,ZONE_OFFSET=0,DST_OFFSET=0], message=null}
19:26:19.390 [main] DEBUG org.hibernate.SQL - insert into LogEntries (logCode, message, primaryUser, secondaryUser, time, id) values (?, ?, ?, ?, ?, ?)
Hibernate: insert into LogEntries (logCode, message, primaryUser, secondaryUser, time, id) values (?, ?, ?, ?, ?, ?)
19:26:19.392 [main] DEBUG o.h.e.j.internal.JdbcCoordinatorImpl - HHH000420: Closing un-released batch
19:26:19.392 [main] DEBUG o.h.e.t.internal.TransactionImpl - begin
19:26:19.393 [main] DEBUG org.hibernate.SQL - select next_val as id_val from hibernate_sequence for update
Hibernate: select next_val as id_val from hibernate_sequence for update
19:26:19.393 [main] DEBUG org.hibernate.SQL - update hibernate_sequence set next_val= ? where next_val=?
Hibernate: update hibernate_sequence set next_val= ? where next_val=?
19:26:19.394 [main] DEBUG o.h.e.i.AbstractSaveEventListener - Generated identifier: 248, using strategy: org.hibernate.id.enhanced.SequenceStyleGenerator
19:26:19.394 [main] DEBUG o.h.e.t.internal.TransactionImpl - committing
19:26:19.394 [main] DEBUG o.h.e.i.AbstractFlushingEventListener - Processing flush-time cascades
19:26:19.395 [main] DEBUG o.h.e.i.AbstractFlushingEventListener - Dirty checking collections
19:26:19.395 [main] DEBUG o.h.e.i.AbstractFlushingEventListener - Flushed: 1 insertions, 0 updates, 0 deletions to 1 objects
19:26:19.395 [main] DEBUG o.h.e.i.AbstractFlushingEventListener - Flushed: 0 (re)creations, 0 updates, 0 removals to 0 collections
19:26:19.395 [main] DEBUG o.h.internal.util.EntityPrinter - Listing entities:
19:26:19.395 [main] DEBUG o.h.internal.util.EntityPrinter - edu.ncsu.csc.itrust2.models.persistent.LogEntry{secondaryUser=null, logCode=5, primaryUser=logapitest, id=248, time=java.util.GregorianCalendar[time=1521660379392,areFieldsSet=true,areAllFieldsSet=true,lenient=true,zone=sun.util.calendar.ZoneInfo[id="Etc/UTC",offset=0,dstSavings=0,useDaylight=false,transitions=0,lastRule=null],firstDayOfWeek=1,minimalDaysInFirstWeek=1,ERA=1,YEAR=2018,MONTH=2,WEEK_OF_YEAR=12,WEEK_OF_MONTH=4,DAY_OF_MONTH=21,DAY_OF_YEAR=80,DAY_OF_WEEK=4,DAY_OF_WEEK_IN_MONTH=3,AM_PM=1,HOUR=7,HOUR_OF_DAY=19,MINUTE=26,SECOND=19,MILLISECOND=392,ZONE_OFFSET=0,DST_OFFSET=0], message=null}
19:26:19.395 [main] DEBUG org.hibernate.SQL - insert into LogEntries (logCode, message, primaryUser, secondaryUser, time, id) values (?, ?, ?, ?, ?, ?)
Hibernate: insert into LogEntries (logCode, message, primaryUser, secondaryUser, time, id) values (?, ?, ?, ?, ?, ?)
19:26:19.397 [main] DEBUG o.h.e.j.internal.JdbcCoordinatorImpl - HHH000420: Closing un-released batch
19:26:19.397 [main] DEBUG o.h.e.t.internal.TransactionImpl - begin
19:26:19.398 [main] DEBUG org.hibernate.SQL - select next_val as id_val from hibernate_sequence for update
Hibernate: select next_val as id_val from hibernate_sequence for update
19:26:19.398 [main] DEBUG org.hibernate.SQL - update hibernate_sequence set next_val= ? where next_val=?
Hibernate: update hibernate_sequence set next_val= ? where next_val=?
19:26:19.400 [main] DEBUG o.h.e.i.AbstractSaveEventListener - Generated identifier: 249, using strategy: org.hibernate.id.enhanced.SequenceStyleGenerator
19:26:19.401 [main] DEBUG o.h.e.t.internal.TransactionImpl - committing
19:26:19.401 [main] DEBUG o.h.e.i.AbstractFlushingEventListener - Processing flush-time cascades
19:26:19.401 [main] DEBUG o.h.e.i.AbstractFlushingEventListener - Dirty checking collections
19:26:19.401 [main] DEBUG o.h.e.i.AbstractFlushingEventListener - Flushed: 1 insertions, 0 updates, 0 deletions to 1 objects
19:26:19.401 [main] DEBUG o.h.e.i.AbstractFlushingEventListener - Flushed: 0 (re)creations, 0 updates, 0 removals to 0 collections
19:26:19.401 [main] DEBUG o.h.internal.util.EntityPrinter - Listing entities:
19:26:19.401 [main] DEBUG o.h.internal.util.EntityPrinter - edu.ncsu.csc.itrust2.models.persistent.LogEntry{secondaryUser=null, logCode=5, primaryUser=logapitest, id=249, time=java.util.GregorianCalendar[time=1521660379397,areFieldsSet=true,areAllFieldsSet=true,lenient=true,zone=sun.util.calendar.ZoneInfo[id="Etc/UTC",offset=0,dstSavings=0,useDaylight=false,transitions=0,lastRule=null],firstDayOfWeek=1,minimalDaysInFirstWeek=1,ERA=1,YEAR=2018,MONTH=2,WEEK_OF_YEAR=12,WEEK_OF_MONTH=4,DAY_OF_MONTH=21,DAY_OF_YEAR=80,DAY_OF_WEEK=4,DAY_OF_WEEK_IN_MONTH=3,AM_PM=1,HOUR=7,HOUR_OF_DAY=19,MINUTE=26,SECOND=19,MILLISECOND=397,ZONE_OFFSET=0,DST_OFFSET=0], message=null}
19:26:19.402 [main] DEBUG org.hibernate.SQL - insert into LogEntries (logCode, message, primaryUser, secondaryUser, time, id) values (?, ?, ?, ?, ?, ?)
Hibernate: insert into LogEntries (logCode, message, primaryUser, secondaryUser, time, id) values (?, ?, ?, ?, ?, ?)
19:26:19.407 [main] DEBUG o.h.e.j.internal.JdbcCoordinatorImpl - HHH000420: Closing un-released batch
19:26:19.408 [main] DEBUG o.h.e.t.internal.TransactionImpl - begin
19:26:19.408 [main] DEBUG org.hibernate.SQL - select next_val as id_val from hibernate_sequence for update
Hibernate: select next_val as id_val from hibernate_sequence for update
19:26:19.409 [main] DEBUG org.hibernate.SQL - update hibernate_sequence set next_val= ? where next_val=?
Hibernate: update hibernate_sequence set next_val= ? where next_val=?
19:26:19.409 [main] DEBUG o.h.e.i.AbstractSaveEventListener - Generated identifier: 250, using strategy: org.hibernate.id.enhanced.SequenceStyleGenerator
19:26:19.410 [main] DEBUG o.h.e.t.internal.TransactionImpl - committing
19:26:19.410 [main] DEBUG o.h.e.i.AbstractFlushingEventListener - Processing flush-time cascades
19:26:19.410 [main] DEBUG o.h.e.i.AbstractFlushingEventListener - Dirty checking collections
19:26:19.410 [main] DEBUG o.h.e.i.AbstractFlushingEventListener - Flushed: 1 insertions, 0 updates, 0 deletions to 1 objects
19:26:19.410 [main] DEBUG o.h.e.i.AbstractFlushingEventListener - Flushed: 0 (re)creations, 0 updates, 0 removals to 0 collections
19:26:19.410 [main] DEBUG o.h.internal.util.EntityPrinter - Listing entities:
19:26:19.410 [main] DEBUG o.h.internal.util.EntityPrinter - edu.ncsu.csc.itrust2.models.persistent.LogEntry{secondaryUser=null, logCode=5, primaryUser=logapitest, id=250, time=java.util.GregorianCalendar[time=1521660379408,areFieldsSet=true,areAllFieldsSet=true,lenient=true,zone=sun.util.calendar.ZoneInfo[id="Etc/UTC",offset=0,dstSavings=0,useDaylight=false,transitions=0,lastRule=null],firstDayOfWeek=1,minimalDaysInFirstWeek=1,ERA=1,YEAR=2018,MONTH=2,WEEK_OF_YEAR=12,WEEK_OF_MONTH=4,DAY_OF_MONTH=21,DAY_OF_YEAR=80,DAY_OF_WEEK=4,DAY_OF_WEEK_IN_MONTH=3,AM_PM=1,HOUR=7,HOUR_OF_DAY=19,MINUTE=26,SECOND=19,MILLISECOND=408,ZONE_OFFSET=0,DST_OFFSET=0], message=null}
19:26:19.411 [main] DEBUG org.hibernate.SQL - insert into LogEntries (logCode, message, primaryUser, secondaryUser, time, id) values (?, ?, ?, ?, ?, ?)
Hibernate: insert into LogEntries (logCode, message, primaryUser, secondaryUser, time, id) values (?, ?, ?, ?, ?, ?)
19:26:19.412 [main] DEBUG o.h.e.j.internal.JdbcCoordinatorImpl - HHH000420: Closing un-released batch
19:26:19.413 [main] DEBUG o.h.e.t.internal.TransactionImpl - begin
19:26:19.413 [main] DEBUG org.hibernate.SQL - select next_val as id_val from hibernate_sequence for update
Hibernate: select next_val as id_val from hibernate_sequence for update
19:26:19.414 [main] DEBUG org.hibernate.SQL - update hibernate_sequence set next_val= ? where next_val=?
Hibernate: update hibernate_sequence set next_val= ? where next_val=?
19:26:19.415 [main] DEBUG o.h.e.i.AbstractSaveEventListener - Generated identifier: 251, using strategy: org.hibernate.id.enhanced.SequenceStyleGenerator
19:26:19.415 [main] DEBUG o.h.e.t.internal.TransactionImpl - committing
19:26:19.415 [main] DEBUG o.h.e.i.AbstractFlushingEventListener - Processing flush-time cascades
19:26:19.415 [main] DEBUG o.h.e.i.AbstractFlushingEventListener - Dirty checking collections
19:26:19.416 [main] DEBUG o.h.e.i.AbstractFlushingEventListener - Flushed: 1 insertions, 0 updates, 0 deletions to 1 objects
19:26:19.416 [main] DEBUG o.h.e.i.AbstractFlushingEventListener - Flushed: 0 (re)creations, 0 updates, 0 removals to 0 collections
19:26:19.416 [main] DEBUG o.h.internal.util.EntityPrinter - Listing entities:
19:26:19.416 [main] DEBUG o.h.internal.util.EntityPrinter - edu.ncsu.csc.itrust2.models.persistent.LogEntry{secondaryUser=null, logCode=5, primaryUser=logapitest, id=251, time=java.util.GregorianCalendar[time=1521660379413,areFieldsSet=true,areAllFieldsSet=true,lenient=true,zone=sun.util.calendar.ZoneInfo[id="Etc/UTC",offset=0,dstSavings=0,useDaylight=false,transitions=0,lastRule=null],firstDayOfWeek=1,minimalDaysInFirstWeek=1,ERA=1,YEAR=2018,MONTH=2,WEEK_OF_YEAR=12,WEEK_OF_MONTH=4,DAY_OF_MONTH=21,DAY_OF_YEAR=80,DAY_OF_WEEK=4,DAY_OF_WEEK_IN_MONTH=3,AM_PM=1,HOUR=7,HOUR_OF_DAY=19,MINUTE=26,SECOND=19,MILLISECOND=413,ZONE_OFFSET=0,DST_OFFSET=0], message=null}
19:26:19.417 [main] DEBUG org.hibernate.SQL - insert into LogEntries (logCode, message, primaryUser, secondaryUser, time, id) values (?, ?, ?, ?, ?, ?)
Hibernate: insert into LogEntries (logCode, message, primaryUser, secondaryUser, time, id) values (?, ?, ?, ?, ?, ?)
19:26:19.418 [main] DEBUG o.h.e.j.internal.JdbcCoordinatorImpl - HHH000420: Closing un-released batch
19:26:19.419 [main] DEBUG o.h.e.t.internal.TransactionImpl - begin
19:26:19.419 [main] DEBUG org.hibernate.SQL - select next_val as id_val from hibernate_sequence for update
Hibernate: select next_val as id_val from hibernate_sequence for update
19:26:19.420 [main] DEBUG org.hibernate.SQL - update hibernate_sequence set next_val= ? where next_val=?
Hibernate: update hibernate_sequence set next_val= ? where next_val=?
19:26:19.421 [main] DEBUG o.h.e.i.AbstractSaveEventListener - Generated identifier: 252, using strategy: org.hibernate.id.enhanced.SequenceStyleGenerator
19:26:19.421 [main] DEBUG o.h.e.t.internal.TransactionImpl - committing
19:26:19.421 [main] DEBUG o.h.e.i.AbstractFlushingEventListener - Processing flush-time cascades
19:26:19.421 [main] DEBUG o.h.e.i.AbstractFlushingEventListener - Dirty checking collections
19:26:19.422 [main] DEBUG o.h.e.i.AbstractFlushingEventListener - Flushed: 1 insertions, 0 updates, 0 deletions to 1 objects
19:26:19.422 [main] DEBUG o.h.e.i.AbstractFlushingEventListener - Flushed: 0 (re)creations, 0 updates, 0 removals to 0 collections
19:26:19.422 [main] DEBUG o.h.internal.util.EntityPrinter - Listing entities:
19:26:19.422 [main] DEBUG o.h.internal.util.EntityPrinter - edu.ncsu.csc.itrust2.models.persistent.LogEntry{secondaryUser=null, logCode=5, primaryUser=logapitest, id=252, time=java.util.GregorianCalendar[time=1521660379419,areFieldsSet=true,areAllFieldsSet=true,lenient=true,zone=sun.util.calendar.ZoneInfo[id="Etc/UTC",offset=0,dstSavings=0,useDaylight=false,transitions=0,lastRule=null],firstDayOfWeek=1,minimalDaysInFirstWeek=1,ERA=1,YEAR=2018,MONTH=2,WEEK_OF_YEAR=12,WEEK_OF_MONTH=4,DAY_OF_MONTH=21,DAY_OF_YEAR=80,DAY_OF_WEEK=4,DAY_OF_WEEK_IN_MONTH=3,AM_PM=1,HOUR=7,HOUR_OF_DAY=19,MINUTE=26,SECOND=19,MILLISECOND=419,ZONE_OFFSET=0,DST_OFFSET=0], message=null}
19:26:19.422 [main] DEBUG org.hibernate.SQL - insert into LogEntries (logCode, message, primaryUser, secondaryUser, time, id) values (?, ?, ?, ?, ?, ?)
Hibernate: insert into LogEntries (logCode, message, primaryUser, secondaryUser, time, id) values (?, ?, ?, ?, ?, ?)
19:26:19.423 [main] DEBUG o.h.e.j.internal.JdbcCoordinatorImpl - HHH000420: Closing un-released batch
19:26:19.424 [main] DEBUG o.h.e.t.internal.TransactionImpl - begin
19:26:19.424 [main] DEBUG org.hibernate.SQL - select next_val as id_val from hibernate_sequence for update
Hibernate: select next_val as id_val from hibernate_sequence for update
19:26:19.425 [main] DEBUG org.hibernate.SQL - update hibernate_sequence set next_val= ? where next_val=?
Hibernate: update hibernate_sequence set next_val= ? where next_val=?
19:26:19.426 [main] DEBUG o.h.e.i.AbstractSaveEventListener - Generated identifier: 253, using strategy: org.hibernate.id.enhanced.SequenceStyleGenerator
19:26:19.426 [main] DEBUG o.h.e.t.internal.TransactionImpl - committing
19:26:19.426 [main] DEBUG o.h.e.i.AbstractFlushingEventListener - Processing flush-time cascades
19:26:19.427 [main] DEBUG o.h.e.i.AbstractFlushingEventListener - Dirty checking collections
19:26:19.427 [main] DEBUG o.h.e.i.AbstractFlushingEventListener - Flushed: 1 insertions, 0 updates, 0 deletions to 1 objects
19:26:19.427 [main] DEBUG o.h.e.i.AbstractFlushingEventListener - Flushed: 0 (re)creations, 0 updates, 0 removals to 0 collections
19:26:19.427 [main] DEBUG o.h.internal.util.EntityPrinter - Listing entities:
19:26:19.427 [main] DEBUG o.h.internal.util.EntityPrinter - edu.ncsu.csc.itrust2.models.persistent.LogEntry{secondaryUser=null, logCode=5, primaryUser=logapitest, id=253, time=java.util.GregorianCalendar[time=1521660379424,areFieldsSet=true,areAllFieldsSet=true,lenient=true,zone=sun.util.calendar.ZoneInfo[id="Etc/UTC",offset=0,dstSavings=0,useDaylight=false,transitions=0,lastRule=null],firstDayOfWeek=1,minimalDaysInFirstWeek=1,ERA=1,YEAR=2018,MONTH=2,WEEK_OF_YEAR=12,WEEK_OF_MONTH=4,DAY_OF_MONTH=21,DAY_OF_YEAR=80,DAY_OF_WEEK=4,DAY_OF_WEEK_IN_MONTH=3,AM_PM=1,HOUR=7,HOUR_OF_DAY=19,MINUTE=26,SECOND=19,MILLISECOND=424,ZONE_OFFSET=0,DST_OFFSET=0], message=null}
19:26:19.428 [main] DEBUG org.hibernate.SQL - insert into LogEntries (logCode, message, primaryUser, secondaryUser, time, id) values (?, ?, ?, ?, ?, ?)
Hibernate: insert into LogEntries (logCode, message, primaryUser, secondaryUser, time, id) values (?, ?, ?, ?, ?, ?)
19:26:19.429 [main] DEBUG o.h.e.j.internal.JdbcCoordinatorImpl - HHH000420: Closing un-released batch
19:26:19.430 [main] DEBUG o.h.e.t.internal.TransactionImpl - begin
19:26:19.430 [main] DEBUG org.hibernate.SQL - select next_val as id_val from hibernate_sequence for update
Hibernate: select next_val as id_val from hibernate_sequence for update
19:26:19.431 [main] DEBUG org.hibernate.SQL - update hibernate_sequence set next_val= ? where next_val=?
Hibernate: update hibernate_sequence set next_val= ? where next_val=?
19:26:19.432 [main] DEBUG o.h.e.i.AbstractSaveEventListener - Generated identifier: 254, using strategy: org.hibernate.id.enhanced.SequenceStyleGenerator
19:26:19.432 [main] DEBUG o.h.e.t.internal.TransactionImpl - committing
19:26:19.432 [main] DEBUG o.h.e.i.AbstractFlushingEventListener - Processing flush-time cascades
19:26:19.432 [main] DEBUG o.h.e.i.AbstractFlushingEventListener - Dirty checking collections
19:26:19.433 [main] DEBUG o.h.e.i.AbstractFlushingEventListener - Flushed: 1 insertions, 0 updates, 0 deletions to 1 objects
19:26:19.433 [main] DEBUG o.h.e.i.AbstractFlushingEventListener - Flushed: 0 (re)creations, 0 updates, 0 removals to 0 collections
19:26:19.433 [main] DEBUG o.h.internal.util.EntityPrinter - Listing entities:
19:26:19.433 [main] DEBUG o.h.internal.util.EntityPrinter - edu.ncsu.csc.itrust2.models.persistent.LogEntry{secondaryUser=null, logCode=5, primaryUser=logapitest, id=254, time=java.util.GregorianCalendar[time=1521660379430,areFieldsSet=true,areAllFieldsSet=true,lenient=true,zone=sun.util.calendar.ZoneInfo[id="Etc/UTC",offset=0,dstSavings=0,useDaylight=false,transitions=0,lastRule=null],firstDayOfWeek=1,minimalDaysInFirstWeek=1,ERA=1,YEAR=2018,MONTH=2,WEEK_OF_YEAR=12,WEEK_OF_MONTH=4,DAY_OF_MONTH=21,DAY_OF_YEAR=80,DAY_OF_WEEK=4,DAY_OF_WEEK_IN_MONTH=3,AM_PM=1,HOUR=7,HOUR_OF_DAY=19,MINUTE=26,SECOND=19,MILLISECOND=430,ZONE_OFFSET=0,DST_OFFSET=0], message=null}
19:26:19.433 [main] DEBUG org.hibernate.SQL - insert into LogEntries (logCode, message, primaryUser, secondaryUser, time, id) values (?, ?, ?, ?, ?, ?)
Hibernate: insert into LogEntries (logCode, message, primaryUser, secondaryUser, time, id) values (?, ?, ?, ?, ?, ?)
19:26:19.434 [main] DEBUG o.h.e.j.internal.JdbcCoordinatorImpl - HHH000420: Closing un-released batch
19:26:19.435 [main] DEBUG o.h.e.t.internal.TransactionImpl - begin
19:26:19.435 [main] DEBUG org.hibernate.SQL - select next_val as id_val from hibernate_sequence for update
Hibernate: select next_val as id_val from hibernate_sequence for update
19:26:19.436 [main] DEBUG org.hibernate.SQL - update hibernate_sequence set next_val= ? where next_val=?
Hibernate: update hibernate_sequence set next_val= ? where next_val=?
19:26:19.437 [main] DEBUG o.h.e.i.AbstractSaveEventListener - Generated identifier: 255, using strategy: org.hibernate.id.enhanced.SequenceStyleGenerator
19:26:19.437 [main] DEBUG o.h.e.t.internal.TransactionImpl - committing
19:26:19.437 [main] DEBUG o.h.e.i.AbstractFlushingEventListener - Processing flush-time cascades
19:26:19.437 [main] DEBUG o.h.e.i.AbstractFlushingEventListener - Dirty checking collections
19:26:19.437 [main] DEBUG o.h.e.i.AbstractFlushingEventListener - Flushed: 1 insertions, 0 updates, 0 deletions to 1 objects
19:26:19.437 [main] DEBUG o.h.e.i.AbstractFlushingEventListener - Flushed: 0 (re)creations, 0 updates, 0 removals to 0 collections
19:26:19.437 [main] DEBUG o.h.internal.util.EntityPrinter - Listing entities:
19:26:19.437 [main] DEBUG o.h.internal.util.EntityPrinter - edu.ncsu.csc.itrust2.models.persistent.LogEntry{secondaryUser=null, logCode=5, primaryUser=logapitest, id=255, time=java.util.GregorianCalendar[time=1521660379435,areFieldsSet=true,areAllFieldsSet=true,lenient=true,zone=sun.util.calendar.ZoneInfo[id="Etc/UTC",offset=0,dstSavings=0,useDaylight=false,transitions=0,lastRule=null],firstDayOfWeek=1,minimalDaysInFirstWeek=1,ERA=1,YEAR=2018,MONTH=2,WEEK_OF_YEAR=12,WEEK_OF_MONTH=4,DAY_OF_MONTH=21,DAY_OF_YEAR=80,DAY_OF_WEEK=4,DAY_OF_WEEK_IN_MONTH=3,AM_PM=1,HOUR=7,HOUR_OF_DAY=19,MINUTE=26,SECOND=19,MILLISECOND=435,ZONE_OFFSET=0,DST_OFFSET=0], message=null}
19:26:19.438 [main] DEBUG org.hibernate.SQL - insert into LogEntries (logCode, message, primaryUser, secondaryUser, time, id) values (?, ?, ?, ?, ?, ?)
Hibernate: insert into LogEntries (logCode, message, primaryUser, secondaryUser, time, id) values (?, ?, ?, ?, ?, ?)
19:26:19.439 [main] DEBUG o.h.e.j.internal.JdbcCoordinatorImpl - HHH000420: Closing un-released batch
19:26:19.439 [main] DEBUG o.h.e.t.internal.TransactionImpl - begin
19:26:19.440 [main] DEBUG org.hibernate.SQL - select next_val as id_val from hibernate_sequence for update
Hibernate: select next_val as id_val from hibernate_sequence for update
19:26:19.440 [main] DEBUG org.hibernate.SQL - update hibernate_sequence set next_val= ? where next_val=?
Hibernate: update hibernate_sequence set next_val= ? where next_val=?
19:26:19.441 [main] DEBUG o.h.e.i.AbstractSaveEventListener - Generated identifier: 256, using strategy: org.hibernate.id.enhanced.SequenceStyleGenerator
19:26:19.441 [main] DEBUG o.h.e.t.internal.TransactionImpl - committing
19:26:19.442 [main] DEBUG o.h.e.i.AbstractFlushingEventListener - Processing flush-time cascades
19:26:19.442 [main] DEBUG o.h.e.i.AbstractFlushingEventListener - Dirty checking collections
19:26:19.442 [main] DEBUG o.h.e.i.AbstractFlushingEventListener - Flushed: 1 insertions, 0 updates, 0 deletions to 1 objects
19:26:19.442 [main] DEBUG o.h.e.i.AbstractFlushingEventListener - Flushed: 0 (re)creations, 0 updates, 0 removals to 0 collections
19:26:19.442 [main] DEBUG o.h.internal.util.EntityPrinter - Listing entities:
19:26:19.442 [main] DEBUG o.h.internal.util.EntityPrinter - edu.ncsu.csc.itrust2.models.persistent.LogEntry{secondaryUser=null, logCode=5, primaryUser=logapitest, id=256, time=java.util.GregorianCalendar[time=1521660379439,areFieldsSet=true,areAllFieldsSet=true,lenient=true,zone=sun.util.calendar.ZoneInfo[id="Etc/UTC",offset=0,dstSavings=0,useDaylight=false,transitions=0,lastRule=null],firstDayOfWeek=1,minimalDaysInFirstWeek=1,ERA=1,YEAR=2018,MONTH=2,WEEK_OF_YEAR=12,WEEK_OF_MONTH=4,DAY_OF_MONTH=21,DAY_OF_YEAR=80,DAY_OF_WEEK=4,DAY_OF_WEEK_IN_MONTH=3,AM_PM=1,HOUR=7,HOUR_OF_DAY=19,MINUTE=26,SECOND=19,MILLISECOND=439,ZONE_OFFSET=0,DST_OFFSET=0], message=null}
19:26:19.442 [main] DEBUG org.hibernate.SQL - insert into LogEntries (logCode, message, primaryUser, secondaryUser, time, id) values (?, ?, ?, ?, ?, ?)
Hibernate: insert into LogEntries (logCode, message, primaryUser, secondaryUser, time, id) values (?, ?, ?, ?, ?, ?)
19:26:19.444 [main] DEBUG o.h.e.j.internal.JdbcCoordinatorImpl - HHH000420: Closing un-released batch
19:26:19.444 [main] DEBUG o.h.e.t.internal.TransactionImpl - begin
19:26:19.445 [main] DEBUG org.hibernate.SQL - select next_val as id_val from hibernate_sequence for update
Hibernate: select next_val as id_val from hibernate_sequence for update
19:26:19.445 [main] DEBUG org.hibernate.SQL - update hibernate_sequence set next_val= ? where next_val=?
Hibernate: update hibernate_sequence set next_val= ? where next_val=?
19:26:19.446 [main] DEBUG o.h.e.i.AbstractSaveEventListener - Generated identifier: 257, using strategy: org.hibernate.id.enhanced.SequenceStyleGenerator
19:26:19.447 [main] DEBUG o.h.e.t.internal.TransactionImpl - committing
19:26:19.447 [main] DEBUG o.h.e.i.AbstractFlushingEventListener - Processing flush-time cascades
19:26:19.448 [main] DEBUG o.h.e.i.AbstractFlushingEventListener - Dirty checking collections
19:26:19.448 [main] DEBUG o.h.e.i.AbstractFlushingEventListener - Flushed: 1 insertions, 0 updates, 0 deletions to 1 objects
19:26:19.448 [main] DEBUG o.h.e.i.AbstractFlushingEventListener - Flushed: 0 (re)creations, 0 updates, 0 removals to 0 collections
19:26:19.448 [main] DEBUG o.h.internal.util.EntityPrinter - Listing entities:
19:26:19.448 [main] DEBUG o.h.internal.util.EntityPrinter - edu.ncsu.csc.itrust2.models.persistent.LogEntry{secondaryUser=null, logCode=5, primaryUser=logapitest, id=257, time=java.util.GregorianCalendar[time=1521660379444,areFieldsSet=true,areAllFieldsSet=true,lenient=true,zone=sun.util.calendar.ZoneInfo[id="Etc/UTC",offset=0,dstSavings=0,useDaylight=false,transitions=0,lastRule=null],firstDayOfWeek=1,minimalDaysInFirstWeek=1,ERA=1,YEAR=2018,MONTH=2,WEEK_OF_YEAR=12,WEEK_OF_MONTH=4,DAY_OF_MONTH=21,DAY_OF_YEAR=80,DAY_OF_WEEK=4,DAY_OF_WEEK_IN_MONTH=3,AM_PM=1,HOUR=7,HOUR_OF_DAY=19,MINUTE=26,SECOND=19,MILLISECOND=444,ZONE_OFFSET=0,DST_OFFSET=0], message=null}
19:26:19.448 [main] DEBUG org.hibernate.SQL - insert into LogEntries (logCode, message, primaryUser, secondaryUser, time, id) values (?, ?, ?, ?, ?, ?)
Hibernate: insert into LogEntries (logCode, message, primaryUser, secondaryUser, time, id) values (?, ?, ?, ?, ?, ?)
19:26:19.450 [main] DEBUG o.h.e.j.internal.JdbcCoordinatorImpl - HHH000420: Closing un-released batch
19:26:19.451 [main] DEBUG o.h.e.t.internal.TransactionImpl - begin
19:26:19.451 [main] DEBUG org.hibernate.SQL - select next_val as id_val from hibernate_sequence for update
Hibernate: select next_val as id_val from hibernate_sequence for update
19:26:19.452 [main] DEBUG org.hibernate.SQL - update hibernate_sequence set next_val= ? where next_val=?
Hibernate: update hibernate_sequence set next_val= ? where next_val=?
19:26:19.453 [main] DEBUG o.h.e.i.AbstractSaveEventListener - Generated identifier: 258, using strategy: org.hibernate.id.enhanced.SequenceStyleGenerator
19:26:19.453 [main] DEBUG o.h.e.t.internal.TransactionImpl - committing
19:26:19.453 [main] DEBUG o.h.e.i.AbstractFlushingEventListener - Processing flush-time cascades
19:26:19.453 [main] DEBUG o.h.e.i.AbstractFlushingEventListener - Dirty checking collections
19:26:19.453 [main] DEBUG o.h.e.i.AbstractFlushingEventListener - Flushed: 1 insertions, 0 updates, 0 deletions to 1 objects
19:26:19.454 [main] DEBUG o.h.e.i.AbstractFlushingEventListener - Flushed: 0 (re)creations, 0 updates, 0 removals to 0 collections
19:26:19.454 [main] DEBUG o.h.internal.util.EntityPrinter - Listing entities:
19:26:19.454 [main] DEBUG o.h.internal.util.EntityPrinter - edu.ncsu.csc.itrust2.models.persistent.LogEntry{secondaryUser=null, logCode=5, primaryUser=logapitest, id=258, time=java.util.GregorianCalendar[time=1521660379450,areFieldsSet=true,areAllFieldsSet=true,lenient=true,zone=sun.util.calendar.ZoneInfo[id="Etc/UTC",offset=0,dstSavings=0,useDaylight=false,transitions=0,lastRule=null],firstDayOfWeek=1,minimalDaysInFirstWeek=1,ERA=1,YEAR=2018,MONTH=2,WEEK_OF_YEAR=12,WEEK_OF_MONTH=4,DAY_OF_MONTH=21,DAY_OF_YEAR=80,DAY_OF_WEEK=4,DAY_OF_WEEK_IN_MONTH=3,AM_PM=1,HOUR=7,HOUR_OF_DAY=19,MINUTE=26,SECOND=19,MILLISECOND=450,ZONE_OFFSET=0,DST_OFFSET=0], message=null}
19:26:19.454 [main] DEBUG org.hibernate.SQL - insert into LogEntries (logCode, message, primaryUser, secondaryUser, time, id) values (?, ?, ?, ?, ?, ?)
Hibernate: insert into LogEntries (logCode, message, primaryUser, secondaryUser, time, id) values (?, ?, ?, ?, ?, ?)
19:26:19.455 [main] DEBUG o.h.e.j.internal.JdbcCoordinatorImpl - HHH000420: Closing un-released batch
19:26:19.456 [main] DEBUG o.h.e.t.internal.TransactionImpl - begin
19:26:19.456 [main] DEBUG org.hibernate.SQL - select next_val as id_val from hibernate_sequence for update
Hibernate: select next_val as id_val from hibernate_sequence for update
19:26:19.457 [main] DEBUG org.hibernate.SQL - update hibernate_sequence set next_val= ? where next_val=?
Hibernate: update hibernate_sequence set next_val= ? where next_val=?
19:26:19.458 [main] DEBUG o.h.e.i.AbstractSaveEventListener - Generated identifier: 259, using strategy: org.hibernate.id.enhanced.SequenceStyleGenerator
19:26:19.458 [main] DEBUG o.h.e.t.internal.TransactionImpl - committing
19:26:19.458 [main] DEBUG o.h.e.i.AbstractFlushingEventListener - Processing flush-time cascades
19:26:19.459 [main] DEBUG o.h.e.i.AbstractFlushingEventListener - Dirty checking collections
19:26:19.459 [main] DEBUG o.h.e.i.AbstractFlushingEventListener - Flushed: 1 insertions, 0 updates, 0 deletions to 1 objects
19:26:19.459 [main] DEBUG o.h.e.i.AbstractFlushingEventListener - Flushed: 0 (re)creations, 0 updates, 0 removals to 0 collections
19:26:19.459 [main] DEBUG o.h.internal.util.EntityPrinter - Listing entities:
19:26:19.459 [main] DEBUG o.h.internal.util.EntityPrinter - edu.ncsu.csc.itrust2.models.persistent.LogEntry{secondaryUser=null, logCode=5, primaryUser=logapitest, id=259, time=java.util.GregorianCalendar[time=1521660379455,areFieldsSet=true,areAllFieldsSet=true,lenient=true,zone=sun.util.calendar.ZoneInfo[id="Etc/UTC",offset=0,dstSavings=0,useDaylight=false,transitions=0,lastRule=null],firstDayOfWeek=1,minimalDaysInFirstWeek=1,ERA=1,YEAR=2018,MONTH=2,WEEK_OF_YEAR=12,WEEK_OF_MONTH=4,DAY_OF_MONTH=21,DAY_OF_YEAR=80,DAY_OF_WEEK=4,DAY_OF_WEEK_IN_MONTH=3,AM_PM=1,HOUR=7,HOUR_OF_DAY=19,MINUTE=26,SECOND=19,MILLISECOND=455,ZONE_OFFSET=0,DST_OFFSET=0], message=null}
19:26:19.460 [main] DEBUG org.hibernate.SQL - insert into LogEntries (logCode, message, primaryUser, secondaryUser, time, id) values (?, ?, ?, ?, ?, ?)
Hibernate: insert into LogEntries (logCode, message, primaryUser, secondaryUser, time, id) values (?, ?, ?, ?, ?, ?)
19:26:19.461 [main] DEBUG o.h.e.j.internal.JdbcCoordinatorImpl - HHH000420: Closing un-released batch
19:26:19.462 [main] DEBUG o.h.e.t.internal.TransactionImpl - begin
19:26:19.462 [main] DEBUG org.hibernate.SQL - select next_val as id_val from hibernate_sequence for update
Hibernate: select next_val as id_val from hibernate_sequence for update
19:26:19.463 [main] DEBUG org.hibernate.SQL - update hibernate_sequence set next_val= ? where next_val=?
Hibernate: update hibernate_sequence set next_val= ? where next_val=?
19:26:19.464 [main] DEBUG o.h.e.i.AbstractSaveEventListener - Generated identifier: 260, using strategy: org.hibernate.id.enhanced.SequenceStyleGenerator
19:26:19.464 [main] DEBUG o.h.e.t.internal.TransactionImpl - committing
19:26:19.464 [main] DEBUG o.h.e.i.AbstractFlushingEventListener - Processing flush-time cascades
19:26:19.464 [main] DEBUG o.h.e.i.AbstractFlushingEventListener - Dirty checking collections
19:26:19.464 [main] DEBUG o.h.e.i.AbstractFlushingEventListener - Flushed: 1 insertions, 0 updates, 0 deletions to 1 objects
19:26:19.464 [main] DEBUG o.h.e.i.AbstractFlushingEventListener - Flushed: 0 (re)creations, 0 updates, 0 removals to 0 collections
19:26:19.464 [main] DEBUG o.h.internal.util.EntityPrinter - Listing entities:
19:26:19.465 [main] DEBUG o.h.internal.util.EntityPrinter - edu.ncsu.csc.itrust2.models.persistent.LogEntry{secondaryUser=null, logCode=5, primaryUser=logapitest, id=260, time=java.util.GregorianCalendar[time=1521660379461,areFieldsSet=true,areAllFieldsSet=true,lenient=true,zone=sun.util.calendar.ZoneInfo[id="Etc/UTC",offset=0,dstSavings=0,useDaylight=false,transitions=0,lastRule=null],firstDayOfWeek=1,minimalDaysInFirstWeek=1,ERA=1,YEAR=2018,MONTH=2,WEEK_OF_YEAR=12,WEEK_OF_MONTH=4,DAY_OF_MONTH=21,DAY_OF_YEAR=80,DAY_OF_WEEK=4,DAY_OF_WEEK_IN_MONTH=3,AM_PM=1,HOUR=7,HOUR_OF_DAY=19,MINUTE=26,SECOND=19,MILLISECOND=461,ZONE_OFFSET=0,DST_OFFSET=0], message=null}
19:26:19.465 [main] DEBUG org.hibernate.SQL - insert into LogEntries (logCode, message, primaryUser, secondaryUser, time, id) values (?, ?, ?, ?, ?, ?)
Hibernate: insert into LogEntries (logCode, message, primaryUser, secondaryUser, time, id) values (?, ?, ?, ?, ?, ?)
19:26:19.467 [main] DEBUG o.h.e.j.internal.JdbcCoordinatorImpl - HHH000420: Closing un-released batch
19:26:19.467 [main] DEBUG o.h.e.t.internal.TransactionImpl - begin
19:26:19.468 [main] DEBUG org.hibernate.SQL - select next_val as id_val from hibernate_sequence for update
Hibernate: select next_val as id_val from hibernate_sequence for update
19:26:19.468 [main] DEBUG org.hibernate.SQL - update hibernate_sequence set next_val= ? where next_val=?
Hibernate: update hibernate_sequence set next_val= ? where next_val=?
19:26:19.469 [main] DEBUG o.h.e.i.AbstractSaveEventListener - Generated identifier: 261, using strategy: org.hibernate.id.enhanced.SequenceStyleGenerator
19:26:19.470 [main] DEBUG o.h.e.t.internal.TransactionImpl - committing
19:26:19.470 [main] DEBUG o.h.e.i.AbstractFlushingEventListener - Processing flush-time cascades
19:26:19.470 [main] DEBUG o.h.e.i.AbstractFlushingEventListener - Dirty checking collections
19:26:19.470 [main] DEBUG o.h.e.i.AbstractFlushingEventListener - Flushed: 1 insertions, 0 updates, 0 deletions to 1 objects
19:26:19.470 [main] DEBUG o.h.e.i.AbstractFlushingEventListener - Flushed: 0 (re)creations, 0 updates, 0 removals to 0 collections
19:26:19.470 [main] DEBUG o.h.internal.util.EntityPrinter - Listing entities:
19:26:19.470 [main] DEBUG o.h.internal.util.EntityPrinter - edu.ncsu.csc.itrust2.models.persistent.LogEntry{secondaryUser=null, logCode=5, primaryUser=logapitest, id=261, time=java.util.GregorianCalendar[time=1521660379467,areFieldsSet=true,areAllFieldsSet=true,lenient=true,zone=sun.util.calendar.ZoneInfo[id="Etc/UTC",offset=0,dstSavings=0,useDaylight=false,transitions=0,lastRule=null],firstDayOfWeek=1,minimalDaysInFirstWeek=1,ERA=1,YEAR=2018,MONTH=2,WEEK_OF_YEAR=12,WEEK_OF_MONTH=4,DAY_OF_MONTH=21,DAY_OF_YEAR=80,DAY_OF_WEEK=4,DAY_OF_WEEK_IN_MONTH=3,AM_PM=1,HOUR=7,HOUR_OF_DAY=19,MINUTE=26,SECOND=19,MILLISECOND=467,ZONE_OFFSET=0,DST_OFFSET=0], message=null}
19:26:19.471 [main] DEBUG org.hibernate.SQL - insert into LogEntries (logCode, message, primaryUser, secondaryUser, time, id) values (?, ?, ?, ?, ?, ?)
Hibernate: insert into LogEntries (logCode, message, primaryUser, secondaryUser, time, id) values (?, ?, ?, ?, ?, ?)
19:26:19.472 [main] DEBUG o.h.e.j.internal.JdbcCoordinatorImpl - HHH000420: Closing un-released batch
19:26:19.473 [main] DEBUG o.h.e.t.internal.TransactionImpl - begin
19:26:19.473 [main] DEBUG org.hibernate.SQL - select next_val as id_val from hibernate_sequence for update
Hibernate: select next_val as id_val from hibernate_sequence for update
19:26:19.474 [main] DEBUG org.hibernate.SQL - update hibernate_sequence set next_val= ? where next_val=?
Hibernate: update hibernate_sequence set next_val= ? where next_val=?
19:26:19.475 [main] DEBUG o.h.e.i.AbstractSaveEventListener - Generated identifier: 262, using strategy: org.hibernate.id.enhanced.SequenceStyleGenerator
19:26:19.475 [main] DEBUG o.h.e.t.internal.TransactionImpl - committing
19:26:19.475 [main] DEBUG o.h.e.i.AbstractFlushingEventListener - Processing flush-time cascades
19:26:19.475 [main] DEBUG o.h.e.i.AbstractFlushingEventListener - Dirty checking collections
19:26:19.475 [main] DEBUG o.h.e.i.AbstractFlushingEventListener - Flushed: 1 insertions, 0 updates, 0 deletions to 1 objects
19:26:19.475 [main] DEBUG o.h.e.i.AbstractFlushingEventListener - Flushed: 0 (re)creations, 0 updates, 0 removals to 0 collections
19:26:19.475 [main] DEBUG o.h.internal.util.EntityPrinter - Listing entities:
19:26:19.475 [main] DEBUG o.h.internal.util.EntityPrinter - edu.ncsu.csc.itrust2.models.persistent.LogEntry{secondaryUser=null, logCode=5, primaryUser=logapitest, id=262, time=java.util.GregorianCalendar[time=1521660379473,areFieldsSet=true,areAllFieldsSet=true,lenient=true,zone=sun.util.calendar.ZoneInfo[id="Etc/UTC",offset=0,dstSavings=0,useDaylight=false,transitions=0,lastRule=null],firstDayOfWeek=1,minimalDaysInFirstWeek=1,ERA=1,YEAR=2018,MONTH=2,WEEK_OF_YEAR=12,WEEK_OF_MONTH=4,DAY_OF_MONTH=21,DAY_OF_YEAR=80,DAY_OF_WEEK=4,DAY_OF_WEEK_IN_MONTH=3,AM_PM=1,HOUR=7,HOUR_OF_DAY=19,MINUTE=26,SECOND=19,MILLISECOND=473,ZONE_OFFSET=0,DST_OFFSET=0], message=null}
19:26:19.476 [main] DEBUG org.hibernate.SQL - insert into LogEntries (logCode, message, primaryUser, secondaryUser, time, id) values (?, ?, ?, ?, ?, ?)
Hibernate: insert into LogEntries (logCode, message, primaryUser, secondaryUser, time, id) values (?, ?, ?, ?, ?, ?)
19:26:19.477 [main] DEBUG o.h.e.j.internal.JdbcCoordinatorImpl - HHH000420: Closing un-released batch
19:26:19.478 [main] DEBUG o.h.e.t.internal.TransactionImpl - begin
19:26:19.478 [main] DEBUG org.hibernate.SQL - select next_val as id_val from hibernate_sequence for update
Hibernate: select next_val as id_val from hibernate_sequence for update
19:26:19.479 [main] DEBUG org.hibernate.SQL - update hibernate_sequence set next_val= ? where next_val=?
Hibernate: update hibernate_sequence set next_val= ? where next_val=?
19:26:19.480 [main] DEBUG o.h.e.i.AbstractSaveEventListener - Generated identifier: 263, using strategy: org.hibernate.id.enhanced.SequenceStyleGenerator
19:26:19.480 [main] DEBUG o.h.e.t.internal.TransactionImpl - committing
19:26:19.480 [main] DEBUG o.h.e.i.AbstractFlushingEventListener - Processing flush-time cascades
19:26:19.480 [main] DEBUG o.h.e.i.AbstractFlushingEventListener - Dirty checking collections
19:26:19.481 [main] DEBUG o.h.e.i.AbstractFlushingEventListener - Flushed: 1 insertions, 0 updates, 0 deletions to 1 objects
19:26:19.481 [main] DEBUG o.h.e.i.AbstractFlushingEventListener - Flushed: 0 (re)creations, 0 updates, 0 removals to 0 collections
19:26:19.481 [main] DEBUG o.h.internal.util.EntityPrinter - Listing entities:
19:26:19.481 [main] DEBUG o.h.internal.util.EntityPrinter - edu.ncsu.csc.itrust2.models.persistent.LogEntry{secondaryUser=null, logCode=5, primaryUser=logapitest, id=263, time=java.util.GregorianCalendar[time=1521660379478,areFieldsSet=true,areAllFieldsSet=true,lenient=true,zone=sun.util.calendar.ZoneInfo[id="Etc/UTC",offset=0,dstSavings=0,useDaylight=false,transitions=0,lastRule=null],firstDayOfWeek=1,minimalDaysInFirstWeek=1,ERA=1,YEAR=2018,MONTH=2,WEEK_OF_YEAR=12,WEEK_OF_MONTH=4,DAY_OF_MONTH=21,DAY_OF_YEAR=80,DAY_OF_WEEK=4,DAY_OF_WEEK_IN_MONTH=3,AM_PM=1,HOUR=7,HOUR_OF_DAY=19,MINUTE=26,SECOND=19,MILLISECOND=478,ZONE_OFFSET=0,DST_OFFSET=0], message=null}
19:26:19.481 [main] DEBUG org.hibernate.SQL - insert into LogEntries (logCode, message, primaryUser, secondaryUser, time, id) values (?, ?, ?, ?, ?, ?)
Hibernate: insert into LogEntries (logCode, message, primaryUser, secondaryUser, time, id) values (?, ?, ?, ?, ?, ?)
19:26:19.484 [main] DEBUG o.h.e.j.internal.JdbcCoordinatorImpl - HHH000420: Closing un-released batch
19:26:19.485 [main] DEBUG o.h.e.t.internal.TransactionImpl - begin
19:26:19.485 [main] DEBUG org.hibernate.SQL - select next_val as id_val from hibernate_sequence for update
Hibernate: select next_val as id_val from hibernate_sequence for update
19:26:19.486 [main] DEBUG org.hibernate.SQL - update hibernate_sequence set next_val= ? where next_val=?
Hibernate: update hibernate_sequence set next_val= ? where next_val=?
19:26:19.487 [main] DEBUG o.h.e.i.AbstractSaveEventListener - Generated identifier: 264, using strategy: org.hibernate.id.enhanced.SequenceStyleGenerator
19:26:19.487 [main] DEBUG o.h.e.t.internal.TransactionImpl - committing
19:26:19.487 [main] DEBUG o.h.e.i.AbstractFlushingEventListener - Processing flush-time cascades
19:26:19.487 [main] DEBUG o.h.e.i.AbstractFlushingEventListener - Dirty checking collections
19:26:19.488 [main] DEBUG o.h.e.i.AbstractFlushingEventListener - Flushed: 1 insertions, 0 updates, 0 deletions to 1 objects
19:26:19.488 [main] DEBUG o.h.e.i.AbstractFlushingEventListener - Flushed: 0 (re)creations, 0 updates, 0 removals to 0 collections
19:26:19.488 [main] DEBUG o.h.internal.util.EntityPrinter - Listing entities:
19:26:19.488 [main] DEBUG o.h.internal.util.EntityPrinter - edu.ncsu.csc.itrust2.models.persistent.LogEntry{secondaryUser=null, logCode=5, primaryUser=logapitest, id=264, time=java.util.GregorianCalendar[time=1521660379485,areFieldsSet=true,areAllFieldsSet=true,lenient=true,zone=sun.util.calendar.ZoneInfo[id="Etc/UTC",offset=0,dstSavings=0,useDaylight=false,transitions=0,lastRule=null],firstDayOfWeek=1,minimalDaysInFirstWeek=1,ERA=1,YEAR=2018,MONTH=2,WEEK_OF_YEAR=12,WEEK_OF_MONTH=4,DAY_OF_MONTH=21,DAY_OF_YEAR=80,DAY_OF_WEEK=4,DAY_OF_WEEK_IN_MONTH=3,AM_PM=1,HOUR=7,HOUR_OF_DAY=19,MINUTE=26,SECOND=19,MILLISECOND=485,ZONE_OFFSET=0,DST_OFFSET=0], message=null}
19:26:19.488 [main] DEBUG org.hibernate.SQL - insert into LogEntries (logCode, message, primaryUser, secondaryUser, time, id) values (?, ?, ?, ?, ?, ?)
Hibernate: insert into LogEntries (logCode, message, primaryUser, secondaryUser, time, id) values (?, ?, ?, ?, ?, ?)
19:26:19.489 [main] DEBUG o.h.e.j.internal.JdbcCoordinatorImpl - HHH000420: Closing un-released batch
19:26:19.490 [main] DEBUG o.h.e.t.internal.TransactionImpl - begin
19:26:19.490 [main] DEBUG org.hibernate.SQL - select next_val as id_val from hibernate_sequence for update
Hibernate: select next_val as id_val from hibernate_sequence for update
19:26:19.491 [main] DEBUG org.hibernate.SQL - update hibernate_sequence set next_val= ? where next_val=?
Hibernate: update hibernate_sequence set next_val= ? where next_val=?
19:26:19.492 [main] DEBUG o.h.e.i.AbstractSaveEventListener - Generated identifier: 265, using strategy: org.hibernate.id.enhanced.SequenceStyleGenerator
19:26:19.492 [main] DEBUG o.h.e.t.internal.TransactionImpl - committing
19:26:19.492 [main] DEBUG o.h.e.i.AbstractFlushingEventListener - Processing flush-time cascades
19:26:19.493 [main] DEBUG o.h.e.i.AbstractFlushingEventListener - Dirty checking collections
19:26:19.493 [main] DEBUG o.h.e.i.AbstractFlushingEventListener - Flushed: 1 insertions, 0 updates, 0 deletions to 1 objects
19:26:19.493 [main] DEBUG o.h.e.i.AbstractFlushingEventListener - Flushed: 0 (re)creations, 0 updates, 0 removals to 0 collections
19:26:19.493 [main] DEBUG o.h.internal.util.EntityPrinter - Listing entities:
19:26:19.493 [main] DEBUG o.h.internal.util.EntityPrinter - edu.ncsu.csc.itrust2.models.persistent.LogEntry{secondaryUser=null, logCode=5, primaryUser=logapitest, id=265, time=java.util.GregorianCalendar[time=1521660379490,areFieldsSet=true,areAllFieldsSet=true,lenient=true,zone=sun.util.calendar.ZoneInfo[id="Etc/UTC",offset=0,dstSavings=0,useDaylight=false,transitions=0,lastRule=null],firstDayOfWeek=1,minimalDaysInFirstWeek=1,ERA=1,YEAR=2018,MONTH=2,WEEK_OF_YEAR=12,WEEK_OF_MONTH=4,DAY_OF_MONTH=21,DAY_OF_YEAR=80,DAY_OF_WEEK=4,DAY_OF_WEEK_IN_MONTH=3,AM_PM=1,HOUR=7,HOUR_OF_DAY=19,MINUTE=26,SECOND=19,MILLISECOND=490,ZONE_OFFSET=0,DST_OFFSET=0], message=null}
19:26:19.494 [main] DEBUG org.hibernate.SQL - insert into LogEntries (logCode, message, primaryUser, secondaryUser, time, id) values (?, ?, ?, ?, ?, ?)
Hibernate: insert into LogEntries (logCode, message, primaryUser, secondaryUser, time, id) values (?, ?, ?, ?, ?, ?)
19:26:19.495 [main] DEBUG o.h.e.j.internal.JdbcCoordinatorImpl - HHH000420: Closing un-released batch
19:26:19.495 [main] DEBUG o.h.e.t.internal.TransactionImpl - begin
19:26:19.496 [main] DEBUG org.hibernate.SQL - select next_val as id_val from hibernate_sequence for update
Hibernate: select next_val as id_val from hibernate_sequence for update
19:26:19.496 [main] DEBUG org.hibernate.SQL - update hibernate_sequence set next_val= ? where next_val=?
Hibernate: update hibernate_sequence set next_val= ? where next_val=?
19:26:19.497 [main] DEBUG o.h.e.i.AbstractSaveEventListener - Generated identifier: 266, using strategy: org.hibernate.id.enhanced.SequenceStyleGenerator
19:26:19.497 [main] DEBUG o.h.e.t.internal.TransactionImpl - committing
19:26:19.498 [main] DEBUG o.h.e.i.AbstractFlushingEventListener - Processing flush-time cascades
19:26:19.498 [main] DEBUG o.h.e.i.AbstractFlushingEventListener - Dirty checking collections
19:26:19.498 [main] DEBUG o.h.e.i.AbstractFlushingEventListener - Flushed: 1 insertions, 0 updates, 0 deletions to 1 objects
19:26:19.498 [main] DEBUG o.h.e.i.AbstractFlushingEventListener - Flushed: 0 (re)creations, 0 updates, 0 removals to 0 collections
19:26:19.498 [main] DEBUG o.h.internal.util.EntityPrinter - Listing entities:
19:26:19.498 [main] DEBUG o.h.internal.util.EntityPrinter - edu.ncsu.csc.itrust2.models.persistent.LogEntry{secondaryUser=null, logCode=5, primaryUser=logapitest, id=266, time=java.util.GregorianCalendar[time=1521660379495,areFieldsSet=true,areAllFieldsSet=true,lenient=true,zone=sun.util.calendar.ZoneInfo[id="Etc/UTC",offset=0,dstSavings=0,useDaylight=false,transitions=0,lastRule=null],firstDayOfWeek=1,minimalDaysInFirstWeek=1,ERA=1,YEAR=2018,MONTH=2,WEEK_OF_YEAR=12,WEEK_OF_MONTH=4,DAY_OF_MONTH=21,DAY_OF_YEAR=80,DAY_OF_WEEK=4,DAY_OF_WEEK_IN_MONTH=3,AM_PM=1,HOUR=7,HOUR_OF_DAY=19,MINUTE=26,SECOND=19,MILLISECOND=495,ZONE_OFFSET=0,DST_OFFSET=0], message=null}
19:26:19.499 [main] DEBUG org.hibernate.SQL - insert into LogEntries (logCode, message, primaryUser, secondaryUser, time, id) values (?, ?, ?, ?, ?, ?)
Hibernate: insert into LogEntries (logCode, message, primaryUser, secondaryUser, time, id) values (?, ?, ?, ?, ?, ?)
19:26:19.501 [main] DEBUG o.h.e.j.internal.JdbcCoordinatorImpl - HHH000420: Closing un-released batch
19:26:19.502 [main] DEBUG o.h.e.t.internal.TransactionImpl - begin
19:26:19.503 [main] DEBUG org.hibernate.SQL - select next_val as id_val from hibernate_sequence for update
Hibernate: select next_val as id_val from hibernate_sequence for update
19:26:19.503 [main] DEBUG org.hibernate.SQL - update hibernate_sequence set next_val= ? where next_val=?
Hibernate: update hibernate_sequence set next_val= ? where next_val=?
19:26:19.504 [main] DEBUG o.h.e.i.AbstractSaveEventListener - Generated identifier: 267, using strategy: org.hibernate.id.enhanced.SequenceStyleGenerator
19:26:19.505 [main] DEBUG o.h.e.t.internal.TransactionImpl - committing
19:26:19.505 [main] DEBUG o.h.e.i.AbstractFlushingEventListener - Processing flush-time cascades
19:26:19.505 [main] DEBUG o.h.e.i.AbstractFlushingEventListener - Dirty checking collections
19:26:19.505 [main] DEBUG o.h.e.i.AbstractFlushingEventListener - Flushed: 1 insertions, 0 updates, 0 deletions to 1 objects
19:26:19.505 [main] DEBUG o.h.e.i.AbstractFlushingEventListener - Flushed: 0 (re)creations, 0 updates, 0 removals to 0 collections
19:26:19.505 [main] DEBUG o.h.internal.util.EntityPrinter - Listing entities:
19:26:19.505 [main] DEBUG o.h.internal.util.EntityPrinter - edu.ncsu.csc.itrust2.models.persistent.LogEntry{secondaryUser=null, logCode=5, primaryUser=logapitest, id=267, time=java.util.GregorianCalendar[time=1521660379502,areFieldsSet=true,areAllFieldsSet=true,lenient=true,zone=sun.util.calendar.ZoneInfo[id="Etc/UTC",offset=0,dstSavings=0,useDaylight=false,transitions=0,lastRule=null],firstDayOfWeek=1,minimalDaysInFirstWeek=1,ERA=1,YEAR=2018,MONTH=2,WEEK_OF_YEAR=12,WEEK_OF_MONTH=4,DAY_OF_MONTH=21,DAY_OF_YEAR=80,DAY_OF_WEEK=4,DAY_OF_WEEK_IN_MONTH=3,AM_PM=1,HOUR=7,HOUR_OF_DAY=19,MINUTE=26,SECOND=19,MILLISECOND=502,ZONE_OFFSET=0,DST_OFFSET=0], message=null}
19:26:19.506 [main] DEBUG org.hibernate.SQL - insert into LogEntries (logCode, message, primaryUser, secondaryUser, time, id) values (?, ?, ?, ?, ?, ?)
Hibernate: insert into LogEntries (logCode, message, primaryUser, secondaryUser, time, id) values (?, ?, ?, ?, ?, ?)
19:26:19.507 [main] DEBUG o.h.e.j.internal.JdbcCoordinatorImpl - HHH000420: Closing un-released batch
19:26:19.508 [main] DEBUG o.h.e.t.internal.TransactionImpl - begin
19:26:19.508 [main] DEBUG org.hibernate.SQL - select next_val as id_val from hibernate_sequence for update
Hibernate: select next_val as id_val from hibernate_sequence for update
19:26:19.509 [main] DEBUG org.hibernate.SQL - update hibernate_sequence set next_val= ? where next_val=?
Hibernate: update hibernate_sequence set next_val= ? where next_val=?
19:26:19.510 [main] DEBUG o.h.e.i.AbstractSaveEventListener - Generated identifier: 268, using strategy: org.hibernate.id.enhanced.SequenceStyleGenerator
19:26:19.510 [main] DEBUG o.h.e.t.internal.TransactionImpl - committing
19:26:19.510 [main] DEBUG o.h.e.i.AbstractFlushingEventListener - Processing flush-time cascades
19:26:19.510 [main] DEBUG o.h.e.i.AbstractFlushingEventListener - Dirty checking collections
19:26:19.511 [main] DEBUG o.h.e.i.AbstractFlushingEventListener - Flushed: 1 insertions, 0 updates, 0 deletions to 1 objects
19:26:19.511 [main] DEBUG o.h.e.i.AbstractFlushingEventListener - Flushed: 0 (re)creations, 0 updates, 0 removals to 0 collections
19:26:19.511 [main] DEBUG o.h.internal.util.EntityPrinter - Listing entities:
19:26:19.511 [main] DEBUG o.h.internal.util.EntityPrinter - edu.ncsu.csc.itrust2.models.persistent.LogEntry{secondaryUser=null, logCode=5, primaryUser=logapitest, id=268, time=java.util.GregorianCalendar[time=1521660379507,areFieldsSet=true,areAllFieldsSet=true,lenient=true,zone=sun.util.calendar.ZoneInfo[id="Etc/UTC",offset=0,dstSavings=0,useDaylight=false,transitions=0,lastRule=null],firstDayOfWeek=1,minimalDaysInFirstWeek=1,ERA=1,YEAR=2018,MONTH=2,WEEK_OF_YEAR=12,WEEK_OF_MONTH=4,DAY_OF_MONTH=21,DAY_OF_YEAR=80,DAY_OF_WEEK=4,DAY_OF_WEEK_IN_MONTH=3,AM_PM=1,HOUR=7,HOUR_OF_DAY=19,MINUTE=26,SECOND=19,MILLISECOND=507,ZONE_OFFSET=0,DST_OFFSET=0], message=null}
19:26:19.511 [main] DEBUG org.hibernate.SQL - insert into LogEntries (logCode, message, primaryUser, secondaryUser, time, id) values (?, ?, ?, ?, ?, ?)
Hibernate: insert into LogEntries (logCode, message, primaryUser, secondaryUser, time, id) values (?, ?, ?, ?, ?, ?)
19:26:19.513 [main] DEBUG o.h.e.j.internal.JdbcCoordinatorImpl - HHH000420: Closing un-released batch
19:26:19.513 [main] DEBUG o.h.e.t.internal.TransactionImpl - begin
19:26:19.514 [main] DEBUG org.hibernate.SQL - select next_val as id_val from hibernate_sequence for update
Hibernate: select next_val as id_val from hibernate_sequence for update
19:26:19.514 [main] DEBUG org.hibernate.SQL - update hibernate_sequence set next_val= ? where next_val=?
Hibernate: update hibernate_sequence set next_val= ? where next_val=?
19:26:19.515 [main] DEBUG o.h.e.i.AbstractSaveEventListener - Generated identifier: 269, using strategy: org.hibernate.id.enhanced.SequenceStyleGenerator
19:26:19.516 [main] DEBUG o.h.e.t.internal.TransactionImpl - committing
19:26:19.516 [main] DEBUG o.h.e.i.AbstractFlushingEventListener - Processing flush-time cascades
19:26:19.516 [main] DEBUG o.h.e.i.AbstractFlushingEventListener - Dirty checking collections
19:26:19.516 [main] DEBUG o.h.e.i.AbstractFlushingEventListener - Flushed: 1 insertions, 0 updates, 0 deletions to 1 objects
19:26:19.516 [main] DEBUG o.h.e.i.AbstractFlushingEventListener - Flushed: 0 (re)creations, 0 updates, 0 removals to 0 collections
19:26:19.516 [main] DEBUG o.h.internal.util.EntityPrinter - Listing entities:
19:26:19.516 [main] DEBUG o.h.internal.util.EntityPrinter - edu.ncsu.csc.itrust2.models.persistent.LogEntry{secondaryUser=null, logCode=5, primaryUser=logapitest, id=269, time=java.util.GregorianCalendar[time=1521660379513,areFieldsSet=true,areAllFieldsSet=true,lenient=true,zone=sun.util.calendar.ZoneInfo[id="Etc/UTC",offset=0,dstSavings=0,useDaylight=false,transitions=0,lastRule=null],firstDayOfWeek=1,minimalDaysInFirstWeek=1,ERA=1,YEAR=2018,MONTH=2,WEEK_OF_YEAR=12,WEEK_OF_MONTH=4,DAY_OF_MONTH=21,DAY_OF_YEAR=80,DAY_OF_WEEK=4,DAY_OF_WEEK_IN_MONTH=3,AM_PM=1,HOUR=7,HOUR_OF_DAY=19,MINUTE=26,SECOND=19,MILLISECOND=513,ZONE_OFFSET=0,DST_OFFSET=0], message=null}
19:26:19.517 [main] DEBUG org.hibernate.SQL - insert into LogEntries (logCode, message, primaryUser, secondaryUser, time, id) values (?, ?, ?, ?, ?, ?)
Hibernate: insert into LogEntries (logCode, message, primaryUser, secondaryUser, time, id) values (?, ?, ?, ?, ?, ?)
19:26:19.518 [main] DEBUG o.h.e.j.internal.JdbcCoordinatorImpl - HHH000420: Closing un-released batch
19:26:19.519 [main] DEBUG o.h.e.t.internal.TransactionImpl - begin
19:26:19.519 [main] DEBUG org.hibernate.SQL - select next_val as id_val from hibernate_sequence for update
Hibernate: select next_val as id_val from hibernate_sequence for update
19:26:19.520 [main] DEBUG org.hibernate.SQL - update hibernate_sequence set next_val= ? where next_val=?
Hibernate: update hibernate_sequence set next_val= ? where next_val=?
19:26:19.521 [main] DEBUG o.h.e.i.AbstractSaveEventListener - Generated identifier: 270, using strategy: org.hibernate.id.enhanced.SequenceStyleGenerator
19:26:19.521 [main] DEBUG o.h.e.t.internal.TransactionImpl - committing
19:26:19.521 [main] DEBUG o.h.e.i.AbstractFlushingEventListener - Processing flush-time cascades
19:26:19.521 [main] DEBUG o.h.e.i.AbstractFlushingEventListener - Dirty checking collections
19:26:19.521 [main] DEBUG o.h.e.i.AbstractFlushingEventListener - Flushed: 1 insertions, 0 updates, 0 deletions to 1 objects
19:26:19.521 [main] DEBUG o.h.e.i.AbstractFlushingEventListener - Flushed: 0 (re)creations, 0 updates, 0 removals to 0 collections
19:26:19.521 [main] DEBUG o.h.internal.util.EntityPrinter - Listing entities:
19:26:19.521 [main] DEBUG o.h.internal.util.EntityPrinter - edu.ncsu.csc.itrust2.models.persistent.LogEntry{secondaryUser=null, logCode=5, primaryUser=logapitest, id=270, time=java.util.GregorianCalendar[time=1521660379519,areFieldsSet=true,areAllFieldsSet=true,lenient=true,zone=sun.util.calendar.ZoneInfo[id="Etc/UTC",offset=0,dstSavings=0,useDaylight=false,transitions=0,lastRule=null],firstDayOfWeek=1,minimalDaysInFirstWeek=1,ERA=1,YEAR=2018,MONTH=2,WEEK_OF_YEAR=12,WEEK_OF_MONTH=4,DAY_OF_MONTH=21,DAY_OF_YEAR=80,DAY_OF_WEEK=4,DAY_OF_WEEK_IN_MONTH=3,AM_PM=1,HOUR=7,HOUR_OF_DAY=19,MINUTE=26,SECOND=19,MILLISECOND=519,ZONE_OFFSET=0,DST_OFFSET=0], message=null}
19:26:19.522 [main] DEBUG org.hibernate.SQL - insert into LogEntries (logCode, message, primaryUser, secondaryUser, time, id) values (?, ?, ?, ?, ?, ?)
Hibernate: insert into LogEntries (logCode, message, primaryUser, secondaryUser, time, id) values (?, ?, ?, ?, ?, ?)
19:26:19.524 [main] DEBUG o.h.e.j.internal.JdbcCoordinatorImpl - HHH000420: Closing un-released batch
19:26:19.524 [main] DEBUG o.h.e.t.internal.TransactionImpl - begin
19:26:19.525 [main] DEBUG org.hibernate.SQL - select next_val as id_val from hibernate_sequence for update
Hibernate: select next_val as id_val from hibernate_sequence for update
19:26:19.525 [main] DEBUG org.hibernate.SQL - update hibernate_sequence set next_val= ? where next_val=?
Hibernate: update hibernate_sequence set next_val= ? where next_val=?
19:26:19.526 [main] DEBUG o.h.e.i.AbstractSaveEventListener - Generated identifier: 271, using strategy: org.hibernate.id.enhanced.SequenceStyleGenerator
19:26:19.527 [main] DEBUG o.h.e.t.internal.TransactionImpl - committing
19:26:19.527 [main] DEBUG o.h.e.i.AbstractFlushingEventListener - Processing flush-time cascades
19:26:19.527 [main] DEBUG o.h.e.i.AbstractFlushingEventListener - Dirty checking collections
19:26:19.527 [main] DEBUG o.h.e.i.AbstractFlushingEventListener - Flushed: 1 insertions, 0 updates, 0 deletions to 1 objects
19:26:19.527 [main] DEBUG o.h.e.i.AbstractFlushingEventListener - Flushed: 0 (re)creations, 0 updates, 0 removals to 0 collections
19:26:19.527 [main] DEBUG o.h.internal.util.EntityPrinter - Listing entities:
19:26:19.527 [main] DEBUG o.h.internal.util.EntityPrinter - edu.ncsu.csc.itrust2.models.persistent.LogEntry{secondaryUser=null, logCode=5, primaryUser=logapitest, id=271, time=java.util.GregorianCalendar[time=1521660379524,areFieldsSet=true,areAllFieldsSet=true,lenient=true,zone=sun.util.calendar.ZoneInfo[id="Etc/UTC",offset=0,dstSavings=0,useDaylight=false,transitions=0,lastRule=null],firstDayOfWeek=1,minimalDaysInFirstWeek=1,ERA=1,YEAR=2018,MONTH=2,WEEK_OF_YEAR=12,WEEK_OF_MONTH=4,DAY_OF_MONTH=21,DAY_OF_YEAR=80,DAY_OF_WEEK=4,DAY_OF_WEEK_IN_MONTH=3,AM_PM=1,HOUR=7,HOUR_OF_DAY=19,MINUTE=26,SECOND=19,MILLISECOND=524,ZONE_OFFSET=0,DST_OFFSET=0], message=null}
19:26:19.528 [main] DEBUG org.hibernate.SQL - insert into LogEntries (logCode, message, primaryUser, secondaryUser, time, id) values (?, ?, ?, ?, ?, ?)
Hibernate: insert into LogEntries (logCode, message, primaryUser, secondaryUser, time, id) values (?, ?, ?, ?, ?, ?)
19:26:19.529 [main] DEBUG o.h.e.j.internal.JdbcCoordinatorImpl - HHH000420: Closing un-released batch
19:26:19.529 [main] DEBUG o.h.e.t.internal.TransactionImpl - begin
19:26:19.530 [main] DEBUG org.hibernate.SQL - select next_val as id_val from hibernate_sequence for update
Hibernate: select next_val as id_val from hibernate_sequence for update
19:26:19.531 [main] DEBUG org.hibernate.SQL - update hibernate_sequence set next_val= ? where next_val=?
Hibernate: update hibernate_sequence set next_val= ? where next_val=?
19:26:19.532 [main] DEBUG o.h.e.i.AbstractSaveEventListener - Generated identifier: 272, using strategy: org.hibernate.id.enhanced.SequenceStyleGenerator
19:26:19.532 [main] DEBUG o.h.e.t.internal.TransactionImpl - committing
19:26:19.532 [main] DEBUG o.h.e.i.AbstractFlushingEventListener - Processing flush-time cascades
19:26:19.532 [main] DEBUG o.h.e.i.AbstractFlushingEventListener - Dirty checking collections
19:26:19.533 [main] DEBUG o.h.e.i.AbstractFlushingEventListener - Flushed: 1 insertions, 0 updates, 0 deletions to 1 objects
19:26:19.533 [main] DEBUG o.h.e.i.AbstractFlushingEventListener - Flushed: 0 (re)creations, 0 updates, 0 removals to 0 collections
19:26:19.533 [main] DEBUG o.h.internal.util.EntityPrinter - Listing entities:
19:26:19.533 [main] DEBUG o.h.internal.util.EntityPrinter - edu.ncsu.csc.itrust2.models.persistent.LogEntry{secondaryUser=null, logCode=5, primaryUser=logapitest, id=272, time=java.util.GregorianCalendar[time=1521660379529,areFieldsSet=true,areAllFieldsSet=true,lenient=true,zone=sun.util.calendar.ZoneInfo[id="Etc/UTC",offset=0,dstSavings=0,useDaylight=false,transitions=0,lastRule=null],firstDayOfWeek=1,minimalDaysInFirstWeek=1,ERA=1,YEAR=2018,MONTH=2,WEEK_OF_YEAR=12,WEEK_OF_MONTH=4,DAY_OF_MONTH=21,DAY_OF_YEAR=80,DAY_OF_WEEK=4,DAY_OF_WEEK_IN_MONTH=3,AM_PM=1,HOUR=7,HOUR_OF_DAY=19,MINUTE=26,SECOND=19,MILLISECOND=529,ZONE_OFFSET=0,DST_OFFSET=0], message=null}
19:26:19.533 [main] DEBUG org.hibernate.SQL - insert into LogEntries (logCode, message, primaryUser, secondaryUser, time, id) values (?, ?, ?, ?, ?, ?)
Hibernate: insert into LogEntries (logCode, message, primaryUser, secondaryUser, time, id) values (?, ?, ?, ?, ?, ?)
19:26:19.536 [main] DEBUG o.h.e.j.internal.JdbcCoordinatorImpl - HHH000420: Closing un-released batch
19:26:19.536 [main] DEBUG o.h.e.t.internal.TransactionImpl - begin
19:26:19.537 [main] DEBUG org.hibernate.SQL - select next_val as id_val from hibernate_sequence for update
Hibernate: select next_val as id_val from hibernate_sequence for update
19:26:19.538 [main] DEBUG org.hibernate.SQL - update hibernate_sequence set next_val= ? where next_val=?
Hibernate: update hibernate_sequence set next_val= ? where next_val=?
19:26:19.542 [main] DEBUG o.h.e.i.AbstractSaveEventListener - Generated identifier: 273, using strategy: org.hibernate.id.enhanced.SequenceStyleGenerator
19:26:19.542 [main] DEBUG o.h.e.t.internal.TransactionImpl - committing
19:26:19.542 [main] DEBUG o.h.e.i.AbstractFlushingEventListener - Processing flush-time cascades
19:26:19.542 [main] DEBUG o.h.e.i.AbstractFlushingEventListener - Dirty checking collections
19:26:19.543 [main] DEBUG o.h.e.i.AbstractFlushingEventListener - Flushed: 1 insertions, 0 updates, 0 deletions to 1 objects
19:26:19.543 [main] DEBUG o.h.e.i.AbstractFlushingEventListener - Flushed: 0 (re)creations, 0 updates, 0 removals to 0 collections
19:26:19.543 [main] DEBUG o.h.internal.util.EntityPrinter - Listing entities:
19:26:19.543 [main] DEBUG o.h.internal.util.EntityPrinter - edu.ncsu.csc.itrust2.models.persistent.LogEntry{secondaryUser=null, logCode=5, primaryUser=logapitest, id=273, time=java.util.GregorianCalendar[time=1521660379536,areFieldsSet=true,areAllFieldsSet=true,lenient=true,zone=sun.util.calendar.ZoneInfo[id="Etc/UTC",offset=0,dstSavings=0,useDaylight=false,transitions=0,lastRule=null],firstDayOfWeek=1,minimalDaysInFirstWeek=1,ERA=1,YEAR=2018,MONTH=2,WEEK_OF_YEAR=12,WEEK_OF_MONTH=4,DAY_OF_MONTH=21,DAY_OF_YEAR=80,DAY_OF_WEEK=4,DAY_OF_WEEK_IN_MONTH=3,AM_PM=1,HOUR=7,HOUR_OF_DAY=19,MINUTE=26,SECOND=19,MILLISECOND=536,ZONE_OFFSET=0,DST_OFFSET=0], message=null}
19:26:19.543 [main] DEBUG org.hibernate.SQL - insert into LogEntries (logCode, message, primaryUser, secondaryUser, time, id) values (?, ?, ?, ?, ?, ?)
Hibernate: insert into LogEntries (logCode, message, primaryUser, secondaryUser, time, id) values (?, ?, ?, ?, ?, ?)
19:26:19.545 [main] DEBUG o.h.e.j.internal.JdbcCoordinatorImpl - HHH000420: Closing un-released batch
19:26:19.545 [main] DEBUG o.h.e.t.internal.TransactionImpl - begin
19:26:19.546 [main] DEBUG org.hibernate.SQL - select next_val as id_val from hibernate_sequence for update
Hibernate: select next_val as id_val from hibernate_sequence for update
19:26:19.546 [main] DEBUG org.hibernate.SQL - update hibernate_sequence set next_val= ? where next_val=?
Hibernate: update hibernate_sequence set next_val= ? where next_val=?
19:26:19.547 [main] DEBUG o.h.e.i.AbstractSaveEventListener - Generated identifier: 274, using strategy: org.hibernate.id.enhanced.SequenceStyleGenerator
19:26:19.548 [main] DEBUG o.h.e.t.internal.TransactionImpl - committing
19:26:19.548 [main] DEBUG o.h.e.i.AbstractFlushingEventListener - Processing flush-time cascades
19:26:19.548 [main] DEBUG o.h.e.i.AbstractFlushingEventListener - Dirty checking collections
19:26:19.548 [main] DEBUG o.h.e.i.AbstractFlushingEventListener - Flushed: 1 insertions, 0 updates, 0 deletions to 1 objects
19:26:19.548 [main] DEBUG o.h.e.i.AbstractFlushingEventListener - Flushed: 0 (re)creations, 0 updates, 0 removals to 0 collections
19:26:19.548 [main] DEBUG o.h.internal.util.EntityPrinter - Listing entities:
19:26:19.550 [main] DEBUG o.h.internal.util.EntityPrinter - edu.ncsu.csc.itrust2.models.persistent.LogEntry{secondaryUser=null, logCode=5, primaryUser=logapitest, id=274, time=java.util.GregorianCalendar[time=1521660379545,areFieldsSet=true,areAllFieldsSet=true,lenient=true,zone=sun.util.calendar.ZoneInfo[id="Etc/UTC",offset=0,dstSavings=0,useDaylight=false,transitions=0,lastRule=null],firstDayOfWeek=1,minimalDaysInFirstWeek=1,ERA=1,YEAR=2018,MONTH=2,WEEK_OF_YEAR=12,WEEK_OF_MONTH=4,DAY_OF_MONTH=21,DAY_OF_YEAR=80,DAY_OF_WEEK=4,DAY_OF_WEEK_IN_MONTH=3,AM_PM=1,HOUR=7,HOUR_OF_DAY=19,MINUTE=26,SECOND=19,MILLISECOND=545,ZONE_OFFSET=0,DST_OFFSET=0], message=null}
19:26:19.550 [main] DEBUG org.hibernate.SQL - insert into LogEntries (logCode, message, primaryUser, secondaryUser, time, id) values (?, ?, ?, ?, ?, ?)
Hibernate: insert into LogEntries (logCode, message, primaryUser, secondaryUser, time, id) values (?, ?, ?, ?, ?, ?)
19:26:19.553 [main] DEBUG o.h.e.j.internal.JdbcCoordinatorImpl - HHH000420: Closing un-released batch
19:26:19.554 [main] DEBUG o.h.e.t.internal.TransactionImpl - begin
19:26:19.554 [main] DEBUG org.hibernate.SQL - select next_val as id_val from hibernate_sequence for update
Hibernate: select next_val as id_val from hibernate_sequence for update
19:26:19.555 [main] DEBUG org.hibernate.SQL - update hibernate_sequence set next_val= ? where next_val=?
Hibernate: update hibernate_sequence set next_val= ? where next_val=?
19:26:19.556 [main] DEBUG o.h.e.i.AbstractSaveEventListener - Generated identifier: 275, using strategy: org.hibernate.id.enhanced.SequenceStyleGenerator
19:26:19.556 [main] DEBUG o.h.e.t.internal.TransactionImpl - committing
19:26:19.556 [main] DEBUG o.h.e.i.AbstractFlushingEventListener - Processing flush-time cascades
19:26:19.556 [main] DEBUG o.h.e.i.AbstractFlushingEventListener - Dirty checking collections
19:26:19.557 [main] DEBUG o.h.e.i.AbstractFlushingEventListener - Flushed: 1 insertions, 0 updates, 0 deletions to 1 objects
19:26:19.557 [main] DEBUG o.h.e.i.AbstractFlushingEventListener - Flushed: 0 (re)creations, 0 updates, 0 removals to 0 collections
19:26:19.557 [main] DEBUG o.h.internal.util.EntityPrinter - Listing entities:
19:26:19.557 [main] DEBUG o.h.internal.util.EntityPrinter - edu.ncsu.csc.itrust2.models.persistent.LogEntry{secondaryUser=null, logCode=5, primaryUser=logapitest, id=275, time=java.util.GregorianCalendar[time=1521660379554,areFieldsSet=true,areAllFieldsSet=true,lenient=true,zone=sun.util.calendar.ZoneInfo[id="Etc/UTC",offset=0,dstSavings=0,useDaylight=false,transitions=0,lastRule=null],firstDayOfWeek=1,minimalDaysInFirstWeek=1,ERA=1,YEAR=2018,MONTH=2,WEEK_OF_YEAR=12,WEEK_OF_MONTH=4,DAY_OF_MONTH=21,DAY_OF_YEAR=80,DAY_OF_WEEK=4,DAY_OF_WEEK_IN_MONTH=3,AM_PM=1,HOUR=7,HOUR_OF_DAY=19,MINUTE=26,SECOND=19,MILLISECOND=554,ZONE_OFFSET=0,DST_OFFSET=0], message=null}
19:26:19.558 [main] DEBUG org.hibernate.SQL - insert into LogEntries (logCode, message, primaryUser, secondaryUser, time, id) values (?, ?, ?, ?, ?, ?)
Hibernate: insert into LogEntries (logCode, message, primaryUser, secondaryUser, time, id) values (?, ?, ?, ?, ?, ?)
19:26:19.559 [main] DEBUG o.h.e.j.internal.JdbcCoordinatorImpl - HHH000420: Closing un-released batch
19:26:19.559 [main] DEBUG o.h.e.t.internal.TransactionImpl - begin
19:26:19.560 [main] DEBUG org.hibernate.SQL - select next_val as id_val from hibernate_sequence for update
Hibernate: select next_val as id_val from hibernate_sequence for update
19:26:19.560 [main] DEBUG org.hibernate.SQL - update hibernate_sequence set next_val= ? where next_val=?
Hibernate: update hibernate_sequence set next_val= ? where next_val=?
19:26:19.561 [main] DEBUG o.h.e.i.AbstractSaveEventListener - Generated identifier: 276, using strategy: org.hibernate.id.enhanced.SequenceStyleGenerator
19:26:19.562 [main] DEBUG o.h.e.t.internal.TransactionImpl - committing
19:26:19.562 [main] DEBUG o.h.e.i.AbstractFlushingEventListener - Processing flush-time cascades
19:26:19.562 [main] DEBUG o.h.e.i.AbstractFlushingEventListener - Dirty checking collections
19:26:19.562 [main] DEBUG o.h.e.i.AbstractFlushingEventListener - Flushed: 1 insertions, 0 updates, 0 deletions to 1 objects
19:26:19.562 [main] DEBUG o.h.e.i.AbstractFlushingEventListener - Flushed: 0 (re)creations, 0 updates, 0 removals to 0 collections
19:26:19.562 [main] DEBUG o.h.internal.util.EntityPrinter - Listing entities:
19:26:19.562 [main] DEBUG o.h.internal.util.EntityPrinter - edu.ncsu.csc.itrust2.models.persistent.LogEntry{secondaryUser=null, logCode=5, primaryUser=logapitest, id=276, time=java.util.GregorianCalendar[time=1521660379559,areFieldsSet=true,areAllFieldsSet=true,lenient=true,zone=sun.util.calendar.ZoneInfo[id="Etc/UTC",offset=0,dstSavings=0,useDaylight=false,transitions=0,lastRule=null],firstDayOfWeek=1,minimalDaysInFirstWeek=1,ERA=1,YEAR=2018,MONTH=2,WEEK_OF_YEAR=12,WEEK_OF_MONTH=4,DAY_OF_MONTH=21,DAY_OF_YEAR=80,DAY_OF_WEEK=4,DAY_OF_WEEK_IN_MONTH=3,AM_PM=1,HOUR=7,HOUR_OF_DAY=19,MINUTE=26,SECOND=19,MILLISECOND=559,ZONE_OFFSET=0,DST_OFFSET=0], message=null}
19:26:19.563 [main] DEBUG org.hibernate.SQL - insert into LogEntries (logCode, message, primaryUser, secondaryUser, time, id) values (?, ?, ?, ?, ?, ?)
Hibernate: insert into LogEntries (logCode, message, primaryUser, secondaryUser, time, id) values (?, ?, ?, ?, ?, ?)
19:26:19.564 [main] DEBUG o.h.e.j.internal.JdbcCoordinatorImpl - HHH000420: Closing un-released batch
19:26:19.564 [main] DEBUG o.h.e.t.internal.TransactionImpl - begin
19:26:19.565 [main] DEBUG org.hibernate.SQL - select next_val as id_val from hibernate_sequence for update
Hibernate: select next_val as id_val from hibernate_sequence for update
19:26:19.565 [main] DEBUG org.hibernate.SQL - update hibernate_sequence set next_val= ? where next_val=?
Hibernate: update hibernate_sequence set next_val= ? where next_val=?
19:26:19.566 [main] DEBUG o.h.e.i.AbstractSaveEventListener - Generated identifier: 277, using strategy: org.hibernate.id.enhanced.SequenceStyleGenerator
19:26:19.567 [main] DEBUG o.h.e.t.internal.TransactionImpl - committing
19:26:19.567 [main] DEBUG o.h.e.i.AbstractFlushingEventListener - Processing flush-time cascades
19:26:19.567 [main] DEBUG o.h.e.i.AbstractFlushingEventListener - Dirty checking collections
19:26:19.568 [main] DEBUG o.h.e.i.AbstractFlushingEventListener - Flushed: 1 insertions, 0 updates, 0 deletions to 1 objects
19:26:19.568 [main] DEBUG o.h.e.i.AbstractFlushingEventListener - Flushed: 0 (re)creations, 0 updates, 0 removals to 0 collections
19:26:19.568 [main] DEBUG o.h.internal.util.EntityPrinter - Listing entities:
19:26:19.568 [main] DEBUG o.h.internal.util.EntityPrinter - edu.ncsu.csc.itrust2.models.persistent.LogEntry{secondaryUser=null, logCode=5, primaryUser=logapitest, id=277, time=java.util.GregorianCalendar[time=1521660379564,areFieldsSet=true,areAllFieldsSet=true,lenient=true,zone=sun.util.calendar.ZoneInfo[id="Etc/UTC",offset=0,dstSavings=0,useDaylight=false,transitions=0,lastRule=null],firstDayOfWeek=1,minimalDaysInFirstWeek=1,ERA=1,YEAR=2018,MONTH=2,WEEK_OF_YEAR=12,WEEK_OF_MONTH=4,DAY_OF_MONTH=21,DAY_OF_YEAR=80,DAY_OF_WEEK=4,DAY_OF_WEEK_IN_MONTH=3,AM_PM=1,HOUR=7,HOUR_OF_DAY=19,MINUTE=26,SECOND=19,MILLISECOND=564,ZONE_OFFSET=0,DST_OFFSET=0], message=null}
19:26:19.568 [main] DEBUG org.hibernate.SQL - insert into LogEntries (logCode, message, primaryUser, secondaryUser, time, id) values (?, ?, ?, ?, ?, ?)
Hibernate: insert into LogEntries (logCode, message, primaryUser, secondaryUser, time, id) values (?, ?, ?, ?, ?, ?)
19:26:19.570 [main] DEBUG o.h.e.j.internal.JdbcCoordinatorImpl - HHH000420: Closing un-released batch
19:26:19.570 [main] DEBUG o.h.e.t.internal.TransactionImpl - begin
19:26:19.571 [main] DEBUG org.hibernate.SQL - select next_val as id_val from hibernate_sequence for update
Hibernate: select next_val as id_val from hibernate_sequence for update
19:26:19.571 [main] DEBUG org.hibernate.SQL - update hibernate_sequence set next_val= ? where next_val=?
Hibernate: update hibernate_sequence set next_val= ? where next_val=?
19:26:19.572 [main] DEBUG o.h.e.i.AbstractSaveEventListener - Generated identifier: 278, using strategy: org.hibernate.id.enhanced.SequenceStyleGenerator
19:26:19.573 [main] DEBUG o.h.e.t.internal.TransactionImpl - committing
19:26:19.573 [main] DEBUG o.h.e.i.AbstractFlushingEventListener - Processing flush-time cascades
19:26:19.573 [main] DEBUG o.h.e.i.AbstractFlushingEventListener - Dirty checking collections
19:26:19.573 [main] DEBUG o.h.e.i.AbstractFlushingEventListener - Flushed: 1 insertions, 0 updates, 0 deletions to 1 objects
19:26:19.573 [main] DEBUG o.h.e.i.AbstractFlushingEventListener - Flushed: 0 (re)creations, 0 updates, 0 removals to 0 collections
19:26:19.573 [main] DEBUG o.h.internal.util.EntityPrinter - Listing entities:
19:26:19.573 [main] DEBUG o.h.internal.util.EntityPrinter - edu.ncsu.csc.itrust2.models.persistent.LogEntry{secondaryUser=null, logCode=5, primaryUser=logapitest, id=278, time=java.util.GregorianCalendar[time=1521660379570,areFieldsSet=true,areAllFieldsSet=true,lenient=true,zone=sun.util.calendar.ZoneInfo[id="Etc/UTC",offset=0,dstSavings=0,useDaylight=false,transitions=0,lastRule=null],firstDayOfWeek=1,minimalDaysInFirstWeek=1,ERA=1,YEAR=2018,MONTH=2,WEEK_OF_YEAR=12,WEEK_OF_MONTH=4,DAY_OF_MONTH=21,DAY_OF_YEAR=80,DAY_OF_WEEK=4,DAY_OF_WEEK_IN_MONTH=3,AM_PM=1,HOUR=7,HOUR_OF_DAY=19,MINUTE=26,SECOND=19,MILLISECOND=570,ZONE_OFFSET=0,DST_OFFSET=0], message=null}
19:26:19.574 [main] DEBUG org.hibernate.SQL - insert into LogEntries (logCode, message, primaryUser, secondaryUser, time, id) values (?, ?, ?, ?, ?, ?)
Hibernate: insert into LogEntries (logCode, message, primaryUser, secondaryUser, time, id) values (?, ?, ?, ?, ?, ?)
19:26:19.576 [main] DEBUG o.h.e.j.internal.JdbcCoordinatorImpl - HHH000420: Closing un-released batch
19:26:19.576 [main] DEBUG o.h.e.t.internal.TransactionImpl - begin
19:26:19.577 [main] DEBUG org.hibernate.SQL - select next_val as id_val from hibernate_sequence for update
Hibernate: select next_val as id_val from hibernate_sequence for update
19:26:19.577 [main] DEBUG org.hibernate.SQL - update hibernate_sequence set next_val= ? where next_val=?
Hibernate: update hibernate_sequence set next_val= ? where next_val=?
19:26:19.578 [main] DEBUG o.h.e.i.AbstractSaveEventListener - Generated identifier: 279, using strategy: org.hibernate.id.enhanced.SequenceStyleGenerator
19:26:19.579 [main] DEBUG o.h.e.t.internal.TransactionImpl - committing
19:26:19.579 [main] DEBUG o.h.e.i.AbstractFlushingEventListener - Processing flush-time cascades
19:26:19.579 [main] DEBUG o.h.e.i.AbstractFlushingEventListener - Dirty checking collections
19:26:19.579 [main] DEBUG o.h.e.i.AbstractFlushingEventListener - Flushed: 1 insertions, 0 updates, 0 deletions to 1 objects
19:26:19.579 [main] DEBUG o.h.e.i.AbstractFlushingEventListener - Flushed: 0 (re)creations, 0 updates, 0 removals to 0 collections
19:26:19.579 [main] DEBUG o.h.internal.util.EntityPrinter - Listing entities:
19:26:19.579 [main] DEBUG o.h.internal.util.EntityPrinter - edu.ncsu.csc.itrust2.models.persistent.LogEntry{secondaryUser=null, logCode=5, primaryUser=logapitest, id=279, time=java.util.GregorianCalendar[time=1521660379576,areFieldsSet=true,areAllFieldsSet=true,lenient=true,zone=sun.util.calendar.ZoneInfo[id="Etc/UTC",offset=0,dstSavings=0,useDaylight=false,transitions=0,lastRule=null],firstDayOfWeek=1,minimalDaysInFirstWeek=1,ERA=1,YEAR=2018,MONTH=2,WEEK_OF_YEAR=12,WEEK_OF_MONTH=4,DAY_OF_MONTH=21,DAY_OF_YEAR=80,DAY_OF_WEEK=4,DAY_OF_WEEK_IN_MONTH=3,AM_PM=1,HOUR=7,HOUR_OF_DAY=19,MINUTE=26,SECOND=19,MILLISECOND=576,ZONE_OFFSET=0,DST_OFFSET=0], message=null}
19:26:19.580 [main] DEBUG org.hibernate.SQL - insert into LogEntries (logCode, message, primaryUser, secondaryUser, time, id) values (?, ?, ?, ?, ?, ?)
Hibernate: insert into LogEntries (logCode, message, primaryUser, secondaryUser, time, id) values (?, ?, ?, ?, ?, ?)
19:26:19.581 [main] DEBUG o.h.e.j.internal.JdbcCoordinatorImpl - HHH000420: Closing un-released batch
19:26:19.581 [main] DEBUG o.h.e.t.internal.TransactionImpl - begin
19:26:19.582 [main] DEBUG org.hibernate.SQL - select next_val as id_val from hibernate_sequence for update
Hibernate: select next_val as id_val from hibernate_sequence for update
19:26:19.583 [main] DEBUG org.hibernate.SQL - update hibernate_sequence set next_val= ? where next_val=?
Hibernate: update hibernate_sequence set next_val= ? where next_val=?
19:26:19.585 [main] DEBUG o.h.e.i.AbstractSaveEventListener - Generated identifier: 280, using strategy: org.hibernate.id.enhanced.SequenceStyleGenerator
19:26:19.586 [main] DEBUG o.h.e.t.internal.TransactionImpl - committing
19:26:19.586 [main] DEBUG o.h.e.i.AbstractFlushingEventListener - Processing flush-time cascades
19:26:19.586 [main] DEBUG o.h.e.i.AbstractFlushingEventListener - Dirty checking collections
19:26:19.586 [main] DEBUG o.h.e.i.AbstractFlushingEventListener - Flushed: 1 insertions, 0 updates, 0 deletions to 1 objects
19:26:19.586 [main] DEBUG o.h.e.i.AbstractFlushingEventListener - Flushed: 0 (re)creations, 0 updates, 0 removals to 0 collections
19:26:19.586 [main] DEBUG o.h.internal.util.EntityPrinter - Listing entities:
19:26:19.586 [main] DEBUG o.h.internal.util.EntityPrinter - edu.ncsu.csc.itrust2.models.persistent.LogEntry{secondaryUser=null, logCode=5, primaryUser=logapitest, id=280, time=java.util.GregorianCalendar[time=1521660379581,areFieldsSet=true,areAllFieldsSet=true,lenient=true,zone=sun.util.calendar.ZoneInfo[id="Etc/UTC",offset=0,dstSavings=0,useDaylight=false,transitions=0,lastRule=null],firstDayOfWeek=1,minimalDaysInFirstWeek=1,ERA=1,YEAR=2018,MONTH=2,WEEK_OF_YEAR=12,WEEK_OF_MONTH=4,DAY_OF_MONTH=21,DAY_OF_YEAR=80,DAY_OF_WEEK=4,DAY_OF_WEEK_IN_MONTH=3,AM_PM=1,HOUR=7,HOUR_OF_DAY=19,MINUTE=26,SECOND=19,MILLISECOND=581,ZONE_OFFSET=0,DST_OFFSET=0], message=null}
19:26:19.587 [main] DEBUG org.hibernate.SQL - insert into LogEntries (logCode, message, primaryUser, secondaryUser, time, id) values (?, ?, ?, ?, ?, ?)
Hibernate: insert into LogEntries (logCode, message, primaryUser, secondaryUser, time, id) values (?, ?, ?, ?, ?, ?)
19:26:19.589 [main] DEBUG o.h.e.j.internal.JdbcCoordinatorImpl - HHH000420: Closing un-released batch
19:26:19.590 [main] DEBUG o.h.e.t.internal.TransactionImpl - begin
19:26:19.590 [main] DEBUG org.hibernate.SQL - select next_val as id_val from hibernate_sequence for update
Hibernate: select next_val as id_val from hibernate_sequence for update
19:26:19.591 [main] DEBUG org.hibernate.SQL - update hibernate_sequence set next_val= ? where next_val=?
Hibernate: update hibernate_sequence set next_val= ? where next_val=?
19:26:19.592 [main] DEBUG o.h.e.i.AbstractSaveEventListener - Generated identifier: 281, using strategy: org.hibernate.id.enhanced.SequenceStyleGenerator
19:26:19.592 [main] DEBUG o.h.e.t.internal.TransactionImpl - committing
19:26:19.592 [main] DEBUG o.h.e.i.AbstractFlushingEventListener - Processing flush-time cascades
19:26:19.592 [main] DEBUG o.h.e.i.AbstractFlushingEventListener - Dirty checking collections
19:26:19.592 [main] DEBUG o.h.e.i.AbstractFlushingEventListener - Flushed: 1 insertions, 0 updates, 0 deletions to 1 objects
19:26:19.593 [main] DEBUG o.h.e.i.AbstractFlushingEventListener - Flushed: 0 (re)creations, 0 updates, 0 removals to 0 collections
19:26:19.593 [main] DEBUG o.h.internal.util.EntityPrinter - Listing entities:
19:26:19.593 [main] DEBUG o.h.internal.util.EntityPrinter - edu.ncsu.csc.itrust2.models.persistent.LogEntry{secondaryUser=null, logCode=5, primaryUser=logapitest, id=281, time=java.util.GregorianCalendar[time=1521660379589,areFieldsSet=true,areAllFieldsSet=true,lenient=true,zone=sun.util.calendar.ZoneInfo[id="Etc/UTC",offset=0,dstSavings=0,useDaylight=false,transitions=0,lastRule=null],firstDayOfWeek=1,minimalDaysInFirstWeek=1,ERA=1,YEAR=2018,MONTH=2,WEEK_OF_YEAR=12,WEEK_OF_MONTH=4,DAY_OF_MONTH=21,DAY_OF_YEAR=80,DAY_OF_WEEK=4,DAY_OF_WEEK_IN_MONTH=3,AM_PM=1,HOUR=7,HOUR_OF_DAY=19,MINUTE=26,SECOND=19,MILLISECOND=589,ZONE_OFFSET=0,DST_OFFSET=0], message=null}
19:26:19.593 [main] DEBUG org.hibernate.SQL - insert into LogEntries (logCode, message, primaryUser, secondaryUser, time, id) values (?, ?, ?, ?, ?, ?)
Hibernate: insert into LogEntries (logCode, message, primaryUser, secondaryUser, time, id) values (?, ?, ?, ?, ?, ?)
19:26:19.745 [main] DEBUG o.h.e.j.internal.JdbcCoordinatorImpl - HHH000420: Closing un-released batch
19:26:19.746 [main] DEBUG o.h.e.t.internal.TransactionImpl - begin
19:26:19.746 [main] DEBUG org.hibernate.SQL - select next_val as id_val from hibernate_sequence for update
Hibernate: select next_val as id_val from hibernate_sequence for update
19:26:19.747 [main] DEBUG org.hibernate.SQL - update hibernate_sequence set next_val= ? where next_val=?
Hibernate: update hibernate_sequence set next_val= ? where next_val=?
19:26:19.749 [main] DEBUG o.h.e.i.AbstractSaveEventListener - Generated identifier: 282, using strategy: org.hibernate.id.enhanced.SequenceStyleGenerator
19:26:19.749 [main] DEBUG o.h.e.t.internal.TransactionImpl - committing
19:26:19.749 [main] DEBUG o.h.e.i.AbstractFlushingEventListener - Processing flush-time cascades
19:26:19.749 [main] DEBUG o.h.e.i.AbstractFlushingEventListener - Dirty checking collections
19:26:19.749 [main] DEBUG o.h.e.i.AbstractFlushingEventListener - Flushed: 1 insertions, 0 updates, 0 deletions to 1 objects
19:26:19.749 [main] DEBUG o.h.e.i.AbstractFlushingEventListener - Flushed: 0 (re)creations, 0 updates, 0 removals to 0 collections
19:26:19.749 [main] DEBUG o.h.internal.util.EntityPrinter - Listing entities:
19:26:19.750 [main] DEBUG o.h.internal.util.EntityPrinter - edu.ncsu.csc.itrust2.models.persistent.LogEntry{secondaryUser=null, logCode=5, primaryUser=logapitest, id=282, time=java.util.GregorianCalendar[time=1521660379745,areFieldsSet=true,areAllFieldsSet=true,lenient=true,zone=sun.util.calendar.ZoneInfo[id="Etc/UTC",offset=0,dstSavings=0,useDaylight=false,transitions=0,lastRule=null],firstDayOfWeek=1,minimalDaysInFirstWeek=1,ERA=1,YEAR=2018,MONTH=2,WEEK_OF_YEAR=12,WEEK_OF_MONTH=4,DAY_OF_MONTH=21,DAY_OF_YEAR=80,DAY_OF_WEEK=4,DAY_OF_WEEK_IN_MONTH=3,AM_PM=1,HOUR=7,HOUR_OF_DAY=19,MINUTE=26,SECOND=19,MILLISECOND=745,ZONE_OFFSET=0,DST_OFFSET=0], message=null}
19:26:19.750 [main] DEBUG org.hibernate.SQL - insert into LogEntries (logCode, message, primaryUser, secondaryUser, time, id) values (?, ?, ?, ?, ?, ?)
Hibernate: insert into LogEntries (logCode, message, primaryUser, secondaryUser, time, id) values (?, ?, ?, ?, ?, ?)
19:26:19.751 [main] DEBUG o.h.e.j.internal.JdbcCoordinatorImpl - HHH000420: Closing un-released batch
19:26:19.752 [main] DEBUG o.h.e.t.internal.TransactionImpl - begin
19:26:19.752 [main] DEBUG org.hibernate.SQL - select next_val as id_val from hibernate_sequence for update
Hibernate: select next_val as id_val from hibernate_sequence for update
19:26:19.753 [main] DEBUG org.hibernate.SQL - update hibernate_sequence set next_val= ? where next_val=?
Hibernate: update hibernate_sequence set next_val= ? where next_val=?
19:26:19.754 [main] DEBUG o.h.e.i.AbstractSaveEventListener - Generated identifier: 283, using strategy: org.hibernate.id.enhanced.SequenceStyleGenerator
19:26:19.754 [main] DEBUG o.h.e.t.internal.TransactionImpl - committing
19:26:19.754 [main] DEBUG o.h.e.i.AbstractFlushingEventListener - Processing flush-time cascades
19:26:19.754 [main] DEBUG o.h.e.i.AbstractFlushingEventListener - Dirty checking collections
19:26:19.754 [main] DEBUG o.h.e.i.AbstractFlushingEventListener - Flushed: 1 insertions, 0 updates, 0 deletions to 1 objects
19:26:19.754 [main] DEBUG o.h.e.i.AbstractFlushingEventListener - Flushed: 0 (re)creations, 0 updates, 0 removals to 0 collections
19:26:19.754 [main] DEBUG o.h.internal.util.EntityPrinter - Listing entities:
19:26:19.755 [main] DEBUG o.h.internal.util.EntityPrinter - edu.ncsu.csc.itrust2.models.persistent.LogEntry{secondaryUser=null, logCode=5, primaryUser=logapitest, id=283, time=java.util.GregorianCalendar[time=1521660379751,areFieldsSet=true,areAllFieldsSet=true,lenient=true,zone=sun.util.calendar.ZoneInfo[id="Etc/UTC",offset=0,dstSavings=0,useDaylight=false,transitions=0,lastRule=null],firstDayOfWeek=1,minimalDaysInFirstWeek=1,ERA=1,YEAR=2018,MONTH=2,WEEK_OF_YEAR=12,WEEK_OF_MONTH=4,DAY_OF_MONTH=21,DAY_OF_YEAR=80,DAY_OF_WEEK=4,DAY_OF_WEEK_IN_MONTH=3,AM_PM=1,HOUR=7,HOUR_OF_DAY=19,MINUTE=26,SECOND=19,MILLISECOND=751,ZONE_OFFSET=0,DST_OFFSET=0], message=null}
19:26:19.755 [main] DEBUG org.hibernate.SQL - insert into LogEntries (logCode, message, primaryUser, secondaryUser, time, id) values (?, ?, ?, ?, ?, ?)
Hibernate: insert into LogEntries (logCode, message, primaryUser, secondaryUser, time, id) values (?, ?, ?, ?, ?, ?)
19:26:19.757 [main] DEBUG o.h.e.j.internal.JdbcCoordinatorImpl - HHH000420: Closing un-released batch
19:26:19.759 [main] DEBUG o.h.e.t.internal.TransactionImpl - begin
19:26:19.760 [main] DEBUG org.hibernate.SQL - select next_val as id_val from hibernate_sequence for update
Hibernate: select next_val as id_val from hibernate_sequence for update
19:26:19.760 [main] DEBUG org.hibernate.SQL - update hibernate_sequence set next_val= ? where next_val=?
Hibernate: update hibernate_sequence set next_val= ? where next_val=?
19:26:19.762 [main] DEBUG o.h.e.i.AbstractSaveEventListener - Generated identifier: 284, using strategy: org.hibernate.id.enhanced.SequenceStyleGenerator
19:26:19.762 [main] DEBUG o.h.e.t.internal.TransactionImpl - committing
19:26:19.762 [main] DEBUG o.h.e.i.AbstractFlushingEventListener - Processing flush-time cascades
19:26:19.762 [main] DEBUG o.h.e.i.AbstractFlushingEventListener - Dirty checking collections
19:26:19.762 [main] DEBUG o.h.e.i.AbstractFlushingEventListener - Flushed: 1 insertions, 0 updates, 0 deletions to 1 objects
19:26:19.762 [main] DEBUG o.h.e.i.AbstractFlushingEventListener - Flushed: 0 (re)creations, 0 updates, 0 removals to 0 collections
19:26:19.762 [main] DEBUG o.h.internal.util.EntityPrinter - Listing entities:
19:26:19.762 [main] DEBUG o.h.internal.util.EntityPrinter - edu.ncsu.csc.itrust2.models.persistent.LogEntry{secondaryUser=null, logCode=5, primaryUser=logapitest, id=284, time=java.util.GregorianCalendar[time=1521660379759,areFieldsSet=true,areAllFieldsSet=true,lenient=true,zone=sun.util.calendar.ZoneInfo[id="Etc/UTC",offset=0,dstSavings=0,useDaylight=false,transitions=0,lastRule=null],firstDayOfWeek=1,minimalDaysInFirstWeek=1,ERA=1,YEAR=2018,MONTH=2,WEEK_OF_YEAR=12,WEEK_OF_MONTH=4,DAY_OF_MONTH=21,DAY_OF_YEAR=80,DAY_OF_WEEK=4,DAY_OF_WEEK_IN_MONTH=3,AM_PM=1,HOUR=7,HOUR_OF_DAY=19,MINUTE=26,SECOND=19,MILLISECOND=759,ZONE_OFFSET=0,DST_OFFSET=0], message=null}
19:26:19.763 [main] DEBUG org.hibernate.SQL - insert into LogEntries (logCode, message, primaryUser, secondaryUser, time, id) values (?, ?, ?, ?, ?, ?)
Hibernate: insert into LogEntries (logCode, message, primaryUser, secondaryUser, time, id) values (?, ?, ?, ?, ?, ?)
19:26:19.764 [main] DEBUG o.h.e.j.internal.JdbcCoordinatorImpl - HHH000420: Closing un-released batch
19:26:19.765 [main] DEBUG o.h.e.t.internal.TransactionImpl - begin
19:26:19.766 [main] DEBUG org.hibernate.SQL - select next_val as id_val from hibernate_sequence for update
Hibernate: select next_val as id_val from hibernate_sequence for update
19:26:19.766 [main] DEBUG org.hibernate.SQL - update hibernate_sequence set next_val= ? where next_val=?
Hibernate: update hibernate_sequence set next_val= ? where next_val=?
19:26:19.768 [main] DEBUG o.h.e.i.AbstractSaveEventListener - Generated identifier: 285, using strategy: org.hibernate.id.enhanced.SequenceStyleGenerator
19:26:19.768 [main] DEBUG o.h.e.t.internal.TransactionImpl - committing
19:26:19.768 [main] DEBUG o.h.e.i.AbstractFlushingEventListener - Processing flush-time cascades
19:26:19.768 [main] DEBUG o.h.e.i.AbstractFlushingEventListener - Dirty checking collections
19:26:19.768 [main] DEBUG o.h.e.i.AbstractFlushingEventListener - Flushed: 1 insertions, 0 updates, 0 deletions to 1 objects
19:26:19.768 [main] DEBUG o.h.e.i.AbstractFlushingEventListener - Flushed: 0 (re)creations, 0 updates, 0 removals to 0 collections
19:26:19.769 [main] DEBUG o.h.internal.util.EntityPrinter - Listing entities:
19:26:19.769 [main] DEBUG o.h.internal.util.EntityPrinter - edu.ncsu.csc.itrust2.models.persistent.LogEntry{secondaryUser=null, logCode=5, primaryUser=logapitest, id=285, time=java.util.GregorianCalendar[time=1521660379765,areFieldsSet=true,areAllFieldsSet=true,lenient=true,zone=sun.util.calendar.ZoneInfo[id="Etc/UTC",offset=0,dstSavings=0,useDaylight=false,transitions=0,lastRule=null],firstDayOfWeek=1,minimalDaysInFirstWeek=1,ERA=1,YEAR=2018,MONTH=2,WEEK_OF_YEAR=12,WEEK_OF_MONTH=4,DAY_OF_MONTH=21,DAY_OF_YEAR=80,DAY_OF_WEEK=4,DAY_OF_WEEK_IN_MONTH=3,AM_PM=1,HOUR=7,HOUR_OF_DAY=19,MINUTE=26,SECOND=19,MILLISECOND=765,ZONE_OFFSET=0,DST_OFFSET=0], message=null}
19:26:19.769 [main] DEBUG org.hibernate.SQL - insert into LogEntries (logCode, message, primaryUser, secondaryUser, time, id) values (?, ?, ?, ?, ?, ?)
Hibernate: insert into LogEntries (logCode, message, primaryUser, secondaryUser, time, id) values (?, ?, ?, ?, ?, ?)
19:26:19.770 [main] DEBUG o.h.e.j.internal.JdbcCoordinatorImpl - HHH000420: Closing un-released batch
19:26:19.771 [main] DEBUG o.h.e.t.internal.TransactionImpl - begin
19:26:19.772 [main] DEBUG org.hibernate.SQL - select next_val as id_val from hibernate_sequence for update
Hibernate: select next_val as id_val from hibernate_sequence for update
19:26:19.772 [main] DEBUG org.hibernate.SQL - update hibernate_sequence set next_val= ? where next_val=?
Hibernate: update hibernate_sequence set next_val= ? where next_val=?
19:26:19.773 [main] DEBUG o.h.e.i.AbstractSaveEventListener - Generated identifier: 286, using strategy: org.hibernate.id.enhanced.SequenceStyleGenerator
19:26:19.774 [main] DEBUG o.h.e.t.internal.TransactionImpl - committing
19:26:19.774 [main] DEBUG o.h.e.i.AbstractFlushingEventListener - Processing flush-time cascades
19:26:19.774 [main] DEBUG o.h.e.i.AbstractFlushingEventListener - Dirty checking collections
19:26:19.774 [main] DEBUG o.h.e.i.AbstractFlushingEventListener - Flushed: 1 insertions, 0 updates, 0 deletions to 1 objects
19:26:19.774 [main] DEBUG o.h.e.i.AbstractFlushingEventListener - Flushed: 0 (re)creations, 0 updates, 0 removals to 0 collections
19:26:19.774 [main] DEBUG o.h.internal.util.EntityPrinter - Listing entities:
19:26:19.774 [main] DEBUG o.h.internal.util.EntityPrinter - edu.ncsu.csc.itrust2.models.persistent.LogEntry{secondaryUser=null, logCode=5, primaryUser=logapitest, id=286, time=java.util.GregorianCalendar[time=1521660379771,areFieldsSet=true,areAllFieldsSet=true,lenient=true,zone=sun.util.calendar.ZoneInfo[id="Etc/UTC",offset=0,dstSavings=0,useDaylight=false,transitions=0,lastRule=null],firstDayOfWeek=1,minimalDaysInFirstWeek=1,ERA=1,YEAR=2018,MONTH=2,WEEK_OF_YEAR=12,WEEK_OF_MONTH=4,DAY_OF_MONTH=21,DAY_OF_YEAR=80,DAY_OF_WEEK=4,DAY_OF_WEEK_IN_MONTH=3,AM_PM=1,HOUR=7,HOUR_OF_DAY=19,MINUTE=26,SECOND=19,MILLISECOND=771,ZONE_OFFSET=0,DST_OFFSET=0], message=null}
19:26:19.775 [main] DEBUG org.hibernate.SQL - insert into LogEntries (logCode, message, primaryUser, secondaryUser, time, id) values (?, ?, ?, ?, ?, ?)
Hibernate: insert into LogEntries (logCode, message, primaryUser, secondaryUser, time, id) values (?, ?, ?, ?, ?, ?)
19:26:19.776 [main] DEBUG o.h.e.j.internal.JdbcCoordinatorImpl - HHH000420: Closing un-released batch
19:26:19.776 [main] DEBUG o.h.e.t.internal.TransactionImpl - begin
19:26:19.777 [main] DEBUG org.hibernate.SQL - select next_val as id_val from hibernate_sequence for update
Hibernate: select next_val as id_val from hibernate_sequence for update
19:26:19.777 [main] DEBUG org.hibernate.SQL - update hibernate_sequence set next_val= ? where next_val=?
Hibernate: update hibernate_sequence set next_val= ? where next_val=?
19:26:19.778 [main] DEBUG o.h.e.i.AbstractSaveEventListener - Generated identifier: 287, using strategy: org.hibernate.id.enhanced.SequenceStyleGenerator
19:26:19.779 [main] DEBUG o.h.e.t.internal.TransactionImpl - committing
19:26:19.779 [main] DEBUG o.h.e.i.AbstractFlushingEventListener - Processing flush-time cascades
19:26:19.779 [main] DEBUG o.h.e.i.AbstractFlushingEventListener - Dirty checking collections
19:26:19.779 [main] DEBUG o.h.e.i.AbstractFlushingEventListener - Flushed: 1 insertions, 0 updates, 0 deletions to 1 objects
19:26:19.779 [main] DEBUG o.h.e.i.AbstractFlushingEventListener - Flushed: 0 (re)creations, 0 updates, 0 removals to 0 collections
19:26:19.779 [main] DEBUG o.h.internal.util.EntityPrinter - Listing entities:
19:26:19.779 [main] DEBUG o.h.internal.util.EntityPrinter - edu.ncsu.csc.itrust2.models.persistent.LogEntry{secondaryUser=null, logCode=5, primaryUser=logapitest, id=287, time=java.util.GregorianCalendar[time=1521660379776,areFieldsSet=true,areAllFieldsSet=true,lenient=true,zone=sun.util.calendar.ZoneInfo[id="Etc/UTC",offset=0,dstSavings=0,useDaylight=false,transitions=0,lastRule=null],firstDayOfWeek=1,minimalDaysInFirstWeek=1,ERA=1,YEAR=2018,MONTH=2,WEEK_OF_YEAR=12,WEEK_OF_MONTH=4,DAY_OF_MONTH=21,DAY_OF_YEAR=80,DAY_OF_WEEK=4,DAY_OF_WEEK_IN_MONTH=3,AM_PM=1,HOUR=7,HOUR_OF_DAY=19,MINUTE=26,SECOND=19,MILLISECOND=776,ZONE_OFFSET=0,DST_OFFSET=0], message=null}
19:26:19.780 [main] DEBUG org.hibernate.SQL - insert into LogEntries (logCode, message, primaryUser, secondaryUser, time, id) values (?, ?, ?, ?, ?, ?)
Hibernate: insert into LogEntries (logCode, message, primaryUser, secondaryUser, time, id) values (?, ?, ?, ?, ?, ?)
19:26:19.782 [main] DEBUG o.h.e.j.internal.JdbcCoordinatorImpl - HHH000420: Closing un-released batch
19:26:19.783 [main] DEBUG o.h.e.t.internal.TransactionImpl - begin
19:26:19.786 [main] DEBUG org.hibernate.SQL - select next_val as id_val from hibernate_sequence for update
Hibernate: select next_val as id_val from hibernate_sequence for update
19:26:19.786 [main] DEBUG org.hibernate.SQL - update hibernate_sequence set next_val= ? where next_val=?
Hibernate: update hibernate_sequence set next_val= ? where next_val=?
19:26:19.787 [main] DEBUG o.h.e.i.AbstractSaveEventListener - Generated identifier: 288, using strategy: org.hibernate.id.enhanced.SequenceStyleGenerator
19:26:19.789 [main] DEBUG o.h.e.t.internal.TransactionImpl - committing
19:26:19.789 [main] DEBUG o.h.e.i.AbstractFlushingEventListener - Processing flush-time cascades
19:26:19.789 [main] DEBUG o.h.e.i.AbstractFlushingEventListener - Dirty checking collections
19:26:19.790 [main] DEBUG o.h.e.i.AbstractFlushingEventListener - Flushed: 1 insertions, 0 updates, 0 deletions to 1 objects
19:26:19.790 [main] DEBUG o.h.e.i.AbstractFlushingEventListener - Flushed: 0 (re)creations, 0 updates, 0 removals to 0 collections
19:26:19.790 [main] DEBUG o.h.internal.util.EntityPrinter - Listing entities:
19:26:19.790 [main] DEBUG o.h.internal.util.EntityPrinter - edu.ncsu.csc.itrust2.models.persistent.LogEntry{secondaryUser=null, logCode=5, primaryUser=logapitest, id=288, time=java.util.GregorianCalendar[time=1521660379783,areFieldsSet=true,areAllFieldsSet=true,lenient=true,zone=sun.util.calendar.ZoneInfo[id="Etc/UTC",offset=0,dstSavings=0,useDaylight=false,transitions=0,lastRule=null],firstDayOfWeek=1,minimalDaysInFirstWeek=1,ERA=1,YEAR=2018,MONTH=2,WEEK_OF_YEAR=12,WEEK_OF_MONTH=4,DAY_OF_MONTH=21,DAY_OF_YEAR=80,DAY_OF_WEEK=4,DAY_OF_WEEK_IN_MONTH=3,AM_PM=1,HOUR=7,HOUR_OF_DAY=19,MINUTE=26,SECOND=19,MILLISECOND=783,ZONE_OFFSET=0,DST_OFFSET=0], message=null}
19:26:19.791 [main] DEBUG org.hibernate.SQL - insert into LogEntries (logCode, message, primaryUser, secondaryUser, time, id) values (?, ?, ?, ?, ?, ?)
Hibernate: insert into LogEntries (logCode, message, primaryUser, secondaryUser, time, id) values (?, ?, ?, ?, ?, ?)
19:26:19.801 [main] DEBUG o.h.e.j.internal.JdbcCoordinatorImpl - HHH000420: Closing un-released batch
19:26:19.809 [main] DEBUG o.h.e.t.internal.TransactionImpl - begin
19:26:19.810 [main] DEBUG org.hibernate.SQL - select next_val as id_val from hibernate_sequence for update
Hibernate: select next_val as id_val from hibernate_sequence for update
19:26:19.810 [main] DEBUG org.hibernate.SQL - update hibernate_sequence set next_val= ? where next_val=?
Hibernate: update hibernate_sequence set next_val= ? where next_val=?
19:26:19.813 [main] DEBUG o.h.e.i.AbstractSaveEventListener - Generated identifier: 289, using strategy: org.hibernate.id.enhanced.SequenceStyleGenerator
19:26:19.813 [main] DEBUG o.h.e.t.internal.TransactionImpl - committing
19:26:19.813 [main] DEBUG o.h.e.i.AbstractFlushingEventListener - Processing flush-time cascades
19:26:19.813 [main] DEBUG o.h.e.i.AbstractFlushingEventListener - Dirty checking collections
19:26:19.813 [main] DEBUG o.h.e.i.AbstractFlushingEventListener - Flushed: 1 insertions, 0 updates, 0 deletions to 1 objects
19:26:19.813 [main] DEBUG o.h.e.i.AbstractFlushingEventListener - Flushed: 0 (re)creations, 0 updates, 0 removals to 0 collections
19:26:19.813 [main] DEBUG o.h.internal.util.EntityPrinter - Listing entities:
19:26:19.813 [main] DEBUG o.h.internal.util.EntityPrinter - edu.ncsu.csc.itrust2.models.persistent.LogEntry{secondaryUser=null, logCode=5, primaryUser=logapitest, id=289, time=java.util.GregorianCalendar[time=1521660379809,areFieldsSet=true,areAllFieldsSet=true,lenient=true,zone=sun.util.calendar.ZoneInfo[id="Etc/UTC",offset=0,dstSavings=0,useDaylight=false,transitions=0,lastRule=null],firstDayOfWeek=1,minimalDaysInFirstWeek=1,ERA=1,YEAR=2018,MONTH=2,WEEK_OF_YEAR=12,WEEK_OF_MONTH=4,DAY_OF_MONTH=21,DAY_OF_YEAR=80,DAY_OF_WEEK=4,DAY_OF_WEEK_IN_MONTH=3,AM_PM=1,HOUR=7,HOUR_OF_DAY=19,MINUTE=26,SECOND=19,MILLISECOND=809,ZONE_OFFSET=0,DST_OFFSET=0], message=null}
19:26:19.813 [main] DEBUG org.hibernate.SQL - insert into LogEntries (logCode, message, primaryUser, secondaryUser, time, id) values (?, ?, ?, ?, ?, ?)
Hibernate: insert into LogEntries (logCode, message, primaryUser, secondaryUser, time, id) values (?, ?, ?, ?, ?, ?)
19:26:19.816 [main] DEBUG o.h.e.j.internal.JdbcCoordinatorImpl - HHH000420: Closing un-released batch
19:26:19.816 [main] DEBUG o.h.e.t.internal.TransactionImpl - begin
19:26:19.817 [main] DEBUG org.hibernate.SQL - select next_val as id_val from hibernate_sequence for update
Hibernate: select next_val as id_val from hibernate_sequence for update
19:26:19.817 [main] DEBUG org.hibernate.SQL - update hibernate_sequence set next_val= ? where next_val=?
Hibernate: update hibernate_sequence set next_val= ? where next_val=?
19:26:19.819 [main] DEBUG o.h.e.i.AbstractSaveEventListener - Generated identifier: 290, using strategy: org.hibernate.id.enhanced.SequenceStyleGenerator
19:26:19.819 [main] DEBUG o.h.e.t.internal.TransactionImpl - committing
19:26:19.819 [main] DEBUG o.h.e.i.AbstractFlushingEventListener - Processing flush-time cascades
19:26:19.819 [main] DEBUG o.h.e.i.AbstractFlushingEventListener - Dirty checking collections
19:26:19.819 [main] DEBUG o.h.e.i.AbstractFlushingEventListener - Flushed: 1 insertions, 0 updates, 0 deletions to 1 objects
19:26:19.819 [main] DEBUG o.h.e.i.AbstractFlushingEventListener - Flushed: 0 (re)creations, 0 updates, 0 removals to 0 collections
19:26:19.819 [main] DEBUG o.h.internal.util.EntityPrinter - Listing entities:
19:26:19.820 [main] DEBUG o.h.internal.util.EntityPrinter - edu.ncsu.csc.itrust2.models.persistent.LogEntry{secondaryUser=null, logCode=5, primaryUser=logapitest, id=290, time=java.util.GregorianCalendar[time=1521660379816,areFieldsSet=true,areAllFieldsSet=true,lenient=true,zone=sun.util.calendar.ZoneInfo[id="Etc/UTC",offset=0,dstSavings=0,useDaylight=false,transitions=0,lastRule=null],firstDayOfWeek=1,minimalDaysInFirstWeek=1,ERA=1,YEAR=2018,MONTH=2,WEEK_OF_YEAR=12,WEEK_OF_MONTH=4,DAY_OF_MONTH=21,DAY_OF_YEAR=80,DAY_OF_WEEK=4,DAY_OF_WEEK_IN_MONTH=3,AM_PM=1,HOUR=7,HOUR_OF_DAY=19,MINUTE=26,SECOND=19,MILLISECOND=816,ZONE_OFFSET=0,DST_OFFSET=0], message=null}
19:26:19.820 [main] DEBUG org.hibernate.SQL - insert into LogEntries (logCode, message, primaryUser, secondaryUser, time, id) values (?, ?, ?, ?, ?, ?)
Hibernate: insert into LogEntries (logCode, message, primaryUser, secondaryUser, time, id) values (?, ?, ?, ?, ?, ?)
19:26:19.821 [main] DEBUG o.h.e.j.internal.JdbcCoordinatorImpl - HHH000420: Closing un-released batch
19:26:19.821 [main] DEBUG o.h.e.t.internal.TransactionImpl - begin
19:26:19.822 [main] DEBUG org.hibernate.SQL - select next_val as id_val from hibernate_sequence for update
Hibernate: select next_val as id_val from hibernate_sequence for update
19:26:19.822 [main] DEBUG org.hibernate.SQL - update hibernate_sequence set next_val= ? where next_val=?
Hibernate: update hibernate_sequence set next_val= ? where next_val=?
19:26:19.824 [main] DEBUG o.h.e.i.AbstractSaveEventListener - Generated identifier: 291, using strategy: org.hibernate.id.enhanced.SequenceStyleGenerator
19:26:19.824 [main] DEBUG o.h.e.t.internal.TransactionImpl - committing
19:26:19.824 [main] DEBUG o.h.e.i.AbstractFlushingEventListener - Processing flush-time cascades
19:26:19.824 [main] DEBUG o.h.e.i.AbstractFlushingEventListener - Dirty checking collections
19:26:19.825 [main] DEBUG o.h.e.i.AbstractFlushingEventListener - Flushed: 1 insertions, 0 updates, 0 deletions to 1 objects
19:26:19.825 [main] DEBUG o.h.e.i.AbstractFlushingEventListener - Flushed: 0 (re)creations, 0 updates, 0 removals to 0 collections
19:26:19.825 [main] DEBUG o.h.internal.util.EntityPrinter - Listing entities:
19:26:19.825 [main] DEBUG o.h.internal.util.EntityPrinter - edu.ncsu.csc.itrust2.models.persistent.LogEntry{secondaryUser=null, logCode=5, primaryUser=logapitest, id=291, time=java.util.GregorianCalendar[time=1521660379821,areFieldsSet=true,areAllFieldsSet=true,lenient=true,zone=sun.util.calendar.ZoneInfo[id="Etc/UTC",offset=0,dstSavings=0,useDaylight=false,transitions=0,lastRule=null],firstDayOfWeek=1,minimalDaysInFirstWeek=1,ERA=1,YEAR=2018,MONTH=2,WEEK_OF_YEAR=12,WEEK_OF_MONTH=4,DAY_OF_MONTH=21,DAY_OF_YEAR=80,DAY_OF_WEEK=4,DAY_OF_WEEK_IN_MONTH=3,AM_PM=1,HOUR=7,HOUR_OF_DAY=19,MINUTE=26,SECOND=19,MILLISECOND=821,ZONE_OFFSET=0,DST_OFFSET=0], message=null}
19:26:19.825 [main] DEBUG org.hibernate.SQL - insert into LogEntries (logCode, message, primaryUser, secondaryUser, time, id) values (?, ?, ?, ?, ?, ?)
Hibernate: insert into LogEntries (logCode, message, primaryUser, secondaryUser, time, id) values (?, ?, ?, ?, ?, ?)
19:26:19.827 [main] DEBUG o.h.e.j.internal.JdbcCoordinatorImpl - HHH000420: Closing un-released batch
19:26:19.827 [main] DEBUG o.h.e.t.internal.TransactionImpl - begin
19:26:19.827 [main] DEBUG org.hibernate.SQL - select next_val as id_val from hibernate_sequence for update
Hibernate: select next_val as id_val from hibernate_sequence for update
19:26:19.828 [main] DEBUG org.hibernate.SQL - update hibernate_sequence set next_val= ? where next_val=?
Hibernate: update hibernate_sequence set next_val= ? where next_val=?
19:26:19.829 [main] DEBUG o.h.e.i.AbstractSaveEventListener - Generated identifier: 292, using strategy: org.hibernate.id.enhanced.SequenceStyleGenerator
19:26:19.829 [main] DEBUG o.h.e.t.internal.TransactionImpl - committing
19:26:19.829 [main] DEBUG o.h.e.i.AbstractFlushingEventListener - Processing flush-time cascades
19:26:19.829 [main] DEBUG o.h.e.i.AbstractFlushingEventListener - Dirty checking collections
19:26:19.829 [main] DEBUG o.h.e.i.AbstractFlushingEventListener - Flushed: 1 insertions, 0 updates, 0 deletions to 1 objects
19:26:19.829 [main] DEBUG o.h.e.i.AbstractFlushingEventListener - Flushed: 0 (re)creations, 0 updates, 0 removals to 0 collections
19:26:19.829 [main] DEBUG o.h.internal.util.EntityPrinter - Listing entities:
19:26:19.830 [main] DEBUG o.h.internal.util.EntityPrinter - edu.ncsu.csc.itrust2.models.persistent.LogEntry{secondaryUser=null, logCode=5, primaryUser=logapitest, id=292, time=java.util.GregorianCalendar[time=1521660379827,areFieldsSet=true,areAllFieldsSet=true,lenient=true,zone=sun.util.calendar.ZoneInfo[id="Etc/UTC",offset=0,dstSavings=0,useDaylight=false,transitions=0,lastRule=null],firstDayOfWeek=1,minimalDaysInFirstWeek=1,ERA=1,YEAR=2018,MONTH=2,WEEK_OF_YEAR=12,WEEK_OF_MONTH=4,DAY_OF_MONTH=21,DAY_OF_YEAR=80,DAY_OF_WEEK=4,DAY_OF_WEEK_IN_MONTH=3,AM_PM=1,HOUR=7,HOUR_OF_DAY=19,MINUTE=26,SECOND=19,MILLISECOND=827,ZONE_OFFSET=0,DST_OFFSET=0], message=null}
19:26:19.830 [main] DEBUG org.hibernate.SQL - insert into LogEntries (logCode, message, primaryUser, secondaryUser, time, id) values (?, ?, ?, ?, ?, ?)
Hibernate: insert into LogEntries (logCode, message, primaryUser, secondaryUser, time, id) values (?, ?, ?, ?, ?, ?)
19:26:19.831 [main] DEBUG o.h.e.j.internal.JdbcCoordinatorImpl - HHH000420: Closing un-released batch
19:26:19.832 [main] DEBUG o.h.e.t.internal.TransactionImpl - begin
19:26:19.833 [main] DEBUG org.hibernate.SQL - select next_val as id_val from hibernate_sequence for update
Hibernate: select next_val as id_val from hibernate_sequence for update
19:26:19.834 [main] DEBUG org.hibernate.SQL - update hibernate_sequence set next_val= ? where next_val=?
Hibernate: update hibernate_sequence set next_val= ? where next_val=?
19:26:19.835 [main] DEBUG o.h.e.i.AbstractSaveEventListener - Generated identifier: 293, using strategy: org.hibernate.id.enhanced.SequenceStyleGenerator
19:26:19.835 [main] DEBUG o.h.e.t.internal.TransactionImpl - committing
19:26:19.835 [main] DEBUG o.h.e.i.AbstractFlushingEventListener - Processing flush-time cascades
19:26:19.835 [main] DEBUG o.h.e.i.AbstractFlushingEventListener - Dirty checking collections
19:26:19.836 [main] DEBUG o.h.e.i.AbstractFlushingEventListener - Flushed: 1 insertions, 0 updates, 0 deletions to 1 objects
19:26:19.836 [main] DEBUG o.h.e.i.AbstractFlushingEventListener - Flushed: 0 (re)creations, 0 updates, 0 removals to 0 collections
19:26:19.836 [main] DEBUG o.h.internal.util.EntityPrinter - Listing entities:
19:26:19.836 [main] DEBUG o.h.internal.util.EntityPrinter - edu.ncsu.csc.itrust2.models.persistent.LogEntry{secondaryUser=null, logCode=5, primaryUser=logapitest, id=293, time=java.util.GregorianCalendar[time=1521660379832,areFieldsSet=true,areAllFieldsSet=true,lenient=true,zone=sun.util.calendar.ZoneInfo[id="Etc/UTC",offset=0,dstSavings=0,useDaylight=false,transitions=0,lastRule=null],firstDayOfWeek=1,minimalDaysInFirstWeek=1,ERA=1,YEAR=2018,MONTH=2,WEEK_OF_YEAR=12,WEEK_OF_MONTH=4,DAY_OF_MONTH=21,DAY_OF_YEAR=80,DAY_OF_WEEK=4,DAY_OF_WEEK_IN_MONTH=3,AM_PM=1,HOUR=7,HOUR_OF_DAY=19,MINUTE=26,SECOND=19,MILLISECOND=832,ZONE_OFFSET=0,DST_OFFSET=0], message=null}
19:26:19.836 [main] DEBUG org.hibernate.SQL - insert into LogEntries (logCode, message, primaryUser, secondaryUser, time, id) values (?, ?, ?, ?, ?, ?)
Hibernate: insert into LogEntries (logCode, message, primaryUser, secondaryUser, time, id) values (?, ?, ?, ?, ?, ?)
19:26:19.837 [main] DEBUG o.h.e.j.internal.JdbcCoordinatorImpl - HHH000420: Closing un-released batch
19:26:19.838 [main] DEBUG o.h.e.t.internal.TransactionImpl - begin
19:26:19.838 [main] DEBUG org.hibernate.SQL - select next_val as id_val from hibernate_sequence for update
Hibernate: select next_val as id_val from hibernate_sequence for update
19:26:19.839 [main] DEBUG org.hibernate.SQL - update hibernate_sequence set next_val= ? where next_val=?
Hibernate: update hibernate_sequence set next_val= ? where next_val=?
19:26:19.840 [main] DEBUG o.h.e.i.AbstractSaveEventListener - Generated identifier: 294, using strategy: org.hibernate.id.enhanced.SequenceStyleGenerator
19:26:19.840 [main] DEBUG o.h.e.t.internal.TransactionImpl - committing
19:26:19.840 [main] DEBUG o.h.e.i.AbstractFlushingEventListener - Processing flush-time cascades
19:26:19.841 [main] DEBUG o.h.e.i.AbstractFlushingEventListener - Dirty checking collections
19:26:19.841 [main] DEBUG o.h.e.i.AbstractFlushingEventListener - Flushed: 1 insertions, 0 updates, 0 deletions to 1 objects
19:26:19.841 [main] DEBUG o.h.e.i.AbstractFlushingEventListener - Flushed: 0 (re)creations, 0 updates, 0 removals to 0 collections
19:26:19.841 [main] DEBUG o.h.internal.util.EntityPrinter - Listing entities:
19:26:19.841 [main] DEBUG o.h.internal.util.EntityPrinter - edu.ncsu.csc.itrust2.models.persistent.LogEntry{secondaryUser=null, logCode=5, primaryUser=logapitest, id=294, time=java.util.GregorianCalendar[time=1521660379838,areFieldsSet=true,areAllFieldsSet=true,lenient=true,zone=sun.util.calendar.ZoneInfo[id="Etc/UTC",offset=0,dstSavings=0,useDaylight=false,transitions=0,lastRule=null],firstDayOfWeek=1,minimalDaysInFirstWeek=1,ERA=1,YEAR=2018,MONTH=2,WEEK_OF_YEAR=12,WEEK_OF_MONTH=4,DAY_OF_MONTH=21,DAY_OF_YEAR=80,DAY_OF_WEEK=4,DAY_OF_WEEK_IN_MONTH=3,AM_PM=1,HOUR=7,HOUR_OF_DAY=19,MINUTE=26,SECOND=19,MILLISECOND=838,ZONE_OFFSET=0,DST_OFFSET=0], message=null}
19:26:19.841 [main] DEBUG org.hibernate.SQL - insert into LogEntries (logCode, message, primaryUser, secondaryUser, time, id) values (?, ?, ?, ?, ?, ?)
Hibernate: insert into LogEntries (logCode, message, primaryUser, secondaryUser, time, id) values (?, ?, ?, ?, ?, ?)
19:26:19.843 [main] DEBUG o.h.e.j.internal.JdbcCoordinatorImpl - HHH000420: Closing un-released batch
19:26:19.843 [main] DEBUG o.h.e.t.internal.TransactionImpl - begin
19:26:19.844 [main] DEBUG org.hibernate.SQL - select next_val as id_val from hibernate_sequence for update
Hibernate: select next_val as id_val from hibernate_sequence for update
19:26:19.844 [main] DEBUG org.hibernate.SQL - update hibernate_sequence set next_val= ? where next_val=?
Hibernate: update hibernate_sequence set next_val= ? where next_val=?
19:26:19.845 [main] DEBUG o.h.e.i.AbstractSaveEventListener - Generated identifier: 295, using strategy: org.hibernate.id.enhanced.SequenceStyleGenerator
19:26:19.846 [main] DEBUG o.h.e.t.internal.TransactionImpl - committing
19:26:19.846 [main] DEBUG o.h.e.i.AbstractFlushingEventListener - Processing flush-time cascades
19:26:19.846 [main] DEBUG o.h.e.i.AbstractFlushingEventListener - Dirty checking collections
19:26:19.846 [main] DEBUG o.h.e.i.AbstractFlushingEventListener - Flushed: 1 insertions, 0 updates, 0 deletions to 1 objects
19:26:19.846 [main] DEBUG o.h.e.i.AbstractFlushingEventListener - Flushed: 0 (re)creations, 0 updates, 0 removals to 0 collections
19:26:19.846 [main] DEBUG o.h.internal.util.EntityPrinter - Listing entities:
19:26:19.846 [main] DEBUG o.h.internal.util.EntityPrinter - edu.ncsu.csc.itrust2.models.persistent.LogEntry{secondaryUser=null, logCode=5, primaryUser=logapitest, id=295, time=java.util.GregorianCalendar[time=1521660379843,areFieldsSet=true,areAllFieldsSet=true,lenient=true,zone=sun.util.calendar.ZoneInfo[id="Etc/UTC",offset=0,dstSavings=0,useDaylight=false,transitions=0,lastRule=null],firstDayOfWeek=1,minimalDaysInFirstWeek=1,ERA=1,YEAR=2018,MONTH=2,WEEK_OF_YEAR=12,WEEK_OF_MONTH=4,DAY_OF_MONTH=21,DAY_OF_YEAR=80,DAY_OF_WEEK=4,DAY_OF_WEEK_IN_MONTH=3,AM_PM=1,HOUR=7,HOUR_OF_DAY=19,MINUTE=26,SECOND=19,MILLISECOND=843,ZONE_OFFSET=0,DST_OFFSET=0], message=null}
19:26:19.847 [main] DEBUG org.hibernate.SQL - insert into LogEntries (logCode, message, primaryUser, secondaryUser, time, id) values (?, ?, ?, ?, ?, ?)
Hibernate: insert into LogEntries (logCode, message, primaryUser, secondaryUser, time, id) values (?, ?, ?, ?, ?, ?)
19:26:19.856 [main] DEBUG o.h.e.j.internal.JdbcCoordinatorImpl - HHH000420: Closing un-released batch
19:26:19.857 [main] DEBUG o.h.e.t.internal.TransactionImpl - begin
19:26:19.857 [main] DEBUG org.hibernate.SQL - select next_val as id_val from hibernate_sequence for update
Hibernate: select next_val as id_val from hibernate_sequence for update
19:26:19.858 [main] DEBUG org.hibernate.SQL - update hibernate_sequence set next_val= ? where next_val=?
Hibernate: update hibernate_sequence set next_val= ? where next_val=?
19:26:19.859 [main] DEBUG o.h.e.i.AbstractSaveEventListener - Generated identifier: 296, using strategy: org.hibernate.id.enhanced.SequenceStyleGenerator
19:26:19.859 [main] DEBUG o.h.e.t.internal.TransactionImpl - committing
19:26:19.859 [main] DEBUG o.h.e.i.AbstractFlushingEventListener - Processing flush-time cascades
19:26:19.859 [main] DEBUG o.h.e.i.AbstractFlushingEventListener - Dirty checking collections
19:26:19.859 [main] DEBUG o.h.e.i.AbstractFlushingEventListener - Flushed: 1 insertions, 0 updates, 0 deletions to 1 objects
19:26:19.859 [main] DEBUG o.h.e.i.AbstractFlushingEventListener - Flushed: 0 (re)creations, 0 updates, 0 removals to 0 collections
19:26:19.859 [main] DEBUG o.h.internal.util.EntityPrinter - Listing entities:
19:26:19.859 [main] DEBUG o.h.internal.util.EntityPrinter - edu.ncsu.csc.itrust2.models.persistent.LogEntry{secondaryUser=null, logCode=5, primaryUser=logapitest, id=296, time=java.util.GregorianCalendar[time=1521660379857,areFieldsSet=true,areAllFieldsSet=true,lenient=true,zone=sun.util.calendar.ZoneInfo[id="Etc/UTC",offset=0,dstSavings=0,useDaylight=false,transitions=0,lastRule=null],firstDayOfWeek=1,minimalDaysInFirstWeek=1,ERA=1,YEAR=2018,MONTH=2,WEEK_OF_YEAR=12,WEEK_OF_MONTH=4,DAY_OF_MONTH=21,DAY_OF_YEAR=80,DAY_OF_WEEK=4,DAY_OF_WEEK_IN_MONTH=3,AM_PM=1,HOUR=7,HOUR_OF_DAY=19,MINUTE=26,SECOND=19,MILLISECOND=857,ZONE_OFFSET=0,DST_OFFSET=0], message=null}
19:26:19.860 [main] DEBUG org.hibernate.SQL - insert into LogEntries (logCode, message, primaryUser, secondaryUser, time, id) values (?, ?, ?, ?, ?, ?)
Hibernate: insert into LogEntries (logCode, message, primaryUser, secondaryUser, time, id) values (?, ?, ?, ?, ?, ?)
19:26:19.861 [main] DEBUG o.h.e.j.internal.JdbcCoordinatorImpl - HHH000420: Closing un-released batch
19:26:19.861 [main] DEBUG o.h.e.t.internal.TransactionImpl - begin
19:26:19.862 [main] DEBUG org.hibernate.SQL - select next_val as id_val from hibernate_sequence for update
Hibernate: select next_val as id_val from hibernate_sequence for update
19:26:19.862 [main] DEBUG org.hibernate.SQL - update hibernate_sequence set next_val= ? where next_val=?
Hibernate: update hibernate_sequence set next_val= ? where next_val=?
19:26:19.863 [main] DEBUG o.h.e.i.AbstractSaveEventListener - Generated identifier: 297, using strategy: org.hibernate.id.enhanced.SequenceStyleGenerator
19:26:19.864 [main] DEBUG o.h.e.t.internal.TransactionImpl - committing
19:26:19.864 [main] DEBUG o.h.e.i.AbstractFlushingEventListener - Processing flush-time cascades
19:26:19.864 [main] DEBUG o.h.e.i.AbstractFlushingEventListener - Dirty checking collections
19:26:19.866 [main] DEBUG o.h.e.i.AbstractFlushingEventListener - Flushed: 1 insertions, 0 updates, 0 deletions to 1 objects
19:26:19.866 [main] DEBUG o.h.e.i.AbstractFlushingEventListener - Flushed: 0 (re)creations, 0 updates, 0 removals to 0 collections
19:26:19.866 [main] DEBUG o.h.internal.util.EntityPrinter - Listing entities:
19:26:19.866 [main] DEBUG o.h.internal.util.EntityPrinter - edu.ncsu.csc.itrust2.models.persistent.LogEntry{secondaryUser=null, logCode=5, primaryUser=logapitest, id=297, time=java.util.GregorianCalendar[time=1521660379861,areFieldsSet=true,areAllFieldsSet=true,lenient=true,zone=sun.util.calendar.ZoneInfo[id="Etc/UTC",offset=0,dstSavings=0,useDaylight=false,transitions=0,lastRule=null],firstDayOfWeek=1,minimalDaysInFirstWeek=1,ERA=1,YEAR=2018,MONTH=2,WEEK_OF_YEAR=12,WEEK_OF_MONTH=4,DAY_OF_MONTH=21,DAY_OF_YEAR=80,DAY_OF_WEEK=4,DAY_OF_WEEK_IN_MONTH=3,AM_PM=1,HOUR=7,HOUR_OF_DAY=19,MINUTE=26,SECOND=19,MILLISECOND=861,ZONE_OFFSET=0,DST_OFFSET=0], message=null}
19:26:19.867 [main] DEBUG org.hibernate.SQL - insert into LogEntries (logCode, message, primaryUser, secondaryUser, time, id) values (?, ?, ?, ?, ?, ?)
Hibernate: insert into LogEntries (logCode, message, primaryUser, secondaryUser, time, id) values (?, ?, ?, ?, ?, ?)
19:26:19.869 [main] DEBUG o.h.e.j.internal.JdbcCoordinatorImpl - HHH000420: Closing un-released batch
19:26:19.869 [main] DEBUG o.h.e.t.internal.TransactionImpl - begin
19:26:19.870 [main] DEBUG org.hibernate.SQL - select next_val as id_val from hibernate_sequence for update
Hibernate: select next_val as id_val from hibernate_sequence for update
19:26:19.870 [main] DEBUG org.hibernate.SQL - update hibernate_sequence set next_val= ? where next_val=?
Hibernate: update hibernate_sequence set next_val= ? where next_val=?
19:26:19.872 [main] DEBUG o.h.e.i.AbstractSaveEventListener - Generated identifier: 298, using strategy: org.hibernate.id.enhanced.SequenceStyleGenerator
19:26:19.872 [main] DEBUG o.h.e.t.internal.TransactionImpl - committing
19:26:19.872 [main] DEBUG o.h.e.i.AbstractFlushingEventListener - Processing flush-time cascades
19:26:19.872 [main] DEBUG o.h.e.i.AbstractFlushingEventListener - Dirty checking collections
19:26:19.872 [main] DEBUG o.h.e.i.AbstractFlushingEventListener - Flushed: 1 insertions, 0 updates, 0 deletions to 1 objects
19:26:19.872 [main] DEBUG o.h.e.i.AbstractFlushingEventListener - Flushed: 0 (re)creations, 0 updates, 0 removals to 0 collections
19:26:19.872 [main] DEBUG o.h.internal.util.EntityPrinter - Listing entities:
19:26:19.873 [main] DEBUG o.h.internal.util.EntityPrinter - edu.ncsu.csc.itrust2.models.persistent.LogEntry{secondaryUser=null, logCode=5, primaryUser=logapitest, id=298, time=java.util.GregorianCalendar[time=1521660379869,areFieldsSet=true,areAllFieldsSet=true,lenient=true,zone=sun.util.calendar.ZoneInfo[id="Etc/UTC",offset=0,dstSavings=0,useDaylight=false,transitions=0,lastRule=null],firstDayOfWeek=1,minimalDaysInFirstWeek=1,ERA=1,YEAR=2018,MONTH=2,WEEK_OF_YEAR=12,WEEK_OF_MONTH=4,DAY_OF_MONTH=21,DAY_OF_YEAR=80,DAY_OF_WEEK=4,DAY_OF_WEEK_IN_MONTH=3,AM_PM=1,HOUR=7,HOUR_OF_DAY=19,MINUTE=26,SECOND=19,MILLISECOND=869,ZONE_OFFSET=0,DST_OFFSET=0], message=null}
19:26:19.873 [main] DEBUG org.hibernate.SQL - insert into LogEntries (logCode, message, primaryUser, secondaryUser, time, id) values (?, ?, ?, ?, ?, ?)
Hibernate: insert into LogEntries (logCode, message, primaryUser, secondaryUser, time, id) values (?, ?, ?, ?, ?, ?)
19:26:19.874 [main] DEBUG o.h.e.j.internal.JdbcCoordinatorImpl - HHH000420: Closing un-released batch
19:26:19.875 [main] DEBUG o.h.e.t.internal.TransactionImpl - begin
19:26:19.875 [main] DEBUG org.hibernate.SQL - select next_val as id_val from hibernate_sequence for update
Hibernate: select next_val as id_val from hibernate_sequence for update
19:26:19.876 [main] DEBUG org.hibernate.SQL - update hibernate_sequence set next_val= ? where next_val=?
Hibernate: update hibernate_sequence set next_val= ? where next_val=?
19:26:19.878 [main] DEBUG o.h.e.i.AbstractSaveEventListener - Generated identifier: 299, using strategy: org.hibernate.id.enhanced.SequenceStyleGenerator
19:26:19.878 [main] DEBUG o.h.e.t.internal.TransactionImpl - committing
19:26:19.878 [main] DEBUG o.h.e.i.AbstractFlushingEventListener - Processing flush-time cascades
19:26:19.878 [main] DEBUG o.h.e.i.AbstractFlushingEventListener - Dirty checking collections
19:26:19.879 [main] DEBUG o.h.e.i.AbstractFlushingEventListener - Flushed: 1 insertions, 0 updates, 0 deletions to 1 objects
19:26:19.879 [main] DEBUG o.h.e.i.AbstractFlushingEventListener - Flushed: 0 (re)creations, 0 updates, 0 removals to 0 collections
19:26:19.879 [main] DEBUG o.h.internal.util.EntityPrinter - Listing entities:
19:26:19.879 [main] DEBUG o.h.internal.util.EntityPrinter - edu.ncsu.csc.itrust2.models.persistent.LogEntry{secondaryUser=null, logCode=5, primaryUser=logapitest, id=299, time=java.util.GregorianCalendar[time=1521660379874,areFieldsSet=true,areAllFieldsSet=true,lenient=true,zone=sun.util.calendar.ZoneInfo[id="Etc/UTC",offset=0,dstSavings=0,useDaylight=false,transitions=0,lastRule=null],firstDayOfWeek=1,minimalDaysInFirstWeek=1,ERA=1,YEAR=2018,MONTH=2,WEEK_OF_YEAR=12,WEEK_OF_MONTH=4,DAY_OF_MONTH=21,DAY_OF_YEAR=80,DAY_OF_WEEK=4,DAY_OF_WEEK_IN_MONTH=3,AM_PM=1,HOUR=7,HOUR_OF_DAY=19,MINUTE=26,SECOND=19,MILLISECOND=874,ZONE_OFFSET=0,DST_OFFSET=0], message=null}
19:26:19.880 [main] DEBUG org.hibernate.SQL - insert into LogEntries (logCode, message, primaryUser, secondaryUser, time, id) values (?, ?, ?, ?, ?, ?)
Hibernate: insert into LogEntries (logCode, message, primaryUser, secondaryUser, time, id) values (?, ?, ?, ?, ?, ?)
19:26:19.882 [main] DEBUG o.h.e.j.internal.JdbcCoordinatorImpl - HHH000420: Closing un-released batch
19:26:19.883 [main] DEBUG o.h.e.t.internal.TransactionImpl - begin
19:26:19.883 [main] DEBUG org.hibernate.SQL - select next_val as id_val from hibernate_sequence for update
Hibernate: select next_val as id_val from hibernate_sequence for update
19:26:19.884 [main] DEBUG org.hibernate.SQL - update hibernate_sequence set next_val= ? where next_val=?
Hibernate: update hibernate_sequence set next_val= ? where next_val=?
19:26:19.885 [main] DEBUG o.h.e.i.AbstractSaveEventListener - Generated identifier: 300, using strategy: org.hibernate.id.enhanced.SequenceStyleGenerator
19:26:19.886 [main] DEBUG o.h.e.t.internal.TransactionImpl - committing
19:26:19.886 [main] DEBUG o.h.e.i.AbstractFlushingEventListener - Processing flush-time cascades
19:26:19.886 [main] DEBUG o.h.e.i.AbstractFlushingEventListener - Dirty checking collections
19:26:19.886 [main] DEBUG o.h.e.i.AbstractFlushingEventListener - Flushed: 1 insertions, 0 updates, 0 deletions to 1 objects
19:26:19.887 [main] DEBUG o.h.e.i.AbstractFlushingEventListener - Flushed: 0 (re)creations, 0 updates, 0 removals to 0 collections
19:26:19.887 [main] DEBUG o.h.internal.util.EntityPrinter - Listing entities:
19:26:19.887 [main] DEBUG o.h.internal.util.EntityPrinter - edu.ncsu.csc.itrust2.models.persistent.LogEntry{secondaryUser=null, logCode=5, primaryUser=logapitest, id=300, time=java.util.GregorianCalendar[time=1521660379882,areFieldsSet=true,areAllFieldsSet=true,lenient=true,zone=sun.util.calendar.ZoneInfo[id="Etc/UTC",offset=0,dstSavings=0,useDaylight=false,transitions=0,lastRule=null],firstDayOfWeek=1,minimalDaysInFirstWeek=1,ERA=1,YEAR=2018,MONTH=2,WEEK_OF_YEAR=12,WEEK_OF_MONTH=4,DAY_OF_MONTH=21,DAY_OF_YEAR=80,DAY_OF_WEEK=4,DAY_OF_WEEK_IN_MONTH=3,AM_PM=1,HOUR=7,HOUR_OF_DAY=19,MINUTE=26,SECOND=19,MILLISECOND=882,ZONE_OFFSET=0,DST_OFFSET=0], message=null}
19:26:19.887 [main] DEBUG org.hibernate.SQL - insert into LogEntries (logCode, message, primaryUser, secondaryUser, time, id) values (?, ?, ?, ?, ?, ?)
Hibernate: insert into LogEntries (logCode, message, primaryUser, secondaryUser, time, id) values (?, ?, ?, ?, ?, ?)
19:26:19.890 [main] DEBUG o.h.e.j.internal.JdbcCoordinatorImpl - HHH000420: Closing un-released batch
19:26:19.891 [main] DEBUG o.h.e.t.internal.TransactionImpl - begin
19:26:19.892 [main] DEBUG org.hibernate.SQL - select next_val as id_val from hibernate_sequence for update
Hibernate: select next_val as id_val from hibernate_sequence for update
19:26:19.892 [main] DEBUG org.hibernate.SQL - update hibernate_sequence set next_val= ? where next_val=?
Hibernate: update hibernate_sequence set next_val= ? where next_val=?
19:26:19.893 [main] DEBUG o.h.e.i.AbstractSaveEventListener - Generated identifier: 301, using strategy: org.hibernate.id.enhanced.SequenceStyleGenerator
19:26:19.894 [main] DEBUG o.h.e.t.internal.TransactionImpl - committing
19:26:19.894 [main] DEBUG o.h.e.i.AbstractFlushingEventListener - Processing flush-time cascades
19:26:19.894 [main] DEBUG o.h.e.i.AbstractFlushingEventListener - Dirty checking collections
19:26:19.894 [main] DEBUG o.h.e.i.AbstractFlushingEventListener - Flushed: 1 insertions, 0 updates, 0 deletions to 1 objects
19:26:19.894 [main] DEBUG o.h.e.i.AbstractFlushingEventListener - Flushed: 0 (re)creations, 0 updates, 0 removals to 0 collections
19:26:19.894 [main] DEBUG o.h.internal.util.EntityPrinter - Listing entities:
19:26:19.894 [main] DEBUG o.h.internal.util.EntityPrinter - edu.ncsu.csc.itrust2.models.persistent.LogEntry{secondaryUser=null, logCode=5, primaryUser=logapitest, id=301, time=java.util.GregorianCalendar[time=1521660379891,areFieldsSet=true,areAllFieldsSet=true,lenient=true,zone=sun.util.calendar.ZoneInfo[id="Etc/UTC",offset=0,dstSavings=0,useDaylight=false,transitions=0,lastRule=null],firstDayOfWeek=1,minimalDaysInFirstWeek=1,ERA=1,YEAR=2018,MONTH=2,WEEK_OF_YEAR=12,WEEK_OF_MONTH=4,DAY_OF_MONTH=21,DAY_OF_YEAR=80,DAY_OF_WEEK=4,DAY_OF_WEEK_IN_MONTH=3,AM_PM=1,HOUR=7,HOUR_OF_DAY=19,MINUTE=26,SECOND=19,MILLISECOND=891,ZONE_OFFSET=0,DST_OFFSET=0], message=null}
19:26:19.895 [main] DEBUG org.hibernate.SQL - insert into LogEntries (logCode, message, primaryUser, secondaryUser, time, id) values (?, ?, ?, ?, ?, ?)
Hibernate: insert into LogEntries (logCode, message, primaryUser, secondaryUser, time, id) values (?, ?, ?, ?, ?, ?)
19:26:19.896 [main] DEBUG o.h.e.j.internal.JdbcCoordinatorImpl - HHH000420: Closing un-released batch
19:26:19.896 [main] DEBUG o.h.e.t.internal.TransactionImpl - begin
19:26:19.897 [main] DEBUG org.hibernate.SQL - select next_val as id_val from hibernate_sequence for update
Hibernate: select next_val as id_val from hibernate_sequence for update
19:26:19.898 [main] DEBUG org.hibernate.SQL - update hibernate_sequence set next_val= ? where next_val=?
Hibernate: update hibernate_sequence set next_val= ? where next_val=?
19:26:19.900 [main] DEBUG o.h.e.i.AbstractSaveEventListener - Generated identifier: 302, using strategy: org.hibernate.id.enhanced.SequenceStyleGenerator
19:26:19.901 [main] DEBUG o.h.e.t.internal.TransactionImpl - committing
19:26:19.901 [main] DEBUG o.h.e.i.AbstractFlushingEventListener - Processing flush-time cascades
19:26:19.901 [main] DEBUG o.h.e.i.AbstractFlushingEventListener - Dirty checking collections
19:26:19.901 [main] DEBUG o.h.e.i.AbstractFlushingEventListener - Flushed: 1 insertions, 0 updates, 0 deletions to 1 objects
19:26:19.901 [main] DEBUG o.h.e.i.AbstractFlushingEventListener - Flushed: 0 (re)creations, 0 updates, 0 removals to 0 collections
19:26:19.901 [main] DEBUG o.h.internal.util.EntityPrinter - Listing entities:
19:26:19.901 [main] DEBUG o.h.internal.util.EntityPrinter - edu.ncsu.csc.itrust2.models.persistent.LogEntry{secondaryUser=null, logCode=5, primaryUser=logapitest, id=302, time=java.util.GregorianCalendar[time=1521660379896,areFieldsSet=true,areAllFieldsSet=true,lenient=true,zone=sun.util.calendar.ZoneInfo[id="Etc/UTC",offset=0,dstSavings=0,useDaylight=false,transitions=0,lastRule=null],firstDayOfWeek=1,minimalDaysInFirstWeek=1,ERA=1,YEAR=2018,MONTH=2,WEEK_OF_YEAR=12,WEEK_OF_MONTH=4,DAY_OF_MONTH=21,DAY_OF_YEAR=80,DAY_OF_WEEK=4,DAY_OF_WEEK_IN_MONTH=3,AM_PM=1,HOUR=7,HOUR_OF_DAY=19,MINUTE=26,SECOND=19,MILLISECOND=896,ZONE_OFFSET=0,DST_OFFSET=0], message=null}
19:26:19.902 [main] DEBUG org.hibernate.SQL - insert into LogEntries (logCode, message, primaryUser, secondaryUser, time, id) values (?, ?, ?, ?, ?, ?)
Hibernate: insert into LogEntries (logCode, message, primaryUser, secondaryUser, time, id) values (?, ?, ?, ?, ?, ?)
19:26:19.903 [main] DEBUG o.h.e.j.internal.JdbcCoordinatorImpl - HHH000420: Closing un-released batch
19:26:19.903 [main] DEBUG o.h.e.t.internal.TransactionImpl - begin
19:26:19.904 [main] DEBUG org.hibernate.SQL - select next_val as id_val from hibernate_sequence for update
Hibernate: select next_val as id_val from hibernate_sequence for update
19:26:19.905 [main] DEBUG org.hibernate.SQL - update hibernate_sequence set next_val= ? where next_val=?
Hibernate: update hibernate_sequence set next_val= ? where next_val=?
19:26:19.906 [main] DEBUG o.h.e.i.AbstractSaveEventListener - Generated identifier: 303, using strategy: org.hibernate.id.enhanced.SequenceStyleGenerator
19:26:19.907 [main] DEBUG o.h.e.t.internal.TransactionImpl - committing
19:26:19.907 [main] DEBUG o.h.e.i.AbstractFlushingEventListener - Processing flush-time cascades
19:26:19.907 [main] DEBUG o.h.e.i.AbstractFlushingEventListener - Dirty checking collections
19:26:19.907 [main] DEBUG o.h.e.i.AbstractFlushingEventListener - Flushed: 1 insertions, 0 updates, 0 deletions to 1 objects
19:26:19.907 [main] DEBUG o.h.e.i.AbstractFlushingEventListener - Flushed: 0 (re)creations, 0 updates, 0 removals to 0 collections
19:26:19.908 [main] DEBUG o.h.internal.util.EntityPrinter - Listing entities:
19:26:19.908 [main] DEBUG o.h.internal.util.EntityPrinter - edu.ncsu.csc.itrust2.models.persistent.LogEntry{secondaryUser=null, logCode=5, primaryUser=logapitest, id=303, time=java.util.GregorianCalendar[time=1521660379903,areFieldsSet=true,areAllFieldsSet=true,lenient=true,zone=sun.util.calendar.ZoneInfo[id="Etc/UTC",offset=0,dstSavings=0,useDaylight=false,transitions=0,lastRule=null],firstDayOfWeek=1,minimalDaysInFirstWeek=1,ERA=1,YEAR=2018,MONTH=2,WEEK_OF_YEAR=12,WEEK_OF_MONTH=4,DAY_OF_MONTH=21,DAY_OF_YEAR=80,DAY_OF_WEEK=4,DAY_OF_WEEK_IN_MONTH=3,AM_PM=1,HOUR=7,HOUR_OF_DAY=19,MINUTE=26,SECOND=19,MILLISECOND=903,ZONE_OFFSET=0,DST_OFFSET=0], message=null}
19:26:19.908 [main] DEBUG org.hibernate.SQL - insert into LogEntries (logCode, message, primaryUser, secondaryUser, time, id) values (?, ?, ?, ?, ?, ?)
Hibernate: insert into LogEntries (logCode, message, primaryUser, secondaryUser, time, id) values (?, ?, ?, ?, ?, ?)
19:26:19.910 [main] DEBUG o.h.e.j.internal.JdbcCoordinatorImpl - HHH000420: Closing un-released batch
19:26:19.911 [main] DEBUG o.h.e.t.internal.TransactionImpl - begin
19:26:19.911 [main] DEBUG org.hibernate.SQL - select next_val as id_val from hibernate_sequence for update
Hibernate: select next_val as id_val from hibernate_sequence for update
19:26:19.912 [main] DEBUG org.hibernate.SQL - update hibernate_sequence set next_val= ? where next_val=?
Hibernate: update hibernate_sequence set next_val= ? where next_val=?
19:26:19.913 [main] DEBUG o.h.e.i.AbstractSaveEventListener - Generated identifier: 304, using strategy: org.hibernate.id.enhanced.SequenceStyleGenerator
19:26:19.914 [main] DEBUG o.h.e.t.internal.TransactionImpl - committing
19:26:19.914 [main] DEBUG o.h.e.i.AbstractFlushingEventListener - Processing flush-time cascades
19:26:19.914 [main] DEBUG o.h.e.i.AbstractFlushingEventListener - Dirty checking collections
19:26:19.914 [main] DEBUG o.h.e.i.AbstractFlushingEventListener - Flushed: 1 insertions, 0 updates, 0 deletions to 1 objects
19:26:19.914 [main] DEBUG o.h.e.i.AbstractFlushingEventListener - Flushed: 0 (re)creations, 0 updates, 0 removals to 0 collections
19:26:19.914 [main] DEBUG o.h.internal.util.EntityPrinter - Listing entities:
19:26:19.914 [main] DEBUG o.h.internal.util.EntityPrinter - edu.ncsu.csc.itrust2.models.persistent.LogEntry{secondaryUser=null, logCode=5, primaryUser=logapitest, id=304, time=java.util.GregorianCalendar[time=1521660379910,areFieldsSet=true,areAllFieldsSet=true,lenient=true,zone=sun.util.calendar.ZoneInfo[id="Etc/UTC",offset=0,dstSavings=0,useDaylight=false,transitions=0,lastRule=null],firstDayOfWeek=1,minimalDaysInFirstWeek=1,ERA=1,YEAR=2018,MONTH=2,WEEK_OF_YEAR=12,WEEK_OF_MONTH=4,DAY_OF_MONTH=21,DAY_OF_YEAR=80,DAY_OF_WEEK=4,DAY_OF_WEEK_IN_MONTH=3,AM_PM=1,HOUR=7,HOUR_OF_DAY=19,MINUTE=26,SECOND=19,MILLISECOND=910,ZONE_OFFSET=0,DST_OFFSET=0], message=null}
19:26:19.915 [main] DEBUG org.hibernate.SQL - insert into LogEntries (logCode, message, primaryUser, secondaryUser, time, id) values (?, ?, ?, ?, ?, ?)
Hibernate: insert into LogEntries (logCode, message, primaryUser, secondaryUser, time, id) values (?, ?, ?, ?, ?, ?)
19:26:19.917 [main] DEBUG o.h.e.j.internal.JdbcCoordinatorImpl - HHH000420: Closing un-released batch
19:26:19.918 [main] DEBUG o.h.e.t.internal.TransactionImpl - begin
19:26:19.919 [main] DEBUG org.hibernate.SQL - select next_val as id_val from hibernate_sequence for update
Hibernate: select next_val as id_val from hibernate_sequence for update
19:26:19.919 [main] DEBUG org.hibernate.SQL - update hibernate_sequence set next_val= ? where next_val=?
Hibernate: update hibernate_sequence set next_val= ? where next_val=?
19:26:19.921 [main] DEBUG o.h.e.i.AbstractSaveEventListener - Generated identifier: 305, using strategy: org.hibernate.id.enhanced.SequenceStyleGenerator
19:26:19.921 [main] DEBUG o.h.e.t.internal.TransactionImpl - committing
19:26:19.921 [main] DEBUG o.h.e.i.AbstractFlushingEventListener - Processing flush-time cascades
19:26:19.922 [main] DEBUG o.h.e.i.AbstractFlushingEventListener - Dirty checking collections
19:26:19.922 [main] DEBUG o.h.e.i.AbstractFlushingEventListener - Flushed: 1 insertions, 0 updates, 0 deletions to 1 objects
19:26:19.922 [main] DEBUG o.h.e.i.AbstractFlushingEventListener - Flushed: 0 (re)creations, 0 updates, 0 removals to 0 collections
19:26:19.922 [main] DEBUG o.h.internal.util.EntityPrinter - Listing entities:
19:26:19.922 [main] DEBUG o.h.internal.util.EntityPrinter - edu.ncsu.csc.itrust2.models.persistent.LogEntry{secondaryUser=null, logCode=5, primaryUser=logapitest, id=305, time=java.util.GregorianCalendar[time=1521660379918,areFieldsSet=true,areAllFieldsSet=true,lenient=true,zone=sun.util.calendar.ZoneInfo[id="Etc/UTC",offset=0,dstSavings=0,useDaylight=false,transitions=0,lastRule=null],firstDayOfWeek=1,minimalDaysInFirstWeek=1,ERA=1,YEAR=2018,MONTH=2,WEEK_OF_YEAR=12,WEEK_OF_MONTH=4,DAY_OF_MONTH=21,DAY_OF_YEAR=80,DAY_OF_WEEK=4,DAY_OF_WEEK_IN_MONTH=3,AM_PM=1,HOUR=7,HOUR_OF_DAY=19,MINUTE=26,SECOND=19,MILLISECOND=918,ZONE_OFFSET=0,DST_OFFSET=0], message=null}
19:26:19.923 [main] DEBUG org.hibernate.SQL - insert into LogEntries (logCode, message, primaryUser, secondaryUser, time, id) values (?, ?, ?, ?, ?, ?)
Hibernate: insert into LogEntries (logCode, message, primaryUser, secondaryUser, time, id) values (?, ?, ?, ?, ?, ?)
19:26:19.924 [main] DEBUG o.h.e.j.internal.JdbcCoordinatorImpl - HHH000420: Closing un-released batch
19:26:19.924 [main] DEBUG o.h.e.t.internal.TransactionImpl - begin
19:26:19.925 [main] DEBUG org.hibernate.SQL - select next_val as id_val from hibernate_sequence for update
Hibernate: select next_val as id_val from hibernate_sequence for update
19:26:19.925 [main] DEBUG org.hibernate.SQL - update hibernate_sequence set next_val= ? where next_val=?
Hibernate: update hibernate_sequence set next_val= ? where next_val=?
19:26:19.927 [main] DEBUG o.h.e.i.AbstractSaveEventListener - Generated identifier: 306, using strategy: org.hibernate.id.enhanced.SequenceStyleGenerator
19:26:19.927 [main] DEBUG o.h.e.t.internal.TransactionImpl - committing
19:26:19.927 [main] DEBUG o.h.e.i.AbstractFlushingEventListener - Processing flush-time cascades
19:26:19.927 [main] DEBUG o.h.e.i.AbstractFlushingEventListener - Dirty checking collections
19:26:19.927 [main] DEBUG o.h.e.i.AbstractFlushingEventListener - Flushed: 1 insertions, 0 updates, 0 deletions to 1 objects
19:26:19.928 [main] DEBUG o.h.e.i.AbstractFlushingEventListener - Flushed: 0 (re)creations, 0 updates, 0 removals to 0 collections
19:26:19.928 [main] DEBUG o.h.internal.util.EntityPrinter - Listing entities:
19:26:19.928 [main] DEBUG o.h.internal.util.EntityPrinter - edu.ncsu.csc.itrust2.models.persistent.LogEntry{secondaryUser=null, logCode=5, primaryUser=logapitest, id=306, time=java.util.GregorianCalendar[time=1521660379924,areFieldsSet=true,areAllFieldsSet=true,lenient=true,zone=sun.util.calendar.ZoneInfo[id="Etc/UTC",offset=0,dstSavings=0,useDaylight=false,transitions=0,lastRule=null],firstDayOfWeek=1,minimalDaysInFirstWeek=1,ERA=1,YEAR=2018,MONTH=2,WEEK_OF_YEAR=12,WEEK_OF_MONTH=4,DAY_OF_MONTH=21,DAY_OF_YEAR=80,DAY_OF_WEEK=4,DAY_OF_WEEK_IN_MONTH=3,AM_PM=1,HOUR=7,HOUR_OF_DAY=19,MINUTE=26,SECOND=19,MILLISECOND=924,ZONE_OFFSET=0,DST_OFFSET=0], message=null}
19:26:19.928 [main] DEBUG org.hibernate.SQL - insert into LogEntries (logCode, message, primaryUser, secondaryUser, time, id) values (?, ?, ?, ?, ?, ?)
Hibernate: insert into LogEntries (logCode, message, primaryUser, secondaryUser, time, id) values (?, ?, ?, ?, ?, ?)
19:26:19.930 [main] DEBUG o.h.e.j.internal.JdbcCoordinatorImpl - HHH000420: Closing un-released batch
19:26:19.930 [main] DEBUG o.h.e.t.internal.TransactionImpl - begin
19:26:19.931 [main] DEBUG org.hibernate.SQL - select next_val as id_val from hibernate_sequence for update
Hibernate: select next_val as id_val from hibernate_sequence for update
19:26:19.932 [main] DEBUG org.hibernate.SQL - update hibernate_sequence set next_val= ? where next_val=?
Hibernate: update hibernate_sequence set next_val= ? where next_val=?
19:26:19.934 [main] DEBUG o.h.e.i.AbstractSaveEventListener - Generated identifier: 307, using strategy: org.hibernate.id.enhanced.SequenceStyleGenerator
19:26:19.934 [main] DEBUG o.h.e.t.internal.TransactionImpl - committing
19:26:19.934 [main] DEBUG o.h.e.i.AbstractFlushingEventListener - Processing flush-time cascades
19:26:19.935 [main] DEBUG o.h.e.i.AbstractFlushingEventListener - Dirty checking collections
19:26:19.935 [main] DEBUG o.h.e.i.AbstractFlushingEventListener - Flushed: 1 insertions, 0 updates, 0 deletions to 1 objects
19:26:19.935 [main] DEBUG o.h.e.i.AbstractFlushingEventListener - Flushed: 0 (re)creations, 0 updates, 0 removals to 0 collections
19:26:19.935 [main] DEBUG o.h.internal.util.EntityPrinter - Listing entities:
19:26:19.935 [main] DEBUG o.h.internal.util.EntityPrinter - edu.ncsu.csc.itrust2.models.persistent.LogEntry{secondaryUser=null, logCode=5, primaryUser=logapitest, id=307, time=java.util.GregorianCalendar[time=1521660379930,areFieldsSet=true,areAllFieldsSet=true,lenient=true,zone=sun.util.calendar.ZoneInfo[id="Etc/UTC",offset=0,dstSavings=0,useDaylight=false,transitions=0,lastRule=null],firstDayOfWeek=1,minimalDaysInFirstWeek=1,ERA=1,YEAR=2018,MONTH=2,WEEK_OF_YEAR=12,WEEK_OF_MONTH=4,DAY_OF_MONTH=21,DAY_OF_YEAR=80,DAY_OF_WEEK=4,DAY_OF_WEEK_IN_MONTH=3,AM_PM=1,HOUR=7,HOUR_OF_DAY=19,MINUTE=26,SECOND=19,MILLISECOND=930,ZONE_OFFSET=0,DST_OFFSET=0], message=null}
19:26:19.936 [main] DEBUG org.hibernate.SQL - insert into LogEntries (logCode, message, primaryUser, secondaryUser, time, id) values (?, ?, ?, ?, ?, ?)
Hibernate: insert into LogEntries (logCode, message, primaryUser, secondaryUser, time, id) values (?, ?, ?, ?, ?, ?)
19:26:19.938 [main] DEBUG o.h.e.j.internal.JdbcCoordinatorImpl - HHH000420: Closing un-released batch
19:26:19.938 [main] DEBUG o.h.e.t.internal.TransactionImpl - begin
19:26:19.939 [main] DEBUG org.hibernate.SQL - select next_val as id_val from hibernate_sequence for update
Hibernate: select next_val as id_val from hibernate_sequence for update
19:26:19.939 [main] DEBUG org.hibernate.SQL - update hibernate_sequence set next_val= ? where next_val=?
Hibernate: update hibernate_sequence set next_val= ? where next_val=?
19:26:19.941 [main] DEBUG o.h.e.i.AbstractSaveEventListener - Generated identifier: 308, using strategy: org.hibernate.id.enhanced.SequenceStyleGenerator
19:26:19.941 [main] DEBUG o.h.e.t.internal.TransactionImpl - committing
19:26:19.941 [main] DEBUG o.h.e.i.AbstractFlushingEventListener - Processing flush-time cascades
19:26:19.941 [main] DEBUG o.h.e.i.AbstractFlushingEventListener - Dirty checking collections
19:26:19.941 [main] DEBUG o.h.e.i.AbstractFlushingEventListener - Flushed: 1 insertions, 0 updates, 0 deletions to 1 objects
19:26:19.941 [main] DEBUG o.h.e.i.AbstractFlushingEventListener - Flushed: 0 (re)creations, 0 updates, 0 removals to 0 collections
19:26:19.942 [main] DEBUG o.h.internal.util.EntityPrinter - Listing entities:
19:26:19.942 [main] DEBUG o.h.internal.util.EntityPrinter - edu.ncsu.csc.itrust2.models.persistent.LogEntry{secondaryUser=null, logCode=5, primaryUser=logapitest, id=308, time=java.util.GregorianCalendar[time=1521660379938,areFieldsSet=true,areAllFieldsSet=true,lenient=true,zone=sun.util.calendar.ZoneInfo[id="Etc/UTC",offset=0,dstSavings=0,useDaylight=false,transitions=0,lastRule=null],firstDayOfWeek=1,minimalDaysInFirstWeek=1,ERA=1,YEAR=2018,MONTH=2,WEEK_OF_YEAR=12,WEEK_OF_MONTH=4,DAY_OF_MONTH=21,DAY_OF_YEAR=80,DAY_OF_WEEK=4,DAY_OF_WEEK_IN_MONTH=3,AM_PM=1,HOUR=7,HOUR_OF_DAY=19,MINUTE=26,SECOND=19,MILLISECOND=938,ZONE_OFFSET=0,DST_OFFSET=0], message=null}
19:26:19.942 [main] DEBUG org.hibernate.SQL - insert into LogEntries (logCode, message, primaryUser, secondaryUser, time, id) values (?, ?, ?, ?, ?, ?)
Hibernate: insert into LogEntries (logCode, message, primaryUser, secondaryUser, time, id) values (?, ?, ?, ?, ?, ?)
19:26:19.944 [main] DEBUG o.h.e.j.internal.JdbcCoordinatorImpl - HHH000420: Closing un-released batch
19:26:19.944 [main] DEBUG o.h.e.t.internal.TransactionImpl - begin
19:26:19.945 [main] DEBUG org.hibernate.SQL - select next_val as id_val from hibernate_sequence for update
Hibernate: select next_val as id_val from hibernate_sequence for update
19:26:19.945 [main] DEBUG org.hibernate.SQL - update hibernate_sequence set next_val= ? where next_val=?
Hibernate: update hibernate_sequence set next_val= ? where next_val=?
19:26:19.946 [main] DEBUG o.h.e.i.AbstractSaveEventListener - Generated identifier: 309, using strategy: org.hibernate.id.enhanced.SequenceStyleGenerator
19:26:19.946 [main] DEBUG o.h.e.t.internal.TransactionImpl - committing
19:26:19.946 [main] DEBUG o.h.e.i.AbstractFlushingEventListener - Processing flush-time cascades
19:26:19.947 [main] DEBUG o.h.e.i.AbstractFlushingEventListener - Dirty checking collections
19:26:19.947 [main] DEBUG o.h.e.i.AbstractFlushingEventListener - Flushed: 1 insertions, 0 updates, 0 deletions to 1 objects
19:26:19.947 [main] DEBUG o.h.e.i.AbstractFlushingEventListener - Flushed: 0 (re)creations, 0 updates, 0 removals to 0 collections
19:26:19.947 [main] DEBUG o.h.internal.util.EntityPrinter - Listing entities:
19:26:19.947 [main] DEBUG o.h.internal.util.EntityPrinter - edu.ncsu.csc.itrust2.models.persistent.LogEntry{secondaryUser=null, logCode=5, primaryUser=logapitest, id=309, time=java.util.GregorianCalendar[time=1521660379944,areFieldsSet=true,areAllFieldsSet=true,lenient=true,zone=sun.util.calendar.ZoneInfo[id="Etc/UTC",offset=0,dstSavings=0,useDaylight=false,transitions=0,lastRule=null],firstDayOfWeek=1,minimalDaysInFirstWeek=1,ERA=1,YEAR=2018,MONTH=2,WEEK_OF_YEAR=12,WEEK_OF_MONTH=4,DAY_OF_MONTH=21,DAY_OF_YEAR=80,DAY_OF_WEEK=4,DAY_OF_WEEK_IN_MONTH=3,AM_PM=1,HOUR=7,HOUR_OF_DAY=19,MINUTE=26,SECOND=19,MILLISECOND=944,ZONE_OFFSET=0,DST_OFFSET=0], message=null}
19:26:19.949 [main] DEBUG org.hibernate.SQL - insert into LogEntries (logCode, message, primaryUser, secondaryUser, time, id) values (?, ?, ?, ?, ?, ?)
Hibernate: insert into LogEntries (logCode, message, primaryUser, secondaryUser, time, id) values (?, ?, ?, ?, ?, ?)
19:26:19.950 [main] DEBUG o.h.e.j.internal.JdbcCoordinatorImpl - HHH000420: Closing un-released batch
19:26:19.951 [main] DEBUG o.h.e.t.internal.TransactionImpl - begin
19:26:19.951 [main] DEBUG org.hibernate.SQL - select next_val as id_val from hibernate_sequence for update
Hibernate: select next_val as id_val from hibernate_sequence for update
19:26:19.952 [main] DEBUG org.hibernate.SQL - update hibernate_sequence set next_val= ? where next_val=?
Hibernate: update hibernate_sequence set next_val= ? where next_val=?
19:26:19.954 [main] DEBUG o.h.e.i.AbstractSaveEventListener - Generated identifier: 310, using strategy: org.hibernate.id.enhanced.SequenceStyleGenerator
19:26:19.954 [main] DEBUG o.h.e.t.internal.TransactionImpl - committing
19:26:19.954 [main] DEBUG o.h.e.i.AbstractFlushingEventListener - Processing flush-time cascades
19:26:19.955 [main] DEBUG o.h.e.i.AbstractFlushingEventListener - Dirty checking collections
19:26:19.955 [main] DEBUG o.h.e.i.AbstractFlushingEventListener - Flushed: 1 insertions, 0 updates, 0 deletions to 1 objects
19:26:19.955 [main] DEBUG o.h.e.i.AbstractFlushingEventListener - Flushed: 0 (re)creations, 0 updates, 0 removals to 0 collections
19:26:19.955 [main] DEBUG o.h.internal.util.EntityPrinter - Listing entities:
19:26:19.955 [main] DEBUG o.h.internal.util.EntityPrinter - edu.ncsu.csc.itrust2.models.persistent.LogEntry{secondaryUser=null, logCode=5, primaryUser=logapitest, id=310, time=java.util.GregorianCalendar[time=1521660379951,areFieldsSet=true,areAllFieldsSet=true,lenient=true,zone=sun.util.calendar.ZoneInfo[id="Etc/UTC",offset=0,dstSavings=0,useDaylight=false,transitions=0,lastRule=null],firstDayOfWeek=1,minimalDaysInFirstWeek=1,ERA=1,YEAR=2018,MONTH=2,WEEK_OF_YEAR=12,WEEK_OF_MONTH=4,DAY_OF_MONTH=21,DAY_OF_YEAR=80,DAY_OF_WEEK=4,DAY_OF_WEEK_IN_MONTH=3,AM_PM=1,HOUR=7,HOUR_OF_DAY=19,MINUTE=26,SECOND=19,MILLISECOND=951,ZONE_OFFSET=0,DST_OFFSET=0], message=null}
19:26:19.956 [main] DEBUG org.hibernate.SQL - insert into LogEntries (logCode, message, primaryUser, secondaryUser, time, id) values (?, ?, ?, ?, ?, ?)
Hibernate: insert into LogEntries (logCode, message, primaryUser, secondaryUser, time, id) values (?, ?, ?, ?, ?, ?)
19:26:19.959 [main] DEBUG o.h.e.j.internal.JdbcCoordinatorImpl - HHH000420: Closing un-released batch
19:26:19.960 [main] DEBUG o.h.e.t.internal.TransactionImpl - begin
19:26:19.960 [main] DEBUG org.hibernate.SQL - select next_val as id_val from hibernate_sequence for update
Hibernate: select next_val as id_val from hibernate_sequence for update
19:26:19.960 [main] DEBUG org.hibernate.SQL - update hibernate_sequence set next_val= ? where next_val=?
Hibernate: update hibernate_sequence set next_val= ? where next_val=?
19:26:19.962 [main] DEBUG o.h.e.i.AbstractSaveEventListener - Generated identifier: 311, using strategy: org.hibernate.id.enhanced.SequenceStyleGenerator
19:26:19.962 [main] DEBUG o.h.e.t.internal.TransactionImpl - committing
19:26:19.963 [main] DEBUG o.h.e.i.AbstractFlushingEventListener - Processing flush-time cascades
19:26:19.965 [main] DEBUG o.h.e.i.AbstractFlushingEventListener - Dirty checking collections
19:26:19.972 [main] DEBUG o.h.e.i.AbstractFlushingEventListener - Flushed: 1 insertions, 0 updates, 0 deletions to 1 objects
19:26:19.973 [main] DEBUG o.h.e.i.AbstractFlushingEventListener - Flushed: 0 (re)creations, 0 updates, 0 removals to 0 collections
19:26:19.973 [main] DEBUG o.h.internal.util.EntityPrinter - Listing entities:
19:26:19.973 [main] DEBUG o.h.internal.util.EntityPrinter - edu.ncsu.csc.itrust2.models.persistent.LogEntry{secondaryUser=null, logCode=5, primaryUser=logapitest, id=311, time=java.util.GregorianCalendar[time=1521660379959,areFieldsSet=true,areAllFieldsSet=true,lenient=true,zone=sun.util.calendar.ZoneInfo[id="Etc/UTC",offset=0,dstSavings=0,useDaylight=false,transitions=0,lastRule=null],firstDayOfWeek=1,minimalDaysInFirstWeek=1,ERA=1,YEAR=2018,MONTH=2,WEEK_OF_YEAR=12,WEEK_OF_MONTH=4,DAY_OF_MONTH=21,DAY_OF_YEAR=80,DAY_OF_WEEK=4,DAY_OF_WEEK_IN_MONTH=3,AM_PM=1,HOUR=7,HOUR_OF_DAY=19,MINUTE=26,SECOND=19,MILLISECOND=959,ZONE_OFFSET=0,DST_OFFSET=0], message=null}
19:26:19.973 [main] DEBUG org.hibernate.SQL - insert into LogEntries (logCode, message, primaryUser, secondaryUser, time, id) values (?, ?, ?, ?, ?, ?)
Hibernate: insert into LogEntries (logCode, message, primaryUser, secondaryUser, time, id) values (?, ?, ?, ?, ?, ?)
19:26:19.975 [main] DEBUG o.h.e.j.internal.JdbcCoordinatorImpl - HHH000420: Closing un-released batch
19:26:19.975 [main] DEBUG o.h.e.t.internal.TransactionImpl - begin
19:26:19.976 [main] DEBUG org.hibernate.SQL - select next_val as id_val from hibernate_sequence for update
Hibernate: select next_val as id_val from hibernate_sequence for update
19:26:19.976 [main] DEBUG org.hibernate.SQL - update hibernate_sequence set next_val= ? where next_val=?
Hibernate: update hibernate_sequence set next_val= ? where next_val=?
19:26:19.977 [main] DEBUG o.h.e.i.AbstractSaveEventListener - Generated identifier: 312, using strategy: org.hibernate.id.enhanced.SequenceStyleGenerator
19:26:19.977 [main] DEBUG o.h.e.t.internal.TransactionImpl - committing
19:26:19.977 [main] DEBUG o.h.e.i.AbstractFlushingEventListener - Processing flush-time cascades
19:26:19.978 [main] DEBUG o.h.e.i.AbstractFlushingEventListener - Dirty checking collections
19:26:19.978 [main] DEBUG o.h.e.i.AbstractFlushingEventListener - Flushed: 1 insertions, 0 updates, 0 deletions to 1 objects
19:26:19.978 [main] DEBUG o.h.e.i.AbstractFlushingEventListener - Flushed: 0 (re)creations, 0 updates, 0 removals to 0 collections
19:26:19.978 [main] DEBUG o.h.internal.util.EntityPrinter - Listing entities:
19:26:19.978 [main] DEBUG o.h.internal.util.EntityPrinter - edu.ncsu.csc.itrust2.models.persistent.LogEntry{secondaryUser=null, logCode=5, primaryUser=logapitest, id=312, time=java.util.GregorianCalendar[time=1521660379975,areFieldsSet=true,areAllFieldsSet=true,lenient=true,zone=sun.util.calendar.ZoneInfo[id="Etc/UTC",offset=0,dstSavings=0,useDaylight=false,transitions=0,lastRule=null],firstDayOfWeek=1,minimalDaysInFirstWeek=1,ERA=1,YEAR=2018,MONTH=2,WEEK_OF_YEAR=12,WEEK_OF_MONTH=4,DAY_OF_MONTH=21,DAY_OF_YEAR=80,DAY_OF_WEEK=4,DAY_OF_WEEK_IN_MONTH=3,AM_PM=1,HOUR=7,HOUR_OF_DAY=19,MINUTE=26,SECOND=19,MILLISECOND=975,ZONE_OFFSET=0,DST_OFFSET=0], message=null}
19:26:19.978 [main] DEBUG org.hibernate.SQL - insert into LogEntries (logCode, message, primaryUser, secondaryUser, time, id) values (?, ?, ?, ?, ?, ?)
Hibernate: insert into LogEntries (logCode, message, primaryUser, secondaryUser, time, id) values (?, ?, ?, ?, ?, ?)
19:26:19.980 [main] DEBUG o.h.e.j.internal.JdbcCoordinatorImpl - HHH000420: Closing un-released batch
19:26:19.980 [main] DEBUG o.h.e.t.internal.TransactionImpl - begin
19:26:19.983 [main] DEBUG org.hibernate.SQL - select next_val as id_val from hibernate_sequence for update
Hibernate: select next_val as id_val from hibernate_sequence for update
19:26:19.984 [main] DEBUG org.hibernate.SQL - update hibernate_sequence set next_val= ? where next_val=?
Hibernate: update hibernate_sequence set next_val= ? where next_val=?
19:26:19.986 [main] DEBUG o.h.e.i.AbstractSaveEventListener - Generated identifier: 313, using strategy: org.hibernate.id.enhanced.SequenceStyleGenerator
19:26:19.986 [main] DEBUG o.h.e.t.internal.TransactionImpl - committing
19:26:19.986 [main] DEBUG o.h.e.i.AbstractFlushingEventListener - Processing flush-time cascades
19:26:19.987 [main] DEBUG o.h.e.i.AbstractFlushingEventListener - Dirty checking collections
19:26:19.987 [main] DEBUG o.h.e.i.AbstractFlushingEventListener - Flushed: 1 insertions, 0 updates, 0 deletions to 1 objects
19:26:19.987 [main] DEBUG o.h.e.i.AbstractFlushingEventListener - Flushed: 0 (re)creations, 0 updates, 0 removals to 0 collections
19:26:19.987 [main] DEBUG o.h.internal.util.EntityPrinter - Listing entities:
19:26:19.987 [main] DEBUG o.h.internal.util.EntityPrinter - edu.ncsu.csc.itrust2.models.persistent.LogEntry{secondaryUser=null, logCode=5, primaryUser=logapitest, id=313, time=java.util.GregorianCalendar[time=1521660379980,areFieldsSet=true,areAllFieldsSet=true,lenient=true,zone=sun.util.calendar.ZoneInfo[id="Etc/UTC",offset=0,dstSavings=0,useDaylight=false,transitions=0,lastRule=null],firstDayOfWeek=1,minimalDaysInFirstWeek=1,ERA=1,YEAR=2018,MONTH=2,WEEK_OF_YEAR=12,WEEK_OF_MONTH=4,DAY_OF_MONTH=21,DAY_OF_YEAR=80,DAY_OF_WEEK=4,DAY_OF_WEEK_IN_MONTH=3,AM_PM=1,HOUR=7,HOUR_OF_DAY=19,MINUTE=26,SECOND=19,MILLISECOND=980,ZONE_OFFSET=0,DST_OFFSET=0], message=null}
19:26:19.987 [main] DEBUG org.hibernate.SQL - insert into LogEntries (logCode, message, primaryUser, secondaryUser, time, id) values (?, ?, ?, ?, ?, ?)
Hibernate: insert into LogEntries (logCode, message, primaryUser, secondaryUser, time, id) values (?, ?, ?, ?, ?, ?)
19:26:19.996 [main] DEBUG o.h.e.j.internal.JdbcCoordinatorImpl - HHH000420: Closing un-released batch
19:26:19.996 [main] DEBUG o.h.e.t.internal.TransactionImpl - begin
19:26:19.996 [main] DEBUG org.hibernate.SQL - select next_val as id_val from hibernate_sequence for update
Hibernate: select next_val as id_val from hibernate_sequence for update
19:26:19.997 [main] DEBUG org.hibernate.SQL - update hibernate_sequence set next_val= ? where next_val=?
Hibernate: update hibernate_sequence set next_val= ? where next_val=?
19:26:19.998 [main] DEBUG o.h.e.i.AbstractSaveEventListener - Generated identifier: 314, using strategy: org.hibernate.id.enhanced.SequenceStyleGenerator
19:26:19.998 [main] DEBUG o.h.e.t.internal.TransactionImpl - committing
19:26:19.999 [main] DEBUG o.h.e.i.AbstractFlushingEventListener - Processing flush-time cascades
19:26:19.999 [main] DEBUG o.h.e.i.AbstractFlushingEventListener - Dirty checking collections
19:26:20.000 [main] DEBUG o.h.e.i.AbstractFlushingEventListener - Flushed: 1 insertions, 0 updates, 0 deletions to 1 objects
19:26:20.000 [main] DEBUG o.h.e.i.AbstractFlushingEventListener - Flushed: 0 (re)creations, 0 updates, 0 removals to 0 collections
19:26:20.000 [main] DEBUG o.h.internal.util.EntityPrinter - Listing entities:
19:26:20.000 [main] DEBUG o.h.internal.util.EntityPrinter - edu.ncsu.csc.itrust2.models.persistent.LogEntry{secondaryUser=null, logCode=5, primaryUser=logapitest, id=314, time=java.util.GregorianCalendar[time=1521660379996,areFieldsSet=true,areAllFieldsSet=true,lenient=true,zone=sun.util.calendar.ZoneInfo[id="Etc/UTC",offset=0,dstSavings=0,useDaylight=false,transitions=0,lastRule=null],firstDayOfWeek=1,minimalDaysInFirstWeek=1,ERA=1,YEAR=2018,MONTH=2,WEEK_OF_YEAR=12,WEEK_OF_MONTH=4,DAY_OF_MONTH=21,DAY_OF_YEAR=80,DAY_OF_WEEK=4,DAY_OF_WEEK_IN_MONTH=3,AM_PM=1,HOUR=7,HOUR_OF_DAY=19,MINUTE=26,SECOND=19,MILLISECOND=996,ZONE_OFFSET=0,DST_OFFSET=0], message=null}
19:26:20.001 [main] DEBUG org.hibernate.SQL - insert into LogEntries (logCode, message, primaryUser, secondaryUser, time, id) values (?, ?, ?, ?, ?, ?)
Hibernate: insert into LogEntries (logCode, message, primaryUser, secondaryUser, time, id) values (?, ?, ?, ?, ?, ?)
19:26:20.002 [main] DEBUG o.h.e.j.internal.JdbcCoordinatorImpl - HHH000420: Closing un-released batch
19:26:20.003 [main] DEBUG o.h.e.t.internal.TransactionImpl - begin
19:26:20.004 [main] DEBUG org.hibernate.SQL - select next_val as id_val from hibernate_sequence for update
Hibernate: select next_val as id_val from hibernate_sequence for update
19:26:20.004 [main] DEBUG org.hibernate.SQL - update hibernate_sequence set next_val= ? where next_val=?
Hibernate: update hibernate_sequence set next_val= ? where next_val=?
19:26:20.005 [main] DEBUG o.h.e.i.AbstractSaveEventListener - Generated identifier: 315, using strategy: org.hibernate.id.enhanced.SequenceStyleGenerator
19:26:20.006 [main] DEBUG o.h.e.t.internal.TransactionImpl - committing
19:26:20.006 [main] DEBUG o.h.e.i.AbstractFlushingEventListener - Processing flush-time cascades
19:26:20.006 [main] DEBUG o.h.e.i.AbstractFlushingEventListener - Dirty checking collections
19:26:20.006 [main] DEBUG o.h.e.i.AbstractFlushingEventListener - Flushed: 1 insertions, 0 updates, 0 deletions to 1 objects
19:26:20.006 [main] DEBUG o.h.e.i.AbstractFlushingEventListener - Flushed: 0 (re)creations, 0 updates, 0 removals to 0 collections
19:26:20.006 [main] DEBUG o.h.internal.util.EntityPrinter - Listing entities:
19:26:20.007 [main] DEBUG o.h.internal.util.EntityPrinter - edu.ncsu.csc.itrust2.models.persistent.LogEntry{secondaryUser=null, logCode=5, primaryUser=logapitest, id=315, time=java.util.GregorianCalendar[time=1521660380003,areFieldsSet=true,areAllFieldsSet=true,lenient=true,zone=sun.util.calendar.ZoneInfo[id="Etc/UTC",offset=0,dstSavings=0,useDaylight=false,transitions=0,lastRule=null],firstDayOfWeek=1,minimalDaysInFirstWeek=1,ERA=1,YEAR=2018,MONTH=2,WEEK_OF_YEAR=12,WEEK_OF_MONTH=4,DAY_OF_MONTH=21,DAY_OF_YEAR=80,DAY_OF_WEEK=4,DAY_OF_WEEK_IN_MONTH=3,AM_PM=1,HOUR=7,HOUR_OF_DAY=19,MINUTE=26,SECOND=20,MILLISECOND=3,ZONE_OFFSET=0,DST_OFFSET=0], message=null}
19:26:20.007 [main] DEBUG org.hibernate.SQL - insert into LogEntries (logCode, message, primaryUser, secondaryUser, time, id) values (?, ?, ?, ?, ?, ?)
Hibernate: insert into LogEntries (logCode, message, primaryUser, secondaryUser, time, id) values (?, ?, ?, ?, ?, ?)
19:26:20.011 [main] DEBUG o.h.e.j.internal.JdbcCoordinatorImpl - HHH000420: Closing un-released batch
19:26:20.011 [main] DEBUG o.h.e.t.internal.TransactionImpl - begin
19:26:20.012 [main] DEBUG org.hibernate.SQL - select next_val as id_val from hibernate_sequence for update
Hibernate: select next_val as id_val from hibernate_sequence for update
19:26:20.012 [main] DEBUG org.hibernate.SQL - update hibernate_sequence set next_val= ? where next_val=?
Hibernate: update hibernate_sequence set next_val= ? where next_val=?
19:26:20.013 [main] DEBUG o.h.e.i.AbstractSaveEventListener - Generated identifier: 316, using strategy: org.hibernate.id.enhanced.SequenceStyleGenerator
19:26:20.014 [main] DEBUG o.h.e.t.internal.TransactionImpl - committing
19:26:20.014 [main] DEBUG o.h.e.i.AbstractFlushingEventListener - Processing flush-time cascades
19:26:20.014 [main] DEBUG o.h.e.i.AbstractFlushingEventListener - Dirty checking collections
19:26:20.014 [main] DEBUG o.h.e.i.AbstractFlushingEventListener - Flushed: 1 insertions, 0 updates, 0 deletions to 1 objects
19:26:20.014 [main] DEBUG o.h.e.i.AbstractFlushingEventListener - Flushed: 0 (re)creations, 0 updates, 0 removals to 0 collections
19:26:20.014 [main] DEBUG o.h.internal.util.EntityPrinter - Listing entities:
19:26:20.014 [main] DEBUG o.h.internal.util.EntityPrinter - edu.ncsu.csc.itrust2.models.persistent.LogEntry{secondaryUser=null, logCode=5, primaryUser=logapitest, id=316, time=java.util.GregorianCalendar[time=1521660380011,areFieldsSet=true,areAllFieldsSet=true,lenient=true,zone=sun.util.calendar.ZoneInfo[id="Etc/UTC",offset=0,dstSavings=0,useDaylight=false,transitions=0,lastRule=null],firstDayOfWeek=1,minimalDaysInFirstWeek=1,ERA=1,YEAR=2018,MONTH=2,WEEK_OF_YEAR=12,WEEK_OF_MONTH=4,DAY_OF_MONTH=21,DAY_OF_YEAR=80,DAY_OF_WEEK=4,DAY_OF_WEEK_IN_MONTH=3,AM_PM=1,HOUR=7,HOUR_OF_DAY=19,MINUTE=26,SECOND=20,MILLISECOND=11,ZONE_OFFSET=0,DST_OFFSET=0], message=null}
19:26:20.016 [main] DEBUG org.hibernate.SQL - insert into LogEntries (logCode, message, primaryUser, secondaryUser, time, id) values (?, ?, ?, ?, ?, ?)
Hibernate: insert into LogEntries (logCode, message, primaryUser, secondaryUser, time, id) values (?, ?, ?, ?, ?, ?)
19:26:20.018 [main] DEBUG o.h.e.j.internal.JdbcCoordinatorImpl - HHH000420: Closing un-released batch
19:26:20.019 [main] DEBUG o.h.e.t.internal.TransactionImpl - begin
19:26:20.020 [main] DEBUG org.hibernate.SQL - select next_val as id_val from hibernate_sequence for update
Hibernate: select next_val as id_val from hibernate_sequence for update
19:26:20.020 [main] DEBUG org.hibernate.SQL - update hibernate_sequence set next_val= ? where next_val=?
Hibernate: update hibernate_sequence set next_val= ? where next_val=?
19:26:20.023 [main] DEBUG o.h.e.i.AbstractSaveEventListener - Generated identifier: 317, using strategy: org.hibernate.id.enhanced.SequenceStyleGenerator
19:26:20.023 [main] DEBUG o.h.e.t.internal.TransactionImpl - committing
19:26:20.023 [main] DEBUG o.h.e.i.AbstractFlushingEventListener - Processing flush-time cascades
19:26:20.024 [main] DEBUG o.h.e.i.AbstractFlushingEventListener - Dirty checking collections
19:26:20.024 [main] DEBUG o.h.e.i.AbstractFlushingEventListener - Flushed: 1 insertions, 0 updates, 0 deletions to 1 objects
19:26:20.024 [main] DEBUG o.h.e.i.AbstractFlushingEventListener - Flushed: 0 (re)creations, 0 updates, 0 removals to 0 collections
19:26:20.024 [main] DEBUG o.h.internal.util.EntityPrinter - Listing entities:
19:26:20.025 [main] DEBUG o.h.internal.util.EntityPrinter - edu.ncsu.csc.itrust2.models.persistent.LogEntry{secondaryUser=null, logCode=5, primaryUser=logapitest, id=317, time=java.util.GregorianCalendar[time=1521660380019,areFieldsSet=true,areAllFieldsSet=true,lenient=true,zone=sun.util.calendar.ZoneInfo[id="Etc/UTC",offset=0,dstSavings=0,useDaylight=false,transitions=0,lastRule=null],firstDayOfWeek=1,minimalDaysInFirstWeek=1,ERA=1,YEAR=2018,MONTH=2,WEEK_OF_YEAR=12,WEEK_OF_MONTH=4,DAY_OF_MONTH=21,DAY_OF_YEAR=80,DAY_OF_WEEK=4,DAY_OF_WEEK_IN_MONTH=3,AM_PM=1,HOUR=7,HOUR_OF_DAY=19,MINUTE=26,SECOND=20,MILLISECOND=19,ZONE_OFFSET=0,DST_OFFSET=0], message=null}
19:26:20.025 [main] DEBUG org.hibernate.SQL - insert into LogEntries (logCode, message, primaryUser, secondaryUser, time, id) values (?, ?, ?, ?, ?, ?)
Hibernate: insert into LogEntries (logCode, message, primaryUser, secondaryUser, time, id) values (?, ?, ?, ?, ?, ?)
19:26:20.027 [main] DEBUG o.h.e.j.internal.JdbcCoordinatorImpl - HHH000420: Closing un-released batch
19:26:20.027 [main] DEBUG o.h.e.t.internal.TransactionImpl - begin
19:26:20.028 [main] DEBUG org.hibernate.SQL - select next_val as id_val from hibernate_sequence for update
Hibernate: select next_val as id_val from hibernate_sequence for update
19:26:20.028 [main] DEBUG org.hibernate.SQL - update hibernate_sequence set next_val= ? where next_val=?
Hibernate: update hibernate_sequence set next_val= ? where next_val=?
19:26:20.029 [main] DEBUG o.h.e.i.AbstractSaveEventListener - Generated identifier: 318, using strategy: org.hibernate.id.enhanced.SequenceStyleGenerator
19:26:20.029 [main] DEBUG o.h.e.t.internal.TransactionImpl - committing
19:26:20.029 [main] DEBUG o.h.e.i.AbstractFlushingEventListener - Processing flush-time cascades
19:26:20.030 [main] DEBUG o.h.e.i.AbstractFlushingEventListener - Dirty checking collections
19:26:20.030 [main] DEBUG o.h.e.i.AbstractFlushingEventListener - Flushed: 1 insertions, 0 updates, 0 deletions to 1 objects
19:26:20.030 [main] DEBUG o.h.e.i.AbstractFlushingEventListener - Flushed: 0 (re)creations, 0 updates, 0 removals to 0 collections
19:26:20.030 [main] DEBUG o.h.internal.util.EntityPrinter - Listing entities:
19:26:20.030 [main] DEBUG o.h.internal.util.EntityPrinter - edu.ncsu.csc.itrust2.models.persistent.LogEntry{secondaryUser=null, logCode=5, primaryUser=logapitest, id=318, time=java.util.GregorianCalendar[time=1521660380027,areFieldsSet=true,areAllFieldsSet=true,lenient=true,zone=sun.util.calendar.ZoneInfo[id="Etc/UTC",offset=0,dstSavings=0,useDaylight=false,transitions=0,lastRule=null],firstDayOfWeek=1,minimalDaysInFirstWeek=1,ERA=1,YEAR=2018,MONTH=2,WEEK_OF_YEAR=12,WEEK_OF_MONTH=4,DAY_OF_MONTH=21,DAY_OF_YEAR=80,DAY_OF_WEEK=4,DAY_OF_WEEK_IN_MONTH=3,AM_PM=1,HOUR=7,HOUR_OF_DAY=19,MINUTE=26,SECOND=20,MILLISECOND=27,ZONE_OFFSET=0,DST_OFFSET=0], message=null}
19:26:20.030 [main] DEBUG org.hibernate.SQL - insert into LogEntries (logCode, message, primaryUser, secondaryUser, time, id) values (?, ?, ?, ?, ?, ?)
Hibernate: insert into LogEntries (logCode, message, primaryUser, secondaryUser, time, id) values (?, ?, ?, ?, ?, ?)
19:26:20.033 [main] DEBUG o.h.e.j.internal.JdbcCoordinatorImpl - HHH000420: Closing un-released batch
19:26:20.033 [main] DEBUG o.h.e.t.internal.TransactionImpl - begin
19:26:20.034 [main] DEBUG org.hibernate.SQL - select next_val as id_val from hibernate_sequence for update
Hibernate: select next_val as id_val from hibernate_sequence for update
19:26:20.034 [main] DEBUG org.hibernate.SQL - update hibernate_sequence set next_val= ? where next_val=?
Hibernate: update hibernate_sequence set next_val= ? where next_val=?
19:26:20.035 [main] DEBUG o.h.e.i.AbstractSaveEventListener - Generated identifier: 319, using strategy: org.hibernate.id.enhanced.SequenceStyleGenerator
19:26:20.035 [main] DEBUG o.h.e.t.internal.TransactionImpl - committing
19:26:20.035 [main] DEBUG o.h.e.i.AbstractFlushingEventListener - Processing flush-time cascades
19:26:20.035 [main] DEBUG o.h.e.i.AbstractFlushingEventListener - Dirty checking collections
19:26:20.035 [main] DEBUG o.h.e.i.AbstractFlushingEventListener - Flushed: 1 insertions, 0 updates, 0 deletions to 1 objects
19:26:20.036 [main] DEBUG o.h.e.i.AbstractFlushingEventListener - Flushed: 0 (re)creations, 0 updates, 0 removals to 0 collections
19:26:20.036 [main] DEBUG o.h.internal.util.EntityPrinter - Listing entities:
19:26:20.036 [main] DEBUG o.h.internal.util.EntityPrinter - edu.ncsu.csc.itrust2.models.persistent.LogEntry{secondaryUser=null, logCode=5, primaryUser=logapitest, id=319, time=java.util.GregorianCalendar[time=1521660380033,areFieldsSet=true,areAllFieldsSet=true,lenient=true,zone=sun.util.calendar.ZoneInfo[id="Etc/UTC",offset=0,dstSavings=0,useDaylight=false,transitions=0,lastRule=null],firstDayOfWeek=1,minimalDaysInFirstWeek=1,ERA=1,YEAR=2018,MONTH=2,WEEK_OF_YEAR=12,WEEK_OF_MONTH=4,DAY_OF_MONTH=21,DAY_OF_YEAR=80,DAY_OF_WEEK=4,DAY_OF_WEEK_IN_MONTH=3,AM_PM=1,HOUR=7,HOUR_OF_DAY=19,MINUTE=26,SECOND=20,MILLISECOND=33,ZONE_OFFSET=0,DST_OFFSET=0], message=null}
19:26:20.036 [main] DEBUG org.hibernate.SQL - insert into LogEntries (logCode, message, primaryUser, secondaryUser, time, id) values (?, ?, ?, ?, ?, ?)
Hibernate: insert into LogEntries (logCode, message, primaryUser, secondaryUser, time, id) values (?, ?, ?, ?, ?, ?)
19:26:20.037 [main] DEBUG o.h.e.j.internal.JdbcCoordinatorImpl - HHH000420: Closing un-released batch
19:26:20.038 [main] DEBUG o.h.e.t.internal.TransactionImpl - begin
19:26:20.038 [main] DEBUG org.hibernate.SQL - select next_val as id_val from hibernate_sequence for update
Hibernate: select next_val as id_val from hibernate_sequence for update
19:26:20.039 [main] DEBUG org.hibernate.SQL - update hibernate_sequence set next_val= ? where next_val=?
Hibernate: update hibernate_sequence set next_val= ? where next_val=?
19:26:20.040 [main] DEBUG o.h.e.i.AbstractSaveEventListener - Generated identifier: 320, using strategy: org.hibernate.id.enhanced.SequenceStyleGenerator
19:26:20.041 [main] DEBUG o.h.e.t.internal.TransactionImpl - committing
19:26:20.041 [main] DEBUG o.h.e.i.AbstractFlushingEventListener - Processing flush-time cascades
19:26:20.041 [main] DEBUG o.h.e.i.AbstractFlushingEventListener - Dirty checking collections
19:26:20.041 [main] DEBUG o.h.e.i.AbstractFlushingEventListener - Flushed: 1 insertions, 0 updates, 0 deletions to 1 objects
19:26:20.041 [main] DEBUG o.h.e.i.AbstractFlushingEventListener - Flushed: 0 (re)creations, 0 updates, 0 removals to 0 collections
19:26:20.041 [main] DEBUG o.h.internal.util.EntityPrinter - Listing entities:
19:26:20.041 [main] DEBUG o.h.internal.util.EntityPrinter - edu.ncsu.csc.itrust2.models.persistent.LogEntry{secondaryUser=null, logCode=5, primaryUser=logapitest, id=320, time=java.util.GregorianCalendar[time=1521660380038,areFieldsSet=true,areAllFieldsSet=true,lenient=true,zone=sun.util.calendar.ZoneInfo[id="Etc/UTC",offset=0,dstSavings=0,useDaylight=false,transitions=0,lastRule=null],firstDayOfWeek=1,minimalDaysInFirstWeek=1,ERA=1,YEAR=2018,MONTH=2,WEEK_OF_YEAR=12,WEEK_OF_MONTH=4,DAY_OF_MONTH=21,DAY_OF_YEAR=80,DAY_OF_WEEK=4,DAY_OF_WEEK_IN_MONTH=3,AM_PM=1,HOUR=7,HOUR_OF_DAY=19,MINUTE=26,SECOND=20,MILLISECOND=38,ZONE_OFFSET=0,DST_OFFSET=0], message=null}
19:26:20.042 [main] DEBUG org.hibernate.SQL - insert into LogEntries (logCode, message, primaryUser, secondaryUser, time, id) values (?, ?, ?, ?, ?, ?)
Hibernate: insert into LogEntries (logCode, message, primaryUser, secondaryUser, time, id) values (?, ?, ?, ?, ?, ?)
19:26:20.043 [main] DEBUG o.h.e.j.internal.JdbcCoordinatorImpl - HHH000420: Closing un-released batch
19:26:20.043 [main] DEBUG o.h.e.t.internal.TransactionImpl - begin
19:26:20.044 [main] DEBUG org.hibernate.SQL - select next_val as id_val from hibernate_sequence for update
Hibernate: select next_val as id_val from hibernate_sequence for update
19:26:20.044 [main] DEBUG org.hibernate.SQL - update hibernate_sequence set next_val= ? where next_val=?
Hibernate: update hibernate_sequence set next_val= ? where next_val=?
19:26:20.045 [main] DEBUG o.h.e.i.AbstractSaveEventListener - Generated identifier: 321, using strategy: org.hibernate.id.enhanced.SequenceStyleGenerator
19:26:20.045 [main] DEBUG o.h.e.t.internal.TransactionImpl - committing
19:26:20.046 [main] DEBUG o.h.e.i.AbstractFlushingEventListener - Processing flush-time cascades
19:26:20.046 [main] DEBUG o.h.e.i.AbstractFlushingEventListener - Dirty checking collections
19:26:20.046 [main] DEBUG o.h.e.i.AbstractFlushingEventListener - Flushed: 1 insertions, 0 updates, 0 deletions to 1 objects
19:26:20.046 [main] DEBUG o.h.e.i.AbstractFlushingEventListener - Flushed: 0 (re)creations, 0 updates, 0 removals to 0 collections
19:26:20.046 [main] DEBUG o.h.internal.util.EntityPrinter - Listing entities:
19:26:20.046 [main] DEBUG o.h.internal.util.EntityPrinter - edu.ncsu.csc.itrust2.models.persistent.LogEntry{secondaryUser=null, logCode=5, primaryUser=logapitest, id=321, time=java.util.GregorianCalendar[time=1521660380043,areFieldsSet=true,areAllFieldsSet=true,lenient=true,zone=sun.util.calendar.ZoneInfo[id="Etc/UTC",offset=0,dstSavings=0,useDaylight=false,transitions=0,lastRule=null],firstDayOfWeek=1,minimalDaysInFirstWeek=1,ERA=1,YEAR=2018,MONTH=2,WEEK_OF_YEAR=12,WEEK_OF_MONTH=4,DAY_OF_MONTH=21,DAY_OF_YEAR=80,DAY_OF_WEEK=4,DAY_OF_WEEK_IN_MONTH=3,AM_PM=1,HOUR=7,HOUR_OF_DAY=19,MINUTE=26,SECOND=20,MILLISECOND=43,ZONE_OFFSET=0,DST_OFFSET=0], message=null}
19:26:20.046 [main] DEBUG org.hibernate.SQL - insert into LogEntries (logCode, message, primaryUser, secondaryUser, time, id) values (?, ?, ?, ?, ?, ?)
Hibernate: insert into LogEntries (logCode, message, primaryUser, secondaryUser, time, id) values (?, ?, ?, ?, ?, ?)
19:26:20.048 [main] DEBUG o.h.e.j.internal.JdbcCoordinatorImpl - HHH000420: Closing un-released batch
19:26:20.048 [main] DEBUG o.h.e.t.internal.TransactionImpl - begin
19:26:20.049 [main] DEBUG org.hibernate.SQL - select next_val as id_val from hibernate_sequence for update
Hibernate: select next_val as id_val from hibernate_sequence for update
19:26:20.050 [main] DEBUG org.hibernate.SQL - update hibernate_sequence set next_val= ? where next_val=?
Hibernate: update hibernate_sequence set next_val= ? where next_val=?
19:26:20.050 [main] DEBUG o.h.e.i.AbstractSaveEventListener - Generated identifier: 322, using strategy: org.hibernate.id.enhanced.SequenceStyleGenerator
19:26:20.051 [main] DEBUG o.h.e.t.internal.TransactionImpl - committing
19:26:20.051 [main] DEBUG o.h.e.i.AbstractFlushingEventListener - Processing flush-time cascades
19:26:20.051 [main] DEBUG o.h.e.i.AbstractFlushingEventListener - Dirty checking collections
19:26:20.051 [main] DEBUG o.h.e.i.AbstractFlushingEventListener - Flushed: 1 insertions, 0 updates, 0 deletions to 1 objects
19:26:20.051 [main] DEBUG o.h.e.i.AbstractFlushingEventListener - Flushed: 0 (re)creations, 0 updates, 0 removals to 0 collections
19:26:20.051 [main] DEBUG o.h.internal.util.EntityPrinter - Listing entities:
19:26:20.051 [main] DEBUG o.h.internal.util.EntityPrinter - edu.ncsu.csc.itrust2.models.persistent.LogEntry{secondaryUser=null, logCode=5, primaryUser=logapitest, id=322, time=java.util.GregorianCalendar[time=1521660380048,areFieldsSet=true,areAllFieldsSet=true,lenient=true,zone=sun.util.calendar.ZoneInfo[id="Etc/UTC",offset=0,dstSavings=0,useDaylight=false,transitions=0,lastRule=null],firstDayOfWeek=1,minimalDaysInFirstWeek=1,ERA=1,YEAR=2018,MONTH=2,WEEK_OF_YEAR=12,WEEK_OF_MONTH=4,DAY_OF_MONTH=21,DAY_OF_YEAR=80,DAY_OF_WEEK=4,DAY_OF_WEEK_IN_MONTH=3,AM_PM=1,HOUR=7,HOUR_OF_DAY=19,MINUTE=26,SECOND=20,MILLISECOND=48,ZONE_OFFSET=0,DST_OFFSET=0], message=null}
19:26:20.052 [main] DEBUG org.hibernate.SQL - insert into LogEntries (logCode, message, primaryUser, secondaryUser, time, id) values (?, ?, ?, ?, ?, ?)
Hibernate: insert into LogEntries (logCode, message, primaryUser, secondaryUser, time, id) values (?, ?, ?, ?, ?, ?)
19:26:20.053 [main] DEBUG o.h.e.j.internal.JdbcCoordinatorImpl - HHH000420: Closing un-released batch
19:26:20.053 [main] DEBUG o.h.e.t.internal.TransactionImpl - begin
19:26:20.054 [main] DEBUG org.hibernate.SQL - select next_val as id_val from hibernate_sequence for update
Hibernate: select next_val as id_val from hibernate_sequence for update
19:26:20.054 [main] DEBUG org.hibernate.SQL - update hibernate_sequence set next_val= ? where next_val=?
Hibernate: update hibernate_sequence set next_val= ? where next_val=?
19:26:20.055 [main] DEBUG o.h.e.i.AbstractSaveEventListener - Generated identifier: 323, using strategy: org.hibernate.id.enhanced.SequenceStyleGenerator
19:26:20.056 [main] DEBUG o.h.e.t.internal.TransactionImpl - committing
19:26:20.056 [main] DEBUG o.h.e.i.AbstractFlushingEventListener - Processing flush-time cascades
19:26:20.056 [main] DEBUG o.h.e.i.AbstractFlushingEventListener - Dirty checking collections
19:26:20.056 [main] DEBUG o.h.e.i.AbstractFlushingEventListener - Flushed: 1 insertions, 0 updates, 0 deletions to 1 objects
19:26:20.056 [main] DEBUG o.h.e.i.AbstractFlushingEventListener - Flushed: 0 (re)creations, 0 updates, 0 removals to 0 collections
19:26:20.056 [main] DEBUG o.h.internal.util.EntityPrinter - Listing entities:
19:26:20.056 [main] DEBUG o.h.internal.util.EntityPrinter - edu.ncsu.csc.itrust2.models.persistent.LogEntry{secondaryUser=null, logCode=5, primaryUser=logapitest, id=323, time=java.util.GregorianCalendar[time=1521660380053,areFieldsSet=true,areAllFieldsSet=true,lenient=true,zone=sun.util.calendar.ZoneInfo[id="Etc/UTC",offset=0,dstSavings=0,useDaylight=false,transitions=0,lastRule=null],firstDayOfWeek=1,minimalDaysInFirstWeek=1,ERA=1,YEAR=2018,MONTH=2,WEEK_OF_YEAR=12,WEEK_OF_MONTH=4,DAY_OF_MONTH=21,DAY_OF_YEAR=80,DAY_OF_WEEK=4,DAY_OF_WEEK_IN_MONTH=3,AM_PM=1,HOUR=7,HOUR_OF_DAY=19,MINUTE=26,SECOND=20,MILLISECOND=53,ZONE_OFFSET=0,DST_OFFSET=0], message=null}
19:26:20.057 [main] DEBUG org.hibernate.SQL - insert into LogEntries (logCode, message, primaryUser, secondaryUser, time, id) values (?, ?, ?, ?, ?, ?)
Hibernate: insert into LogEntries (logCode, message, primaryUser, secondaryUser, time, id) values (?, ?, ?, ?, ?, ?)
19:26:20.058 [main] DEBUG o.h.e.j.internal.JdbcCoordinatorImpl - HHH000420: Closing un-released batch
19:26:20.058 [main] DEBUG o.h.e.t.internal.TransactionImpl - begin
19:26:20.059 [main] DEBUG org.hibernate.SQL - select next_val as id_val from hibernate_sequence for update
Hibernate: select next_val as id_val from hibernate_sequence for update
19:26:20.059 [main] DEBUG org.hibernate.SQL - update hibernate_sequence set next_val= ? where next_val=?
Hibernate: update hibernate_sequence set next_val= ? where next_val=?
19:26:20.060 [main] DEBUG o.h.e.i.AbstractSaveEventListener - Generated identifier: 324, using strategy: org.hibernate.id.enhanced.SequenceStyleGenerator
19:26:20.060 [main] DEBUG o.h.e.t.internal.TransactionImpl - committing
19:26:20.060 [main] DEBUG o.h.e.i.AbstractFlushingEventListener - Processing flush-time cascades
19:26:20.060 [main] DEBUG o.h.e.i.AbstractFlushingEventListener - Dirty checking collections
19:26:20.061 [main] DEBUG o.h.e.i.AbstractFlushingEventListener - Flushed: 1 insertions, 0 updates, 0 deletions to 1 objects
19:26:20.061 [main] DEBUG o.h.e.i.AbstractFlushingEventListener - Flushed: 0 (re)creations, 0 updates, 0 removals to 0 collections
19:26:20.061 [main] DEBUG o.h.internal.util.EntityPrinter - Listing entities:
19:26:20.061 [main] DEBUG o.h.internal.util.EntityPrinter - edu.ncsu.csc.itrust2.models.persistent.LogEntry{secondaryUser=null, logCode=5, primaryUser=logapitest, id=324, time=java.util.GregorianCalendar[time=1521660380058,areFieldsSet=true,areAllFieldsSet=true,lenient=true,zone=sun.util.calendar.ZoneInfo[id="Etc/UTC",offset=0,dstSavings=0,useDaylight=false,transitions=0,lastRule=null],firstDayOfWeek=1,minimalDaysInFirstWeek=1,ERA=1,YEAR=2018,MONTH=2,WEEK_OF_YEAR=12,WEEK_OF_MONTH=4,DAY_OF_MONTH=21,DAY_OF_YEAR=80,DAY_OF_WEEK=4,DAY_OF_WEEK_IN_MONTH=3,AM_PM=1,HOUR=7,HOUR_OF_DAY=19,MINUTE=26,SECOND=20,MILLISECOND=58,ZONE_OFFSET=0,DST_OFFSET=0], message=null}
19:26:20.061 [main] DEBUG org.hibernate.SQL - insert into LogEntries (logCode, message, primaryUser, secondaryUser, time, id) values (?, ?, ?, ?, ?, ?)
Hibernate: insert into LogEntries (logCode, message, primaryUser, secondaryUser, time, id) values (?, ?, ?, ?, ?, ?)
19:26:20.065 [main] DEBUG o.h.e.j.internal.JdbcCoordinatorImpl - HHH000420: Closing un-released batch
19:26:20.065 [main] DEBUG o.h.e.t.internal.TransactionImpl - begin
19:26:20.066 [main] DEBUG org.hibernate.SQL - select next_val as id_val from hibernate_sequence for update
Hibernate: select next_val as id_val from hibernate_sequence for update
19:26:20.066 [main] DEBUG org.hibernate.SQL - update hibernate_sequence set next_val= ? where next_val=?
Hibernate: update hibernate_sequence set next_val= ? where next_val=?
19:26:20.067 [main] DEBUG o.h.e.i.AbstractSaveEventListener - Generated identifier: 325, using strategy: org.hibernate.id.enhanced.SequenceStyleGenerator
19:26:20.067 [main] DEBUG o.h.e.t.internal.TransactionImpl - committing
19:26:20.067 [main] DEBUG o.h.e.i.AbstractFlushingEventListener - Processing flush-time cascades
19:26:20.067 [main] DEBUG o.h.e.i.AbstractFlushingEventListener - Dirty checking collections
19:26:20.067 [main] DEBUG o.h.e.i.AbstractFlushingEventListener - Flushed: 1 insertions, 0 updates, 0 deletions to 1 objects
19:26:20.067 [main] DEBUG o.h.e.i.AbstractFlushingEventListener - Flushed: 0 (re)creations, 0 updates, 0 removals to 0 collections
19:26:20.067 [main] DEBUG o.h.internal.util.EntityPrinter - Listing entities:
19:26:20.068 [main] DEBUG o.h.internal.util.EntityPrinter - edu.ncsu.csc.itrust2.models.persistent.LogEntry{secondaryUser=null, logCode=5, primaryUser=logapitest, id=325, time=java.util.GregorianCalendar[time=1521660380065,areFieldsSet=true,areAllFieldsSet=true,lenient=true,zone=sun.util.calendar.ZoneInfo[id="Etc/UTC",offset=0,dstSavings=0,useDaylight=false,transitions=0,lastRule=null],firstDayOfWeek=1,minimalDaysInFirstWeek=1,ERA=1,YEAR=2018,MONTH=2,WEEK_OF_YEAR=12,WEEK_OF_MONTH=4,DAY_OF_MONTH=21,DAY_OF_YEAR=80,DAY_OF_WEEK=4,DAY_OF_WEEK_IN_MONTH=3,AM_PM=1,HOUR=7,HOUR_OF_DAY=19,MINUTE=26,SECOND=20,MILLISECOND=65,ZONE_OFFSET=0,DST_OFFSET=0], message=null}
19:26:20.068 [main] DEBUG org.hibernate.SQL - insert into LogEntries (logCode, message, primaryUser, secondaryUser, time, id) values (?, ?, ?, ?, ?, ?)
Hibernate: insert into LogEntries (logCode, message, primaryUser, secondaryUser, time, id) values (?, ?, ?, ?, ?, ?)
19:26:20.073 [main] DEBUG o.h.e.j.internal.JdbcCoordinatorImpl - HHH000420: Closing un-released batch
19:26:20.074 [main] DEBUG o.h.e.t.internal.TransactionImpl - begin
19:26:20.074 [main] DEBUG org.hibernate.SQL - select next_val as id_val from hibernate_sequence for update
Hibernate: select next_val as id_val from hibernate_sequence for update
19:26:20.075 [main] DEBUG org.hibernate.SQL - update hibernate_sequence set next_val= ? where next_val=?
Hibernate: update hibernate_sequence set next_val= ? where next_val=?
19:26:20.075 [main] DEBUG o.h.e.i.AbstractSaveEventListener - Generated identifier: 326, using strategy: org.hibernate.id.enhanced.SequenceStyleGenerator
19:26:20.076 [main] DEBUG o.h.e.t.internal.TransactionImpl - committing
19:26:20.076 [main] DEBUG o.h.e.i.AbstractFlushingEventListener - Processing flush-time cascades
19:26:20.076 [main] DEBUG o.h.e.i.AbstractFlushingEventListener - Dirty checking collections
19:26:20.076 [main] DEBUG o.h.e.i.AbstractFlushingEventListener - Flushed: 1 insertions, 0 updates, 0 deletions to 1 objects
19:26:20.076 [main] DEBUG o.h.e.i.AbstractFlushingEventListener - Flushed: 0 (re)creations, 0 updates, 0 removals to 0 collections
19:26:20.076 [main] DEBUG o.h.internal.util.EntityPrinter - Listing entities:
19:26:20.076 [main] DEBUG o.h.internal.util.EntityPrinter - edu.ncsu.csc.itrust2.models.persistent.LogEntry{secondaryUser=null, logCode=5, primaryUser=logapitest, id=326, time=java.util.GregorianCalendar[time=1521660380073,areFieldsSet=true,areAllFieldsSet=true,lenient=true,zone=sun.util.calendar.ZoneInfo[id="Etc/UTC",offset=0,dstSavings=0,useDaylight=false,transitions=0,lastRule=null],firstDayOfWeek=1,minimalDaysInFirstWeek=1,ERA=1,YEAR=2018,MONTH=2,WEEK_OF_YEAR=12,WEEK_OF_MONTH=4,DAY_OF_MONTH=21,DAY_OF_YEAR=80,DAY_OF_WEEK=4,DAY_OF_WEEK_IN_MONTH=3,AM_PM=1,HOUR=7,HOUR_OF_DAY=19,MINUTE=26,SECOND=20,MILLISECOND=73,ZONE_OFFSET=0,DST_OFFSET=0], message=null}
19:26:20.077 [main] DEBUG org.hibernate.SQL - insert into LogEntries (logCode, message, primaryUser, secondaryUser, time, id) values (?, ?, ?, ?, ?, ?)
Hibernate: insert into LogEntries (logCode, message, primaryUser, secondaryUser, time, id) values (?, ?, ?, ?, ?, ?)
19:26:20.078 [main] DEBUG o.h.e.j.internal.JdbcCoordinatorImpl - HHH000420: Closing un-released batch
19:26:20.078 [main] DEBUG o.h.e.t.internal.TransactionImpl - begin
19:26:20.079 [main] DEBUG org.hibernate.SQL - select next_val as id_val from hibernate_sequence for update
Hibernate: select next_val as id_val from hibernate_sequence for update
19:26:20.079 [main] DEBUG org.hibernate.SQL - update hibernate_sequence set next_val= ? where next_val=?
Hibernate: update hibernate_sequence set next_val= ? where next_val=?
19:26:20.080 [main] DEBUG o.h.e.i.AbstractSaveEventListener - Generated identifier: 327, using strategy: org.hibernate.id.enhanced.SequenceStyleGenerator
19:26:20.081 [main] DEBUG o.h.e.t.internal.TransactionImpl - committing
19:26:20.081 [main] DEBUG o.h.e.i.AbstractFlushingEventListener - Processing flush-time cascades
19:26:20.081 [main] DEBUG o.h.e.i.AbstractFlushingEventListener - Dirty checking collections
19:26:20.081 [main] DEBUG o.h.e.i.AbstractFlushingEventListener - Flushed: 1 insertions, 0 updates, 0 deletions to 1 objects
19:26:20.081 [main] DEBUG o.h.e.i.AbstractFlushingEventListener - Flushed: 0 (re)creations, 0 updates, 0 removals to 0 collections
19:26:20.081 [main] DEBUG o.h.internal.util.EntityPrinter - Listing entities:
19:26:20.081 [main] DEBUG o.h.internal.util.EntityPrinter - edu.ncsu.csc.itrust2.models.persistent.LogEntry{secondaryUser=null, logCode=5, primaryUser=logapitest, id=327, time=java.util.GregorianCalendar[time=1521660380078,areFieldsSet=true,areAllFieldsSet=true,lenient=true,zone=sun.util.calendar.ZoneInfo[id="Etc/UTC",offset=0,dstSavings=0,useDaylight=false,transitions=0,lastRule=null],firstDayOfWeek=1,minimalDaysInFirstWeek=1,ERA=1,YEAR=2018,MONTH=2,WEEK_OF_YEAR=12,WEEK_OF_MONTH=4,DAY_OF_MONTH=21,DAY_OF_YEAR=80,DAY_OF_WEEK=4,DAY_OF_WEEK_IN_MONTH=3,AM_PM=1,HOUR=7,HOUR_OF_DAY=19,MINUTE=26,SECOND=20,MILLISECOND=78,ZONE_OFFSET=0,DST_OFFSET=0], message=null}
19:26:20.082 [main] DEBUG org.hibernate.SQL - insert into LogEntries (logCode, message, primaryUser, secondaryUser, time, id) values (?, ?, ?, ?, ?, ?)
Hibernate: insert into LogEntries (logCode, message, primaryUser, secondaryUser, time, id) values (?, ?, ?, ?, ?, ?)
19:26:20.083 [main] DEBUG o.h.e.j.internal.JdbcCoordinatorImpl - HHH000420: Closing un-released batch
19:26:20.083 [main] DEBUG o.h.e.t.internal.TransactionImpl - begin
19:26:20.084 [main] DEBUG org.hibernate.SQL - select next_val as id_val from hibernate_sequence for update
Hibernate: select next_val as id_val from hibernate_sequence for update
19:26:20.085 [main] DEBUG org.hibernate.SQL - update hibernate_sequence set next_val= ? where next_val=?
Hibernate: update hibernate_sequence set next_val= ? where next_val=?
19:26:20.086 [main] DEBUG o.h.e.i.AbstractSaveEventListener - Generated identifier: 328, using strategy: org.hibernate.id.enhanced.SequenceStyleGenerator
19:26:20.087 [main] DEBUG o.h.e.t.internal.TransactionImpl - committing
19:26:20.087 [main] DEBUG o.h.e.i.AbstractFlushingEventListener - Processing flush-time cascades
19:26:20.087 [main] DEBUG o.h.e.i.AbstractFlushingEventListener - Dirty checking collections
19:26:20.087 [main] DEBUG o.h.e.i.AbstractFlushingEventListener - Flushed: 1 insertions, 0 updates, 0 deletions to 1 objects
19:26:20.087 [main] DEBUG o.h.e.i.AbstractFlushingEventListener - Flushed: 0 (re)creations, 0 updates, 0 removals to 0 collections
19:26:20.087 [main] DEBUG o.h.internal.util.EntityPrinter - Listing entities:
19:26:20.087 [main] DEBUG o.h.internal.util.EntityPrinter - edu.ncsu.csc.itrust2.models.persistent.LogEntry{secondaryUser=null, logCode=5, primaryUser=logapitest, id=328, time=java.util.GregorianCalendar[time=1521660380083,areFieldsSet=true,areAllFieldsSet=true,lenient=true,zone=sun.util.calendar.ZoneInfo[id="Etc/UTC",offset=0,dstSavings=0,useDaylight=false,transitions=0,lastRule=null],firstDayOfWeek=1,minimalDaysInFirstWeek=1,ERA=1,YEAR=2018,MONTH=2,WEEK_OF_YEAR=12,WEEK_OF_MONTH=4,DAY_OF_MONTH=21,DAY_OF_YEAR=80,DAY_OF_WEEK=4,DAY_OF_WEEK_IN_MONTH=3,AM_PM=1,HOUR=7,HOUR_OF_DAY=19,MINUTE=26,SECOND=20,MILLISECOND=83,ZONE_OFFSET=0,DST_OFFSET=0], message=null}
19:26:20.088 [main] DEBUG org.hibernate.SQL - insert into LogEntries (logCode, message, primaryUser, secondaryUser, time, id) values (?, ?, ?, ?, ?, ?)
Hibernate: insert into LogEntries (logCode, message, primaryUser, secondaryUser, time, id) values (?, ?, ?, ?, ?, ?)
19:26:20.089 [main] DEBUG o.h.e.j.internal.JdbcCoordinatorImpl - HHH000420: Closing un-released batch
19:26:20.089 [main] DEBUG o.h.e.t.internal.TransactionImpl - begin
19:26:20.090 [main] DEBUG org.hibernate.SQL - select next_val as id_val from hibernate_sequence for update
Hibernate: select next_val as id_val from hibernate_sequence for update
19:26:20.090 [main] DEBUG org.hibernate.SQL - update hibernate_sequence set next_val= ? where next_val=?
Hibernate: update hibernate_sequence set next_val= ? where next_val=?
19:26:20.091 [main] DEBUG o.h.e.i.AbstractSaveEventListener - Generated identifier: 329, using strategy: org.hibernate.id.enhanced.SequenceStyleGenerator
19:26:20.091 [main] DEBUG o.h.e.t.internal.TransactionImpl - committing
19:26:20.091 [main] DEBUG o.h.e.i.AbstractFlushingEventListener - Processing flush-time cascades
19:26:20.092 [main] DEBUG o.h.e.i.AbstractFlushingEventListener - Dirty checking collections
19:26:20.093 [main] DEBUG o.h.e.i.AbstractFlushingEventListener - Flushed: 1 insertions, 0 updates, 0 deletions to 1 objects
19:26:20.093 [main] DEBUG o.h.e.i.AbstractFlushingEventListener - Flushed: 0 (re)creations, 0 updates, 0 removals to 0 collections
19:26:20.093 [main] DEBUG o.h.internal.util.EntityPrinter - Listing entities:
19:26:20.093 [main] DEBUG o.h.internal.util.EntityPrinter - edu.ncsu.csc.itrust2.models.persistent.LogEntry{secondaryUser=null, logCode=5, primaryUser=logapitest, id=329, time=java.util.GregorianCalendar[time=1521660380089,areFieldsSet=true,areAllFieldsSet=true,lenient=true,zone=sun.util.calendar.ZoneInfo[id="Etc/UTC",offset=0,dstSavings=0,useDaylight=false,transitions=0,lastRule=null],firstDayOfWeek=1,minimalDaysInFirstWeek=1,ERA=1,YEAR=2018,MONTH=2,WEEK_OF_YEAR=12,WEEK_OF_MONTH=4,DAY_OF_MONTH=21,DAY_OF_YEAR=80,DAY_OF_WEEK=4,DAY_OF_WEEK_IN_MONTH=3,AM_PM=1,HOUR=7,HOUR_OF_DAY=19,MINUTE=26,SECOND=20,MILLISECOND=89,ZONE_OFFSET=0,DST_OFFSET=0], message=null}
19:26:20.093 [main] DEBUG org.hibernate.SQL - insert into LogEntries (logCode, message, primaryUser, secondaryUser, time, id) values (?, ?, ?, ?, ?, ?)
Hibernate: insert into LogEntries (logCode, message, primaryUser, secondaryUser, time, id) values (?, ?, ?, ?, ?, ?)
19:26:20.095 [main] DEBUG o.h.e.j.internal.JdbcCoordinatorImpl - HHH000420: Closing un-released batch
19:26:20.095 [main] DEBUG o.h.e.t.internal.TransactionImpl - begin
19:26:20.095 [main] DEBUG org.hibernate.SQL - select next_val as id_val from hibernate_sequence for update
Hibernate: select next_val as id_val from hibernate_sequence for update
19:26:20.096 [main] DEBUG org.hibernate.SQL - update hibernate_sequence set next_val= ? where next_val=?
Hibernate: update hibernate_sequence set next_val= ? where next_val=?
19:26:20.097 [main] DEBUG o.h.e.i.AbstractSaveEventListener - Generated identifier: 330, using strategy: org.hibernate.id.enhanced.SequenceStyleGenerator
19:26:20.097 [main] DEBUG o.h.e.t.internal.TransactionImpl - committing
19:26:20.097 [main] DEBUG o.h.e.i.AbstractFlushingEventListener - Processing flush-time cascades
19:26:20.097 [main] DEBUG o.h.e.i.AbstractFlushingEventListener - Dirty checking collections
19:26:20.097 [main] DEBUG o.h.e.i.AbstractFlushingEventListener - Flushed: 1 insertions, 0 updates, 0 deletions to 1 objects
19:26:20.097 [main] DEBUG o.h.e.i.AbstractFlushingEventListener - Flushed: 0 (re)creations, 0 updates, 0 removals to 0 collections
19:26:20.097 [main] DEBUG o.h.internal.util.EntityPrinter - Listing entities:
19:26:20.097 [main] DEBUG o.h.internal.util.EntityPrinter - edu.ncsu.csc.itrust2.models.persistent.LogEntry{secondaryUser=null, logCode=5, primaryUser=logapitest, id=330, time=java.util.GregorianCalendar[time=1521660380095,areFieldsSet=true,areAllFieldsSet=true,lenient=true,zone=sun.util.calendar.ZoneInfo[id="Etc/UTC",offset=0,dstSavings=0,useDaylight=false,transitions=0,lastRule=null],firstDayOfWeek=1,minimalDaysInFirstWeek=1,ERA=1,YEAR=2018,MONTH=2,WEEK_OF_YEAR=12,WEEK_OF_MONTH=4,DAY_OF_MONTH=21,DAY_OF_YEAR=80,DAY_OF_WEEK=4,DAY_OF_WEEK_IN_MONTH=3,AM_PM=1,HOUR=7,HOUR_OF_DAY=19,MINUTE=26,SECOND=20,MILLISECOND=95,ZONE_OFFSET=0,DST_OFFSET=0], message=null}
19:26:20.098 [main] DEBUG org.hibernate.SQL - insert into LogEntries (logCode, message, primaryUser, secondaryUser, time, id) values (?, ?, ?, ?, ?, ?)
Hibernate: insert into LogEntries (logCode, message, primaryUser, secondaryUser, time, id) values (?, ?, ?, ?, ?, ?)
19:26:20.100 [main] DEBUG o.h.e.j.internal.JdbcCoordinatorImpl - HHH000420: Closing un-released batch
19:26:20.101 [main] DEBUG o.h.e.t.internal.TransactionImpl - begin
19:26:20.101 [main] DEBUG org.hibernate.SQL - select next_val as id_val from hibernate_sequence for update
Hibernate: select next_val as id_val from hibernate_sequence for update
19:26:20.102 [main] DEBUG org.hibernate.SQL - update hibernate_sequence set next_val= ? where next_val=?
Hibernate: update hibernate_sequence set next_val= ? where next_val=?
19:26:20.102 [main] DEBUG o.h.e.i.AbstractSaveEventListener - Generated identifier: 331, using strategy: org.hibernate.id.enhanced.SequenceStyleGenerator
19:26:20.103 [main] DEBUG o.h.e.t.internal.TransactionImpl - committing
19:26:20.103 [main] DEBUG o.h.e.i.AbstractFlushingEventListener - Processing flush-time cascades
19:26:20.103 [main] DEBUG o.h.e.i.AbstractFlushingEventListener - Dirty checking collections
19:26:20.103 [main] DEBUG o.h.e.i.AbstractFlushingEventListener - Flushed: 1 insertions, 0 updates, 0 deletions to 1 objects
19:26:20.103 [main] DEBUG o.h.e.i.AbstractFlushingEventListener - Flushed: 0 (re)creations, 0 updates, 0 removals to 0 collections
19:26:20.103 [main] DEBUG o.h.internal.util.EntityPrinter - Listing entities:
19:26:20.103 [main] DEBUG o.h.internal.util.EntityPrinter - edu.ncsu.csc.itrust2.models.persistent.LogEntry{secondaryUser=null, logCode=5, primaryUser=logapitest, id=331, time=java.util.GregorianCalendar[time=1521660380101,areFieldsSet=true,areAllFieldsSet=true,lenient=true,zone=sun.util.calendar.ZoneInfo[id="Etc/UTC",offset=0,dstSavings=0,useDaylight=false,transitions=0,lastRule=null],firstDayOfWeek=1,minimalDaysInFirstWeek=1,ERA=1,YEAR=2018,MONTH=2,WEEK_OF_YEAR=12,WEEK_OF_MONTH=4,DAY_OF_MONTH=21,DAY_OF_YEAR=80,DAY_OF_WEEK=4,DAY_OF_WEEK_IN_MONTH=3,AM_PM=1,HOUR=7,HOUR_OF_DAY=19,MINUTE=26,SECOND=20,MILLISECOND=101,ZONE_OFFSET=0,DST_OFFSET=0], message=null}
19:26:20.104 [main] DEBUG org.hibernate.SQL - insert into LogEntries (logCode, message, primaryUser, secondaryUser, time, id) values (?, ?, ?, ?, ?, ?)
Hibernate: insert into LogEntries (logCode, message, primaryUser, secondaryUser, time, id) values (?, ?, ?, ?, ?, ?)
19:26:20.105 [main] DEBUG o.h.e.j.internal.JdbcCoordinatorImpl - HHH000420: Closing un-released batch
19:26:20.105 [main] DEBUG o.h.e.t.internal.TransactionImpl - begin
19:26:20.106 [main] DEBUG org.hibernate.SQL - select next_val as id_val from hibernate_sequence for update
Hibernate: select next_val as id_val from hibernate_sequence for update
19:26:20.106 [main] DEBUG org.hibernate.SQL - update hibernate_sequence set next_val= ? where next_val=?
Hibernate: update hibernate_sequence set next_val= ? where next_val=?
19:26:20.107 [main] DEBUG o.h.e.i.AbstractSaveEventListener - Generated identifier: 332, using strategy: org.hibernate.id.enhanced.SequenceStyleGenerator
19:26:20.107 [main] DEBUG o.h.e.t.internal.TransactionImpl - committing
19:26:20.108 [main] DEBUG o.h.e.i.AbstractFlushingEventListener - Processing flush-time cascades
19:26:20.108 [main] DEBUG o.h.e.i.AbstractFlushingEventListener - Dirty checking collections
19:26:20.108 [main] DEBUG o.h.e.i.AbstractFlushingEventListener - Flushed: 1 insertions, 0 updates, 0 deletions to 1 objects
19:26:20.108 [main] DEBUG o.h.e.i.AbstractFlushingEventListener - Flushed: 0 (re)creations, 0 updates, 0 removals to 0 collections
19:26:20.108 [main] DEBUG o.h.internal.util.EntityPrinter - Listing entities:
19:26:20.108 [main] DEBUG o.h.internal.util.EntityPrinter - edu.ncsu.csc.itrust2.models.persistent.LogEntry{secondaryUser=null, logCode=5, primaryUser=logapitest, id=332, time=java.util.GregorianCalendar[time=1521660380105,areFieldsSet=true,areAllFieldsSet=true,lenient=true,zone=sun.util.calendar.ZoneInfo[id="Etc/UTC",offset=0,dstSavings=0,useDaylight=false,transitions=0,lastRule=null],firstDayOfWeek=1,minimalDaysInFirstWeek=1,ERA=1,YEAR=2018,MONTH=2,WEEK_OF_YEAR=12,WEEK_OF_MONTH=4,DAY_OF_MONTH=21,DAY_OF_YEAR=80,DAY_OF_WEEK=4,DAY_OF_WEEK_IN_MONTH=3,AM_PM=1,HOUR=7,HOUR_OF_DAY=19,MINUTE=26,SECOND=20,MILLISECOND=105,ZONE_OFFSET=0,DST_OFFSET=0], message=null}
19:26:20.108 [main] DEBUG org.hibernate.SQL - insert into LogEntries (logCode, message, primaryUser, secondaryUser, time, id) values (?, ?, ?, ?, ?, ?)
Hibernate: insert into LogEntries (logCode, message, primaryUser, secondaryUser, time, id) values (?, ?, ?, ?, ?, ?)
19:26:20.110 [main] DEBUG o.h.e.j.internal.JdbcCoordinatorImpl - HHH000420: Closing un-released batch
19:26:20.110 [main] DEBUG o.h.e.t.internal.TransactionImpl - begin
19:26:20.111 [main] DEBUG org.hibernate.SQL - select next_val as id_val from hibernate_sequence for update
Hibernate: select next_val as id_val from hibernate_sequence for update
19:26:20.111 [main] DEBUG org.hibernate.SQL - update hibernate_sequence set next_val= ? where next_val=?
Hibernate: update hibernate_sequence set next_val= ? where next_val=?
19:26:20.117 [main] DEBUG o.h.e.i.AbstractSaveEventListener - Generated identifier: 333, using strategy: org.hibernate.id.enhanced.SequenceStyleGenerator
19:26:20.117 [main] DEBUG o.h.e.t.internal.TransactionImpl - committing
19:26:20.117 [main] DEBUG o.h.e.i.AbstractFlushingEventListener - Processing flush-time cascades
19:26:20.117 [main] DEBUG o.h.e.i.AbstractFlushingEventListener - Dirty checking collections
19:26:20.118 [main] DEBUG o.h.e.i.AbstractFlushingEventListener - Flushed: 1 insertions, 0 updates, 0 deletions to 1 objects
19:26:20.118 [main] DEBUG o.h.e.i.AbstractFlushingEventListener - Flushed: 0 (re)creations, 0 updates, 0 removals to 0 collections
19:26:20.118 [main] DEBUG o.h.internal.util.EntityPrinter - Listing entities:
19:26:20.118 [main] DEBUG o.h.internal.util.EntityPrinter - edu.ncsu.csc.itrust2.models.persistent.LogEntry{secondaryUser=null, logCode=5, primaryUser=logapitest, id=333, time=java.util.GregorianCalendar[time=1521660380110,areFieldsSet=true,areAllFieldsSet=true,lenient=true,zone=sun.util.calendar.ZoneInfo[id="Etc/UTC",offset=0,dstSavings=0,useDaylight=false,transitions=0,lastRule=null],firstDayOfWeek=1,minimalDaysInFirstWeek=1,ERA=1,YEAR=2018,MONTH=2,WEEK_OF_YEAR=12,WEEK_OF_MONTH=4,DAY_OF_MONTH=21,DAY_OF_YEAR=80,DAY_OF_WEEK=4,DAY_OF_WEEK_IN_MONTH=3,AM_PM=1,HOUR=7,HOUR_OF_DAY=19,MINUTE=26,SECOND=20,MILLISECOND=110,ZONE_OFFSET=0,DST_OFFSET=0], message=null}
19:26:20.118 [main] DEBUG org.hibernate.SQL - insert into LogEntries (logCode, message, primaryUser, secondaryUser, time, id) values (?, ?, ?, ?, ?, ?)
Hibernate: insert into LogEntries (logCode, message, primaryUser, secondaryUser, time, id) values (?, ?, ?, ?, ?, ?)
19:26:20.120 [main] DEBUG o.h.e.j.internal.JdbcCoordinatorImpl - HHH000420: Closing un-released batch
19:26:20.121 [main] DEBUG o.h.e.t.internal.TransactionImpl - begin
19:26:20.121 [main] DEBUG org.hibernate.SQL - select next_val as id_val from hibernate_sequence for update
Hibernate: select next_val as id_val from hibernate_sequence for update
19:26:20.122 [main] DEBUG org.hibernate.SQL - update hibernate_sequence set next_val= ? where next_val=?
Hibernate: update hibernate_sequence set next_val= ? where next_val=?
19:26:20.122 [main] DEBUG o.h.e.i.AbstractSaveEventListener - Generated identifier: 334, using strategy: org.hibernate.id.enhanced.SequenceStyleGenerator
19:26:20.123 [main] DEBUG o.h.e.t.internal.TransactionImpl - committing
19:26:20.123 [main] DEBUG o.h.e.i.AbstractFlushingEventListener - Processing flush-time cascades
19:26:20.123 [main] DEBUG o.h.e.i.AbstractFlushingEventListener - Dirty checking collections
19:26:20.123 [main] DEBUG o.h.e.i.AbstractFlushingEventListener - Flushed: 1 insertions, 0 updates, 0 deletions to 1 objects
19:26:20.123 [main] DEBUG o.h.e.i.AbstractFlushingEventListener - Flushed: 0 (re)creations, 0 updates, 0 removals to 0 collections
19:26:20.123 [main] DEBUG o.h.internal.util.EntityPrinter - Listing entities:
19:26:20.123 [main] DEBUG o.h.internal.util.EntityPrinter - edu.ncsu.csc.itrust2.models.persistent.LogEntry{secondaryUser=null, logCode=5, primaryUser=logapitest, id=334, time=java.util.GregorianCalendar[time=1521660380120,areFieldsSet=true,areAllFieldsSet=true,lenient=true,zone=sun.util.calendar.ZoneInfo[id="Etc/UTC",offset=0,dstSavings=0,useDaylight=false,transitions=0,lastRule=null],firstDayOfWeek=1,minimalDaysInFirstWeek=1,ERA=1,YEAR=2018,MONTH=2,WEEK_OF_YEAR=12,WEEK_OF_MONTH=4,DAY_OF_MONTH=21,DAY_OF_YEAR=80,DAY_OF_WEEK=4,DAY_OF_WEEK_IN_MONTH=3,AM_PM=1,HOUR=7,HOUR_OF_DAY=19,MINUTE=26,SECOND=20,MILLISECOND=120,ZONE_OFFSET=0,DST_OFFSET=0], message=null}
19:26:20.124 [main] DEBUG org.hibernate.SQL - insert into LogEntries (logCode, message, primaryUser, secondaryUser, time, id) values (?, ?, ?, ?, ?, ?)
Hibernate: insert into LogEntries (logCode, message, primaryUser, secondaryUser, time, id) values (?, ?, ?, ?, ?, ?)
19:26:20.125 [main] DEBUG o.h.e.j.internal.JdbcCoordinatorImpl - HHH000420: Closing un-released batch
19:26:20.125 [main] DEBUG o.h.e.t.internal.TransactionImpl - begin
19:26:20.126 [main] DEBUG org.hibernate.SQL - select next_val as id_val from hibernate_sequence for update
Hibernate: select next_val as id_val from hibernate_sequence for update
19:26:20.126 [main] DEBUG org.hibernate.SQL - update hibernate_sequence set next_val= ? where next_val=?
Hibernate: update hibernate_sequence set next_val= ? where next_val=?
19:26:20.128 [main] DEBUG o.h.e.i.AbstractSaveEventListener - Generated identifier: 335, using strategy: org.hibernate.id.enhanced.SequenceStyleGenerator
19:26:20.128 [main] DEBUG o.h.e.t.internal.TransactionImpl - committing
19:26:20.128 [main] DEBUG o.h.e.i.AbstractFlushingEventListener - Processing flush-time cascades
19:26:20.128 [main] DEBUG o.h.e.i.AbstractFlushingEventListener - Dirty checking collections
19:26:20.128 [main] DEBUG o.h.e.i.AbstractFlushingEventListener - Flushed: 1 insertions, 0 updates, 0 deletions to 1 objects
19:26:20.128 [main] DEBUG o.h.e.i.AbstractFlushingEventListener - Flushed: 0 (re)creations, 0 updates, 0 removals to 0 collections
19:26:20.128 [main] DEBUG o.h.internal.util.EntityPrinter - Listing entities:
19:26:20.128 [main] DEBUG o.h.internal.util.EntityPrinter - edu.ncsu.csc.itrust2.models.persistent.LogEntry{secondaryUser=null, logCode=5, primaryUser=logapitest, id=335, time=java.util.GregorianCalendar[time=1521660380125,areFieldsSet=true,areAllFieldsSet=true,lenient=true,zone=sun.util.calendar.ZoneInfo[id="Etc/UTC",offset=0,dstSavings=0,useDaylight=false,transitions=0,lastRule=null],firstDayOfWeek=1,minimalDaysInFirstWeek=1,ERA=1,YEAR=2018,MONTH=2,WEEK_OF_YEAR=12,WEEK_OF_MONTH=4,DAY_OF_MONTH=21,DAY_OF_YEAR=80,DAY_OF_WEEK=4,DAY_OF_WEEK_IN_MONTH=3,AM_PM=1,HOUR=7,HOUR_OF_DAY=19,MINUTE=26,SECOND=20,MILLISECOND=125,ZONE_OFFSET=0,DST_OFFSET=0], message=null}
19:26:20.129 [main] DEBUG org.hibernate.SQL - insert into LogEntries (logCode, message, primaryUser, secondaryUser, time, id) values (?, ?, ?, ?, ?, ?)
Hibernate: insert into LogEntries (logCode, message, primaryUser, secondaryUser, time, id) values (?, ?, ?, ?, ?, ?)
19:26:20.130 [main] DEBUG o.h.e.j.internal.JdbcCoordinatorImpl - HHH000420: Closing un-released batch
19:26:20.130 [main] DEBUG o.h.e.t.internal.TransactionImpl - begin
19:26:20.131 [main] DEBUG org.hibernate.SQL - select next_val as id_val from hibernate_sequence for update
Hibernate: select next_val as id_val from hibernate_sequence for update
19:26:20.131 [main] DEBUG org.hibernate.SQL - update hibernate_sequence set next_val= ? where next_val=?
Hibernate: update hibernate_sequence set next_val= ? where next_val=?
19:26:20.132 [main] DEBUG o.h.e.i.AbstractSaveEventListener - Generated identifier: 336, using strategy: org.hibernate.id.enhanced.SequenceStyleGenerator
19:26:20.133 [main] DEBUG o.h.e.t.internal.TransactionImpl - committing
19:26:20.133 [main] DEBUG o.h.e.i.AbstractFlushingEventListener - Processing flush-time cascades
19:26:20.133 [main] DEBUG o.h.e.i.AbstractFlushingEventListener - Dirty checking collections
19:26:20.133 [main] DEBUG o.h.e.i.AbstractFlushingEventListener - Flushed: 1 insertions, 0 updates, 0 deletions to 1 objects
19:26:20.133 [main] DEBUG o.h.e.i.AbstractFlushingEventListener - Flushed: 0 (re)creations, 0 updates, 0 removals to 0 collections
19:26:20.133 [main] DEBUG o.h.internal.util.EntityPrinter - Listing entities:
19:26:20.133 [main] DEBUG o.h.internal.util.EntityPrinter - edu.ncsu.csc.itrust2.models.persistent.LogEntry{secondaryUser=null, logCode=5, primaryUser=logapitest, id=336, time=java.util.GregorianCalendar[time=1521660380130,areFieldsSet=true,areAllFieldsSet=true,lenient=true,zone=sun.util.calendar.ZoneInfo[id="Etc/UTC",offset=0,dstSavings=0,useDaylight=false,transitions=0,lastRule=null],firstDayOfWeek=1,minimalDaysInFirstWeek=1,ERA=1,YEAR=2018,MONTH=2,WEEK_OF_YEAR=12,WEEK_OF_MONTH=4,DAY_OF_MONTH=21,DAY_OF_YEAR=80,DAY_OF_WEEK=4,DAY_OF_WEEK_IN_MONTH=3,AM_PM=1,HOUR=7,HOUR_OF_DAY=19,MINUTE=26,SECOND=20,MILLISECOND=130,ZONE_OFFSET=0,DST_OFFSET=0], message=null}
19:26:20.133 [main] DEBUG org.hibernate.SQL - insert into LogEntries (logCode, message, primaryUser, secondaryUser, time, id) values (?, ?, ?, ?, ?, ?)
Hibernate: insert into LogEntries (logCode, message, primaryUser, secondaryUser, time, id) values (?, ?, ?, ?, ?, ?)
19:26:20.134 [main] DEBUG o.h.e.j.internal.JdbcCoordinatorImpl - HHH000420: Closing un-released batch
19:26:20.135 [main] DEBUG o.h.e.t.internal.TransactionImpl - begin
19:26:20.135 [main] DEBUG org.hibernate.SQL - select next_val as id_val from hibernate_sequence for update
Hibernate: select next_val as id_val from hibernate_sequence for update
19:26:20.136 [main] DEBUG org.hibernate.SQL - update hibernate_sequence set next_val= ? where next_val=?
Hibernate: update hibernate_sequence set next_val= ? where next_val=?
19:26:20.137 [main] DEBUG o.h.e.i.AbstractSaveEventListener - Generated identifier: 337, using strategy: org.hibernate.id.enhanced.SequenceStyleGenerator
19:26:20.137 [main] DEBUG o.h.e.t.internal.TransactionImpl - committing
19:26:20.137 [main] DEBUG o.h.e.i.AbstractFlushingEventListener - Processing flush-time cascades
19:26:20.137 [main] DEBUG o.h.e.i.AbstractFlushingEventListener - Dirty checking collections
19:26:20.137 [main] DEBUG o.h.e.i.AbstractFlushingEventListener - Flushed: 1 insertions, 0 updates, 0 deletions to 1 objects
19:26:20.137 [main] DEBUG o.h.e.i.AbstractFlushingEventListener - Flushed: 0 (re)creations, 0 updates, 0 removals to 0 collections
19:26:20.137 [main] DEBUG o.h.internal.util.EntityPrinter - Listing entities:
19:26:20.137 [main] DEBUG o.h.internal.util.EntityPrinter - edu.ncsu.csc.itrust2.models.persistent.LogEntry{secondaryUser=null, logCode=5, primaryUser=logapitest, id=337, time=java.util.GregorianCalendar[time=1521660380135,areFieldsSet=true,areAllFieldsSet=true,lenient=true,zone=sun.util.calendar.ZoneInfo[id="Etc/UTC",offset=0,dstSavings=0,useDaylight=false,transitions=0,lastRule=null],firstDayOfWeek=1,minimalDaysInFirstWeek=1,ERA=1,YEAR=2018,MONTH=2,WEEK_OF_YEAR=12,WEEK_OF_MONTH=4,DAY_OF_MONTH=21,DAY_OF_YEAR=80,DAY_OF_WEEK=4,DAY_OF_WEEK_IN_MONTH=3,AM_PM=1,HOUR=7,HOUR_OF_DAY=19,MINUTE=26,SECOND=20,MILLISECOND=135,ZONE_OFFSET=0,DST_OFFSET=0], message=null}
19:26:20.138 [main] DEBUG org.hibernate.SQL - insert into LogEntries (logCode, message, primaryUser, secondaryUser, time, id) values (?, ?, ?, ?, ?, ?)
Hibernate: insert into LogEntries (logCode, message, primaryUser, secondaryUser, time, id) values (?, ?, ?, ?, ?, ?)
19:26:20.141 [main] DEBUG o.h.e.j.internal.JdbcCoordinatorImpl - HHH000420: Closing un-released batch
19:26:20.141 [main] DEBUG o.h.e.t.internal.TransactionImpl - begin
19:26:20.145 [main] DEBUG org.hibernate.SQL - select next_val as id_val from hibernate_sequence for update
Hibernate: select next_val as id_val from hibernate_sequence for update
19:26:20.145 [main] DEBUG org.hibernate.SQL - update hibernate_sequence set next_val= ? where next_val=?
Hibernate: update hibernate_sequence set next_val= ? where next_val=?
19:26:20.146 [main] DEBUG o.h.e.i.AbstractSaveEventListener - Generated identifier: 338, using strategy: org.hibernate.id.enhanced.SequenceStyleGenerator
19:26:20.146 [main] DEBUG o.h.e.t.internal.TransactionImpl - committing
19:26:20.147 [main] DEBUG o.h.e.i.AbstractFlushingEventListener - Processing flush-time cascades
19:26:20.147 [main] DEBUG o.h.e.i.AbstractFlushingEventListener - Dirty checking collections
19:26:20.147 [main] DEBUG o.h.e.i.AbstractFlushingEventListener - Flushed: 1 insertions, 0 updates, 0 deletions to 1 objects
19:26:20.147 [main] DEBUG o.h.e.i.AbstractFlushingEventListener - Flushed: 0 (re)creations, 0 updates, 0 removals to 0 collections
19:26:20.147 [main] DEBUG o.h.internal.util.EntityPrinter - Listing entities:
19:26:20.147 [main] DEBUG o.h.internal.util.EntityPrinter - edu.ncsu.csc.itrust2.models.persistent.LogEntry{secondaryUser=null, logCode=5, primaryUser=logapitest, id=338, time=java.util.GregorianCalendar[time=1521660380141,areFieldsSet=true,areAllFieldsSet=true,lenient=true,zone=sun.util.calendar.ZoneInfo[id="Etc/UTC",offset=0,dstSavings=0,useDaylight=false,transitions=0,lastRule=null],firstDayOfWeek=1,minimalDaysInFirstWeek=1,ERA=1,YEAR=2018,MONTH=2,WEEK_OF_YEAR=12,WEEK_OF_MONTH=4,DAY_OF_MONTH=21,DAY_OF_YEAR=80,DAY_OF_WEEK=4,DAY_OF_WEEK_IN_MONTH=3,AM_PM=1,HOUR=7,HOUR_OF_DAY=19,MINUTE=26,SECOND=20,MILLISECOND=141,ZONE_OFFSET=0,DST_OFFSET=0], message=null}
19:26:20.148 [main] DEBUG org.hibernate.SQL - insert into LogEntries (logCode, message, primaryUser, secondaryUser, time, id) values (?, ?, ?, ?, ?, ?)
Hibernate: insert into LogEntries (logCode, message, primaryUser, secondaryUser, time, id) values (?, ?, ?, ?, ?, ?)
19:26:20.150 [main] DEBUG o.h.e.j.internal.JdbcCoordinatorImpl - HHH000420: Closing un-released batch
19:26:20.151 [main] DEBUG o.h.e.t.internal.TransactionImpl - begin
19:26:20.151 [main] DEBUG org.hibernate.SQL - select next_val as id_val from hibernate_sequence for update
Hibernate: select next_val as id_val from hibernate_sequence for update
19:26:20.152 [main] DEBUG org.hibernate.SQL - update hibernate_sequence set next_val= ? where next_val=?
Hibernate: update hibernate_sequence set next_val= ? where next_val=?
19:26:20.153 [main] DEBUG o.h.e.i.AbstractSaveEventListener - Generated identifier: 339, using strategy: org.hibernate.id.enhanced.SequenceStyleGenerator
19:26:20.153 [main] DEBUG o.h.e.t.internal.TransactionImpl - committing
19:26:20.153 [main] DEBUG o.h.e.i.AbstractFlushingEventListener - Processing flush-time cascades
19:26:20.153 [main] DEBUG o.h.e.i.AbstractFlushingEventListener - Dirty checking collections
19:26:20.153 [main] DEBUG o.h.e.i.AbstractFlushingEventListener - Flushed: 1 insertions, 0 updates, 0 deletions to 1 objects
19:26:20.153 [main] DEBUG o.h.e.i.AbstractFlushingEventListener - Flushed: 0 (re)creations, 0 updates, 0 removals to 0 collections
19:26:20.154 [main] DEBUG o.h.internal.util.EntityPrinter - Listing entities:
19:26:20.154 [main] DEBUG o.h.internal.util.EntityPrinter - edu.ncsu.csc.itrust2.models.persistent.LogEntry{secondaryUser=null, logCode=5, primaryUser=logapitest, id=339, time=java.util.GregorianCalendar[time=1521660380151,areFieldsSet=true,areAllFieldsSet=true,lenient=true,zone=sun.util.calendar.ZoneInfo[id="Etc/UTC",offset=0,dstSavings=0,useDaylight=false,transitions=0,lastRule=null],firstDayOfWeek=1,minimalDaysInFirstWeek=1,ERA=1,YEAR=2018,MONTH=2,WEEK_OF_YEAR=12,WEEK_OF_MONTH=4,DAY_OF_MONTH=21,DAY_OF_YEAR=80,DAY_OF_WEEK=4,DAY_OF_WEEK_IN_MONTH=3,AM_PM=1,HOUR=7,HOUR_OF_DAY=19,MINUTE=26,SECOND=20,MILLISECOND=151,ZONE_OFFSET=0,DST_OFFSET=0], message=null}
19:26:20.154 [main] DEBUG org.hibernate.SQL - insert into LogEntries (logCode, message, primaryUser, secondaryUser, time, id) values (?, ?, ?, ?, ?, ?)
Hibernate: insert into LogEntries (logCode, message, primaryUser, secondaryUser, time, id) values (?, ?, ?, ?, ?, ?)
19:26:20.155 [main] DEBUG o.h.e.j.internal.JdbcCoordinatorImpl - HHH000420: Closing un-released batch
19:26:20.156 [main] DEBUG o.h.e.t.internal.TransactionImpl - begin
19:26:20.156 [main] DEBUG org.hibernate.SQL - select next_val as id_val from hibernate_sequence for update
Hibernate: select next_val as id_val from hibernate_sequence for update
19:26:20.157 [main] DEBUG org.hibernate.SQL - update hibernate_sequence set next_val= ? where next_val=?
Hibernate: update hibernate_sequence set next_val= ? where next_val=?
19:26:20.157 [main] DEBUG o.h.e.i.AbstractSaveEventListener - Generated identifier: 340, using strategy: org.hibernate.id.enhanced.SequenceStyleGenerator
19:26:20.158 [main] DEBUG o.h.e.t.internal.TransactionImpl - committing
19:26:20.158 [main] DEBUG o.h.e.i.AbstractFlushingEventListener - Processing flush-time cascades
19:26:20.158 [main] DEBUG o.h.e.i.AbstractFlushingEventListener - Dirty checking collections
19:26:20.159 [main] DEBUG o.h.e.i.AbstractFlushingEventListener - Flushed: 1 insertions, 0 updates, 0 deletions to 1 objects
19:26:20.159 [main] DEBUG o.h.e.i.AbstractFlushingEventListener - Flushed: 0 (re)creations, 0 updates, 0 removals to 0 collections
19:26:20.159 [main] DEBUG o.h.internal.util.EntityPrinter - Listing entities:
19:26:20.159 [main] DEBUG o.h.internal.util.EntityPrinter - edu.ncsu.csc.itrust2.models.persistent.LogEntry{secondaryUser=null, logCode=5, primaryUser=logapitest, id=340, time=java.util.GregorianCalendar[time=1521660380156,areFieldsSet=true,areAllFieldsSet=true,lenient=true,zone=sun.util.calendar.ZoneInfo[id="Etc/UTC",offset=0,dstSavings=0,useDaylight=false,transitions=0,lastRule=null],firstDayOfWeek=1,minimalDaysInFirstWeek=1,ERA=1,YEAR=2018,MONTH=2,WEEK_OF_YEAR=12,WEEK_OF_MONTH=4,DAY_OF_MONTH=21,DAY_OF_YEAR=80,DAY_OF_WEEK=4,DAY_OF_WEEK_IN_MONTH=3,AM_PM=1,HOUR=7,HOUR_OF_DAY=19,MINUTE=26,SECOND=20,MILLISECOND=156,ZONE_OFFSET=0,DST_OFFSET=0], message=null}
19:26:20.159 [main] DEBUG org.hibernate.SQL - insert into LogEntries (logCode, message, primaryUser, secondaryUser, time, id) values (?, ?, ?, ?, ?, ?)
Hibernate: insert into LogEntries (logCode, message, primaryUser, secondaryUser, time, id) values (?, ?, ?, ?, ?, ?)
19:26:20.161 [main] DEBUG o.h.e.j.internal.JdbcCoordinatorImpl - HHH000420: Closing un-released batch
19:26:20.161 [main] DEBUG o.h.e.t.internal.TransactionImpl - begin
19:26:20.162 [main] DEBUG org.hibernate.SQL - select next_val as id_val from hibernate_sequence for update
Hibernate: select next_val as id_val from hibernate_sequence for update
19:26:20.162 [main] DEBUG org.hibernate.SQL - update hibernate_sequence set next_val= ? where next_val=?
Hibernate: update hibernate_sequence set next_val= ? where next_val=?
19:26:20.163 [main] DEBUG o.h.e.i.AbstractSaveEventListener - Generated identifier: 341, using strategy: org.hibernate.id.enhanced.SequenceStyleGenerator
19:26:20.163 [main] DEBUG o.h.e.t.internal.TransactionImpl - committing
19:26:20.163 [main] DEBUG o.h.e.i.AbstractFlushingEventListener - Processing flush-time cascades
19:26:20.163 [main] DEBUG o.h.e.i.AbstractFlushingEventListener - Dirty checking collections
19:26:20.164 [main] DEBUG o.h.e.i.AbstractFlushingEventListener - Flushed: 1 insertions, 0 updates, 0 deletions to 1 objects
19:26:20.164 [main] DEBUG o.h.e.i.AbstractFlushingEventListener - Flushed: 0 (re)creations, 0 updates, 0 removals to 0 collections
19:26:20.164 [main] DEBUG o.h.internal.util.EntityPrinter - Listing entities:
19:26:20.164 [main] DEBUG o.h.internal.util.EntityPrinter - edu.ncsu.csc.itrust2.models.persistent.LogEntry{secondaryUser=null, logCode=5, primaryUser=logapitest, id=341, time=java.util.GregorianCalendar[time=1521660380161,areFieldsSet=true,areAllFieldsSet=true,lenient=true,zone=sun.util.calendar.ZoneInfo[id="Etc/UTC",offset=0,dstSavings=0,useDaylight=false,transitions=0,lastRule=null],firstDayOfWeek=1,minimalDaysInFirstWeek=1,ERA=1,YEAR=2018,MONTH=2,WEEK_OF_YEAR=12,WEEK_OF_MONTH=4,DAY_OF_MONTH=21,DAY_OF_YEAR=80,DAY_OF_WEEK=4,DAY_OF_WEEK_IN_MONTH=3,AM_PM=1,HOUR=7,HOUR_OF_DAY=19,MINUTE=26,SECOND=20,MILLISECOND=161,ZONE_OFFSET=0,DST_OFFSET=0], message=null}
19:26:20.164 [main] DEBUG org.hibernate.SQL - insert into LogEntries (logCode, message, primaryUser, secondaryUser, time, id) values (?, ?, ?, ?, ?, ?)
Hibernate: insert into LogEntries (logCode, message, primaryUser, secondaryUser, time, id) values (?, ?, ?, ?, ?, ?)
19:26:20.166 [main] DEBUG o.h.e.j.internal.JdbcCoordinatorImpl - HHH000420: Closing un-released batch
19:26:20.166 [main] DEBUG o.h.e.t.internal.TransactionImpl - begin
19:26:20.166 [main] DEBUG org.hibernate.SQL - select next_val as id_val from hibernate_sequence for update
Hibernate: select next_val as id_val from hibernate_sequence for update
19:26:20.167 [main] DEBUG org.hibernate.SQL - update hibernate_sequence set next_val= ? where next_val=?
Hibernate: update hibernate_sequence set next_val= ? where next_val=?
19:26:20.168 [main] DEBUG o.h.e.i.AbstractSaveEventListener - Generated identifier: 342, using strategy: org.hibernate.id.enhanced.SequenceStyleGenerator
19:26:20.168 [main] DEBUG o.h.e.t.internal.TransactionImpl - committing
19:26:20.168 [main] DEBUG o.h.e.i.AbstractFlushingEventListener - Processing flush-time cascades
19:26:20.168 [main] DEBUG o.h.e.i.AbstractFlushingEventListener - Dirty checking collections
19:26:20.168 [main] DEBUG o.h.e.i.AbstractFlushingEventListener - Flushed: 1 insertions, 0 updates, 0 deletions to 1 objects
19:26:20.168 [main] DEBUG o.h.e.i.AbstractFlushingEventListener - Flushed: 0 (re)creations, 0 updates, 0 removals to 0 collections
19:26:20.168 [main] DEBUG o.h.internal.util.EntityPrinter - Listing entities:
19:26:20.169 [main] DEBUG o.h.internal.util.EntityPrinter - edu.ncsu.csc.itrust2.models.persistent.LogEntry{secondaryUser=null, logCode=5, primaryUser=logapitest, id=342, time=java.util.GregorianCalendar[time=1521660380166,areFieldsSet=true,areAllFieldsSet=true,lenient=true,zone=sun.util.calendar.ZoneInfo[id="Etc/UTC",offset=0,dstSavings=0,useDaylight=false,transitions=0,lastRule=null],firstDayOfWeek=1,minimalDaysInFirstWeek=1,ERA=1,YEAR=2018,MONTH=2,WEEK_OF_YEAR=12,WEEK_OF_MONTH=4,DAY_OF_MONTH=21,DAY_OF_YEAR=80,DAY_OF_WEEK=4,DAY_OF_WEEK_IN_MONTH=3,AM_PM=1,HOUR=7,HOUR_OF_DAY=19,MINUTE=26,SECOND=20,MILLISECOND=166,ZONE_OFFSET=0,DST_OFFSET=0], message=null}
19:26:20.170 [main] DEBUG org.hibernate.SQL - insert into LogEntries (logCode, message, primaryUser, secondaryUser, time, id) values (?, ?, ?, ?, ?, ?)
Hibernate: insert into LogEntries (logCode, message, primaryUser, secondaryUser, time, id) values (?, ?, ?, ?, ?, ?)
19:26:20.172 [main] DEBUG o.h.e.j.internal.JdbcCoordinatorImpl - HHH000420: Closing un-released batch
19:26:20.172 [main] DEBUG o.h.e.t.internal.TransactionImpl - begin
19:26:20.172 [main] DEBUG org.hibernate.SQL - select next_val as id_val from hibernate_sequence for update
Hibernate: select next_val as id_val from hibernate_sequence for update
19:26:20.173 [main] DEBUG org.hibernate.SQL - update hibernate_sequence set next_val= ? where next_val=?
Hibernate: update hibernate_sequence set next_val= ? where next_val=?
19:26:20.174 [main] DEBUG o.h.e.i.AbstractSaveEventListener - Generated identifier: 343, using strategy: org.hibernate.id.enhanced.SequenceStyleGenerator
19:26:20.174 [main] DEBUG o.h.e.t.internal.TransactionImpl - committing
19:26:20.174 [main] DEBUG o.h.e.i.AbstractFlushingEventListener - Processing flush-time cascades
19:26:20.174 [main] DEBUG o.h.e.i.AbstractFlushingEventListener - Dirty checking collections
19:26:20.174 [main] DEBUG o.h.e.i.AbstractFlushingEventListener - Flushed: 1 insertions, 0 updates, 0 deletions to 1 objects
19:26:20.174 [main] DEBUG o.h.e.i.AbstractFlushingEventListener - Flushed: 0 (re)creations, 0 updates, 0 removals to 0 collections
19:26:20.174 [main] DEBUG o.h.internal.util.EntityPrinter - Listing entities:
19:26:20.175 [main] DEBUG o.h.internal.util.EntityPrinter - edu.ncsu.csc.itrust2.models.persistent.LogEntry{secondaryUser=null, logCode=5, primaryUser=logapitest, id=343, time=java.util.GregorianCalendar[time=1521660380172,areFieldsSet=true,areAllFieldsSet=true,lenient=true,zone=sun.util.calendar.ZoneInfo[id="Etc/UTC",offset=0,dstSavings=0,useDaylight=false,transitions=0,lastRule=null],firstDayOfWeek=1,minimalDaysInFirstWeek=1,ERA=1,YEAR=2018,MONTH=2,WEEK_OF_YEAR=12,WEEK_OF_MONTH=4,DAY_OF_MONTH=21,DAY_OF_YEAR=80,DAY_OF_WEEK=4,DAY_OF_WEEK_IN_MONTH=3,AM_PM=1,HOUR=7,HOUR_OF_DAY=19,MINUTE=26,SECOND=20,MILLISECOND=172,ZONE_OFFSET=0,DST_OFFSET=0], message=null}
19:26:20.175 [main] DEBUG org.hibernate.SQL - insert into LogEntries (logCode, message, primaryUser, secondaryUser, time, id) values (?, ?, ?, ?, ?, ?)
Hibernate: insert into LogEntries (logCode, message, primaryUser, secondaryUser, time, id) values (?, ?, ?, ?, ?, ?)
19:26:20.176 [main] DEBUG o.h.e.j.internal.JdbcCoordinatorImpl - HHH000420: Closing un-released batch
19:26:20.177 [main] DEBUG o.h.e.t.internal.TransactionImpl - begin
19:26:20.179 [main] DEBUG org.hibernate.SQL - select next_val as id_val from hibernate_sequence for update
Hibernate: select next_val as id_val from hibernate_sequence for update
19:26:20.180 [main] DEBUG org.hibernate.SQL - update hibernate_sequence set next_val= ? where next_val=?
Hibernate: update hibernate_sequence set next_val= ? where next_val=?
19:26:20.181 [main] DEBUG o.h.e.i.AbstractSaveEventListener - Generated identifier: 344, using strategy: org.hibernate.id.enhanced.SequenceStyleGenerator
19:26:20.181 [main] DEBUG o.h.e.t.internal.TransactionImpl - committing
19:26:20.181 [main] DEBUG o.h.e.i.AbstractFlushingEventListener - Processing flush-time cascades
19:26:20.181 [main] DEBUG o.h.e.i.AbstractFlushingEventListener - Dirty checking collections
19:26:20.181 [main] DEBUG o.h.e.i.AbstractFlushingEventListener - Flushed: 1 insertions, 0 updates, 0 deletions to 1 objects
19:26:20.181 [main] DEBUG o.h.e.i.AbstractFlushingEventListener - Flushed: 0 (re)creations, 0 updates, 0 removals to 0 collections
19:26:20.181 [main] DEBUG o.h.internal.util.EntityPrinter - Listing entities:
19:26:20.181 [main] DEBUG o.h.internal.util.EntityPrinter - edu.ncsu.csc.itrust2.models.persistent.LogEntry{secondaryUser=null, logCode=5, primaryUser=logapitest, id=344, time=java.util.GregorianCalendar[time=1521660380177,areFieldsSet=true,areAllFieldsSet=true,lenient=true,zone=sun.util.calendar.ZoneInfo[id="Etc/UTC",offset=0,dstSavings=0,useDaylight=false,transitions=0,lastRule=null],firstDayOfWeek=1,minimalDaysInFirstWeek=1,ERA=1,YEAR=2018,MONTH=2,WEEK_OF_YEAR=12,WEEK_OF_MONTH=4,DAY_OF_MONTH=21,DAY_OF_YEAR=80,DAY_OF_WEEK=4,DAY_OF_WEEK_IN_MONTH=3,AM_PM=1,HOUR=7,HOUR_OF_DAY=19,MINUTE=26,SECOND=20,MILLISECOND=177,ZONE_OFFSET=0,DST_OFFSET=0], message=null}
19:26:20.182 [main] DEBUG org.hibernate.SQL - insert into LogEntries (logCode, message, primaryUser, secondaryUser, time, id) values (?, ?, ?, ?, ?, ?)
Hibernate: insert into LogEntries (logCode, message, primaryUser, secondaryUser, time, id) values (?, ?, ?, ?, ?, ?)
19:26:20.183 [main] DEBUG o.h.e.j.internal.JdbcCoordinatorImpl - HHH000420: Closing un-released batch
19:26:20.184 [main] DEBUG o.h.e.t.internal.TransactionImpl - begin
19:26:20.185 [main] DEBUG org.hibernate.SQL - select next_val as id_val from hibernate_sequence for update
Hibernate: select next_val as id_val from hibernate_sequence for update
19:26:20.185 [main] DEBUG org.hibernate.SQL - update hibernate_sequence set next_val= ? where next_val=?
Hibernate: update hibernate_sequence set next_val= ? where next_val=?
19:26:20.187 [main] DEBUG o.h.e.i.AbstractSaveEventListener - Generated identifier: 345, using strategy: org.hibernate.id.enhanced.SequenceStyleGenerator
19:26:20.187 [main] DEBUG o.h.e.t.internal.TransactionImpl - committing
19:26:20.187 [main] DEBUG o.h.e.i.AbstractFlushingEventListener - Processing flush-time cascades
19:26:20.187 [main] DEBUG o.h.e.i.AbstractFlushingEventListener - Dirty checking collections
19:26:20.187 [main] DEBUG o.h.e.i.AbstractFlushingEventListener - Flushed: 1 insertions, 0 updates, 0 deletions to 1 objects
19:26:20.187 [main] DEBUG o.h.e.i.AbstractFlushingEventListener - Flushed: 0 (re)creations, 0 updates, 0 removals to 0 collections
19:26:20.187 [main] DEBUG o.h.internal.util.EntityPrinter - Listing entities:
19:26:20.187 [main] DEBUG o.h.internal.util.EntityPrinter - edu.ncsu.csc.itrust2.models.persistent.LogEntry{secondaryUser=null, logCode=5, primaryUser=logapitest, id=345, time=java.util.GregorianCalendar[time=1521660380183,areFieldsSet=true,areAllFieldsSet=true,lenient=true,zone=sun.util.calendar.ZoneInfo[id="Etc/UTC",offset=0,dstSavings=0,useDaylight=false,transitions=0,lastRule=null],firstDayOfWeek=1,minimalDaysInFirstWeek=1,ERA=1,YEAR=2018,MONTH=2,WEEK_OF_YEAR=12,WEEK_OF_MONTH=4,DAY_OF_MONTH=21,DAY_OF_YEAR=80,DAY_OF_WEEK=4,DAY_OF_WEEK_IN_MONTH=3,AM_PM=1,HOUR=7,HOUR_OF_DAY=19,MINUTE=26,SECOND=20,MILLISECOND=183,ZONE_OFFSET=0,DST_OFFSET=0], message=null}
19:26:20.188 [main] DEBUG org.hibernate.SQL - insert into LogEntries (logCode, message, primaryUser, secondaryUser, time, id) values (?, ?, ?, ?, ?, ?)
Hibernate: insert into LogEntries (logCode, message, primaryUser, secondaryUser, time, id) values (?, ?, ?, ?, ?, ?)
19:26:20.189 [main] DEBUG o.h.e.j.internal.JdbcCoordinatorImpl - HHH000420: Closing un-released batch
19:26:20.190 [main] DEBUG o.h.e.t.internal.TransactionImpl - begin
19:26:20.190 [main] DEBUG org.hibernate.SQL - select next_val as id_val from hibernate_sequence for update
Hibernate: select next_val as id_val from hibernate_sequence for update
19:26:20.191 [main] DEBUG org.hibernate.SQL - update hibernate_sequence set next_val= ? where next_val=?
Hibernate: update hibernate_sequence set next_val= ? where next_val=?
19:26:20.192 [main] DEBUG o.h.e.i.AbstractSaveEventListener - Generated identifier: 346, using strategy: org.hibernate.id.enhanced.SequenceStyleGenerator
19:26:20.192 [main] DEBUG o.h.e.t.internal.TransactionImpl - committing
19:26:20.192 [main] DEBUG o.h.e.i.AbstractFlushingEventListener - Processing flush-time cascades
19:26:20.192 [main] DEBUG o.h.e.i.AbstractFlushingEventListener - Dirty checking collections
19:26:20.193 [main] DEBUG o.h.e.i.AbstractFlushingEventListener - Flushed: 1 insertions, 0 updates, 0 deletions to 1 objects
19:26:20.193 [main] DEBUG o.h.e.i.AbstractFlushingEventListener - Flushed: 0 (re)creations, 0 updates, 0 removals to 0 collections
19:26:20.193 [main] DEBUG o.h.internal.util.EntityPrinter - Listing entities:
19:26:20.193 [main] DEBUG o.h.internal.util.EntityPrinter - edu.ncsu.csc.itrust2.models.persistent.LogEntry{secondaryUser=null, logCode=5, primaryUser=logapitest, id=346, time=java.util.GregorianCalendar[time=1521660380190,areFieldsSet=true,areAllFieldsSet=true,lenient=true,zone=sun.util.calendar.ZoneInfo[id="Etc/UTC",offset=0,dstSavings=0,useDaylight=false,transitions=0,lastRule=null],firstDayOfWeek=1,minimalDaysInFirstWeek=1,ERA=1,YEAR=2018,MONTH=2,WEEK_OF_YEAR=12,WEEK_OF_MONTH=4,DAY_OF_MONTH=21,DAY_OF_YEAR=80,DAY_OF_WEEK=4,DAY_OF_WEEK_IN_MONTH=3,AM_PM=1,HOUR=7,HOUR_OF_DAY=19,MINUTE=26,SECOND=20,MILLISECOND=190,ZONE_OFFSET=0,DST_OFFSET=0], message=null}
19:26:20.193 [main] DEBUG org.hibernate.SQL - insert into LogEntries (logCode, message, primaryUser, secondaryUser, time, id) values (?, ?, ?, ?, ?, ?)
Hibernate: insert into LogEntries (logCode, message, primaryUser, secondaryUser, time, id) values (?, ?, ?, ?, ?, ?)
19:26:20.194 [main] DEBUG o.h.e.j.internal.JdbcCoordinatorImpl - HHH000420: Closing un-released batch
19:26:20.195 [main] DEBUG o.h.e.t.internal.TransactionImpl - begin
19:26:20.195 [main] DEBUG org.hibernate.SQL - select next_val as id_val from hibernate_sequence for update
Hibernate: select next_val as id_val from hibernate_sequence for update
19:26:20.196 [main] DEBUG org.hibernate.SQL - update hibernate_sequence set next_val= ? where next_val=?
Hibernate: update hibernate_sequence set next_val= ? where next_val=?
19:26:20.197 [main] DEBUG o.h.e.i.AbstractSaveEventListener - Generated identifier: 347, using strategy: org.hibernate.id.enhanced.SequenceStyleGenerator
19:26:20.197 [main] DEBUG o.h.e.t.internal.TransactionImpl - committing
19:26:20.197 [main] DEBUG o.h.e.i.AbstractFlushingEventListener - Processing flush-time cascades
19:26:20.197 [main] DEBUG o.h.e.i.AbstractFlushingEventListener - Dirty checking collections
19:26:20.197 [main] DEBUG o.h.e.i.AbstractFlushingEventListener - Flushed: 1 insertions, 0 updates, 0 deletions to 1 objects
19:26:20.197 [main] DEBUG o.h.e.i.AbstractFlushingEventListener - Flushed: 0 (re)creations, 0 updates, 0 removals to 0 collections
19:26:20.197 [main] DEBUG o.h.internal.util.EntityPrinter - Listing entities:
19:26:20.198 [main] DEBUG o.h.internal.util.EntityPrinter - edu.ncsu.csc.itrust2.models.persistent.LogEntry{secondaryUser=null, logCode=5, primaryUser=logapitest, id=347, time=java.util.GregorianCalendar[time=1521660380194,areFieldsSet=true,areAllFieldsSet=true,lenient=true,zone=sun.util.calendar.ZoneInfo[id="Etc/UTC",offset=0,dstSavings=0,useDaylight=false,transitions=0,lastRule=null],firstDayOfWeek=1,minimalDaysInFirstWeek=1,ERA=1,YEAR=2018,MONTH=2,WEEK_OF_YEAR=12,WEEK_OF_MONTH=4,DAY_OF_MONTH=21,DAY_OF_YEAR=80,DAY_OF_WEEK=4,DAY_OF_WEEK_IN_MONTH=3,AM_PM=1,HOUR=7,HOUR_OF_DAY=19,MINUTE=26,SECOND=20,MILLISECOND=194,ZONE_OFFSET=0,DST_OFFSET=0], message=null}
19:26:20.198 [main] DEBUG org.hibernate.SQL - insert into LogEntries (logCode, message, primaryUser, secondaryUser, time, id) values (?, ?, ?, ?, ?, ?)
Hibernate: insert into LogEntries (logCode, message, primaryUser, secondaryUser, time, id) values (?, ?, ?, ?, ?, ?)
19:26:20.200 [main] DEBUG o.h.e.j.internal.JdbcCoordinatorImpl - HHH000420: Closing un-released batch
19:26:20.201 [main] DEBUG o.h.e.t.internal.TransactionImpl - begin
19:26:20.201 [main] DEBUG org.hibernate.SQL - select next_val as id_val from hibernate_sequence for update
Hibernate: select next_val as id_val from hibernate_sequence for update
19:26:20.202 [main] DEBUG org.hibernate.SQL - update hibernate_sequence set next_val= ? where next_val=?
Hibernate: update hibernate_sequence set next_val= ? where next_val=?
19:26:20.203 [main] DEBUG o.h.e.i.AbstractSaveEventListener - Generated identifier: 348, using strategy: org.hibernate.id.enhanced.SequenceStyleGenerator
19:26:20.203 [main] DEBUG o.h.e.t.internal.TransactionImpl - committing
19:26:20.203 [main] DEBUG o.h.e.i.AbstractFlushingEventListener - Processing flush-time cascades
19:26:20.203 [main] DEBUG o.h.e.i.AbstractFlushingEventListener - Dirty checking collections
19:26:20.203 [main] DEBUG o.h.e.i.AbstractFlushingEventListener - Flushed: 1 insertions, 0 updates, 0 deletions to 1 objects
19:26:20.203 [main] DEBUG o.h.e.i.AbstractFlushingEventListener - Flushed: 0 (re)creations, 0 updates, 0 removals to 0 collections
19:26:20.204 [main] DEBUG o.h.internal.util.EntityPrinter - Listing entities:
19:26:20.204 [main] DEBUG o.h.internal.util.EntityPrinter - edu.ncsu.csc.itrust2.models.persistent.LogEntry{secondaryUser=null, logCode=5, primaryUser=logapitest, id=348, time=java.util.GregorianCalendar[time=1521660380201,areFieldsSet=true,areAllFieldsSet=true,lenient=true,zone=sun.util.calendar.ZoneInfo[id="Etc/UTC",offset=0,dstSavings=0,useDaylight=false,transitions=0,lastRule=null],firstDayOfWeek=1,minimalDaysInFirstWeek=1,ERA=1,YEAR=2018,MONTH=2,WEEK_OF_YEAR=12,WEEK_OF_MONTH=4,DAY_OF_MONTH=21,DAY_OF_YEAR=80,DAY_OF_WEEK=4,DAY_OF_WEEK_IN_MONTH=3,AM_PM=1,HOUR=7,HOUR_OF_DAY=19,MINUTE=26,SECOND=20,MILLISECOND=201,ZONE_OFFSET=0,DST_OFFSET=0], message=null}
19:26:20.204 [main] DEBUG org.hibernate.SQL - insert into LogEntries (logCode, message, primaryUser, secondaryUser, time, id) values (?, ?, ?, ?, ?, ?)
Hibernate: insert into LogEntries (logCode, message, primaryUser, secondaryUser, time, id) values (?, ?, ?, ?, ?, ?)
19:26:20.206 [main] DEBUG o.h.e.j.internal.JdbcCoordinatorImpl - HHH000420: Closing un-released batch
19:26:20.206 [main] DEBUG o.h.e.t.internal.TransactionImpl - begin
19:26:20.207 [main] DEBUG org.hibernate.SQL - select next_val as id_val from hibernate_sequence for update
Hibernate: select next_val as id_val from hibernate_sequence for update
19:26:20.207 [main] DEBUG org.hibernate.SQL - update hibernate_sequence set next_val= ? where next_val=?
Hibernate: update hibernate_sequence set next_val= ? where next_val=?
19:26:20.208 [main] DEBUG o.h.e.i.AbstractSaveEventListener - Generated identifier: 349, using strategy: org.hibernate.id.enhanced.SequenceStyleGenerator
19:26:20.209 [main] DEBUG o.h.e.t.internal.TransactionImpl - committing
19:26:20.209 [main] DEBUG o.h.e.i.AbstractFlushingEventListener - Processing flush-time cascades
19:26:20.209 [main] DEBUG o.h.e.i.AbstractFlushingEventListener - Dirty checking collections
19:26:20.209 [main] DEBUG o.h.e.i.AbstractFlushingEventListener - Flushed: 1 insertions, 0 updates, 0 deletions to 1 objects
19:26:20.209 [main] DEBUG o.h.e.i.AbstractFlushingEventListener - Flushed: 0 (re)creations, 0 updates, 0 removals to 0 collections
19:26:20.209 [main] DEBUG o.h.internal.util.EntityPrinter - Listing entities:
19:26:20.209 [main] DEBUG o.h.internal.util.EntityPrinter - edu.ncsu.csc.itrust2.models.persistent.LogEntry{secondaryUser=null, logCode=5, primaryUser=logapitest, id=349, time=java.util.GregorianCalendar[time=1521660380206,areFieldsSet=true,areAllFieldsSet=true,lenient=true,zone=sun.util.calendar.ZoneInfo[id="Etc/UTC",offset=0,dstSavings=0,useDaylight=false,transitions=0,lastRule=null],firstDayOfWeek=1,minimalDaysInFirstWeek=1,ERA=1,YEAR=2018,MONTH=2,WEEK_OF_YEAR=12,WEEK_OF_MONTH=4,DAY_OF_MONTH=21,DAY_OF_YEAR=80,DAY_OF_WEEK=4,DAY_OF_WEEK_IN_MONTH=3,AM_PM=1,HOUR=7,HOUR_OF_DAY=19,MINUTE=26,SECOND=20,MILLISECOND=206,ZONE_OFFSET=0,DST_OFFSET=0], message=null}
19:26:20.210 [main] DEBUG org.hibernate.SQL - insert into LogEntries (logCode, message, primaryUser, secondaryUser, time, id) values (?, ?, ?, ?, ?, ?)
Hibernate: insert into LogEntries (logCode, message, primaryUser, secondaryUser, time, id) values (?, ?, ?, ?, ?, ?)
19:26:20.211 [main] DEBUG o.h.e.j.internal.JdbcCoordinatorImpl - HHH000420: Closing un-released batch
19:26:20.211 [main] DEBUG o.h.e.t.internal.TransactionImpl - begin
19:26:20.212 [main] DEBUG org.hibernate.SQL - select next_val as id_val from hibernate_sequence for update
Hibernate: select next_val as id_val from hibernate_sequence for update
19:26:20.212 [main] DEBUG org.hibernate.SQL - update hibernate_sequence set next_val= ? where next_val=?
Hibernate: update hibernate_sequence set next_val= ? where next_val=?
19:26:20.213 [main] DEBUG o.h.e.i.AbstractSaveEventListener - Generated identifier: 350, using strategy: org.hibernate.id.enhanced.SequenceStyleGenerator
19:26:20.213 [main] DEBUG o.h.e.t.internal.TransactionImpl - committing
19:26:20.214 [main] DEBUG o.h.e.i.AbstractFlushingEventListener - Processing flush-time cascades
19:26:20.214 [main] DEBUG o.h.e.i.AbstractFlushingEventListener - Dirty checking collections
19:26:20.214 [main] DEBUG o.h.e.i.AbstractFlushingEventListener - Flushed: 1 insertions, 0 updates, 0 deletions to 1 objects
19:26:20.214 [main] DEBUG o.h.e.i.AbstractFlushingEventListener - Flushed: 0 (re)creations, 0 updates, 0 removals to 0 collections
19:26:20.214 [main] DEBUG o.h.internal.util.EntityPrinter - Listing entities:
19:26:20.214 [main] DEBUG o.h.internal.util.EntityPrinter - edu.ncsu.csc.itrust2.models.persistent.LogEntry{secondaryUser=null, logCode=5, primaryUser=logapitest, id=350, time=java.util.GregorianCalendar[time=1521660380211,areFieldsSet=true,areAllFieldsSet=true,lenient=true,zone=sun.util.calendar.ZoneInfo[id="Etc/UTC",offset=0,dstSavings=0,useDaylight=false,transitions=0,lastRule=null],firstDayOfWeek=1,minimalDaysInFirstWeek=1,ERA=1,YEAR=2018,MONTH=2,WEEK_OF_YEAR=12,WEEK_OF_MONTH=4,DAY_OF_MONTH=21,DAY_OF_YEAR=80,DAY_OF_WEEK=4,DAY_OF_WEEK_IN_MONTH=3,AM_PM=1,HOUR=7,HOUR_OF_DAY=19,MINUTE=26,SECOND=20,MILLISECOND=211,ZONE_OFFSET=0,DST_OFFSET=0], message=null}
19:26:20.214 [main] DEBUG org.hibernate.SQL - insert into LogEntries (logCode, message, primaryUser, secondaryUser, time, id) values (?, ?, ?, ?, ?, ?)
Hibernate: insert into LogEntries (logCode, message, primaryUser, secondaryUser, time, id) values (?, ?, ?, ?, ?, ?)
19:26:20.222 [main] DEBUG o.h.e.j.internal.JdbcCoordinatorImpl - HHH000420: Closing un-released batch
19:26:20.222 [main] DEBUG o.h.e.t.internal.TransactionImpl - begin
19:26:20.222 [main] DEBUG org.hibernate.SQL - select next_val as id_val from hibernate_sequence for update
Hibernate: select next_val as id_val from hibernate_sequence for update
19:26:20.223 [main] DEBUG org.hibernate.SQL - update hibernate_sequence set next_val= ? where next_val=?
Hibernate: update hibernate_sequence set next_val= ? where next_val=?
19:26:20.224 [main] DEBUG o.h.e.i.AbstractSaveEventListener - Generated identifier: 351, using strategy: org.hibernate.id.enhanced.SequenceStyleGenerator
19:26:20.224 [main] DEBUG o.h.e.t.internal.TransactionImpl - committing
19:26:20.224 [main] DEBUG o.h.e.i.AbstractFlushingEventListener - Processing flush-time cascades
19:26:20.225 [main] DEBUG o.h.e.i.AbstractFlushingEventListener - Dirty checking collections
19:26:20.225 [main] DEBUG o.h.e.i.AbstractFlushingEventListener - Flushed: 1 insertions, 0 updates, 0 deletions to 1 objects
19:26:20.225 [main] DEBUG o.h.e.i.AbstractFlushingEventListener - Flushed: 0 (re)creations, 0 updates, 0 removals to 0 collections
19:26:20.225 [main] DEBUG o.h.internal.util.EntityPrinter - Listing entities:
19:26:20.225 [main] DEBUG o.h.internal.util.EntityPrinter - edu.ncsu.csc.itrust2.models.persistent.LogEntry{secondaryUser=null, logCode=5, primaryUser=logapitest, id=351, time=java.util.GregorianCalendar[time=1521660380222,areFieldsSet=true,areAllFieldsSet=true,lenient=true,zone=sun.util.calendar.ZoneInfo[id="Etc/UTC",offset=0,dstSavings=0,useDaylight=false,transitions=0,lastRule=null],firstDayOfWeek=1,minimalDaysInFirstWeek=1,ERA=1,YEAR=2018,MONTH=2,WEEK_OF_YEAR=12,WEEK_OF_MONTH=4,DAY_OF_MONTH=21,DAY_OF_YEAR=80,DAY_OF_WEEK=4,DAY_OF_WEEK_IN_MONTH=3,AM_PM=1,HOUR=7,HOUR_OF_DAY=19,MINUTE=26,SECOND=20,MILLISECOND=222,ZONE_OFFSET=0,DST_OFFSET=0], message=null}
19:26:20.225 [main] DEBUG org.hibernate.SQL - insert into LogEntries (logCode, message, primaryUser, secondaryUser, time, id) values (?, ?, ?, ?, ?, ?)
Hibernate: insert into LogEntries (logCode, message, primaryUser, secondaryUser, time, id) values (?, ?, ?, ?, ?, ?)
19:26:20.227 [main] DEBUG o.h.e.j.internal.JdbcCoordinatorImpl - HHH000420: Closing un-released batch
19:26:20.227 [main] DEBUG o.h.e.t.internal.TransactionImpl - begin
19:26:20.227 [main] DEBUG org.hibernate.SQL - select next_val as id_val from hibernate_sequence for update
Hibernate: select next_val as id_val from hibernate_sequence for update
19:26:20.228 [main] DEBUG org.hibernate.SQL - update hibernate_sequence set next_val= ? where next_val=?
Hibernate: update hibernate_sequence set next_val= ? where next_val=?
19:26:20.229 [main] DEBUG o.h.e.i.AbstractSaveEventListener - Generated identifier: 352, using strategy: org.hibernate.id.enhanced.SequenceStyleGenerator
19:26:20.229 [main] DEBUG o.h.e.t.internal.TransactionImpl - committing
19:26:20.229 [main] DEBUG o.h.e.i.AbstractFlushingEventListener - Processing flush-time cascades
19:26:20.229 [main] DEBUG o.h.e.i.AbstractFlushingEventListener - Dirty checking collections
19:26:20.229 [main] DEBUG o.h.e.i.AbstractFlushingEventListener - Flushed: 1 insertions, 0 updates, 0 deletions to 1 objects
19:26:20.229 [main] DEBUG o.h.e.i.AbstractFlushingEventListener - Flushed: 0 (re)creations, 0 updates, 0 removals to 0 collections
19:26:20.229 [main] DEBUG o.h.internal.util.EntityPrinter - Listing entities:
19:26:20.230 [main] DEBUG o.h.internal.util.EntityPrinter - edu.ncsu.csc.itrust2.models.persistent.LogEntry{secondaryUser=null, logCode=5, primaryUser=logapitest, id=352, time=java.util.GregorianCalendar[time=1521660380227,areFieldsSet=true,areAllFieldsSet=true,lenient=true,zone=sun.util.calendar.ZoneInfo[id="Etc/UTC",offset=0,dstSavings=0,useDaylight=false,transitions=0,lastRule=null],firstDayOfWeek=1,minimalDaysInFirstWeek=1,ERA=1,YEAR=2018,MONTH=2,WEEK_OF_YEAR=12,WEEK_OF_MONTH=4,DAY_OF_MONTH=21,DAY_OF_YEAR=80,DAY_OF_WEEK=4,DAY_OF_WEEK_IN_MONTH=3,AM_PM=1,HOUR=7,HOUR_OF_DAY=19,MINUTE=26,SECOND=20,MILLISECOND=227,ZONE_OFFSET=0,DST_OFFSET=0], message=null}
19:26:20.230 [main] DEBUG org.hibernate.SQL - insert into LogEntries (logCode, message, primaryUser, secondaryUser, time, id) values (?, ?, ?, ?, ?, ?)
Hibernate: insert into LogEntries (logCode, message, primaryUser, secondaryUser, time, id) values (?, ?, ?, ?, ?, ?)
19:26:20.231 [main] DEBUG o.h.e.j.internal.JdbcCoordinatorImpl - HHH000420: Closing un-released batch
19:26:20.231 [main] DEBUG o.h.e.t.internal.TransactionImpl - begin
19:26:20.232 [main] DEBUG org.hibernate.SQL - select next_val as id_val from hibernate_sequence for update
Hibernate: select next_val as id_val from hibernate_sequence for update
19:26:20.232 [main] DEBUG org.hibernate.SQL - update hibernate_sequence set next_val= ? where next_val=?
Hibernate: update hibernate_sequence set next_val= ? where next_val=?
19:26:20.233 [main] DEBUG o.h.e.i.AbstractSaveEventListener - Generated identifier: 353, using strategy: org.hibernate.id.enhanced.SequenceStyleGenerator
19:26:20.234 [main] DEBUG o.h.e.t.internal.TransactionImpl - committing
19:26:20.234 [main] DEBUG o.h.e.i.AbstractFlushingEventListener - Processing flush-time cascades
19:26:20.234 [main] DEBUG o.h.e.i.AbstractFlushingEventListener - Dirty checking collections
19:26:20.234 [main] DEBUG o.h.e.i.AbstractFlushingEventListener - Flushed: 1 insertions, 0 updates, 0 deletions to 1 objects
19:26:20.234 [main] DEBUG o.h.e.i.AbstractFlushingEventListener - Flushed: 0 (re)creations, 0 updates, 0 removals to 0 collections
19:26:20.234 [main] DEBUG o.h.internal.util.EntityPrinter - Listing entities:
19:26:20.234 [main] DEBUG o.h.internal.util.EntityPrinter - edu.ncsu.csc.itrust2.models.persistent.LogEntry{secondaryUser=null, logCode=5, primaryUser=logapitest, id=353, time=java.util.GregorianCalendar[time=1521660380231,areFieldsSet=true,areAllFieldsSet=true,lenient=true,zone=sun.util.calendar.ZoneInfo[id="Etc/UTC",offset=0,dstSavings=0,useDaylight=false,transitions=0,lastRule=null],firstDayOfWeek=1,minimalDaysInFirstWeek=1,ERA=1,YEAR=2018,MONTH=2,WEEK_OF_YEAR=12,WEEK_OF_MONTH=4,DAY_OF_MONTH=21,DAY_OF_YEAR=80,DAY_OF_WEEK=4,DAY_OF_WEEK_IN_MONTH=3,AM_PM=1,HOUR=7,HOUR_OF_DAY=19,MINUTE=26,SECOND=20,MILLISECOND=231,ZONE_OFFSET=0,DST_OFFSET=0], message=null}
19:26:20.235 [main] DEBUG org.hibernate.SQL - insert into LogEntries (logCode, message, primaryUser, secondaryUser, time, id) values (?, ?, ?, ?, ?, ?)
Hibernate: insert into LogEntries (logCode, message, primaryUser, secondaryUser, time, id) values (?, ?, ?, ?, ?, ?)
19:26:20.236 [main] DEBUG o.h.e.j.internal.JdbcCoordinatorImpl - HHH000420: Closing un-released batch
19:26:20.237 [main] DEBUG o.h.e.t.internal.TransactionImpl - begin
19:26:20.238 [main] DEBUG org.hibernate.SQL - select next_val as id_val from hibernate_sequence for update
Hibernate: select next_val as id_val from hibernate_sequence for update
19:26:20.238 [main] DEBUG org.hibernate.SQL - update hibernate_sequence set next_val= ? where next_val=?
Hibernate: update hibernate_sequence set next_val= ? where next_val=?
19:26:20.240 [main] DEBUG o.h.e.i.AbstractSaveEventListener - Generated identifier: 354, using strategy: org.hibernate.id.enhanced.SequenceStyleGenerator
19:26:20.240 [main] DEBUG o.h.e.t.internal.TransactionImpl - committing
19:26:20.240 [main] DEBUG o.h.e.i.AbstractFlushingEventListener - Processing flush-time cascades
19:26:20.240 [main] DEBUG o.h.e.i.AbstractFlushingEventListener - Dirty checking collections
19:26:20.241 [main] DEBUG o.h.e.i.AbstractFlushingEventListener - Flushed: 1 insertions, 0 updates, 0 deletions to 1 objects
19:26:20.241 [main] DEBUG o.h.e.i.AbstractFlushingEventListener - Flushed: 0 (re)creations, 0 updates, 0 removals to 0 collections
19:26:20.241 [main] DEBUG o.h.internal.util.EntityPrinter - Listing entities:
19:26:20.241 [main] DEBUG o.h.internal.util.EntityPrinter - edu.ncsu.csc.itrust2.models.persistent.LogEntry{secondaryUser=null, logCode=5, primaryUser=logapitest, id=354, time=java.util.GregorianCalendar[time=1521660380237,areFieldsSet=true,areAllFieldsSet=true,lenient=true,zone=sun.util.calendar.ZoneInfo[id="Etc/UTC",offset=0,dstSavings=0,useDaylight=false,transitions=0,lastRule=null],firstDayOfWeek=1,minimalDaysInFirstWeek=1,ERA=1,YEAR=2018,MONTH=2,WEEK_OF_YEAR=12,WEEK_OF_MONTH=4,DAY_OF_MONTH=21,DAY_OF_YEAR=80,DAY_OF_WEEK=4,DAY_OF_WEEK_IN_MONTH=3,AM_PM=1,HOUR=7,HOUR_OF_DAY=19,MINUTE=26,SECOND=20,MILLISECOND=237,ZONE_OFFSET=0,DST_OFFSET=0], message=null}
19:26:20.242 [main] DEBUG org.hibernate.SQL - insert into LogEntries (logCode, message, primaryUser, secondaryUser, time, id) values (?, ?, ?, ?, ?, ?)
Hibernate: insert into LogEntries (logCode, message, primaryUser, secondaryUser, time, id) values (?, ?, ?, ?, ?, ?)
19:26:20.244 [main] DEBUG o.h.e.j.internal.JdbcCoordinatorImpl - HHH000420: Closing un-released batch
19:26:20.244 [main] DEBUG o.h.e.t.internal.TransactionImpl - begin
19:26:20.245 [main] DEBUG org.hibernate.SQL - select next_val as id_val from hibernate_sequence for update
Hibernate: select next_val as id_val from hibernate_sequence for update
19:26:20.245 [main] DEBUG org.hibernate.SQL - update hibernate_sequence set next_val= ? where next_val=?
Hibernate: update hibernate_sequence set next_val= ? where next_val=?
19:26:20.246 [main] DEBUG o.h.e.i.AbstractSaveEventListener - Generated identifier: 355, using strategy: org.hibernate.id.enhanced.SequenceStyleGenerator
19:26:20.246 [main] DEBUG o.h.e.t.internal.TransactionImpl - committing
19:26:20.247 [main] DEBUG o.h.e.i.AbstractFlushingEventListener - Processing flush-time cascades
19:26:20.247 [main] DEBUG o.h.e.i.AbstractFlushingEventListener - Dirty checking collections
19:26:20.247 [main] DEBUG o.h.e.i.AbstractFlushingEventListener - Flushed: 1 insertions, 0 updates, 0 deletions to 1 objects
19:26:20.247 [main] DEBUG o.h.e.i.AbstractFlushingEventListener - Flushed: 0 (re)creations, 0 updates, 0 removals to 0 collections
19:26:20.247 [main] DEBUG o.h.internal.util.EntityPrinter - Listing entities:
19:26:20.247 [main] DEBUG o.h.internal.util.EntityPrinter - edu.ncsu.csc.itrust2.models.persistent.LogEntry{secondaryUser=null, logCode=5, primaryUser=logapitest, id=355, time=java.util.GregorianCalendar[time=1521660380244,areFieldsSet=true,areAllFieldsSet=true,lenient=true,zone=sun.util.calendar.ZoneInfo[id="Etc/UTC",offset=0,dstSavings=0,useDaylight=false,transitions=0,lastRule=null],firstDayOfWeek=1,minimalDaysInFirstWeek=1,ERA=1,YEAR=2018,MONTH=2,WEEK_OF_YEAR=12,WEEK_OF_MONTH=4,DAY_OF_MONTH=21,DAY_OF_YEAR=80,DAY_OF_WEEK=4,DAY_OF_WEEK_IN_MONTH=3,AM_PM=1,HOUR=7,HOUR_OF_DAY=19,MINUTE=26,SECOND=20,MILLISECOND=244,ZONE_OFFSET=0,DST_OFFSET=0], message=null}
19:26:20.247 [main] DEBUG org.hibernate.SQL - insert into LogEntries (logCode, message, primaryUser, secondaryUser, time, id) values (?, ?, ?, ?, ?, ?)
Hibernate: insert into LogEntries (logCode, message, primaryUser, secondaryUser, time, id) values (?, ?, ?, ?, ?, ?)
19:26:20.251 [main] DEBUG o.h.e.j.internal.JdbcCoordinatorImpl - HHH000420: Closing un-released batch
19:26:20.251 [main] DEBUG o.h.e.t.internal.TransactionImpl - begin
19:26:20.251 [main] DEBUG org.hibernate.SQL - select next_val as id_val from hibernate_sequence for update
Hibernate: select next_val as id_val from hibernate_sequence for update
19:26:20.252 [main] DEBUG org.hibernate.SQL - update hibernate_sequence set next_val= ? where next_val=?
Hibernate: update hibernate_sequence set next_val= ? where next_val=?
19:26:20.253 [main] DEBUG o.h.e.i.AbstractSaveEventListener - Generated identifier: 356, using strategy: org.hibernate.id.enhanced.SequenceStyleGenerator
19:26:20.253 [main] DEBUG o.h.e.t.internal.TransactionImpl - committing
19:26:20.253 [main] DEBUG o.h.e.i.AbstractFlushingEventListener - Processing flush-time cascades
19:26:20.253 [main] DEBUG o.h.e.i.AbstractFlushingEventListener - Dirty checking collections
19:26:20.254 [main] DEBUG o.h.e.i.AbstractFlushingEventListener - Flushed: 1 insertions, 0 updates, 0 deletions to 1 objects
19:26:20.254 [main] DEBUG o.h.e.i.AbstractFlushingEventListener - Flushed: 0 (re)creations, 0 updates, 0 removals to 0 collections
19:26:20.254 [main] DEBUG o.h.internal.util.EntityPrinter - Listing entities:
19:26:20.254 [main] DEBUG o.h.internal.util.EntityPrinter - edu.ncsu.csc.itrust2.models.persistent.LogEntry{secondaryUser=null, logCode=5, primaryUser=logapitest, id=356, time=java.util.GregorianCalendar[time=1521660380251,areFieldsSet=true,areAllFieldsSet=true,lenient=true,zone=sun.util.calendar.ZoneInfo[id="Etc/UTC",offset=0,dstSavings=0,useDaylight=false,transitions=0,lastRule=null],firstDayOfWeek=1,minimalDaysInFirstWeek=1,ERA=1,YEAR=2018,MONTH=2,WEEK_OF_YEAR=12,WEEK_OF_MONTH=4,DAY_OF_MONTH=21,DAY_OF_YEAR=80,DAY_OF_WEEK=4,DAY_OF_WEEK_IN_MONTH=3,AM_PM=1,HOUR=7,HOUR_OF_DAY=19,MINUTE=26,SECOND=20,MILLISECOND=251,ZONE_OFFSET=0,DST_OFFSET=0], message=null}
19:26:20.255 [main] DEBUG org.hibernate.SQL - insert into LogEntries (logCode, message, primaryUser, secondaryUser, time, id) values (?, ?, ?, ?, ?, ?)
Hibernate: insert into LogEntries (logCode, message, primaryUser, secondaryUser, time, id) values (?, ?, ?, ?, ?, ?)
19:26:20.257 [main] DEBUG o.h.e.j.internal.JdbcCoordinatorImpl - HHH000420: Closing un-released batch
19:26:20.257 [main] DEBUG o.h.e.t.internal.TransactionImpl - begin
19:26:20.257 [main] DEBUG org.hibernate.SQL - select next_val as id_val from hibernate_sequence for update
Hibernate: select next_val as id_val from hibernate_sequence for update
19:26:20.258 [main] DEBUG org.hibernate.SQL - update hibernate_sequence set next_val= ? where next_val=?
Hibernate: update hibernate_sequence set next_val= ? where next_val=?
19:26:20.259 [main] DEBUG o.h.e.i.AbstractSaveEventListener - Generated identifier: 357, using strategy: org.hibernate.id.enhanced.SequenceStyleGenerator
19:26:20.259 [main] DEBUG o.h.e.t.internal.TransactionImpl - committing
19:26:20.259 [main] DEBUG o.h.e.i.AbstractFlushingEventListener - Processing flush-time cascades
19:26:20.259 [main] DEBUG o.h.e.i.AbstractFlushingEventListener - Dirty checking collections
19:26:20.259 [main] DEBUG o.h.e.i.AbstractFlushingEventListener - Flushed: 1 insertions, 0 updates, 0 deletions to 1 objects
19:26:20.259 [main] DEBUG o.h.e.i.AbstractFlushingEventListener - Flushed: 0 (re)creations, 0 updates, 0 removals to 0 collections
19:26:20.260 [main] DEBUG o.h.internal.util.EntityPrinter - Listing entities:
19:26:20.260 [main] DEBUG o.h.internal.util.EntityPrinter - edu.ncsu.csc.itrust2.models.persistent.LogEntry{secondaryUser=null, logCode=5, primaryUser=logapitest, id=357, time=java.util.GregorianCalendar[time=1521660380257,areFieldsSet=true,areAllFieldsSet=true,lenient=true,zone=sun.util.calendar.ZoneInfo[id="Etc/UTC",offset=0,dstSavings=0,useDaylight=false,transitions=0,lastRule=null],firstDayOfWeek=1,minimalDaysInFirstWeek=1,ERA=1,YEAR=2018,MONTH=2,WEEK_OF_YEAR=12,WEEK_OF_MONTH=4,DAY_OF_MONTH=21,DAY_OF_YEAR=80,DAY_OF_WEEK=4,DAY_OF_WEEK_IN_MONTH=3,AM_PM=1,HOUR=7,HOUR_OF_DAY=19,MINUTE=26,SECOND=20,MILLISECOND=257,ZONE_OFFSET=0,DST_OFFSET=0], message=null}
19:26:20.261 [main] DEBUG org.hibernate.SQL - insert into LogEntries (logCode, message, primaryUser, secondaryUser, time, id) values (?, ?, ?, ?, ?, ?)
Hibernate: insert into LogEntries (logCode, message, primaryUser, secondaryUser, time, id) values (?, ?, ?, ?, ?, ?)
19:26:20.262 [main] DEBUG o.h.e.j.internal.JdbcCoordinatorImpl - HHH000420: Closing un-released batch
19:26:20.263 [main] DEBUG o.h.e.t.internal.TransactionImpl - begin
19:26:20.263 [main] DEBUG org.hibernate.SQL - select next_val as id_val from hibernate_sequence for update
Hibernate: select next_val as id_val from hibernate_sequence for update
19:26:20.264 [main] DEBUG org.hibernate.SQL - update hibernate_sequence set next_val= ? where next_val=?
Hibernate: update hibernate_sequence set next_val= ? where next_val=?
19:26:20.266 [main] DEBUG o.h.e.i.AbstractSaveEventListener - Generated identifier: 358, using strategy: org.hibernate.id.enhanced.SequenceStyleGenerator
19:26:20.266 [main] DEBUG o.h.e.t.internal.TransactionImpl - committing
19:26:20.266 [main] DEBUG o.h.e.i.AbstractFlushingEventListener - Processing flush-time cascades
19:26:20.266 [main] DEBUG o.h.e.i.AbstractFlushingEventListener - Dirty checking collections
19:26:20.266 [main] DEBUG o.h.e.i.AbstractFlushingEventListener - Flushed: 1 insertions, 0 updates, 0 deletions to 1 objects
19:26:20.266 [main] DEBUG o.h.e.i.AbstractFlushingEventListener - Flushed: 0 (re)creations, 0 updates, 0 removals to 0 collections
19:26:20.267 [main] DEBUG o.h.internal.util.EntityPrinter - Listing entities:
19:26:20.267 [main] DEBUG o.h.internal.util.EntityPrinter - edu.ncsu.csc.itrust2.models.persistent.LogEntry{secondaryUser=null, logCode=5, primaryUser=logapitest, id=358, time=java.util.GregorianCalendar[time=1521660380263,areFieldsSet=true,areAllFieldsSet=true,lenient=true,zone=sun.util.calendar.ZoneInfo[id="Etc/UTC",offset=0,dstSavings=0,useDaylight=false,transitions=0,lastRule=null],firstDayOfWeek=1,minimalDaysInFirstWeek=1,ERA=1,YEAR=2018,MONTH=2,WEEK_OF_YEAR=12,WEEK_OF_MONTH=4,DAY_OF_MONTH=21,DAY_OF_YEAR=80,DAY_OF_WEEK=4,DAY_OF_WEEK_IN_MONTH=3,AM_PM=1,HOUR=7,HOUR_OF_DAY=19,MINUTE=26,SECOND=20,MILLISECOND=263,ZONE_OFFSET=0,DST_OFFSET=0], message=null}
19:26:20.267 [main] DEBUG org.hibernate.SQL - insert into LogEntries (logCode, message, primaryUser, secondaryUser, time, id) values (?, ?, ?, ?, ?, ?)
Hibernate: insert into LogEntries (logCode, message, primaryUser, secondaryUser, time, id) values (?, ?, ?, ?, ?, ?)
19:26:20.268 [main] DEBUG o.h.e.j.internal.JdbcCoordinatorImpl - HHH000420: Closing un-released batch
19:26:20.269 [main] DEBUG o.h.e.t.internal.TransactionImpl - begin
19:26:20.269 [main] DEBUG org.hibernate.SQL - select next_val as id_val from hibernate_sequence for update
Hibernate: select next_val as id_val from hibernate_sequence for update
19:26:20.270 [main] DEBUG org.hibernate.SQL - update hibernate_sequence set next_val= ? where next_val=?
Hibernate: update hibernate_sequence set next_val= ? where next_val=?
19:26:20.270 [main] DEBUG o.h.e.i.AbstractSaveEventListener - Generated identifier: 359, using strategy: org.hibernate.id.enhanced.SequenceStyleGenerator
19:26:20.271 [main] DEBUG o.h.e.t.internal.TransactionImpl - committing
19:26:20.271 [main] DEBUG o.h.e.i.AbstractFlushingEventListener - Processing flush-time cascades
19:26:20.271 [main] DEBUG o.h.e.i.AbstractFlushingEventListener - Dirty checking collections
19:26:20.271 [main] DEBUG o.h.e.i.AbstractFlushingEventListener - Flushed: 1 insertions, 0 updates, 0 deletions to 1 objects
19:26:20.271 [main] DEBUG o.h.e.i.AbstractFlushingEventListener - Flushed: 0 (re)creations, 0 updates, 0 removals to 0 collections
19:26:20.271 [main] DEBUG o.h.internal.util.EntityPrinter - Listing entities:
19:26:20.271 [main] DEBUG o.h.internal.util.EntityPrinter - edu.ncsu.csc.itrust2.models.persistent.LogEntry{secondaryUser=null, logCode=5, primaryUser=logapitest, id=359, time=java.util.GregorianCalendar[time=1521660380269,areFieldsSet=true,areAllFieldsSet=true,lenient=true,zone=sun.util.calendar.ZoneInfo[id="Etc/UTC",offset=0,dstSavings=0,useDaylight=false,transitions=0,lastRule=null],firstDayOfWeek=1,minimalDaysInFirstWeek=1,ERA=1,YEAR=2018,MONTH=2,WEEK_OF_YEAR=12,WEEK_OF_MONTH=4,DAY_OF_MONTH=21,DAY_OF_YEAR=80,DAY_OF_WEEK=4,DAY_OF_WEEK_IN_MONTH=3,AM_PM=1,HOUR=7,HOUR_OF_DAY=19,MINUTE=26,SECOND=20,MILLISECOND=269,ZONE_OFFSET=0,DST_OFFSET=0], message=null}
19:26:20.272 [main] DEBUG org.hibernate.SQL - insert into LogEntries (logCode, message, primaryUser, secondaryUser, time, id) values (?, ?, ?, ?, ?, ?)
Hibernate: insert into LogEntries (logCode, message, primaryUser, secondaryUser, time, id) values (?, ?, ?, ?, ?, ?)
19:26:20.273 [main] DEBUG o.h.e.j.internal.JdbcCoordinatorImpl - HHH000420: Closing un-released batch
19:26:20.273 [main] DEBUG o.h.e.t.internal.TransactionImpl - begin
19:26:20.274 [main] DEBUG org.hibernate.SQL - select next_val as id_val from hibernate_sequence for update
Hibernate: select next_val as id_val from hibernate_sequence for update
19:26:20.274 [main] DEBUG org.hibernate.SQL - update hibernate_sequence set next_val= ? where next_val=?
Hibernate: update hibernate_sequence set next_val= ? where next_val=?
19:26:20.275 [main] DEBUG o.h.e.i.AbstractSaveEventListener - Generated identifier: 360, using strategy: org.hibernate.id.enhanced.SequenceStyleGenerator
19:26:20.276 [main] DEBUG o.h.e.t.internal.TransactionImpl - committing
19:26:20.276 [main] DEBUG o.h.e.i.AbstractFlushingEventListener - Processing flush-time cascades
19:26:20.276 [main] DEBUG o.h.e.i.AbstractFlushingEventListener - Dirty checking collections
19:26:20.276 [main] DEBUG o.h.e.i.AbstractFlushingEventListener - Flushed: 1 insertions, 0 updates, 0 deletions to 1 objects
19:26:20.276 [main] DEBUG o.h.e.i.AbstractFlushingEventListener - Flushed: 0 (re)creations, 0 updates, 0 removals to 0 collections
19:26:20.276 [main] DEBUG o.h.internal.util.EntityPrinter - Listing entities:
19:26:20.276 [main] DEBUG o.h.internal.util.EntityPrinter - edu.ncsu.csc.itrust2.models.persistent.LogEntry{secondaryUser=null, logCode=5, primaryUser=logapitest, id=360, time=java.util.GregorianCalendar[time=1521660380273,areFieldsSet=true,areAllFieldsSet=true,lenient=true,zone=sun.util.calendar.ZoneInfo[id="Etc/UTC",offset=0,dstSavings=0,useDaylight=false,transitions=0,lastRule=null],firstDayOfWeek=1,minimalDaysInFirstWeek=1,ERA=1,YEAR=2018,MONTH=2,WEEK_OF_YEAR=12,WEEK_OF_MONTH=4,DAY_OF_MONTH=21,DAY_OF_YEAR=80,DAY_OF_WEEK=4,DAY_OF_WEEK_IN_MONTH=3,AM_PM=1,HOUR=7,HOUR_OF_DAY=19,MINUTE=26,SECOND=20,MILLISECOND=273,ZONE_OFFSET=0,DST_OFFSET=0], message=null}
19:26:20.277 [main] DEBUG org.hibernate.SQL - insert into LogEntries (logCode, message, primaryUser, secondaryUser, time, id) values (?, ?, ?, ?, ?, ?)
Hibernate: insert into LogEntries (logCode, message, primaryUser, secondaryUser, time, id) values (?, ?, ?, ?, ?, ?)
19:26:20.277 [main] DEBUG o.h.e.j.internal.JdbcCoordinatorImpl - HHH000420: Closing un-released batch
19:26:20.278 [main] DEBUG o.h.e.t.internal.TransactionImpl - begin
19:26:20.278 [main] DEBUG org.hibernate.SQL - select next_val as id_val from hibernate_sequence for update
Hibernate: select next_val as id_val from hibernate_sequence for update
19:26:20.279 [main] DEBUG org.hibernate.SQL - update hibernate_sequence set next_val= ? where next_val=?
Hibernate: update hibernate_sequence set next_val= ? where next_val=?
19:26:20.280 [main] DEBUG o.h.e.i.AbstractSaveEventListener - Generated identifier: 361, using strategy: org.hibernate.id.enhanced.SequenceStyleGenerator
19:26:20.280 [main] DEBUG o.h.e.t.internal.TransactionImpl - committing
19:26:20.280 [main] DEBUG o.h.e.i.AbstractFlushingEventListener - Processing flush-time cascades
19:26:20.280 [main] DEBUG o.h.e.i.AbstractFlushingEventListener - Dirty checking collections
19:26:20.280 [main] DEBUG o.h.e.i.AbstractFlushingEventListener - Flushed: 1 insertions, 0 updates, 0 deletions to 1 objects
19:26:20.280 [main] DEBUG o.h.e.i.AbstractFlushingEventListener - Flushed: 0 (re)creations, 0 updates, 0 removals to 0 collections
19:26:20.280 [main] DEBUG o.h.internal.util.EntityPrinter - Listing entities:
19:26:20.280 [main] DEBUG o.h.internal.util.EntityPrinter - edu.ncsu.csc.itrust2.models.persistent.LogEntry{secondaryUser=null, logCode=5, primaryUser=logapitest, id=361, time=java.util.GregorianCalendar[time=1521660380278,areFieldsSet=true,areAllFieldsSet=true,lenient=true,zone=sun.util.calendar.ZoneInfo[id="Etc/UTC",offset=0,dstSavings=0,useDaylight=false,transitions=0,lastRule=null],firstDayOfWeek=1,minimalDaysInFirstWeek=1,ERA=1,YEAR=2018,MONTH=2,WEEK_OF_YEAR=12,WEEK_OF_MONTH=4,DAY_OF_MONTH=21,DAY_OF_YEAR=80,DAY_OF_WEEK=4,DAY_OF_WEEK_IN_MONTH=3,AM_PM=1,HOUR=7,HOUR_OF_DAY=19,MINUTE=26,SECOND=20,MILLISECOND=278,ZONE_OFFSET=0,DST_OFFSET=0], message=null}
19:26:20.282 [main] DEBUG org.hibernate.SQL - insert into LogEntries (logCode, message, primaryUser, secondaryUser, time, id) values (?, ?, ?, ?, ?, ?)
Hibernate: insert into LogEntries (logCode, message, primaryUser, secondaryUser, time, id) values (?, ?, ?, ?, ?, ?)
19:26:20.285 [main] DEBUG o.h.e.j.internal.JdbcCoordinatorImpl - HHH000420: Closing un-released batch
19:26:20.286 [main] DEBUG o.h.e.t.internal.TransactionImpl - begin
19:26:20.287 [main] DEBUG org.hibernate.SQL - select next_val as id_val from hibernate_sequence for update
Hibernate: select next_val as id_val from hibernate_sequence for update
19:26:20.287 [main] DEBUG org.hibernate.SQL - update hibernate_sequence set next_val= ? where next_val=?
Hibernate: update hibernate_sequence set next_val= ? where next_val=?
19:26:20.288 [main] DEBUG o.h.e.i.AbstractSaveEventListener - Generated identifier: 362, using strategy: org.hibernate.id.enhanced.SequenceStyleGenerator
19:26:20.288 [main] DEBUG o.h.e.t.internal.TransactionImpl - committing
19:26:20.288 [main] DEBUG o.h.e.i.AbstractFlushingEventListener - Processing flush-time cascades
19:26:20.288 [main] DEBUG o.h.e.i.AbstractFlushingEventListener - Dirty checking collections
19:26:20.289 [main] DEBUG o.h.e.i.AbstractFlushingEventListener - Flushed: 1 insertions, 0 updates, 0 deletions to 1 objects
19:26:20.289 [main] DEBUG o.h.e.i.AbstractFlushingEventListener - Flushed: 0 (re)creations, 0 updates, 0 removals to 0 collections
19:26:20.289 [main] DEBUG o.h.internal.util.EntityPrinter - Listing entities:
19:26:20.289 [main] DEBUG o.h.internal.util.EntityPrinter - edu.ncsu.csc.itrust2.models.persistent.LogEntry{secondaryUser=null, logCode=5, primaryUser=logapitest, id=362, time=java.util.GregorianCalendar[time=1521660380286,areFieldsSet=true,areAllFieldsSet=true,lenient=true,zone=sun.util.calendar.ZoneInfo[id="Etc/UTC",offset=0,dstSavings=0,useDaylight=false,transitions=0,lastRule=null],firstDayOfWeek=1,minimalDaysInFirstWeek=1,ERA=1,YEAR=2018,MONTH=2,WEEK_OF_YEAR=12,WEEK_OF_MONTH=4,DAY_OF_MONTH=21,DAY_OF_YEAR=80,DAY_OF_WEEK=4,DAY_OF_WEEK_IN_MONTH=3,AM_PM=1,HOUR=7,HOUR_OF_DAY=19,MINUTE=26,SECOND=20,MILLISECOND=286,ZONE_OFFSET=0,DST_OFFSET=0], message=null}
19:26:20.289 [main] DEBUG org.hibernate.SQL - insert into LogEntries (logCode, message, primaryUser, secondaryUser, time, id) values (?, ?, ?, ?, ?, ?)
Hibernate: insert into LogEntries (logCode, message, primaryUser, secondaryUser, time, id) values (?, ?, ?, ?, ?, ?)
19:26:20.290 [main] DEBUG o.h.e.j.internal.JdbcCoordinatorImpl - HHH000420: Closing un-released batch
19:26:20.291 [main] DEBUG o.h.e.t.internal.TransactionImpl - begin
19:26:20.291 [main] DEBUG org.hibernate.SQL - select next_val as id_val from hibernate_sequence for update
Hibernate: select next_val as id_val from hibernate_sequence for update
19:26:20.291 [main] DEBUG org.hibernate.SQL - update hibernate_sequence set next_val= ? where next_val=?
Hibernate: update hibernate_sequence set next_val= ? where next_val=?
19:26:20.292 [main] DEBUG o.h.e.i.AbstractSaveEventListener - Generated identifier: 363, using strategy: org.hibernate.id.enhanced.SequenceStyleGenerator
19:26:20.293 [main] DEBUG o.h.e.t.internal.TransactionImpl - committing
19:26:20.293 [main] DEBUG o.h.e.i.AbstractFlushingEventListener - Processing flush-time cascades
19:26:20.293 [main] DEBUG o.h.e.i.AbstractFlushingEventListener - Dirty checking collections
19:26:20.293 [main] DEBUG o.h.e.i.AbstractFlushingEventListener - Flushed: 1 insertions, 0 updates, 0 deletions to 1 objects
19:26:20.293 [main] DEBUG o.h.e.i.AbstractFlushingEventListener - Flushed: 0 (re)creations, 0 updates, 0 removals to 0 collections
19:26:20.293 [main] DEBUG o.h.internal.util.EntityPrinter - Listing entities:
19:26:20.293 [main] DEBUG o.h.internal.util.EntityPrinter - edu.ncsu.csc.itrust2.models.persistent.LogEntry{secondaryUser=null, logCode=5, primaryUser=logapitest, id=363, time=java.util.GregorianCalendar[time=1521660380290,areFieldsSet=true,areAllFieldsSet=true,lenient=true,zone=sun.util.calendar.ZoneInfo[id="Etc/UTC",offset=0,dstSavings=0,useDaylight=false,transitions=0,lastRule=null],firstDayOfWeek=1,minimalDaysInFirstWeek=1,ERA=1,YEAR=2018,MONTH=2,WEEK_OF_YEAR=12,WEEK_OF_MONTH=4,DAY_OF_MONTH=21,DAY_OF_YEAR=80,DAY_OF_WEEK=4,DAY_OF_WEEK_IN_MONTH=3,AM_PM=1,HOUR=7,HOUR_OF_DAY=19,MINUTE=26,SECOND=20,MILLISECOND=290,ZONE_OFFSET=0,DST_OFFSET=0], message=null}
19:26:20.293 [main] DEBUG org.hibernate.SQL - insert into LogEntries (logCode, message, primaryUser, secondaryUser, time, id) values (?, ?, ?, ?, ?, ?)
Hibernate: insert into LogEntries (logCode, message, primaryUser, secondaryUser, time, id) values (?, ?, ?, ?, ?, ?)
19:26:20.295 [main] DEBUG o.h.e.j.internal.JdbcCoordinatorImpl - HHH000420: Closing un-released batch
19:26:20.295 [main] DEBUG o.h.e.t.internal.TransactionImpl - begin
19:26:20.295 [main] DEBUG org.hibernate.SQL - select next_val as id_val from hibernate_sequence for update
Hibernate: select next_val as id_val from hibernate_sequence for update
19:26:20.296 [main] DEBUG org.hibernate.SQL - update hibernate_sequence set next_val= ? where next_val=?
Hibernate: update hibernate_sequence set next_val= ? where next_val=?
19:26:20.297 [main] DEBUG o.h.e.i.AbstractSaveEventListener - Generated identifier: 364, using strategy: org.hibernate.id.enhanced.SequenceStyleGenerator
19:26:20.297 [main] DEBUG o.h.e.t.internal.TransactionImpl - committing
19:26:20.297 [main] DEBUG o.h.e.i.AbstractFlushingEventListener - Processing flush-time cascades
19:26:20.297 [main] DEBUG o.h.e.i.AbstractFlushingEventListener - Dirty checking collections
19:26:20.297 [main] DEBUG o.h.e.i.AbstractFlushingEventListener - Flushed: 1 insertions, 0 updates, 0 deletions to 1 objects
19:26:20.297 [main] DEBUG o.h.e.i.AbstractFlushingEventListener - Flushed: 0 (re)creations, 0 updates, 0 removals to 0 collections
19:26:20.297 [main] DEBUG o.h.internal.util.EntityPrinter - Listing entities:
19:26:20.298 [main] DEBUG o.h.internal.util.EntityPrinter - edu.ncsu.csc.itrust2.models.persistent.LogEntry{secondaryUser=null, logCode=5, primaryUser=logapitest, id=364, time=java.util.GregorianCalendar[time=1521660380295,areFieldsSet=true,areAllFieldsSet=true,lenient=true,zone=sun.util.calendar.ZoneInfo[id="Etc/UTC",offset=0,dstSavings=0,useDaylight=false,transitions=0,lastRule=null],firstDayOfWeek=1,minimalDaysInFirstWeek=1,ERA=1,YEAR=2018,MONTH=2,WEEK_OF_YEAR=12,WEEK_OF_MONTH=4,DAY_OF_MONTH=21,DAY_OF_YEAR=80,DAY_OF_WEEK=4,DAY_OF_WEEK_IN_MONTH=3,AM_PM=1,HOUR=7,HOUR_OF_DAY=19,MINUTE=26,SECOND=20,MILLISECOND=295,ZONE_OFFSET=0,DST_OFFSET=0], message=null}
19:26:20.298 [main] DEBUG org.hibernate.SQL - insert into LogEntries (logCode, message, primaryUser, secondaryUser, time, id) values (?, ?, ?, ?, ?, ?)
Hibernate: insert into LogEntries (logCode, message, primaryUser, secondaryUser, time, id) values (?, ?, ?, ?, ?, ?)
19:26:20.301 [main] DEBUG o.h.e.j.internal.JdbcCoordinatorImpl - HHH000420: Closing un-released batch
19:26:20.301 [main] DEBUG o.h.e.t.internal.TransactionImpl - begin
19:26:20.301 [main] DEBUG org.hibernate.SQL - select next_val as id_val from hibernate_sequence for update
Hibernate: select next_val as id_val from hibernate_sequence for update
19:26:20.302 [main] DEBUG org.hibernate.SQL - update hibernate_sequence set next_val= ? where next_val=?
Hibernate: update hibernate_sequence set next_val= ? where next_val=?
19:26:20.303 [main] DEBUG o.h.e.i.AbstractSaveEventListener - Generated identifier: 365, using strategy: org.hibernate.id.enhanced.SequenceStyleGenerator
19:26:20.303 [main] DEBUG o.h.e.t.internal.TransactionImpl - committing
19:26:20.303 [main] DEBUG o.h.e.i.AbstractFlushingEventListener - Processing flush-time cascades
19:26:20.303 [main] DEBUG o.h.e.i.AbstractFlushingEventListener - Dirty checking collections
19:26:20.303 [main] DEBUG o.h.e.i.AbstractFlushingEventListener - Flushed: 1 insertions, 0 updates, 0 deletions to 1 objects
19:26:20.303 [main] DEBUG o.h.e.i.AbstractFlushingEventListener - Flushed: 0 (re)creations, 0 updates, 0 removals to 0 collections
19:26:20.303 [main] DEBUG o.h.internal.util.EntityPrinter - Listing entities:
19:26:20.303 [main] DEBUG o.h.internal.util.EntityPrinter - edu.ncsu.csc.itrust2.models.persistent.LogEntry{secondaryUser=null, logCode=5, primaryUser=logapitest, id=365, time=java.util.GregorianCalendar[time=1521660380301,areFieldsSet=true,areAllFieldsSet=true,lenient=true,zone=sun.util.calendar.ZoneInfo[id="Etc/UTC",offset=0,dstSavings=0,useDaylight=false,transitions=0,lastRule=null],firstDayOfWeek=1,minimalDaysInFirstWeek=1,ERA=1,YEAR=2018,MONTH=2,WEEK_OF_YEAR=12,WEEK_OF_MONTH=4,DAY_OF_MONTH=21,DAY_OF_YEAR=80,DAY_OF_WEEK=4,DAY_OF_WEEK_IN_MONTH=3,AM_PM=1,HOUR=7,HOUR_OF_DAY=19,MINUTE=26,SECOND=20,MILLISECOND=301,ZONE_OFFSET=0,DST_OFFSET=0], message=null}
19:26:20.304 [main] DEBUG org.hibernate.SQL - insert into LogEntries (logCode, message, primaryUser, secondaryUser, time, id) values (?, ?, ?, ?, ?, ?)
Hibernate: insert into LogEntries (logCode, message, primaryUser, secondaryUser, time, id) values (?, ?, ?, ?, ?, ?)
19:26:20.305 [main] DEBUG o.h.e.j.internal.JdbcCoordinatorImpl - HHH000420: Closing un-released batch
19:26:20.305 [main] DEBUG o.h.e.t.internal.TransactionImpl - begin
19:26:20.306 [main] DEBUG org.hibernate.SQL - select next_val as id_val from hibernate_sequence for update
Hibernate: select next_val as id_val from hibernate_sequence for update
19:26:20.306 [main] DEBUG org.hibernate.SQL - update hibernate_sequence set next_val= ? where next_val=?
Hibernate: update hibernate_sequence set next_val= ? where next_val=?
19:26:20.307 [main] DEBUG o.h.e.i.AbstractSaveEventListener - Generated identifier: 366, using strategy: org.hibernate.id.enhanced.SequenceStyleGenerator
19:26:20.308 [main] DEBUG o.h.e.t.internal.TransactionImpl - committing
19:26:20.308 [main] DEBUG o.h.e.i.AbstractFlushingEventListener - Processing flush-time cascades
19:26:20.308 [main] DEBUG o.h.e.i.AbstractFlushingEventListener - Dirty checking collections
19:26:20.308 [main] DEBUG o.h.e.i.AbstractFlushingEventListener - Flushed: 1 insertions, 0 updates, 0 deletions to 1 objects
19:26:20.308 [main] DEBUG o.h.e.i.AbstractFlushingEventListener - Flushed: 0 (re)creations, 0 updates, 0 removals to 0 collections
19:26:20.308 [main] DEBUG o.h.internal.util.EntityPrinter - Listing entities:
19:26:20.308 [main] DEBUG o.h.internal.util.EntityPrinter - edu.ncsu.csc.itrust2.models.persistent.LogEntry{secondaryUser=null, logCode=5, primaryUser=logapitest, id=366, time=java.util.GregorianCalendar[time=1521660380305,areFieldsSet=true,areAllFieldsSet=true,lenient=true,zone=sun.util.calendar.ZoneInfo[id="Etc/UTC",offset=0,dstSavings=0,useDaylight=false,transitions=0,lastRule=null],firstDayOfWeek=1,minimalDaysInFirstWeek=1,ERA=1,YEAR=2018,MONTH=2,WEEK_OF_YEAR=12,WEEK_OF_MONTH=4,DAY_OF_MONTH=21,DAY_OF_YEAR=80,DAY_OF_WEEK=4,DAY_OF_WEEK_IN_MONTH=3,AM_PM=1,HOUR=7,HOUR_OF_DAY=19,MINUTE=26,SECOND=20,MILLISECOND=305,ZONE_OFFSET=0,DST_OFFSET=0], message=null}
19:26:20.308 [main] DEBUG org.hibernate.SQL - insert into LogEntries (logCode, message, primaryUser, secondaryUser, time, id) values (?, ?, ?, ?, ?, ?)
Hibernate: insert into LogEntries (logCode, message, primaryUser, secondaryUser, time, id) values (?, ?, ?, ?, ?, ?)
19:26:20.309 [main] DEBUG o.h.e.j.internal.JdbcCoordinatorImpl - HHH000420: Closing un-released batch
19:26:20.310 [main] DEBUG o.h.e.t.internal.TransactionImpl - begin
19:26:20.310 [main] DEBUG org.hibernate.SQL - select next_val as id_val from hibernate_sequence for update
Hibernate: select next_val as id_val from hibernate_sequence for update
19:26:20.311 [main] DEBUG org.hibernate.SQL - update hibernate_sequence set next_val= ? where next_val=?
Hibernate: update hibernate_sequence set next_val= ? where next_val=?
19:26:20.312 [main] DEBUG o.h.e.i.AbstractSaveEventListener - Generated identifier: 367, using strategy: org.hibernate.id.enhanced.SequenceStyleGenerator
19:26:20.312 [main] DEBUG o.h.e.t.internal.TransactionImpl - committing
19:26:20.312 [main] DEBUG o.h.e.i.AbstractFlushingEventListener - Processing flush-time cascades
19:26:20.312 [main] DEBUG o.h.e.i.AbstractFlushingEventListener - Dirty checking collections
19:26:20.313 [main] DEBUG o.h.e.i.AbstractFlushingEventListener - Flushed: 1 insertions, 0 updates, 0 deletions to 1 objects
19:26:20.313 [main] DEBUG o.h.e.i.AbstractFlushingEventListener - Flushed: 0 (re)creations, 0 updates, 0 removals to 0 collections
19:26:20.313 [main] DEBUG o.h.internal.util.EntityPrinter - Listing entities:
19:26:20.313 [main] DEBUG o.h.internal.util.EntityPrinter - edu.ncsu.csc.itrust2.models.persistent.LogEntry{secondaryUser=null, logCode=5, primaryUser=logapitest, id=367, time=java.util.GregorianCalendar[time=1521660380310,areFieldsSet=true,areAllFieldsSet=true,lenient=true,zone=sun.util.calendar.ZoneInfo[id="Etc/UTC",offset=0,dstSavings=0,useDaylight=false,transitions=0,lastRule=null],firstDayOfWeek=1,minimalDaysInFirstWeek=1,ERA=1,YEAR=2018,MONTH=2,WEEK_OF_YEAR=12,WEEK_OF_MONTH=4,DAY_OF_MONTH=21,DAY_OF_YEAR=80,DAY_OF_WEEK=4,DAY_OF_WEEK_IN_MONTH=3,AM_PM=1,HOUR=7,HOUR_OF_DAY=19,MINUTE=26,SECOND=20,MILLISECOND=310,ZONE_OFFSET=0,DST_OFFSET=0], message=null}
19:26:20.313 [main] DEBUG org.hibernate.SQL - insert into LogEntries (logCode, message, primaryUser, secondaryUser, time, id) values (?, ?, ?, ?, ?, ?)
Hibernate: insert into LogEntries (logCode, message, primaryUser, secondaryUser, time, id) values (?, ?, ?, ?, ?, ?)
19:26:20.342 [main] DEBUG o.h.e.j.internal.JdbcCoordinatorImpl - HHH000420: Closing un-released batch
19:26:20.343 [main] DEBUG o.h.e.t.internal.TransactionImpl - begin
19:26:20.343 [main] DEBUG org.hibernate.SQL - select next_val as id_val from hibernate_sequence for update
Hibernate: select next_val as id_val from hibernate_sequence for update
19:26:20.344 [main] DEBUG org.hibernate.SQL - update hibernate_sequence set next_val= ? where next_val=?
Hibernate: update hibernate_sequence set next_val= ? where next_val=?
19:26:20.345 [main] DEBUG o.h.e.i.AbstractSaveEventListener - Generated identifier: 368, using strategy: org.hibernate.id.enhanced.SequenceStyleGenerator
19:26:20.345 [main] DEBUG o.h.e.t.internal.TransactionImpl - committing
19:26:20.345 [main] DEBUG o.h.e.i.AbstractFlushingEventListener - Processing flush-time cascades
19:26:20.345 [main] DEBUG o.h.e.i.AbstractFlushingEventListener - Dirty checking collections
19:26:20.345 [main] DEBUG o.h.e.i.AbstractFlushingEventListener - Flushed: 1 insertions, 0 updates, 0 deletions to 1 objects
19:26:20.345 [main] DEBUG o.h.e.i.AbstractFlushingEventListener - Flushed: 0 (re)creations, 0 updates, 0 removals to 0 collections
19:26:20.346 [main] DEBUG o.h.internal.util.EntityPrinter - Listing entities:
19:26:20.346 [main] DEBUG o.h.internal.util.EntityPrinter - edu.ncsu.csc.itrust2.models.persistent.LogEntry{secondaryUser=null, logCode=5, primaryUser=logapitest, id=368, time=java.util.GregorianCalendar[time=1521660380343,areFieldsSet=true,areAllFieldsSet=true,lenient=true,zone=sun.util.calendar.ZoneInfo[id="Etc/UTC",offset=0,dstSavings=0,useDaylight=false,transitions=0,lastRule=null],firstDayOfWeek=1,minimalDaysInFirstWeek=1,ERA=1,YEAR=2018,MONTH=2,WEEK_OF_YEAR=12,WEEK_OF_MONTH=4,DAY_OF_MONTH=21,DAY_OF_YEAR=80,DAY_OF_WEEK=4,DAY_OF_WEEK_IN_MONTH=3,AM_PM=1,HOUR=7,HOUR_OF_DAY=19,MINUTE=26,SECOND=20,MILLISECOND=343,ZONE_OFFSET=0,DST_OFFSET=0], message=null}
19:26:20.346 [main] DEBUG org.hibernate.SQL - insert into LogEntries (logCode, message, primaryUser, secondaryUser, time, id) values (?, ?, ?, ?, ?, ?)
Hibernate: insert into LogEntries (logCode, message, primaryUser, secondaryUser, time, id) values (?, ?, ?, ?, ?, ?)
19:26:20.347 [main] DEBUG o.h.e.j.internal.JdbcCoordinatorImpl - HHH000420: Closing un-released batch
19:26:20.347 [main] DEBUG o.h.e.t.internal.TransactionImpl - begin
19:26:20.348 [main] DEBUG org.hibernate.SQL - select next_val as id_val from hibernate_sequence for update
Hibernate: select next_val as id_val from hibernate_sequence for update
19:26:20.348 [main] DEBUG org.hibernate.SQL - update hibernate_sequence set next_val= ? where next_val=?
Hibernate: update hibernate_sequence set next_val= ? where next_val=?
19:26:20.349 [main] DEBUG o.h.e.i.AbstractSaveEventListener - Generated identifier: 369, using strategy: org.hibernate.id.enhanced.SequenceStyleGenerator
19:26:20.350 [main] DEBUG o.h.e.t.internal.TransactionImpl - committing
19:26:20.350 [main] DEBUG o.h.e.i.AbstractFlushingEventListener - Processing flush-time cascades
19:26:20.350 [main] DEBUG o.h.e.i.AbstractFlushingEventListener - Dirty checking collections
19:26:20.350 [main] DEBUG o.h.e.i.AbstractFlushingEventListener - Flushed: 1 insertions, 0 updates, 0 deletions to 1 objects
19:26:20.350 [main] DEBUG o.h.e.i.AbstractFlushingEventListener - Flushed: 0 (re)creations, 0 updates, 0 removals to 0 collections
19:26:20.350 [main] DEBUG o.h.internal.util.EntityPrinter - Listing entities:
19:26:20.350 [main] DEBUG o.h.internal.util.EntityPrinter - edu.ncsu.csc.itrust2.models.persistent.LogEntry{secondaryUser=null, logCode=5, primaryUser=logapitest, id=369, time=java.util.GregorianCalendar[time=1521660380347,areFieldsSet=true,areAllFieldsSet=true,lenient=true,zone=sun.util.calendar.ZoneInfo[id="Etc/UTC",offset=0,dstSavings=0,useDaylight=false,transitions=0,lastRule=null],firstDayOfWeek=1,minimalDaysInFirstWeek=1,ERA=1,YEAR=2018,MONTH=2,WEEK_OF_YEAR=12,WEEK_OF_MONTH=4,DAY_OF_MONTH=21,DAY_OF_YEAR=80,DAY_OF_WEEK=4,DAY_OF_WEEK_IN_MONTH=3,AM_PM=1,HOUR=7,HOUR_OF_DAY=19,MINUTE=26,SECOND=20,MILLISECOND=347,ZONE_OFFSET=0,DST_OFFSET=0], message=null}
19:26:20.351 [main] DEBUG org.hibernate.SQL - insert into LogEntries (logCode, message, primaryUser, secondaryUser, time, id) values (?, ?, ?, ?, ?, ?)
Hibernate: insert into LogEntries (logCode, message, primaryUser, secondaryUser, time, id) values (?, ?, ?, ?, ?, ?)
19:26:20.352 [main] DEBUG o.h.e.j.internal.JdbcCoordinatorImpl - HHH000420: Closing un-released batch
19:26:20.353 [main] DEBUG o.h.e.t.internal.TransactionImpl - begin
19:26:20.353 [main] DEBUG org.hibernate.SQL - select next_val as id_val from hibernate_sequence for update
Hibernate: select next_val as id_val from hibernate_sequence for update
19:26:20.354 [main] DEBUG org.hibernate.SQL - update hibernate_sequence set next_val= ? where next_val=?
Hibernate: update hibernate_sequence set next_val= ? where next_val=?
19:26:20.354 [main] DEBUG o.h.e.i.AbstractSaveEventListener - Generated identifier: 370, using strategy: org.hibernate.id.enhanced.SequenceStyleGenerator
19:26:20.354 [main] DEBUG o.h.e.t.internal.TransactionImpl - committing
19:26:20.355 [main] DEBUG o.h.e.i.AbstractFlushingEventListener - Processing flush-time cascades
19:26:20.355 [main] DEBUG o.h.e.i.AbstractFlushingEventListener - Dirty checking collections
19:26:20.355 [main] DEBUG o.h.e.i.AbstractFlushingEventListener - Flushed: 1 insertions, 0 updates, 0 deletions to 1 objects
19:26:20.355 [main] DEBUG o.h.e.i.AbstractFlushingEventListener - Flushed: 0 (re)creations, 0 updates, 0 removals to 0 collections
19:26:20.355 [main] DEBUG o.h.internal.util.EntityPrinter - Listing entities:
19:26:20.355 [main] DEBUG o.h.internal.util.EntityPrinter - edu.ncsu.csc.itrust2.models.persistent.LogEntry{secondaryUser=null, logCode=5, primaryUser=logapitest, id=370, time=java.util.GregorianCalendar[time=1521660380353,areFieldsSet=true,areAllFieldsSet=true,lenient=true,zone=sun.util.calendar.ZoneInfo[id="Etc/UTC",offset=0,dstSavings=0,useDaylight=false,transitions=0,lastRule=null],firstDayOfWeek=1,minimalDaysInFirstWeek=1,ERA=1,YEAR=2018,MONTH=2,WEEK_OF_YEAR=12,WEEK_OF_MONTH=4,DAY_OF_MONTH=21,DAY_OF_YEAR=80,DAY_OF_WEEK=4,DAY_OF_WEEK_IN_MONTH=3,AM_PM=1,HOUR=7,HOUR_OF_DAY=19,MINUTE=26,SECOND=20,MILLISECOND=353,ZONE_OFFSET=0,DST_OFFSET=0], message=null}
19:26:20.355 [main] DEBUG org.hibernate.SQL - insert into LogEntries (logCode, message, primaryUser, secondaryUser, time, id) values (?, ?, ?, ?, ?, ?)
Hibernate: insert into LogEntries (logCode, message, primaryUser, secondaryUser, time, id) values (?, ?, ?, ?, ?, ?)
19:26:20.357 [main] DEBUG o.h.e.j.internal.JdbcCoordinatorImpl - HHH000420: Closing un-released batch
19:26:20.357 [main] DEBUG o.h.e.t.internal.TransactionImpl - begin
19:26:20.358 [main] DEBUG org.hibernate.SQL - select next_val as id_val from hibernate_sequence for update
Hibernate: select next_val as id_val from hibernate_sequence for update
19:26:20.361 [main] DEBUG org.hibernate.SQL - update hibernate_sequence set next_val= ? where next_val=?
Hibernate: update hibernate_sequence set next_val= ? where next_val=?
19:26:20.362 [main] DEBUG o.h.e.i.AbstractSaveEventListener - Generated identifier: 371, using strategy: org.hibernate.id.enhanced.SequenceStyleGenerator
19:26:20.363 [main] DEBUG o.h.e.t.internal.TransactionImpl - committing
19:26:20.363 [main] DEBUG o.h.e.i.AbstractFlushingEventListener - Processing flush-time cascades
19:26:20.363 [main] DEBUG o.h.e.i.AbstractFlushingEventListener - Dirty checking collections
19:26:20.363 [main] DEBUG o.h.e.i.AbstractFlushingEventListener - Flushed: 1 insertions, 0 updates, 0 deletions to 1 objects
19:26:20.363 [main] DEBUG o.h.e.i.AbstractFlushingEventListener - Flushed: 0 (re)creations, 0 updates, 0 removals to 0 collections
19:26:20.363 [main] DEBUG o.h.internal.util.EntityPrinter - Listing entities:
19:26:20.363 [main] DEBUG o.h.internal.util.EntityPrinter - edu.ncsu.csc.itrust2.models.persistent.LogEntry{secondaryUser=null, logCode=5, primaryUser=logapitest, id=371, time=java.util.GregorianCalendar[time=1521660380357,areFieldsSet=true,areAllFieldsSet=true,lenient=true,zone=sun.util.calendar.ZoneInfo[id="Etc/UTC",offset=0,dstSavings=0,useDaylight=false,transitions=0,lastRule=null],firstDayOfWeek=1,minimalDaysInFirstWeek=1,ERA=1,YEAR=2018,MONTH=2,WEEK_OF_YEAR=12,WEEK_OF_MONTH=4,DAY_OF_MONTH=21,DAY_OF_YEAR=80,DAY_OF_WEEK=4,DAY_OF_WEEK_IN_MONTH=3,AM_PM=1,HOUR=7,HOUR_OF_DAY=19,MINUTE=26,SECOND=20,MILLISECOND=357,ZONE_OFFSET=0,DST_OFFSET=0], message=null}
19:26:20.363 [main] DEBUG org.hibernate.SQL - insert into LogEntries (logCode, message, primaryUser, secondaryUser, time, id) values (?, ?, ?, ?, ?, ?)
Hibernate: insert into LogEntries (logCode, message, primaryUser, secondaryUser, time, id) values (?, ?, ?, ?, ?, ?)
19:26:20.365 [main] DEBUG o.h.e.j.internal.JdbcCoordinatorImpl - HHH000420: Closing un-released batch
19:26:20.365 [main] DEBUG o.h.e.t.internal.TransactionImpl - begin
19:26:20.365 [main] DEBUG org.hibernate.SQL - select next_val as id_val from hibernate_sequence for update
Hibernate: select next_val as id_val from hibernate_sequence for update
19:26:20.366 [main] DEBUG org.hibernate.SQL - update hibernate_sequence set next_val= ? where next_val=?
Hibernate: update hibernate_sequence set next_val= ? where next_val=?
19:26:20.366 [main] DEBUG o.h.e.i.AbstractSaveEventListener - Generated identifier: 372, using strategy: org.hibernate.id.enhanced.SequenceStyleGenerator
19:26:20.367 [main] DEBUG o.h.e.t.internal.TransactionImpl - committing
19:26:20.367 [main] DEBUG o.h.e.i.AbstractFlushingEventListener - Processing flush-time cascades
19:26:20.367 [main] DEBUG o.h.e.i.AbstractFlushingEventListener - Dirty checking collections
19:26:20.367 [main] DEBUG o.h.e.i.AbstractFlushingEventListener - Flushed: 1 insertions, 0 updates, 0 deletions to 1 objects
19:26:20.367 [main] DEBUG o.h.e.i.AbstractFlushingEventListener - Flushed: 0 (re)creations, 0 updates, 0 removals to 0 collections
19:26:20.367 [main] DEBUG o.h.internal.util.EntityPrinter - Listing entities:
19:26:20.367 [main] DEBUG o.h.internal.util.EntityPrinter - edu.ncsu.csc.itrust2.models.persistent.LogEntry{secondaryUser=null, logCode=5, primaryUser=logapitest, id=372, time=java.util.GregorianCalendar[time=1521660380365,areFieldsSet=true,areAllFieldsSet=true,lenient=true,zone=sun.util.calendar.ZoneInfo[id="Etc/UTC",offset=0,dstSavings=0,useDaylight=false,transitions=0,lastRule=null],firstDayOfWeek=1,minimalDaysInFirstWeek=1,ERA=1,YEAR=2018,MONTH=2,WEEK_OF_YEAR=12,WEEK_OF_MONTH=4,DAY_OF_MONTH=21,DAY_OF_YEAR=80,DAY_OF_WEEK=4,DAY_OF_WEEK_IN_MONTH=3,AM_PM=1,HOUR=7,HOUR_OF_DAY=19,MINUTE=26,SECOND=20,MILLISECOND=365,ZONE_OFFSET=0,DST_OFFSET=0], message=null}
19:26:20.368 [main] DEBUG org.hibernate.SQL - insert into LogEntries (logCode, message, primaryUser, secondaryUser, time, id) values (?, ?, ?, ?, ?, ?)
Hibernate: insert into LogEntries (logCode, message, primaryUser, secondaryUser, time, id) values (?, ?, ?, ?, ?, ?)
19:26:20.369 [main] DEBUG o.h.e.j.internal.JdbcCoordinatorImpl - HHH000420: Closing un-released batch
19:26:20.370 [main] DEBUG o.h.e.t.internal.TransactionImpl - begin
19:26:20.371 [main] DEBUG org.hibernate.SQL - select next_val as id_val from hibernate_sequence for update
Hibernate: select next_val as id_val from hibernate_sequence for update
19:26:20.371 [main] DEBUG org.hibernate.SQL - update hibernate_sequence set next_val= ? where next_val=?
Hibernate: update hibernate_sequence set next_val= ? where next_val=?
19:26:20.372 [main] DEBUG o.h.e.i.AbstractSaveEventListener - Generated identifier: 373, using strategy: org.hibernate.id.enhanced.SequenceStyleGenerator
19:26:20.374 [main] DEBUG o.h.e.t.internal.TransactionImpl - committing
19:26:20.374 [main] DEBUG o.h.e.i.AbstractFlushingEventListener - Processing flush-time cascades
19:26:20.374 [main] DEBUG o.h.e.i.AbstractFlushingEventListener - Dirty checking collections
19:26:20.374 [main] DEBUG o.h.e.i.AbstractFlushingEventListener - Flushed: 1 insertions, 0 updates, 0 deletions to 1 objects
19:26:20.374 [main] DEBUG o.h.e.i.AbstractFlushingEventListener - Flushed: 0 (re)creations, 0 updates, 0 removals to 0 collections
19:26:20.375 [main] DEBUG o.h.internal.util.EntityPrinter - Listing entities:
19:26:20.375 [main] DEBUG o.h.internal.util.EntityPrinter - edu.ncsu.csc.itrust2.models.persistent.LogEntry{secondaryUser=null, logCode=5, primaryUser=logapitest, id=373, time=java.util.GregorianCalendar[time=1521660380370,areFieldsSet=true,areAllFieldsSet=true,lenient=true,zone=sun.util.calendar.ZoneInfo[id="Etc/UTC",offset=0,dstSavings=0,useDaylight=false,transitions=0,lastRule=null],firstDayOfWeek=1,minimalDaysInFirstWeek=1,ERA=1,YEAR=2018,MONTH=2,WEEK_OF_YEAR=12,WEEK_OF_MONTH=4,DAY_OF_MONTH=21,DAY_OF_YEAR=80,DAY_OF_WEEK=4,DAY_OF_WEEK_IN_MONTH=3,AM_PM=1,HOUR=7,HOUR_OF_DAY=19,MINUTE=26,SECOND=20,MILLISECOND=370,ZONE_OFFSET=0,DST_OFFSET=0], message=null}
19:26:20.380 [main] DEBUG org.hibernate.SQL - insert into LogEntries (logCode, message, primaryUser, secondaryUser, time, id) values (?, ?, ?, ?, ?, ?)
Hibernate: insert into LogEntries (logCode, message, primaryUser, secondaryUser, time, id) values (?, ?, ?, ?, ?, ?)
19:26:20.385 [main] DEBUG o.h.e.j.internal.JdbcCoordinatorImpl - HHH000420: Closing un-released batch
19:26:20.386 [main] DEBUG o.h.e.t.internal.TransactionImpl - begin
19:26:20.390 [main] DEBUG org.hibernate.SQL - select next_val as id_val from hibernate_sequence for update
Hibernate: select next_val as id_val from hibernate_sequence for update
19:26:20.391 [main] DEBUG org.hibernate.SQL - update hibernate_sequence set next_val= ? where next_val=?
Hibernate: update hibernate_sequence set next_val= ? where next_val=?
19:26:20.392 [main] DEBUG o.h.e.i.AbstractSaveEventListener - Generated identifier: 374, using strategy: org.hibernate.id.enhanced.SequenceStyleGenerator
19:26:20.392 [main] DEBUG o.h.e.t.internal.TransactionImpl - committing
19:26:20.392 [main] DEBUG o.h.e.i.AbstractFlushingEventListener - Processing flush-time cascades
19:26:20.392 [main] DEBUG o.h.e.i.AbstractFlushingEventListener - Dirty checking collections
19:26:20.392 [main] DEBUG o.h.e.i.AbstractFlushingEventListener - Flushed: 1 insertions, 0 updates, 0 deletions to 1 objects
19:26:20.392 [main] DEBUG o.h.e.i.AbstractFlushingEventListener - Flushed: 0 (re)creations, 0 updates, 0 removals to 0 collections
19:26:20.392 [main] DEBUG o.h.internal.util.EntityPrinter - Listing entities:
19:26:20.392 [main] DEBUG o.h.internal.util.EntityPrinter - edu.ncsu.csc.itrust2.models.persistent.LogEntry{secondaryUser=null, logCode=5, primaryUser=logapitest, id=374, time=java.util.GregorianCalendar[time=1521660380386,areFieldsSet=true,areAllFieldsSet=true,lenient=true,zone=sun.util.calendar.ZoneInfo[id="Etc/UTC",offset=0,dstSavings=0,useDaylight=false,transitions=0,lastRule=null],firstDayOfWeek=1,minimalDaysInFirstWeek=1,ERA=1,YEAR=2018,MONTH=2,WEEK_OF_YEAR=12,WEEK_OF_MONTH=4,DAY_OF_MONTH=21,DAY_OF_YEAR=80,DAY_OF_WEEK=4,DAY_OF_WEEK_IN_MONTH=3,AM_PM=1,HOUR=7,HOUR_OF_DAY=19,MINUTE=26,SECOND=20,MILLISECOND=386,ZONE_OFFSET=0,DST_OFFSET=0], message=null}
19:26:20.393 [main] DEBUG org.hibernate.SQL - insert into LogEntries (logCode, message, primaryUser, secondaryUser, time, id) values (?, ?, ?, ?, ?, ?)
Hibernate: insert into LogEntries (logCode, message, primaryUser, secondaryUser, time, id) values (?, ?, ?, ?, ?, ?)
19:26:20.394 [main] DEBUG o.h.e.j.internal.JdbcCoordinatorImpl - HHH000420: Closing un-released batch
19:26:20.395 [main] DEBUG o.h.e.t.internal.TransactionImpl - begin
19:26:20.395 [main] DEBUG org.hibernate.SQL - select next_val as id_val from hibernate_sequence for update
Hibernate: select next_val as id_val from hibernate_sequence for update
19:26:20.396 [main] DEBUG org.hibernate.SQL - update hibernate_sequence set next_val= ? where next_val=?
Hibernate: update hibernate_sequence set next_val= ? where next_val=?
19:26:20.397 [main] DEBUG o.h.e.i.AbstractSaveEventListener - Generated identifier: 375, using strategy: org.hibernate.id.enhanced.SequenceStyleGenerator
19:26:20.397 [main] DEBUG o.h.e.t.internal.TransactionImpl - committing
19:26:20.397 [main] DEBUG o.h.e.i.AbstractFlushingEventListener - Processing flush-time cascades
19:26:20.397 [main] DEBUG o.h.e.i.AbstractFlushingEventListener - Dirty checking collections
19:26:20.398 [main] DEBUG o.h.e.i.AbstractFlushingEventListener - Flushed: 1 insertions, 0 updates, 0 deletions to 1 objects
19:26:20.398 [main] DEBUG o.h.e.i.AbstractFlushingEventListener - Flushed: 0 (re)creations, 0 updates, 0 removals to 0 collections
19:26:20.398 [main] DEBUG o.h.internal.util.EntityPrinter - Listing entities:
19:26:20.398 [main] DEBUG o.h.internal.util.EntityPrinter - edu.ncsu.csc.itrust2.models.persistent.LogEntry{secondaryUser=null, logCode=5, primaryUser=logapitest, id=375, time=java.util.GregorianCalendar[time=1521660380395,areFieldsSet=true,areAllFieldsSet=true,lenient=true,zone=sun.util.calendar.ZoneInfo[id="Etc/UTC",offset=0,dstSavings=0,useDaylight=false,transitions=0,lastRule=null],firstDayOfWeek=1,minimalDaysInFirstWeek=1,ERA=1,YEAR=2018,MONTH=2,WEEK_OF_YEAR=12,WEEK_OF_MONTH=4,DAY_OF_MONTH=21,DAY_OF_YEAR=80,DAY_OF_WEEK=4,DAY_OF_WEEK_IN_MONTH=3,AM_PM=1,HOUR=7,HOUR_OF_DAY=19,MINUTE=26,SECOND=20,MILLISECOND=395,ZONE_OFFSET=0,DST_OFFSET=0], message=null}
19:26:20.399 [main] DEBUG org.hibernate.SQL - insert into LogEntries (logCode, message, primaryUser, secondaryUser, time, id) values (?, ?, ?, ?, ?, ?)
Hibernate: insert into LogEntries (logCode, message, primaryUser, secondaryUser, time, id) values (?, ?, ?, ?, ?, ?)
19:26:20.403 [main] DEBUG o.h.e.j.internal.JdbcCoordinatorImpl - HHH000420: Closing un-released batch
19:26:20.404 [main] DEBUG o.h.e.t.internal.TransactionImpl - begin
19:26:20.407 [main] DEBUG org.hibernate.SQL - select next_val as id_val from hibernate_sequence for update
Hibernate: select next_val as id_val from hibernate_sequence for update
19:26:20.407 [main] DEBUG org.hibernate.SQL - update hibernate_sequence set next_val= ? where next_val=?
Hibernate: update hibernate_sequence set next_val= ? where next_val=?
19:26:20.408 [main] DEBUG o.h.e.i.AbstractSaveEventListener - Generated identifier: 376, using strategy: org.hibernate.id.enhanced.SequenceStyleGenerator
19:26:20.409 [main] DEBUG o.h.e.t.internal.TransactionImpl - committing
19:26:20.409 [main] DEBUG o.h.e.i.AbstractFlushingEventListener - Processing flush-time cascades
19:26:20.409 [main] DEBUG o.h.e.i.AbstractFlushingEventListener - Dirty checking collections
19:26:20.409 [main] DEBUG o.h.e.i.AbstractFlushingEventListener - Flushed: 1 insertions, 0 updates, 0 deletions to 1 objects
19:26:20.409 [main] DEBUG o.h.e.i.AbstractFlushingEventListener - Flushed: 0 (re)creations, 0 updates, 0 removals to 0 collections
19:26:20.409 [main] DEBUG o.h.internal.util.EntityPrinter - Listing entities:
19:26:20.409 [main] DEBUG o.h.internal.util.EntityPrinter - edu.ncsu.csc.itrust2.models.persistent.LogEntry{secondaryUser=null, logCode=5, primaryUser=logapitest, id=376, time=java.util.GregorianCalendar[time=1521660380404,areFieldsSet=true,areAllFieldsSet=true,lenient=true,zone=sun.util.calendar.ZoneInfo[id="Etc/UTC",offset=0,dstSavings=0,useDaylight=false,transitions=0,lastRule=null],firstDayOfWeek=1,minimalDaysInFirstWeek=1,ERA=1,YEAR=2018,MONTH=2,WEEK_OF_YEAR=12,WEEK_OF_MONTH=4,DAY_OF_MONTH=21,DAY_OF_YEAR=80,DAY_OF_WEEK=4,DAY_OF_WEEK_IN_MONTH=3,AM_PM=1,HOUR=7,HOUR_OF_DAY=19,MINUTE=26,SECOND=20,MILLISECOND=404,ZONE_OFFSET=0,DST_OFFSET=0], message=null}
19:26:20.409 [main] DEBUG org.hibernate.SQL - insert into LogEntries (logCode, message, primaryUser, secondaryUser, time, id) values (?, ?, ?, ?, ?, ?)
Hibernate: insert into LogEntries (logCode, message, primaryUser, secondaryUser, time, id) values (?, ?, ?, ?, ?, ?)
19:26:20.411 [main] DEBUG o.h.e.j.internal.JdbcCoordinatorImpl - HHH000420: Closing un-released batch
19:26:20.411 [main] DEBUG o.h.e.t.internal.TransactionImpl - begin
19:26:20.414 [main] DEBUG org.hibernate.SQL - select next_val as id_val from hibernate_sequence for update
Hibernate: select next_val as id_val from hibernate_sequence for update
19:26:20.415 [main] DEBUG org.hibernate.SQL - update hibernate_sequence set next_val= ? where next_val=?
Hibernate: update hibernate_sequence set next_val= ? where next_val=?
19:26:20.416 [main] DEBUG o.h.e.i.AbstractSaveEventListener - Generated identifier: 377, using strategy: org.hibernate.id.enhanced.SequenceStyleGenerator
19:26:20.417 [main] DEBUG o.h.e.t.internal.TransactionImpl - committing
19:26:20.417 [main] DEBUG o.h.e.i.AbstractFlushingEventListener - Processing flush-time cascades
19:26:20.417 [main] DEBUG o.h.e.i.AbstractFlushingEventListener - Dirty checking collections
19:26:20.417 [main] DEBUG o.h.e.i.AbstractFlushingEventListener - Flushed: 1 insertions, 0 updates, 0 deletions to 1 objects
19:26:20.417 [main] DEBUG o.h.e.i.AbstractFlushingEventListener - Flushed: 0 (re)creations, 0 updates, 0 removals to 0 collections
19:26:20.417 [main] DEBUG o.h.internal.util.EntityPrinter - Listing entities:
19:26:20.417 [main] DEBUG o.h.internal.util.EntityPrinter - edu.ncsu.csc.itrust2.models.persistent.LogEntry{secondaryUser=null, logCode=5, primaryUser=logapitest, id=377, time=java.util.GregorianCalendar[time=1521660380411,areFieldsSet=true,areAllFieldsSet=true,lenient=true,zone=sun.util.calendar.ZoneInfo[id="Etc/UTC",offset=0,dstSavings=0,useDaylight=false,transitions=0,lastRule=null],firstDayOfWeek=1,minimalDaysInFirstWeek=1,ERA=1,YEAR=2018,MONTH=2,WEEK_OF_YEAR=12,WEEK_OF_MONTH=4,DAY_OF_MONTH=21,DAY_OF_YEAR=80,DAY_OF_WEEK=4,DAY_OF_WEEK_IN_MONTH=3,AM_PM=1,HOUR=7,HOUR_OF_DAY=19,MINUTE=26,SECOND=20,MILLISECOND=411,ZONE_OFFSET=0,DST_OFFSET=0], message=null}
19:26:20.418 [main] DEBUG org.hibernate.SQL - insert into LogEntries (logCode, message, primaryUser, secondaryUser, time, id) values (?, ?, ?, ?, ?, ?)
Hibernate: insert into LogEntries (logCode, message, primaryUser, secondaryUser, time, id) values (?, ?, ?, ?, ?, ?)
19:26:20.420 [main] DEBUG o.h.e.j.internal.JdbcCoordinatorImpl - HHH000420: Closing un-released batch
19:26:20.420 [main] DEBUG o.h.e.t.internal.TransactionImpl - begin
19:26:20.420 [main] DEBUG org.hibernate.SQL - select next_val as id_val from hibernate_sequence for update
Hibernate: select next_val as id_val from hibernate_sequence for update
19:26:20.421 [main] DEBUG org.hibernate.SQL - update hibernate_sequence set next_val= ? where next_val=?
Hibernate: update hibernate_sequence set next_val= ? where next_val=?
19:26:20.422 [main] DEBUG o.h.e.i.AbstractSaveEventListener - Generated identifier: 378, using strategy: org.hibernate.id.enhanced.SequenceStyleGenerator
19:26:20.422 [main] DEBUG o.h.e.t.internal.TransactionImpl - committing
19:26:20.422 [main] DEBUG o.h.e.i.AbstractFlushingEventListener - Processing flush-time cascades
19:26:20.422 [main] DEBUG o.h.e.i.AbstractFlushingEventListener - Dirty checking collections
19:26:20.422 [main] DEBUG o.h.e.i.AbstractFlushingEventListener - Flushed: 1 insertions, 0 updates, 0 deletions to 1 objects
19:26:20.422 [main] DEBUG o.h.e.i.AbstractFlushingEventListener - Flushed: 0 (re)creations, 0 updates, 0 removals to 0 collections
19:26:20.423 [main] DEBUG o.h.internal.util.EntityPrinter - Listing entities:
19:26:20.423 [main] DEBUG o.h.internal.util.EntityPrinter - edu.ncsu.csc.itrust2.models.persistent.LogEntry{secondaryUser=null, logCode=5, primaryUser=logapitest, id=378, time=java.util.GregorianCalendar[time=1521660380420,areFieldsSet=true,areAllFieldsSet=true,lenient=true,zone=sun.util.calendar.ZoneInfo[id="Etc/UTC",offset=0,dstSavings=0,useDaylight=false,transitions=0,lastRule=null],firstDayOfWeek=1,minimalDaysInFirstWeek=1,ERA=1,YEAR=2018,MONTH=2,WEEK_OF_YEAR=12,WEEK_OF_MONTH=4,DAY_OF_MONTH=21,DAY_OF_YEAR=80,DAY_OF_WEEK=4,DAY_OF_WEEK_IN_MONTH=3,AM_PM=1,HOUR=7,HOUR_OF_DAY=19,MINUTE=26,SECOND=20,MILLISECOND=420,ZONE_OFFSET=0,DST_OFFSET=0], message=null}
19:26:20.423 [main] DEBUG org.hibernate.SQL - insert into LogEntries (logCode, message, primaryUser, secondaryUser, time, id) values (?, ?, ?, ?, ?, ?)
Hibernate: insert into LogEntries (logCode, message, primaryUser, secondaryUser, time, id) values (?, ?, ?, ?, ?, ?)
19:26:20.427 [main] DEBUG o.h.e.j.internal.JdbcCoordinatorImpl - HHH000420: Closing un-released batch
19:26:20.427 [main] DEBUG o.h.e.t.internal.TransactionImpl - begin
19:26:20.428 [main] DEBUG org.hibernate.SQL - select next_val as id_val from hibernate_sequence for update
Hibernate: select next_val as id_val from hibernate_sequence for update
19:26:20.428 [main] DEBUG org.hibernate.SQL - update hibernate_sequence set next_val= ? where next_val=?
Hibernate: update hibernate_sequence set next_val= ? where next_val=?
19:26:20.429 [main] DEBUG o.h.e.i.AbstractSaveEventListener - Generated identifier: 379, using strategy: org.hibernate.id.enhanced.SequenceStyleGenerator
19:26:20.429 [main] DEBUG o.h.e.t.internal.TransactionImpl - committing
19:26:20.429 [main] DEBUG o.h.e.i.AbstractFlushingEventListener - Processing flush-time cascades
19:26:20.429 [main] DEBUG o.h.e.i.AbstractFlushingEventListener - Dirty checking collections
19:26:20.430 [main] DEBUG o.h.e.i.AbstractFlushingEventListener - Flushed: 1 insertions, 0 updates, 0 deletions to 1 objects
19:26:20.430 [main] DEBUG o.h.e.i.AbstractFlushingEventListener - Flushed: 0 (re)creations, 0 updates, 0 removals to 0 collections
19:26:20.430 [main] DEBUG o.h.internal.util.EntityPrinter - Listing entities:
19:26:20.430 [main] DEBUG o.h.internal.util.EntityPrinter - edu.ncsu.csc.itrust2.models.persistent.LogEntry{secondaryUser=null, logCode=5, primaryUser=logapitest, id=379, time=java.util.GregorianCalendar[time=1521660380427,areFieldsSet=true,areAllFieldsSet=true,lenient=true,zone=sun.util.calendar.ZoneInfo[id="Etc/UTC",offset=0,dstSavings=0,useDaylight=false,transitions=0,lastRule=null],firstDayOfWeek=1,minimalDaysInFirstWeek=1,ERA=1,YEAR=2018,MONTH=2,WEEK_OF_YEAR=12,WEEK_OF_MONTH=4,DAY_OF_MONTH=21,DAY_OF_YEAR=80,DAY_OF_WEEK=4,DAY_OF_WEEK_IN_MONTH=3,AM_PM=1,HOUR=7,HOUR_OF_DAY=19,MINUTE=26,SECOND=20,MILLISECOND=427,ZONE_OFFSET=0,DST_OFFSET=0], message=null}
19:26:20.430 [main] DEBUG org.hibernate.SQL - insert into LogEntries (logCode, message, primaryUser, secondaryUser, time, id) values (?, ?, ?, ?, ?, ?)
Hibernate: insert into LogEntries (logCode, message, primaryUser, secondaryUser, time, id) values (?, ?, ?, ?, ?, ?)
19:26:20.433 [main] DEBUG o.h.e.j.internal.JdbcCoordinatorImpl - HHH000420: Closing un-released batch
19:26:20.433 [main] DEBUG o.h.e.t.internal.TransactionImpl - begin
19:26:20.434 [main] DEBUG org.hibernate.SQL - select next_val as id_val from hibernate_sequence for update
Hibernate: select next_val as id_val from hibernate_sequence for update
19:26:20.434 [main] DEBUG org.hibernate.SQL - update hibernate_sequence set next_val= ? where next_val=?
Hibernate: update hibernate_sequence set next_val= ? where next_val=?
19:26:20.435 [main] DEBUG o.h.e.i.AbstractSaveEventListener - Generated identifier: 380, using strategy: org.hibernate.id.enhanced.SequenceStyleGenerator
19:26:20.436 [main] DEBUG o.h.e.t.internal.TransactionImpl - committing
19:26:20.436 [main] DEBUG o.h.e.i.AbstractFlushingEventListener - Processing flush-time cascades
19:26:20.436 [main] DEBUG o.h.e.i.AbstractFlushingEventListener - Dirty checking collections
19:26:20.436 [main] DEBUG o.h.e.i.AbstractFlushingEventListener - Flushed: 1 insertions, 0 updates, 0 deletions to 1 objects
19:26:20.436 [main] DEBUG o.h.e.i.AbstractFlushingEventListener - Flushed: 0 (re)creations, 0 updates, 0 removals to 0 collections
19:26:20.436 [main] DEBUG o.h.internal.util.EntityPrinter - Listing entities:
19:26:20.436 [main] DEBUG o.h.internal.util.EntityPrinter - edu.ncsu.csc.itrust2.models.persistent.LogEntry{secondaryUser=null, logCode=5, primaryUser=logapitest, id=380, time=java.util.GregorianCalendar[time=1521660380433,areFieldsSet=true,areAllFieldsSet=true,lenient=true,zone=sun.util.calendar.ZoneInfo[id="Etc/UTC",offset=0,dstSavings=0,useDaylight=false,transitions=0,lastRule=null],firstDayOfWeek=1,minimalDaysInFirstWeek=1,ERA=1,YEAR=2018,MONTH=2,WEEK_OF_YEAR=12,WEEK_OF_MONTH=4,DAY_OF_MONTH=21,DAY_OF_YEAR=80,DAY_OF_WEEK=4,DAY_OF_WEEK_IN_MONTH=3,AM_PM=1,HOUR=7,HOUR_OF_DAY=19,MINUTE=26,SECOND=20,MILLISECOND=433,ZONE_OFFSET=0,DST_OFFSET=0], message=null}
19:26:20.437 [main] DEBUG org.hibernate.SQL - insert into LogEntries (logCode, message, primaryUser, secondaryUser, time, id) values (?, ?, ?, ?, ?, ?)
Hibernate: insert into LogEntries (logCode, message, primaryUser, secondaryUser, time, id) values (?, ?, ?, ?, ?, ?)
19:26:20.439 [main] DEBUG o.h.e.j.internal.JdbcCoordinatorImpl - HHH000420: Closing un-released batch
19:26:20.440 [main] DEBUG o.h.e.t.internal.TransactionImpl - begin
19:26:20.440 [main] DEBUG org.hibernate.SQL - select next_val as id_val from hibernate_sequence for update
Hibernate: select next_val as id_val from hibernate_sequence for update
19:26:20.441 [main] DEBUG org.hibernate.SQL - update hibernate_sequence set next_val= ? where next_val=?
Hibernate: update hibernate_sequence set next_val= ? where next_val=?
19:26:20.443 [main] DEBUG o.h.e.i.AbstractSaveEventListener - Generated identifier: 381, using strategy: org.hibernate.id.enhanced.SequenceStyleGenerator
19:26:20.443 [main] DEBUG o.h.e.t.internal.TransactionImpl - committing
19:26:20.443 [main] DEBUG o.h.e.i.AbstractFlushingEventListener - Processing flush-time cascades
19:26:20.443 [main] DEBUG o.h.e.i.AbstractFlushingEventListener - Dirty checking collections
19:26:20.444 [main] DEBUG o.h.e.i.AbstractFlushingEventListener - Flushed: 1 insertions, 0 updates, 0 deletions to 1 objects
19:26:20.444 [main] DEBUG o.h.e.i.AbstractFlushingEventListener - Flushed: 0 (re)creations, 0 updates, 0 removals to 0 collections
19:26:20.444 [main] DEBUG o.h.internal.util.EntityPrinter - Listing entities:
19:26:20.444 [main] DEBUG o.h.internal.util.EntityPrinter - edu.ncsu.csc.itrust2.models.persistent.LogEntry{secondaryUser=null, logCode=5, primaryUser=logapitest, id=381, time=java.util.GregorianCalendar[time=1521660380439,areFieldsSet=true,areAllFieldsSet=true,lenient=true,zone=sun.util.calendar.ZoneInfo[id="Etc/UTC",offset=0,dstSavings=0,useDaylight=false,transitions=0,lastRule=null],firstDayOfWeek=1,minimalDaysInFirstWeek=1,ERA=1,YEAR=2018,MONTH=2,WEEK_OF_YEAR=12,WEEK_OF_MONTH=4,DAY_OF_MONTH=21,DAY_OF_YEAR=80,DAY_OF_WEEK=4,DAY_OF_WEEK_IN_MONTH=3,AM_PM=1,HOUR=7,HOUR_OF_DAY=19,MINUTE=26,SECOND=20,MILLISECOND=439,ZONE_OFFSET=0,DST_OFFSET=0], message=null}
19:26:20.444 [main] DEBUG org.hibernate.SQL - insert into LogEntries (logCode, message, primaryUser, secondaryUser, time, id) values (?, ?, ?, ?, ?, ?)
Hibernate: insert into LogEntries (logCode, message, primaryUser, secondaryUser, time, id) values (?, ?, ?, ?, ?, ?)
19:26:20.452 [main] DEBUG o.h.e.j.internal.JdbcCoordinatorImpl - HHH000420: Closing un-released batch
19:26:20.453 [main] DEBUG o.h.e.t.internal.TransactionImpl - begin
19:26:20.464 [main] DEBUG org.hibernate.SQL - select next_val as id_val from hibernate_sequence for update
Hibernate: select next_val as id_val from hibernate_sequence for update
19:26:20.465 [main] DEBUG org.hibernate.SQL - update hibernate_sequence set next_val= ? where next_val=?
Hibernate: update hibernate_sequence set next_val= ? where next_val=?
19:26:20.469 [main] DEBUG o.h.e.i.AbstractSaveEventListener - Generated identifier: 382, using strategy: org.hibernate.id.enhanced.SequenceStyleGenerator
19:26:20.469 [main] DEBUG o.h.e.t.internal.TransactionImpl - committing
19:26:20.470 [main] DEBUG o.h.e.i.AbstractFlushingEventListener - Processing flush-time cascades
19:26:20.470 [main] DEBUG o.h.e.i.AbstractFlushingEventListener - Dirty checking collections
19:26:20.470 [main] DEBUG o.h.e.i.AbstractFlushingEventListener - Flushed: 1 insertions, 0 updates, 0 deletions to 1 objects
19:26:20.470 [main] DEBUG o.h.e.i.AbstractFlushingEventListener - Flushed: 0 (re)creations, 0 updates, 0 removals to 0 collections
19:26:20.470 [main] DEBUG o.h.internal.util.EntityPrinter - Listing entities:
19:26:20.470 [main] DEBUG o.h.internal.util.EntityPrinter - edu.ncsu.csc.itrust2.models.persistent.LogEntry{secondaryUser=null, logCode=5, primaryUser=logapitest, id=382, time=java.util.GregorianCalendar[time=1521660380453,areFieldsSet=true,areAllFieldsSet=true,lenient=true,zone=sun.util.calendar.ZoneInfo[id="Etc/UTC",offset=0,dstSavings=0,useDaylight=false,transitions=0,lastRule=null],firstDayOfWeek=1,minimalDaysInFirstWeek=1,ERA=1,YEAR=2018,MONTH=2,WEEK_OF_YEAR=12,WEEK_OF_MONTH=4,DAY_OF_MONTH=21,DAY_OF_YEAR=80,DAY_OF_WEEK=4,DAY_OF_WEEK_IN_MONTH=3,AM_PM=1,HOUR=7,HOUR_OF_DAY=19,MINUTE=26,SECOND=20,MILLISECOND=453,ZONE_OFFSET=0,DST_OFFSET=0], message=null}
19:26:20.471 [main] DEBUG org.hibernate.SQL - insert into LogEntries (logCode, message, primaryUser, secondaryUser, time, id) values (?, ?, ?, ?, ?, ?)
Hibernate: insert into LogEntries (logCode, message, primaryUser, secondaryUser, time, id) values (?, ?, ?, ?, ?, ?)
19:26:20.473 [main] DEBUG o.h.e.j.internal.JdbcCoordinatorImpl - HHH000420: Closing un-released batch
19:26:20.473 [main] DEBUG o.h.e.t.internal.TransactionImpl - begin
19:26:20.474 [main] DEBUG org.hibernate.SQL - select next_val as id_val from hibernate_sequence for update
Hibernate: select next_val as id_val from hibernate_sequence for update
19:26:20.474 [main] DEBUG org.hibernate.SQL - update hibernate_sequence set next_val= ? where next_val=?
Hibernate: update hibernate_sequence set next_val= ? where next_val=?
19:26:20.476 [main] DEBUG o.h.e.i.AbstractSaveEventListener - Generated identifier: 383, using strategy: org.hibernate.id.enhanced.SequenceStyleGenerator
19:26:20.477 [main] DEBUG o.h.e.t.internal.TransactionImpl - committing
19:26:20.477 [main] DEBUG o.h.e.i.AbstractFlushingEventListener - Processing flush-time cascades
19:26:20.477 [main] DEBUG o.h.e.i.AbstractFlushingEventListener - Dirty checking collections
19:26:20.477 [main] DEBUG o.h.e.i.AbstractFlushingEventListener - Flushed: 1 insertions, 0 updates, 0 deletions to 1 objects
19:26:20.477 [main] DEBUG o.h.e.i.AbstractFlushingEventListener - Flushed: 0 (re)creations, 0 updates, 0 removals to 0 collections
19:26:20.477 [main] DEBUG o.h.internal.util.EntityPrinter - Listing entities:
19:26:20.477 [main] DEBUG o.h.internal.util.EntityPrinter - edu.ncsu.csc.itrust2.models.persistent.LogEntry{secondaryUser=null, logCode=5, primaryUser=logapitest, id=383, time=java.util.GregorianCalendar[time=1521660380473,areFieldsSet=true,areAllFieldsSet=true,lenient=true,zone=sun.util.calendar.ZoneInfo[id="Etc/UTC",offset=0,dstSavings=0,useDaylight=false,transitions=0,lastRule=null],firstDayOfWeek=1,minimalDaysInFirstWeek=1,ERA=1,YEAR=2018,MONTH=2,WEEK_OF_YEAR=12,WEEK_OF_MONTH=4,DAY_OF_MONTH=21,DAY_OF_YEAR=80,DAY_OF_WEEK=4,DAY_OF_WEEK_IN_MONTH=3,AM_PM=1,HOUR=7,HOUR_OF_DAY=19,MINUTE=26,SECOND=20,MILLISECOND=473,ZONE_OFFSET=0,DST_OFFSET=0], message=null}
19:26:20.478 [main] DEBUG org.hibernate.SQL - insert into LogEntries (logCode, message, primaryUser, secondaryUser, time, id) values (?, ?, ?, ?, ?, ?)
Hibernate: insert into LogEntries (logCode, message, primaryUser, secondaryUser, time, id) values (?, ?, ?, ?, ?, ?)
19:26:20.479 [main] DEBUG o.h.e.j.internal.JdbcCoordinatorImpl - HHH000420: Closing un-released batch
19:26:20.479 [main] DEBUG o.h.e.t.internal.TransactionImpl - begin
19:26:20.480 [main] DEBUG org.hibernate.SQL - select next_val as id_val from hibernate_sequence for update
Hibernate: select next_val as id_val from hibernate_sequence for update
19:26:20.480 [main] DEBUG org.hibernate.SQL - update hibernate_sequence set next_val= ? where next_val=?
Hibernate: update hibernate_sequence set next_val= ? where next_val=?
19:26:20.481 [main] DEBUG o.h.e.i.AbstractSaveEventListener - Generated identifier: 384, using strategy: org.hibernate.id.enhanced.SequenceStyleGenerator
19:26:20.482 [main] DEBUG o.h.e.t.internal.TransactionImpl - committing
19:26:20.483 [main] DEBUG o.h.e.i.AbstractFlushingEventListener - Processing flush-time cascades
19:26:20.483 [main] DEBUG o.h.e.i.AbstractFlushingEventListener - Dirty checking collections
19:26:20.485 [main] DEBUG o.h.e.i.AbstractFlushingEventListener - Flushed: 1 insertions, 0 updates, 0 deletions to 1 objects
19:26:20.486 [main] DEBUG o.h.e.i.AbstractFlushingEventListener - Flushed: 0 (re)creations, 0 updates, 0 removals to 0 collections
19:26:20.486 [main] DEBUG o.h.internal.util.EntityPrinter - Listing entities:
19:26:20.486 [main] DEBUG o.h.internal.util.EntityPrinter - edu.ncsu.csc.itrust2.models.persistent.LogEntry{secondaryUser=null, logCode=5, primaryUser=logapitest, id=384, time=java.util.GregorianCalendar[time=1521660380479,areFieldsSet=true,areAllFieldsSet=true,lenient=true,zone=sun.util.calendar.ZoneInfo[id="Etc/UTC",offset=0,dstSavings=0,useDaylight=false,transitions=0,lastRule=null],firstDayOfWeek=1,minimalDaysInFirstWeek=1,ERA=1,YEAR=2018,MONTH=2,WEEK_OF_YEAR=12,WEEK_OF_MONTH=4,DAY_OF_MONTH=21,DAY_OF_YEAR=80,DAY_OF_WEEK=4,DAY_OF_WEEK_IN_MONTH=3,AM_PM=1,HOUR=7,HOUR_OF_DAY=19,MINUTE=26,SECOND=20,MILLISECOND=479,ZONE_OFFSET=0,DST_OFFSET=0], message=null}
19:26:20.487 [main] DEBUG org.hibernate.SQL - insert into LogEntries (logCode, message, primaryUser, secondaryUser, time, id) values (?, ?, ?, ?, ?, ?)
Hibernate: insert into LogEntries (logCode, message, primaryUser, secondaryUser, time, id) values (?, ?, ?, ?, ?, ?)
19:26:20.489 [main] DEBUG o.h.e.j.internal.JdbcCoordinatorImpl - HHH000420: Closing un-released batch
19:26:20.490 [main] DEBUG o.h.e.t.internal.TransactionImpl - begin
19:26:20.490 [main] DEBUG org.hibernate.SQL - select next_val as id_val from hibernate_sequence for update
Hibernate: select next_val as id_val from hibernate_sequence for update
19:26:20.490 [main] DEBUG org.hibernate.SQL - update hibernate_sequence set next_val= ? where next_val=?
Hibernate: update hibernate_sequence set next_val= ? where next_val=?
19:26:20.492 [main] DEBUG o.h.e.i.AbstractSaveEventListener - Generated identifier: 385, using strategy: org.hibernate.id.enhanced.SequenceStyleGenerator
19:26:20.492 [main] DEBUG o.h.e.t.internal.TransactionImpl - committing
19:26:20.492 [main] DEBUG o.h.e.i.AbstractFlushingEventListener - Processing flush-time cascades
19:26:20.492 [main] DEBUG o.h.e.i.AbstractFlushingEventListener - Dirty checking collections
19:26:20.493 [main] DEBUG o.h.e.i.AbstractFlushingEventListener - Flushed: 1 insertions, 0 updates, 0 deletions to 1 objects
19:26:20.493 [main] DEBUG o.h.e.i.AbstractFlushingEventListener - Flushed: 0 (re)creations, 0 updates, 0 removals to 0 collections
19:26:20.493 [main] DEBUG o.h.internal.util.EntityPrinter - Listing entities:
19:26:20.493 [main] DEBUG o.h.internal.util.EntityPrinter - edu.ncsu.csc.itrust2.models.persistent.LogEntry{secondaryUser=null, logCode=5, primaryUser=logapitest, id=385, time=java.util.GregorianCalendar[time=1521660380489,areFieldsSet=true,areAllFieldsSet=true,lenient=true,zone=sun.util.calendar.ZoneInfo[id="Etc/UTC",offset=0,dstSavings=0,useDaylight=false,transitions=0,lastRule=null],firstDayOfWeek=1,minimalDaysInFirstWeek=1,ERA=1,YEAR=2018,MONTH=2,WEEK_OF_YEAR=12,WEEK_OF_MONTH=4,DAY_OF_MONTH=21,DAY_OF_YEAR=80,DAY_OF_WEEK=4,DAY_OF_WEEK_IN_MONTH=3,AM_PM=1,HOUR=7,HOUR_OF_DAY=19,MINUTE=26,SECOND=20,MILLISECOND=489,ZONE_OFFSET=0,DST_OFFSET=0], message=null}
19:26:20.493 [main] DEBUG org.hibernate.SQL - insert into LogEntries (logCode, message, primaryUser, secondaryUser, time, id) values (?, ?, ?, ?, ?, ?)
Hibernate: insert into LogEntries (logCode, message, primaryUser, secondaryUser, time, id) values (?, ?, ?, ?, ?, ?)
19:26:20.494 [main] DEBUG o.h.e.j.internal.JdbcCoordinatorImpl - HHH000420: Closing un-released batch
19:26:20.495 [main] DEBUG o.h.e.t.internal.TransactionImpl - begin
19:26:20.495 [main] DEBUG org.hibernate.SQL - select next_val as id_val from hibernate_sequence for update
Hibernate: select next_val as id_val from hibernate_sequence for update
19:26:20.496 [main] DEBUG org.hibernate.SQL - update hibernate_sequence set next_val= ? where next_val=?
Hibernate: update hibernate_sequence set next_val= ? where next_val=?
19:26:20.502 [main] DEBUG o.h.e.i.AbstractSaveEventListener - Generated identifier: 386, using strategy: org.hibernate.id.enhanced.SequenceStyleGenerator
19:26:20.502 [main] DEBUG o.h.e.t.internal.TransactionImpl - committing
19:26:20.502 [main] DEBUG o.h.e.i.AbstractFlushingEventListener - Processing flush-time cascades
19:26:20.502 [main] DEBUG o.h.e.i.AbstractFlushingEventListener - Dirty checking collections
19:26:20.503 [main] DEBUG o.h.e.i.AbstractFlushingEventListener - Flushed: 1 insertions, 0 updates, 0 deletions to 1 objects
19:26:20.503 [main] DEBUG o.h.e.i.AbstractFlushingEventListener - Flushed: 0 (re)creations, 0 updates, 0 removals to 0 collections
19:26:20.503 [main] DEBUG o.h.internal.util.EntityPrinter - Listing entities:
19:26:20.503 [main] DEBUG o.h.internal.util.EntityPrinter - edu.ncsu.csc.itrust2.models.persistent.LogEntry{secondaryUser=null, logCode=5, primaryUser=logapitest, id=386, time=java.util.GregorianCalendar[time=1521660380495,areFieldsSet=true,areAllFieldsSet=true,lenient=true,zone=sun.util.calendar.ZoneInfo[id="Etc/UTC",offset=0,dstSavings=0,useDaylight=false,transitions=0,lastRule=null],firstDayOfWeek=1,minimalDaysInFirstWeek=1,ERA=1,YEAR=2018,MONTH=2,WEEK_OF_YEAR=12,WEEK_OF_MONTH=4,DAY_OF_MONTH=21,DAY_OF_YEAR=80,DAY_OF_WEEK=4,DAY_OF_WEEK_IN_MONTH=3,AM_PM=1,HOUR=7,HOUR_OF_DAY=19,MINUTE=26,SECOND=20,MILLISECOND=495,ZONE_OFFSET=0,DST_OFFSET=0], message=null}
19:26:20.503 [main] DEBUG org.hibernate.SQL - insert into LogEntries (logCode, message, primaryUser, secondaryUser, time, id) values (?, ?, ?, ?, ?, ?)
Hibernate: insert into LogEntries (logCode, message, primaryUser, secondaryUser, time, id) values (?, ?, ?, ?, ?, ?)
19:26:20.505 [main] DEBUG o.h.e.j.internal.JdbcCoordinatorImpl - HHH000420: Closing un-released batch
19:26:20.505 [main] DEBUG o.h.e.t.internal.TransactionImpl - begin
19:26:20.506 [main] DEBUG org.hibernate.SQL - select next_val as id_val from hibernate_sequence for update
Hibernate: select next_val as id_val from hibernate_sequence for update
19:26:20.506 [main] DEBUG org.hibernate.SQL - update hibernate_sequence set next_val= ? where next_val=?
Hibernate: update hibernate_sequence set next_val= ? where next_val=?
19:26:20.507 [main] DEBUG o.h.e.i.AbstractSaveEventListener - Generated identifier: 387, using strategy: org.hibernate.id.enhanced.SequenceStyleGenerator
19:26:20.507 [main] DEBUG o.h.e.t.internal.TransactionImpl - committing
19:26:20.507 [main] DEBUG o.h.e.i.AbstractFlushingEventListener - Processing flush-time cascades
19:26:20.507 [main] DEBUG o.h.e.i.AbstractFlushingEventListener - Dirty checking collections
19:26:20.508 [main] DEBUG o.h.e.i.AbstractFlushingEventListener - Flushed: 1 insertions, 0 updates, 0 deletions to 1 objects
19:26:20.508 [main] DEBUG o.h.e.i.AbstractFlushingEventListener - Flushed: 0 (re)creations, 0 updates, 0 removals to 0 collections
19:26:20.508 [main] DEBUG o.h.internal.util.EntityPrinter - Listing entities:
19:26:20.508 [main] DEBUG o.h.internal.util.EntityPrinter - edu.ncsu.csc.itrust2.models.persistent.LogEntry{secondaryUser=null, logCode=5, primaryUser=logapitest, id=387, time=java.util.GregorianCalendar[time=1521660380505,areFieldsSet=true,areAllFieldsSet=true,lenient=true,zone=sun.util.calendar.ZoneInfo[id="Etc/UTC",offset=0,dstSavings=0,useDaylight=false,transitions=0,lastRule=null],firstDayOfWeek=1,minimalDaysInFirstWeek=1,ERA=1,YEAR=2018,MONTH=2,WEEK_OF_YEAR=12,WEEK_OF_MONTH=4,DAY_OF_MONTH=21,DAY_OF_YEAR=80,DAY_OF_WEEK=4,DAY_OF_WEEK_IN_MONTH=3,AM_PM=1,HOUR=7,HOUR_OF_DAY=19,MINUTE=26,SECOND=20,MILLISECOND=505,ZONE_OFFSET=0,DST_OFFSET=0], message=null}
19:26:20.508 [main] DEBUG org.hibernate.SQL - insert into LogEntries (logCode, message, primaryUser, secondaryUser, time, id) values (?, ?, ?, ?, ?, ?)
Hibernate: insert into LogEntries (logCode, message, primaryUser, secondaryUser, time, id) values (?, ?, ?, ?, ?, ?)
19:26:20.510 [main] DEBUG o.h.e.j.internal.JdbcCoordinatorImpl - HHH000420: Closing un-released batch
19:26:20.510 [main] DEBUG o.h.e.t.internal.TransactionImpl - begin
19:26:20.511 [main] DEBUG org.hibernate.SQL - select next_val as id_val from hibernate_sequence for update
Hibernate: select next_val as id_val from hibernate_sequence for update
19:26:20.511 [main] DEBUG org.hibernate.SQL - update hibernate_sequence set next_val= ? where next_val=?
Hibernate: update hibernate_sequence set next_val= ? where next_val=?
19:26:20.512 [main] DEBUG o.h.e.i.AbstractSaveEventListener - Generated identifier: 388, using strategy: org.hibernate.id.enhanced.SequenceStyleGenerator
19:26:20.512 [main] DEBUG o.h.e.t.internal.TransactionImpl - committing
19:26:20.512 [main] DEBUG o.h.e.i.AbstractFlushingEventListener - Processing flush-time cascades
19:26:20.512 [main] DEBUG o.h.e.i.AbstractFlushingEventListener - Dirty checking collections
19:26:20.513 [main] DEBUG o.h.e.i.AbstractFlushingEventListener - Flushed: 1 insertions, 0 updates, 0 deletions to 1 objects
19:26:20.513 [main] DEBUG o.h.e.i.AbstractFlushingEventListener - Flushed: 0 (re)creations, 0 updates, 0 removals to 0 collections
19:26:20.513 [main] DEBUG o.h.internal.util.EntityPrinter - Listing entities:
19:26:20.513 [main] DEBUG o.h.internal.util.EntityPrinter - edu.ncsu.csc.itrust2.models.persistent.LogEntry{secondaryUser=null, logCode=5, primaryUser=logapitest, id=388, time=java.util.GregorianCalendar[time=1521660380510,areFieldsSet=true,areAllFieldsSet=true,lenient=true,zone=sun.util.calendar.ZoneInfo[id="Etc/UTC",offset=0,dstSavings=0,useDaylight=false,transitions=0,lastRule=null],firstDayOfWeek=1,minimalDaysInFirstWeek=1,ERA=1,YEAR=2018,MONTH=2,WEEK_OF_YEAR=12,WEEK_OF_MONTH=4,DAY_OF_MONTH=21,DAY_OF_YEAR=80,DAY_OF_WEEK=4,DAY_OF_WEEK_IN_MONTH=3,AM_PM=1,HOUR=7,HOUR_OF_DAY=19,MINUTE=26,SECOND=20,MILLISECOND=510,ZONE_OFFSET=0,DST_OFFSET=0], message=null}
19:26:20.513 [main] DEBUG org.hibernate.SQL - insert into LogEntries (logCode, message, primaryUser, secondaryUser, time, id) values (?, ?, ?, ?, ?, ?)
Hibernate: insert into LogEntries (logCode, message, primaryUser, secondaryUser, time, id) values (?, ?, ?, ?, ?, ?)
19:26:20.515 [main] DEBUG o.h.e.j.internal.JdbcCoordinatorImpl - HHH000420: Closing un-released batch
19:26:20.516 [main] DEBUG o.h.e.t.internal.TransactionImpl - begin
19:26:20.517 [main] DEBUG org.hibernate.SQL - select next_val as id_val from hibernate_sequence for update
Hibernate: select next_val as id_val from hibernate_sequence for update
19:26:20.517 [main] DEBUG org.hibernate.SQL - update hibernate_sequence set next_val= ? where next_val=?
Hibernate: update hibernate_sequence set next_val= ? where next_val=?
19:26:20.518 [main] DEBUG o.h.e.i.AbstractSaveEventListener - Generated identifier: 389, using strategy: org.hibernate.id.enhanced.SequenceStyleGenerator
19:26:20.519 [main] DEBUG o.h.e.t.internal.TransactionImpl - committing
19:26:20.519 [main] DEBUG o.h.e.i.AbstractFlushingEventListener - Processing flush-time cascades
19:26:20.519 [main] DEBUG o.h.e.i.AbstractFlushingEventListener - Dirty checking collections
19:26:20.519 [main] DEBUG o.h.e.i.AbstractFlushingEventListener - Flushed: 1 insertions, 0 updates, 0 deletions to 1 objects
19:26:20.519 [main] DEBUG o.h.e.i.AbstractFlushingEventListener - Flushed: 0 (re)creations, 0 updates, 0 removals to 0 collections
19:26:20.519 [main] DEBUG o.h.internal.util.EntityPrinter - Listing entities:
19:26:20.519 [main] DEBUG o.h.internal.util.EntityPrinter - edu.ncsu.csc.itrust2.models.persistent.LogEntry{secondaryUser=null, logCode=5, primaryUser=logapitest, id=389, time=java.util.GregorianCalendar[time=1521660380516,areFieldsSet=true,areAllFieldsSet=true,lenient=true,zone=sun.util.calendar.ZoneInfo[id="Etc/UTC",offset=0,dstSavings=0,useDaylight=false,transitions=0,lastRule=null],firstDayOfWeek=1,minimalDaysInFirstWeek=1,ERA=1,YEAR=2018,MONTH=2,WEEK_OF_YEAR=12,WEEK_OF_MONTH=4,DAY_OF_MONTH=21,DAY_OF_YEAR=80,DAY_OF_WEEK=4,DAY_OF_WEEK_IN_MONTH=3,AM_PM=1,HOUR=7,HOUR_OF_DAY=19,MINUTE=26,SECOND=20,MILLISECOND=516,ZONE_OFFSET=0,DST_OFFSET=0], message=null}
19:26:20.520 [main] DEBUG org.hibernate.SQL - insert into LogEntries (logCode, message, primaryUser, secondaryUser, time, id) values (?, ?, ?, ?, ?, ?)
Hibernate: insert into LogEntries (logCode, message, primaryUser, secondaryUser, time, id) values (?, ?, ?, ?, ?, ?)
19:26:20.521 [main] DEBUG o.h.e.j.internal.JdbcCoordinatorImpl - HHH000420: Closing un-released batch
19:26:20.521 [main] DEBUG o.h.e.t.internal.TransactionImpl - begin
19:26:20.522 [main] DEBUG org.hibernate.SQL - select next_val as id_val from hibernate_sequence for update
Hibernate: select next_val as id_val from hibernate_sequence for update
19:26:20.522 [main] DEBUG org.hibernate.SQL - update hibernate_sequence set next_val= ? where next_val=?
Hibernate: update hibernate_sequence set next_val= ? where next_val=?
19:26:20.523 [main] DEBUG o.h.e.i.AbstractSaveEventListener - Generated identifier: 390, using strategy: org.hibernate.id.enhanced.SequenceStyleGenerator
19:26:20.523 [main] DEBUG o.h.e.t.internal.TransactionImpl - committing
19:26:20.523 [main] DEBUG o.h.e.i.AbstractFlushingEventListener - Processing flush-time cascades
19:26:20.523 [main] DEBUG o.h.e.i.AbstractFlushingEventListener - Dirty checking collections
19:26:20.524 [main] DEBUG o.h.e.i.AbstractFlushingEventListener - Flushed: 1 insertions, 0 updates, 0 deletions to 1 objects
19:26:20.524 [main] DEBUG o.h.e.i.AbstractFlushingEventListener - Flushed: 0 (re)creations, 0 updates, 0 removals to 0 collections
19:26:20.524 [main] DEBUG o.h.internal.util.EntityPrinter - Listing entities:
19:26:20.524 [main] DEBUG o.h.internal.util.EntityPrinter - edu.ncsu.csc.itrust2.models.persistent.LogEntry{secondaryUser=null, logCode=5, primaryUser=logapitest, id=390, time=java.util.GregorianCalendar[time=1521660380521,areFieldsSet=true,areAllFieldsSet=true,lenient=true,zone=sun.util.calendar.ZoneInfo[id="Etc/UTC",offset=0,dstSavings=0,useDaylight=false,transitions=0,lastRule=null],firstDayOfWeek=1,minimalDaysInFirstWeek=1,ERA=1,YEAR=2018,MONTH=2,WEEK_OF_YEAR=12,WEEK_OF_MONTH=4,DAY_OF_MONTH=21,DAY_OF_YEAR=80,DAY_OF_WEEK=4,DAY_OF_WEEK_IN_MONTH=3,AM_PM=1,HOUR=7,HOUR_OF_DAY=19,MINUTE=26,SECOND=20,MILLISECOND=521,ZONE_OFFSET=0,DST_OFFSET=0], message=null}
19:26:20.524 [main] DEBUG org.hibernate.SQL - insert into LogEntries (logCode, message, primaryUser, secondaryUser, time, id) values (?, ?, ?, ?, ?, ?)
Hibernate: insert into LogEntries (logCode, message, primaryUser, secondaryUser, time, id) values (?, ?, ?, ?, ?, ?)
19:26:20.525 [main] DEBUG o.h.e.j.internal.JdbcCoordinatorImpl - HHH000420: Closing un-released batch
19:26:20.526 [main] DEBUG o.h.e.t.internal.TransactionImpl - begin
19:26:20.526 [main] DEBUG org.hibernate.SQL - select next_val as id_val from hibernate_sequence for update
Hibernate: select next_val as id_val from hibernate_sequence for update
19:26:20.527 [main] DEBUG org.hibernate.SQL - update hibernate_sequence set next_val= ? where next_val=?
Hibernate: update hibernate_sequence set next_val= ? where next_val=?
19:26:20.528 [main] DEBUG o.h.e.i.AbstractSaveEventListener - Generated identifier: 391, using strategy: org.hibernate.id.enhanced.SequenceStyleGenerator
19:26:20.528 [main] DEBUG o.h.e.t.internal.TransactionImpl - committing
19:26:20.528 [main] DEBUG o.h.e.i.AbstractFlushingEventListener - Processing flush-time cascades
19:26:20.528 [main] DEBUG o.h.e.i.AbstractFlushingEventListener - Dirty checking collections
19:26:20.528 [main] DEBUG o.h.e.i.AbstractFlushingEventListener - Flushed: 1 insertions, 0 updates, 0 deletions to 1 objects
19:26:20.528 [main] DEBUG o.h.e.i.AbstractFlushingEventListener - Flushed: 0 (re)creations, 0 updates, 0 removals to 0 collections
19:26:20.528 [main] DEBUG o.h.internal.util.EntityPrinter - Listing entities:
19:26:20.529 [main] DEBUG o.h.internal.util.EntityPrinter - edu.ncsu.csc.itrust2.models.persistent.LogEntry{secondaryUser=null, logCode=5, primaryUser=logapitest, id=391, time=java.util.GregorianCalendar[time=1521660380526,areFieldsSet=true,areAllFieldsSet=true,lenient=true,zone=sun.util.calendar.ZoneInfo[id="Etc/UTC",offset=0,dstSavings=0,useDaylight=false,transitions=0,lastRule=null],firstDayOfWeek=1,minimalDaysInFirstWeek=1,ERA=1,YEAR=2018,MONTH=2,WEEK_OF_YEAR=12,WEEK_OF_MONTH=4,DAY_OF_MONTH=21,DAY_OF_YEAR=80,DAY_OF_WEEK=4,DAY_OF_WEEK_IN_MONTH=3,AM_PM=1,HOUR=7,HOUR_OF_DAY=19,MINUTE=26,SECOND=20,MILLISECOND=526,ZONE_OFFSET=0,DST_OFFSET=0], message=null}
19:26:20.529 [main] DEBUG org.hibernate.SQL - insert into LogEntries (logCode, message, primaryUser, secondaryUser, time, id) values (?, ?, ?, ?, ?, ?)
Hibernate: insert into LogEntries (logCode, message, primaryUser, secondaryUser, time, id) values (?, ?, ?, ?, ?, ?)
19:26:20.530 [main] DEBUG o.h.e.j.internal.JdbcCoordinatorImpl - HHH000420: Closing un-released batch
19:26:20.530 [main] DEBUG o.h.e.t.internal.TransactionImpl - begin
19:26:20.531 [main] DEBUG org.hibernate.SQL - select next_val as id_val from hibernate_sequence for update
Hibernate: select next_val as id_val from hibernate_sequence for update
19:26:20.532 [main] DEBUG org.hibernate.SQL - update hibernate_sequence set next_val= ? where next_val=?
Hibernate: update hibernate_sequence set next_val= ? where next_val=?
19:26:20.533 [main] DEBUG o.h.e.i.AbstractSaveEventListener - Generated identifier: 392, using strategy: org.hibernate.id.enhanced.SequenceStyleGenerator
19:26:20.534 [main] DEBUG o.h.e.t.internal.TransactionImpl - committing
19:26:20.534 [main] DEBUG o.h.e.i.AbstractFlushingEventListener - Processing flush-time cascades
19:26:20.534 [main] DEBUG o.h.e.i.AbstractFlushingEventListener - Dirty checking collections
19:26:20.534 [main] DEBUG o.h.e.i.AbstractFlushingEventListener - Flushed: 1 insertions, 0 updates, 0 deletions to 1 objects
19:26:20.534 [main] DEBUG o.h.e.i.AbstractFlushingEventListener - Flushed: 0 (re)creations, 0 updates, 0 removals to 0 collections
19:26:20.534 [main] DEBUG o.h.internal.util.EntityPrinter - Listing entities:
19:26:20.534 [main] DEBUG o.h.internal.util.EntityPrinter - edu.ncsu.csc.itrust2.models.persistent.LogEntry{secondaryUser=null, logCode=5, primaryUser=logapitest, id=392, time=java.util.GregorianCalendar[time=1521660380530,areFieldsSet=true,areAllFieldsSet=true,lenient=true,zone=sun.util.calendar.ZoneInfo[id="Etc/UTC",offset=0,dstSavings=0,useDaylight=false,transitions=0,lastRule=null],firstDayOfWeek=1,minimalDaysInFirstWeek=1,ERA=1,YEAR=2018,MONTH=2,WEEK_OF_YEAR=12,WEEK_OF_MONTH=4,DAY_OF_MONTH=21,DAY_OF_YEAR=80,DAY_OF_WEEK=4,DAY_OF_WEEK_IN_MONTH=3,AM_PM=1,HOUR=7,HOUR_OF_DAY=19,MINUTE=26,SECOND=20,MILLISECOND=530,ZONE_OFFSET=0,DST_OFFSET=0], message=null}
19:26:20.535 [main] DEBUG org.hibernate.SQL - insert into LogEntries (logCode, message, primaryUser, secondaryUser, time, id) values (?, ?, ?, ?, ?, ?)
Hibernate: insert into LogEntries (logCode, message, primaryUser, secondaryUser, time, id) values (?, ?, ?, ?, ?, ?)
19:26:20.536 [main] DEBUG o.h.e.j.internal.JdbcCoordinatorImpl - HHH000420: Closing un-released batch
19:26:20.536 [main] DEBUG o.h.e.t.internal.TransactionImpl - begin
19:26:20.537 [main] DEBUG org.hibernate.SQL - select next_val as id_val from hibernate_sequence for update
Hibernate: select next_val as id_val from hibernate_sequence for update
19:26:20.537 [main] DEBUG org.hibernate.SQL - update hibernate_sequence set next_val= ? where next_val=?
Hibernate: update hibernate_sequence set next_val= ? where next_val=?
19:26:20.538 [main] DEBUG o.h.e.i.AbstractSaveEventListener - Generated identifier: 393, using strategy: org.hibernate.id.enhanced.SequenceStyleGenerator
19:26:20.539 [main] DEBUG o.h.e.t.internal.TransactionImpl - committing
19:26:20.539 [main] DEBUG o.h.e.i.AbstractFlushingEventListener - Processing flush-time cascades
19:26:20.539 [main] DEBUG o.h.e.i.AbstractFlushingEventListener - Dirty checking collections
19:26:20.539 [main] DEBUG o.h.e.i.AbstractFlushingEventListener - Flushed: 1 insertions, 0 updates, 0 deletions to 1 objects
19:26:20.539 [main] DEBUG o.h.e.i.AbstractFlushingEventListener - Flushed: 0 (re)creations, 0 updates, 0 removals to 0 collections
19:26:20.539 [main] DEBUG o.h.internal.util.EntityPrinter - Listing entities:
19:26:20.540 [main] DEBUG o.h.internal.util.EntityPrinter - edu.ncsu.csc.itrust2.models.persistent.LogEntry{secondaryUser=null, logCode=5, primaryUser=logapitest, id=393, time=java.util.GregorianCalendar[time=1521660380536,areFieldsSet=true,areAllFieldsSet=true,lenient=true,zone=sun.util.calendar.ZoneInfo[id="Etc/UTC",offset=0,dstSavings=0,useDaylight=false,transitions=0,lastRule=null],firstDayOfWeek=1,minimalDaysInFirstWeek=1,ERA=1,YEAR=2018,MONTH=2,WEEK_OF_YEAR=12,WEEK_OF_MONTH=4,DAY_OF_MONTH=21,DAY_OF_YEAR=80,DAY_OF_WEEK=4,DAY_OF_WEEK_IN_MONTH=3,AM_PM=1,HOUR=7,HOUR_OF_DAY=19,MINUTE=26,SECOND=20,MILLISECOND=536,ZONE_OFFSET=0,DST_OFFSET=0], message=null}
19:26:20.540 [main] DEBUG org.hibernate.SQL - insert into LogEntries (logCode, message, primaryUser, secondaryUser, time, id) values (?, ?, ?, ?, ?, ?)
Hibernate: insert into LogEntries (logCode, message, primaryUser, secondaryUser, time, id) values (?, ?, ?, ?, ?, ?)
19:26:20.541 [main] DEBUG o.h.e.j.internal.JdbcCoordinatorImpl - HHH000420: Closing un-released batch
19:26:20.542 [main] DEBUG o.h.e.t.internal.TransactionImpl - begin
19:26:20.542 [main] DEBUG org.hibernate.SQL - select next_val as id_val from hibernate_sequence for update
Hibernate: select next_val as id_val from hibernate_sequence for update
19:26:20.543 [main] DEBUG org.hibernate.SQL - update hibernate_sequence set next_val= ? where next_val=?
Hibernate: update hibernate_sequence set next_val= ? where next_val=?
19:26:20.544 [main] DEBUG o.h.e.i.AbstractSaveEventListener - Generated identifier: 394, using strategy: org.hibernate.id.enhanced.SequenceStyleGenerator
19:26:20.544 [main] DEBUG o.h.e.t.internal.TransactionImpl - committing
19:26:20.544 [main] DEBUG o.h.e.i.AbstractFlushingEventListener - Processing flush-time cascades
19:26:20.544 [main] DEBUG o.h.e.i.AbstractFlushingEventListener - Dirty checking collections
19:26:20.544 [main] DEBUG o.h.e.i.AbstractFlushingEventListener - Flushed: 1 insertions, 0 updates, 0 deletions to 1 objects
19:26:20.545 [main] DEBUG o.h.e.i.AbstractFlushingEventListener - Flushed: 0 (re)creations, 0 updates, 0 removals to 0 collections
19:26:20.545 [main] DEBUG o.h.internal.util.EntityPrinter - Listing entities:
19:26:20.545 [main] DEBUG o.h.internal.util.EntityPrinter - edu.ncsu.csc.itrust2.models.persistent.LogEntry{secondaryUser=null, logCode=5, primaryUser=logapitest, id=394, time=java.util.GregorianCalendar[time=1521660380542,areFieldsSet=true,areAllFieldsSet=true,lenient=true,zone=sun.util.calendar.ZoneInfo[id="Etc/UTC",offset=0,dstSavings=0,useDaylight=false,transitions=0,lastRule=null],firstDayOfWeek=1,minimalDaysInFirstWeek=1,ERA=1,YEAR=2018,MONTH=2,WEEK_OF_YEAR=12,WEEK_OF_MONTH=4,DAY_OF_MONTH=21,DAY_OF_YEAR=80,DAY_OF_WEEK=4,DAY_OF_WEEK_IN_MONTH=3,AM_PM=1,HOUR=7,HOUR_OF_DAY=19,MINUTE=26,SECOND=20,MILLISECOND=542,ZONE_OFFSET=0,DST_OFFSET=0], message=null}
19:26:20.545 [main] DEBUG org.hibernate.SQL - insert into LogEntries (logCode, message, primaryUser, secondaryUser, time, id) values (?, ?, ?, ?, ?, ?)
Hibernate: insert into LogEntries (logCode, message, primaryUser, secondaryUser, time, id) values (?, ?, ?, ?, ?, ?)
19:26:20.546 [main] DEBUG o.h.e.j.internal.JdbcCoordinatorImpl - HHH000420: Closing un-released batch
19:26:20.547 [main] DEBUG o.h.e.t.internal.TransactionImpl - begin
19:26:20.547 [main] DEBUG org.hibernate.SQL - select next_val as id_val from hibernate_sequence for update
Hibernate: select next_val as id_val from hibernate_sequence for update
19:26:20.548 [main] DEBUG org.hibernate.SQL - update hibernate_sequence set next_val= ? where next_val=?
Hibernate: update hibernate_sequence set next_val= ? where next_val=?
19:26:20.550 [main] DEBUG o.h.e.i.AbstractSaveEventListener - Generated identifier: 395, using strategy: org.hibernate.id.enhanced.SequenceStyleGenerator
19:26:20.550 [main] DEBUG o.h.e.t.internal.TransactionImpl - committing
19:26:20.550 [main] DEBUG o.h.e.i.AbstractFlushingEventListener - Processing flush-time cascades
19:26:20.550 [main] DEBUG o.h.e.i.AbstractFlushingEventListener - Dirty checking collections
19:26:20.550 [main] DEBUG o.h.e.i.AbstractFlushingEventListener - Flushed: 1 insertions, 0 updates, 0 deletions to 1 objects
19:26:20.550 [main] DEBUG o.h.e.i.AbstractFlushingEventListener - Flushed: 0 (re)creations, 0 updates, 0 removals to 0 collections
19:26:20.550 [main] DEBUG o.h.internal.util.EntityPrinter - Listing entities:
19:26:20.551 [main] DEBUG o.h.internal.util.EntityPrinter - edu.ncsu.csc.itrust2.models.persistent.LogEntry{secondaryUser=null, logCode=5, primaryUser=logapitest, id=395, time=java.util.GregorianCalendar[time=1521660380547,areFieldsSet=true,areAllFieldsSet=true,lenient=true,zone=sun.util.calendar.ZoneInfo[id="Etc/UTC",offset=0,dstSavings=0,useDaylight=false,transitions=0,lastRule=null],firstDayOfWeek=1,minimalDaysInFirstWeek=1,ERA=1,YEAR=2018,MONTH=2,WEEK_OF_YEAR=12,WEEK_OF_MONTH=4,DAY_OF_MONTH=21,DAY_OF_YEAR=80,DAY_OF_WEEK=4,DAY_OF_WEEK_IN_MONTH=3,AM_PM=1,HOUR=7,HOUR_OF_DAY=19,MINUTE=26,SECOND=20,MILLISECOND=547,ZONE_OFFSET=0,DST_OFFSET=0], message=null}
19:26:20.551 [main] DEBUG org.hibernate.SQL - insert into LogEntries (logCode, message, primaryUser, secondaryUser, time, id) values (?, ?, ?, ?, ?, ?)
Hibernate: insert into LogEntries (logCode, message, primaryUser, secondaryUser, time, id) values (?, ?, ?, ?, ?, ?)
19:26:20.552 [main] DEBUG o.h.e.j.internal.JdbcCoordinatorImpl - HHH000420: Closing un-released batch
19:26:20.553 [main] DEBUG o.h.e.t.internal.TransactionImpl - begin
19:26:20.554 [main] DEBUG org.hibernate.SQL - select next_val as id_val from hibernate_sequence for update
Hibernate: select next_val as id_val from hibernate_sequence for update
19:26:20.554 [main] DEBUG org.hibernate.SQL - update hibernate_sequence set next_val= ? where next_val=?
Hibernate: update hibernate_sequence set next_val= ? where next_val=?
19:26:20.555 [main] DEBUG o.h.e.i.AbstractSaveEventListener - Generated identifier: 396, using strategy: org.hibernate.id.enhanced.SequenceStyleGenerator
19:26:20.555 [main] DEBUG o.h.e.t.internal.TransactionImpl - committing
19:26:20.555 [main] DEBUG o.h.e.i.AbstractFlushingEventListener - Processing flush-time cascades
19:26:20.556 [main] DEBUG o.h.e.i.AbstractFlushingEventListener - Dirty checking collections
19:26:20.556 [main] DEBUG o.h.e.i.AbstractFlushingEventListener - Flushed: 1 insertions, 0 updates, 0 deletions to 1 objects
19:26:20.556 [main] DEBUG o.h.e.i.AbstractFlushingEventListener - Flushed: 0 (re)creations, 0 updates, 0 removals to 0 collections
19:26:20.556 [main] DEBUG o.h.internal.util.EntityPrinter - Listing entities:
19:26:20.557 [main] DEBUG o.h.internal.util.EntityPrinter - edu.ncsu.csc.itrust2.models.persistent.LogEntry{secondaryUser=null, logCode=5, primaryUser=logapitest, id=396, time=java.util.GregorianCalendar[time=1521660380553,areFieldsSet=true,areAllFieldsSet=true,lenient=true,zone=sun.util.calendar.ZoneInfo[id="Etc/UTC",offset=0,dstSavings=0,useDaylight=false,transitions=0,lastRule=null],firstDayOfWeek=1,minimalDaysInFirstWeek=1,ERA=1,YEAR=2018,MONTH=2,WEEK_OF_YEAR=12,WEEK_OF_MONTH=4,DAY_OF_MONTH=21,DAY_OF_YEAR=80,DAY_OF_WEEK=4,DAY_OF_WEEK_IN_MONTH=3,AM_PM=1,HOUR=7,HOUR_OF_DAY=19,MINUTE=26,SECOND=20,MILLISECOND=553,ZONE_OFFSET=0,DST_OFFSET=0], message=null}
19:26:20.558 [main] DEBUG org.hibernate.SQL - insert into LogEntries (logCode, message, primaryUser, secondaryUser, time, id) values (?, ?, ?, ?, ?, ?)
Hibernate: insert into LogEntries (logCode, message, primaryUser, secondaryUser, time, id) values (?, ?, ?, ?, ?, ?)
19:26:20.559 [main] DEBUG o.h.e.j.internal.JdbcCoordinatorImpl - HHH000420: Closing un-released batch
19:26:20.560 [main] DEBUG o.h.e.t.internal.TransactionImpl - begin
19:26:20.560 [main] DEBUG org.hibernate.SQL - select next_val as id_val from hibernate_sequence for update
Hibernate: select next_val as id_val from hibernate_sequence for update
19:26:20.561 [main] DEBUG org.hibernate.SQL - update hibernate_sequence set next_val= ? where next_val=?
Hibernate: update hibernate_sequence set next_val= ? where next_val=?
19:26:20.562 [main] DEBUG o.h.e.i.AbstractSaveEventListener - Generated identifier: 397, using strategy: org.hibernate.id.enhanced.SequenceStyleGenerator
19:26:20.562 [main] DEBUG o.h.e.t.internal.TransactionImpl - committing
19:26:20.563 [main] DEBUG o.h.e.i.AbstractFlushingEventListener - Processing flush-time cascades
19:26:20.563 [main] DEBUG o.h.e.i.AbstractFlushingEventListener - Dirty checking collections
19:26:20.563 [main] DEBUG o.h.e.i.AbstractFlushingEventListener - Flushed: 1 insertions, 0 updates, 0 deletions to 1 objects
19:26:20.563 [main] DEBUG o.h.e.i.AbstractFlushingEventListener - Flushed: 0 (re)creations, 0 updates, 0 removals to 0 collections
19:26:20.563 [main] DEBUG o.h.internal.util.EntityPrinter - Listing entities:
19:26:20.563 [main] DEBUG o.h.internal.util.EntityPrinter - edu.ncsu.csc.itrust2.models.persistent.LogEntry{secondaryUser=null, logCode=5, primaryUser=logapitest, id=397, time=java.util.GregorianCalendar[time=1521660380560,areFieldsSet=true,areAllFieldsSet=true,lenient=true,zone=sun.util.calendar.ZoneInfo[id="Etc/UTC",offset=0,dstSavings=0,useDaylight=false,transitions=0,lastRule=null],firstDayOfWeek=1,minimalDaysInFirstWeek=1,ERA=1,YEAR=2018,MONTH=2,WEEK_OF_YEAR=12,WEEK_OF_MONTH=4,DAY_OF_MONTH=21,DAY_OF_YEAR=80,DAY_OF_WEEK=4,DAY_OF_WEEK_IN_MONTH=3,AM_PM=1,HOUR=7,HOUR_OF_DAY=19,MINUTE=26,SECOND=20,MILLISECOND=560,ZONE_OFFSET=0,DST_OFFSET=0], message=null}
19:26:20.564 [main] DEBUG org.hibernate.SQL - insert into LogEntries (logCode, message, primaryUser, secondaryUser, time, id) values (?, ?, ?, ?, ?, ?)
Hibernate: insert into LogEntries (logCode, message, primaryUser, secondaryUser, time, id) values (?, ?, ?, ?, ?, ?)
19:26:20.566 [main] DEBUG o.h.e.j.internal.JdbcCoordinatorImpl - HHH000420: Closing un-released batch
19:26:20.566 [main] DEBUG o.h.e.t.internal.TransactionImpl - begin
19:26:20.567 [main] DEBUG org.hibernate.SQL - select next_val as id_val from hibernate_sequence for update
Hibernate: select next_val as id_val from hibernate_sequence for update
19:26:20.567 [main] DEBUG org.hibernate.SQL - update hibernate_sequence set next_val= ? where next_val=?
Hibernate: update hibernate_sequence set next_val= ? where next_val=?
19:26:20.569 [main] DEBUG o.h.e.i.AbstractSaveEventListener - Generated identifier: 398, using strategy: org.hibernate.id.enhanced.SequenceStyleGenerator
19:26:20.569 [main] DEBUG o.h.e.t.internal.TransactionImpl - committing
19:26:20.569 [main] DEBUG o.h.e.i.AbstractFlushingEventListener - Processing flush-time cascades
19:26:20.570 [main] DEBUG o.h.e.i.AbstractFlushingEventListener - Dirty checking collections
19:26:20.570 [main] DEBUG o.h.e.i.AbstractFlushingEventListener - Flushed: 1 insertions, 0 updates, 0 deletions to 1 objects
19:26:20.570 [main] DEBUG o.h.e.i.AbstractFlushingEventListener - Flushed: 0 (re)creations, 0 updates, 0 removals to 0 collections
19:26:20.570 [main] DEBUG o.h.internal.util.EntityPrinter - Listing entities:
19:26:20.570 [main] DEBUG o.h.internal.util.EntityPrinter - edu.ncsu.csc.itrust2.models.persistent.LogEntry{secondaryUser=null, logCode=5, primaryUser=logapitest, id=398, time=java.util.GregorianCalendar[time=1521660380566,areFieldsSet=true,areAllFieldsSet=true,lenient=true,zone=sun.util.calendar.ZoneInfo[id="Etc/UTC",offset=0,dstSavings=0,useDaylight=false,transitions=0,lastRule=null],firstDayOfWeek=1,minimalDaysInFirstWeek=1,ERA=1,YEAR=2018,MONTH=2,WEEK_OF_YEAR=12,WEEK_OF_MONTH=4,DAY_OF_MONTH=21,DAY_OF_YEAR=80,DAY_OF_WEEK=4,DAY_OF_WEEK_IN_MONTH=3,AM_PM=1,HOUR=7,HOUR_OF_DAY=19,MINUTE=26,SECOND=20,MILLISECOND=566,ZONE_OFFSET=0,DST_OFFSET=0], message=null}
19:26:20.571 [main] DEBUG org.hibernate.SQL - insert into LogEntries (logCode, message, primaryUser, secondaryUser, time, id) values (?, ?, ?, ?, ?, ?)
Hibernate: insert into LogEntries (logCode, message, primaryUser, secondaryUser, time, id) values (?, ?, ?, ?, ?, ?)
19:26:20.572 [main] DEBUG o.h.e.j.internal.JdbcCoordinatorImpl - HHH000420: Closing un-released batch
19:26:20.573 [main] DEBUG o.h.e.t.internal.TransactionImpl - begin
19:26:20.573 [main] DEBUG org.hibernate.SQL - select next_val as id_val from hibernate_sequence for update
Hibernate: select next_val as id_val from hibernate_sequence for update
19:26:20.574 [main] DEBUG org.hibernate.SQL - update hibernate_sequence set next_val= ? where next_val=?
Hibernate: update hibernate_sequence set next_val= ? where next_val=?
19:26:20.575 [main] DEBUG o.h.e.i.AbstractSaveEventListener - Generated identifier: 399, using strategy: org.hibernate.id.enhanced.SequenceStyleGenerator
19:26:20.575 [main] DEBUG o.h.e.t.internal.TransactionImpl - committing
19:26:20.576 [main] DEBUG o.h.e.i.AbstractFlushingEventListener - Processing flush-time cascades
19:26:20.576 [main] DEBUG o.h.e.i.AbstractFlushingEventListener - Dirty checking collections
19:26:20.576 [main] DEBUG o.h.e.i.AbstractFlushingEventListener - Flushed: 1 insertions, 0 updates, 0 deletions to 1 objects
19:26:20.576 [main] DEBUG o.h.e.i.AbstractFlushingEventListener - Flushed: 0 (re)creations, 0 updates, 0 removals to 0 collections
19:26:20.576 [main] DEBUG o.h.internal.util.EntityPrinter - Listing entities:
19:26:20.576 [main] DEBUG o.h.internal.util.EntityPrinter - edu.ncsu.csc.itrust2.models.persistent.LogEntry{secondaryUser=null, logCode=5, primaryUser=logapitest, id=399, time=java.util.GregorianCalendar[time=1521660380573,areFieldsSet=true,areAllFieldsSet=true,lenient=true,zone=sun.util.calendar.ZoneInfo[id="Etc/UTC",offset=0,dstSavings=0,useDaylight=false,transitions=0,lastRule=null],firstDayOfWeek=1,minimalDaysInFirstWeek=1,ERA=1,YEAR=2018,MONTH=2,WEEK_OF_YEAR=12,WEEK_OF_MONTH=4,DAY_OF_MONTH=21,DAY_OF_YEAR=80,DAY_OF_WEEK=4,DAY_OF_WEEK_IN_MONTH=3,AM_PM=1,HOUR=7,HOUR_OF_DAY=19,MINUTE=26,SECOND=20,MILLISECOND=573,ZONE_OFFSET=0,DST_OFFSET=0], message=null}
19:26:20.577 [main] DEBUG org.hibernate.SQL - insert into LogEntries (logCode, message, primaryUser, secondaryUser, time, id) values (?, ?, ?, ?, ?, ?)
Hibernate: insert into LogEntries (logCode, message, primaryUser, secondaryUser, time, id) values (?, ?, ?, ?, ?, ?)
19:26:20.578 [main] DEBUG o.h.e.j.internal.JdbcCoordinatorImpl - HHH000420: Closing un-released batch
19:26:20.579 [main] DEBUG o.h.e.t.internal.TransactionImpl - begin
19:26:20.579 [main] DEBUG org.hibernate.SQL - select next_val as id_val from hibernate_sequence for update
Hibernate: select next_val as id_val from hibernate_sequence for update
19:26:20.580 [main] DEBUG org.hibernate.SQL - update hibernate_sequence set next_val= ? where next_val=?
Hibernate: update hibernate_sequence set next_val= ? where next_val=?
19:26:20.581 [main] DEBUG o.h.e.i.AbstractSaveEventListener - Generated identifier: 400, using strategy: org.hibernate.id.enhanced.SequenceStyleGenerator
19:26:20.581 [main] DEBUG o.h.e.t.internal.TransactionImpl - committing
19:26:20.581 [main] DEBUG o.h.e.i.AbstractFlushingEventListener - Processing flush-time cascades
19:26:20.581 [main] DEBUG o.h.e.i.AbstractFlushingEventListener - Dirty checking collections
19:26:20.581 [main] DEBUG o.h.e.i.AbstractFlushingEventListener - Flushed: 1 insertions, 0 updates, 0 deletions to 1 objects
19:26:20.581 [main] DEBUG o.h.e.i.AbstractFlushingEventListener - Flushed: 0 (re)creations, 0 updates, 0 removals to 0 collections
19:26:20.582 [main] DEBUG o.h.internal.util.EntityPrinter - Listing entities:
19:26:20.582 [main] DEBUG o.h.internal.util.EntityPrinter - edu.ncsu.csc.itrust2.models.persistent.LogEntry{secondaryUser=null, logCode=5, primaryUser=logapitest, id=400, time=java.util.GregorianCalendar[time=1521660380579,areFieldsSet=true,areAllFieldsSet=true,lenient=true,zone=sun.util.calendar.ZoneInfo[id="Etc/UTC",offset=0,dstSavings=0,useDaylight=false,transitions=0,lastRule=null],firstDayOfWeek=1,minimalDaysInFirstWeek=1,ERA=1,YEAR=2018,MONTH=2,WEEK_OF_YEAR=12,WEEK_OF_MONTH=4,DAY_OF_MONTH=21,DAY_OF_YEAR=80,DAY_OF_WEEK=4,DAY_OF_WEEK_IN_MONTH=3,AM_PM=1,HOUR=7,HOUR_OF_DAY=19,MINUTE=26,SECOND=20,MILLISECOND=579,ZONE_OFFSET=0,DST_OFFSET=0], message=null}
19:26:20.582 [main] DEBUG org.hibernate.SQL - insert into LogEntries (logCode, message, primaryUser, secondaryUser, time, id) values (?, ?, ?, ?, ?, ?)
Hibernate: insert into LogEntries (logCode, message, primaryUser, secondaryUser, time, id) values (?, ?, ?, ?, ?, ?)
19:26:20.585 [main] DEBUG o.h.e.j.internal.JdbcCoordinatorImpl - HHH000420: Closing un-released batch
19:26:20.586 [main] DEBUG o.h.e.t.internal.TransactionImpl - begin
19:26:20.586 [main] DEBUG org.hibernate.SQL - select next_val as id_val from hibernate_sequence for update
Hibernate: select next_val as id_val from hibernate_sequence for update
19:26:20.587 [main] DEBUG org.hibernate.SQL - update hibernate_sequence set next_val= ? where next_val=?
Hibernate: update hibernate_sequence set next_val= ? where next_val=?
19:26:20.588 [main] DEBUG o.h.e.i.AbstractSaveEventListener - Generated identifier: 401, using strategy: org.hibernate.id.enhanced.SequenceStyleGenerator
19:26:20.588 [main] DEBUG o.h.e.t.internal.TransactionImpl - committing
19:26:20.589 [main] DEBUG o.h.e.i.AbstractFlushingEventListener - Processing flush-time cascades
19:26:20.589 [main] DEBUG o.h.e.i.AbstractFlushingEventListener - Dirty checking collections
19:26:20.589 [main] DEBUG o.h.e.i.AbstractFlushingEventListener - Flushed: 1 insertions, 0 updates, 0 deletions to 1 objects
19:26:20.589 [main] DEBUG o.h.e.i.AbstractFlushingEventListener - Flushed: 0 (re)creations, 0 updates, 0 removals to 0 collections
19:26:20.589 [main] DEBUG o.h.internal.util.EntityPrinter - Listing entities:
19:26:20.589 [main] DEBUG o.h.internal.util.EntityPrinter - edu.ncsu.csc.itrust2.models.persistent.LogEntry{secondaryUser=null, logCode=5, primaryUser=logapitest, id=401, time=java.util.GregorianCalendar[time=1521660380586,areFieldsSet=true,areAllFieldsSet=true,lenient=true,zone=sun.util.calendar.ZoneInfo[id="Etc/UTC",offset=0,dstSavings=0,useDaylight=false,transitions=0,lastRule=null],firstDayOfWeek=1,minimalDaysInFirstWeek=1,ERA=1,YEAR=2018,MONTH=2,WEEK_OF_YEAR=12,WEEK_OF_MONTH=4,DAY_OF_MONTH=21,DAY_OF_YEAR=80,DAY_OF_WEEK=4,DAY_OF_WEEK_IN_MONTH=3,AM_PM=1,HOUR=7,HOUR_OF_DAY=19,MINUTE=26,SECOND=20,MILLISECOND=586,ZONE_OFFSET=0,DST_OFFSET=0], message=null}
19:26:20.589 [main] DEBUG org.hibernate.SQL - insert into LogEntries (logCode, message, primaryUser, secondaryUser, time, id) values (?, ?, ?, ?, ?, ?)
Hibernate: insert into LogEntries (logCode, message, primaryUser, secondaryUser, time, id) values (?, ?, ?, ?, ?, ?)
19:26:20.591 [main] DEBUG o.h.e.j.internal.JdbcCoordinatorImpl - HHH000420: Closing un-released batch
19:26:20.591 [main] DEBUG o.h.e.t.internal.TransactionImpl - begin
19:26:20.592 [main] DEBUG org.hibernate.SQL - select next_val as id_val from hibernate_sequence for update
Hibernate: select next_val as id_val from hibernate_sequence for update
19:26:20.592 [main] DEBUG org.hibernate.SQL - update hibernate_sequence set next_val= ? where next_val=?
Hibernate: update hibernate_sequence set next_val= ? where next_val=?
19:26:20.593 [main] DEBUG o.h.e.i.AbstractSaveEventListener - Generated identifier: 402, using strategy: org.hibernate.id.enhanced.SequenceStyleGenerator
19:26:20.593 [main] DEBUG o.h.e.t.internal.TransactionImpl - committing
19:26:20.594 [main] DEBUG o.h.e.i.AbstractFlushingEventListener - Processing flush-time cascades
19:26:20.595 [main] DEBUG o.h.e.i.AbstractFlushingEventListener - Dirty checking collections
19:26:20.595 [main] DEBUG o.h.e.i.AbstractFlushingEventListener - Flushed: 1 insertions, 0 updates, 0 deletions to 1 objects
19:26:20.595 [main] DEBUG o.h.e.i.AbstractFlushingEventListener - Flushed: 0 (re)creations, 0 updates, 0 removals to 0 collections
19:26:20.595 [main] DEBUG o.h.internal.util.EntityPrinter - Listing entities:
19:26:20.596 [main] DEBUG o.h.internal.util.EntityPrinter - edu.ncsu.csc.itrust2.models.persistent.LogEntry{secondaryUser=null, logCode=5, primaryUser=logapitest, id=402, time=java.util.GregorianCalendar[time=1521660380591,areFieldsSet=true,areAllFieldsSet=true,lenient=true,zone=sun.util.calendar.ZoneInfo[id="Etc/UTC",offset=0,dstSavings=0,useDaylight=false,transitions=0,lastRule=null],firstDayOfWeek=1,minimalDaysInFirstWeek=1,ERA=1,YEAR=2018,MONTH=2,WEEK_OF_YEAR=12,WEEK_OF_MONTH=4,DAY_OF_MONTH=21,DAY_OF_YEAR=80,DAY_OF_WEEK=4,DAY_OF_WEEK_IN_MONTH=3,AM_PM=1,HOUR=7,HOUR_OF_DAY=19,MINUTE=26,SECOND=20,MILLISECOND=591,ZONE_OFFSET=0,DST_OFFSET=0], message=null}
19:26:20.596 [main] DEBUG org.hibernate.SQL - insert into LogEntries (logCode, message, primaryUser, secondaryUser, time, id) values (?, ?, ?, ?, ?, ?)
Hibernate: insert into LogEntries (logCode, message, primaryUser, secondaryUser, time, id) values (?, ?, ?, ?, ?, ?)
19:26:20.598 [main] DEBUG o.h.e.j.internal.JdbcCoordinatorImpl - HHH000420: Closing un-released batch
19:26:20.598 [main] DEBUG o.h.e.t.internal.TransactionImpl - begin
19:26:20.600 [main] DEBUG org.hibernate.SQL - select next_val as id_val from hibernate_sequence for update
Hibernate: select next_val as id_val from hibernate_sequence for update
19:26:20.601 [main] DEBUG org.hibernate.SQL - update hibernate_sequence set next_val= ? where next_val=?
Hibernate: update hibernate_sequence set next_val= ? where next_val=?
19:26:20.602 [main] DEBUG o.h.e.i.AbstractSaveEventListener - Generated identifier: 403, using strategy: org.hibernate.id.enhanced.SequenceStyleGenerator
19:26:20.602 [main] DEBUG o.h.e.t.internal.TransactionImpl - committing
19:26:20.603 [main] DEBUG o.h.e.i.AbstractFlushingEventListener - Processing flush-time cascades
19:26:20.603 [main] DEBUG o.h.e.i.AbstractFlushingEventListener - Dirty checking collections
19:26:20.603 [main] DEBUG o.h.e.i.AbstractFlushingEventListener - Flushed: 1 insertions, 0 updates, 0 deletions to 1 objects
19:26:20.603 [main] DEBUG o.h.e.i.AbstractFlushingEventListener - Flushed: 0 (re)creations, 0 updates, 0 removals to 0 collections
19:26:20.603 [main] DEBUG o.h.internal.util.EntityPrinter - Listing entities:
19:26:20.603 [main] DEBUG o.h.internal.util.EntityPrinter - edu.ncsu.csc.itrust2.models.persistent.LogEntry{secondaryUser=null, logCode=5, primaryUser=logapitest, id=403, time=java.util.GregorianCalendar[time=1521660380598,areFieldsSet=true,areAllFieldsSet=true,lenient=true,zone=sun.util.calendar.ZoneInfo[id="Etc/UTC",offset=0,dstSavings=0,useDaylight=false,transitions=0,lastRule=null],firstDayOfWeek=1,minimalDaysInFirstWeek=1,ERA=1,YEAR=2018,MONTH=2,WEEK_OF_YEAR=12,WEEK_OF_MONTH=4,DAY_OF_MONTH=21,DAY_OF_YEAR=80,DAY_OF_WEEK=4,DAY_OF_WEEK_IN_MONTH=3,AM_PM=1,HOUR=7,HOUR_OF_DAY=19,MINUTE=26,SECOND=20,MILLISECOND=598,ZONE_OFFSET=0,DST_OFFSET=0], message=null}
19:26:20.604 [main] DEBUG org.hibernate.SQL - insert into LogEntries (logCode, message, primaryUser, secondaryUser, time, id) values (?, ?, ?, ?, ?, ?)
Hibernate: insert into LogEntries (logCode, message, primaryUser, secondaryUser, time, id) values (?, ?, ?, ?, ?, ?)
19:26:20.605 [main] DEBUG o.h.e.j.internal.JdbcCoordinatorImpl - HHH000420: Closing un-released batch
19:26:20.605 [main] DEBUG o.h.e.t.internal.TransactionImpl - begin
19:26:20.606 [main] DEBUG org.hibernate.SQL - select next_val as id_val from hibernate_sequence for update
Hibernate: select next_val as id_val from hibernate_sequence for update
19:26:20.606 [main] DEBUG org.hibernate.SQL - update hibernate_sequence set next_val= ? where next_val=?
Hibernate: update hibernate_sequence set next_val= ? where next_val=?
19:26:20.607 [main] DEBUG o.h.e.i.AbstractSaveEventListener - Generated identifier: 404, using strategy: org.hibernate.id.enhanced.SequenceStyleGenerator
19:26:20.607 [main] DEBUG o.h.e.t.internal.TransactionImpl - committing
19:26:20.608 [main] DEBUG o.h.e.i.AbstractFlushingEventListener - Processing flush-time cascades
19:26:20.608 [main] DEBUG o.h.e.i.AbstractFlushingEventListener - Dirty checking collections
19:26:20.608 [main] DEBUG o.h.e.i.AbstractFlushingEventListener - Flushed: 1 insertions, 0 updates, 0 deletions to 1 objects
19:26:20.608 [main] DEBUG o.h.e.i.AbstractFlushingEventListener - Flushed: 0 (re)creations, 0 updates, 0 removals to 0 collections
19:26:20.608 [main] DEBUG o.h.internal.util.EntityPrinter - Listing entities:
19:26:20.608 [main] DEBUG o.h.internal.util.EntityPrinter - edu.ncsu.csc.itrust2.models.persistent.LogEntry{secondaryUser=null, logCode=5, primaryUser=logapitest, id=404, time=java.util.GregorianCalendar[time=1521660380605,areFieldsSet=true,areAllFieldsSet=true,lenient=true,zone=sun.util.calendar.ZoneInfo[id="Etc/UTC",offset=0,dstSavings=0,useDaylight=false,transitions=0,lastRule=null],firstDayOfWeek=1,minimalDaysInFirstWeek=1,ERA=1,YEAR=2018,MONTH=2,WEEK_OF_YEAR=12,WEEK_OF_MONTH=4,DAY_OF_MONTH=21,DAY_OF_YEAR=80,DAY_OF_WEEK=4,DAY_OF_WEEK_IN_MONTH=3,AM_PM=1,HOUR=7,HOUR_OF_DAY=19,MINUTE=26,SECOND=20,MILLISECOND=605,ZONE_OFFSET=0,DST_OFFSET=0], message=null}
19:26:20.609 [main] DEBUG org.hibernate.SQL - insert into LogEntries (logCode, message, primaryUser, secondaryUser, time, id) values (?, ?, ?, ?, ?, ?)
Hibernate: insert into LogEntries (logCode, message, primaryUser, secondaryUser, time, id) values (?, ?, ?, ?, ?, ?)
19:26:20.610 [main] DEBUG o.h.e.j.internal.JdbcCoordinatorImpl - HHH000420: Closing un-released batch
19:26:20.611 [main] DEBUG o.h.e.t.internal.TransactionImpl - begin
19:26:20.611 [main] DEBUG org.hibernate.SQL - select next_val as id_val from hibernate_sequence for update
Hibernate: select next_val as id_val from hibernate_sequence for update
19:26:20.612 [main] DEBUG org.hibernate.SQL - update hibernate_sequence set next_val= ? where next_val=?
Hibernate: update hibernate_sequence set next_val= ? where next_val=?
19:26:20.613 [main] DEBUG o.h.e.i.AbstractSaveEventListener - Generated identifier: 405, using strategy: org.hibernate.id.enhanced.SequenceStyleGenerator
19:26:20.613 [main] DEBUG o.h.e.t.internal.TransactionImpl - committing
19:26:20.613 [main] DEBUG o.h.e.i.AbstractFlushingEventListener - Processing flush-time cascades
19:26:20.613 [main] DEBUG o.h.e.i.AbstractFlushingEventListener - Dirty checking collections
19:26:20.614 [main] DEBUG o.h.e.i.AbstractFlushingEventListener - Flushed: 1 insertions, 0 updates, 0 deletions to 1 objects
19:26:20.614 [main] DEBUG o.h.e.i.AbstractFlushingEventListener - Flushed: 0 (re)creations, 0 updates, 0 removals to 0 collections
19:26:20.614 [main] DEBUG o.h.internal.util.EntityPrinter - Listing entities:
19:26:20.614 [main] DEBUG o.h.internal.util.EntityPrinter - edu.ncsu.csc.itrust2.models.persistent.LogEntry{secondaryUser=null, logCode=5, primaryUser=logapitest, id=405, time=java.util.GregorianCalendar[time=1521660380611,areFieldsSet=true,areAllFieldsSet=true,lenient=true,zone=sun.util.calendar.ZoneInfo[id="Etc/UTC",offset=0,dstSavings=0,useDaylight=false,transitions=0,lastRule=null],firstDayOfWeek=1,minimalDaysInFirstWeek=1,ERA=1,YEAR=2018,MONTH=2,WEEK_OF_YEAR=12,WEEK_OF_MONTH=4,DAY_OF_MONTH=21,DAY_OF_YEAR=80,DAY_OF_WEEK=4,DAY_OF_WEEK_IN_MONTH=3,AM_PM=1,HOUR=7,HOUR_OF_DAY=19,MINUTE=26,SECOND=20,MILLISECOND=611,ZONE_OFFSET=0,DST_OFFSET=0], message=null}
19:26:20.614 [main] DEBUG org.hibernate.SQL - insert into LogEntries (logCode, message, primaryUser, secondaryUser, time, id) values (?, ?, ?, ?, ?, ?)
Hibernate: insert into LogEntries (logCode, message, primaryUser, secondaryUser, time, id) values (?, ?, ?, ?, ?, ?)
19:26:20.616 [main] DEBUG o.h.e.j.internal.JdbcCoordinatorImpl - HHH000420: Closing un-released batch
19:26:20.616 [main] DEBUG o.h.e.t.internal.TransactionImpl - begin
19:26:20.617 [main] DEBUG org.hibernate.SQL - select next_val as id_val from hibernate_sequence for update
Hibernate: select next_val as id_val from hibernate_sequence for update
19:26:20.617 [main] DEBUG org.hibernate.SQL - update hibernate_sequence set next_val= ? where next_val=?
Hibernate: update hibernate_sequence set next_val= ? where next_val=?
19:26:20.618 [main] DEBUG o.h.e.i.AbstractSaveEventListener - Generated identifier: 406, using strategy: org.hibernate.id.enhanced.SequenceStyleGenerator
19:26:20.619 [main] DEBUG o.h.e.t.internal.TransactionImpl - committing
19:26:20.619 [main] DEBUG o.h.e.i.AbstractFlushingEventListener - Processing flush-time cascades
19:26:20.619 [main] DEBUG o.h.e.i.AbstractFlushingEventListener - Dirty checking collections
19:26:20.619 [main] DEBUG o.h.e.i.AbstractFlushingEventListener - Flushed: 1 insertions, 0 updates, 0 deletions to 1 objects
19:26:20.619 [main] DEBUG o.h.e.i.AbstractFlushingEventListener - Flushed: 0 (re)creations, 0 updates, 0 removals to 0 collections
19:26:20.619 [main] DEBUG o.h.internal.util.EntityPrinter - Listing entities:
19:26:20.620 [main] DEBUG o.h.internal.util.EntityPrinter - edu.ncsu.csc.itrust2.models.persistent.LogEntry{secondaryUser=null, logCode=5, primaryUser=logapitest, id=406, time=java.util.GregorianCalendar[time=1521660380616,areFieldsSet=true,areAllFieldsSet=true,lenient=true,zone=sun.util.calendar.ZoneInfo[id="Etc/UTC",offset=0,dstSavings=0,useDaylight=false,transitions=0,lastRule=null],firstDayOfWeek=1,minimalDaysInFirstWeek=1,ERA=1,YEAR=2018,MONTH=2,WEEK_OF_YEAR=12,WEEK_OF_MONTH=4,DAY_OF_MONTH=21,DAY_OF_YEAR=80,DAY_OF_WEEK=4,DAY_OF_WEEK_IN_MONTH=3,AM_PM=1,HOUR=7,HOUR_OF_DAY=19,MINUTE=26,SECOND=20,MILLISECOND=616,ZONE_OFFSET=0,DST_OFFSET=0], message=null}
19:26:20.620 [main] DEBUG org.hibernate.SQL - insert into LogEntries (logCode, message, primaryUser, secondaryUser, time, id) values (?, ?, ?, ?, ?, ?)
Hibernate: insert into LogEntries (logCode, message, primaryUser, secondaryUser, time, id) values (?, ?, ?, ?, ?, ?)
19:26:20.621 [main] DEBUG o.h.e.j.internal.JdbcCoordinatorImpl - HHH000420: Closing un-released batch
19:26:20.622 [main] DEBUG o.h.e.t.internal.TransactionImpl - begin
19:26:20.622 [main] DEBUG org.hibernate.SQL - select next_val as id_val from hibernate_sequence for update
Hibernate: select next_val as id_val from hibernate_sequence for update
19:26:20.623 [main] DEBUG org.hibernate.SQL - update hibernate_sequence set next_val= ? where next_val=?
Hibernate: update hibernate_sequence set next_val= ? where next_val=?
19:26:20.624 [main] DEBUG o.h.e.i.AbstractSaveEventListener - Generated identifier: 407, using strategy: org.hibernate.id.enhanced.SequenceStyleGenerator
19:26:20.624 [main] DEBUG o.h.e.t.internal.TransactionImpl - committing
19:26:20.624 [main] DEBUG o.h.e.i.AbstractFlushingEventListener - Processing flush-time cascades
19:26:20.624 [main] DEBUG o.h.e.i.AbstractFlushingEventListener - Dirty checking collections
19:26:20.624 [main] DEBUG o.h.e.i.AbstractFlushingEventListener - Flushed: 1 insertions, 0 updates, 0 deletions to 1 objects
19:26:20.624 [main] DEBUG o.h.e.i.AbstractFlushingEventListener - Flushed: 0 (re)creations, 0 updates, 0 removals to 0 collections
19:26:20.624 [main] DEBUG o.h.internal.util.EntityPrinter - Listing entities:
19:26:20.625 [main] DEBUG o.h.internal.util.EntityPrinter - edu.ncsu.csc.itrust2.models.persistent.LogEntry{secondaryUser=null, logCode=5, primaryUser=logapitest, id=407, time=java.util.GregorianCalendar[time=1521660380622,areFieldsSet=true,areAllFieldsSet=true,lenient=true,zone=sun.util.calendar.ZoneInfo[id="Etc/UTC",offset=0,dstSavings=0,useDaylight=false,transitions=0,lastRule=null],firstDayOfWeek=1,minimalDaysInFirstWeek=1,ERA=1,YEAR=2018,MONTH=2,WEEK_OF_YEAR=12,WEEK_OF_MONTH=4,DAY_OF_MONTH=21,DAY_OF_YEAR=80,DAY_OF_WEEK=4,DAY_OF_WEEK_IN_MONTH=3,AM_PM=1,HOUR=7,HOUR_OF_DAY=19,MINUTE=26,SECOND=20,MILLISECOND=622,ZONE_OFFSET=0,DST_OFFSET=0], message=null}
19:26:20.625 [main] DEBUG org.hibernate.SQL - insert into LogEntries (logCode, message, primaryUser, secondaryUser, time, id) values (?, ?, ?, ?, ?, ?)
Hibernate: insert into LogEntries (logCode, message, primaryUser, secondaryUser, time, id) values (?, ?, ?, ?, ?, ?)
19:26:20.626 [main] DEBUG o.h.e.j.internal.JdbcCoordinatorImpl - HHH000420: Closing un-released batch
19:26:20.627 [main] DEBUG o.h.e.t.internal.TransactionImpl - begin
19:26:20.627 [main] DEBUG org.hibernate.SQL - select next_val as id_val from hibernate_sequence for update
Hibernate: select next_val as id_val from hibernate_sequence for update
19:26:20.628 [main] DEBUG org.hibernate.SQL - update hibernate_sequence set next_val= ? where next_val=?
Hibernate: update hibernate_sequence set next_val= ? where next_val=?
19:26:20.629 [main] DEBUG o.h.e.i.AbstractSaveEventListener - Generated identifier: 408, using strategy: org.hibernate.id.enhanced.SequenceStyleGenerator
19:26:20.629 [main] DEBUG o.h.e.t.internal.TransactionImpl - committing
19:26:20.629 [main] DEBUG o.h.e.i.AbstractFlushingEventListener - Processing flush-time cascades
19:26:20.629 [main] DEBUG o.h.e.i.AbstractFlushingEventListener - Dirty checking collections
19:26:20.629 [main] DEBUG o.h.e.i.AbstractFlushingEventListener - Flushed: 1 insertions, 0 updates, 0 deletions to 1 objects
19:26:20.629 [main] DEBUG o.h.e.i.AbstractFlushingEventListener - Flushed: 0 (re)creations, 0 updates, 0 removals to 0 collections
19:26:20.629 [main] DEBUG o.h.internal.util.EntityPrinter - Listing entities:
19:26:20.630 [main] DEBUG o.h.internal.util.EntityPrinter - edu.ncsu.csc.itrust2.models.persistent.LogEntry{secondaryUser=null, logCode=5, primaryUser=logapitest, id=408, time=java.util.GregorianCalendar[time=1521660380627,areFieldsSet=true,areAllFieldsSet=true,lenient=true,zone=sun.util.calendar.ZoneInfo[id="Etc/UTC",offset=0,dstSavings=0,useDaylight=false,transitions=0,lastRule=null],firstDayOfWeek=1,minimalDaysInFirstWeek=1,ERA=1,YEAR=2018,MONTH=2,WEEK_OF_YEAR=12,WEEK_OF_MONTH=4,DAY_OF_MONTH=21,DAY_OF_YEAR=80,DAY_OF_WEEK=4,DAY_OF_WEEK_IN_MONTH=3,AM_PM=1,HOUR=7,HOUR_OF_DAY=19,MINUTE=26,SECOND=20,MILLISECOND=627,ZONE_OFFSET=0,DST_OFFSET=0], message=null}
19:26:20.630 [main] DEBUG org.hibernate.SQL - insert into LogEntries (logCode, message, primaryUser, secondaryUser, time, id) values (?, ?, ?, ?, ?, ?)
Hibernate: insert into LogEntries (logCode, message, primaryUser, secondaryUser, time, id) values (?, ?, ?, ?, ?, ?)
19:26:20.631 [main] DEBUG o.h.e.j.internal.JdbcCoordinatorImpl - HHH000420: Closing un-released batch
19:26:20.632 [main] DEBUG o.h.e.t.internal.TransactionImpl - begin
19:26:20.632 [main] DEBUG org.hibernate.SQL - select next_val as id_val from hibernate_sequence for update
Hibernate: select next_val as id_val from hibernate_sequence for update
19:26:20.633 [main] DEBUG org.hibernate.SQL - update hibernate_sequence set next_val= ? where next_val=?
Hibernate: update hibernate_sequence set next_val= ? where next_val=?
19:26:20.634 [main] DEBUG o.h.e.i.AbstractSaveEventListener - Generated identifier: 409, using strategy: org.hibernate.id.enhanced.SequenceStyleGenerator
19:26:20.634 [main] DEBUG o.h.e.t.internal.TransactionImpl - committing
19:26:20.634 [main] DEBUG o.h.e.i.AbstractFlushingEventListener - Processing flush-time cascades
19:26:20.634 [main] DEBUG o.h.e.i.AbstractFlushingEventListener - Dirty checking collections
19:26:20.634 [main] DEBUG o.h.e.i.AbstractFlushingEventListener - Flushed: 1 insertions, 0 updates, 0 deletions to 1 objects
19:26:20.634 [main] DEBUG o.h.e.i.AbstractFlushingEventListener - Flushed: 0 (re)creations, 0 updates, 0 removals to 0 collections
19:26:20.635 [main] DEBUG o.h.internal.util.EntityPrinter - Listing entities:
19:26:20.635 [main] DEBUG o.h.internal.util.EntityPrinter - edu.ncsu.csc.itrust2.models.persistent.LogEntry{secondaryUser=null, logCode=5, primaryUser=logapitest, id=409, time=java.util.GregorianCalendar[time=1521660380632,areFieldsSet=true,areAllFieldsSet=true,lenient=true,zone=sun.util.calendar.ZoneInfo[id="Etc/UTC",offset=0,dstSavings=0,useDaylight=false,transitions=0,lastRule=null],firstDayOfWeek=1,minimalDaysInFirstWeek=1,ERA=1,YEAR=2018,MONTH=2,WEEK_OF_YEAR=12,WEEK_OF_MONTH=4,DAY_OF_MONTH=21,DAY_OF_YEAR=80,DAY_OF_WEEK=4,DAY_OF_WEEK_IN_MONTH=3,AM_PM=1,HOUR=7,HOUR_OF_DAY=19,MINUTE=26,SECOND=20,MILLISECOND=632,ZONE_OFFSET=0,DST_OFFSET=0], message=null}
19:26:20.635 [main] DEBUG org.hibernate.SQL - insert into LogEntries (logCode, message, primaryUser, secondaryUser, time, id) values (?, ?, ?, ?, ?, ?)
Hibernate: insert into LogEntries (logCode, message, primaryUser, secondaryUser, time, id) values (?, ?, ?, ?, ?, ?)
19:26:20.636 [main] DEBUG o.h.e.j.internal.JdbcCoordinatorImpl - HHH000420: Closing un-released batch
19:26:20.637 [main] DEBUG o.h.e.t.internal.TransactionImpl - begin
19:26:20.638 [main] DEBUG org.hibernate.SQL - select next_val as id_val from hibernate_sequence for update
Hibernate: select next_val as id_val from hibernate_sequence for update
19:26:20.638 [main] DEBUG org.hibernate.SQL - update hibernate_sequence set next_val= ? where next_val=?
Hibernate: update hibernate_sequence set next_val= ? where next_val=?
19:26:20.639 [main] DEBUG o.h.e.i.AbstractSaveEventListener - Generated identifier: 410, using strategy: org.hibernate.id.enhanced.SequenceStyleGenerator
19:26:20.639 [main] DEBUG o.h.e.t.internal.TransactionImpl - committing
19:26:20.639 [main] DEBUG o.h.e.i.AbstractFlushingEventListener - Processing flush-time cascades
19:26:20.639 [main] DEBUG o.h.e.i.AbstractFlushingEventListener - Dirty checking collections
19:26:20.640 [main] DEBUG o.h.e.i.AbstractFlushingEventListener - Flushed: 1 insertions, 0 updates, 0 deletions to 1 objects
19:26:20.640 [main] DEBUG o.h.e.i.AbstractFlushingEventListener - Flushed: 0 (re)creations, 0 updates, 0 removals to 0 collections
19:26:20.640 [main] DEBUG o.h.internal.util.EntityPrinter - Listing entities:
19:26:20.640 [main] DEBUG o.h.internal.util.EntityPrinter - edu.ncsu.csc.itrust2.models.persistent.LogEntry{secondaryUser=null, logCode=5, primaryUser=logapitest, id=410, time=java.util.GregorianCalendar[time=1521660380637,areFieldsSet=true,areAllFieldsSet=true,lenient=true,zone=sun.util.calendar.ZoneInfo[id="Etc/UTC",offset=0,dstSavings=0,useDaylight=false,transitions=0,lastRule=null],firstDayOfWeek=1,minimalDaysInFirstWeek=1,ERA=1,YEAR=2018,MONTH=2,WEEK_OF_YEAR=12,WEEK_OF_MONTH=4,DAY_OF_MONTH=21,DAY_OF_YEAR=80,DAY_OF_WEEK=4,DAY_OF_WEEK_IN_MONTH=3,AM_PM=1,HOUR=7,HOUR_OF_DAY=19,MINUTE=26,SECOND=20,MILLISECOND=637,ZONE_OFFSET=0,DST_OFFSET=0], message=null}
19:26:20.640 [main] DEBUG org.hibernate.SQL - insert into LogEntries (logCode, message, primaryUser, secondaryUser, time, id) values (?, ?, ?, ?, ?, ?)
Hibernate: insert into LogEntries (logCode, message, primaryUser, secondaryUser, time, id) values (?, ?, ?, ?, ?, ?)
19:26:20.642 [main] DEBUG o.h.e.j.internal.JdbcCoordinatorImpl - HHH000420: Closing un-released batch
19:26:20.643 [main] DEBUG o.h.e.t.internal.TransactionImpl - begin
19:26:20.643 [main] DEBUG org.hibernate.SQL - select next_val as id_val from hibernate_sequence for update
Hibernate: select next_val as id_val from hibernate_sequence for update
19:26:20.644 [main] DEBUG org.hibernate.SQL - update hibernate_sequence set next_val= ? where next_val=?
Hibernate: update hibernate_sequence set next_val= ? where next_val=?
19:26:20.645 [main] DEBUG o.h.e.i.AbstractSaveEventListener - Generated identifier: 411, using strategy: org.hibernate.id.enhanced.SequenceStyleGenerator
19:26:20.645 [main] DEBUG o.h.e.t.internal.TransactionImpl - committing
19:26:20.645 [main] DEBUG o.h.e.i.AbstractFlushingEventListener - Processing flush-time cascades
19:26:20.645 [main] DEBUG o.h.e.i.AbstractFlushingEventListener - Dirty checking collections
19:26:20.646 [main] DEBUG o.h.e.i.AbstractFlushingEventListener - Flushed: 1 insertions, 0 updates, 0 deletions to 1 objects
19:26:20.646 [main] DEBUG o.h.e.i.AbstractFlushingEventListener - Flushed: 0 (re)creations, 0 updates, 0 removals to 0 collections
19:26:20.646 [main] DEBUG o.h.internal.util.EntityPrinter - Listing entities:
19:26:20.646 [main] DEBUG o.h.internal.util.EntityPrinter - edu.ncsu.csc.itrust2.models.persistent.LogEntry{secondaryUser=null, logCode=5, primaryUser=logapitest, id=411, time=java.util.GregorianCalendar[time=1521660380642,areFieldsSet=true,areAllFieldsSet=true,lenient=true,zone=sun.util.calendar.ZoneInfo[id="Etc/UTC",offset=0,dstSavings=0,useDaylight=false,transitions=0,lastRule=null],firstDayOfWeek=1,minimalDaysInFirstWeek=1,ERA=1,YEAR=2018,MONTH=2,WEEK_OF_YEAR=12,WEEK_OF_MONTH=4,DAY_OF_MONTH=21,DAY_OF_YEAR=80,DAY_OF_WEEK=4,DAY_OF_WEEK_IN_MONTH=3,AM_PM=1,HOUR=7,HOUR_OF_DAY=19,MINUTE=26,SECOND=20,MILLISECOND=642,ZONE_OFFSET=0,DST_OFFSET=0], message=null}
19:26:20.646 [main] DEBUG org.hibernate.SQL - insert into LogEntries (logCode, message, primaryUser, secondaryUser, time, id) values (?, ?, ?, ?, ?, ?)
Hibernate: insert into LogEntries (logCode, message, primaryUser, secondaryUser, time, id) values (?, ?, ?, ?, ?, ?)
19:26:20.648 [main] DEBUG o.h.e.j.internal.JdbcCoordinatorImpl - HHH000420: Closing un-released batch
19:26:20.648 [main] DEBUG o.h.e.t.internal.TransactionImpl - begin
19:26:20.649 [main] DEBUG org.hibernate.SQL - select next_val as id_val from hibernate_sequence for update
Hibernate: select next_val as id_val from hibernate_sequence for update
19:26:20.649 [main] DEBUG org.hibernate.SQL - update hibernate_sequence set next_val= ? where next_val=?
Hibernate: update hibernate_sequence set next_val= ? where next_val=?
19:26:20.650 [main] DEBUG o.h.e.i.AbstractSaveEventListener - Generated identifier: 412, using strategy: org.hibernate.id.enhanced.SequenceStyleGenerator
19:26:20.650 [main] DEBUG o.h.e.t.internal.TransactionImpl - committing
19:26:20.650 [main] DEBUG o.h.e.i.AbstractFlushingEventListener - Processing flush-time cascades
19:26:20.650 [main] DEBUG o.h.e.i.AbstractFlushingEventListener - Dirty checking collections
19:26:20.651 [main] DEBUG o.h.e.i.AbstractFlushingEventListener - Flushed: 1 insertions, 0 updates, 0 deletions to 1 objects
19:26:20.658 [main] DEBUG o.h.e.i.AbstractFlushingEventListener - Flushed: 0 (re)creations, 0 updates, 0 removals to 0 collections
19:26:20.658 [main] DEBUG o.h.internal.util.EntityPrinter - Listing entities:
19:26:20.658 [main] DEBUG o.h.internal.util.EntityPrinter - edu.ncsu.csc.itrust2.models.persistent.LogEntry{secondaryUser=null, logCode=5, primaryUser=logapitest, id=412, time=java.util.GregorianCalendar[time=1521660380648,areFieldsSet=true,areAllFieldsSet=true,lenient=true,zone=sun.util.calendar.ZoneInfo[id="Etc/UTC",offset=0,dstSavings=0,useDaylight=false,transitions=0,lastRule=null],firstDayOfWeek=1,minimalDaysInFirstWeek=1,ERA=1,YEAR=2018,MONTH=2,WEEK_OF_YEAR=12,WEEK_OF_MONTH=4,DAY_OF_MONTH=21,DAY_OF_YEAR=80,DAY_OF_WEEK=4,DAY_OF_WEEK_IN_MONTH=3,AM_PM=1,HOUR=7,HOUR_OF_DAY=19,MINUTE=26,SECOND=20,MILLISECOND=648,ZONE_OFFSET=0,DST_OFFSET=0], message=null}
19:26:20.658 [main] DEBUG org.hibernate.SQL - insert into LogEntries (logCode, message, primaryUser, secondaryUser, time, id) values (?, ?, ?, ?, ?, ?)
Hibernate: insert into LogEntries (logCode, message, primaryUser, secondaryUser, time, id) values (?, ?, ?, ?, ?, ?)
19:26:20.667 [main] DEBUG o.h.e.j.internal.JdbcCoordinatorImpl - HHH000420: Closing un-released batch
19:26:20.667 [main] DEBUG o.h.e.t.internal.TransactionImpl - begin
19:26:20.667 [main] DEBUG org.hibernate.SQL - select next_val as id_val from hibernate_sequence for update
Hibernate: select next_val as id_val from hibernate_sequence for update
19:26:20.668 [main] DEBUG org.hibernate.SQL - update hibernate_sequence set next_val= ? where next_val=?
Hibernate: update hibernate_sequence set next_val= ? where next_val=?
19:26:20.669 [main] DEBUG o.h.e.i.AbstractSaveEventListener - Generated identifier: 413, using strategy: org.hibernate.id.enhanced.SequenceStyleGenerator
19:26:20.669 [main] DEBUG o.h.e.t.internal.TransactionImpl - committing
19:26:20.669 [main] DEBUG o.h.e.i.AbstractFlushingEventListener - Processing flush-time cascades
19:26:20.669 [main] DEBUG o.h.e.i.AbstractFlushingEventListener - Dirty checking collections
19:26:20.669 [main] DEBUG o.h.e.i.AbstractFlushingEventListener - Flushed: 1 insertions, 0 updates, 0 deletions to 1 objects
19:26:20.669 [main] DEBUG o.h.e.i.AbstractFlushingEventListener - Flushed: 0 (re)creations, 0 updates, 0 removals to 0 collections
19:26:20.669 [main] DEBUG o.h.internal.util.EntityPrinter - Listing entities:
19:26:20.669 [main] DEBUG o.h.internal.util.EntityPrinter - edu.ncsu.csc.itrust2.models.persistent.LogEntry{secondaryUser=null, logCode=5, primaryUser=logapitest, id=413, time=java.util.GregorianCalendar[time=1521660380667,areFieldsSet=true,areAllFieldsSet=true,lenient=true,zone=sun.util.calendar.ZoneInfo[id="Etc/UTC",offset=0,dstSavings=0,useDaylight=false,transitions=0,lastRule=null],firstDayOfWeek=1,minimalDaysInFirstWeek=1,ERA=1,YEAR=2018,MONTH=2,WEEK_OF_YEAR=12,WEEK_OF_MONTH=4,DAY_OF_MONTH=21,DAY_OF_YEAR=80,DAY_OF_WEEK=4,DAY_OF_WEEK_IN_MONTH=3,AM_PM=1,HOUR=7,HOUR_OF_DAY=19,MINUTE=26,SECOND=20,MILLISECOND=667,ZONE_OFFSET=0,DST_OFFSET=0], message=null}
19:26:20.670 [main] DEBUG org.hibernate.SQL - insert into LogEntries (logCode, message, primaryUser, secondaryUser, time, id) values (?, ?, ?, ?, ?, ?)
Hibernate: insert into LogEntries (logCode, message, primaryUser, secondaryUser, time, id) values (?, ?, ?, ?, ?, ?)
19:26:20.671 [main] DEBUG o.h.e.j.internal.JdbcCoordinatorImpl - HHH000420: Closing un-released batch
19:26:20.671 [main] DEBUG o.h.e.t.internal.TransactionImpl - begin
19:26:20.672 [main] DEBUG org.hibernate.SQL - select next_val as id_val from hibernate_sequence for update
Hibernate: select next_val as id_val from hibernate_sequence for update
19:26:20.672 [main] DEBUG org.hibernate.SQL - update hibernate_sequence set next_val= ? where next_val=?
Hibernate: update hibernate_sequence set next_val= ? where next_val=?
19:26:20.673 [main] DEBUG o.h.e.i.AbstractSaveEventListener - Generated identifier: 414, using strategy: org.hibernate.id.enhanced.SequenceStyleGenerator
19:26:20.674 [main] DEBUG o.h.e.t.internal.TransactionImpl - committing
19:26:20.674 [main] DEBUG o.h.e.i.AbstractFlushingEventListener - Processing flush-time cascades
19:26:20.674 [main] DEBUG o.h.e.i.AbstractFlushingEventListener - Dirty checking collections
19:26:20.674 [main] DEBUG o.h.e.i.AbstractFlushingEventListener - Flushed: 1 insertions, 0 updates, 0 deletions to 1 objects
19:26:20.674 [main] DEBUG o.h.e.i.AbstractFlushingEventListener - Flushed: 0 (re)creations, 0 updates, 0 removals to 0 collections
19:26:20.674 [main] DEBUG o.h.internal.util.EntityPrinter - Listing entities:
19:26:20.674 [main] DEBUG o.h.internal.util.EntityPrinter - edu.ncsu.csc.itrust2.models.persistent.LogEntry{secondaryUser=null, logCode=5, primaryUser=logapitest, id=414, time=java.util.GregorianCalendar[time=1521660380671,areFieldsSet=true,areAllFieldsSet=true,lenient=true,zone=sun.util.calendar.ZoneInfo[id="Etc/UTC",offset=0,dstSavings=0,useDaylight=false,transitions=0,lastRule=null],firstDayOfWeek=1,minimalDaysInFirstWeek=1,ERA=1,YEAR=2018,MONTH=2,WEEK_OF_YEAR=12,WEEK_OF_MONTH=4,DAY_OF_MONTH=21,DAY_OF_YEAR=80,DAY_OF_WEEK=4,DAY_OF_WEEK_IN_MONTH=3,AM_PM=1,HOUR=7,HOUR_OF_DAY=19,MINUTE=26,SECOND=20,MILLISECOND=671,ZONE_OFFSET=0,DST_OFFSET=0], message=null}
19:26:20.675 [main] DEBUG org.hibernate.SQL - insert into LogEntries (logCode, message, primaryUser, secondaryUser, time, id) values (?, ?, ?, ?, ?, ?)
Hibernate: insert into LogEntries (logCode, message, primaryUser, secondaryUser, time, id) values (?, ?, ?, ?, ?, ?)
19:26:20.677 [main] DEBUG o.h.e.j.internal.JdbcCoordinatorImpl - HHH000420: Closing un-released batch
19:26:20.677 [main] DEBUG o.h.e.t.internal.TransactionImpl - begin
19:26:20.680 [main] DEBUG org.hibernate.SQL - select next_val as id_val from hibernate_sequence for update
Hibernate: select next_val as id_val from hibernate_sequence for update
19:26:20.681 [main] DEBUG org.hibernate.SQL - update hibernate_sequence set next_val= ? where next_val=?
Hibernate: update hibernate_sequence set next_val= ? where next_val=?
19:26:20.683 [main] DEBUG o.h.e.i.AbstractSaveEventListener - Generated identifier: 415, using strategy: org.hibernate.id.enhanced.SequenceStyleGenerator
19:26:20.683 [main] DEBUG o.h.e.t.internal.TransactionImpl - committing
19:26:20.683 [main] DEBUG o.h.e.i.AbstractFlushingEventListener - Processing flush-time cascades
19:26:20.683 [main] DEBUG o.h.e.i.AbstractFlushingEventListener - Dirty checking collections
19:26:20.683 [main] DEBUG o.h.e.i.AbstractFlushingEventListener - Flushed: 1 insertions, 0 updates, 0 deletions to 1 objects
19:26:20.683 [main] DEBUG o.h.e.i.AbstractFlushingEventListener - Flushed: 0 (re)creations, 0 updates, 0 removals to 0 collections
19:26:20.683 [main] DEBUG o.h.internal.util.EntityPrinter - Listing entities:
19:26:20.683 [main] DEBUG o.h.internal.util.EntityPrinter - edu.ncsu.csc.itrust2.models.persistent.LogEntry{secondaryUser=null, logCode=5, primaryUser=logapitest, id=415, time=java.util.GregorianCalendar[time=1521660380677,areFieldsSet=true,areAllFieldsSet=true,lenient=true,zone=sun.util.calendar.ZoneInfo[id="Etc/UTC",offset=0,dstSavings=0,useDaylight=false,transitions=0,lastRule=null],firstDayOfWeek=1,minimalDaysInFirstWeek=1,ERA=1,YEAR=2018,MONTH=2,WEEK_OF_YEAR=12,WEEK_OF_MONTH=4,DAY_OF_MONTH=21,DAY_OF_YEAR=80,DAY_OF_WEEK=4,DAY_OF_WEEK_IN_MONTH=3,AM_PM=1,HOUR=7,HOUR_OF_DAY=19,MINUTE=26,SECOND=20,MILLISECOND=677,ZONE_OFFSET=0,DST_OFFSET=0], message=null}
19:26:20.684 [main] DEBUG org.hibernate.SQL - insert into LogEntries (logCode, message, primaryUser, secondaryUser, time, id) values (?, ?, ?, ?, ?, ?)
Hibernate: insert into LogEntries (logCode, message, primaryUser, secondaryUser, time, id) values (?, ?, ?, ?, ?, ?)
19:26:20.686 [main] DEBUG o.h.e.j.internal.JdbcCoordinatorImpl - HHH000420: Closing un-released batch
19:26:20.686 [main] DEBUG o.h.e.t.internal.TransactionImpl - begin
19:26:20.687 [main] DEBUG org.hibernate.SQL - select next_val as id_val from hibernate_sequence for update
Hibernate: select next_val as id_val from hibernate_sequence for update
19:26:20.687 [main] DEBUG org.hibernate.SQL - update hibernate_sequence set next_val= ? where next_val=?
Hibernate: update hibernate_sequence set next_val= ? where next_val=?
19:26:20.688 [main] DEBUG o.h.e.i.AbstractSaveEventListener - Generated identifier: 416, using strategy: org.hibernate.id.enhanced.SequenceStyleGenerator
19:26:20.689 [main] DEBUG o.h.e.t.internal.TransactionImpl - committing
19:26:20.689 [main] DEBUG o.h.e.i.AbstractFlushingEventListener - Processing flush-time cascades
19:26:20.689 [main] DEBUG o.h.e.i.AbstractFlushingEventListener - Dirty checking collections
19:26:20.689 [main] DEBUG o.h.e.i.AbstractFlushingEventListener - Flushed: 1 insertions, 0 updates, 0 deletions to 1 objects
19:26:20.689 [main] DEBUG o.h.e.i.AbstractFlushingEventListener - Flushed: 0 (re)creations, 0 updates, 0 removals to 0 collections
19:26:20.689 [main] DEBUG o.h.internal.util.EntityPrinter - Listing entities:
19:26:20.689 [main] DEBUG o.h.internal.util.EntityPrinter - edu.ncsu.csc.itrust2.models.persistent.LogEntry{secondaryUser=null, logCode=5, primaryUser=logapitest, id=416, time=java.util.GregorianCalendar[time=1521660380686,areFieldsSet=true,areAllFieldsSet=true,lenient=true,zone=sun.util.calendar.ZoneInfo[id="Etc/UTC",offset=0,dstSavings=0,useDaylight=false,transitions=0,lastRule=null],firstDayOfWeek=1,minimalDaysInFirstWeek=1,ERA=1,YEAR=2018,MONTH=2,WEEK_OF_YEAR=12,WEEK_OF_MONTH=4,DAY_OF_MONTH=21,DAY_OF_YEAR=80,DAY_OF_WEEK=4,DAY_OF_WEEK_IN_MONTH=3,AM_PM=1,HOUR=7,HOUR_OF_DAY=19,MINUTE=26,SECOND=20,MILLISECOND=686,ZONE_OFFSET=0,DST_OFFSET=0], message=null}
19:26:20.690 [main] DEBUG org.hibernate.SQL - insert into LogEntries (logCode, message, primaryUser, secondaryUser, time, id) values (?, ?, ?, ?, ?, ?)
Hibernate: insert into LogEntries (logCode, message, primaryUser, secondaryUser, time, id) values (?, ?, ?, ?, ?, ?)
19:26:20.691 [main] DEBUG o.h.e.j.internal.JdbcCoordinatorImpl - HHH000420: Closing un-released batch
19:26:20.691 [main] DEBUG o.h.e.t.internal.TransactionImpl - begin
19:26:20.699 [main] DEBUG org.hibernate.SQL - select next_val as id_val from hibernate_sequence for update
Hibernate: select next_val as id_val from hibernate_sequence for update
19:26:20.700 [main] DEBUG org.hibernate.SQL - update hibernate_sequence set next_val= ? where next_val=?
Hibernate: update hibernate_sequence set next_val= ? where next_val=?
19:26:20.702 [main] DEBUG o.h.e.i.AbstractSaveEventListener - Generated identifier: 417, using strategy: org.hibernate.id.enhanced.SequenceStyleGenerator
19:26:20.702 [main] DEBUG o.h.e.t.internal.TransactionImpl - committing
19:26:20.702 [main] DEBUG o.h.e.i.AbstractFlushingEventListener - Processing flush-time cascades
19:26:20.702 [main] DEBUG o.h.e.i.AbstractFlushingEventListener - Dirty checking collections
19:26:20.702 [main] DEBUG o.h.e.i.AbstractFlushingEventListener - Flushed: 1 insertions, 0 updates, 0 deletions to 1 objects
19:26:20.702 [main] DEBUG o.h.e.i.AbstractFlushingEventListener - Flushed: 0 (re)creations, 0 updates, 0 removals to 0 collections
19:26:20.702 [main] DEBUG o.h.internal.util.EntityPrinter - Listing entities:
19:26:20.703 [main] DEBUG o.h.internal.util.EntityPrinter - edu.ncsu.csc.itrust2.models.persistent.LogEntry{secondaryUser=null, logCode=5, primaryUser=logapitest, id=417, time=java.util.GregorianCalendar[time=1521660380691,areFieldsSet=true,areAllFieldsSet=true,lenient=true,zone=sun.util.calendar.ZoneInfo[id="Etc/UTC",offset=0,dstSavings=0,useDaylight=false,transitions=0,lastRule=null],firstDayOfWeek=1,minimalDaysInFirstWeek=1,ERA=1,YEAR=2018,MONTH=2,WEEK_OF_YEAR=12,WEEK_OF_MONTH=4,DAY_OF_MONTH=21,DAY_OF_YEAR=80,DAY_OF_WEEK=4,DAY_OF_WEEK_IN_MONTH=3,AM_PM=1,HOUR=7,HOUR_OF_DAY=19,MINUTE=26,SECOND=20,MILLISECOND=691,ZONE_OFFSET=0,DST_OFFSET=0], message=null}
19:26:20.703 [main] DEBUG org.hibernate.SQL - insert into LogEntries (logCode, message, primaryUser, secondaryUser, time, id) values (?, ?, ?, ?, ?, ?)
Hibernate: insert into LogEntries (logCode, message, primaryUser, secondaryUser, time, id) values (?, ?, ?, ?, ?, ?)
19:26:20.705 [main] DEBUG o.h.e.j.internal.JdbcCoordinatorImpl - HHH000420: Closing un-released batch
19:26:20.705 [main] DEBUG o.h.e.t.internal.TransactionImpl - begin
19:26:20.706 [main] DEBUG org.hibernate.SQL - select next_val as id_val from hibernate_sequence for update
Hibernate: select next_val as id_val from hibernate_sequence for update
19:26:20.706 [main] DEBUG org.hibernate.SQL - update hibernate_sequence set next_val= ? where next_val=?
Hibernate: update hibernate_sequence set next_val= ? where next_val=?
19:26:20.707 [main] DEBUG o.h.e.i.AbstractSaveEventListener - Generated identifier: 418, using strategy: org.hibernate.id.enhanced.SequenceStyleGenerator
19:26:20.708 [main] DEBUG o.h.e.t.internal.TransactionImpl - committing
19:26:20.708 [main] DEBUG o.h.e.i.AbstractFlushingEventListener - Processing flush-time cascades
19:26:20.708 [main] DEBUG o.h.e.i.AbstractFlushingEventListener - Dirty checking collections
19:26:20.708 [main] DEBUG o.h.e.i.AbstractFlushingEventListener - Flushed: 1 insertions, 0 updates, 0 deletions to 1 objects
19:26:20.708 [main] DEBUG o.h.e.i.AbstractFlushingEventListener - Flushed: 0 (re)creations, 0 updates, 0 removals to 0 collections
19:26:20.708 [main] DEBUG o.h.internal.util.EntityPrinter - Listing entities:
19:26:20.709 [main] DEBUG o.h.internal.util.EntityPrinter - edu.ncsu.csc.itrust2.models.persistent.LogEntry{secondaryUser=null, logCode=5, primaryUser=logapitest, id=418, time=java.util.GregorianCalendar[time=1521660380705,areFieldsSet=true,areAllFieldsSet=true,lenient=true,zone=sun.util.calendar.ZoneInfo[id="Etc/UTC",offset=0,dstSavings=0,useDaylight=false,transitions=0,lastRule=null],firstDayOfWeek=1,minimalDaysInFirstWeek=1,ERA=1,YEAR=2018,MONTH=2,WEEK_OF_YEAR=12,WEEK_OF_MONTH=4,DAY_OF_MONTH=21,DAY_OF_YEAR=80,DAY_OF_WEEK=4,DAY_OF_WEEK_IN_MONTH=3,AM_PM=1,HOUR=7,HOUR_OF_DAY=19,MINUTE=26,SECOND=20,MILLISECOND=705,ZONE_OFFSET=0,DST_OFFSET=0], message=null}
19:26:20.709 [main] DEBUG org.hibernate.SQL - insert into LogEntries (logCode, message, primaryUser, secondaryUser, time, id) values (?, ?, ?, ?, ?, ?)
Hibernate: insert into LogEntries (logCode, message, primaryUser, secondaryUser, time, id) values (?, ?, ?, ?, ?, ?)
19:26:20.717 [main] DEBUG o.h.e.j.internal.JdbcCoordinatorImpl - HHH000420: Closing un-released batch
19:26:20.717 [main] DEBUG o.h.e.t.internal.TransactionImpl - begin
19:26:20.718 [main] DEBUG org.hibernate.SQL - select next_val as id_val from hibernate_sequence for update
Hibernate: select next_val as id_val from hibernate_sequence for update
19:26:20.718 [main] DEBUG org.hibernate.SQL - update hibernate_sequence set next_val= ? where next_val=?
Hibernate: update hibernate_sequence set next_val= ? where next_val=?
19:26:20.719 [main] DEBUG o.h.e.i.AbstractSaveEventListener - Generated identifier: 419, using strategy: org.hibernate.id.enhanced.SequenceStyleGenerator
19:26:20.719 [main] DEBUG o.h.e.t.internal.TransactionImpl - committing
19:26:20.719 [main] DEBUG o.h.e.i.AbstractFlushingEventListener - Processing flush-time cascades
19:26:20.719 [main] DEBUG o.h.e.i.AbstractFlushingEventListener - Dirty checking collections
19:26:20.719 [main] DEBUG o.h.e.i.AbstractFlushingEventListener - Flushed: 1 insertions, 0 updates, 0 deletions to 1 objects
19:26:20.719 [main] DEBUG o.h.e.i.AbstractFlushingEventListener - Flushed: 0 (re)creations, 0 updates, 0 removals to 0 collections
19:26:20.719 [main] DEBUG o.h.internal.util.EntityPrinter - Listing entities:
19:26:20.719 [main] DEBUG o.h.internal.util.EntityPrinter - edu.ncsu.csc.itrust2.models.persistent.LogEntry{secondaryUser=null, logCode=5, primaryUser=logapitest, id=419, time=java.util.GregorianCalendar[time=1521660380717,areFieldsSet=true,areAllFieldsSet=true,lenient=true,zone=sun.util.calendar.ZoneInfo[id="Etc/UTC",offset=0,dstSavings=0,useDaylight=false,transitions=0,lastRule=null],firstDayOfWeek=1,minimalDaysInFirstWeek=1,ERA=1,YEAR=2018,MONTH=2,WEEK_OF_YEAR=12,WEEK_OF_MONTH=4,DAY_OF_MONTH=21,DAY_OF_YEAR=80,DAY_OF_WEEK=4,DAY_OF_WEEK_IN_MONTH=3,AM_PM=1,HOUR=7,HOUR_OF_DAY=19,MINUTE=26,SECOND=20,MILLISECOND=717,ZONE_OFFSET=0,DST_OFFSET=0], message=null}
19:26:20.720 [main] DEBUG org.hibernate.SQL - insert into LogEntries (logCode, message, primaryUser, secondaryUser, time, id) values (?, ?, ?, ?, ?, ?)
Hibernate: insert into LogEntries (logCode, message, primaryUser, secondaryUser, time, id) values (?, ?, ?, ?, ?, ?)
19:26:20.721 [main] DEBUG o.h.e.j.internal.JdbcCoordinatorImpl - HHH000420: Closing un-released batch
19:26:20.721 [main] DEBUG o.h.e.t.internal.TransactionImpl - begin
19:26:20.722 [main] DEBUG org.hibernate.SQL - select next_val as id_val from hibernate_sequence for update
Hibernate: select next_val as id_val from hibernate_sequence for update
19:26:20.723 [main] DEBUG org.hibernate.SQL - update hibernate_sequence set next_val= ? where next_val=?
Hibernate: update hibernate_sequence set next_val= ? where next_val=?
19:26:20.723 [main] DEBUG o.h.e.i.AbstractSaveEventListener - Generated identifier: 420, using strategy: org.hibernate.id.enhanced.SequenceStyleGenerator
19:26:20.724 [main] DEBUG o.h.e.t.internal.TransactionImpl - committing
19:26:20.724 [main] DEBUG o.h.e.i.AbstractFlushingEventListener - Processing flush-time cascades
19:26:20.724 [main] DEBUG o.h.e.i.AbstractFlushingEventListener - Dirty checking collections
19:26:20.724 [main] DEBUG o.h.e.i.AbstractFlushingEventListener - Flushed: 1 insertions, 0 updates, 0 deletions to 1 objects
19:26:20.724 [main] DEBUG o.h.e.i.AbstractFlushingEventListener - Flushed: 0 (re)creations, 0 updates, 0 removals to 0 collections
19:26:20.724 [main] DEBUG o.h.internal.util.EntityPrinter - Listing entities:
19:26:20.725 [main] DEBUG o.h.internal.util.EntityPrinter - edu.ncsu.csc.itrust2.models.persistent.LogEntry{secondaryUser=null, logCode=5, primaryUser=logapitest, id=420, time=java.util.GregorianCalendar[time=1521660380721,areFieldsSet=true,areAllFieldsSet=true,lenient=true,zone=sun.util.calendar.ZoneInfo[id="Etc/UTC",offset=0,dstSavings=0,useDaylight=false,transitions=0,lastRule=null],firstDayOfWeek=1,minimalDaysInFirstWeek=1,ERA=1,YEAR=2018,MONTH=2,WEEK_OF_YEAR=12,WEEK_OF_MONTH=4,DAY_OF_MONTH=21,DAY_OF_YEAR=80,DAY_OF_WEEK=4,DAY_OF_WEEK_IN_MONTH=3,AM_PM=1,HOUR=7,HOUR_OF_DAY=19,MINUTE=26,SECOND=20,MILLISECOND=721,ZONE_OFFSET=0,DST_OFFSET=0], message=null}
19:26:20.725 [main] DEBUG org.hibernate.SQL - insert into LogEntries (logCode, message, primaryUser, secondaryUser, time, id) values (?, ?, ?, ?, ?, ?)
Hibernate: insert into LogEntries (logCode, message, primaryUser, secondaryUser, time, id) values (?, ?, ?, ?, ?, ?)
19:26:20.727 [main] DEBUG o.h.e.j.internal.JdbcCoordinatorImpl - HHH000420: Closing un-released batch
19:26:20.727 [main] DEBUG o.h.e.t.internal.TransactionImpl - begin
19:26:20.727 [main] DEBUG org.hibernate.SQL - select next_val as id_val from hibernate_sequence for update
Hibernate: select next_val as id_val from hibernate_sequence for update
19:26:20.728 [main] DEBUG org.hibernate.SQL - update hibernate_sequence set next_val= ? where next_val=?
Hibernate: update hibernate_sequence set next_val= ? where next_val=?
19:26:20.729 [main] DEBUG o.h.e.i.AbstractSaveEventListener - Generated identifier: 421, using strategy: org.hibernate.id.enhanced.SequenceStyleGenerator
19:26:20.729 [main] DEBUG o.h.e.t.internal.TransactionImpl - committing
19:26:20.730 [main] DEBUG o.h.e.i.AbstractFlushingEventListener - Processing flush-time cascades
19:26:20.730 [main] DEBUG o.h.e.i.AbstractFlushingEventListener - Dirty checking collections
19:26:20.730 [main] DEBUG o.h.e.i.AbstractFlushingEventListener - Flushed: 1 insertions, 0 updates, 0 deletions to 1 objects
19:26:20.730 [main] DEBUG o.h.e.i.AbstractFlushingEventListener - Flushed: 0 (re)creations, 0 updates, 0 removals to 0 collections
19:26:20.730 [main] DEBUG o.h.internal.util.EntityPrinter - Listing entities:
19:26:20.730 [main] DEBUG o.h.internal.util.EntityPrinter - edu.ncsu.csc.itrust2.models.persistent.LogEntry{secondaryUser=null, logCode=5, primaryUser=logapitest, id=421, time=java.util.GregorianCalendar[time=1521660380727,areFieldsSet=true,areAllFieldsSet=true,lenient=true,zone=sun.util.calendar.ZoneInfo[id="Etc/UTC",offset=0,dstSavings=0,useDaylight=false,transitions=0,lastRule=null],firstDayOfWeek=1,minimalDaysInFirstWeek=1,ERA=1,YEAR=2018,MONTH=2,WEEK_OF_YEAR=12,WEEK_OF_MONTH=4,DAY_OF_MONTH=21,DAY_OF_YEAR=80,DAY_OF_WEEK=4,DAY_OF_WEEK_IN_MONTH=3,AM_PM=1,HOUR=7,HOUR_OF_DAY=19,MINUTE=26,SECOND=20,MILLISECOND=727,ZONE_OFFSET=0,DST_OFFSET=0], message=null}
19:26:20.731 [main] DEBUG org.hibernate.SQL - insert into LogEntries (logCode, message, primaryUser, secondaryUser, time, id) values (?, ?, ?, ?, ?, ?)
Hibernate: insert into LogEntries (logCode, message, primaryUser, secondaryUser, time, id) values (?, ?, ?, ?, ?, ?)
19:26:20.732 [main] DEBUG o.h.e.j.internal.JdbcCoordinatorImpl - HHH000420: Closing un-released batch
19:26:20.732 [main] DEBUG o.h.e.t.internal.TransactionImpl - begin
19:26:20.733 [main] DEBUG org.hibernate.SQL - select next_val as id_val from hibernate_sequence for update
Hibernate: select next_val as id_val from hibernate_sequence for update
19:26:20.733 [main] DEBUG org.hibernate.SQL - update hibernate_sequence set next_val= ? where next_val=?
Hibernate: update hibernate_sequence set next_val= ? where next_val=?
19:26:20.734 [main] DEBUG o.h.e.i.AbstractSaveEventListener - Generated identifier: 422, using strategy: org.hibernate.id.enhanced.SequenceStyleGenerator
19:26:20.734 [main] DEBUG o.h.e.t.internal.TransactionImpl - committing
19:26:20.734 [main] DEBUG o.h.e.i.AbstractFlushingEventListener - Processing flush-time cascades
19:26:20.735 [main] DEBUG o.h.e.i.AbstractFlushingEventListener - Dirty checking collections
19:26:20.735 [main] DEBUG o.h.e.i.AbstractFlushingEventListener - Flushed: 1 insertions, 0 updates, 0 deletions to 1 objects
19:26:20.735 [main] DEBUG o.h.e.i.AbstractFlushingEventListener - Flushed: 0 (re)creations, 0 updates, 0 removals to 0 collections
19:26:20.735 [main] DEBUG o.h.internal.util.EntityPrinter - Listing entities:
19:26:20.735 [main] DEBUG o.h.internal.util.EntityPrinter - edu.ncsu.csc.itrust2.models.persistent.LogEntry{secondaryUser=null, logCode=5, primaryUser=logapitest, id=422, time=java.util.GregorianCalendar[time=1521660380732,areFieldsSet=true,areAllFieldsSet=true,lenient=true,zone=sun.util.calendar.ZoneInfo[id="Etc/UTC",offset=0,dstSavings=0,useDaylight=false,transitions=0,lastRule=null],firstDayOfWeek=1,minimalDaysInFirstWeek=1,ERA=1,YEAR=2018,MONTH=2,WEEK_OF_YEAR=12,WEEK_OF_MONTH=4,DAY_OF_MONTH=21,DAY_OF_YEAR=80,DAY_OF_WEEK=4,DAY_OF_WEEK_IN_MONTH=3,AM_PM=1,HOUR=7,HOUR_OF_DAY=19,MINUTE=26,SECOND=20,MILLISECOND=732,ZONE_OFFSET=0,DST_OFFSET=0], message=null}
19:26:20.735 [main] DEBUG org.hibernate.SQL - insert into LogEntries (logCode, message, primaryUser, secondaryUser, time, id) values (?, ?, ?, ?, ?, ?)
Hibernate: insert into LogEntries (logCode, message, primaryUser, secondaryUser, time, id) values (?, ?, ?, ?, ?, ?)
19:26:20.737 [main] DEBUG o.h.e.j.internal.JdbcCoordinatorImpl - HHH000420: Closing un-released batch
19:26:20.737 [main] DEBUG o.h.e.t.internal.TransactionImpl - begin
19:26:20.738 [main] DEBUG org.hibernate.SQL - select next_val as id_val from hibernate_sequence for update
Hibernate: select next_val as id_val from hibernate_sequence for update
19:26:20.738 [main] DEBUG org.hibernate.SQL - update hibernate_sequence set next_val= ? where next_val=?
Hibernate: update hibernate_sequence set next_val= ? where next_val=?
19:26:20.740 [main] DEBUG o.h.e.i.AbstractSaveEventListener - Generated identifier: 423, using strategy: org.hibernate.id.enhanced.SequenceStyleGenerator
19:26:20.740 [main] DEBUG o.h.e.t.internal.TransactionImpl - committing
19:26:20.740 [main] DEBUG o.h.e.i.AbstractFlushingEventListener - Processing flush-time cascades
19:26:20.740 [main] DEBUG o.h.e.i.AbstractFlushingEventListener - Dirty checking collections
19:26:20.740 [main] DEBUG o.h.e.i.AbstractFlushingEventListener - Flushed: 1 insertions, 0 updates, 0 deletions to 1 objects
19:26:20.740 [main] DEBUG o.h.e.i.AbstractFlushingEventListener - Flushed: 0 (re)creations, 0 updates, 0 removals to 0 collections
19:26:20.741 [main] DEBUG o.h.internal.util.EntityPrinter - Listing entities:
19:26:20.741 [main] DEBUG o.h.internal.util.EntityPrinter - edu.ncsu.csc.itrust2.models.persistent.LogEntry{secondaryUser=null, logCode=5, primaryUser=logapitest, id=423, time=java.util.GregorianCalendar[time=1521660380737,areFieldsSet=true,areAllFieldsSet=true,lenient=true,zone=sun.util.calendar.ZoneInfo[id="Etc/UTC",offset=0,dstSavings=0,useDaylight=false,transitions=0,lastRule=null],firstDayOfWeek=1,minimalDaysInFirstWeek=1,ERA=1,YEAR=2018,MONTH=2,WEEK_OF_YEAR=12,WEEK_OF_MONTH=4,DAY_OF_MONTH=21,DAY_OF_YEAR=80,DAY_OF_WEEK=4,DAY_OF_WEEK_IN_MONTH=3,AM_PM=1,HOUR=7,HOUR_OF_DAY=19,MINUTE=26,SECOND=20,MILLISECOND=737,ZONE_OFFSET=0,DST_OFFSET=0], message=null}
19:26:20.741 [main] DEBUG org.hibernate.SQL - insert into LogEntries (logCode, message, primaryUser, secondaryUser, time, id) values (?, ?, ?, ?, ?, ?)
Hibernate: insert into LogEntries (logCode, message, primaryUser, secondaryUser, time, id) values (?, ?, ?, ?, ?, ?)
19:26:20.742 [main] DEBUG o.h.e.j.internal.JdbcCoordinatorImpl - HHH000420: Closing un-released batch
19:26:20.742 [main] DEBUG o.h.e.t.internal.TransactionImpl - begin
19:26:20.743 [main] DEBUG org.hibernate.SQL - select next_val as id_val from hibernate_sequence for update
Hibernate: select next_val as id_val from hibernate_sequence for update
19:26:20.744 [main] DEBUG org.hibernate.SQL - update hibernate_sequence set next_val= ? where next_val=?
Hibernate: update hibernate_sequence set next_val= ? where next_val=?
19:26:20.745 [main] DEBUG o.h.e.i.AbstractSaveEventListener - Generated identifier: 424, using strategy: org.hibernate.id.enhanced.SequenceStyleGenerator
19:26:20.745 [main] DEBUG o.h.e.t.internal.TransactionImpl - committing
19:26:20.745 [main] DEBUG o.h.e.i.AbstractFlushingEventListener - Processing flush-time cascades
19:26:20.745 [main] DEBUG o.h.e.i.AbstractFlushingEventListener - Dirty checking collections
19:26:20.745 [main] DEBUG o.h.e.i.AbstractFlushingEventListener - Flushed: 1 insertions, 0 updates, 0 deletions to 1 objects
19:26:20.745 [main] DEBUG o.h.e.i.AbstractFlushingEventListener - Flushed: 0 (re)creations, 0 updates, 0 removals to 0 collections
19:26:20.745 [main] DEBUG o.h.internal.util.EntityPrinter - Listing entities:
19:26:20.745 [main] DEBUG o.h.internal.util.EntityPrinter - edu.ncsu.csc.itrust2.models.persistent.LogEntry{secondaryUser=null, logCode=5, primaryUser=logapitest, id=424, time=java.util.GregorianCalendar[time=1521660380742,areFieldsSet=true,areAllFieldsSet=true,lenient=true,zone=sun.util.calendar.ZoneInfo[id="Etc/UTC",offset=0,dstSavings=0,useDaylight=false,transitions=0,lastRule=null],firstDayOfWeek=1,minimalDaysInFirstWeek=1,ERA=1,YEAR=2018,MONTH=2,WEEK_OF_YEAR=12,WEEK_OF_MONTH=4,DAY_OF_MONTH=21,DAY_OF_YEAR=80,DAY_OF_WEEK=4,DAY_OF_WEEK_IN_MONTH=3,AM_PM=1,HOUR=7,HOUR_OF_DAY=19,MINUTE=26,SECOND=20,MILLISECOND=742,ZONE_OFFSET=0,DST_OFFSET=0], message=null}
19:26:20.746 [main] DEBUG org.hibernate.SQL - insert into LogEntries (logCode, message, primaryUser, secondaryUser, time, id) values (?, ?, ?, ?, ?, ?)
Hibernate: insert into LogEntries (logCode, message, primaryUser, secondaryUser, time, id) values (?, ?, ?, ?, ?, ?)
19:26:20.747 [main] DEBUG o.h.e.j.internal.JdbcCoordinatorImpl - HHH000420: Closing un-released batch
19:26:20.747 [main] DEBUG o.h.e.t.internal.TransactionImpl - begin
19:26:20.748 [main] DEBUG org.hibernate.SQL - select next_val as id_val from hibernate_sequence for update
Hibernate: select next_val as id_val from hibernate_sequence for update
19:26:20.748 [main] DEBUG org.hibernate.SQL - update hibernate_sequence set next_val= ? where next_val=?
Hibernate: update hibernate_sequence set next_val= ? where next_val=?
19:26:20.750 [main] DEBUG o.h.e.i.AbstractSaveEventListener - Generated identifier: 425, using strategy: org.hibernate.id.enhanced.SequenceStyleGenerator
19:26:20.750 [main] DEBUG o.h.e.t.internal.TransactionImpl - committing
19:26:20.750 [main] DEBUG o.h.e.i.AbstractFlushingEventListener - Processing flush-time cascades
19:26:20.750 [main] DEBUG o.h.e.i.AbstractFlushingEventListener - Dirty checking collections
19:26:20.750 [main] DEBUG o.h.e.i.AbstractFlushingEventListener - Flushed: 1 insertions, 0 updates, 0 deletions to 1 objects
19:26:20.750 [main] DEBUG o.h.e.i.AbstractFlushingEventListener - Flushed: 0 (re)creations, 0 updates, 0 removals to 0 collections
19:26:20.750 [main] DEBUG o.h.internal.util.EntityPrinter - Listing entities:
19:26:20.751 [main] DEBUG o.h.internal.util.EntityPrinter - edu.ncsu.csc.itrust2.models.persistent.LogEntry{secondaryUser=null, logCode=5, primaryUser=logapitest, id=425, time=java.util.GregorianCalendar[time=1521660380747,areFieldsSet=true,areAllFieldsSet=true,lenient=true,zone=sun.util.calendar.ZoneInfo[id="Etc/UTC",offset=0,dstSavings=0,useDaylight=false,transitions=0,lastRule=null],firstDayOfWeek=1,minimalDaysInFirstWeek=1,ERA=1,YEAR=2018,MONTH=2,WEEK_OF_YEAR=12,WEEK_OF_MONTH=4,DAY_OF_MONTH=21,DAY_OF_YEAR=80,DAY_OF_WEEK=4,DAY_OF_WEEK_IN_MONTH=3,AM_PM=1,HOUR=7,HOUR_OF_DAY=19,MINUTE=26,SECOND=20,MILLISECOND=747,ZONE_OFFSET=0,DST_OFFSET=0], message=null}
19:26:20.751 [main] DEBUG org.hibernate.SQL - insert into LogEntries (logCode, message, primaryUser, secondaryUser, time, id) values (?, ?, ?, ?, ?, ?)
Hibernate: insert into LogEntries (logCode, message, primaryUser, secondaryUser, time, id) values (?, ?, ?, ?, ?, ?)
19:26:20.752 [main] DEBUG o.h.e.j.internal.JdbcCoordinatorImpl - HHH000420: Closing un-released batch
19:26:20.752 [main] DEBUG o.h.e.t.internal.TransactionImpl - begin
19:26:20.753 [main] DEBUG org.hibernate.SQL - select next_val as id_val from hibernate_sequence for update
Hibernate: select next_val as id_val from hibernate_sequence for update
19:26:20.753 [main] DEBUG org.hibernate.SQL - update hibernate_sequence set next_val= ? where next_val=?
Hibernate: update hibernate_sequence set next_val= ? where next_val=?
19:26:20.754 [main] DEBUG o.h.e.i.AbstractSaveEventListener - Generated identifier: 426, using strategy: org.hibernate.id.enhanced.SequenceStyleGenerator
19:26:20.755 [main] DEBUG o.h.e.t.internal.TransactionImpl - committing
19:26:20.755 [main] DEBUG o.h.e.i.AbstractFlushingEventListener - Processing flush-time cascades
19:26:20.755 [main] DEBUG o.h.e.i.AbstractFlushingEventListener - Dirty checking collections
19:26:20.755 [main] DEBUG o.h.e.i.AbstractFlushingEventListener - Flushed: 1 insertions, 0 updates, 0 deletions to 1 objects
19:26:20.755 [main] DEBUG o.h.e.i.AbstractFlushingEventListener - Flushed: 0 (re)creations, 0 updates, 0 removals to 0 collections
19:26:20.755 [main] DEBUG o.h.internal.util.EntityPrinter - Listing entities:
19:26:20.755 [main] DEBUG o.h.internal.util.EntityPrinter - edu.ncsu.csc.itrust2.models.persistent.LogEntry{secondaryUser=null, logCode=5, primaryUser=logapitest, id=426, time=java.util.GregorianCalendar[time=1521660380752,areFieldsSet=true,areAllFieldsSet=true,lenient=true,zone=sun.util.calendar.ZoneInfo[id="Etc/UTC",offset=0,dstSavings=0,useDaylight=false,transitions=0,lastRule=null],firstDayOfWeek=1,minimalDaysInFirstWeek=1,ERA=1,YEAR=2018,MONTH=2,WEEK_OF_YEAR=12,WEEK_OF_MONTH=4,DAY_OF_MONTH=21,DAY_OF_YEAR=80,DAY_OF_WEEK=4,DAY_OF_WEEK_IN_MONTH=3,AM_PM=1,HOUR=7,HOUR_OF_DAY=19,MINUTE=26,SECOND=20,MILLISECOND=752,ZONE_OFFSET=0,DST_OFFSET=0], message=null}
19:26:20.756 [main] DEBUG org.hibernate.SQL - insert into LogEntries (logCode, message, primaryUser, secondaryUser, time, id) values (?, ?, ?, ?, ?, ?)
Hibernate: insert into LogEntries (logCode, message, primaryUser, secondaryUser, time, id) values (?, ?, ?, ?, ?, ?)
19:26:20.757 [main] DEBUG o.h.e.j.internal.JdbcCoordinatorImpl - HHH000420: Closing un-released batch
19:26:20.757 [main] DEBUG o.h.e.t.internal.TransactionImpl - begin
19:26:20.758 [main] DEBUG org.hibernate.SQL - select next_val as id_val from hibernate_sequence for update
Hibernate: select next_val as id_val from hibernate_sequence for update
19:26:20.758 [main] DEBUG org.hibernate.SQL - update hibernate_sequence set next_val= ? where next_val=?
Hibernate: update hibernate_sequence set next_val= ? where next_val=?
19:26:20.760 [main] DEBUG o.h.e.i.AbstractSaveEventListener - Generated identifier: 427, using strategy: org.hibernate.id.enhanced.SequenceStyleGenerator
19:26:20.760 [main] DEBUG o.h.e.t.internal.TransactionImpl - committing
19:26:20.760 [main] DEBUG o.h.e.i.AbstractFlushingEventListener - Processing flush-time cascades
19:26:20.760 [main] DEBUG o.h.e.i.AbstractFlushingEventListener - Dirty checking collections
19:26:20.761 [main] DEBUG o.h.e.i.AbstractFlushingEventListener - Flushed: 1 insertions, 0 updates, 0 deletions to 1 objects
19:26:20.761 [main] DEBUG o.h.e.i.AbstractFlushingEventListener - Flushed: 0 (re)creations, 0 updates, 0 removals to 0 collections
19:26:20.761 [main] DEBUG o.h.internal.util.EntityPrinter - Listing entities:
19:26:20.761 [main] DEBUG o.h.internal.util.EntityPrinter - edu.ncsu.csc.itrust2.models.persistent.LogEntry{secondaryUser=null, logCode=5, primaryUser=logapitest, id=427, time=java.util.GregorianCalendar[time=1521660380757,areFieldsSet=true,areAllFieldsSet=true,lenient=true,zone=sun.util.calendar.ZoneInfo[id="Etc/UTC",offset=0,dstSavings=0,useDaylight=false,transitions=0,lastRule=null],firstDayOfWeek=1,minimalDaysInFirstWeek=1,ERA=1,YEAR=2018,MONTH=2,WEEK_OF_YEAR=12,WEEK_OF_MONTH=4,DAY_OF_MONTH=21,DAY_OF_YEAR=80,DAY_OF_WEEK=4,DAY_OF_WEEK_IN_MONTH=3,AM_PM=1,HOUR=7,HOUR_OF_DAY=19,MINUTE=26,SECOND=20,MILLISECOND=757,ZONE_OFFSET=0,DST_OFFSET=0], message=null}
19:26:20.761 [main] DEBUG org.hibernate.SQL - insert into LogEntries (logCode, message, primaryUser, secondaryUser, time, id) values (?, ?, ?, ?, ?, ?)
Hibernate: insert into LogEntries (logCode, message, primaryUser, secondaryUser, time, id) values (?, ?, ?, ?, ?, ?)
19:26:20.762 [main] DEBUG o.h.e.j.internal.JdbcCoordinatorImpl - HHH000420: Closing un-released batch
19:26:20.763 [main] DEBUG o.h.e.t.internal.TransactionImpl - begin
19:26:20.763 [main] DEBUG org.hibernate.SQL - select next_val as id_val from hibernate_sequence for update
Hibernate: select next_val as id_val from hibernate_sequence for update
19:26:20.764 [main] DEBUG org.hibernate.SQL - update hibernate_sequence set next_val= ? where next_val=?
Hibernate: update hibernate_sequence set next_val= ? where next_val=?
19:26:20.765 [main] DEBUG o.h.e.i.AbstractSaveEventListener - Generated identifier: 428, using strategy: org.hibernate.id.enhanced.SequenceStyleGenerator
19:26:20.765 [main] DEBUG o.h.e.t.internal.TransactionImpl - committing
19:26:20.765 [main] DEBUG o.h.e.i.AbstractFlushingEventListener - Processing flush-time cascades
19:26:20.765 [main] DEBUG o.h.e.i.AbstractFlushingEventListener - Dirty checking collections
19:26:20.765 [main] DEBUG o.h.e.i.AbstractFlushingEventListener - Flushed: 1 insertions, 0 updates, 0 deletions to 1 objects
19:26:20.765 [main] DEBUG o.h.e.i.AbstractFlushingEventListener - Flushed: 0 (re)creations, 0 updates, 0 removals to 0 collections
19:26:20.766 [main] DEBUG o.h.internal.util.EntityPrinter - Listing entities:
19:26:20.766 [main] DEBUG o.h.internal.util.EntityPrinter - edu.ncsu.csc.itrust2.models.persistent.LogEntry{secondaryUser=null, logCode=5, primaryUser=logapitest, id=428, time=java.util.GregorianCalendar[time=1521660380762,areFieldsSet=true,areAllFieldsSet=true,lenient=true,zone=sun.util.calendar.ZoneInfo[id="Etc/UTC",offset=0,dstSavings=0,useDaylight=false,transitions=0,lastRule=null],firstDayOfWeek=1,minimalDaysInFirstWeek=1,ERA=1,YEAR=2018,MONTH=2,WEEK_OF_YEAR=12,WEEK_OF_MONTH=4,DAY_OF_MONTH=21,DAY_OF_YEAR=80,DAY_OF_WEEK=4,DAY_OF_WEEK_IN_MONTH=3,AM_PM=1,HOUR=7,HOUR_OF_DAY=19,MINUTE=26,SECOND=20,MILLISECOND=762,ZONE_OFFSET=0,DST_OFFSET=0], message=null}
19:26:20.766 [main] DEBUG org.hibernate.SQL - insert into LogEntries (logCode, message, primaryUser, secondaryUser, time, id) values (?, ?, ?, ?, ?, ?)
Hibernate: insert into LogEntries (logCode, message, primaryUser, secondaryUser, time, id) values (?, ?, ?, ?, ?, ?)
19:26:20.768 [main] DEBUG o.h.e.j.internal.JdbcCoordinatorImpl - HHH000420: Closing un-released batch
19:26:20.768 [main] DEBUG o.h.e.t.internal.TransactionImpl - begin
19:26:20.769 [main] DEBUG org.hibernate.SQL - select next_val as id_val from hibernate_sequence for update
Hibernate: select next_val as id_val from hibernate_sequence for update
19:26:20.769 [main] DEBUG org.hibernate.SQL - update hibernate_sequence set next_val= ? where next_val=?
Hibernate: update hibernate_sequence set next_val= ? where next_val=?
19:26:20.770 [main] DEBUG o.h.e.i.AbstractSaveEventListener - Generated identifier: 429, using strategy: org.hibernate.id.enhanced.SequenceStyleGenerator
19:26:20.771 [main] DEBUG o.h.e.t.internal.TransactionImpl - committing
19:26:20.771 [main] DEBUG o.h.e.i.AbstractFlushingEventListener - Processing flush-time cascades
19:26:20.771 [main] DEBUG o.h.e.i.AbstractFlushingEventListener - Dirty checking collections
19:26:20.771 [main] DEBUG o.h.e.i.AbstractFlushingEventListener - Flushed: 1 insertions, 0 updates, 0 deletions to 1 objects
19:26:20.771 [main] DEBUG o.h.e.i.AbstractFlushingEventListener - Flushed: 0 (re)creations, 0 updates, 0 removals to 0 collections
19:26:20.771 [main] DEBUG o.h.internal.util.EntityPrinter - Listing entities:
19:26:20.771 [main] DEBUG o.h.internal.util.EntityPrinter - edu.ncsu.csc.itrust2.models.persistent.LogEntry{secondaryUser=null, logCode=5, primaryUser=logapitest, id=429, time=java.util.GregorianCalendar[time=1521660380768,areFieldsSet=true,areAllFieldsSet=true,lenient=true,zone=sun.util.calendar.ZoneInfo[id="Etc/UTC",offset=0,dstSavings=0,useDaylight=false,transitions=0,lastRule=null],firstDayOfWeek=1,minimalDaysInFirstWeek=1,ERA=1,YEAR=2018,MONTH=2,WEEK_OF_YEAR=12,WEEK_OF_MONTH=4,DAY_OF_MONTH=21,DAY_OF_YEAR=80,DAY_OF_WEEK=4,DAY_OF_WEEK_IN_MONTH=3,AM_PM=1,HOUR=7,HOUR_OF_DAY=19,MINUTE=26,SECOND=20,MILLISECOND=768,ZONE_OFFSET=0,DST_OFFSET=0], message=null}
19:26:20.772 [main] DEBUG org.hibernate.SQL - insert into LogEntries (logCode, message, primaryUser, secondaryUser, time, id) values (?, ?, ?, ?, ?, ?)
Hibernate: insert into LogEntries (logCode, message, primaryUser, secondaryUser, time, id) values (?, ?, ?, ?, ?, ?)
19:26:20.773 [main] DEBUG o.h.e.j.internal.JdbcCoordinatorImpl - HHH000420: Closing un-released batch
19:26:20.774 [main] DEBUG o.h.e.t.internal.TransactionImpl - begin
19:26:20.774 [main] DEBUG org.hibernate.SQL - select next_val as id_val from hibernate_sequence for update
Hibernate: select next_val as id_val from hibernate_sequence for update
19:26:20.775 [main] DEBUG org.hibernate.SQL - update hibernate_sequence set next_val= ? where next_val=?
Hibernate: update hibernate_sequence set next_val= ? where next_val=?
19:26:20.776 [main] DEBUG o.h.e.i.AbstractSaveEventListener - Generated identifier: 430, using strategy: org.hibernate.id.enhanced.SequenceStyleGenerator
19:26:20.777 [main] DEBUG o.h.e.t.internal.TransactionImpl - committing
19:26:20.777 [main] DEBUG o.h.e.i.AbstractFlushingEventListener - Processing flush-time cascades
19:26:20.777 [main] DEBUG o.h.e.i.AbstractFlushingEventListener - Dirty checking collections
19:26:20.777 [main] DEBUG o.h.e.i.AbstractFlushingEventListener - Flushed: 1 insertions, 0 updates, 0 deletions to 1 objects
19:26:20.777 [main] DEBUG o.h.e.i.AbstractFlushingEventListener - Flushed: 0 (re)creations, 0 updates, 0 removals to 0 collections
19:26:20.778 [main] DEBUG o.h.internal.util.EntityPrinter - Listing entities:
19:26:20.778 [main] DEBUG o.h.internal.util.EntityPrinter - edu.ncsu.csc.itrust2.models.persistent.LogEntry{secondaryUser=null, logCode=5, primaryUser=logapitest, id=430, time=java.util.GregorianCalendar[time=1521660380773,areFieldsSet=true,areAllFieldsSet=true,lenient=true,zone=sun.util.calendar.ZoneInfo[id="Etc/UTC",offset=0,dstSavings=0,useDaylight=false,transitions=0,lastRule=null],firstDayOfWeek=1,minimalDaysInFirstWeek=1,ERA=1,YEAR=2018,MONTH=2,WEEK_OF_YEAR=12,WEEK_OF_MONTH=4,DAY_OF_MONTH=21,DAY_OF_YEAR=80,DAY_OF_WEEK=4,DAY_OF_WEEK_IN_MONTH=3,AM_PM=1,HOUR=7,HOUR_OF_DAY=19,MINUTE=26,SECOND=20,MILLISECOND=773,ZONE_OFFSET=0,DST_OFFSET=0], message=null}
19:26:20.778 [main] DEBUG org.hibernate.SQL - insert into LogEntries (logCode, message, primaryUser, secondaryUser, time, id) values (?, ?, ?, ?, ?, ?)
Hibernate: insert into LogEntries (logCode, message, primaryUser, secondaryUser, time, id) values (?, ?, ?, ?, ?, ?)
19:26:20.814 [main] DEBUG o.h.e.j.internal.JdbcCoordinatorImpl - HHH000420: Closing un-released batch
19:26:20.815 [main] DEBUG o.h.e.t.internal.TransactionImpl - begin
19:26:20.815 [main] DEBUG org.hibernate.SQL - select next_val as id_val from hibernate_sequence for update
Hibernate: select next_val as id_val from hibernate_sequence for update
19:26:20.816 [main] DEBUG org.hibernate.SQL - update hibernate_sequence set next_val= ? where next_val=?
Hibernate: update hibernate_sequence set next_val= ? where next_val=?
19:26:20.817 [main] DEBUG o.h.e.i.AbstractSaveEventListener - Generated identifier: 431, using strategy: org.hibernate.id.enhanced.SequenceStyleGenerator
19:26:20.818 [main] DEBUG o.h.e.t.internal.TransactionImpl - committing
19:26:20.818 [main] DEBUG o.h.e.i.AbstractFlushingEventListener - Processing flush-time cascades
19:26:20.818 [main] DEBUG o.h.e.i.AbstractFlushingEventListener - Dirty checking collections
19:26:20.818 [main] DEBUG o.h.e.i.AbstractFlushingEventListener - Flushed: 1 insertions, 0 updates, 0 deletions to 1 objects
19:26:20.818 [main] DEBUG o.h.e.i.AbstractFlushingEventListener - Flushed: 0 (re)creations, 0 updates, 0 removals to 0 collections
19:26:20.818 [main] DEBUG o.h.internal.util.EntityPrinter - Listing entities:
19:26:20.818 [main] DEBUG o.h.internal.util.EntityPrinter - edu.ncsu.csc.itrust2.models.persistent.LogEntry{secondaryUser=null, logCode=5, primaryUser=logapitest, id=431, time=java.util.GregorianCalendar[time=1521660380815,areFieldsSet=true,areAllFieldsSet=true,lenient=true,zone=sun.util.calendar.ZoneInfo[id="Etc/UTC",offset=0,dstSavings=0,useDaylight=false,transitions=0,lastRule=null],firstDayOfWeek=1,minimalDaysInFirstWeek=1,ERA=1,YEAR=2018,MONTH=2,WEEK_OF_YEAR=12,WEEK_OF_MONTH=4,DAY_OF_MONTH=21,DAY_OF_YEAR=80,DAY_OF_WEEK=4,DAY_OF_WEEK_IN_MONTH=3,AM_PM=1,HOUR=7,HOUR_OF_DAY=19,MINUTE=26,SECOND=20,MILLISECOND=815,ZONE_OFFSET=0,DST_OFFSET=0], message=null}
19:26:20.819 [main] DEBUG org.hibernate.SQL - insert into LogEntries (logCode, message, primaryUser, secondaryUser, time, id) values (?, ?, ?, ?, ?, ?)
Hibernate: insert into LogEntries (logCode, message, primaryUser, secondaryUser, time, id) values (?, ?, ?, ?, ?, ?)
19:26:20.820 [main] DEBUG o.h.e.j.internal.JdbcCoordinatorImpl - HHH000420: Closing un-released batch
19:26:20.821 [main] DEBUG o.h.e.t.internal.TransactionImpl - begin
19:26:20.821 [main] DEBUG org.hibernate.SQL - select next_val as id_val from hibernate_sequence for update
Hibernate: select next_val as id_val from hibernate_sequence for update
19:26:20.822 [main] DEBUG org.hibernate.SQL - update hibernate_sequence set next_val= ? where next_val=?
Hibernate: update hibernate_sequence set next_val= ? where next_val=?
19:26:20.823 [main] DEBUG o.h.e.i.AbstractSaveEventListener - Generated identifier: 432, using strategy: org.hibernate.id.enhanced.SequenceStyleGenerator
19:26:20.823 [main] DEBUG o.h.e.t.internal.TransactionImpl - committing
19:26:20.823 [main] DEBUG o.h.e.i.AbstractFlushingEventListener - Processing flush-time cascades
19:26:20.823 [main] DEBUG o.h.e.i.AbstractFlushingEventListener - Dirty checking collections
19:26:20.823 [main] DEBUG o.h.e.i.AbstractFlushingEventListener - Flushed: 1 insertions, 0 updates, 0 deletions to 1 objects
19:26:20.823 [main] DEBUG o.h.e.i.AbstractFlushingEventListener - Flushed: 0 (re)creations, 0 updates, 0 removals to 0 collections
19:26:20.823 [main] DEBUG o.h.internal.util.EntityPrinter - Listing entities:
19:26:20.824 [main] DEBUG o.h.internal.util.EntityPrinter - edu.ncsu.csc.itrust2.models.persistent.LogEntry{secondaryUser=null, logCode=5, primaryUser=logapitest, id=432, time=java.util.GregorianCalendar[time=1521660380821,areFieldsSet=true,areAllFieldsSet=true,lenient=true,zone=sun.util.calendar.ZoneInfo[id="Etc/UTC",offset=0,dstSavings=0,useDaylight=false,transitions=0,lastRule=null],firstDayOfWeek=1,minimalDaysInFirstWeek=1,ERA=1,YEAR=2018,MONTH=2,WEEK_OF_YEAR=12,WEEK_OF_MONTH=4,DAY_OF_MONTH=21,DAY_OF_YEAR=80,DAY_OF_WEEK=4,DAY_OF_WEEK_IN_MONTH=3,AM_PM=1,HOUR=7,HOUR_OF_DAY=19,MINUTE=26,SECOND=20,MILLISECOND=821,ZONE_OFFSET=0,DST_OFFSET=0], message=null}
19:26:20.824 [main] DEBUG org.hibernate.SQL - insert into LogEntries (logCode, message, primaryUser, secondaryUser, time, id) values (?, ?, ?, ?, ?, ?)
Hibernate: insert into LogEntries (logCode, message, primaryUser, secondaryUser, time, id) values (?, ?, ?, ?, ?, ?)
19:26:20.825 [main] DEBUG o.h.e.j.internal.JdbcCoordinatorImpl - HHH000420: Closing un-released batch
19:26:20.826 [main] DEBUG o.h.e.t.internal.TransactionImpl - begin
19:26:20.827 [main] DEBUG org.hibernate.SQL - select next_val as id_val from hibernate_sequence for update
Hibernate: select next_val as id_val from hibernate_sequence for update
19:26:20.827 [main] DEBUG org.hibernate.SQL - update hibernate_sequence set next_val= ? where next_val=?
Hibernate: update hibernate_sequence set next_val= ? where next_val=?
19:26:20.828 [main] DEBUG o.h.e.i.AbstractSaveEventListener - Generated identifier: 433, using strategy: org.hibernate.id.enhanced.SequenceStyleGenerator
19:26:20.829 [main] DEBUG o.h.e.t.internal.TransactionImpl - committing
19:26:20.829 [main] DEBUG o.h.e.i.AbstractFlushingEventListener - Processing flush-time cascades
19:26:20.829 [main] DEBUG o.h.e.i.AbstractFlushingEventListener - Dirty checking collections
19:26:20.829 [main] DEBUG o.h.e.i.AbstractFlushingEventListener - Flushed: 1 insertions, 0 updates, 0 deletions to 1 objects
19:26:20.829 [main] DEBUG o.h.e.i.AbstractFlushingEventListener - Flushed: 0 (re)creations, 0 updates, 0 removals to 0 collections
19:26:20.829 [main] DEBUG o.h.internal.util.EntityPrinter - Listing entities:
19:26:20.829 [main] DEBUG o.h.internal.util.EntityPrinter - edu.ncsu.csc.itrust2.models.persistent.LogEntry{secondaryUser=null, logCode=5, primaryUser=logapitest, id=433, time=java.util.GregorianCalendar[time=1521660380826,areFieldsSet=true,areAllFieldsSet=true,lenient=true,zone=sun.util.calendar.ZoneInfo[id="Etc/UTC",offset=0,dstSavings=0,useDaylight=false,transitions=0,lastRule=null],firstDayOfWeek=1,minimalDaysInFirstWeek=1,ERA=1,YEAR=2018,MONTH=2,WEEK_OF_YEAR=12,WEEK_OF_MONTH=4,DAY_OF_MONTH=21,DAY_OF_YEAR=80,DAY_OF_WEEK=4,DAY_OF_WEEK_IN_MONTH=3,AM_PM=1,HOUR=7,HOUR_OF_DAY=19,MINUTE=26,SECOND=20,MILLISECOND=826,ZONE_OFFSET=0,DST_OFFSET=0], message=null}
19:26:20.830 [main] DEBUG org.hibernate.SQL - insert into LogEntries (logCode, message, primaryUser, secondaryUser, time, id) values (?, ?, ?, ?, ?, ?)
Hibernate: insert into LogEntries (logCode, message, primaryUser, secondaryUser, time, id) values (?, ?, ?, ?, ?, ?)
19:26:20.831 [main] DEBUG o.h.e.j.internal.JdbcCoordinatorImpl - HHH000420: Closing un-released batch
19:26:20.832 [main] DEBUG o.h.e.t.internal.TransactionImpl - begin
19:26:20.832 [main] DEBUG org.hibernate.SQL - select next_val as id_val from hibernate_sequence for update
Hibernate: select next_val as id_val from hibernate_sequence for update
19:26:20.833 [main] DEBUG org.hibernate.SQL - update hibernate_sequence set next_val= ? where next_val=?
Hibernate: update hibernate_sequence set next_val= ? where next_val=?
19:26:20.834 [main] DEBUG o.h.e.i.AbstractSaveEventListener - Generated identifier: 434, using strategy: org.hibernate.id.enhanced.SequenceStyleGenerator
19:26:20.834 [main] DEBUG o.h.e.t.internal.TransactionImpl - committing
19:26:20.834 [main] DEBUG o.h.e.i.AbstractFlushingEventListener - Processing flush-time cascades
19:26:20.834 [main] DEBUG o.h.e.i.AbstractFlushingEventListener - Dirty checking collections
19:26:20.835 [main] DEBUG o.h.e.i.AbstractFlushingEventListener - Flushed: 1 insertions, 0 updates, 0 deletions to 1 objects
19:26:20.835 [main] DEBUG o.h.e.i.AbstractFlushingEventListener - Flushed: 0 (re)creations, 0 updates, 0 removals to 0 collections
19:26:20.835 [main] DEBUG o.h.internal.util.EntityPrinter - Listing entities:
19:26:20.835 [main] DEBUG o.h.internal.util.EntityPrinter - edu.ncsu.csc.itrust2.models.persistent.LogEntry{secondaryUser=null, logCode=5, primaryUser=logapitest, id=434, time=java.util.GregorianCalendar[time=1521660380832,areFieldsSet=true,areAllFieldsSet=true,lenient=true,zone=sun.util.calendar.ZoneInfo[id="Etc/UTC",offset=0,dstSavings=0,useDaylight=false,transitions=0,lastRule=null],firstDayOfWeek=1,minimalDaysInFirstWeek=1,ERA=1,YEAR=2018,MONTH=2,WEEK_OF_YEAR=12,WEEK_OF_MONTH=4,DAY_OF_MONTH=21,DAY_OF_YEAR=80,DAY_OF_WEEK=4,DAY_OF_WEEK_IN_MONTH=3,AM_PM=1,HOUR=7,HOUR_OF_DAY=19,MINUTE=26,SECOND=20,MILLISECOND=832,ZONE_OFFSET=0,DST_OFFSET=0], message=null}
19:26:20.835 [main] DEBUG org.hibernate.SQL - insert into LogEntries (logCode, message, primaryUser, secondaryUser, time, id) values (?, ?, ?, ?, ?, ?)
Hibernate: insert into LogEntries (logCode, message, primaryUser, secondaryUser, time, id) values (?, ?, ?, ?, ?, ?)
19:26:20.837 [main] DEBUG o.h.e.j.internal.JdbcCoordinatorImpl - HHH000420: Closing un-released batch
19:26:20.837 [main] DEBUG o.h.e.t.internal.TransactionImpl - begin
19:26:20.838 [main] DEBUG org.hibernate.SQL - select next_val as id_val from hibernate_sequence for update
Hibernate: select next_val as id_val from hibernate_sequence for update
19:26:20.838 [main] DEBUG org.hibernate.SQL - update hibernate_sequence set next_val= ? where next_val=?
Hibernate: update hibernate_sequence set next_val= ? where next_val=?
19:26:20.839 [main] DEBUG o.h.e.i.AbstractSaveEventListener - Generated identifier: 435, using strategy: org.hibernate.id.enhanced.SequenceStyleGenerator
19:26:20.839 [main] DEBUG o.h.e.t.internal.TransactionImpl - committing
19:26:20.839 [main] DEBUG o.h.e.i.AbstractFlushingEventListener - Processing flush-time cascades
19:26:20.839 [main] DEBUG o.h.e.i.AbstractFlushingEventListener - Dirty checking collections
19:26:20.840 [main] DEBUG o.h.e.i.AbstractFlushingEventListener - Flushed: 1 insertions, 0 updates, 0 deletions to 1 objects
19:26:20.840 [main] DEBUG o.h.e.i.AbstractFlushingEventListener - Flushed: 0 (re)creations, 0 updates, 0 removals to 0 collections
19:26:20.840 [main] DEBUG o.h.internal.util.EntityPrinter - Listing entities:
19:26:20.840 [main] DEBUG o.h.internal.util.EntityPrinter - edu.ncsu.csc.itrust2.models.persistent.LogEntry{secondaryUser=null, logCode=5, primaryUser=logapitest, id=435, time=java.util.GregorianCalendar[time=1521660380837,areFieldsSet=true,areAllFieldsSet=true,lenient=true,zone=sun.util.calendar.ZoneInfo[id="Etc/UTC",offset=0,dstSavings=0,useDaylight=false,transitions=0,lastRule=null],firstDayOfWeek=1,minimalDaysInFirstWeek=1,ERA=1,YEAR=2018,MONTH=2,WEEK_OF_YEAR=12,WEEK_OF_MONTH=4,DAY_OF_MONTH=21,DAY_OF_YEAR=80,DAY_OF_WEEK=4,DAY_OF_WEEK_IN_MONTH=3,AM_PM=1,HOUR=7,HOUR_OF_DAY=19,MINUTE=26,SECOND=20,MILLISECOND=837,ZONE_OFFSET=0,DST_OFFSET=0], message=null}
19:26:20.840 [main] DEBUG org.hibernate.SQL - insert into LogEntries (logCode, message, primaryUser, secondaryUser, time, id) values (?, ?, ?, ?, ?, ?)
Hibernate: insert into LogEntries (logCode, message, primaryUser, secondaryUser, time, id) values (?, ?, ?, ?, ?, ?)
19:26:20.841 [main] DEBUG o.h.e.j.internal.JdbcCoordinatorImpl - HHH000420: Closing un-released batch
19:26:20.842 [main] DEBUG o.h.e.t.internal.TransactionImpl - begin
19:26:20.842 [main] DEBUG org.hibernate.SQL - select next_val as id_val from hibernate_sequence for update
Hibernate: select next_val as id_val from hibernate_sequence for update
19:26:20.843 [main] DEBUG org.hibernate.SQL - update hibernate_sequence set next_val= ? where next_val=?
Hibernate: update hibernate_sequence set next_val= ? where next_val=?
19:26:20.843 [main] DEBUG o.h.e.i.AbstractSaveEventListener - Generated identifier: 436, using strategy: org.hibernate.id.enhanced.SequenceStyleGenerator
19:26:20.844 [main] DEBUG o.h.e.t.internal.TransactionImpl - committing
19:26:20.844 [main] DEBUG o.h.e.i.AbstractFlushingEventListener - Processing flush-time cascades
19:26:20.844 [main] DEBUG o.h.e.i.AbstractFlushingEventListener - Dirty checking collections
19:26:20.844 [main] DEBUG o.h.e.i.AbstractFlushingEventListener - Flushed: 1 insertions, 0 updates, 0 deletions to 1 objects
19:26:20.844 [main] DEBUG o.h.e.i.AbstractFlushingEventListener - Flushed: 0 (re)creations, 0 updates, 0 removals to 0 collections
19:26:20.844 [main] DEBUG o.h.internal.util.EntityPrinter - Listing entities:
19:26:20.844 [main] DEBUG o.h.internal.util.EntityPrinter - edu.ncsu.csc.itrust2.models.persistent.LogEntry{secondaryUser=null, logCode=5, primaryUser=logapitest, id=436, time=java.util.GregorianCalendar[time=1521660380842,areFieldsSet=true,areAllFieldsSet=true,lenient=true,zone=sun.util.calendar.ZoneInfo[id="Etc/UTC",offset=0,dstSavings=0,useDaylight=false,transitions=0,lastRule=null],firstDayOfWeek=1,minimalDaysInFirstWeek=1,ERA=1,YEAR=2018,MONTH=2,WEEK_OF_YEAR=12,WEEK_OF_MONTH=4,DAY_OF_MONTH=21,DAY_OF_YEAR=80,DAY_OF_WEEK=4,DAY_OF_WEEK_IN_MONTH=3,AM_PM=1,HOUR=7,HOUR_OF_DAY=19,MINUTE=26,SECOND=20,MILLISECOND=842,ZONE_OFFSET=0,DST_OFFSET=0], message=null}
19:26:20.845 [main] DEBUG org.hibernate.SQL - insert into LogEntries (logCode, message, primaryUser, secondaryUser, time, id) values (?, ?, ?, ?, ?, ?)
Hibernate: insert into LogEntries (logCode, message, primaryUser, secondaryUser, time, id) values (?, ?, ?, ?, ?, ?)
19:26:20.846 [main] DEBUG o.h.e.j.internal.JdbcCoordinatorImpl - HHH000420: Closing un-released batch
19:26:20.846 [main] DEBUG o.h.e.t.internal.TransactionImpl - begin
19:26:20.847 [main] DEBUG org.hibernate.SQL - select next_val as id_val from hibernate_sequence for update
Hibernate: select next_val as id_val from hibernate_sequence for update
19:26:20.847 [main] DEBUG org.hibernate.SQL - update hibernate_sequence set next_val= ? where next_val=?
Hibernate: update hibernate_sequence set next_val= ? where next_val=?
19:26:20.848 [main] DEBUG o.h.e.i.AbstractSaveEventListener - Generated identifier: 437, using strategy: org.hibernate.id.enhanced.SequenceStyleGenerator
19:26:20.849 [main] DEBUG o.h.e.t.internal.TransactionImpl - committing
19:26:20.849 [main] DEBUG o.h.e.i.AbstractFlushingEventListener - Processing flush-time cascades
19:26:20.849 [main] DEBUG o.h.e.i.AbstractFlushingEventListener - Dirty checking collections
19:26:20.849 [main] DEBUG o.h.e.i.AbstractFlushingEventListener - Flushed: 1 insertions, 0 updates, 0 deletions to 1 objects
19:26:20.849 [main] DEBUG o.h.e.i.AbstractFlushingEventListener - Flushed: 0 (re)creations, 0 updates, 0 removals to 0 collections
19:26:20.849 [main] DEBUG o.h.internal.util.EntityPrinter - Listing entities:
19:26:20.849 [main] DEBUG o.h.internal.util.EntityPrinter - edu.ncsu.csc.itrust2.models.persistent.LogEntry{secondaryUser=null, logCode=5, primaryUser=logapitest, id=437, time=java.util.GregorianCalendar[time=1521660380846,areFieldsSet=true,areAllFieldsSet=true,lenient=true,zone=sun.util.calendar.ZoneInfo[id="Etc/UTC",offset=0,dstSavings=0,useDaylight=false,transitions=0,lastRule=null],firstDayOfWeek=1,minimalDaysInFirstWeek=1,ERA=1,YEAR=2018,MONTH=2,WEEK_OF_YEAR=12,WEEK_OF_MONTH=4,DAY_OF_MONTH=21,DAY_OF_YEAR=80,DAY_OF_WEEK=4,DAY_OF_WEEK_IN_MONTH=3,AM_PM=1,HOUR=7,HOUR_OF_DAY=19,MINUTE=26,SECOND=20,MILLISECOND=846,ZONE_OFFSET=0,DST_OFFSET=0], message=null}
19:26:20.850 [main] DEBUG org.hibernate.SQL - insert into LogEntries (logCode, message, primaryUser, secondaryUser, time, id) values (?, ?, ?, ?, ?, ?)
Hibernate: insert into LogEntries (logCode, message, primaryUser, secondaryUser, time, id) values (?, ?, ?, ?, ?, ?)
19:26:20.851 [main] DEBUG o.h.e.j.internal.JdbcCoordinatorImpl - HHH000420: Closing un-released batch
19:26:20.851 [main] DEBUG o.h.e.t.internal.TransactionImpl - begin
19:26:20.852 [main] DEBUG org.hibernate.SQL - select next_val as id_val from hibernate_sequence for update
Hibernate: select next_val as id_val from hibernate_sequence for update
19:26:20.852 [main] DEBUG org.hibernate.SQL - update hibernate_sequence set next_val= ? where next_val=?
Hibernate: update hibernate_sequence set next_val= ? where next_val=?
19:26:20.853 [main] DEBUG o.h.e.i.AbstractSaveEventListener - Generated identifier: 438, using strategy: org.hibernate.id.enhanced.SequenceStyleGenerator
19:26:20.853 [main] DEBUG o.h.e.t.internal.TransactionImpl - committing
19:26:20.853 [main] DEBUG o.h.e.i.AbstractFlushingEventListener - Processing flush-time cascades
19:26:20.853 [main] DEBUG o.h.e.i.AbstractFlushingEventListener - Dirty checking collections
19:26:20.854 [main] DEBUG o.h.e.i.AbstractFlushingEventListener - Flushed: 1 insertions, 0 updates, 0 deletions to 1 objects
19:26:20.854 [main] DEBUG o.h.e.i.AbstractFlushingEventListener - Flushed: 0 (re)creations, 0 updates, 0 removals to 0 collections
19:26:20.854 [main] DEBUG o.h.internal.util.EntityPrinter - Listing entities:
19:26:20.854 [main] DEBUG o.h.internal.util.EntityPrinter - edu.ncsu.csc.itrust2.models.persistent.LogEntry{secondaryUser=null, logCode=5, primaryUser=logapitest, id=438, time=java.util.GregorianCalendar[time=1521660380851,areFieldsSet=true,areAllFieldsSet=true,lenient=true,zone=sun.util.calendar.ZoneInfo[id="Etc/UTC",offset=0,dstSavings=0,useDaylight=false,transitions=0,lastRule=null],firstDayOfWeek=1,minimalDaysInFirstWeek=1,ERA=1,YEAR=2018,MONTH=2,WEEK_OF_YEAR=12,WEEK_OF_MONTH=4,DAY_OF_MONTH=21,DAY_OF_YEAR=80,DAY_OF_WEEK=4,DAY_OF_WEEK_IN_MONTH=3,AM_PM=1,HOUR=7,HOUR_OF_DAY=19,MINUTE=26,SECOND=20,MILLISECOND=851,ZONE_OFFSET=0,DST_OFFSET=0], message=null}
19:26:20.854 [main] DEBUG org.hibernate.SQL - insert into LogEntries (logCode, message, primaryUser, secondaryUser, time, id) values (?, ?, ?, ?, ?, ?)
Hibernate: insert into LogEntries (logCode, message, primaryUser, secondaryUser, time, id) values (?, ?, ?, ?, ?, ?)
19:26:20.856 [main] DEBUG o.h.e.j.internal.JdbcCoordinatorImpl - HHH000420: Closing un-released batch
19:26:20.856 [main] DEBUG o.h.e.t.internal.TransactionImpl - begin
19:26:20.857 [main] DEBUG org.hibernate.SQL - select next_val as id_val from hibernate_sequence for update
Hibernate: select next_val as id_val from hibernate_sequence for update
19:26:20.857 [main] DEBUG org.hibernate.SQL - update hibernate_sequence set next_val= ? where next_val=?
Hibernate: update hibernate_sequence set next_val= ? where next_val=?
19:26:20.858 [main] DEBUG o.h.e.i.AbstractSaveEventListener - Generated identifier: 439, using strategy: org.hibernate.id.enhanced.SequenceStyleGenerator
19:26:20.858 [main] DEBUG o.h.e.t.internal.TransactionImpl - committing
19:26:20.858 [main] DEBUG o.h.e.i.AbstractFlushingEventListener - Processing flush-time cascades
19:26:20.858 [main] DEBUG o.h.e.i.AbstractFlushingEventListener - Dirty checking collections
19:26:20.859 [main] DEBUG o.h.e.i.AbstractFlushingEventListener - Flushed: 1 insertions, 0 updates, 0 deletions to 1 objects
19:26:20.859 [main] DEBUG o.h.e.i.AbstractFlushingEventListener - Flushed: 0 (re)creations, 0 updates, 0 removals to 0 collections
19:26:20.859 [main] DEBUG o.h.internal.util.EntityPrinter - Listing entities:
19:26:20.859 [main] DEBUG o.h.internal.util.EntityPrinter - edu.ncsu.csc.itrust2.models.persistent.LogEntry{secondaryUser=null, logCode=5, primaryUser=logapitest, id=439, time=java.util.GregorianCalendar[time=1521660380856,areFieldsSet=true,areAllFieldsSet=true,lenient=true,zone=sun.util.calendar.ZoneInfo[id="Etc/UTC",offset=0,dstSavings=0,useDaylight=false,transitions=0,lastRule=null],firstDayOfWeek=1,minimalDaysInFirstWeek=1,ERA=1,YEAR=2018,MONTH=2,WEEK_OF_YEAR=12,WEEK_OF_MONTH=4,DAY_OF_MONTH=21,DAY_OF_YEAR=80,DAY_OF_WEEK=4,DAY_OF_WEEK_IN_MONTH=3,AM_PM=1,HOUR=7,HOUR_OF_DAY=19,MINUTE=26,SECOND=20,MILLISECOND=856,ZONE_OFFSET=0,DST_OFFSET=0], message=null}
19:26:20.859 [main] DEBUG org.hibernate.SQL - insert into LogEntries (logCode, message, primaryUser, secondaryUser, time, id) values (?, ?, ?, ?, ?, ?)
Hibernate: insert into LogEntries (logCode, message, primaryUser, secondaryUser, time, id) values (?, ?, ?, ?, ?, ?)
19:26:20.861 [main] DEBUG o.h.e.j.internal.JdbcCoordinatorImpl - HHH000420: Closing un-released batch
19:26:20.861 [main] DEBUG o.h.e.t.internal.TransactionImpl - begin
19:26:20.861 [main] DEBUG org.hibernate.SQL - select next_val as id_val from hibernate_sequence for update
Hibernate: select next_val as id_val from hibernate_sequence for update
19:26:20.862 [main] DEBUG org.hibernate.SQL - update hibernate_sequence set next_val= ? where next_val=?
Hibernate: update hibernate_sequence set next_val= ? where next_val=?
19:26:20.862 [main] DEBUG o.h.e.i.AbstractSaveEventListener - Generated identifier: 440, using strategy: org.hibernate.id.enhanced.SequenceStyleGenerator
19:26:20.863 [main] DEBUG o.h.e.t.internal.TransactionImpl - committing
19:26:20.863 [main] DEBUG o.h.e.i.AbstractFlushingEventListener - Processing flush-time cascades
19:26:20.863 [main] DEBUG o.h.e.i.AbstractFlushingEventListener - Dirty checking collections
19:26:20.863 [main] DEBUG o.h.e.i.AbstractFlushingEventListener - Flushed: 1 insertions, 0 updates, 0 deletions to 1 objects
19:26:20.863 [main] DEBUG o.h.e.i.AbstractFlushingEventListener - Flushed: 0 (re)creations, 0 updates, 0 removals to 0 collections
19:26:20.863 [main] DEBUG o.h.internal.util.EntityPrinter - Listing entities:
19:26:20.863 [main] DEBUG o.h.internal.util.EntityPrinter - edu.ncsu.csc.itrust2.models.persistent.LogEntry{secondaryUser=null, logCode=5, primaryUser=logapitest, id=440, time=java.util.GregorianCalendar[time=1521660380861,areFieldsSet=true,areAllFieldsSet=true,lenient=true,zone=sun.util.calendar.ZoneInfo[id="Etc/UTC",offset=0,dstSavings=0,useDaylight=false,transitions=0,lastRule=null],firstDayOfWeek=1,minimalDaysInFirstWeek=1,ERA=1,YEAR=2018,MONTH=2,WEEK_OF_YEAR=12,WEEK_OF_MONTH=4,DAY_OF_MONTH=21,DAY_OF_YEAR=80,DAY_OF_WEEK=4,DAY_OF_WEEK_IN_MONTH=3,AM_PM=1,HOUR=7,HOUR_OF_DAY=19,MINUTE=26,SECOND=20,MILLISECOND=861,ZONE_OFFSET=0,DST_OFFSET=0], message=null}
19:26:20.864 [main] DEBUG org.hibernate.SQL - insert into LogEntries (logCode, message, primaryUser, secondaryUser, time, id) values (?, ?, ?, ?, ?, ?)
Hibernate: insert into LogEntries (logCode, message, primaryUser, secondaryUser, time, id) values (?, ?, ?, ?, ?, ?)
19:26:20.865 [main] DEBUG o.h.e.j.internal.JdbcCoordinatorImpl - HHH000420: Closing un-released batch
19:26:20.865 [main] DEBUG o.h.e.t.internal.TransactionImpl - begin
19:26:20.866 [main] DEBUG org.hibernate.SQL - select next_val as id_val from hibernate_sequence for update
Hibernate: select next_val as id_val from hibernate_sequence for update
19:26:20.866 [main] DEBUG org.hibernate.SQL - update hibernate_sequence set next_val= ? where next_val=?
Hibernate: update hibernate_sequence set next_val= ? where next_val=?
19:26:20.868 [main] DEBUG o.h.e.i.AbstractSaveEventListener - Generated identifier: 441, using strategy: org.hibernate.id.enhanced.SequenceStyleGenerator
19:26:20.868 [main] DEBUG o.h.e.t.internal.TransactionImpl - committing
19:26:20.868 [main] DEBUG o.h.e.i.AbstractFlushingEventListener - Processing flush-time cascades
19:26:20.868 [main] DEBUG o.h.e.i.AbstractFlushingEventListener - Dirty checking collections
19:26:20.868 [main] DEBUG o.h.e.i.AbstractFlushingEventListener - Flushed: 1 insertions, 0 updates, 0 deletions to 1 objects
19:26:20.868 [main] DEBUG o.h.e.i.AbstractFlushingEventListener - Flushed: 0 (re)creations, 0 updates, 0 removals to 0 collections
19:26:20.868 [main] DEBUG o.h.internal.util.EntityPrinter - Listing entities:
19:26:20.868 [main] DEBUG o.h.internal.util.EntityPrinter - edu.ncsu.csc.itrust2.models.persistent.LogEntry{secondaryUser=null, logCode=5, primaryUser=logapitest, id=441, time=java.util.GregorianCalendar[time=1521660380865,areFieldsSet=true,areAllFieldsSet=true,lenient=true,zone=sun.util.calendar.ZoneInfo[id="Etc/UTC",offset=0,dstSavings=0,useDaylight=false,transitions=0,lastRule=null],firstDayOfWeek=1,minimalDaysInFirstWeek=1,ERA=1,YEAR=2018,MONTH=2,WEEK_OF_YEAR=12,WEEK_OF_MONTH=4,DAY_OF_MONTH=21,DAY_OF_YEAR=80,DAY_OF_WEEK=4,DAY_OF_WEEK_IN_MONTH=3,AM_PM=1,HOUR=7,HOUR_OF_DAY=19,MINUTE=26,SECOND=20,MILLISECOND=865,ZONE_OFFSET=0,DST_OFFSET=0], message=null}
19:26:20.869 [main] DEBUG org.hibernate.SQL - insert into LogEntries (logCode, message, primaryUser, secondaryUser, time, id) values (?, ?, ?, ?, ?, ?)
Hibernate: insert into LogEntries (logCode, message, primaryUser, secondaryUser, time, id) values (?, ?, ?, ?, ?, ?)
19:26:20.870 [main] DEBUG o.h.e.j.internal.JdbcCoordinatorImpl - HHH000420: Closing un-released batch
19:26:20.871 [main] DEBUG o.h.e.t.internal.TransactionImpl - begin
19:26:20.871 [main] DEBUG org.hibernate.SQL - select next_val as id_val from hibernate_sequence for update
Hibernate: select next_val as id_val from hibernate_sequence for update
19:26:20.872 [main] DEBUG org.hibernate.SQL - update hibernate_sequence set next_val= ? where next_val=?
Hibernate: update hibernate_sequence set next_val= ? where next_val=?
19:26:20.873 [main] DEBUG o.h.e.i.AbstractSaveEventListener - Generated identifier: 442, using strategy: org.hibernate.id.enhanced.SequenceStyleGenerator
19:26:20.873 [main] DEBUG o.h.e.t.internal.TransactionImpl - committing
19:26:20.873 [main] DEBUG o.h.e.i.AbstractFlushingEventListener - Processing flush-time cascades
19:26:20.873 [main] DEBUG o.h.e.i.AbstractFlushingEventListener - Dirty checking collections
19:26:20.874 [main] DEBUG o.h.e.i.AbstractFlushingEventListener - Flushed: 1 insertions, 0 updates, 0 deletions to 1 objects
19:26:20.874 [main] DEBUG o.h.e.i.AbstractFlushingEventListener - Flushed: 0 (re)creations, 0 updates, 0 removals to 0 collections
19:26:20.874 [main] DEBUG o.h.internal.util.EntityPrinter - Listing entities:
19:26:20.874 [main] DEBUG o.h.internal.util.EntityPrinter - edu.ncsu.csc.itrust2.models.persistent.LogEntry{secondaryUser=null, logCode=5, primaryUser=logapitest, id=442, time=java.util.GregorianCalendar[time=1521660380871,areFieldsSet=true,areAllFieldsSet=true,lenient=true,zone=sun.util.calendar.ZoneInfo[id="Etc/UTC",offset=0,dstSavings=0,useDaylight=false,transitions=0,lastRule=null],firstDayOfWeek=1,minimalDaysInFirstWeek=1,ERA=1,YEAR=2018,MONTH=2,WEEK_OF_YEAR=12,WEEK_OF_MONTH=4,DAY_OF_MONTH=21,DAY_OF_YEAR=80,DAY_OF_WEEK=4,DAY_OF_WEEK_IN_MONTH=3,AM_PM=1,HOUR=7,HOUR_OF_DAY=19,MINUTE=26,SECOND=20,MILLISECOND=871,ZONE_OFFSET=0,DST_OFFSET=0], message=null}
19:26:20.874 [main] DEBUG org.hibernate.SQL - insert into LogEntries (logCode, message, primaryUser, secondaryUser, time, id) values (?, ?, ?, ?, ?, ?)
Hibernate: insert into LogEntries (logCode, message, primaryUser, secondaryUser, time, id) values (?, ?, ?, ?, ?, ?)
19:26:20.876 [main] DEBUG o.h.e.j.internal.JdbcCoordinatorImpl - HHH000420: Closing un-released batch
19:26:20.876 [main] DEBUG o.h.e.t.internal.TransactionImpl - begin
19:26:20.877 [main] DEBUG org.hibernate.SQL - select next_val as id_val from hibernate_sequence for update
Hibernate: select next_val as id_val from hibernate_sequence for update
19:26:20.877 [main] DEBUG org.hibernate.SQL - update hibernate_sequence set next_val= ? where next_val=?
Hibernate: update hibernate_sequence set next_val= ? where next_val=?
19:26:20.878 [main] DEBUG o.h.e.i.AbstractSaveEventListener - Generated identifier: 443, using strategy: org.hibernate.id.enhanced.SequenceStyleGenerator
19:26:20.878 [main] DEBUG o.h.e.t.internal.TransactionImpl - committing
19:26:20.878 [main] DEBUG o.h.e.i.AbstractFlushingEventListener - Processing flush-time cascades
19:26:20.878 [main] DEBUG o.h.e.i.AbstractFlushingEventListener - Dirty checking collections
19:26:20.879 [main] DEBUG o.h.e.i.AbstractFlushingEventListener - Flushed: 1 insertions, 0 updates, 0 deletions to 1 objects
19:26:20.879 [main] DEBUG o.h.e.i.AbstractFlushingEventListener - Flushed: 0 (re)creations, 0 updates, 0 removals to 0 collections
19:26:20.879 [main] DEBUG o.h.internal.util.EntityPrinter - Listing entities:
19:26:20.879 [main] DEBUG o.h.internal.util.EntityPrinter - edu.ncsu.csc.itrust2.models.persistent.LogEntry{secondaryUser=null, logCode=5, primaryUser=logapitest, id=443, time=java.util.GregorianCalendar[time=1521660380876,areFieldsSet=true,areAllFieldsSet=true,lenient=true,zone=sun.util.calendar.ZoneInfo[id="Etc/UTC",offset=0,dstSavings=0,useDaylight=false,transitions=0,lastRule=null],firstDayOfWeek=1,minimalDaysInFirstWeek=1,ERA=1,YEAR=2018,MONTH=2,WEEK_OF_YEAR=12,WEEK_OF_MONTH=4,DAY_OF_MONTH=21,DAY_OF_YEAR=80,DAY_OF_WEEK=4,DAY_OF_WEEK_IN_MONTH=3,AM_PM=1,HOUR=7,HOUR_OF_DAY=19,MINUTE=26,SECOND=20,MILLISECOND=876,ZONE_OFFSET=0,DST_OFFSET=0], message=null}
19:26:20.880 [main] DEBUG org.hibernate.SQL - insert into LogEntries (logCode, message, primaryUser, secondaryUser, time, id) values (?, ?, ?, ?, ?, ?)
Hibernate: insert into LogEntries (logCode, message, primaryUser, secondaryUser, time, id) values (?, ?, ?, ?, ?, ?)
19:26:20.881 [main] DEBUG o.h.e.j.internal.JdbcCoordinatorImpl - HHH000420: Closing un-released batch
19:26:20.881 [main] DEBUG o.h.e.t.internal.TransactionImpl - begin
19:26:20.882 [main] DEBUG org.hibernate.SQL - select next_val as id_val from hibernate_sequence for update
Hibernate: select next_val as id_val from hibernate_sequence for update
19:26:20.883 [main] DEBUG org.hibernate.SQL - update hibernate_sequence set next_val= ? where next_val=?
Hibernate: update hibernate_sequence set next_val= ? where next_val=?
19:26:20.884 [main] DEBUG o.h.e.i.AbstractSaveEventListener - Generated identifier: 444, using strategy: org.hibernate.id.enhanced.SequenceStyleGenerator
19:26:20.885 [main] DEBUG o.h.e.t.internal.TransactionImpl - committing
19:26:20.885 [main] DEBUG o.h.e.i.AbstractFlushingEventListener - Processing flush-time cascades
19:26:20.885 [main] DEBUG o.h.e.i.AbstractFlushingEventListener - Dirty checking collections
19:26:20.885 [main] DEBUG o.h.e.i.AbstractFlushingEventListener - Flushed: 1 insertions, 0 updates, 0 deletions to 1 objects
19:26:20.886 [main] DEBUG o.h.e.i.AbstractFlushingEventListener - Flushed: 0 (re)creations, 0 updates, 0 removals to 0 collections
19:26:20.886 [main] DEBUG o.h.internal.util.EntityPrinter - Listing entities:
19:26:20.886 [main] DEBUG o.h.internal.util.EntityPrinter - edu.ncsu.csc.itrust2.models.persistent.LogEntry{secondaryUser=null, logCode=5, primaryUser=logapitest, id=444, time=java.util.GregorianCalendar[time=1521660380881,areFieldsSet=true,areAllFieldsSet=true,lenient=true,zone=sun.util.calendar.ZoneInfo[id="Etc/UTC",offset=0,dstSavings=0,useDaylight=false,transitions=0,lastRule=null],firstDayOfWeek=1,minimalDaysInFirstWeek=1,ERA=1,YEAR=2018,MONTH=2,WEEK_OF_YEAR=12,WEEK_OF_MONTH=4,DAY_OF_MONTH=21,DAY_OF_YEAR=80,DAY_OF_WEEK=4,DAY_OF_WEEK_IN_MONTH=3,AM_PM=1,HOUR=7,HOUR_OF_DAY=19,MINUTE=26,SECOND=20,MILLISECOND=881,ZONE_OFFSET=0,DST_OFFSET=0], message=null}
19:26:20.886 [main] DEBUG org.hibernate.SQL - insert into LogEntries (logCode, message, primaryUser, secondaryUser, time, id) values (?, ?, ?, ?, ?, ?)
Hibernate: insert into LogEntries (logCode, message, primaryUser, secondaryUser, time, id) values (?, ?, ?, ?, ?, ?)
19:26:20.895 [main] DEBUG o.h.e.j.internal.JdbcCoordinatorImpl - HHH000420: Closing un-released batch
19:26:20.895 [main] DEBUG o.h.e.t.internal.TransactionImpl - begin
19:26:20.896 [main] DEBUG org.hibernate.SQL - select next_val as id_val from hibernate_sequence for update
Hibernate: select next_val as id_val from hibernate_sequence for update
19:26:20.896 [main] DEBUG org.hibernate.SQL - update hibernate_sequence set next_val= ? where next_val=?
Hibernate: update hibernate_sequence set next_val= ? where next_val=?
19:26:20.897 [main] DEBUG o.h.e.i.AbstractSaveEventListener - Generated identifier: 445, using strategy: org.hibernate.id.enhanced.SequenceStyleGenerator
19:26:20.898 [main] DEBUG o.h.e.t.internal.TransactionImpl - committing
19:26:20.898 [main] DEBUG o.h.e.i.AbstractFlushingEventListener - Processing flush-time cascades
19:26:20.898 [main] DEBUG o.h.e.i.AbstractFlushingEventListener - Dirty checking collections
19:26:20.898 [main] DEBUG o.h.e.i.AbstractFlushingEventListener - Flushed: 1 insertions, 0 updates, 0 deletions to 1 objects
19:26:20.898 [main] DEBUG o.h.e.i.AbstractFlushingEventListener - Flushed: 0 (re)creations, 0 updates, 0 removals to 0 collections
19:26:20.898 [main] DEBUG o.h.internal.util.EntityPrinter - Listing entities:
19:26:20.898 [main] DEBUG o.h.internal.util.EntityPrinter - edu.ncsu.csc.itrust2.models.persistent.LogEntry{secondaryUser=null, logCode=5, primaryUser=logapitest, id=445, time=java.util.GregorianCalendar[time=1521660380895,areFieldsSet=true,areAllFieldsSet=true,lenient=true,zone=sun.util.calendar.ZoneInfo[id="Etc/UTC",offset=0,dstSavings=0,useDaylight=false,transitions=0,lastRule=null],firstDayOfWeek=1,minimalDaysInFirstWeek=1,ERA=1,YEAR=2018,MONTH=2,WEEK_OF_YEAR=12,WEEK_OF_MONTH=4,DAY_OF_MONTH=21,DAY_OF_YEAR=80,DAY_OF_WEEK=4,DAY_OF_WEEK_IN_MONTH=3,AM_PM=1,HOUR=7,HOUR_OF_DAY=19,MINUTE=26,SECOND=20,MILLISECOND=895,ZONE_OFFSET=0,DST_OFFSET=0], message=null}
19:26:20.899 [main] DEBUG org.hibernate.SQL - insert into LogEntries (logCode, message, primaryUser, secondaryUser, time, id) values (?, ?, ?, ?, ?, ?)
Hibernate: insert into LogEntries (logCode, message, primaryUser, secondaryUser, time, id) values (?, ?, ?, ?, ?, ?)
19:26:20.901 [main] DEBUG o.h.e.j.internal.JdbcCoordinatorImpl - HHH000420: Closing un-released batch
19:26:20.902 [main] DEBUG o.h.e.t.internal.TransactionImpl - begin
19:26:20.902 [main] DEBUG org.hibernate.SQL - select next_val as id_val from hibernate_sequence for update
Hibernate: select next_val as id_val from hibernate_sequence for update
19:26:20.903 [main] DEBUG org.hibernate.SQL - update hibernate_sequence set next_val= ? where next_val=?
Hibernate: update hibernate_sequence set next_val= ? where next_val=?
19:26:20.904 [main] DEBUG o.h.e.i.AbstractSaveEventListener - Generated identifier: 446, using strategy: org.hibernate.id.enhanced.SequenceStyleGenerator
19:26:20.904 [main] DEBUG o.h.e.t.internal.TransactionImpl - committing
19:26:20.904 [main] DEBUG o.h.e.i.AbstractFlushingEventListener - Processing flush-time cascades
19:26:20.904 [main] DEBUG o.h.e.i.AbstractFlushingEventListener - Dirty checking collections
19:26:20.904 [main] DEBUG o.h.e.i.AbstractFlushingEventListener - Flushed: 1 insertions, 0 updates, 0 deletions to 1 objects
19:26:20.904 [main] DEBUG o.h.e.i.AbstractFlushingEventListener - Flushed: 0 (re)creations, 0 updates, 0 removals to 0 collections
19:26:20.904 [main] DEBUG o.h.internal.util.EntityPrinter - Listing entities:
19:26:20.905 [main] DEBUG o.h.internal.util.EntityPrinter - edu.ncsu.csc.itrust2.models.persistent.LogEntry{secondaryUser=null, logCode=5, primaryUser=logapitest, id=446, time=java.util.GregorianCalendar[time=1521660380902,areFieldsSet=true,areAllFieldsSet=true,lenient=true,zone=sun.util.calendar.ZoneInfo[id="Etc/UTC",offset=0,dstSavings=0,useDaylight=false,transitions=0,lastRule=null],firstDayOfWeek=1,minimalDaysInFirstWeek=1,ERA=1,YEAR=2018,MONTH=2,WEEK_OF_YEAR=12,WEEK_OF_MONTH=4,DAY_OF_MONTH=21,DAY_OF_YEAR=80,DAY_OF_WEEK=4,DAY_OF_WEEK_IN_MONTH=3,AM_PM=1,HOUR=7,HOUR_OF_DAY=19,MINUTE=26,SECOND=20,MILLISECOND=902,ZONE_OFFSET=0,DST_OFFSET=0], message=null}
19:26:20.905 [main] DEBUG org.hibernate.SQL - insert into LogEntries (logCode, message, primaryUser, secondaryUser, time, id) values (?, ?, ?, ?, ?, ?)
Hibernate: insert into LogEntries (logCode, message, primaryUser, secondaryUser, time, id) values (?, ?, ?, ?, ?, ?)
19:26:20.906 [main] DEBUG o.h.e.j.internal.JdbcCoordinatorImpl - HHH000420: Closing un-released batch
19:26:20.906 [main] DEBUG o.h.e.t.internal.TransactionImpl - begin
19:26:20.907 [main] DEBUG org.hibernate.SQL - select next_val as id_val from hibernate_sequence for update
Hibernate: select next_val as id_val from hibernate_sequence for update
19:26:20.907 [main] DEBUG org.hibernate.SQL - update hibernate_sequence set next_val= ? where next_val=?
Hibernate: update hibernate_sequence set next_val= ? where next_val=?
19:26:20.911 [main] DEBUG o.h.e.i.AbstractSaveEventListener - Generated identifier: 447, using strategy: org.hibernate.id.enhanced.SequenceStyleGenerator
19:26:20.911 [main] DEBUG o.h.e.t.internal.TransactionImpl - committing
19:26:20.911 [main] DEBUG o.h.e.i.AbstractFlushingEventListener - Processing flush-time cascades
19:26:20.911 [main] DEBUG o.h.e.i.AbstractFlushingEventListener - Dirty checking collections
19:26:20.911 [main] DEBUG o.h.e.i.AbstractFlushingEventListener - Flushed: 1 insertions, 0 updates, 0 deletions to 1 objects
19:26:20.911 [main] DEBUG o.h.e.i.AbstractFlushingEventListener - Flushed: 0 (re)creations, 0 updates, 0 removals to 0 collections
19:26:20.912 [main] DEBUG o.h.internal.util.EntityPrinter - Listing entities:
19:26:20.912 [main] DEBUG o.h.internal.util.EntityPrinter - edu.ncsu.csc.itrust2.models.persistent.LogEntry{secondaryUser=null, logCode=5, primaryUser=logapitest, id=447, time=java.util.GregorianCalendar[time=1521660380906,areFieldsSet=true,areAllFieldsSet=true,lenient=true,zone=sun.util.calendar.ZoneInfo[id="Etc/UTC",offset=0,dstSavings=0,useDaylight=false,transitions=0,lastRule=null],firstDayOfWeek=1,minimalDaysInFirstWeek=1,ERA=1,YEAR=2018,MONTH=2,WEEK_OF_YEAR=12,WEEK_OF_MONTH=4,DAY_OF_MONTH=21,DAY_OF_YEAR=80,DAY_OF_WEEK=4,DAY_OF_WEEK_IN_MONTH=3,AM_PM=1,HOUR=7,HOUR_OF_DAY=19,MINUTE=26,SECOND=20,MILLISECOND=906,ZONE_OFFSET=0,DST_OFFSET=0], message=null}
19:26:20.912 [main] DEBUG org.hibernate.SQL - insert into LogEntries (logCode, message, primaryUser, secondaryUser, time, id) values (?, ?, ?, ?, ?, ?)
Hibernate: insert into LogEntries (logCode, message, primaryUser, secondaryUser, time, id) values (?, ?, ?, ?, ?, ?)
19:26:20.913 [main] DEBUG o.h.e.j.internal.JdbcCoordinatorImpl - HHH000420: Closing un-released batch
19:26:20.914 [main] DEBUG o.h.e.t.internal.TransactionImpl - begin
19:26:20.914 [main] DEBUG org.hibernate.SQL - select next_val as id_val from hibernate_sequence for update
Hibernate: select next_val as id_val from hibernate_sequence for update
19:26:20.915 [main] DEBUG org.hibernate.SQL - update hibernate_sequence set next_val= ? where next_val=?
Hibernate: update hibernate_sequence set next_val= ? where next_val=?
19:26:20.916 [main] DEBUG o.h.e.i.AbstractSaveEventListener - Generated identifier: 448, using strategy: org.hibernate.id.enhanced.SequenceStyleGenerator
19:26:20.916 [main] DEBUG o.h.e.t.internal.TransactionImpl - committing
19:26:20.916 [main] DEBUG o.h.e.i.AbstractFlushingEventListener - Processing flush-time cascades
19:26:20.916 [main] DEBUG o.h.e.i.AbstractFlushingEventListener - Dirty checking collections
19:26:20.917 [main] DEBUG o.h.e.i.AbstractFlushingEventListener - Flushed: 1 insertions, 0 updates, 0 deletions to 1 objects
19:26:20.917 [main] DEBUG o.h.e.i.AbstractFlushingEventListener - Flushed: 0 (re)creations, 0 updates, 0 removals to 0 collections
19:26:20.917 [main] DEBUG o.h.internal.util.EntityPrinter - Listing entities:
19:26:20.917 [main] DEBUG o.h.internal.util.EntityPrinter - edu.ncsu.csc.itrust2.models.persistent.LogEntry{secondaryUser=null, logCode=5, primaryUser=logapitest, id=448, time=java.util.GregorianCalendar[time=1521660380914,areFieldsSet=true,areAllFieldsSet=true,lenient=true,zone=sun.util.calendar.ZoneInfo[id="Etc/UTC",offset=0,dstSavings=0,useDaylight=false,transitions=0,lastRule=null],firstDayOfWeek=1,minimalDaysInFirstWeek=1,ERA=1,YEAR=2018,MONTH=2,WEEK_OF_YEAR=12,WEEK_OF_MONTH=4,DAY_OF_MONTH=21,DAY_OF_YEAR=80,DAY_OF_WEEK=4,DAY_OF_WEEK_IN_MONTH=3,AM_PM=1,HOUR=7,HOUR_OF_DAY=19,MINUTE=26,SECOND=20,MILLISECOND=914,ZONE_OFFSET=0,DST_OFFSET=0], message=null}
19:26:20.917 [main] DEBUG org.hibernate.SQL - insert into LogEntries (logCode, message, primaryUser, secondaryUser, time, id) values (?, ?, ?, ?, ?, ?)
Hibernate: insert into LogEntries (logCode, message, primaryUser, secondaryUser, time, id) values (?, ?, ?, ?, ?, ?)
19:26:20.920 [main] DEBUG o.h.e.j.internal.JdbcCoordinatorImpl - HHH000420: Closing un-released batch
19:26:20.920 [main] DEBUG o.h.e.t.internal.TransactionImpl - begin
19:26:20.921 [main] DEBUG org.hibernate.SQL - select next_val as id_val from hibernate_sequence for update
Hibernate: select next_val as id_val from hibernate_sequence for update
19:26:20.921 [main] DEBUG org.hibernate.SQL - update hibernate_sequence set next_val= ? where next_val=?
Hibernate: update hibernate_sequence set next_val= ? where next_val=?
19:26:20.922 [main] DEBUG o.h.e.i.AbstractSaveEventListener - Generated identifier: 449, using strategy: org.hibernate.id.enhanced.SequenceStyleGenerator
19:26:20.923 [main] DEBUG o.h.e.t.internal.TransactionImpl - committing
19:26:20.923 [main] DEBUG o.h.e.i.AbstractFlushingEventListener - Processing flush-time cascades
19:26:20.923 [main] DEBUG o.h.e.i.AbstractFlushingEventListener - Dirty checking collections
19:26:20.923 [main] DEBUG o.h.e.i.AbstractFlushingEventListener - Flushed: 1 insertions, 0 updates, 0 deletions to 1 objects
19:26:20.923 [main] DEBUG o.h.e.i.AbstractFlushingEventListener - Flushed: 0 (re)creations, 0 updates, 0 removals to 0 collections
19:26:20.923 [main] DEBUG o.h.internal.util.EntityPrinter - Listing entities:
19:26:20.923 [main] DEBUG o.h.internal.util.EntityPrinter - edu.ncsu.csc.itrust2.models.persistent.LogEntry{secondaryUser=null, logCode=5, primaryUser=logapitest, id=449, time=java.util.GregorianCalendar[time=1521660380920,areFieldsSet=true,areAllFieldsSet=true,lenient=true,zone=sun.util.calendar.ZoneInfo[id="Etc/UTC",offset=0,dstSavings=0,useDaylight=false,transitions=0,lastRule=null],firstDayOfWeek=1,minimalDaysInFirstWeek=1,ERA=1,YEAR=2018,MONTH=2,WEEK_OF_YEAR=12,WEEK_OF_MONTH=4,DAY_OF_MONTH=21,DAY_OF_YEAR=80,DAY_OF_WEEK=4,DAY_OF_WEEK_IN_MONTH=3,AM_PM=1,HOUR=7,HOUR_OF_DAY=19,MINUTE=26,SECOND=20,MILLISECOND=920,ZONE_OFFSET=0,DST_OFFSET=0], message=null}
19:26:20.924 [main] DEBUG org.hibernate.SQL - insert into LogEntries (logCode, message, primaryUser, secondaryUser, time, id) values (?, ?, ?, ?, ?, ?)
Hibernate: insert into LogEntries (logCode, message, primaryUser, secondaryUser, time, id) values (?, ?, ?, ?, ?, ?)
19:26:20.925 [main] DEBUG o.h.e.j.internal.JdbcCoordinatorImpl - HHH000420: Closing un-released batch
19:26:20.925 [main] DEBUG o.h.e.t.internal.TransactionImpl - begin
19:26:20.926 [main] DEBUG org.hibernate.SQL - select next_val as id_val from hibernate_sequence for update
Hibernate: select next_val as id_val from hibernate_sequence for update
19:26:20.926 [main] DEBUG org.hibernate.SQL - update hibernate_sequence set next_val= ? where next_val=?
Hibernate: update hibernate_sequence set next_val= ? where next_val=?
19:26:20.927 [main] DEBUG o.h.e.i.AbstractSaveEventListener - Generated identifier: 450, using strategy: org.hibernate.id.enhanced.SequenceStyleGenerator
19:26:20.927 [main] DEBUG o.h.e.t.internal.TransactionImpl - committing
19:26:20.927 [main] DEBUG o.h.e.i.AbstractFlushingEventListener - Processing flush-time cascades
19:26:20.927 [main] DEBUG o.h.e.i.AbstractFlushingEventListener - Dirty checking collections
19:26:20.928 [main] DEBUG o.h.e.i.AbstractFlushingEventListener - Flushed: 1 insertions, 0 updates, 0 deletions to 1 objects
19:26:20.928 [main] DEBUG o.h.e.i.AbstractFlushingEventListener - Flushed: 0 (re)creations, 0 updates, 0 removals to 0 collections
19:26:20.928 [main] DEBUG o.h.internal.util.EntityPrinter - Listing entities:
19:26:20.928 [main] DEBUG o.h.internal.util.EntityPrinter - edu.ncsu.csc.itrust2.models.persistent.LogEntry{secondaryUser=null, logCode=5, primaryUser=logapitest, id=450, time=java.util.GregorianCalendar[time=1521660380925,areFieldsSet=true,areAllFieldsSet=true,lenient=true,zone=sun.util.calendar.ZoneInfo[id="Etc/UTC",offset=0,dstSavings=0,useDaylight=false,transitions=0,lastRule=null],firstDayOfWeek=1,minimalDaysInFirstWeek=1,ERA=1,YEAR=2018,MONTH=2,WEEK_OF_YEAR=12,WEEK_OF_MONTH=4,DAY_OF_MONTH=21,DAY_OF_YEAR=80,DAY_OF_WEEK=4,DAY_OF_WEEK_IN_MONTH=3,AM_PM=1,HOUR=7,HOUR_OF_DAY=19,MINUTE=26,SECOND=20,MILLISECOND=925,ZONE_OFFSET=0,DST_OFFSET=0], message=null}
19:26:20.928 [main] DEBUG org.hibernate.SQL - insert into LogEntries (logCode, message, primaryUser, secondaryUser, time, id) values (?, ?, ?, ?, ?, ?)
Hibernate: insert into LogEntries (logCode, message, primaryUser, secondaryUser, time, id) values (?, ?, ?, ?, ?, ?)
19:26:20.929 [main] DEBUG o.h.e.j.internal.JdbcCoordinatorImpl - HHH000420: Closing un-released batch
19:26:20.930 [main] DEBUG o.h.e.t.internal.TransactionImpl - begin
19:26:20.930 [main] DEBUG org.hibernate.SQL - select next_val as id_val from hibernate_sequence for update
Hibernate: select next_val as id_val from hibernate_sequence for update
19:26:20.931 [main] DEBUG org.hibernate.SQL - update hibernate_sequence set next_val= ? where next_val=?
Hibernate: update hibernate_sequence set next_val= ? where next_val=?
19:26:20.932 [main] DEBUG o.h.e.i.AbstractSaveEventListener - Generated identifier: 451, using strategy: org.hibernate.id.enhanced.SequenceStyleGenerator
19:26:20.932 [main] DEBUG o.h.e.t.internal.TransactionImpl - committing
19:26:20.932 [main] DEBUG o.h.e.i.AbstractFlushingEventListener - Processing flush-time cascades
19:26:20.932 [main] DEBUG o.h.e.i.AbstractFlushingEventListener - Dirty checking collections
19:26:20.932 [main] DEBUG o.h.e.i.AbstractFlushingEventListener - Flushed: 1 insertions, 0 updates, 0 deletions to 1 objects
19:26:20.932 [main] DEBUG o.h.e.i.AbstractFlushingEventListener - Flushed: 0 (re)creations, 0 updates, 0 removals to 0 collections
19:26:20.932 [main] DEBUG o.h.internal.util.EntityPrinter - Listing entities:
19:26:20.932 [main] DEBUG o.h.internal.util.EntityPrinter - edu.ncsu.csc.itrust2.models.persistent.LogEntry{secondaryUser=null, logCode=5, primaryUser=logapitest, id=451, time=java.util.GregorianCalendar[time=1521660380930,areFieldsSet=true,areAllFieldsSet=true,lenient=true,zone=sun.util.calendar.ZoneInfo[id="Etc/UTC",offset=0,dstSavings=0,useDaylight=false,transitions=0,lastRule=null],firstDayOfWeek=1,minimalDaysInFirstWeek=1,ERA=1,YEAR=2018,MONTH=2,WEEK_OF_YEAR=12,WEEK_OF_MONTH=4,DAY_OF_MONTH=21,DAY_OF_YEAR=80,DAY_OF_WEEK=4,DAY_OF_WEEK_IN_MONTH=3,AM_PM=1,HOUR=7,HOUR_OF_DAY=19,MINUTE=26,SECOND=20,MILLISECOND=930,ZONE_OFFSET=0,DST_OFFSET=0], message=null}
19:26:20.933 [main] DEBUG org.hibernate.SQL - insert into LogEntries (logCode, message, primaryUser, secondaryUser, time, id) values (?, ?, ?, ?, ?, ?)
Hibernate: insert into LogEntries (logCode, message, primaryUser, secondaryUser, time, id) values (?, ?, ?, ?, ?, ?)
19:26:20.934 [main] DEBUG o.h.e.j.internal.JdbcCoordinatorImpl - HHH000420: Closing un-released batch
19:26:20.934 [main] DEBUG o.h.e.t.internal.TransactionImpl - begin
19:26:20.934 [main] DEBUG org.hibernate.SQL - select next_val as id_val from hibernate_sequence for update
Hibernate: select next_val as id_val from hibernate_sequence for update
19:26:20.935 [main] DEBUG org.hibernate.SQL - update hibernate_sequence set next_val= ? where next_val=?
Hibernate: update hibernate_sequence set next_val= ? where next_val=?
19:26:20.937 [main] DEBUG o.h.e.i.AbstractSaveEventListener - Generated identifier: 452, using strategy: org.hibernate.id.enhanced.SequenceStyleGenerator
19:26:20.937 [main] DEBUG o.h.e.t.internal.TransactionImpl - committing
19:26:20.937 [main] DEBUG o.h.e.i.AbstractFlushingEventListener - Processing flush-time cascades
19:26:20.937 [main] DEBUG o.h.e.i.AbstractFlushingEventListener - Dirty checking collections
19:26:20.937 [main] DEBUG o.h.e.i.AbstractFlushingEventListener - Flushed: 1 insertions, 0 updates, 0 deletions to 1 objects
19:26:20.937 [main] DEBUG o.h.e.i.AbstractFlushingEventListener - Flushed: 0 (re)creations, 0 updates, 0 removals to 0 collections
19:26:20.937 [main] DEBUG o.h.internal.util.EntityPrinter - Listing entities:
19:26:20.937 [main] DEBUG o.h.internal.util.EntityPrinter - edu.ncsu.csc.itrust2.models.persistent.LogEntry{secondaryUser=null, logCode=5, primaryUser=logapitest, id=452, time=java.util.GregorianCalendar[time=1521660380934,areFieldsSet=true,areAllFieldsSet=true,lenient=true,zone=sun.util.calendar.ZoneInfo[id="Etc/UTC",offset=0,dstSavings=0,useDaylight=false,transitions=0,lastRule=null],firstDayOfWeek=1,minimalDaysInFirstWeek=1,ERA=1,YEAR=2018,MONTH=2,WEEK_OF_YEAR=12,WEEK_OF_MONTH=4,DAY_OF_MONTH=21,DAY_OF_YEAR=80,DAY_OF_WEEK=4,DAY_OF_WEEK_IN_MONTH=3,AM_PM=1,HOUR=7,HOUR_OF_DAY=19,MINUTE=26,SECOND=20,MILLISECOND=934,ZONE_OFFSET=0,DST_OFFSET=0], message=null}
19:26:20.938 [main] DEBUG org.hibernate.SQL - insert into LogEntries (logCode, message, primaryUser, secondaryUser, time, id) values (?, ?, ?, ?, ?, ?)
Hibernate: insert into LogEntries (logCode, message, primaryUser, secondaryUser, time, id) values (?, ?, ?, ?, ?, ?)
19:26:20.940 [main] DEBUG o.h.e.j.internal.JdbcCoordinatorImpl - HHH000420: Closing un-released batch
19:26:20.941 [main] DEBUG o.h.e.t.internal.TransactionImpl - begin
19:26:20.942 [main] DEBUG org.hibernate.SQL - select next_val as id_val from hibernate_sequence for update
Hibernate: select next_val as id_val from hibernate_sequence for update
19:26:20.942 [main] DEBUG org.hibernate.SQL - update hibernate_sequence set next_val= ? where next_val=?
Hibernate: update hibernate_sequence set next_val= ? where next_val=?
19:26:20.943 [main] DEBUG o.h.e.i.AbstractSaveEventListener - Generated identifier: 453, using strategy: org.hibernate.id.enhanced.SequenceStyleGenerator
19:26:20.943 [main] DEBUG o.h.e.t.internal.TransactionImpl - committing
19:26:20.943 [main] DEBUG o.h.e.i.AbstractFlushingEventListener - Processing flush-time cascades
19:26:20.943 [main] DEBUG o.h.e.i.AbstractFlushingEventListener - Dirty checking collections
19:26:20.943 [main] DEBUG o.h.e.i.AbstractFlushingEventListener - Flushed: 1 insertions, 0 updates, 0 deletions to 1 objects
19:26:20.944 [main] DEBUG o.h.e.i.AbstractFlushingEventListener - Flushed: 0 (re)creations, 0 updates, 0 removals to 0 collections
19:26:20.944 [main] DEBUG o.h.internal.util.EntityPrinter - Listing entities:
19:26:20.944 [main] DEBUG o.h.internal.util.EntityPrinter - edu.ncsu.csc.itrust2.models.persistent.LogEntry{secondaryUser=null, logCode=5, primaryUser=logapitest, id=453, time=java.util.GregorianCalendar[time=1521660380941,areFieldsSet=true,areAllFieldsSet=true,lenient=true,zone=sun.util.calendar.ZoneInfo[id="Etc/UTC",offset=0,dstSavings=0,useDaylight=false,transitions=0,lastRule=null],firstDayOfWeek=1,minimalDaysInFirstWeek=1,ERA=1,YEAR=2018,MONTH=2,WEEK_OF_YEAR=12,WEEK_OF_MONTH=4,DAY_OF_MONTH=21,DAY_OF_YEAR=80,DAY_OF_WEEK=4,DAY_OF_WEEK_IN_MONTH=3,AM_PM=1,HOUR=7,HOUR_OF_DAY=19,MINUTE=26,SECOND=20,MILLISECOND=941,ZONE_OFFSET=0,DST_OFFSET=0], message=null}
19:26:20.944 [main] DEBUG org.hibernate.SQL - insert into LogEntries (logCode, message, primaryUser, secondaryUser, time, id) values (?, ?, ?, ?, ?, ?)
Hibernate: insert into LogEntries (logCode, message, primaryUser, secondaryUser, time, id) values (?, ?, ?, ?, ?, ?)
19:26:20.946 [main] DEBUG o.h.e.j.internal.JdbcCoordinatorImpl - HHH000420: Closing un-released batch
19:26:20.946 [main] DEBUG o.h.e.t.internal.TransactionImpl - begin
19:26:20.946 [main] DEBUG org.hibernate.SQL - select next_val as id_val from hibernate_sequence for update
Hibernate: select next_val as id_val from hibernate_sequence for update
19:26:20.947 [main] DEBUG org.hibernate.SQL - update hibernate_sequence set next_val= ? where next_val=?
Hibernate: update hibernate_sequence set next_val= ? where next_val=?
19:26:20.948 [main] DEBUG o.h.e.i.AbstractSaveEventListener - Generated identifier: 454, using strategy: org.hibernate.id.enhanced.SequenceStyleGenerator
19:26:20.948 [main] DEBUG o.h.e.t.internal.TransactionImpl - committing
19:26:20.948 [main] DEBUG o.h.e.i.AbstractFlushingEventListener - Processing flush-time cascades
19:26:20.948 [main] DEBUG o.h.e.i.AbstractFlushingEventListener - Dirty checking collections
19:26:20.948 [main] DEBUG o.h.e.i.AbstractFlushingEventListener - Flushed: 1 insertions, 0 updates, 0 deletions to 1 objects
19:26:20.948 [main] DEBUG o.h.e.i.AbstractFlushingEventListener - Flushed: 0 (re)creations, 0 updates, 0 removals to 0 collections
19:26:20.948 [main] DEBUG o.h.internal.util.EntityPrinter - Listing entities:
19:26:20.948 [main] DEBUG o.h.internal.util.EntityPrinter - edu.ncsu.csc.itrust2.models.persistent.LogEntry{secondaryUser=null, logCode=5, primaryUser=logapitest, id=454, time=java.util.GregorianCalendar[time=1521660380946,areFieldsSet=true,areAllFieldsSet=true,lenient=true,zone=sun.util.calendar.ZoneInfo[id="Etc/UTC",offset=0,dstSavings=0,useDaylight=false,transitions=0,lastRule=null],firstDayOfWeek=1,minimalDaysInFirstWeek=1,ERA=1,YEAR=2018,MONTH=2,WEEK_OF_YEAR=12,WEEK_OF_MONTH=4,DAY_OF_MONTH=21,DAY_OF_YEAR=80,DAY_OF_WEEK=4,DAY_OF_WEEK_IN_MONTH=3,AM_PM=1,HOUR=7,HOUR_OF_DAY=19,MINUTE=26,SECOND=20,MILLISECOND=946,ZONE_OFFSET=0,DST_OFFSET=0], message=null}
19:26:20.949 [main] DEBUG org.hibernate.SQL - insert into LogEntries (logCode, message, primaryUser, secondaryUser, time, id) values (?, ?, ?, ?, ?, ?)
Hibernate: insert into LogEntries (logCode, message, primaryUser, secondaryUser, time, id) values (?, ?, ?, ?, ?, ?)
19:26:20.950 [main] DEBUG o.h.e.j.internal.JdbcCoordinatorImpl - HHH000420: Closing un-released batch
19:26:20.950 [main] DEBUG o.h.e.t.internal.TransactionImpl - begin
19:26:20.951 [main] DEBUG org.hibernate.SQL - select next_val as id_val from hibernate_sequence for update
Hibernate: select next_val as id_val from hibernate_sequence for update
19:26:20.951 [main] DEBUG org.hibernate.SQL - update hibernate_sequence set next_val= ? where next_val=?
Hibernate: update hibernate_sequence set next_val= ? where next_val=?
19:26:20.953 [main] DEBUG o.h.e.i.AbstractSaveEventListener - Generated identifier: 455, using strategy: org.hibernate.id.enhanced.SequenceStyleGenerator
19:26:20.953 [main] DEBUG o.h.e.t.internal.TransactionImpl - committing
19:26:20.953 [main] DEBUG o.h.e.i.AbstractFlushingEventListener - Processing flush-time cascades
19:26:20.953 [main] DEBUG o.h.e.i.AbstractFlushingEventListener - Dirty checking collections
19:26:20.953 [main] DEBUG o.h.e.i.AbstractFlushingEventListener - Flushed: 1 insertions, 0 updates, 0 deletions to 1 objects
19:26:20.953 [main] DEBUG o.h.e.i.AbstractFlushingEventListener - Flushed: 0 (re)creations, 0 updates, 0 removals to 0 collections
19:26:20.953 [main] DEBUG o.h.internal.util.EntityPrinter - Listing entities:
19:26:20.953 [main] DEBUG o.h.internal.util.EntityPrinter - edu.ncsu.csc.itrust2.models.persistent.LogEntry{secondaryUser=null, logCode=5, primaryUser=logapitest, id=455, time=java.util.GregorianCalendar[time=1521660380950,areFieldsSet=true,areAllFieldsSet=true,lenient=true,zone=sun.util.calendar.ZoneInfo[id="Etc/UTC",offset=0,dstSavings=0,useDaylight=false,transitions=0,lastRule=null],firstDayOfWeek=1,minimalDaysInFirstWeek=1,ERA=1,YEAR=2018,MONTH=2,WEEK_OF_YEAR=12,WEEK_OF_MONTH=4,DAY_OF_MONTH=21,DAY_OF_YEAR=80,DAY_OF_WEEK=4,DAY_OF_WEEK_IN_MONTH=3,AM_PM=1,HOUR=7,HOUR_OF_DAY=19,MINUTE=26,SECOND=20,MILLISECOND=950,ZONE_OFFSET=0,DST_OFFSET=0], message=null}
19:26:20.954 [main] DEBUG org.hibernate.SQL - insert into LogEntries (logCode, message, primaryUser, secondaryUser, time, id) values (?, ?, ?, ?, ?, ?)
Hibernate: insert into LogEntries (logCode, message, primaryUser, secondaryUser, time, id) values (?, ?, ?, ?, ?, ?)
19:26:20.955 [main] DEBUG o.h.e.j.internal.JdbcCoordinatorImpl - HHH000420: Closing un-released batch
19:26:20.956 [main] DEBUG o.h.e.t.internal.TransactionImpl - begin
19:26:20.956 [main] DEBUG org.hibernate.SQL - select next_val as id_val from hibernate_sequence for update
Hibernate: select next_val as id_val from hibernate_sequence for update
19:26:20.957 [main] DEBUG org.hibernate.SQL - update hibernate_sequence set next_val= ? where next_val=?
Hibernate: update hibernate_sequence set next_val= ? where next_val=?
19:26:20.957 [main] DEBUG o.h.e.i.AbstractSaveEventListener - Generated identifier: 456, using strategy: org.hibernate.id.enhanced.SequenceStyleGenerator
19:26:20.958 [main] DEBUG o.h.e.t.internal.TransactionImpl - committing
19:26:20.958 [main] DEBUG o.h.e.i.AbstractFlushingEventListener - Processing flush-time cascades
19:26:20.958 [main] DEBUG o.h.e.i.AbstractFlushingEventListener - Dirty checking collections
19:26:20.958 [main] DEBUG o.h.e.i.AbstractFlushingEventListener - Flushed: 1 insertions, 0 updates, 0 deletions to 1 objects
19:26:20.958 [main] DEBUG o.h.e.i.AbstractFlushingEventListener - Flushed: 0 (re)creations, 0 updates, 0 removals to 0 collections
19:26:20.958 [main] DEBUG o.h.internal.util.EntityPrinter - Listing entities:
19:26:20.958 [main] DEBUG o.h.internal.util.EntityPrinter - edu.ncsu.csc.itrust2.models.persistent.LogEntry{secondaryUser=null, logCode=5, primaryUser=logapitest, id=456, time=java.util.GregorianCalendar[time=1521660380956,areFieldsSet=true,areAllFieldsSet=true,lenient=true,zone=sun.util.calendar.ZoneInfo[id="Etc/UTC",offset=0,dstSavings=0,useDaylight=false,transitions=0,lastRule=null],firstDayOfWeek=1,minimalDaysInFirstWeek=1,ERA=1,YEAR=2018,MONTH=2,WEEK_OF_YEAR=12,WEEK_OF_MONTH=4,DAY_OF_MONTH=21,DAY_OF_YEAR=80,DAY_OF_WEEK=4,DAY_OF_WEEK_IN_MONTH=3,AM_PM=1,HOUR=7,HOUR_OF_DAY=19,MINUTE=26,SECOND=20,MILLISECOND=956,ZONE_OFFSET=0,DST_OFFSET=0], message=null}
19:26:20.958 [main] DEBUG org.hibernate.SQL - insert into LogEntries (logCode, message, primaryUser, secondaryUser, time, id) values (?, ?, ?, ?, ?, ?)
Hibernate: insert into LogEntries (logCode, message, primaryUser, secondaryUser, time, id) values (?, ?, ?, ?, ?, ?)
19:26:20.960 [main] DEBUG o.h.e.j.internal.JdbcCoordinatorImpl - HHH000420: Closing un-released batch
19:26:20.961 [main] DEBUG o.h.e.t.internal.TransactionImpl - begin
19:26:20.961 [main] DEBUG org.hibernate.SQL - select next_val as id_val from hibernate_sequence for update
Hibernate: select next_val as id_val from hibernate_sequence for update
19:26:20.962 [main] DEBUG org.hibernate.SQL - update hibernate_sequence set next_val= ? where next_val=?
Hibernate: update hibernate_sequence set next_val= ? where next_val=?
19:26:20.963 [main] DEBUG o.h.e.i.AbstractSaveEventListener - Generated identifier: 457, using strategy: org.hibernate.id.enhanced.SequenceStyleGenerator
19:26:20.963 [main] DEBUG o.h.e.t.internal.TransactionImpl - committing
19:26:20.963 [main] DEBUG o.h.e.i.AbstractFlushingEventListener - Processing flush-time cascades
19:26:20.963 [main] DEBUG o.h.e.i.AbstractFlushingEventListener - Dirty checking collections
19:26:20.963 [main] DEBUG o.h.e.i.AbstractFlushingEventListener - Flushed: 1 insertions, 0 updates, 0 deletions to 1 objects
19:26:20.963 [main] DEBUG o.h.e.i.AbstractFlushingEventListener - Flushed: 0 (re)creations, 0 updates, 0 removals to 0 collections
19:26:20.964 [main] DEBUG o.h.internal.util.EntityPrinter - Listing entities:
19:26:20.964 [main] DEBUG o.h.internal.util.EntityPrinter - edu.ncsu.csc.itrust2.models.persistent.LogEntry{secondaryUser=null, logCode=5, primaryUser=logapitest, id=457, time=java.util.GregorianCalendar[time=1521660380960,areFieldsSet=true,areAllFieldsSet=true,lenient=true,zone=sun.util.calendar.ZoneInfo[id="Etc/UTC",offset=0,dstSavings=0,useDaylight=false,transitions=0,lastRule=null],firstDayOfWeek=1,minimalDaysInFirstWeek=1,ERA=1,YEAR=2018,MONTH=2,WEEK_OF_YEAR=12,WEEK_OF_MONTH=4,DAY_OF_MONTH=21,DAY_OF_YEAR=80,DAY_OF_WEEK=4,DAY_OF_WEEK_IN_MONTH=3,AM_PM=1,HOUR=7,HOUR_OF_DAY=19,MINUTE=26,SECOND=20,MILLISECOND=960,ZONE_OFFSET=0,DST_OFFSET=0], message=null}
19:26:20.964 [main] DEBUG org.hibernate.SQL - insert into LogEntries (logCode, message, primaryUser, secondaryUser, time, id) values (?, ?, ?, ?, ?, ?)
Hibernate: insert into LogEntries (logCode, message, primaryUser, secondaryUser, time, id) values (?, ?, ?, ?, ?, ?)
19:26:20.965 [main] DEBUG o.h.e.j.internal.JdbcCoordinatorImpl - HHH000420: Closing un-released batch
19:26:20.966 [main] DEBUG o.h.e.t.internal.TransactionImpl - begin
19:26:20.966 [main] DEBUG org.hibernate.SQL - select next_val as id_val from hibernate_sequence for update
Hibernate: select next_val as id_val from hibernate_sequence for update
19:26:20.967 [main] DEBUG org.hibernate.SQL - update hibernate_sequence set next_val= ? where next_val=?
Hibernate: update hibernate_sequence set next_val= ? where next_val=?
19:26:20.968 [main] DEBUG o.h.e.i.AbstractSaveEventListener - Generated identifier: 458, using strategy: org.hibernate.id.enhanced.SequenceStyleGenerator
19:26:20.968 [main] DEBUG o.h.e.t.internal.TransactionImpl - committing
19:26:20.969 [main] DEBUG o.h.e.i.AbstractFlushingEventListener - Processing flush-time cascades
19:26:20.969 [main] DEBUG o.h.e.i.AbstractFlushingEventListener - Dirty checking collections
19:26:20.969 [main] DEBUG o.h.e.i.AbstractFlushingEventListener - Flushed: 1 insertions, 0 updates, 0 deletions to 1 objects
19:26:20.969 [main] DEBUG o.h.e.i.AbstractFlushingEventListener - Flushed: 0 (re)creations, 0 updates, 0 removals to 0 collections
19:26:20.969 [main] DEBUG o.h.internal.util.EntityPrinter - Listing entities:
19:26:20.969 [main] DEBUG o.h.internal.util.EntityPrinter - edu.ncsu.csc.itrust2.models.persistent.LogEntry{secondaryUser=null, logCode=5, primaryUser=logapitest, id=458, time=java.util.GregorianCalendar[time=1521660380966,areFieldsSet=true,areAllFieldsSet=true,lenient=true,zone=sun.util.calendar.ZoneInfo[id="Etc/UTC",offset=0,dstSavings=0,useDaylight=false,transitions=0,lastRule=null],firstDayOfWeek=1,minimalDaysInFirstWeek=1,ERA=1,YEAR=2018,MONTH=2,WEEK_OF_YEAR=12,WEEK_OF_MONTH=4,DAY_OF_MONTH=21,DAY_OF_YEAR=80,DAY_OF_WEEK=4,DAY_OF_WEEK_IN_MONTH=3,AM_PM=1,HOUR=7,HOUR_OF_DAY=19,MINUTE=26,SECOND=20,MILLISECOND=966,ZONE_OFFSET=0,DST_OFFSET=0], message=null}
19:26:20.969 [main] DEBUG org.hibernate.SQL - insert into LogEntries (logCode, message, primaryUser, secondaryUser, time, id) values (?, ?, ?, ?, ?, ?)
Hibernate: insert into LogEntries (logCode, message, primaryUser, secondaryUser, time, id) values (?, ?, ?, ?, ?, ?)
19:26:20.971 [main] DEBUG o.h.e.j.internal.JdbcCoordinatorImpl - HHH000420: Closing un-released batch
19:26:20.971 [main] DEBUG o.h.e.t.internal.TransactionImpl - begin
19:26:20.972 [main] DEBUG org.hibernate.SQL - select next_val as id_val from hibernate_sequence for update
Hibernate: select next_val as id_val from hibernate_sequence for update
19:26:20.972 [main] DEBUG org.hibernate.SQL - update hibernate_sequence set next_val= ? where next_val=?
Hibernate: update hibernate_sequence set next_val= ? where next_val=?
19:26:20.973 [main] DEBUG o.h.e.i.AbstractSaveEventListener - Generated identifier: 459, using strategy: org.hibernate.id.enhanced.SequenceStyleGenerator
19:26:20.974 [main] DEBUG o.h.e.t.internal.TransactionImpl - committing
19:26:20.974 [main] DEBUG o.h.e.i.AbstractFlushingEventListener - Processing flush-time cascades
19:26:20.974 [main] DEBUG o.h.e.i.AbstractFlushingEventListener - Dirty checking collections
19:26:20.974 [main] DEBUG o.h.e.i.AbstractFlushingEventListener - Flushed: 1 insertions, 0 updates, 0 deletions to 1 objects
19:26:20.974 [main] DEBUG o.h.e.i.AbstractFlushingEventListener - Flushed: 0 (re)creations, 0 updates, 0 removals to 0 collections
19:26:20.974 [main] DEBUG o.h.internal.util.EntityPrinter - Listing entities:
19:26:20.974 [main] DEBUG o.h.internal.util.EntityPrinter - edu.ncsu.csc.itrust2.models.persistent.LogEntry{secondaryUser=null, logCode=5, primaryUser=logapitest, id=459, time=java.util.GregorianCalendar[time=1521660380971,areFieldsSet=true,areAllFieldsSet=true,lenient=true,zone=sun.util.calendar.ZoneInfo[id="Etc/UTC",offset=0,dstSavings=0,useDaylight=false,transitions=0,lastRule=null],firstDayOfWeek=1,minimalDaysInFirstWeek=1,ERA=1,YEAR=2018,MONTH=2,WEEK_OF_YEAR=12,WEEK_OF_MONTH=4,DAY_OF_MONTH=21,DAY_OF_YEAR=80,DAY_OF_WEEK=4,DAY_OF_WEEK_IN_MONTH=3,AM_PM=1,HOUR=7,HOUR_OF_DAY=19,MINUTE=26,SECOND=20,MILLISECOND=971,ZONE_OFFSET=0,DST_OFFSET=0], message=null}
19:26:20.975 [main] DEBUG org.hibernate.SQL - insert into LogEntries (logCode, message, primaryUser, secondaryUser, time, id) values (?, ?, ?, ?, ?, ?)
Hibernate: insert into LogEntries (logCode, message, primaryUser, secondaryUser, time, id) values (?, ?, ?, ?, ?, ?)
19:26:20.976 [main] DEBUG o.h.e.j.internal.JdbcCoordinatorImpl - HHH000420: Closing un-released batch
19:26:20.977 [main] DEBUG o.h.e.t.internal.TransactionImpl - begin
19:26:20.977 [main] DEBUG org.hibernate.SQL - select next_val as id_val from hibernate_sequence for update
Hibernate: select next_val as id_val from hibernate_sequence for update
19:26:20.978 [main] DEBUG org.hibernate.SQL - update hibernate_sequence set next_val= ? where next_val=?
Hibernate: update hibernate_sequence set next_val= ? where next_val=?
19:26:20.979 [main] DEBUG o.h.e.i.AbstractSaveEventListener - Generated identifier: 460, using strategy: org.hibernate.id.enhanced.SequenceStyleGenerator
19:26:20.979 [main] DEBUG o.h.e.t.internal.TransactionImpl - committing
19:26:20.979 [main] DEBUG o.h.e.i.AbstractFlushingEventListener - Processing flush-time cascades
19:26:20.979 [main] DEBUG o.h.e.i.AbstractFlushingEventListener - Dirty checking collections
19:26:20.979 [main] DEBUG o.h.e.i.AbstractFlushingEventListener - Flushed: 1 insertions, 0 updates, 0 deletions to 1 objects
19:26:20.979 [main] DEBUG o.h.e.i.AbstractFlushingEventListener - Flushed: 0 (re)creations, 0 updates, 0 removals to 0 collections
19:26:20.979 [main] DEBUG o.h.internal.util.EntityPrinter - Listing entities:
19:26:20.979 [main] DEBUG o.h.internal.util.EntityPrinter - edu.ncsu.csc.itrust2.models.persistent.LogEntry{secondaryUser=null, logCode=5, primaryUser=logapitest, id=460, time=java.util.GregorianCalendar[time=1521660380977,areFieldsSet=true,areAllFieldsSet=true,lenient=true,zone=sun.util.calendar.ZoneInfo[id="Etc/UTC",offset=0,dstSavings=0,useDaylight=false,transitions=0,lastRule=null],firstDayOfWeek=1,minimalDaysInFirstWeek=1,ERA=1,YEAR=2018,MONTH=2,WEEK_OF_YEAR=12,WEEK_OF_MONTH=4,DAY_OF_MONTH=21,DAY_OF_YEAR=80,DAY_OF_WEEK=4,DAY_OF_WEEK_IN_MONTH=3,AM_PM=1,HOUR=7,HOUR_OF_DAY=19,MINUTE=26,SECOND=20,MILLISECOND=977,ZONE_OFFSET=0,DST_OFFSET=0], message=null}
19:26:20.980 [main] DEBUG org.hibernate.SQL - insert into LogEntries (logCode, message, primaryUser, secondaryUser, time, id) values (?, ?, ?, ?, ?, ?)
Hibernate: insert into LogEntries (logCode, message, primaryUser, secondaryUser, time, id) values (?, ?, ?, ?, ?, ?)
19:26:20.983 [main] DEBUG o.h.e.j.internal.JdbcCoordinatorImpl - HHH000420: Closing un-released batch
19:26:20.984 [main] DEBUG o.h.e.t.internal.TransactionImpl - begin
19:26:20.985 [main] DEBUG org.hibernate.SQL - select next_val as id_val from hibernate_sequence for update
Hibernate: select next_val as id_val from hibernate_sequence for update
19:26:20.986 [main] DEBUG org.hibernate.SQL - update hibernate_sequence set next_val= ? where next_val=?
Hibernate: update hibernate_sequence set next_val= ? where next_val=?
19:26:20.987 [main] DEBUG o.h.e.i.AbstractSaveEventListener - Generated identifier: 461, using strategy: org.hibernate.id.enhanced.SequenceStyleGenerator
19:26:20.987 [main] DEBUG o.h.e.t.internal.TransactionImpl - committing
19:26:20.988 [main] DEBUG o.h.e.i.AbstractFlushingEventListener - Processing flush-time cascades
19:26:20.988 [main] DEBUG o.h.e.i.AbstractFlushingEventListener - Dirty checking collections
19:26:20.988 [main] DEBUG o.h.e.i.AbstractFlushingEventListener - Flushed: 1 insertions, 0 updates, 0 deletions to 1 objects
19:26:20.988 [main] DEBUG o.h.e.i.AbstractFlushingEventListener - Flushed: 0 (re)creations, 0 updates, 0 removals to 0 collections
19:26:20.988 [main] DEBUG o.h.internal.util.EntityPrinter - Listing entities:
19:26:20.988 [main] DEBUG o.h.internal.util.EntityPrinter - edu.ncsu.csc.itrust2.models.persistent.LogEntry{secondaryUser=null, logCode=5, primaryUser=logapitest, id=461, time=java.util.GregorianCalendar[time=1521660380984,areFieldsSet=true,areAllFieldsSet=true,lenient=true,zone=sun.util.calendar.ZoneInfo[id="Etc/UTC",offset=0,dstSavings=0,useDaylight=false,transitions=0,lastRule=null],firstDayOfWeek=1,minimalDaysInFirstWeek=1,ERA=1,YEAR=2018,MONTH=2,WEEK_OF_YEAR=12,WEEK_OF_MONTH=4,DAY_OF_MONTH=21,DAY_OF_YEAR=80,DAY_OF_WEEK=4,DAY_OF_WEEK_IN_MONTH=3,AM_PM=1,HOUR=7,HOUR_OF_DAY=19,MINUTE=26,SECOND=20,MILLISECOND=984,ZONE_OFFSET=0,DST_OFFSET=0], message=null}
19:26:20.988 [main] DEBUG org.hibernate.SQL - insert into LogEntries (logCode, message, primaryUser, secondaryUser, time, id) values (?, ?, ?, ?, ?, ?)
Hibernate: insert into LogEntries (logCode, message, primaryUser, secondaryUser, time, id) values (?, ?, ?, ?, ?, ?)
19:26:20.990 [main] DEBUG o.h.e.j.internal.JdbcCoordinatorImpl - HHH000420: Closing un-released batch
19:26:20.990 [main] DEBUG o.h.e.t.internal.TransactionImpl - begin
19:26:20.990 [main] DEBUG org.hibernate.SQL - select next_val as id_val from hibernate_sequence for update
Hibernate: select next_val as id_val from hibernate_sequence for update
19:26:20.991 [main] DEBUG org.hibernate.SQL - update hibernate_sequence set next_val= ? where next_val=?
Hibernate: update hibernate_sequence set next_val= ? where next_val=?
19:26:20.992 [main] DEBUG o.h.e.i.AbstractSaveEventListener - Generated identifier: 462, using strategy: org.hibernate.id.enhanced.SequenceStyleGenerator
19:26:20.992 [main] DEBUG o.h.e.t.internal.TransactionImpl - committing
19:26:20.992 [main] DEBUG o.h.e.i.AbstractFlushingEventListener - Processing flush-time cascades
19:26:20.992 [main] DEBUG o.h.e.i.AbstractFlushingEventListener - Dirty checking collections
19:26:20.992 [main] DEBUG o.h.e.i.AbstractFlushingEventListener - Flushed: 1 insertions, 0 updates, 0 deletions to 1 objects
19:26:20.992 [main] DEBUG o.h.e.i.AbstractFlushingEventListener - Flushed: 0 (re)creations, 0 updates, 0 removals to 0 collections
19:26:20.992 [main] DEBUG o.h.internal.util.EntityPrinter - Listing entities:
19:26:20.992 [main] DEBUG o.h.internal.util.EntityPrinter - edu.ncsu.csc.itrust2.models.persistent.LogEntry{secondaryUser=null, logCode=5, primaryUser=logapitest, id=462, time=java.util.GregorianCalendar[time=1521660380990,areFieldsSet=true,areAllFieldsSet=true,lenient=true,zone=sun.util.calendar.ZoneInfo[id="Etc/UTC",offset=0,dstSavings=0,useDaylight=false,transitions=0,lastRule=null],firstDayOfWeek=1,minimalDaysInFirstWeek=1,ERA=1,YEAR=2018,MONTH=2,WEEK_OF_YEAR=12,WEEK_OF_MONTH=4,DAY_OF_MONTH=21,DAY_OF_YEAR=80,DAY_OF_WEEK=4,DAY_OF_WEEK_IN_MONTH=3,AM_PM=1,HOUR=7,HOUR_OF_DAY=19,MINUTE=26,SECOND=20,MILLISECOND=990,ZONE_OFFSET=0,DST_OFFSET=0], message=null}
19:26:20.993 [main] DEBUG org.hibernate.SQL - insert into LogEntries (logCode, message, primaryUser, secondaryUser, time, id) values (?, ?, ?, ?, ?, ?)
Hibernate: insert into LogEntries (logCode, message, primaryUser, secondaryUser, time, id) values (?, ?, ?, ?, ?, ?)
19:26:20.994 [main] DEBUG o.h.e.j.internal.JdbcCoordinatorImpl - HHH000420: Closing un-released batch
19:26:20.994 [main] DEBUG o.h.e.t.internal.TransactionImpl - begin
19:26:20.994 [main] DEBUG org.hibernate.SQL - select next_val as id_val from hibernate_sequence for update
Hibernate: select next_val as id_val from hibernate_sequence for update
19:26:20.995 [main] DEBUG org.hibernate.SQL - update hibernate_sequence set next_val= ? where next_val=?
Hibernate: update hibernate_sequence set next_val= ? where next_val=?
19:26:20.996 [main] DEBUG o.h.e.i.AbstractSaveEventListener - Generated identifier: 463, using strategy: org.hibernate.id.enhanced.SequenceStyleGenerator
19:26:20.996 [main] DEBUG o.h.e.t.internal.TransactionImpl - committing
19:26:20.996 [main] DEBUG o.h.e.i.AbstractFlushingEventListener - Processing flush-time cascades
19:26:20.996 [main] DEBUG o.h.e.i.AbstractFlushingEventListener - Dirty checking collections
19:26:20.997 [main] DEBUG o.h.e.i.AbstractFlushingEventListener - Flushed: 1 insertions, 0 updates, 0 deletions to 1 objects
19:26:20.997 [main] DEBUG o.h.e.i.AbstractFlushingEventListener - Flushed: 0 (re)creations, 0 updates, 0 removals to 0 collections
19:26:20.997 [main] DEBUG o.h.internal.util.EntityPrinter - Listing entities:
19:26:20.997 [main] DEBUG o.h.internal.util.EntityPrinter - edu.ncsu.csc.itrust2.models.persistent.LogEntry{secondaryUser=null, logCode=5, primaryUser=logapitest, id=463, time=java.util.GregorianCalendar[time=1521660380994,areFieldsSet=true,areAllFieldsSet=true,lenient=true,zone=sun.util.calendar.ZoneInfo[id="Etc/UTC",offset=0,dstSavings=0,useDaylight=false,transitions=0,lastRule=null],firstDayOfWeek=1,minimalDaysInFirstWeek=1,ERA=1,YEAR=2018,MONTH=2,WEEK_OF_YEAR=12,WEEK_OF_MONTH=4,DAY_OF_MONTH=21,DAY_OF_YEAR=80,DAY_OF_WEEK=4,DAY_OF_WEEK_IN_MONTH=3,AM_PM=1,HOUR=7,HOUR_OF_DAY=19,MINUTE=26,SECOND=20,MILLISECOND=994,ZONE_OFFSET=0,DST_OFFSET=0], message=null}
19:26:20.998 [main] DEBUG org.hibernate.SQL - insert into LogEntries (logCode, message, primaryUser, secondaryUser, time, id) values (?, ?, ?, ?, ?, ?)
Hibernate: insert into LogEntries (logCode, message, primaryUser, secondaryUser, time, id) values (?, ?, ?, ?, ?, ?)
19:26:21.001 [main] DEBUG o.h.e.j.internal.JdbcCoordinatorImpl - HHH000420: Closing un-released batch
19:26:21.001 [main] DEBUG o.h.e.t.internal.TransactionImpl - begin
19:26:21.002 [main] DEBUG org.hibernate.SQL - select next_val as id_val from hibernate_sequence for update
Hibernate: select next_val as id_val from hibernate_sequence for update
19:26:21.002 [main] DEBUG org.hibernate.SQL - update hibernate_sequence set next_val= ? where next_val=?
Hibernate: update hibernate_sequence set next_val= ? where next_val=?
19:26:21.003 [main] DEBUG o.h.e.i.AbstractSaveEventListener - Generated identifier: 464, using strategy: org.hibernate.id.enhanced.SequenceStyleGenerator
19:26:21.004 [main] DEBUG o.h.e.t.internal.TransactionImpl - committing
19:26:21.004 [main] DEBUG o.h.e.i.AbstractFlushingEventListener - Processing flush-time cascades
19:26:21.004 [main] DEBUG o.h.e.i.AbstractFlushingEventListener - Dirty checking collections
19:26:21.004 [main] DEBUG o.h.e.i.AbstractFlushingEventListener - Flushed: 1 insertions, 0 updates, 0 deletions to 1 objects
19:26:21.004 [main] DEBUG o.h.e.i.AbstractFlushingEventListener - Flushed: 0 (re)creations, 0 updates, 0 removals to 0 collections
19:26:21.004 [main] DEBUG o.h.internal.util.EntityPrinter - Listing entities:
19:26:21.004 [main] DEBUG o.h.internal.util.EntityPrinter - edu.ncsu.csc.itrust2.models.persistent.LogEntry{secondaryUser=null, logCode=5, primaryUser=logapitest, id=464, time=java.util.GregorianCalendar[time=1521660381001,areFieldsSet=true,areAllFieldsSet=true,lenient=true,zone=sun.util.calendar.ZoneInfo[id="Etc/UTC",offset=0,dstSavings=0,useDaylight=false,transitions=0,lastRule=null],firstDayOfWeek=1,minimalDaysInFirstWeek=1,ERA=1,YEAR=2018,MONTH=2,WEEK_OF_YEAR=12,WEEK_OF_MONTH=4,DAY_OF_MONTH=21,DAY_OF_YEAR=80,DAY_OF_WEEK=4,DAY_OF_WEEK_IN_MONTH=3,AM_PM=1,HOUR=7,HOUR_OF_DAY=19,MINUTE=26,SECOND=21,MILLISECOND=1,ZONE_OFFSET=0,DST_OFFSET=0], message=null}
19:26:21.004 [main] DEBUG org.hibernate.SQL - insert into LogEntries (logCode, message, primaryUser, secondaryUser, time, id) values (?, ?, ?, ?, ?, ?)
Hibernate: insert into LogEntries (logCode, message, primaryUser, secondaryUser, time, id) values (?, ?, ?, ?, ?, ?)
19:26:21.006 [main] DEBUG o.h.e.j.internal.JdbcCoordinatorImpl - HHH000420: Closing un-released batch
19:26:21.006 [main] DEBUG o.h.e.t.internal.TransactionImpl - begin
19:26:21.007 [main] DEBUG org.hibernate.SQL - select next_val as id_val from hibernate_sequence for update
Hibernate: select next_val as id_val from hibernate_sequence for update
19:26:21.007 [main] DEBUG org.hibernate.SQL - update hibernate_sequence set next_val= ? where next_val=?
Hibernate: update hibernate_sequence set next_val= ? where next_val=?
19:26:21.008 [main] DEBUG o.h.e.i.AbstractSaveEventListener - Generated identifier: 465, using strategy: org.hibernate.id.enhanced.SequenceStyleGenerator
19:26:21.008 [main] DEBUG o.h.e.t.internal.TransactionImpl - committing
19:26:21.008 [main] DEBUG o.h.e.i.AbstractFlushingEventListener - Processing flush-time cascades
19:26:21.008 [main] DEBUG o.h.e.i.AbstractFlushingEventListener - Dirty checking collections
19:26:21.009 [main] DEBUG o.h.e.i.AbstractFlushingEventListener - Flushed: 1 insertions, 0 updates, 0 deletions to 1 objects
19:26:21.009 [main] DEBUG o.h.e.i.AbstractFlushingEventListener - Flushed: 0 (re)creations, 0 updates, 0 removals to 0 collections
19:26:21.009 [main] DEBUG o.h.internal.util.EntityPrinter - Listing entities:
19:26:21.009 [main] DEBUG o.h.internal.util.EntityPrinter - edu.ncsu.csc.itrust2.models.persistent.LogEntry{secondaryUser=null, logCode=5, primaryUser=logapitest, id=465, time=java.util.GregorianCalendar[time=1521660381006,areFieldsSet=true,areAllFieldsSet=true,lenient=true,zone=sun.util.calendar.ZoneInfo[id="Etc/UTC",offset=0,dstSavings=0,useDaylight=false,transitions=0,lastRule=null],firstDayOfWeek=1,minimalDaysInFirstWeek=1,ERA=1,YEAR=2018,MONTH=2,WEEK_OF_YEAR=12,WEEK_OF_MONTH=4,DAY_OF_MONTH=21,DAY_OF_YEAR=80,DAY_OF_WEEK=4,DAY_OF_WEEK_IN_MONTH=3,AM_PM=1,HOUR=7,HOUR_OF_DAY=19,MINUTE=26,SECOND=21,MILLISECOND=6,ZONE_OFFSET=0,DST_OFFSET=0], message=null}
19:26:21.009 [main] DEBUG org.hibernate.SQL - insert into LogEntries (logCode, message, primaryUser, secondaryUser, time, id) values (?, ?, ?, ?, ?, ?)
Hibernate: insert into LogEntries (logCode, message, primaryUser, secondaryUser, time, id) values (?, ?, ?, ?, ?, ?)
19:26:21.010 [main] DEBUG o.h.e.j.internal.JdbcCoordinatorImpl - HHH000420: Closing un-released batch
19:26:21.011 [main] DEBUG o.h.e.t.internal.TransactionImpl - begin
19:26:21.011 [main] DEBUG org.hibernate.SQL - select next_val as id_val from hibernate_sequence for update
Hibernate: select next_val as id_val from hibernate_sequence for update
19:26:21.012 [main] DEBUG org.hibernate.SQL - update hibernate_sequence set next_val= ? where next_val=?
Hibernate: update hibernate_sequence set next_val= ? where next_val=?
19:26:21.013 [main] DEBUG o.h.e.i.AbstractSaveEventListener - Generated identifier: 466, using strategy: org.hibernate.id.enhanced.SequenceStyleGenerator
19:26:21.013 [main] DEBUG o.h.e.t.internal.TransactionImpl - committing
19:26:21.013 [main] DEBUG o.h.e.i.AbstractFlushingEventListener - Processing flush-time cascades
19:26:21.013 [main] DEBUG o.h.e.i.AbstractFlushingEventListener - Dirty checking collections
19:26:21.013 [main] DEBUG o.h.e.i.AbstractFlushingEventListener - Flushed: 1 insertions, 0 updates, 0 deletions to 1 objects
19:26:21.013 [main] DEBUG o.h.e.i.AbstractFlushingEventListener - Flushed: 0 (re)creations, 0 updates, 0 removals to 0 collections
19:26:21.013 [main] DEBUG o.h.internal.util.EntityPrinter - Listing entities:
19:26:21.014 [main] DEBUG o.h.internal.util.EntityPrinter - edu.ncsu.csc.itrust2.models.persistent.LogEntry{secondaryUser=null, logCode=5, primaryUser=logapitest, id=466, time=java.util.GregorianCalendar[time=1521660381011,areFieldsSet=true,areAllFieldsSet=true,lenient=true,zone=sun.util.calendar.ZoneInfo[id="Etc/UTC",offset=0,dstSavings=0,useDaylight=false,transitions=0,lastRule=null],firstDayOfWeek=1,minimalDaysInFirstWeek=1,ERA=1,YEAR=2018,MONTH=2,WEEK_OF_YEAR=12,WEEK_OF_MONTH=4,DAY_OF_MONTH=21,DAY_OF_YEAR=80,DAY_OF_WEEK=4,DAY_OF_WEEK_IN_MONTH=3,AM_PM=1,HOUR=7,HOUR_OF_DAY=19,MINUTE=26,SECOND=21,MILLISECOND=11,ZONE_OFFSET=0,DST_OFFSET=0], message=null}
19:26:21.014 [main] DEBUG org.hibernate.SQL - insert into LogEntries (logCode, message, primaryUser, secondaryUser, time, id) values (?, ?, ?, ?, ?, ?)
Hibernate: insert into LogEntries (logCode, message, primaryUser, secondaryUser, time, id) values (?, ?, ?, ?, ?, ?)
19:26:21.018 [main] DEBUG o.h.e.j.internal.JdbcCoordinatorImpl - HHH000420: Closing un-released batch
19:26:21.019 [main] DEBUG o.h.e.t.internal.TransactionImpl - begin
19:26:21.020 [main] DEBUG org.hibernate.SQL - select next_val as id_val from hibernate_sequence for update
Hibernate: select next_val as id_val from hibernate_sequence for update
19:26:21.020 [main] DEBUG org.hibernate.SQL - update hibernate_sequence set next_val= ? where next_val=?
Hibernate: update hibernate_sequence set next_val= ? where next_val=?
19:26:21.022 [main] DEBUG o.h.e.i.AbstractSaveEventListener - Generated identifier: 467, using strategy: org.hibernate.id.enhanced.SequenceStyleGenerator
19:26:21.022 [main] DEBUG o.h.e.t.internal.TransactionImpl - committing
19:26:21.022 [main] DEBUG o.h.e.i.AbstractFlushingEventListener - Processing flush-time cascades
19:26:21.022 [main] DEBUG o.h.e.i.AbstractFlushingEventListener - Dirty checking collections
19:26:21.022 [main] DEBUG o.h.e.i.AbstractFlushingEventListener - Flushed: 1 insertions, 0 updates, 0 deletions to 1 objects
19:26:21.022 [main] DEBUG o.h.e.i.AbstractFlushingEventListener - Flushed: 0 (re)creations, 0 updates, 0 removals to 0 collections
19:26:21.022 [main] DEBUG o.h.internal.util.EntityPrinter - Listing entities:
19:26:21.022 [main] DEBUG o.h.internal.util.EntityPrinter - edu.ncsu.csc.itrust2.models.persistent.LogEntry{secondaryUser=null, logCode=5, primaryUser=logapitest, id=467, time=java.util.GregorianCalendar[time=1521660381019,areFieldsSet=true,areAllFieldsSet=true,lenient=true,zone=sun.util.calendar.ZoneInfo[id="Etc/UTC",offset=0,dstSavings=0,useDaylight=false,transitions=0,lastRule=null],firstDayOfWeek=1,minimalDaysInFirstWeek=1,ERA=1,YEAR=2018,MONTH=2,WEEK_OF_YEAR=12,WEEK_OF_MONTH=4,DAY_OF_MONTH=21,DAY_OF_YEAR=80,DAY_OF_WEEK=4,DAY_OF_WEEK_IN_MONTH=3,AM_PM=1,HOUR=7,HOUR_OF_DAY=19,MINUTE=26,SECOND=21,MILLISECOND=19,ZONE_OFFSET=0,DST_OFFSET=0], message=null}
19:26:21.023 [main] DEBUG org.hibernate.SQL - insert into LogEntries (logCode, message, primaryUser, secondaryUser, time, id) values (?, ?, ?, ?, ?, ?)
Hibernate: insert into LogEntries (logCode, message, primaryUser, secondaryUser, time, id) values (?, ?, ?, ?, ?, ?)
19:26:21.025 [main] DEBUG o.h.e.j.internal.JdbcCoordinatorImpl - HHH000420: Closing un-released batch
19:26:21.025 [main] DEBUG o.h.e.t.internal.TransactionImpl - begin
19:26:21.026 [main] DEBUG org.hibernate.SQL - select next_val as id_val from hibernate_sequence for update
Hibernate: select next_val as id_val from hibernate_sequence for update
19:26:21.026 [main] DEBUG org.hibernate.SQL - update hibernate_sequence set next_val= ? where next_val=?
Hibernate: update hibernate_sequence set next_val= ? where next_val=?
19:26:21.028 [main] DEBUG o.h.e.i.AbstractSaveEventListener - Generated identifier: 468, using strategy: org.hibernate.id.enhanced.SequenceStyleGenerator
19:26:21.028 [main] DEBUG o.h.e.t.internal.TransactionImpl - committing
19:26:21.028 [main] DEBUG o.h.e.i.AbstractFlushingEventListener - Processing flush-time cascades
19:26:21.028 [main] DEBUG o.h.e.i.AbstractFlushingEventListener - Dirty checking collections
19:26:21.028 [main] DEBUG o.h.e.i.AbstractFlushingEventListener - Flushed: 1 insertions, 0 updates, 0 deletions to 1 objects
19:26:21.028 [main] DEBUG o.h.e.i.AbstractFlushingEventListener - Flushed: 0 (re)creations, 0 updates, 0 removals to 0 collections
19:26:21.028 [main] DEBUG o.h.internal.util.EntityPrinter - Listing entities:
19:26:21.028 [main] DEBUG o.h.internal.util.EntityPrinter - edu.ncsu.csc.itrust2.models.persistent.LogEntry{secondaryUser=null, logCode=5, primaryUser=logapitest, id=468, time=java.util.GregorianCalendar[time=1521660381025,areFieldsSet=true,areAllFieldsSet=true,lenient=true,zone=sun.util.calendar.ZoneInfo[id="Etc/UTC",offset=0,dstSavings=0,useDaylight=false,transitions=0,lastRule=null],firstDayOfWeek=1,minimalDaysInFirstWeek=1,ERA=1,YEAR=2018,MONTH=2,WEEK_OF_YEAR=12,WEEK_OF_MONTH=4,DAY_OF_MONTH=21,DAY_OF_YEAR=80,DAY_OF_WEEK=4,DAY_OF_WEEK_IN_MONTH=3,AM_PM=1,HOUR=7,HOUR_OF_DAY=19,MINUTE=26,SECOND=21,MILLISECOND=25,ZONE_OFFSET=0,DST_OFFSET=0], message=null}
19:26:21.029 [main] DEBUG org.hibernate.SQL - insert into LogEntries (logCode, message, primaryUser, secondaryUser, time, id) values (?, ?, ?, ?, ?, ?)
Hibernate: insert into LogEntries (logCode, message, primaryUser, secondaryUser, time, id) values (?, ?, ?, ?, ?, ?)
19:26:21.030 [main] DEBUG o.h.e.j.internal.JdbcCoordinatorImpl - HHH000420: Closing un-released batch
19:26:21.030 [main] DEBUG o.h.e.t.internal.TransactionImpl - begin
19:26:21.031 [main] DEBUG org.hibernate.SQL - select next_val as id_val from hibernate_sequence for update
Hibernate: select next_val as id_val from hibernate_sequence for update
19:26:21.032 [main] DEBUG org.hibernate.SQL - update hibernate_sequence set next_val= ? where next_val=?
Hibernate: update hibernate_sequence set next_val= ? where next_val=?
19:26:21.034 [main] DEBUG o.h.e.i.AbstractSaveEventListener - Generated identifier: 469, using strategy: org.hibernate.id.enhanced.SequenceStyleGenerator
19:26:21.034 [main] DEBUG o.h.e.t.internal.TransactionImpl - committing
19:26:21.034 [main] DEBUG o.h.e.i.AbstractFlushingEventListener - Processing flush-time cascades
19:26:21.034 [main] DEBUG o.h.e.i.AbstractFlushingEventListener - Dirty checking collections
19:26:21.035 [main] DEBUG o.h.e.i.AbstractFlushingEventListener - Flushed: 1 insertions, 0 updates, 0 deletions to 1 objects
19:26:21.035 [main] DEBUG o.h.e.i.AbstractFlushingEventListener - Flushed: 0 (re)creations, 0 updates, 0 removals to 0 collections
19:26:21.035 [main] DEBUG o.h.internal.util.EntityPrinter - Listing entities:
19:26:21.035 [main] DEBUG o.h.internal.util.EntityPrinter - edu.ncsu.csc.itrust2.models.persistent.LogEntry{secondaryUser=null, logCode=5, primaryUser=logapitest, id=469, time=java.util.GregorianCalendar[time=1521660381030,areFieldsSet=true,areAllFieldsSet=true,lenient=true,zone=sun.util.calendar.ZoneInfo[id="Etc/UTC",offset=0,dstSavings=0,useDaylight=false,transitions=0,lastRule=null],firstDayOfWeek=1,minimalDaysInFirstWeek=1,ERA=1,YEAR=2018,MONTH=2,WEEK_OF_YEAR=12,WEEK_OF_MONTH=4,DAY_OF_MONTH=21,DAY_OF_YEAR=80,DAY_OF_WEEK=4,DAY_OF_WEEK_IN_MONTH=3,AM_PM=1,HOUR=7,HOUR_OF_DAY=19,MINUTE=26,SECOND=21,MILLISECOND=30,ZONE_OFFSET=0,DST_OFFSET=0], message=null}
19:26:21.035 [main] DEBUG org.hibernate.SQL - insert into LogEntries (logCode, message, primaryUser, secondaryUser, time, id) values (?, ?, ?, ?, ?, ?)
Hibernate: insert into LogEntries (logCode, message, primaryUser, secondaryUser, time, id) values (?, ?, ?, ?, ?, ?)
19:26:21.036 [main] DEBUG o.h.e.j.internal.JdbcCoordinatorImpl - HHH000420: Closing un-released batch
19:26:21.037 [main] DEBUG o.h.e.t.internal.TransactionImpl - begin
19:26:21.037 [main] DEBUG org.hibernate.SQL - select next_val as id_val from hibernate_sequence for update
Hibernate: select next_val as id_val from hibernate_sequence for update
19:26:21.038 [main] DEBUG org.hibernate.SQL - update hibernate_sequence set next_val= ? where next_val=?
Hibernate: update hibernate_sequence set next_val= ? where next_val=?
19:26:21.039 [main] DEBUG o.h.e.i.AbstractSaveEventListener - Generated identifier: 470, using strategy: org.hibernate.id.enhanced.SequenceStyleGenerator
19:26:21.039 [main] DEBUG o.h.e.t.internal.TransactionImpl - committing
19:26:21.039 [main] DEBUG o.h.e.i.AbstractFlushingEventListener - Processing flush-time cascades
19:26:21.039 [main] DEBUG o.h.e.i.AbstractFlushingEventListener - Dirty checking collections
19:26:21.040 [main] DEBUG o.h.e.i.AbstractFlushingEventListener - Flushed: 1 insertions, 0 updates, 0 deletions to 1 objects
19:26:21.040 [main] DEBUG o.h.e.i.AbstractFlushingEventListener - Flushed: 0 (re)creations, 0 updates, 0 removals to 0 collections
19:26:21.040 [main] DEBUG o.h.internal.util.EntityPrinter - Listing entities:
19:26:21.040 [main] DEBUG o.h.internal.util.EntityPrinter - edu.ncsu.csc.itrust2.models.persistent.LogEntry{secondaryUser=null, logCode=5, primaryUser=logapitest, id=470, time=java.util.GregorianCalendar[time=1521660381037,areFieldsSet=true,areAllFieldsSet=true,lenient=true,zone=sun.util.calendar.ZoneInfo[id="Etc/UTC",offset=0,dstSavings=0,useDaylight=false,transitions=0,lastRule=null],firstDayOfWeek=1,minimalDaysInFirstWeek=1,ERA=1,YEAR=2018,MONTH=2,WEEK_OF_YEAR=12,WEEK_OF_MONTH=4,DAY_OF_MONTH=21,DAY_OF_YEAR=80,DAY_OF_WEEK=4,DAY_OF_WEEK_IN_MONTH=3,AM_PM=1,HOUR=7,HOUR_OF_DAY=19,MINUTE=26,SECOND=21,MILLISECOND=37,ZONE_OFFSET=0,DST_OFFSET=0], message=null}
19:26:21.040 [main] DEBUG org.hibernate.SQL - insert into LogEntries (logCode, message, primaryUser, secondaryUser, time, id) values (?, ?, ?, ?, ?, ?)
Hibernate: insert into LogEntries (logCode, message, primaryUser, secondaryUser, time, id) values (?, ?, ?, ?, ?, ?)
19:26:21.042 [main] DEBUG o.h.e.j.internal.JdbcCoordinatorImpl - HHH000420: Closing un-released batch
19:26:21.042 [main] DEBUG o.h.e.t.internal.TransactionImpl - begin
19:26:21.042 [main] DEBUG org.hibernate.SQL - select next_val as id_val from hibernate_sequence for update
Hibernate: select next_val as id_val from hibernate_sequence for update
19:26:21.043 [main] DEBUG org.hibernate.SQL - update hibernate_sequence set next_val= ? where next_val=?
Hibernate: update hibernate_sequence set next_val= ? where next_val=?
19:26:21.044 [main] DEBUG o.h.e.i.AbstractSaveEventListener - Generated identifier: 471, using strategy: org.hibernate.id.enhanced.SequenceStyleGenerator
19:26:21.044 [main] DEBUG o.h.e.t.internal.TransactionImpl - committing
19:26:21.044 [main] DEBUG o.h.e.i.AbstractFlushingEventListener - Processing flush-time cascades
19:26:21.044 [main] DEBUG o.h.e.i.AbstractFlushingEventListener - Dirty checking collections
19:26:21.044 [main] DEBUG o.h.e.i.AbstractFlushingEventListener - Flushed: 1 insertions, 0 updates, 0 deletions to 1 objects
19:26:21.044 [main] DEBUG o.h.e.i.AbstractFlushingEventListener - Flushed: 0 (re)creations, 0 updates, 0 removals to 0 collections
19:26:21.044 [main] DEBUG o.h.internal.util.EntityPrinter - Listing entities:
19:26:21.044 [main] DEBUG o.h.internal.util.EntityPrinter - edu.ncsu.csc.itrust2.models.persistent.LogEntry{secondaryUser=null, logCode=5, primaryUser=logapitest, id=471, time=java.util.GregorianCalendar[time=1521660381042,areFieldsSet=true,areAllFieldsSet=true,lenient=true,zone=sun.util.calendar.ZoneInfo[id="Etc/UTC",offset=0,dstSavings=0,useDaylight=false,transitions=0,lastRule=null],firstDayOfWeek=1,minimalDaysInFirstWeek=1,ERA=1,YEAR=2018,MONTH=2,WEEK_OF_YEAR=12,WEEK_OF_MONTH=4,DAY_OF_MONTH=21,DAY_OF_YEAR=80,DAY_OF_WEEK=4,DAY_OF_WEEK_IN_MONTH=3,AM_PM=1,HOUR=7,HOUR_OF_DAY=19,MINUTE=26,SECOND=21,MILLISECOND=42,ZONE_OFFSET=0,DST_OFFSET=0], message=null}
19:26:21.050 [main] DEBUG org.hibernate.SQL - insert into LogEntries (logCode, message, primaryUser, secondaryUser, time, id) values (?, ?, ?, ?, ?, ?)
Hibernate: insert into LogEntries (logCode, message, primaryUser, secondaryUser, time, id) values (?, ?, ?, ?, ?, ?)
19:26:21.052 [main] DEBUG o.h.e.j.internal.JdbcCoordinatorImpl - HHH000420: Closing un-released batch
19:26:21.052 [main] DEBUG o.h.e.t.internal.TransactionImpl - begin
19:26:21.052 [main] DEBUG org.hibernate.SQL - select next_val as id_val from hibernate_sequence for update
Hibernate: select next_val as id_val from hibernate_sequence for update
19:26:21.053 [main] DEBUG org.hibernate.SQL - update hibernate_sequence set next_val= ? where next_val=?
Hibernate: update hibernate_sequence set next_val= ? where next_val=?
19:26:21.054 [main] DEBUG o.h.e.i.AbstractSaveEventListener - Generated identifier: 472, using strategy: org.hibernate.id.enhanced.SequenceStyleGenerator
19:26:21.054 [main] DEBUG o.h.e.t.internal.TransactionImpl - committing
19:26:21.054 [main] DEBUG o.h.e.i.AbstractFlushingEventListener - Processing flush-time cascades
19:26:21.054 [main] DEBUG o.h.e.i.AbstractFlushingEventListener - Dirty checking collections
19:26:21.054 [main] DEBUG o.h.e.i.AbstractFlushingEventListener - Flushed: 1 insertions, 0 updates, 0 deletions to 1 objects
19:26:21.054 [main] DEBUG o.h.e.i.AbstractFlushingEventListener - Flushed: 0 (re)creations, 0 updates, 0 removals to 0 collections
19:26:21.055 [main] DEBUG o.h.internal.util.EntityPrinter - Listing entities:
19:26:21.055 [main] DEBUG o.h.internal.util.EntityPrinter - edu.ncsu.csc.itrust2.models.persistent.LogEntry{secondaryUser=null, logCode=5, primaryUser=logapitest, id=472, time=java.util.GregorianCalendar[time=1521660381052,areFieldsSet=true,areAllFieldsSet=true,lenient=true,zone=sun.util.calendar.ZoneInfo[id="Etc/UTC",offset=0,dstSavings=0,useDaylight=false,transitions=0,lastRule=null],firstDayOfWeek=1,minimalDaysInFirstWeek=1,ERA=1,YEAR=2018,MONTH=2,WEEK_OF_YEAR=12,WEEK_OF_MONTH=4,DAY_OF_MONTH=21,DAY_OF_YEAR=80,DAY_OF_WEEK=4,DAY_OF_WEEK_IN_MONTH=3,AM_PM=1,HOUR=7,HOUR_OF_DAY=19,MINUTE=26,SECOND=21,MILLISECOND=52,ZONE_OFFSET=0,DST_OFFSET=0], message=null}
19:26:21.055 [main] DEBUG org.hibernate.SQL - insert into LogEntries (logCode, message, primaryUser, secondaryUser, time, id) values (?, ?, ?, ?, ?, ?)
Hibernate: insert into LogEntries (logCode, message, primaryUser, secondaryUser, time, id) values (?, ?, ?, ?, ?, ?)
19:26:21.056 [main] DEBUG o.h.e.j.internal.JdbcCoordinatorImpl - HHH000420: Closing un-released batch
19:26:21.057 [main] DEBUG o.h.e.t.internal.TransactionImpl - begin
19:26:21.057 [main] DEBUG org.hibernate.SQL - select next_val as id_val from hibernate_sequence for update
Hibernate: select next_val as id_val from hibernate_sequence for update
19:26:21.057 [main] DEBUG org.hibernate.SQL - update hibernate_sequence set next_val= ? where next_val=?
Hibernate: update hibernate_sequence set next_val= ? where next_val=?
19:26:21.058 [main] DEBUG o.h.e.i.AbstractSaveEventListener - Generated identifier: 473, using strategy: org.hibernate.id.enhanced.SequenceStyleGenerator
19:26:21.059 [main] DEBUG o.h.e.t.internal.TransactionImpl - committing
19:26:21.059 [main] DEBUG o.h.e.i.AbstractFlushingEventListener - Processing flush-time cascades
19:26:21.059 [main] DEBUG o.h.e.i.AbstractFlushingEventListener - Dirty checking collections
19:26:21.059 [main] DEBUG o.h.e.i.AbstractFlushingEventListener - Flushed: 1 insertions, 0 updates, 0 deletions to 1 objects
19:26:21.059 [main] DEBUG o.h.e.i.AbstractFlushingEventListener - Flushed: 0 (re)creations, 0 updates, 0 removals to 0 collections
19:26:21.059 [main] DEBUG o.h.internal.util.EntityPrinter - Listing entities:
19:26:21.059 [main] DEBUG o.h.internal.util.EntityPrinter - edu.ncsu.csc.itrust2.models.persistent.LogEntry{secondaryUser=null, logCode=5, primaryUser=logapitest, id=473, time=java.util.GregorianCalendar[time=1521660381056,areFieldsSet=true,areAllFieldsSet=true,lenient=true,zone=sun.util.calendar.ZoneInfo[id="Etc/UTC",offset=0,dstSavings=0,useDaylight=false,transitions=0,lastRule=null],firstDayOfWeek=1,minimalDaysInFirstWeek=1,ERA=1,YEAR=2018,MONTH=2,WEEK_OF_YEAR=12,WEEK_OF_MONTH=4,DAY_OF_MONTH=21,DAY_OF_YEAR=80,DAY_OF_WEEK=4,DAY_OF_WEEK_IN_MONTH=3,AM_PM=1,HOUR=7,HOUR_OF_DAY=19,MINUTE=26,SECOND=21,MILLISECOND=56,ZONE_OFFSET=0,DST_OFFSET=0], message=null}
19:26:21.059 [main] DEBUG org.hibernate.SQL - insert into LogEntries (logCode, message, primaryUser, secondaryUser, time, id) values (?, ?, ?, ?, ?, ?)
Hibernate: insert into LogEntries (logCode, message, primaryUser, secondaryUser, time, id) values (?, ?, ?, ?, ?, ?)
19:26:21.061 [main] DEBUG o.h.e.j.internal.JdbcCoordinatorImpl - HHH000420: Closing un-released batch
19:26:21.061 [main] DEBUG o.h.e.t.internal.TransactionImpl - begin
19:26:21.062 [main] DEBUG org.hibernate.SQL - select next_val as id_val from hibernate_sequence for update
Hibernate: select next_val as id_val from hibernate_sequence for update
19:26:21.062 [main] DEBUG org.hibernate.SQL - update hibernate_sequence set next_val= ? where next_val=?
Hibernate: update hibernate_sequence set next_val= ? where next_val=?
19:26:21.063 [main] DEBUG o.h.e.i.AbstractSaveEventListener - Generated identifier: 474, using strategy: org.hibernate.id.enhanced.SequenceStyleGenerator
19:26:21.064 [main] DEBUG o.h.e.t.internal.TransactionImpl - committing
19:26:21.064 [main] DEBUG o.h.e.i.AbstractFlushingEventListener - Processing flush-time cascades
19:26:21.064 [main] DEBUG o.h.e.i.AbstractFlushingEventListener - Dirty checking collections
19:26:21.064 [main] DEBUG o.h.e.i.AbstractFlushingEventListener - Flushed: 1 insertions, 0 updates, 0 deletions to 1 objects
19:26:21.064 [main] DEBUG o.h.e.i.AbstractFlushingEventListener - Flushed: 0 (re)creations, 0 updates, 0 removals to 0 collections
19:26:21.064 [main] DEBUG o.h.internal.util.EntityPrinter - Listing entities:
19:26:21.064 [main] DEBUG o.h.internal.util.EntityPrinter - edu.ncsu.csc.itrust2.models.persistent.LogEntry{secondaryUser=null, logCode=5, primaryUser=logapitest, id=474, time=java.util.GregorianCalendar[time=1521660381061,areFieldsSet=true,areAllFieldsSet=true,lenient=true,zone=sun.util.calendar.ZoneInfo[id="Etc/UTC",offset=0,dstSavings=0,useDaylight=false,transitions=0,lastRule=null],firstDayOfWeek=1,minimalDaysInFirstWeek=1,ERA=1,YEAR=2018,MONTH=2,WEEK_OF_YEAR=12,WEEK_OF_MONTH=4,DAY_OF_MONTH=21,DAY_OF_YEAR=80,DAY_OF_WEEK=4,DAY_OF_WEEK_IN_MONTH=3,AM_PM=1,HOUR=7,HOUR_OF_DAY=19,MINUTE=26,SECOND=21,MILLISECOND=61,ZONE_OFFSET=0,DST_OFFSET=0], message=null}
19:26:21.066 [main] DEBUG org.hibernate.SQL - insert into LogEntries (logCode, message, primaryUser, secondaryUser, time, id) values (?, ?, ?, ?, ?, ?)
Hibernate: insert into LogEntries (logCode, message, primaryUser, secondaryUser, time, id) values (?, ?, ?, ?, ?, ?)
19:26:21.067 [main] DEBUG o.h.e.j.internal.JdbcCoordinatorImpl - HHH000420: Closing un-released batch
19:26:21.067 [main] DEBUG o.h.e.t.internal.TransactionImpl - begin
19:26:21.068 [main] DEBUG org.hibernate.SQL - select next_val as id_val from hibernate_sequence for update
Hibernate: select next_val as id_val from hibernate_sequence for update
19:26:21.068 [main] DEBUG org.hibernate.SQL - update hibernate_sequence set next_val= ? where next_val=?
Hibernate: update hibernate_sequence set next_val= ? where next_val=?
19:26:21.069 [main] DEBUG o.h.e.i.AbstractSaveEventListener - Generated identifier: 475, using strategy: org.hibernate.id.enhanced.SequenceStyleGenerator
19:26:21.070 [main] DEBUG o.h.e.t.internal.TransactionImpl - committing
19:26:21.070 [main] DEBUG o.h.e.i.AbstractFlushingEventListener - Processing flush-time cascades
19:26:21.070 [main] DEBUG o.h.e.i.AbstractFlushingEventListener - Dirty checking collections
19:26:21.071 [main] DEBUG o.h.e.i.AbstractFlushingEventListener - Flushed: 1 insertions, 0 updates, 0 deletions to 1 objects
19:26:21.071 [main] DEBUG o.h.e.i.AbstractFlushingEventListener - Flushed: 0 (re)creations, 0 updates, 0 removals to 0 collections
19:26:21.071 [main] DEBUG o.h.internal.util.EntityPrinter - Listing entities:
19:26:21.071 [main] DEBUG o.h.internal.util.EntityPrinter - edu.ncsu.csc.itrust2.models.persistent.LogEntry{secondaryUser=null, logCode=5, primaryUser=logapitest, id=475, time=java.util.GregorianCalendar[time=1521660381067,areFieldsSet=true,areAllFieldsSet=true,lenient=true,zone=sun.util.calendar.ZoneInfo[id="Etc/UTC",offset=0,dstSavings=0,useDaylight=false,transitions=0,lastRule=null],firstDayOfWeek=1,minimalDaysInFirstWeek=1,ERA=1,YEAR=2018,MONTH=2,WEEK_OF_YEAR=12,WEEK_OF_MONTH=4,DAY_OF_MONTH=21,DAY_OF_YEAR=80,DAY_OF_WEEK=4,DAY_OF_WEEK_IN_MONTH=3,AM_PM=1,HOUR=7,HOUR_OF_DAY=19,MINUTE=26,SECOND=21,MILLISECOND=67,ZONE_OFFSET=0,DST_OFFSET=0], message=null}
19:26:21.072 [main] DEBUG org.hibernate.SQL - insert into LogEntries (logCode, message, primaryUser, secondaryUser, time, id) values (?, ?, ?, ?, ?, ?)
Hibernate: insert into LogEntries (logCode, message, primaryUser, secondaryUser, time, id) values (?, ?, ?, ?, ?, ?)
19:26:21.073 [main] DEBUG o.h.e.j.internal.JdbcCoordinatorImpl - HHH000420: Closing un-released batch
19:26:21.073 [main] DEBUG o.h.e.t.internal.TransactionImpl - begin
19:26:21.074 [main] DEBUG org.hibernate.SQL - select next_val as id_val from hibernate_sequence for update
Hibernate: select next_val as id_val from hibernate_sequence for update
19:26:21.074 [main] DEBUG org.hibernate.SQL - update hibernate_sequence set next_val= ? where next_val=?
Hibernate: update hibernate_sequence set next_val= ? where next_val=?
19:26:21.075 [main] DEBUG o.h.e.i.AbstractSaveEventListener - Generated identifier: 476, using strategy: org.hibernate.id.enhanced.SequenceStyleGenerator
19:26:21.076 [main] DEBUG o.h.e.t.internal.TransactionImpl - committing
19:26:21.076 [main] DEBUG o.h.e.i.AbstractFlushingEventListener - Processing flush-time cascades
19:26:21.076 [main] DEBUG o.h.e.i.AbstractFlushingEventListener - Dirty checking collections
19:26:21.076 [main] DEBUG o.h.e.i.AbstractFlushingEventListener - Flushed: 1 insertions, 0 updates, 0 deletions to 1 objects
19:26:21.076 [main] DEBUG o.h.e.i.AbstractFlushingEventListener - Flushed: 0 (re)creations, 0 updates, 0 removals to 0 collections
19:26:21.076 [main] DEBUG o.h.internal.util.EntityPrinter - Listing entities:
19:26:21.076 [main] DEBUG o.h.internal.util.EntityPrinter - edu.ncsu.csc.itrust2.models.persistent.LogEntry{secondaryUser=null, logCode=5, primaryUser=logapitest, id=476, time=java.util.GregorianCalendar[time=1521660381073,areFieldsSet=true,areAllFieldsSet=true,lenient=true,zone=sun.util.calendar.ZoneInfo[id="Etc/UTC",offset=0,dstSavings=0,useDaylight=false,transitions=0,lastRule=null],firstDayOfWeek=1,minimalDaysInFirstWeek=1,ERA=1,YEAR=2018,MONTH=2,WEEK_OF_YEAR=12,WEEK_OF_MONTH=4,DAY_OF_MONTH=21,DAY_OF_YEAR=80,DAY_OF_WEEK=4,DAY_OF_WEEK_IN_MONTH=3,AM_PM=1,HOUR=7,HOUR_OF_DAY=19,MINUTE=26,SECOND=21,MILLISECOND=73,ZONE_OFFSET=0,DST_OFFSET=0], message=null}
19:26:21.077 [main] DEBUG org.hibernate.SQL - insert into LogEntries (logCode, message, primaryUser, secondaryUser, time, id) values (?, ?, ?, ?, ?, ?)
Hibernate: insert into LogEntries (logCode, message, primaryUser, secondaryUser, time, id) values (?, ?, ?, ?, ?, ?)
19:26:21.078 [main] DEBUG o.h.e.j.internal.JdbcCoordinatorImpl - HHH000420: Closing un-released batch
19:26:21.078 [main] DEBUG o.h.e.t.internal.TransactionImpl - begin
19:26:21.079 [main] DEBUG org.hibernate.SQL - select next_val as id_val from hibernate_sequence for update
Hibernate: select next_val as id_val from hibernate_sequence for update
19:26:21.079 [main] DEBUG org.hibernate.SQL - update hibernate_sequence set next_val= ? where next_val=?
Hibernate: update hibernate_sequence set next_val= ? where next_val=?
19:26:21.080 [main] DEBUG o.h.e.i.AbstractSaveEventListener - Generated identifier: 477, using strategy: org.hibernate.id.enhanced.SequenceStyleGenerator
19:26:21.081 [main] DEBUG o.h.e.t.internal.TransactionImpl - committing
19:26:21.081 [main] DEBUG o.h.e.i.AbstractFlushingEventListener - Processing flush-time cascades
19:26:21.081 [main] DEBUG o.h.e.i.AbstractFlushingEventListener - Dirty checking collections
19:26:21.081 [main] DEBUG o.h.e.i.AbstractFlushingEventListener - Flushed: 1 insertions, 0 updates, 0 deletions to 1 objects
19:26:21.081 [main] DEBUG o.h.e.i.AbstractFlushingEventListener - Flushed: 0 (re)creations, 0 updates, 0 removals to 0 collections
19:26:21.081 [main] DEBUG o.h.internal.util.EntityPrinter - Listing entities:
19:26:21.081 [main] DEBUG o.h.internal.util.EntityPrinter - edu.ncsu.csc.itrust2.models.persistent.LogEntry{secondaryUser=null, logCode=5, primaryUser=logapitest, id=477, time=java.util.GregorianCalendar[time=1521660381078,areFieldsSet=true,areAllFieldsSet=true,lenient=true,zone=sun.util.calendar.ZoneInfo[id="Etc/UTC",offset=0,dstSavings=0,useDaylight=false,transitions=0,lastRule=null],firstDayOfWeek=1,minimalDaysInFirstWeek=1,ERA=1,YEAR=2018,MONTH=2,WEEK_OF_YEAR=12,WEEK_OF_MONTH=4,DAY_OF_MONTH=21,DAY_OF_YEAR=80,DAY_OF_WEEK=4,DAY_OF_WEEK_IN_MONTH=3,AM_PM=1,HOUR=7,HOUR_OF_DAY=19,MINUTE=26,SECOND=21,MILLISECOND=78,ZONE_OFFSET=0,DST_OFFSET=0], message=null}
19:26:21.082 [main] DEBUG org.hibernate.SQL - insert into LogEntries (logCode, message, primaryUser, secondaryUser, time, id) values (?, ?, ?, ?, ?, ?)
Hibernate: insert into LogEntries (logCode, message, primaryUser, secondaryUser, time, id) values (?, ?, ?, ?, ?, ?)
19:26:21.083 [main] DEBUG o.h.e.j.internal.JdbcCoordinatorImpl - HHH000420: Closing un-released batch
19:26:21.084 [main] DEBUG o.h.e.t.internal.TransactionImpl - begin
19:26:21.085 [main] DEBUG org.hibernate.SQL - select next_val as id_val from hibernate_sequence for update
Hibernate: select next_val as id_val from hibernate_sequence for update
19:26:21.085 [main] DEBUG org.hibernate.SQL - update hibernate_sequence set next_val= ? where next_val=?
Hibernate: update hibernate_sequence set next_val= ? where next_val=?
19:26:21.087 [main] DEBUG o.h.e.i.AbstractSaveEventListener - Generated identifier: 478, using strategy: org.hibernate.id.enhanced.SequenceStyleGenerator
19:26:21.087 [main] DEBUG o.h.e.t.internal.TransactionImpl - committing
19:26:21.087 [main] DEBUG o.h.e.i.AbstractFlushingEventListener - Processing flush-time cascades
19:26:21.087 [main] DEBUG o.h.e.i.AbstractFlushingEventListener - Dirty checking collections
19:26:21.087 [main] DEBUG o.h.e.i.AbstractFlushingEventListener - Flushed: 1 insertions, 0 updates, 0 deletions to 1 objects
19:26:21.087 [main] DEBUG o.h.e.i.AbstractFlushingEventListener - Flushed: 0 (re)creations, 0 updates, 0 removals to 0 collections
19:26:21.087 [main] DEBUG o.h.internal.util.EntityPrinter - Listing entities:
19:26:21.087 [main] DEBUG o.h.internal.util.EntityPrinter - edu.ncsu.csc.itrust2.models.persistent.LogEntry{secondaryUser=null, logCode=5, primaryUser=logapitest, id=478, time=java.util.GregorianCalendar[time=1521660381084,areFieldsSet=true,areAllFieldsSet=true,lenient=true,zone=sun.util.calendar.ZoneInfo[id="Etc/UTC",offset=0,dstSavings=0,useDaylight=false,transitions=0,lastRule=null],firstDayOfWeek=1,minimalDaysInFirstWeek=1,ERA=1,YEAR=2018,MONTH=2,WEEK_OF_YEAR=12,WEEK_OF_MONTH=4,DAY_OF_MONTH=21,DAY_OF_YEAR=80,DAY_OF_WEEK=4,DAY_OF_WEEK_IN_MONTH=3,AM_PM=1,HOUR=7,HOUR_OF_DAY=19,MINUTE=26,SECOND=21,MILLISECOND=84,ZONE_OFFSET=0,DST_OFFSET=0], message=null}
19:26:21.088 [main] DEBUG org.hibernate.SQL - insert into LogEntries (logCode, message, primaryUser, secondaryUser, time, id) values (?, ?, ?, ?, ?, ?)
Hibernate: insert into LogEntries (logCode, message, primaryUser, secondaryUser, time, id) values (?, ?, ?, ?, ?, ?)
19:26:21.089 [main] DEBUG o.h.e.j.internal.JdbcCoordinatorImpl - HHH000420: Closing un-released batch
19:26:21.089 [main] DEBUG o.h.e.t.internal.TransactionImpl - begin
19:26:21.090 [main] DEBUG org.hibernate.SQL - select next_val as id_val from hibernate_sequence for update
Hibernate: select next_val as id_val from hibernate_sequence for update
19:26:21.090 [main] DEBUG org.hibernate.SQL - update hibernate_sequence set next_val= ? where next_val=?
Hibernate: update hibernate_sequence set next_val= ? where next_val=?
19:26:21.092 [main] DEBUG o.h.e.i.AbstractSaveEventListener - Generated identifier: 479, using strategy: org.hibernate.id.enhanced.SequenceStyleGenerator
19:26:21.092 [main] DEBUG o.h.e.t.internal.TransactionImpl - committing
19:26:21.092 [main] DEBUG o.h.e.i.AbstractFlushingEventListener - Processing flush-time cascades
19:26:21.092 [main] DEBUG o.h.e.i.AbstractFlushingEventListener - Dirty checking collections
19:26:21.093 [main] DEBUG o.h.e.i.AbstractFlushingEventListener - Flushed: 1 insertions, 0 updates, 0 deletions to 1 objects
19:26:21.093 [main] DEBUG o.h.e.i.AbstractFlushingEventListener - Flushed: 0 (re)creations, 0 updates, 0 removals to 0 collections
19:26:21.093 [main] DEBUG o.h.internal.util.EntityPrinter - Listing entities:
19:26:21.093 [main] DEBUG o.h.internal.util.EntityPrinter - edu.ncsu.csc.itrust2.models.persistent.LogEntry{secondaryUser=null, logCode=5, primaryUser=logapitest, id=479, time=java.util.GregorianCalendar[time=1521660381089,areFieldsSet=true,areAllFieldsSet=true,lenient=true,zone=sun.util.calendar.ZoneInfo[id="Etc/UTC",offset=0,dstSavings=0,useDaylight=false,transitions=0,lastRule=null],firstDayOfWeek=1,minimalDaysInFirstWeek=1,ERA=1,YEAR=2018,MONTH=2,WEEK_OF_YEAR=12,WEEK_OF_MONTH=4,DAY_OF_MONTH=21,DAY_OF_YEAR=80,DAY_OF_WEEK=4,DAY_OF_WEEK_IN_MONTH=3,AM_PM=1,HOUR=7,HOUR_OF_DAY=19,MINUTE=26,SECOND=21,MILLISECOND=89,ZONE_OFFSET=0,DST_OFFSET=0], message=null}
19:26:21.093 [main] DEBUG org.hibernate.SQL - insert into LogEntries (logCode, message, primaryUser, secondaryUser, time, id) values (?, ?, ?, ?, ?, ?)
Hibernate: insert into LogEntries (logCode, message, primaryUser, secondaryUser, time, id) values (?, ?, ?, ?, ?, ?)
19:26:21.094 [main] DEBUG o.h.e.j.internal.JdbcCoordinatorImpl - HHH000420: Closing un-released batch
19:26:21.095 [main] DEBUG o.h.e.t.internal.TransactionImpl - begin
19:26:21.096 [main] DEBUG org.hibernate.SQL - select next_val as id_val from hibernate_sequence for update
Hibernate: select next_val as id_val from hibernate_sequence for update
19:26:21.096 [main] DEBUG org.hibernate.SQL - update hibernate_sequence set next_val= ? where next_val=?
Hibernate: update hibernate_sequence set next_val= ? where next_val=?
19:26:21.098 [main] DEBUG o.h.e.i.AbstractSaveEventListener - Generated identifier: 480, using strategy: org.hibernate.id.enhanced.SequenceStyleGenerator
19:26:21.098 [main] DEBUG o.h.e.t.internal.TransactionImpl - committing
19:26:21.099 [main] DEBUG o.h.e.i.AbstractFlushingEventListener - Processing flush-time cascades
19:26:21.107 [main] DEBUG o.h.e.i.AbstractFlushingEventListener - Dirty checking collections
19:26:21.108 [main] DEBUG o.h.e.i.AbstractFlushingEventListener - Flushed: 1 insertions, 0 updates, 0 deletions to 1 objects
19:26:21.108 [main] DEBUG o.h.e.i.AbstractFlushingEventListener - Flushed: 0 (re)creations, 0 updates, 0 removals to 0 collections
19:26:21.108 [main] DEBUG o.h.internal.util.EntityPrinter - Listing entities:
19:26:21.108 [main] DEBUG o.h.internal.util.EntityPrinter - edu.ncsu.csc.itrust2.models.persistent.LogEntry{secondaryUser=null, logCode=5, primaryUser=logapitest, id=480, time=java.util.GregorianCalendar[time=1521660381095,areFieldsSet=true,areAllFieldsSet=true,lenient=true,zone=sun.util.calendar.ZoneInfo[id="Etc/UTC",offset=0,dstSavings=0,useDaylight=false,transitions=0,lastRule=null],firstDayOfWeek=1,minimalDaysInFirstWeek=1,ERA=1,YEAR=2018,MONTH=2,WEEK_OF_YEAR=12,WEEK_OF_MONTH=4,DAY_OF_MONTH=21,DAY_OF_YEAR=80,DAY_OF_WEEK=4,DAY_OF_WEEK_IN_MONTH=3,AM_PM=1,HOUR=7,HOUR_OF_DAY=19,MINUTE=26,SECOND=21,MILLISECOND=95,ZONE_OFFSET=0,DST_OFFSET=0], message=null}
19:26:21.109 [main] DEBUG org.hibernate.SQL - insert into LogEntries (logCode, message, primaryUser, secondaryUser, time, id) values (?, ?, ?, ?, ?, ?)
Hibernate: insert into LogEntries (logCode, message, primaryUser, secondaryUser, time, id) values (?, ?, ?, ?, ?, ?)
19:26:21.112 [main] DEBUG o.h.e.j.internal.JdbcCoordinatorImpl - HHH000420: Closing un-released batch
19:26:21.113 [main] DEBUG o.h.e.t.internal.TransactionImpl - begin
19:26:21.113 [main] DEBUG org.hibernate.SQL - select next_val as id_val from hibernate_sequence for update
Hibernate: select next_val as id_val from hibernate_sequence for update
19:26:21.113 [main] DEBUG org.hibernate.SQL - update hibernate_sequence set next_val= ? where next_val=?
Hibernate: update hibernate_sequence set next_val= ? where next_val=?
19:26:21.115 [main] DEBUG o.h.e.i.AbstractSaveEventListener - Generated identifier: 481, using strategy: org.hibernate.id.enhanced.SequenceStyleGenerator
19:26:21.115 [main] DEBUG o.h.e.t.internal.TransactionImpl - committing
19:26:21.115 [main] DEBUG o.h.e.i.AbstractFlushingEventListener - Processing flush-time cascades
19:26:21.115 [main] DEBUG o.h.e.i.AbstractFlushingEventListener - Dirty checking collections
19:26:21.115 [main] DEBUG o.h.e.i.AbstractFlushingEventListener - Flushed: 1 insertions, 0 updates, 0 deletions to 1 objects
19:26:21.115 [main] DEBUG o.h.e.i.AbstractFlushingEventListener - Flushed: 0 (re)creations, 0 updates, 0 removals to 0 collections
19:26:21.115 [main] DEBUG o.h.internal.util.EntityPrinter - Listing entities:
19:26:21.116 [main] DEBUG o.h.internal.util.EntityPrinter - edu.ncsu.csc.itrust2.models.persistent.LogEntry{secondaryUser=null, logCode=5, primaryUser=logapitest, id=481, time=java.util.GregorianCalendar[time=1521660381112,areFieldsSet=true,areAllFieldsSet=true,lenient=true,zone=sun.util.calendar.ZoneInfo[id="Etc/UTC",offset=0,dstSavings=0,useDaylight=false,transitions=0,lastRule=null],firstDayOfWeek=1,minimalDaysInFirstWeek=1,ERA=1,YEAR=2018,MONTH=2,WEEK_OF_YEAR=12,WEEK_OF_MONTH=4,DAY_OF_MONTH=21,DAY_OF_YEAR=80,DAY_OF_WEEK=4,DAY_OF_WEEK_IN_MONTH=3,AM_PM=1,HOUR=7,HOUR_OF_DAY=19,MINUTE=26,SECOND=21,MILLISECOND=112,ZONE_OFFSET=0,DST_OFFSET=0], message=null}
19:26:21.116 [main] DEBUG org.hibernate.SQL - insert into LogEntries (logCode, message, primaryUser, secondaryUser, time, id) values (?, ?, ?, ?, ?, ?)
Hibernate: insert into LogEntries (logCode, message, primaryUser, secondaryUser, time, id) values (?, ?, ?, ?, ?, ?)
19:26:21.117 [main] DEBUG o.h.e.j.internal.JdbcCoordinatorImpl - HHH000420: Closing un-released batch
19:26:21.118 [main] DEBUG o.h.e.t.internal.TransactionImpl - begin
19:26:21.118 [main] DEBUG org.hibernate.SQL - select next_val as id_val from hibernate_sequence for update
Hibernate: select next_val as id_val from hibernate_sequence for update
19:26:21.119 [main] DEBUG org.hibernate.SQL - update hibernate_sequence set next_val= ? where next_val=?
Hibernate: update hibernate_sequence set next_val= ? where next_val=?
19:26:21.120 [main] DEBUG o.h.e.i.AbstractSaveEventListener - Generated identifier: 482, using strategy: org.hibernate.id.enhanced.SequenceStyleGenerator
19:26:21.120 [main] DEBUG o.h.e.t.internal.TransactionImpl - committing
19:26:21.120 [main] DEBUG o.h.e.i.AbstractFlushingEventListener - Processing flush-time cascades
19:26:21.120 [main] DEBUG o.h.e.i.AbstractFlushingEventListener - Dirty checking collections
19:26:21.120 [main] DEBUG o.h.e.i.AbstractFlushingEventListener - Flushed: 1 insertions, 0 updates, 0 deletions to 1 objects
19:26:21.120 [main] DEBUG o.h.e.i.AbstractFlushingEventListener - Flushed: 0 (re)creations, 0 updates, 0 removals to 0 collections
19:26:21.120 [main] DEBUG o.h.internal.util.EntityPrinter - Listing entities:
19:26:21.121 [main] DEBUG o.h.internal.util.EntityPrinter - edu.ncsu.csc.itrust2.models.persistent.LogEntry{secondaryUser=null, logCode=5, primaryUser=logapitest, id=482, time=java.util.GregorianCalendar[time=1521660381118,areFieldsSet=true,areAllFieldsSet=true,lenient=true,zone=sun.util.calendar.ZoneInfo[id="Etc/UTC",offset=0,dstSavings=0,useDaylight=false,transitions=0,lastRule=null],firstDayOfWeek=1,minimalDaysInFirstWeek=1,ERA=1,YEAR=2018,MONTH=2,WEEK_OF_YEAR=12,WEEK_OF_MONTH=4,DAY_OF_MONTH=21,DAY_OF_YEAR=80,DAY_OF_WEEK=4,DAY_OF_WEEK_IN_MONTH=3,AM_PM=1,HOUR=7,HOUR_OF_DAY=19,MINUTE=26,SECOND=21,MILLISECOND=118,ZONE_OFFSET=0,DST_OFFSET=0], message=null}
19:26:21.121 [main] DEBUG org.hibernate.SQL - insert into LogEntries (logCode, message, primaryUser, secondaryUser, time, id) values (?, ?, ?, ?, ?, ?)
Hibernate: insert into LogEntries (logCode, message, primaryUser, secondaryUser, time, id) values (?, ?, ?, ?, ?, ?)
19:26:21.123 [main] DEBUG o.h.e.j.internal.JdbcCoordinatorImpl - HHH000420: Closing un-released batch
19:26:21.123 [main] DEBUG o.h.e.t.internal.TransactionImpl - begin
19:26:21.124 [main] DEBUG org.hibernate.SQL - select next_val as id_val from hibernate_sequence for update
Hibernate: select next_val as id_val from hibernate_sequence for update
19:26:21.124 [main] DEBUG org.hibernate.SQL - update hibernate_sequence set next_val= ? where next_val=?
Hibernate: update hibernate_sequence set next_val= ? where next_val=?
19:26:21.125 [main] DEBUG o.h.e.i.AbstractSaveEventListener - Generated identifier: 483, using strategy: org.hibernate.id.enhanced.SequenceStyleGenerator
19:26:21.125 [main] DEBUG o.h.e.t.internal.TransactionImpl - committing
19:26:21.125 [main] DEBUG o.h.e.i.AbstractFlushingEventListener - Processing flush-time cascades
19:26:21.125 [main] DEBUG o.h.e.i.AbstractFlushingEventListener - Dirty checking collections
19:26:21.126 [main] DEBUG o.h.e.i.AbstractFlushingEventListener - Flushed: 1 insertions, 0 updates, 0 deletions to 1 objects
19:26:21.126 [main] DEBUG o.h.e.i.AbstractFlushingEventListener - Flushed: 0 (re)creations, 0 updates, 0 removals to 0 collections
19:26:21.126 [main] DEBUG o.h.internal.util.EntityPrinter - Listing entities:
19:26:21.126 [main] DEBUG o.h.internal.util.EntityPrinter - edu.ncsu.csc.itrust2.models.persistent.LogEntry{secondaryUser=null, logCode=5, primaryUser=logapitest, id=483, time=java.util.GregorianCalendar[time=1521660381123,areFieldsSet=true,areAllFieldsSet=true,lenient=true,zone=sun.util.calendar.ZoneInfo[id="Etc/UTC",offset=0,dstSavings=0,useDaylight=false,transitions=0,lastRule=null],firstDayOfWeek=1,minimalDaysInFirstWeek=1,ERA=1,YEAR=2018,MONTH=2,WEEK_OF_YEAR=12,WEEK_OF_MONTH=4,DAY_OF_MONTH=21,DAY_OF_YEAR=80,DAY_OF_WEEK=4,DAY_OF_WEEK_IN_MONTH=3,AM_PM=1,HOUR=7,HOUR_OF_DAY=19,MINUTE=26,SECOND=21,MILLISECOND=123,ZONE_OFFSET=0,DST_OFFSET=0], message=null}
19:26:21.126 [main] DEBUG org.hibernate.SQL - insert into LogEntries (logCode, message, primaryUser, secondaryUser, time, id) values (?, ?, ?, ?, ?, ?)
Hibernate: insert into LogEntries (logCode, message, primaryUser, secondaryUser, time, id) values (?, ?, ?, ?, ?, ?)
19:26:21.128 [main] DEBUG o.h.e.j.internal.JdbcCoordinatorImpl - HHH000420: Closing un-released batch
19:26:21.128 [main] DEBUG o.h.e.t.internal.TransactionImpl - begin
19:26:21.129 [main] DEBUG org.hibernate.SQL - select next_val as id_val from hibernate_sequence for update
Hibernate: select next_val as id_val from hibernate_sequence for update
19:26:21.129 [main] DEBUG org.hibernate.SQL - update hibernate_sequence set next_val= ? where next_val=?
Hibernate: update hibernate_sequence set next_val= ? where next_val=?
19:26:21.130 [main] DEBUG o.h.e.i.AbstractSaveEventListener - Generated identifier: 484, using strategy: org.hibernate.id.enhanced.SequenceStyleGenerator
19:26:21.130 [main] DEBUG o.h.e.t.internal.TransactionImpl - committing
19:26:21.130 [main] DEBUG o.h.e.i.AbstractFlushingEventListener - Processing flush-time cascades
19:26:21.130 [main] DEBUG o.h.e.i.AbstractFlushingEventListener - Dirty checking collections
19:26:21.130 [main] DEBUG o.h.e.i.AbstractFlushingEventListener - Flushed: 1 insertions, 0 updates, 0 deletions to 1 objects
19:26:21.130 [main] DEBUG o.h.e.i.AbstractFlushingEventListener - Flushed: 0 (re)creations, 0 updates, 0 removals to 0 collections
19:26:21.130 [main] DEBUG o.h.internal.util.EntityPrinter - Listing entities:
19:26:21.130 [main] DEBUG o.h.internal.util.EntityPrinter - edu.ncsu.csc.itrust2.models.persistent.LogEntry{secondaryUser=null, logCode=5, primaryUser=logapitest, id=484, time=java.util.GregorianCalendar[time=1521660381128,areFieldsSet=true,areAllFieldsSet=true,lenient=true,zone=sun.util.calendar.ZoneInfo[id="Etc/UTC",offset=0,dstSavings=0,useDaylight=false,transitions=0,lastRule=null],firstDayOfWeek=1,minimalDaysInFirstWeek=1,ERA=1,YEAR=2018,MONTH=2,WEEK_OF_YEAR=12,WEEK_OF_MONTH=4,DAY_OF_MONTH=21,DAY_OF_YEAR=80,DAY_OF_WEEK=4,DAY_OF_WEEK_IN_MONTH=3,AM_PM=1,HOUR=7,HOUR_OF_DAY=19,MINUTE=26,SECOND=21,MILLISECOND=128,ZONE_OFFSET=0,DST_OFFSET=0], message=null}
19:26:21.131 [main] DEBUG org.hibernate.SQL - insert into LogEntries (logCode, message, primaryUser, secondaryUser, time, id) values (?, ?, ?, ?, ?, ?)
Hibernate: insert into LogEntries (logCode, message, primaryUser, secondaryUser, time, id) values (?, ?, ?, ?, ?, ?)
19:26:21.133 [main] DEBUG o.h.e.j.internal.JdbcCoordinatorImpl - HHH000420: Closing un-released batch
19:26:21.133 [main] DEBUG o.h.e.t.internal.TransactionImpl - begin
19:26:21.134 [main] DEBUG org.hibernate.SQL - select next_val as id_val from hibernate_sequence for update
Hibernate: select next_val as id_val from hibernate_sequence for update
19:26:21.134 [main] DEBUG org.hibernate.SQL - update hibernate_sequence set next_val= ? where next_val=?
Hibernate: update hibernate_sequence set next_val= ? where next_val=?
19:26:21.135 [main] DEBUG o.h.e.i.AbstractSaveEventListener - Generated identifier: 485, using strategy: org.hibernate.id.enhanced.SequenceStyleGenerator
19:26:21.135 [main] DEBUG o.h.e.t.internal.TransactionImpl - committing
19:26:21.135 [main] DEBUG o.h.e.i.AbstractFlushingEventListener - Processing flush-time cascades
19:26:21.135 [main] DEBUG o.h.e.i.AbstractFlushingEventListener - Dirty checking collections
19:26:21.135 [main] DEBUG o.h.e.i.AbstractFlushingEventListener - Flushed: 1 insertions, 0 updates, 0 deletions to 1 objects
19:26:21.135 [main] DEBUG o.h.e.i.AbstractFlushingEventListener - Flushed: 0 (re)creations, 0 updates, 0 removals to 0 collections
19:26:21.135 [main] DEBUG o.h.internal.util.EntityPrinter - Listing entities:
19:26:21.136 [main] DEBUG o.h.internal.util.EntityPrinter - edu.ncsu.csc.itrust2.models.persistent.LogEntry{secondaryUser=null, logCode=5, primaryUser=logapitest, id=485, time=java.util.GregorianCalendar[time=1521660381133,areFieldsSet=true,areAllFieldsSet=true,lenient=true,zone=sun.util.calendar.ZoneInfo[id="Etc/UTC",offset=0,dstSavings=0,useDaylight=false,transitions=0,lastRule=null],firstDayOfWeek=1,minimalDaysInFirstWeek=1,ERA=1,YEAR=2018,MONTH=2,WEEK_OF_YEAR=12,WEEK_OF_MONTH=4,DAY_OF_MONTH=21,DAY_OF_YEAR=80,DAY_OF_WEEK=4,DAY_OF_WEEK_IN_MONTH=3,AM_PM=1,HOUR=7,HOUR_OF_DAY=19,MINUTE=26,SECOND=21,MILLISECOND=133,ZONE_OFFSET=0,DST_OFFSET=0], message=null}
19:26:21.136 [main] DEBUG org.hibernate.SQL - insert into LogEntries (logCode, message, primaryUser, secondaryUser, time, id) values (?, ?, ?, ?, ?, ?)
Hibernate: insert into LogEntries (logCode, message, primaryUser, secondaryUser, time, id) values (?, ?, ?, ?, ?, ?)
19:26:21.138 [main] DEBUG o.h.e.j.internal.JdbcCoordinatorImpl - HHH000420: Closing un-released batch
19:26:21.138 [main] DEBUG o.h.e.t.internal.TransactionImpl - begin
19:26:21.139 [main] DEBUG org.hibernate.SQL - select next_val as id_val from hibernate_sequence for update
Hibernate: select next_val as id_val from hibernate_sequence for update
19:26:21.139 [main] DEBUG org.hibernate.SQL - update hibernate_sequence set next_val= ? where next_val=?
Hibernate: update hibernate_sequence set next_val= ? where next_val=?
19:26:21.141 [main] DEBUG o.h.e.i.AbstractSaveEventListener - Generated identifier: 486, using strategy: org.hibernate.id.enhanced.SequenceStyleGenerator
19:26:21.141 [main] DEBUG o.h.e.t.internal.TransactionImpl - committing
19:26:21.141 [main] DEBUG o.h.e.i.AbstractFlushingEventListener - Processing flush-time cascades
19:26:21.142 [main] DEBUG o.h.e.i.AbstractFlushingEventListener - Dirty checking collections
19:26:21.142 [main] DEBUG o.h.e.i.AbstractFlushingEventListener - Flushed: 1 insertions, 0 updates, 0 deletions to 1 objects
19:26:21.142 [main] DEBUG o.h.e.i.AbstractFlushingEventListener - Flushed: 0 (re)creations, 0 updates, 0 removals to 0 collections
19:26:21.142 [main] DEBUG o.h.internal.util.EntityPrinter - Listing entities:
19:26:21.142 [main] DEBUG o.h.internal.util.EntityPrinter - edu.ncsu.csc.itrust2.models.persistent.LogEntry{secondaryUser=null, logCode=5, primaryUser=logapitest, id=486, time=java.util.GregorianCalendar[time=1521660381138,areFieldsSet=true,areAllFieldsSet=true,lenient=true,zone=sun.util.calendar.ZoneInfo[id="Etc/UTC",offset=0,dstSavings=0,useDaylight=false,transitions=0,lastRule=null],firstDayOfWeek=1,minimalDaysInFirstWeek=1,ERA=1,YEAR=2018,MONTH=2,WEEK_OF_YEAR=12,WEEK_OF_MONTH=4,DAY_OF_MONTH=21,DAY_OF_YEAR=80,DAY_OF_WEEK=4,DAY_OF_WEEK_IN_MONTH=3,AM_PM=1,HOUR=7,HOUR_OF_DAY=19,MINUTE=26,SECOND=21,MILLISECOND=138,ZONE_OFFSET=0,DST_OFFSET=0], message=null}
19:26:21.142 [main] DEBUG org.hibernate.SQL - insert into LogEntries (logCode, message, primaryUser, secondaryUser, time, id) values (?, ?, ?, ?, ?, ?)
Hibernate: insert into LogEntries (logCode, message, primaryUser, secondaryUser, time, id) values (?, ?, ?, ?, ?, ?)
19:26:21.144 [main] DEBUG o.h.e.j.internal.JdbcCoordinatorImpl - HHH000420: Closing un-released batch
19:26:21.144 [main] DEBUG o.h.e.t.internal.TransactionImpl - begin
19:26:21.145 [main] DEBUG org.hibernate.SQL - select next_val as id_val from hibernate_sequence for update
Hibernate: select next_val as id_val from hibernate_sequence for update
19:26:21.146 [main] DEBUG org.hibernate.SQL - update hibernate_sequence set next_val= ? where next_val=?
Hibernate: update hibernate_sequence set next_val= ? where next_val=?
19:26:21.147 [main] DEBUG o.h.e.i.AbstractSaveEventListener - Generated identifier: 487, using strategy: org.hibernate.id.enhanced.SequenceStyleGenerator
19:26:21.147 [main] DEBUG o.h.e.t.internal.TransactionImpl - committing
19:26:21.147 [main] DEBUG o.h.e.i.AbstractFlushingEventListener - Processing flush-time cascades
19:26:21.147 [main] DEBUG o.h.e.i.AbstractFlushingEventListener - Dirty checking collections
19:26:21.148 [main] DEBUG o.h.e.i.AbstractFlushingEventListener - Flushed: 1 insertions, 0 updates, 0 deletions to 1 objects
19:26:21.148 [main] DEBUG o.h.e.i.AbstractFlushingEventListener - Flushed: 0 (re)creations, 0 updates, 0 removals to 0 collections
19:26:21.148 [main] DEBUG o.h.internal.util.EntityPrinter - Listing entities:
19:26:21.148 [main] DEBUG o.h.internal.util.EntityPrinter - edu.ncsu.csc.itrust2.models.persistent.LogEntry{secondaryUser=null, logCode=5, primaryUser=logapitest, id=487, time=java.util.GregorianCalendar[time=1521660381144,areFieldsSet=true,areAllFieldsSet=true,lenient=true,zone=sun.util.calendar.ZoneInfo[id="Etc/UTC",offset=0,dstSavings=0,useDaylight=false,transitions=0,lastRule=null],firstDayOfWeek=1,minimalDaysInFirstWeek=1,ERA=1,YEAR=2018,MONTH=2,WEEK_OF_YEAR=12,WEEK_OF_MONTH=4,DAY_OF_MONTH=21,DAY_OF_YEAR=80,DAY_OF_WEEK=4,DAY_OF_WEEK_IN_MONTH=3,AM_PM=1,HOUR=7,HOUR_OF_DAY=19,MINUTE=26,SECOND=21,MILLISECOND=144,ZONE_OFFSET=0,DST_OFFSET=0], message=null}
19:26:21.149 [main] DEBUG org.hibernate.SQL - insert into LogEntries (logCode, message, primaryUser, secondaryUser, time, id) values (?, ?, ?, ?, ?, ?)
Hibernate: insert into LogEntries (logCode, message, primaryUser, secondaryUser, time, id) values (?, ?, ?, ?, ?, ?)
19:26:21.150 [main] DEBUG o.h.e.j.internal.JdbcCoordinatorImpl - HHH000420: Closing un-released batch
19:26:21.151 [main] DEBUG o.h.e.t.internal.TransactionImpl - begin
19:26:21.151 [main] DEBUG org.hibernate.SQL - select next_val as id_val from hibernate_sequence for update
Hibernate: select next_val as id_val from hibernate_sequence for update
19:26:21.152 [main] DEBUG org.hibernate.SQL - update hibernate_sequence set next_val= ? where next_val=?
Hibernate: update hibernate_sequence set next_val= ? where next_val=?
19:26:21.153 [main] DEBUG o.h.e.i.AbstractSaveEventListener - Generated identifier: 488, using strategy: org.hibernate.id.enhanced.SequenceStyleGenerator
19:26:21.153 [main] DEBUG o.h.e.t.internal.TransactionImpl - committing
19:26:21.153 [main] DEBUG o.h.e.i.AbstractFlushingEventListener - Processing flush-time cascades
19:26:21.153 [main] DEBUG o.h.e.i.AbstractFlushingEventListener - Dirty checking collections
19:26:21.153 [main] DEBUG o.h.e.i.AbstractFlushingEventListener - Flushed: 1 insertions, 0 updates, 0 deletions to 1 objects
19:26:21.153 [main] DEBUG o.h.e.i.AbstractFlushingEventListener - Flushed: 0 (re)creations, 0 updates, 0 removals to 0 collections
19:26:21.153 [main] DEBUG o.h.internal.util.EntityPrinter - Listing entities:
19:26:21.153 [main] DEBUG o.h.internal.util.EntityPrinter - edu.ncsu.csc.itrust2.models.persistent.LogEntry{secondaryUser=null, logCode=5, primaryUser=logapitest, id=488, time=java.util.GregorianCalendar[time=1521660381151,areFieldsSet=true,areAllFieldsSet=true,lenient=true,zone=sun.util.calendar.ZoneInfo[id="Etc/UTC",offset=0,dstSavings=0,useDaylight=false,transitions=0,lastRule=null],firstDayOfWeek=1,minimalDaysInFirstWeek=1,ERA=1,YEAR=2018,MONTH=2,WEEK_OF_YEAR=12,WEEK_OF_MONTH=4,DAY_OF_MONTH=21,DAY_OF_YEAR=80,DAY_OF_WEEK=4,DAY_OF_WEEK_IN_MONTH=3,AM_PM=1,HOUR=7,HOUR_OF_DAY=19,MINUTE=26,SECOND=21,MILLISECOND=151,ZONE_OFFSET=0,DST_OFFSET=0], message=null}
19:26:21.154 [main] DEBUG org.hibernate.SQL - insert into LogEntries (logCode, message, primaryUser, secondaryUser, time, id) values (?, ?, ?, ?, ?, ?)
Hibernate: insert into LogEntries (logCode, message, primaryUser, secondaryUser, time, id) values (?, ?, ?, ?, ?, ?)
19:26:21.156 [main] DEBUG o.h.e.j.internal.JdbcCoordinatorImpl - HHH000420: Closing un-released batch
19:26:21.156 [main] DEBUG o.h.e.t.internal.TransactionImpl - begin
19:26:21.156 [main] DEBUG org.hibernate.SQL - select next_val as id_val from hibernate_sequence for update
Hibernate: select next_val as id_val from hibernate_sequence for update
19:26:21.157 [main] DEBUG org.hibernate.SQL - update hibernate_sequence set next_val= ? where next_val=?
Hibernate: update hibernate_sequence set next_val= ? where next_val=?
19:26:21.158 [main] DEBUG o.h.e.i.AbstractSaveEventListener - Generated identifier: 489, using strategy: org.hibernate.id.enhanced.SequenceStyleGenerator
19:26:21.158 [main] DEBUG o.h.e.t.internal.TransactionImpl - committing
19:26:21.158 [main] DEBUG o.h.e.i.AbstractFlushingEventListener - Processing flush-time cascades
19:26:21.158 [main] DEBUG o.h.e.i.AbstractFlushingEventListener - Dirty checking collections
19:26:21.158 [main] DEBUG o.h.e.i.AbstractFlushingEventListener - Flushed: 1 insertions, 0 updates, 0 deletions to 1 objects
19:26:21.158 [main] DEBUG o.h.e.i.AbstractFlushingEventListener - Flushed: 0 (re)creations, 0 updates, 0 removals to 0 collections
19:26:21.158 [main] DEBUG o.h.internal.util.EntityPrinter - Listing entities:
19:26:21.158 [main] DEBUG o.h.internal.util.EntityPrinter - edu.ncsu.csc.itrust2.models.persistent.LogEntry{secondaryUser=null, logCode=5, primaryUser=logapitest, id=489, time=java.util.GregorianCalendar[time=1521660381156,areFieldsSet=true,areAllFieldsSet=true,lenient=true,zone=sun.util.calendar.ZoneInfo[id="Etc/UTC",offset=0,dstSavings=0,useDaylight=false,transitions=0,lastRule=null],firstDayOfWeek=1,minimalDaysInFirstWeek=1,ERA=1,YEAR=2018,MONTH=2,WEEK_OF_YEAR=12,WEEK_OF_MONTH=4,DAY_OF_MONTH=21,DAY_OF_YEAR=80,DAY_OF_WEEK=4,DAY_OF_WEEK_IN_MONTH=3,AM_PM=1,HOUR=7,HOUR_OF_DAY=19,MINUTE=26,SECOND=21,MILLISECOND=156,ZONE_OFFSET=0,DST_OFFSET=0], message=null}
19:26:21.159 [main] DEBUG org.hibernate.SQL - insert into LogEntries (logCode, message, primaryUser, secondaryUser, time, id) values (?, ?, ?, ?, ?, ?)
Hibernate: insert into LogEntries (logCode, message, primaryUser, secondaryUser, time, id) values (?, ?, ?, ?, ?, ?)
19:26:21.160 [main] DEBUG o.h.e.j.internal.JdbcCoordinatorImpl - HHH000420: Closing un-released batch
19:26:21.161 [main] DEBUG o.h.e.t.internal.TransactionImpl - begin
19:26:21.161 [main] DEBUG org.hibernate.SQL - select next_val as id_val from hibernate_sequence for update
Hibernate: select next_val as id_val from hibernate_sequence for update
19:26:21.161 [main] DEBUG org.hibernate.SQL - update hibernate_sequence set next_val= ? where next_val=?
Hibernate: update hibernate_sequence set next_val= ? where next_val=?
19:26:21.163 [main] DEBUG o.h.e.i.AbstractSaveEventListener - Generated identifier: 490, using strategy: org.hibernate.id.enhanced.SequenceStyleGenerator
19:26:21.163 [main] DEBUG o.h.e.t.internal.TransactionImpl - committing
19:26:21.163 [main] DEBUG o.h.e.i.AbstractFlushingEventListener - Processing flush-time cascades
19:26:21.163 [main] DEBUG o.h.e.i.AbstractFlushingEventListener - Dirty checking collections
19:26:21.163 [main] DEBUG o.h.e.i.AbstractFlushingEventListener - Flushed: 1 insertions, 0 updates, 0 deletions to 1 objects
19:26:21.163 [main] DEBUG o.h.e.i.AbstractFlushingEventListener - Flushed: 0 (re)creations, 0 updates, 0 removals to 0 collections
19:26:21.163 [main] DEBUG o.h.internal.util.EntityPrinter - Listing entities:
19:26:21.163 [main] DEBUG o.h.internal.util.EntityPrinter - edu.ncsu.csc.itrust2.models.persistent.LogEntry{secondaryUser=null, logCode=5, primaryUser=logapitest, id=490, time=java.util.GregorianCalendar[time=1521660381160,areFieldsSet=true,areAllFieldsSet=true,lenient=true,zone=sun.util.calendar.ZoneInfo[id="Etc/UTC",offset=0,dstSavings=0,useDaylight=false,transitions=0,lastRule=null],firstDayOfWeek=1,minimalDaysInFirstWeek=1,ERA=1,YEAR=2018,MONTH=2,WEEK_OF_YEAR=12,WEEK_OF_MONTH=4,DAY_OF_MONTH=21,DAY_OF_YEAR=80,DAY_OF_WEEK=4,DAY_OF_WEEK_IN_MONTH=3,AM_PM=1,HOUR=7,HOUR_OF_DAY=19,MINUTE=26,SECOND=21,MILLISECOND=160,ZONE_OFFSET=0,DST_OFFSET=0], message=null}
19:26:21.164 [main] DEBUG org.hibernate.SQL - insert into LogEntries (logCode, message, primaryUser, secondaryUser, time, id) values (?, ?, ?, ?, ?, ?)
Hibernate: insert into LogEntries (logCode, message, primaryUser, secondaryUser, time, id) values (?, ?, ?, ?, ?, ?)
19:26:21.165 [main] DEBUG o.h.e.j.internal.JdbcCoordinatorImpl - HHH000420: Closing un-released batch
19:26:21.165 [main] DEBUG o.h.e.t.internal.TransactionImpl - begin
19:26:21.166 [main] DEBUG org.hibernate.SQL - select next_val as id_val from hibernate_sequence for update
Hibernate: select next_val as id_val from hibernate_sequence for update
19:26:21.166 [main] DEBUG org.hibernate.SQL - update hibernate_sequence set next_val= ? where next_val=?
Hibernate: update hibernate_sequence set next_val= ? where next_val=?
19:26:21.167 [main] DEBUG o.h.e.i.AbstractSaveEventListener - Generated identifier: 491, using strategy: org.hibernate.id.enhanced.SequenceStyleGenerator
19:26:21.167 [main] DEBUG o.h.e.t.internal.TransactionImpl - committing
19:26:21.167 [main] DEBUG o.h.e.i.AbstractFlushingEventListener - Processing flush-time cascades
19:26:21.167 [main] DEBUG o.h.e.i.AbstractFlushingEventListener - Dirty checking collections
19:26:21.167 [main] DEBUG o.h.e.i.AbstractFlushingEventListener - Flushed: 1 insertions, 0 updates, 0 deletions to 1 objects
19:26:21.167 [main] DEBUG o.h.e.i.AbstractFlushingEventListener - Flushed: 0 (re)creations, 0 updates, 0 removals to 0 collections
19:26:21.168 [main] DEBUG o.h.internal.util.EntityPrinter - Listing entities:
19:26:21.168 [main] DEBUG o.h.internal.util.EntityPrinter - edu.ncsu.csc.itrust2.models.persistent.LogEntry{secondaryUser=null, logCode=5, primaryUser=logapitest, id=491, time=java.util.GregorianCalendar[time=1521660381165,areFieldsSet=true,areAllFieldsSet=true,lenient=true,zone=sun.util.calendar.ZoneInfo[id="Etc/UTC",offset=0,dstSavings=0,useDaylight=false,transitions=0,lastRule=null],firstDayOfWeek=1,minimalDaysInFirstWeek=1,ERA=1,YEAR=2018,MONTH=2,WEEK_OF_YEAR=12,WEEK_OF_MONTH=4,DAY_OF_MONTH=21,DAY_OF_YEAR=80,DAY_OF_WEEK=4,DAY_OF_WEEK_IN_MONTH=3,AM_PM=1,HOUR=7,HOUR_OF_DAY=19,MINUTE=26,SECOND=21,MILLISECOND=165,ZONE_OFFSET=0,DST_OFFSET=0], message=null}
19:26:21.168 [main] DEBUG org.hibernate.SQL - insert into LogEntries (logCode, message, primaryUser, secondaryUser, time, id) values (?, ?, ?, ?, ?, ?)
Hibernate: insert into LogEntries (logCode, message, primaryUser, secondaryUser, time, id) values (?, ?, ?, ?, ?, ?)
19:26:21.169 [main] DEBUG o.h.e.j.internal.JdbcCoordinatorImpl - HHH000420: Closing un-released batch
19:26:21.169 [main] DEBUG o.h.e.t.internal.TransactionImpl - begin
19:26:21.170 [main] DEBUG org.hibernate.SQL - select next_val as id_val from hibernate_sequence for update
Hibernate: select next_val as id_val from hibernate_sequence for update
19:26:21.170 [main] DEBUG org.hibernate.SQL - update hibernate_sequence set next_val= ? where next_val=?
Hibernate: update hibernate_sequence set next_val= ? where next_val=?
19:26:21.172 [main] DEBUG o.h.e.i.AbstractSaveEventListener - Generated identifier: 492, using strategy: org.hibernate.id.enhanced.SequenceStyleGenerator
19:26:21.172 [main] DEBUG o.h.e.t.internal.TransactionImpl - committing
19:26:21.172 [main] DEBUG o.h.e.i.AbstractFlushingEventListener - Processing flush-time cascades
19:26:21.172 [main] DEBUG o.h.e.i.AbstractFlushingEventListener - Dirty checking collections
19:26:21.172 [main] DEBUG o.h.e.i.AbstractFlushingEventListener - Flushed: 1 insertions, 0 updates, 0 deletions to 1 objects
19:26:21.173 [main] DEBUG o.h.e.i.AbstractFlushingEventListener - Flushed: 0 (re)creations, 0 updates, 0 removals to 0 collections
19:26:21.173 [main] DEBUG o.h.internal.util.EntityPrinter - Listing entities:
19:26:21.173 [main] DEBUG o.h.internal.util.EntityPrinter - edu.ncsu.csc.itrust2.models.persistent.LogEntry{secondaryUser=null, logCode=5, primaryUser=logapitest, id=492, time=java.util.GregorianCalendar[time=1521660381169,areFieldsSet=true,areAllFieldsSet=true,lenient=true,zone=sun.util.calendar.ZoneInfo[id="Etc/UTC",offset=0,dstSavings=0,useDaylight=false,transitions=0,lastRule=null],firstDayOfWeek=1,minimalDaysInFirstWeek=1,ERA=1,YEAR=2018,MONTH=2,WEEK_OF_YEAR=12,WEEK_OF_MONTH=4,DAY_OF_MONTH=21,DAY_OF_YEAR=80,DAY_OF_WEEK=4,DAY_OF_WEEK_IN_MONTH=3,AM_PM=1,HOUR=7,HOUR_OF_DAY=19,MINUTE=26,SECOND=21,MILLISECOND=169,ZONE_OFFSET=0,DST_OFFSET=0], message=null}
19:26:21.173 [main] DEBUG org.hibernate.SQL - insert into LogEntries (logCode, message, primaryUser, secondaryUser, time, id) values (?, ?, ?, ?, ?, ?)
Hibernate: insert into LogEntries (logCode, message, primaryUser, secondaryUser, time, id) values (?, ?, ?, ?, ?, ?)
19:26:21.174 [main] DEBUG o.h.e.j.internal.JdbcCoordinatorImpl - HHH000420: Closing un-released batch
19:26:21.175 [main] DEBUG o.h.e.t.internal.TransactionImpl - begin
19:26:21.175 [main] DEBUG org.hibernate.SQL - select next_val as id_val from hibernate_sequence for update
Hibernate: select next_val as id_val from hibernate_sequence for update
19:26:21.176 [main] DEBUG org.hibernate.SQL - update hibernate_sequence set next_val= ? where next_val=?
Hibernate: update hibernate_sequence set next_val= ? where next_val=?
19:26:21.177 [main] DEBUG o.h.e.i.AbstractSaveEventListener - Generated identifier: 493, using strategy: org.hibernate.id.enhanced.SequenceStyleGenerator
19:26:21.177 [main] DEBUG o.h.e.t.internal.TransactionImpl - committing
19:26:21.177 [main] DEBUG o.h.e.i.AbstractFlushingEventListener - Processing flush-time cascades
19:26:21.177 [main] DEBUG o.h.e.i.AbstractFlushingEventListener - Dirty checking collections
19:26:21.177 [main] DEBUG o.h.e.i.AbstractFlushingEventListener - Flushed: 1 insertions, 0 updates, 0 deletions to 1 objects
19:26:21.177 [main] DEBUG o.h.e.i.AbstractFlushingEventListener - Flushed: 0 (re)creations, 0 updates, 0 removals to 0 collections
19:26:21.177 [main] DEBUG o.h.internal.util.EntityPrinter - Listing entities:
19:26:21.177 [main] DEBUG o.h.internal.util.EntityPrinter - edu.ncsu.csc.itrust2.models.persistent.LogEntry{secondaryUser=null, logCode=5, primaryUser=logapitest, id=493, time=java.util.GregorianCalendar[time=1521660381175,areFieldsSet=true,areAllFieldsSet=true,lenient=true,zone=sun.util.calendar.ZoneInfo[id="Etc/UTC",offset=0,dstSavings=0,useDaylight=false,transitions=0,lastRule=null],firstDayOfWeek=1,minimalDaysInFirstWeek=1,ERA=1,YEAR=2018,MONTH=2,WEEK_OF_YEAR=12,WEEK_OF_MONTH=4,DAY_OF_MONTH=21,DAY_OF_YEAR=80,DAY_OF_WEEK=4,DAY_OF_WEEK_IN_MONTH=3,AM_PM=1,HOUR=7,HOUR_OF_DAY=19,MINUTE=26,SECOND=21,MILLISECOND=175,ZONE_OFFSET=0,DST_OFFSET=0], message=null}
19:26:21.178 [main] DEBUG org.hibernate.SQL - insert into LogEntries (logCode, message, primaryUser, secondaryUser, time, id) values (?, ?, ?, ?, ?, ?)
Hibernate: insert into LogEntries (logCode, message, primaryUser, secondaryUser, time, id) values (?, ?, ?, ?, ?, ?)
19:26:21.179 [main] DEBUG o.h.e.j.internal.JdbcCoordinatorImpl - HHH000420: Closing un-released batch
19:26:21.179 [main] DEBUG o.h.e.t.internal.TransactionImpl - begin
19:26:21.180 [main] DEBUG org.hibernate.SQL - select next_val as id_val from hibernate_sequence for update
Hibernate: select next_val as id_val from hibernate_sequence for update
19:26:21.180 [main] DEBUG org.hibernate.SQL - update hibernate_sequence set next_val= ? where next_val=?
Hibernate: update hibernate_sequence set next_val= ? where next_val=?
19:26:21.181 [main] DEBUG o.h.e.i.AbstractSaveEventListener - Generated identifier: 494, using strategy: org.hibernate.id.enhanced.SequenceStyleGenerator
19:26:21.182 [main] DEBUG o.h.e.t.internal.TransactionImpl - committing
19:26:21.182 [main] DEBUG o.h.e.i.AbstractFlushingEventListener - Processing flush-time cascades
19:26:21.182 [main] DEBUG o.h.e.i.AbstractFlushingEventListener - Dirty checking collections
19:26:21.182 [main] DEBUG o.h.e.i.AbstractFlushingEventListener - Flushed: 1 insertions, 0 updates, 0 deletions to 1 objects
19:26:21.182 [main] DEBUG o.h.e.i.AbstractFlushingEventListener - Flushed: 0 (re)creations, 0 updates, 0 removals to 0 collections
19:26:21.182 [main] DEBUG o.h.internal.util.EntityPrinter - Listing entities:
19:26:21.182 [main] DEBUG o.h.internal.util.EntityPrinter - edu.ncsu.csc.itrust2.models.persistent.LogEntry{secondaryUser=null, logCode=5, primaryUser=logapitest, id=494, time=java.util.GregorianCalendar[time=1521660381179,areFieldsSet=true,areAllFieldsSet=true,lenient=true,zone=sun.util.calendar.ZoneInfo[id="Etc/UTC",offset=0,dstSavings=0,useDaylight=false,transitions=0,lastRule=null],firstDayOfWeek=1,minimalDaysInFirstWeek=1,ERA=1,YEAR=2018,MONTH=2,WEEK_OF_YEAR=12,WEEK_OF_MONTH=4,DAY_OF_MONTH=21,DAY_OF_YEAR=80,DAY_OF_WEEK=4,DAY_OF_WEEK_IN_MONTH=3,AM_PM=1,HOUR=7,HOUR_OF_DAY=19,MINUTE=26,SECOND=21,MILLISECOND=179,ZONE_OFFSET=0,DST_OFFSET=0], message=null}
19:26:21.182 [main] DEBUG org.hibernate.SQL - insert into LogEntries (logCode, message, primaryUser, secondaryUser, time, id) values (?, ?, ?, ?, ?, ?)
Hibernate: insert into LogEntries (logCode, message, primaryUser, secondaryUser, time, id) values (?, ?, ?, ?, ?, ?)
19:26:21.184 [main] DEBUG o.h.e.j.internal.JdbcCoordinatorImpl - HHH000420: Closing un-released batch
19:26:21.185 [main] DEBUG o.h.e.t.internal.TransactionImpl - begin
19:26:21.186 [main] DEBUG org.hibernate.SQL - select next_val as id_val from hibernate_sequence for update
Hibernate: select next_val as id_val from hibernate_sequence for update
19:26:21.186 [main] DEBUG org.hibernate.SQL - update hibernate_sequence set next_val= ? where next_val=?
Hibernate: update hibernate_sequence set next_val= ? where next_val=?
19:26:21.188 [main] DEBUG o.h.e.i.AbstractSaveEventListener - Generated identifier: 495, using strategy: org.hibernate.id.enhanced.SequenceStyleGenerator
19:26:21.188 [main] DEBUG o.h.e.t.internal.TransactionImpl - committing
19:26:21.188 [main] DEBUG o.h.e.i.AbstractFlushingEventListener - Processing flush-time cascades
19:26:21.188 [main] DEBUG o.h.e.i.AbstractFlushingEventListener - Dirty checking collections
19:26:21.188 [main] DEBUG o.h.e.i.AbstractFlushingEventListener - Flushed: 1 insertions, 0 updates, 0 deletions to 1 objects
19:26:21.188 [main] DEBUG o.h.e.i.AbstractFlushingEventListener - Flushed: 0 (re)creations, 0 updates, 0 removals to 0 collections
19:26:21.188 [main] DEBUG o.h.internal.util.EntityPrinter - Listing entities:
19:26:21.188 [main] DEBUG o.h.internal.util.EntityPrinter - edu.ncsu.csc.itrust2.models.persistent.LogEntry{secondaryUser=null, logCode=5, primaryUser=logapitest, id=495, time=java.util.GregorianCalendar[time=1521660381184,areFieldsSet=true,areAllFieldsSet=true,lenient=true,zone=sun.util.calendar.ZoneInfo[id="Etc/UTC",offset=0,dstSavings=0,useDaylight=false,transitions=0,lastRule=null],firstDayOfWeek=1,minimalDaysInFirstWeek=1,ERA=1,YEAR=2018,MONTH=2,WEEK_OF_YEAR=12,WEEK_OF_MONTH=4,DAY_OF_MONTH=21,DAY_OF_YEAR=80,DAY_OF_WEEK=4,DAY_OF_WEEK_IN_MONTH=3,AM_PM=1,HOUR=7,HOUR_OF_DAY=19,MINUTE=26,SECOND=21,MILLISECOND=184,ZONE_OFFSET=0,DST_OFFSET=0], message=null}
19:26:21.189 [main] DEBUG org.hibernate.SQL - insert into LogEntries (logCode, message, primaryUser, secondaryUser, time, id) values (?, ?, ?, ?, ?, ?)
Hibernate: insert into LogEntries (logCode, message, primaryUser, secondaryUser, time, id) values (?, ?, ?, ?, ?, ?)
19:26:21.190 [main] DEBUG o.h.e.j.internal.JdbcCoordinatorImpl - HHH000420: Closing un-released batch
19:26:21.190 [main] DEBUG o.h.e.t.internal.TransactionImpl - begin
19:26:21.190 [main] DEBUG org.hibernate.SQL - select next_val as id_val from hibernate_sequence for update
Hibernate: select next_val as id_val from hibernate_sequence for update
19:26:21.191 [main] DEBUG org.hibernate.SQL - update hibernate_sequence set next_val= ? where next_val=?
Hibernate: update hibernate_sequence set next_val= ? where next_val=?
19:26:21.192 [main] DEBUG o.h.e.i.AbstractSaveEventListener - Generated identifier: 496, using strategy: org.hibernate.id.enhanced.SequenceStyleGenerator
19:26:21.192 [main] DEBUG o.h.e.t.internal.TransactionImpl - committing
19:26:21.193 [main] DEBUG o.h.e.i.AbstractFlushingEventListener - Processing flush-time cascades
19:26:21.193 [main] DEBUG o.h.e.i.AbstractFlushingEventListener - Dirty checking collections
19:26:21.193 [main] DEBUG o.h.e.i.AbstractFlushingEventListener - Flushed: 1 insertions, 0 updates, 0 deletions to 1 objects
19:26:21.193 [main] DEBUG o.h.e.i.AbstractFlushingEventListener - Flushed: 0 (re)creations, 0 updates, 0 removals to 0 collections
19:26:21.193 [main] DEBUG o.h.internal.util.EntityPrinter - Listing entities:
19:26:21.193 [main] DEBUG o.h.internal.util.EntityPrinter - edu.ncsu.csc.itrust2.models.persistent.LogEntry{secondaryUser=null, logCode=5, primaryUser=logapitest, id=496, time=java.util.GregorianCalendar[time=1521660381190,areFieldsSet=true,areAllFieldsSet=true,lenient=true,zone=sun.util.calendar.ZoneInfo[id="Etc/UTC",offset=0,dstSavings=0,useDaylight=false,transitions=0,lastRule=null],firstDayOfWeek=1,minimalDaysInFirstWeek=1,ERA=1,YEAR=2018,MONTH=2,WEEK_OF_YEAR=12,WEEK_OF_MONTH=4,DAY_OF_MONTH=21,DAY_OF_YEAR=80,DAY_OF_WEEK=4,DAY_OF_WEEK_IN_MONTH=3,AM_PM=1,HOUR=7,HOUR_OF_DAY=19,MINUTE=26,SECOND=21,MILLISECOND=190,ZONE_OFFSET=0,DST_OFFSET=0], message=null}
19:26:21.193 [main] DEBUG org.hibernate.SQL - insert into LogEntries (logCode, message, primaryUser, secondaryUser, time, id) values (?, ?, ?, ?, ?, ?)
Hibernate: insert into LogEntries (logCode, message, primaryUser, secondaryUser, time, id) values (?, ?, ?, ?, ?, ?)
19:26:21.194 [main] DEBUG o.h.e.j.internal.JdbcCoordinatorImpl - HHH000420: Closing un-released batch
19:26:21.195 [main] DEBUG o.h.e.t.internal.TransactionImpl - begin
19:26:21.195 [main] DEBUG org.hibernate.SQL - select next_val as id_val from hibernate_sequence for update
Hibernate: select next_val as id_val from hibernate_sequence for update
19:26:21.196 [main] DEBUG org.hibernate.SQL - update hibernate_sequence set next_val= ? where next_val=?
Hibernate: update hibernate_sequence set next_val= ? where next_val=?
19:26:21.198 [main] DEBUG o.h.e.i.AbstractSaveEventListener - Generated identifier: 497, using strategy: org.hibernate.id.enhanced.SequenceStyleGenerator
19:26:21.198 [main] DEBUG o.h.e.t.internal.TransactionImpl - committing
19:26:21.198 [main] DEBUG o.h.e.i.AbstractFlushingEventListener - Processing flush-time cascades
19:26:21.198 [main] DEBUG o.h.e.i.AbstractFlushingEventListener - Dirty checking collections
19:26:21.199 [main] DEBUG o.h.e.i.AbstractFlushingEventListener - Flushed: 1 insertions, 0 updates, 0 deletions to 1 objects
19:26:21.199 [main] DEBUG o.h.e.i.AbstractFlushingEventListener - Flushed: 0 (re)creations, 0 updates, 0 removals to 0 collections
19:26:21.199 [main] DEBUG o.h.internal.util.EntityPrinter - Listing entities:
19:26:21.199 [main] DEBUG o.h.internal.util.EntityPrinter - edu.ncsu.csc.itrust2.models.persistent.LogEntry{secondaryUser=null, logCode=5, primaryUser=logapitest, id=497, time=java.util.GregorianCalendar[time=1521660381195,areFieldsSet=true,areAllFieldsSet=true,lenient=true,zone=sun.util.calendar.ZoneInfo[id="Etc/UTC",offset=0,dstSavings=0,useDaylight=false,transitions=0,lastRule=null],firstDayOfWeek=1,minimalDaysInFirstWeek=1,ERA=1,YEAR=2018,MONTH=2,WEEK_OF_YEAR=12,WEEK_OF_MONTH=4,DAY_OF_MONTH=21,DAY_OF_YEAR=80,DAY_OF_WEEK=4,DAY_OF_WEEK_IN_MONTH=3,AM_PM=1,HOUR=7,HOUR_OF_DAY=19,MINUTE=26,SECOND=21,MILLISECOND=195,ZONE_OFFSET=0,DST_OFFSET=0], message=null}
19:26:21.200 [main] DEBUG org.hibernate.SQL - insert into LogEntries (logCode, message, primaryUser, secondaryUser, time, id) values (?, ?, ?, ?, ?, ?)
Hibernate: insert into LogEntries (logCode, message, primaryUser, secondaryUser, time, id) values (?, ?, ?, ?, ?, ?)
19:26:21.201 [main] DEBUG o.h.e.j.internal.JdbcCoordinatorImpl - HHH000420: Closing un-released batch
19:26:21.202 [main] DEBUG o.h.e.t.internal.TransactionImpl - begin
19:26:21.202 [main] DEBUG org.hibernate.SQL - select next_val as id_val from hibernate_sequence for update
Hibernate: select next_val as id_val from hibernate_sequence for update
19:26:21.202 [main] DEBUG org.hibernate.SQL - update hibernate_sequence set next_val= ? where next_val=?
Hibernate: update hibernate_sequence set next_val= ? where next_val=?
19:26:21.204 [main] DEBUG o.h.e.i.AbstractSaveEventListener - Generated identifier: 498, using strategy: org.hibernate.id.enhanced.SequenceStyleGenerator
19:26:21.204 [main] DEBUG o.h.e.t.internal.TransactionImpl - committing
19:26:21.204 [main] DEBUG o.h.e.i.AbstractFlushingEventListener - Processing flush-time cascades
19:26:21.204 [main] DEBUG o.h.e.i.AbstractFlushingEventListener - Dirty checking collections
19:26:21.204 [main] DEBUG o.h.e.i.AbstractFlushingEventListener - Flushed: 1 insertions, 0 updates, 0 deletions to 1 objects
19:26:21.204 [main] DEBUG o.h.e.i.AbstractFlushingEventListener - Flushed: 0 (re)creations, 0 updates, 0 removals to 0 collections
19:26:21.204 [main] DEBUG o.h.internal.util.EntityPrinter - Listing entities:
19:26:21.204 [main] DEBUG o.h.internal.util.EntityPrinter - edu.ncsu.csc.itrust2.models.persistent.LogEntry{secondaryUser=null, logCode=5, primaryUser=logapitest, id=498, time=java.util.GregorianCalendar[time=1521660381201,areFieldsSet=true,areAllFieldsSet=true,lenient=true,zone=sun.util.calendar.ZoneInfo[id="Etc/UTC",offset=0,dstSavings=0,useDaylight=false,transitions=0,lastRule=null],firstDayOfWeek=1,minimalDaysInFirstWeek=1,ERA=1,YEAR=2018,MONTH=2,WEEK_OF_YEAR=12,WEEK_OF_MONTH=4,DAY_OF_MONTH=21,DAY_OF_YEAR=80,DAY_OF_WEEK=4,DAY_OF_WEEK_IN_MONTH=3,AM_PM=1,HOUR=7,HOUR_OF_DAY=19,MINUTE=26,SECOND=21,MILLISECOND=201,ZONE_OFFSET=0,DST_OFFSET=0], message=null}
19:26:21.205 [main] DEBUG org.hibernate.SQL - insert into LogEntries (logCode, message, primaryUser, secondaryUser, time, id) values (?, ?, ?, ?, ?, ?)
Hibernate: insert into LogEntries (logCode, message, primaryUser, secondaryUser, time, id) values (?, ?, ?, ?, ?, ?)
19:26:21.206 [main] DEBUG o.h.e.j.internal.JdbcCoordinatorImpl - HHH000420: Closing un-released batch
19:26:21.206 [main] DEBUG o.h.e.t.internal.TransactionImpl - begin
19:26:21.207 [main] DEBUG org.hibernate.SQL - select next_val as id_val from hibernate_sequence for update
Hibernate: select next_val as id_val from hibernate_sequence for update
19:26:21.207 [main] DEBUG org.hibernate.SQL - update hibernate_sequence set next_val= ? where next_val=?
Hibernate: update hibernate_sequence set next_val= ? where next_val=?
19:26:21.208 [main] DEBUG o.h.e.i.AbstractSaveEventListener - Generated identifier: 499, using strategy: org.hibernate.id.enhanced.SequenceStyleGenerator
19:26:21.209 [main] DEBUG o.h.e.t.internal.TransactionImpl - committing
19:26:21.209 [main] DEBUG o.h.e.i.AbstractFlushingEventListener - Processing flush-time cascades
19:26:21.209 [main] DEBUG o.h.e.i.AbstractFlushingEventListener - Dirty checking collections
19:26:21.209 [main] DEBUG o.h.e.i.AbstractFlushingEventListener - Flushed: 1 insertions, 0 updates, 0 deletions to 1 objects
19:26:21.209 [main] DEBUG o.h.e.i.AbstractFlushingEventListener - Flushed: 0 (re)creations, 0 updates, 0 removals to 0 collections
19:26:21.209 [main] DEBUG o.h.internal.util.EntityPrinter - Listing entities:
19:26:21.210 [main] DEBUG o.h.internal.util.EntityPrinter - edu.ncsu.csc.itrust2.models.persistent.LogEntry{secondaryUser=null, logCode=5, primaryUser=logapitest, id=499, time=java.util.GregorianCalendar[time=1521660381206,areFieldsSet=true,areAllFieldsSet=true,lenient=true,zone=sun.util.calendar.ZoneInfo[id="Etc/UTC",offset=0,dstSavings=0,useDaylight=false,transitions=0,lastRule=null],firstDayOfWeek=1,minimalDaysInFirstWeek=1,ERA=1,YEAR=2018,MONTH=2,WEEK_OF_YEAR=12,WEEK_OF_MONTH=4,DAY_OF_MONTH=21,DAY_OF_YEAR=80,DAY_OF_WEEK=4,DAY_OF_WEEK_IN_MONTH=3,AM_PM=1,HOUR=7,HOUR_OF_DAY=19,MINUTE=26,SECOND=21,MILLISECOND=206,ZONE_OFFSET=0,DST_OFFSET=0], message=null}
19:26:21.210 [main] DEBUG org.hibernate.SQL - insert into LogEntries (logCode, message, primaryUser, secondaryUser, time, id) values (?, ?, ?, ?, ?, ?)
Hibernate: insert into LogEntries (logCode, message, primaryUser, secondaryUser, time, id) values (?, ?, ?, ?, ?, ?)
19:26:21.211 [main] DEBUG o.h.e.j.internal.JdbcCoordinatorImpl - HHH000420: Closing un-released batch
19:26:21.212 [main] DEBUG o.h.e.t.internal.TransactionImpl - begin
19:26:21.212 [main] DEBUG org.hibernate.SQL - select next_val as id_val from hibernate_sequence for update
Hibernate: select next_val as id_val from hibernate_sequence for update
19:26:21.213 [main] DEBUG org.hibernate.SQL - update hibernate_sequence set next_val= ? where next_val=?
Hibernate: update hibernate_sequence set next_val= ? where next_val=?
19:26:21.213 [main] DEBUG o.h.e.i.AbstractSaveEventListener - Generated identifier: 500, using strategy: org.hibernate.id.enhanced.SequenceStyleGenerator
19:26:21.214 [main] DEBUG o.h.e.t.internal.TransactionImpl - committing
19:26:21.214 [main] DEBUG o.h.e.i.AbstractFlushingEventListener - Processing flush-time cascades
19:26:21.214 [main] DEBUG o.h.e.i.AbstractFlushingEventListener - Dirty checking collections
19:26:21.214 [main] DEBUG o.h.e.i.AbstractFlushingEventListener - Flushed: 1 insertions, 0 updates, 0 deletions to 1 objects
19:26:21.214 [main] DEBUG o.h.e.i.AbstractFlushingEventListener - Flushed: 0 (re)creations, 0 updates, 0 removals to 0 collections
19:26:21.214 [main] DEBUG o.h.internal.util.EntityPrinter - Listing entities:
19:26:21.214 [main] DEBUG o.h.internal.util.EntityPrinter - edu.ncsu.csc.itrust2.models.persistent.LogEntry{secondaryUser=null, logCode=5, primaryUser=logapitest, id=500, time=java.util.GregorianCalendar[time=1521660381212,areFieldsSet=true,areAllFieldsSet=true,lenient=true,zone=sun.util.calendar.ZoneInfo[id="Etc/UTC",offset=0,dstSavings=0,useDaylight=false,transitions=0,lastRule=null],firstDayOfWeek=1,minimalDaysInFirstWeek=1,ERA=1,YEAR=2018,MONTH=2,WEEK_OF_YEAR=12,WEEK_OF_MONTH=4,DAY_OF_MONTH=21,DAY_OF_YEAR=80,DAY_OF_WEEK=4,DAY_OF_WEEK_IN_MONTH=3,AM_PM=1,HOUR=7,HOUR_OF_DAY=19,MINUTE=26,SECOND=21,MILLISECOND=212,ZONE_OFFSET=0,DST_OFFSET=0], message=null}
19:26:21.216 [main] DEBUG org.hibernate.SQL - insert into LogEntries (logCode, message, primaryUser, secondaryUser, time, id) values (?, ?, ?, ?, ?, ?)
Hibernate: insert into LogEntries (logCode, message, primaryUser, secondaryUser, time, id) values (?, ?, ?, ?, ?, ?)
19:26:21.218 [main] DEBUG o.h.e.j.internal.JdbcCoordinatorImpl - HHH000420: Closing un-released batch
19:26:21.218 [main] DEBUG o.h.e.t.internal.TransactionImpl - begin
19:26:21.219 [main] DEBUG org.hibernate.SQL - select next_val as id_val from hibernate_sequence for update
Hibernate: select next_val as id_val from hibernate_sequence for update
19:26:21.219 [main] DEBUG org.hibernate.SQL - update hibernate_sequence set next_val= ? where next_val=?
Hibernate: update hibernate_sequence set next_val= ? where next_val=?
19:26:21.220 [main] DEBUG o.h.e.i.AbstractSaveEventListener - Generated identifier: 501, using strategy: org.hibernate.id.enhanced.SequenceStyleGenerator
19:26:21.221 [main] DEBUG o.h.e.t.internal.TransactionImpl - committing
19:26:21.221 [main] DEBUG o.h.e.i.AbstractFlushingEventListener - Processing flush-time cascades
19:26:21.221 [main] DEBUG o.h.e.i.AbstractFlushingEventListener - Dirty checking collections
19:26:21.221 [main] DEBUG o.h.e.i.AbstractFlushingEventListener - Flushed: 1 insertions, 0 updates, 0 deletions to 1 objects
19:26:21.221 [main] DEBUG o.h.e.i.AbstractFlushingEventListener - Flushed: 0 (re)creations, 0 updates, 0 removals to 0 collections
19:26:21.221 [main] DEBUG o.h.internal.util.EntityPrinter - Listing entities:
19:26:21.221 [main] DEBUG o.h.internal.util.EntityPrinter - edu.ncsu.csc.itrust2.models.persistent.LogEntry{secondaryUser=null, logCode=5, primaryUser=logapitest, id=501, time=java.util.GregorianCalendar[time=1521660381218,areFieldsSet=true,areAllFieldsSet=true,lenient=true,zone=sun.util.calendar.ZoneInfo[id="Etc/UTC",offset=0,dstSavings=0,useDaylight=false,transitions=0,lastRule=null],firstDayOfWeek=1,minimalDaysInFirstWeek=1,ERA=1,YEAR=2018,MONTH=2,WEEK_OF_YEAR=12,WEEK_OF_MONTH=4,DAY_OF_MONTH=21,DAY_OF_YEAR=80,DAY_OF_WEEK=4,DAY_OF_WEEK_IN_MONTH=3,AM_PM=1,HOUR=7,HOUR_OF_DAY=19,MINUTE=26,SECOND=21,MILLISECOND=218,ZONE_OFFSET=0,DST_OFFSET=0], message=null}
19:26:21.222 [main] DEBUG org.hibernate.SQL - insert into LogEntries (logCode, message, primaryUser, secondaryUser, time, id) values (?, ?, ?, ?, ?, ?)
Hibernate: insert into LogEntries (logCode, message, primaryUser, secondaryUser, time, id) values (?, ?, ?, ?, ?, ?)
19:26:21.230 [main] DEBUG o.h.e.j.internal.JdbcCoordinatorImpl - HHH000420: Closing un-released batch
19:26:21.231 [main] DEBUG o.h.e.t.internal.TransactionImpl - begin
19:26:21.232 [main] DEBUG org.hibernate.SQL - select next_val as id_val from hibernate_sequence for update
Hibernate: select next_val as id_val from hibernate_sequence for update
19:26:21.232 [main] DEBUG org.hibernate.SQL - update hibernate_sequence set next_val= ? where next_val=?
Hibernate: update hibernate_sequence set next_val= ? where next_val=?
19:26:21.233 [main] DEBUG o.h.e.i.AbstractSaveEventListener - Generated identifier: 502, using strategy: org.hibernate.id.enhanced.SequenceStyleGenerator
19:26:21.234 [main] DEBUG o.h.e.t.internal.TransactionImpl - committing
19:26:21.234 [main] DEBUG o.h.e.i.AbstractFlushingEventListener - Processing flush-time cascades
19:26:21.234 [main] DEBUG o.h.e.i.AbstractFlushingEventListener - Dirty checking collections
19:26:21.234 [main] DEBUG o.h.e.i.AbstractFlushingEventListener - Flushed: 1 insertions, 0 updates, 0 deletions to 1 objects
19:26:21.234 [main] DEBUG o.h.e.i.AbstractFlushingEventListener - Flushed: 0 (re)creations, 0 updates, 0 removals to 0 collections
19:26:21.234 [main] DEBUG o.h.internal.util.EntityPrinter - Listing entities:
19:26:21.234 [main] DEBUG o.h.internal.util.EntityPrinter - edu.ncsu.csc.itrust2.models.persistent.LogEntry{secondaryUser=null, logCode=5, primaryUser=logapitest, id=502, time=java.util.GregorianCalendar[time=1521660381231,areFieldsSet=true,areAllFieldsSet=true,lenient=true,zone=sun.util.calendar.ZoneInfo[id="Etc/UTC",offset=0,dstSavings=0,useDaylight=false,transitions=0,lastRule=null],firstDayOfWeek=1,minimalDaysInFirstWeek=1,ERA=1,YEAR=2018,MONTH=2,WEEK_OF_YEAR=12,WEEK_OF_MONTH=4,DAY_OF_MONTH=21,DAY_OF_YEAR=80,DAY_OF_WEEK=4,DAY_OF_WEEK_IN_MONTH=3,AM_PM=1,HOUR=7,HOUR_OF_DAY=19,MINUTE=26,SECOND=21,MILLISECOND=231,ZONE_OFFSET=0,DST_OFFSET=0], message=null}
19:26:21.234 [main] DEBUG org.hibernate.SQL - insert into LogEntries (logCode, message, primaryUser, secondaryUser, time, id) values (?, ?, ?, ?, ?, ?)
Hibernate: insert into LogEntries (logCode, message, primaryUser, secondaryUser, time, id) values (?, ?, ?, ?, ?, ?)
19:26:21.236 [main] DEBUG o.h.e.j.internal.JdbcCoordinatorImpl - HHH000420: Closing un-released batch
19:26:21.236 [main] DEBUG o.h.e.t.internal.TransactionImpl - begin
19:26:21.237 [main] DEBUG org.hibernate.SQL - select next_val as id_val from hibernate_sequence for update
Hibernate: select next_val as id_val from hibernate_sequence for update
19:26:21.237 [main] DEBUG org.hibernate.SQL - update hibernate_sequence set next_val= ? where next_val=?
Hibernate: update hibernate_sequence set next_val= ? where next_val=?
19:26:21.238 [main] DEBUG o.h.e.i.AbstractSaveEventListener - Generated identifier: 503, using strategy: org.hibernate.id.enhanced.SequenceStyleGenerator
19:26:21.238 [main] DEBUG o.h.e.t.internal.TransactionImpl - committing
19:26:21.238 [main] DEBUG o.h.e.i.AbstractFlushingEventListener - Processing flush-time cascades
19:26:21.239 [main] DEBUG o.h.e.i.AbstractFlushingEventListener - Dirty checking collections
19:26:21.239 [main] DEBUG o.h.e.i.AbstractFlushingEventListener - Flushed: 1 insertions, 0 updates, 0 deletions to 1 objects
19:26:21.239 [main] DEBUG o.h.e.i.AbstractFlushingEventListener - Flushed: 0 (re)creations, 0 updates, 0 removals to 0 collections
19:26:21.239 [main] DEBUG o.h.internal.util.EntityPrinter - Listing entities:
19:26:21.239 [main] DEBUG o.h.internal.util.EntityPrinter - edu.ncsu.csc.itrust2.models.persistent.LogEntry{secondaryUser=null, logCode=5, primaryUser=logapitest, id=503, time=java.util.GregorianCalendar[time=1521660381236,areFieldsSet=true,areAllFieldsSet=true,lenient=true,zone=sun.util.calendar.ZoneInfo[id="Etc/UTC",offset=0,dstSavings=0,useDaylight=false,transitions=0,lastRule=null],firstDayOfWeek=1,minimalDaysInFirstWeek=1,ERA=1,YEAR=2018,MONTH=2,WEEK_OF_YEAR=12,WEEK_OF_MONTH=4,DAY_OF_MONTH=21,DAY_OF_YEAR=80,DAY_OF_WEEK=4,DAY_OF_WEEK_IN_MONTH=3,AM_PM=1,HOUR=7,HOUR_OF_DAY=19,MINUTE=26,SECOND=21,MILLISECOND=236,ZONE_OFFSET=0,DST_OFFSET=0], message=null}
19:26:21.241 [main] DEBUG org.hibernate.SQL - insert into LogEntries (logCode, message, primaryUser, secondaryUser, time, id) values (?, ?, ?, ?, ?, ?)
Hibernate: insert into LogEntries (logCode, message, primaryUser, secondaryUser, time, id) values (?, ?, ?, ?, ?, ?)
19:26:21.245 [main] DEBUG o.h.e.j.internal.JdbcCoordinatorImpl - HHH000420: Closing un-released batch
19:26:21.245 [main] DEBUG o.h.e.t.internal.TransactionImpl - begin
19:26:21.247 [main] DEBUG org.hibernate.SQL - select next_val as id_val from hibernate_sequence for update
Hibernate: select next_val as id_val from hibernate_sequence for update
19:26:21.248 [main] DEBUG org.hibernate.SQL - update hibernate_sequence set next_val= ? where next_val=?
Hibernate: update hibernate_sequence set next_val= ? where next_val=?
19:26:21.249 [main] DEBUG o.h.e.i.AbstractSaveEventListener - Generated identifier: 504, using strategy: org.hibernate.id.enhanced.SequenceStyleGenerator
19:26:21.249 [main] DEBUG o.h.e.t.internal.TransactionImpl - committing
19:26:21.249 [main] DEBUG o.h.e.i.AbstractFlushingEventListener - Processing flush-time cascades
19:26:21.249 [main] DEBUG o.h.e.i.AbstractFlushingEventListener - Dirty checking collections
19:26:21.249 [main] DEBUG o.h.e.i.AbstractFlushingEventListener - Flushed: 1 insertions, 0 updates, 0 deletions to 1 objects
19:26:21.250 [main] DEBUG o.h.e.i.AbstractFlushingEventListener - Flushed: 0 (re)creations, 0 updates, 0 removals to 0 collections
19:26:21.250 [main] DEBUG o.h.internal.util.EntityPrinter - Listing entities:
19:26:21.250 [main] DEBUG o.h.internal.util.EntityPrinter - edu.ncsu.csc.itrust2.models.persistent.LogEntry{secondaryUser=null, logCode=5, primaryUser=logapitest, id=504, time=java.util.GregorianCalendar[time=1521660381245,areFieldsSet=true,areAllFieldsSet=true,lenient=true,zone=sun.util.calendar.ZoneInfo[id="Etc/UTC",offset=0,dstSavings=0,useDaylight=false,transitions=0,lastRule=null],firstDayOfWeek=1,minimalDaysInFirstWeek=1,ERA=1,YEAR=2018,MONTH=2,WEEK_OF_YEAR=12,WEEK_OF_MONTH=4,DAY_OF_MONTH=21,DAY_OF_YEAR=80,DAY_OF_WEEK=4,DAY_OF_WEEK_IN_MONTH=3,AM_PM=1,HOUR=7,HOUR_OF_DAY=19,MINUTE=26,SECOND=21,MILLISECOND=245,ZONE_OFFSET=0,DST_OFFSET=0], message=null}
19:26:21.250 [main] DEBUG org.hibernate.SQL - insert into LogEntries (logCode, message, primaryUser, secondaryUser, time, id) values (?, ?, ?, ?, ?, ?)
Hibernate: insert into LogEntries (logCode, message, primaryUser, secondaryUser, time, id) values (?, ?, ?, ?, ?, ?)
19:26:21.252 [main] DEBUG o.h.e.j.internal.JdbcCoordinatorImpl - HHH000420: Closing un-released batch
19:26:21.252 [main] DEBUG o.h.e.t.internal.TransactionImpl - begin
19:26:21.252 [main] DEBUG org.hibernate.SQL - select next_val as id_val from hibernate_sequence for update
Hibernate: select next_val as id_val from hibernate_sequence for update
19:26:21.253 [main] DEBUG org.hibernate.SQL - update hibernate_sequence set next_val= ? where next_val=?
Hibernate: update hibernate_sequence set next_val= ? where next_val=?
19:26:21.254 [main] DEBUG o.h.e.i.AbstractSaveEventListener - Generated identifier: 505, using strategy: org.hibernate.id.enhanced.SequenceStyleGenerator
19:26:21.254 [main] DEBUG o.h.e.t.internal.TransactionImpl - committing
19:26:21.254 [main] DEBUG o.h.e.i.AbstractFlushingEventListener - Processing flush-time cascades
19:26:21.255 [main] DEBUG o.h.e.i.AbstractFlushingEventListener - Dirty checking collections
19:26:21.255 [main] DEBUG o.h.e.i.AbstractFlushingEventListener - Flushed: 1 insertions, 0 updates, 0 deletions to 1 objects
19:26:21.255 [main] DEBUG o.h.e.i.AbstractFlushingEventListener - Flushed: 0 (re)creations, 0 updates, 0 removals to 0 collections
19:26:21.255 [main] DEBUG o.h.internal.util.EntityPrinter - Listing entities:
19:26:21.255 [main] DEBUG o.h.internal.util.EntityPrinter - edu.ncsu.csc.itrust2.models.persistent.LogEntry{secondaryUser=null, logCode=5, primaryUser=logapitest, id=505, time=java.util.GregorianCalendar[time=1521660381252,areFieldsSet=true,areAllFieldsSet=true,lenient=true,zone=sun.util.calendar.ZoneInfo[id="Etc/UTC",offset=0,dstSavings=0,useDaylight=false,transitions=0,lastRule=null],firstDayOfWeek=1,minimalDaysInFirstWeek=1,ERA=1,YEAR=2018,MONTH=2,WEEK_OF_YEAR=12,WEEK_OF_MONTH=4,DAY_OF_MONTH=21,DAY_OF_YEAR=80,DAY_OF_WEEK=4,DAY_OF_WEEK_IN_MONTH=3,AM_PM=1,HOUR=7,HOUR_OF_DAY=19,MINUTE=26,SECOND=21,MILLISECOND=252,ZONE_OFFSET=0,DST_OFFSET=0], message=null}
19:26:21.255 [main] DEBUG org.hibernate.SQL - insert into LogEntries (logCode, message, primaryUser, secondaryUser, time, id) values (?, ?, ?, ?, ?, ?)
Hibernate: insert into LogEntries (logCode, message, primaryUser, secondaryUser, time, id) values (?, ?, ?, ?, ?, ?)
19:26:21.257 [main] DEBUG o.h.e.j.internal.JdbcCoordinatorImpl - HHH000420: Closing un-released batch
19:26:21.257 [main] DEBUG o.h.e.t.internal.TransactionImpl - begin
19:26:21.257 [main] DEBUG org.hibernate.SQL - select next_val as id_val from hibernate_sequence for update
Hibernate: select next_val as id_val from hibernate_sequence for update
19:26:21.258 [main] DEBUG org.hibernate.SQL - update hibernate_sequence set next_val= ? where next_val=?
Hibernate: update hibernate_sequence set next_val= ? where next_val=?
19:26:21.259 [main] DEBUG o.h.e.i.AbstractSaveEventListener - Generated identifier: 506, using strategy: org.hibernate.id.enhanced.SequenceStyleGenerator
19:26:21.259 [main] DEBUG o.h.e.t.internal.TransactionImpl - committing
19:26:21.259 [main] DEBUG o.h.e.i.AbstractFlushingEventListener - Processing flush-time cascades
19:26:21.259 [main] DEBUG o.h.e.i.AbstractFlushingEventListener - Dirty checking collections
19:26:21.259 [main] DEBUG o.h.e.i.AbstractFlushingEventListener - Flushed: 1 insertions, 0 updates, 0 deletions to 1 objects
19:26:21.259 [main] DEBUG o.h.e.i.AbstractFlushingEventListener - Flushed: 0 (re)creations, 0 updates, 0 removals to 0 collections
19:26:21.259 [main] DEBUG o.h.internal.util.EntityPrinter - Listing entities:
19:26:21.259 [main] DEBUG o.h.internal.util.EntityPrinter - edu.ncsu.csc.itrust2.models.persistent.LogEntry{secondaryUser=null, logCode=5, primaryUser=logapitest, id=506, time=java.util.GregorianCalendar[time=1521660381257,areFieldsSet=true,areAllFieldsSet=true,lenient=true,zone=sun.util.calendar.ZoneInfo[id="Etc/UTC",offset=0,dstSavings=0,useDaylight=false,transitions=0,lastRule=null],firstDayOfWeek=1,minimalDaysInFirstWeek=1,ERA=1,YEAR=2018,MONTH=2,WEEK_OF_YEAR=12,WEEK_OF_MONTH=4,DAY_OF_MONTH=21,DAY_OF_YEAR=80,DAY_OF_WEEK=4,DAY_OF_WEEK_IN_MONTH=3,AM_PM=1,HOUR=7,HOUR_OF_DAY=19,MINUTE=26,SECOND=21,MILLISECOND=257,ZONE_OFFSET=0,DST_OFFSET=0], message=null}
19:26:21.265 [main] DEBUG org.hibernate.SQL - insert into LogEntries (logCode, message, primaryUser, secondaryUser, time, id) values (?, ?, ?, ?, ?, ?)
Hibernate: insert into LogEntries (logCode, message, primaryUser, secondaryUser, time, id) values (?, ?, ?, ?, ?, ?)
19:26:21.267 [main] DEBUG o.h.e.j.internal.JdbcCoordinatorImpl - HHH000420: Closing un-released batch
19:26:21.267 [main] DEBUG o.h.e.t.internal.TransactionImpl - begin
19:26:21.268 [main] DEBUG org.hibernate.SQL - select next_val as id_val from hibernate_sequence for update
Hibernate: select next_val as id_val from hibernate_sequence for update
19:26:21.268 [main] DEBUG org.hibernate.SQL - update hibernate_sequence set next_val= ? where next_val=?
Hibernate: update hibernate_sequence set next_val= ? where next_val=?
19:26:21.269 [main] DEBUG o.h.e.i.AbstractSaveEventListener - Generated identifier: 507, using strategy: org.hibernate.id.enhanced.SequenceStyleGenerator
19:26:21.269 [main] DEBUG o.h.e.t.internal.TransactionImpl - committing
19:26:21.270 [main] DEBUG o.h.e.i.AbstractFlushingEventListener - Processing flush-time cascades
19:26:21.270 [main] DEBUG o.h.e.i.AbstractFlushingEventListener - Dirty checking collections
19:26:21.270 [main] DEBUG o.h.e.i.AbstractFlushingEventListener - Flushed: 1 insertions, 0 updates, 0 deletions to 1 objects
19:26:21.270 [main] DEBUG o.h.e.i.AbstractFlushingEventListener - Flushed: 0 (re)creations, 0 updates, 0 removals to 0 collections
19:26:21.270 [main] DEBUG o.h.internal.util.EntityPrinter - Listing entities:
19:26:21.270 [main] DEBUG o.h.internal.util.EntityPrinter - edu.ncsu.csc.itrust2.models.persistent.LogEntry{secondaryUser=null, logCode=5, primaryUser=logapitest, id=507, time=java.util.GregorianCalendar[time=1521660381267,areFieldsSet=true,areAllFieldsSet=true,lenient=true,zone=sun.util.calendar.ZoneInfo[id="Etc/UTC",offset=0,dstSavings=0,useDaylight=false,transitions=0,lastRule=null],firstDayOfWeek=1,minimalDaysInFirstWeek=1,ERA=1,YEAR=2018,MONTH=2,WEEK_OF_YEAR=12,WEEK_OF_MONTH=4,DAY_OF_MONTH=21,DAY_OF_YEAR=80,DAY_OF_WEEK=4,DAY_OF_WEEK_IN_MONTH=3,AM_PM=1,HOUR=7,HOUR_OF_DAY=19,MINUTE=26,SECOND=21,MILLISECOND=267,ZONE_OFFSET=0,DST_OFFSET=0], message=null}
19:26:21.272 [main] DEBUG org.hibernate.SQL - insert into LogEntries (logCode, message, primaryUser, secondaryUser, time, id) values (?, ?, ?, ?, ?, ?)
Hibernate: insert into LogEntries (logCode, message, primaryUser, secondaryUser, time, id) values (?, ?, ?, ?, ?, ?)
19:26:21.273 [main] DEBUG o.h.e.j.internal.JdbcCoordinatorImpl - HHH000420: Closing un-released batch
19:26:21.273 [main] DEBUG o.h.e.t.internal.TransactionImpl - begin
19:26:21.274 [main] DEBUG org.hibernate.SQL - select next_val as id_val from hibernate_sequence for update
Hibernate: select next_val as id_val from hibernate_sequence for update
19:26:21.274 [main] DEBUG org.hibernate.SQL - update hibernate_sequence set next_val= ? where next_val=?
Hibernate: update hibernate_sequence set next_val= ? where next_val=?
19:26:21.275 [main] DEBUG o.h.e.i.AbstractSaveEventListener - Generated identifier: 508, using strategy: org.hibernate.id.enhanced.SequenceStyleGenerator
19:26:21.275 [main] DEBUG o.h.e.t.internal.TransactionImpl - committing
19:26:21.276 [main] DEBUG o.h.e.i.AbstractFlushingEventListener - Processing flush-time cascades
19:26:21.276 [main] DEBUG o.h.e.i.AbstractFlushingEventListener - Dirty checking collections
19:26:21.276 [main] DEBUG o.h.e.i.AbstractFlushingEventListener - Flushed: 1 insertions, 0 updates, 0 deletions to 1 objects
19:26:21.276 [main] DEBUG o.h.e.i.AbstractFlushingEventListener - Flushed: 0 (re)creations, 0 updates, 0 removals to 0 collections
19:26:21.276 [main] DEBUG o.h.internal.util.EntityPrinter - Listing entities:
19:26:21.276 [main] DEBUG o.h.internal.util.EntityPrinter - edu.ncsu.csc.itrust2.models.persistent.LogEntry{secondaryUser=null, logCode=5, primaryUser=logapitest, id=508, time=java.util.GregorianCalendar[time=1521660381273,areFieldsSet=true,areAllFieldsSet=true,lenient=true,zone=sun.util.calendar.ZoneInfo[id="Etc/UTC",offset=0,dstSavings=0,useDaylight=false,transitions=0,lastRule=null],firstDayOfWeek=1,minimalDaysInFirstWeek=1,ERA=1,YEAR=2018,MONTH=2,WEEK_OF_YEAR=12,WEEK_OF_MONTH=4,DAY_OF_MONTH=21,DAY_OF_YEAR=80,DAY_OF_WEEK=4,DAY_OF_WEEK_IN_MONTH=3,AM_PM=1,HOUR=7,HOUR_OF_DAY=19,MINUTE=26,SECOND=21,MILLISECOND=273,ZONE_OFFSET=0,DST_OFFSET=0], message=null}
19:26:21.277 [main] DEBUG org.hibernate.SQL - insert into LogEntries (logCode, message, primaryUser, secondaryUser, time, id) values (?, ?, ?, ?, ?, ?)
Hibernate: insert into LogEntries (logCode, message, primaryUser, secondaryUser, time, id) values (?, ?, ?, ?, ?, ?)
19:26:21.283 [main] DEBUG o.h.e.j.internal.JdbcCoordinatorImpl - HHH000420: Closing un-released batch
19:26:21.284 [main] DEBUG o.h.e.t.internal.TransactionImpl - begin
19:26:21.285 [main] DEBUG org.hibernate.SQL - select next_val as id_val from hibernate_sequence for update
Hibernate: select next_val as id_val from hibernate_sequence for update
19:26:21.286 [main] DEBUG org.hibernate.SQL - update hibernate_sequence set next_val= ? where next_val=?
Hibernate: update hibernate_sequence set next_val= ? where next_val=?
19:26:21.287 [main] DEBUG o.h.e.i.AbstractSaveEventListener - Generated identifier: 509, using strategy: org.hibernate.id.enhanced.SequenceStyleGenerator
19:26:21.290 [main] DEBUG o.h.e.t.internal.TransactionImpl - committing
19:26:21.290 [main] DEBUG o.h.e.i.AbstractFlushingEventListener - Processing flush-time cascades
19:26:21.290 [main] DEBUG o.h.e.i.AbstractFlushingEventListener - Dirty checking collections
19:26:21.295 [main] DEBUG o.h.e.i.AbstractFlushingEventListener - Flushed: 1 insertions, 0 updates, 0 deletions to 1 objects
19:26:21.296 [main] DEBUG o.h.e.i.AbstractFlushingEventListener - Flushed: 0 (re)creations, 0 updates, 0 removals to 0 collections
19:26:21.296 [main] DEBUG o.h.internal.util.EntityPrinter - Listing entities:
19:26:21.296 [main] DEBUG o.h.internal.util.EntityPrinter - edu.ncsu.csc.itrust2.models.persistent.LogEntry{secondaryUser=null, logCode=5, primaryUser=logapitest, id=509, time=java.util.GregorianCalendar[time=1521660381284,areFieldsSet=true,areAllFieldsSet=true,lenient=true,zone=sun.util.calendar.ZoneInfo[id="Etc/UTC",offset=0,dstSavings=0,useDaylight=false,transitions=0,lastRule=null],firstDayOfWeek=1,minimalDaysInFirstWeek=1,ERA=1,YEAR=2018,MONTH=2,WEEK_OF_YEAR=12,WEEK_OF_MONTH=4,DAY_OF_MONTH=21,DAY_OF_YEAR=80,DAY_OF_WEEK=4,DAY_OF_WEEK_IN_MONTH=3,AM_PM=1,HOUR=7,HOUR_OF_DAY=19,MINUTE=26,SECOND=21,MILLISECOND=284,ZONE_OFFSET=0,DST_OFFSET=0], message=null}
19:26:21.296 [main] DEBUG org.hibernate.SQL - insert into LogEntries (logCode, message, primaryUser, secondaryUser, time, id) values (?, ?, ?, ?, ?, ?)
Hibernate: insert into LogEntries (logCode, message, primaryUser, secondaryUser, time, id) values (?, ?, ?, ?, ?, ?)
19:26:21.299 [main] DEBUG o.h.e.j.internal.JdbcCoordinatorImpl - HHH000420: Closing un-released batch
19:26:21.300 [main] DEBUG o.h.e.t.internal.TransactionImpl - begin
19:26:21.300 [main] DEBUG org.hibernate.SQL - select next_val as id_val from hibernate_sequence for update
Hibernate: select next_val as id_val from hibernate_sequence for update
19:26:21.301 [main] DEBUG org.hibernate.SQL - update hibernate_sequence set next_val= ? where next_val=?
Hibernate: update hibernate_sequence set next_val= ? where next_val=?
19:26:21.302 [main] DEBUG o.h.e.i.AbstractSaveEventListener - Generated identifier: 510, using strategy: org.hibernate.id.enhanced.SequenceStyleGenerator
19:26:21.303 [main] DEBUG o.h.e.t.internal.TransactionImpl - committing
19:26:21.303 [main] DEBUG o.h.e.i.AbstractFlushingEventListener - Processing flush-time cascades
19:26:21.303 [main] DEBUG o.h.e.i.AbstractFlushingEventListener - Dirty checking collections
19:26:21.303 [main] DEBUG o.h.e.i.AbstractFlushingEventListener - Flushed: 1 insertions, 0 updates, 0 deletions to 1 objects
19:26:21.303 [main] DEBUG o.h.e.i.AbstractFlushingEventListener - Flushed: 0 (re)creations, 0 updates, 0 removals to 0 collections
19:26:21.303 [main] DEBUG o.h.internal.util.EntityPrinter - Listing entities:
19:26:21.304 [main] DEBUG o.h.internal.util.EntityPrinter - edu.ncsu.csc.itrust2.models.persistent.LogEntry{secondaryUser=null, logCode=5, primaryUser=logapitest, id=510, time=java.util.GregorianCalendar[time=1521660381300,areFieldsSet=true,areAllFieldsSet=true,lenient=true,zone=sun.util.calendar.ZoneInfo[id="Etc/UTC",offset=0,dstSavings=0,useDaylight=false,transitions=0,lastRule=null],firstDayOfWeek=1,minimalDaysInFirstWeek=1,ERA=1,YEAR=2018,MONTH=2,WEEK_OF_YEAR=12,WEEK_OF_MONTH=4,DAY_OF_MONTH=21,DAY_OF_YEAR=80,DAY_OF_WEEK=4,DAY_OF_WEEK_IN_MONTH=3,AM_PM=1,HOUR=7,HOUR_OF_DAY=19,MINUTE=26,SECOND=21,MILLISECOND=300,ZONE_OFFSET=0,DST_OFFSET=0], message=null}
19:26:21.309 [main] DEBUG org.hibernate.SQL - insert into LogEntries (logCode, message, primaryUser, secondaryUser, time, id) values (?, ?, ?, ?, ?, ?)
Hibernate: insert into LogEntries (logCode, message, primaryUser, secondaryUser, time, id) values (?, ?, ?, ?, ?, ?)
19:26:21.310 [main] DEBUG o.h.e.j.internal.JdbcCoordinatorImpl - HHH000420: Closing un-released batch
19:26:21.310 [main] DEBUG o.h.e.t.internal.TransactionImpl - begin
19:26:21.311 [main] DEBUG org.hibernate.SQL - select next_val as id_val from hibernate_sequence for update
Hibernate: select next_val as id_val from hibernate_sequence for update
19:26:21.311 [main] DEBUG org.hibernate.SQL - update hibernate_sequence set next_val= ? where next_val=?
Hibernate: update hibernate_sequence set next_val= ? where next_val=?
19:26:21.312 [main] DEBUG o.h.e.i.AbstractSaveEventListener - Generated identifier: 511, using strategy: org.hibernate.id.enhanced.SequenceStyleGenerator
19:26:21.313 [main] DEBUG o.h.e.t.internal.TransactionImpl - committing
19:26:21.313 [main] DEBUG o.h.e.i.AbstractFlushingEventListener - Processing flush-time cascades
19:26:21.313 [main] DEBUG o.h.e.i.AbstractFlushingEventListener - Dirty checking collections
19:26:21.313 [main] DEBUG o.h.e.i.AbstractFlushingEventListener - Flushed: 1 insertions, 0 updates, 0 deletions to 1 objects
19:26:21.313 [main] DEBUG o.h.e.i.AbstractFlushingEventListener - Flushed: 0 (re)creations, 0 updates, 0 removals to 0 collections
19:26:21.313 [main] DEBUG o.h.internal.util.EntityPrinter - Listing entities:
19:26:21.313 [main] DEBUG o.h.internal.util.EntityPrinter - edu.ncsu.csc.itrust2.models.persistent.LogEntry{secondaryUser=null, logCode=5, primaryUser=logapitest, id=511, time=java.util.GregorianCalendar[time=1521660381310,areFieldsSet=true,areAllFieldsSet=true,lenient=true,zone=sun.util.calendar.ZoneInfo[id="Etc/UTC",offset=0,dstSavings=0,useDaylight=false,transitions=0,lastRule=null],firstDayOfWeek=1,minimalDaysInFirstWeek=1,ERA=1,YEAR=2018,MONTH=2,WEEK_OF_YEAR=12,WEEK_OF_MONTH=4,DAY_OF_MONTH=21,DAY_OF_YEAR=80,DAY_OF_WEEK=4,DAY_OF_WEEK_IN_MONTH=3,AM_PM=1,HOUR=7,HOUR_OF_DAY=19,MINUTE=26,SECOND=21,MILLISECOND=310,ZONE_OFFSET=0,DST_OFFSET=0], message=null}
19:26:21.313 [main] DEBUG org.hibernate.SQL - insert into LogEntries (logCode, message, primaryUser, secondaryUser, time, id) values (?, ?, ?, ?, ?, ?)
Hibernate: insert into LogEntries (logCode, message, primaryUser, secondaryUser, time, id) values (?, ?, ?, ?, ?, ?)
19:26:21.315 [main] DEBUG o.h.e.j.internal.JdbcCoordinatorImpl - HHH000420: Closing un-released batch
19:26:21.315 [main] DEBUG o.h.e.t.internal.TransactionImpl - begin
19:26:21.315 [main] DEBUG org.hibernate.SQL - select next_val as id_val from hibernate_sequence for update
Hibernate: select next_val as id_val from hibernate_sequence for update
19:26:21.316 [main] DEBUG org.hibernate.SQL - update hibernate_sequence set next_val= ? where next_val=?
Hibernate: update hibernate_sequence set next_val= ? where next_val=?
19:26:21.317 [main] DEBUG o.h.e.i.AbstractSaveEventListener - Generated identifier: 512, using strategy: org.hibernate.id.enhanced.SequenceStyleGenerator
19:26:21.318 [main] DEBUG o.h.e.t.internal.TransactionImpl - committing
19:26:21.318 [main] DEBUG o.h.e.i.AbstractFlushingEventListener - Processing flush-time cascades
19:26:21.318 [main] DEBUG o.h.e.i.AbstractFlushingEventListener - Dirty checking collections
19:26:21.318 [main] DEBUG o.h.e.i.AbstractFlushingEventListener - Flushed: 1 insertions, 0 updates, 0 deletions to 1 objects
19:26:21.318 [main] DEBUG o.h.e.i.AbstractFlushingEventListener - Flushed: 0 (re)creations, 0 updates, 0 removals to 0 collections
19:26:21.318 [main] DEBUG o.h.internal.util.EntityPrinter - Listing entities:
19:26:21.318 [main] DEBUG o.h.internal.util.EntityPrinter - edu.ncsu.csc.itrust2.models.persistent.LogEntry{secondaryUser=null, logCode=5, primaryUser=logapitest, id=512, time=java.util.GregorianCalendar[time=1521660381315,areFieldsSet=true,areAllFieldsSet=true,lenient=true,zone=sun.util.calendar.ZoneInfo[id="Etc/UTC",offset=0,dstSavings=0,useDaylight=false,transitions=0,lastRule=null],firstDayOfWeek=1,minimalDaysInFirstWeek=1,ERA=1,YEAR=2018,MONTH=2,WEEK_OF_YEAR=12,WEEK_OF_MONTH=4,DAY_OF_MONTH=21,DAY_OF_YEAR=80,DAY_OF_WEEK=4,DAY_OF_WEEK_IN_MONTH=3,AM_PM=1,HOUR=7,HOUR_OF_DAY=19,MINUTE=26,SECOND=21,MILLISECOND=315,ZONE_OFFSET=0,DST_OFFSET=0], message=null}
19:26:21.318 [main] DEBUG org.hibernate.SQL - insert into LogEntries (logCode, message, primaryUser, secondaryUser, time, id) values (?, ?, ?, ?, ?, ?)
Hibernate: insert into LogEntries (logCode, message, primaryUser, secondaryUser, time, id) values (?, ?, ?, ?, ?, ?)
19:26:21.320 [main] DEBUG o.h.e.j.internal.JdbcCoordinatorImpl - HHH000420: Closing un-released batch
19:26:21.320 [main] DEBUG o.h.e.t.internal.TransactionImpl - begin
19:26:21.321 [main] DEBUG org.hibernate.SQL - select next_val as id_val from hibernate_sequence for update
Hibernate: select next_val as id_val from hibernate_sequence for update
19:26:21.321 [main] DEBUG org.hibernate.SQL - update hibernate_sequence set next_val= ? where next_val=?
Hibernate: update hibernate_sequence set next_val= ? where next_val=?
19:26:21.322 [main] DEBUG o.h.e.i.AbstractSaveEventListener - Generated identifier: 513, using strategy: org.hibernate.id.enhanced.SequenceStyleGenerator
19:26:21.323 [main] DEBUG o.h.e.t.internal.TransactionImpl - committing
19:26:21.323 [main] DEBUG o.h.e.i.AbstractFlushingEventListener - Processing flush-time cascades
19:26:21.323 [main] DEBUG o.h.e.i.AbstractFlushingEventListener - Dirty checking collections
19:26:21.323 [main] DEBUG o.h.e.i.AbstractFlushingEventListener - Flushed: 1 insertions, 0 updates, 0 deletions to 1 objects
19:26:21.323 [main] DEBUG o.h.e.i.AbstractFlushingEventListener - Flushed: 0 (re)creations, 0 updates, 0 removals to 0 collections
19:26:21.323 [main] DEBUG o.h.internal.util.EntityPrinter - Listing entities:
19:26:21.323 [main] DEBUG o.h.internal.util.EntityPrinter - edu.ncsu.csc.itrust2.models.persistent.LogEntry{secondaryUser=null, logCode=5, primaryUser=logapitest, id=513, time=java.util.GregorianCalendar[time=1521660381320,areFieldsSet=true,areAllFieldsSet=true,lenient=true,zone=sun.util.calendar.ZoneInfo[id="Etc/UTC",offset=0,dstSavings=0,useDaylight=false,transitions=0,lastRule=null],firstDayOfWeek=1,minimalDaysInFirstWeek=1,ERA=1,YEAR=2018,MONTH=2,WEEK_OF_YEAR=12,WEEK_OF_MONTH=4,DAY_OF_MONTH=21,DAY_OF_YEAR=80,DAY_OF_WEEK=4,DAY_OF_WEEK_IN_MONTH=3,AM_PM=1,HOUR=7,HOUR_OF_DAY=19,MINUTE=26,SECOND=21,MILLISECOND=320,ZONE_OFFSET=0,DST_OFFSET=0], message=null}
19:26:21.323 [main] DEBUG org.hibernate.SQL - insert into LogEntries (logCode, message, primaryUser, secondaryUser, time, id) values (?, ?, ?, ?, ?, ?)
Hibernate: insert into LogEntries (logCode, message, primaryUser, secondaryUser, time, id) values (?, ?, ?, ?, ?, ?)
19:26:21.326 [main] DEBUG o.h.e.j.internal.JdbcCoordinatorImpl - HHH000420: Closing un-released batch
19:26:21.326 [main] DEBUG o.h.e.t.internal.TransactionImpl - begin
19:26:21.333 [main] DEBUG org.hibernate.SQL - select next_val as id_val from hibernate_sequence for update
Hibernate: select next_val as id_val from hibernate_sequence for update
19:26:21.334 [main] DEBUG org.hibernate.SQL - update hibernate_sequence set next_val= ? where next_val=?
Hibernate: update hibernate_sequence set next_val= ? where next_val=?
19:26:21.335 [main] DEBUG o.h.e.i.AbstractSaveEventListener - Generated identifier: 514, using strategy: org.hibernate.id.enhanced.SequenceStyleGenerator
19:26:21.335 [main] DEBUG o.h.e.t.internal.TransactionImpl - committing
19:26:21.342 [main] DEBUG o.h.e.i.AbstractFlushingEventListener - Processing flush-time cascades
19:26:21.342 [main] DEBUG o.h.e.i.AbstractFlushingEventListener - Dirty checking collections
19:26:21.342 [main] DEBUG o.h.e.i.AbstractFlushingEventListener - Flushed: 1 insertions, 0 updates, 0 deletions to 1 objects
19:26:21.342 [main] DEBUG o.h.e.i.AbstractFlushingEventListener - Flushed: 0 (re)creations, 0 updates, 0 removals to 0 collections
19:26:21.342 [main] DEBUG o.h.internal.util.EntityPrinter - Listing entities:
19:26:21.342 [main] DEBUG o.h.internal.util.EntityPrinter - edu.ncsu.csc.itrust2.models.persistent.LogEntry{secondaryUser=null, logCode=5, primaryUser=logapitest, id=514, time=java.util.GregorianCalendar[time=1521660381326,areFieldsSet=true,areAllFieldsSet=true,lenient=true,zone=sun.util.calendar.ZoneInfo[id="Etc/UTC",offset=0,dstSavings=0,useDaylight=false,transitions=0,lastRule=null],firstDayOfWeek=1,minimalDaysInFirstWeek=1,ERA=1,YEAR=2018,MONTH=2,WEEK_OF_YEAR=12,WEEK_OF_MONTH=4,DAY_OF_MONTH=21,DAY_OF_YEAR=80,DAY_OF_WEEK=4,DAY_OF_WEEK_IN_MONTH=3,AM_PM=1,HOUR=7,HOUR_OF_DAY=19,MINUTE=26,SECOND=21,MILLISECOND=326,ZONE_OFFSET=0,DST_OFFSET=0], message=null}
19:26:21.343 [main] DEBUG org.hibernate.SQL - insert into LogEntries (logCode, message, primaryUser, secondaryUser, time, id) values (?, ?, ?, ?, ?, ?)
Hibernate: insert into LogEntries (logCode, message, primaryUser, secondaryUser, time, id) values (?, ?, ?, ?, ?, ?)
19:26:21.344 [main] DEBUG o.h.e.j.internal.JdbcCoordinatorImpl - HHH000420: Closing un-released batch
19:26:21.344 [main] DEBUG o.h.e.t.internal.TransactionImpl - begin
19:26:21.345 [main] DEBUG org.hibernate.SQL - select next_val as id_val from hibernate_sequence for update
Hibernate: select next_val as id_val from hibernate_sequence for update
19:26:21.345 [main] DEBUG org.hibernate.SQL - update hibernate_sequence set next_val= ? where next_val=?
Hibernate: update hibernate_sequence set next_val= ? where next_val=?
19:26:21.346 [main] DEBUG o.h.e.i.AbstractSaveEventListener - Generated identifier: 515, using strategy: org.hibernate.id.enhanced.SequenceStyleGenerator
19:26:21.347 [main] DEBUG o.h.e.t.internal.TransactionImpl - committing
19:26:21.347 [main] DEBUG o.h.e.i.AbstractFlushingEventListener - Processing flush-time cascades
19:26:21.347 [main] DEBUG o.h.e.i.AbstractFlushingEventListener - Dirty checking collections
19:26:21.347 [main] DEBUG o.h.e.i.AbstractFlushingEventListener - Flushed: 1 insertions, 0 updates, 0 deletions to 1 objects
19:26:21.347 [main] DEBUG o.h.e.i.AbstractFlushingEventListener - Flushed: 0 (re)creations, 0 updates, 0 removals to 0 collections
19:26:21.347 [main] DEBUG o.h.internal.util.EntityPrinter - Listing entities:
19:26:21.347 [main] DEBUG o.h.internal.util.EntityPrinter - edu.ncsu.csc.itrust2.models.persistent.LogEntry{secondaryUser=null, logCode=5, primaryUser=logapitest, id=515, time=java.util.GregorianCalendar[time=1521660381344,areFieldsSet=true,areAllFieldsSet=true,lenient=true,zone=sun.util.calendar.ZoneInfo[id="Etc/UTC",offset=0,dstSavings=0,useDaylight=false,transitions=0,lastRule=null],firstDayOfWeek=1,minimalDaysInFirstWeek=1,ERA=1,YEAR=2018,MONTH=2,WEEK_OF_YEAR=12,WEEK_OF_MONTH=4,DAY_OF_MONTH=21,DAY_OF_YEAR=80,DAY_OF_WEEK=4,DAY_OF_WEEK_IN_MONTH=3,AM_PM=1,HOUR=7,HOUR_OF_DAY=19,MINUTE=26,SECOND=21,MILLISECOND=344,ZONE_OFFSET=0,DST_OFFSET=0], message=null}
19:26:21.348 [main] DEBUG org.hibernate.SQL - insert into LogEntries (logCode, message, primaryUser, secondaryUser, time, id) values (?, ?, ?, ?, ?, ?)
Hibernate: insert into LogEntries (logCode, message, primaryUser, secondaryUser, time, id) values (?, ?, ?, ?, ?, ?)
19:26:21.349 [main] DEBUG o.h.e.j.internal.JdbcCoordinatorImpl - HHH000420: Closing un-released batch
19:26:21.350 [main] DEBUG o.h.e.t.internal.TransactionImpl - begin
19:26:21.350 [main] DEBUG org.hibernate.SQL - select next_val as id_val from hibernate_sequence for update
Hibernate: select next_val as id_val from hibernate_sequence for update
19:26:21.351 [main] DEBUG org.hibernate.SQL - update hibernate_sequence set next_val= ? where next_val=?
Hibernate: update hibernate_sequence set next_val= ? where next_val=?
19:26:21.352 [main] DEBUG o.h.e.i.AbstractSaveEventListener - Generated identifier: 516, using strategy: org.hibernate.id.enhanced.SequenceStyleGenerator
19:26:21.352 [main] DEBUG o.h.e.t.internal.TransactionImpl - committing
19:26:21.352 [main] DEBUG o.h.e.i.AbstractFlushingEventListener - Processing flush-time cascades
19:26:21.352 [main] DEBUG o.h.e.i.AbstractFlushingEventListener - Dirty checking collections
19:26:21.353 [main] DEBUG o.h.e.i.AbstractFlushingEventListener - Flushed: 1 insertions, 0 updates, 0 deletions to 1 objects
19:26:21.353 [main] DEBUG o.h.e.i.AbstractFlushingEventListener - Flushed: 0 (re)creations, 0 updates, 0 removals to 0 collections
19:26:21.353 [main] DEBUG o.h.internal.util.EntityPrinter - Listing entities:
19:26:21.353 [main] DEBUG o.h.internal.util.EntityPrinter - edu.ncsu.csc.itrust2.models.persistent.LogEntry{secondaryUser=null, logCode=5, primaryUser=logapitest, id=516, time=java.util.GregorianCalendar[time=1521660381349,areFieldsSet=true,areAllFieldsSet=true,lenient=true,zone=sun.util.calendar.ZoneInfo[id="Etc/UTC",offset=0,dstSavings=0,useDaylight=false,transitions=0,lastRule=null],firstDayOfWeek=1,minimalDaysInFirstWeek=1,ERA=1,YEAR=2018,MONTH=2,WEEK_OF_YEAR=12,WEEK_OF_MONTH=4,DAY_OF_MONTH=21,DAY_OF_YEAR=80,DAY_OF_WEEK=4,DAY_OF_WEEK_IN_MONTH=3,AM_PM=1,HOUR=7,HOUR_OF_DAY=19,MINUTE=26,SECOND=21,MILLISECOND=349,ZONE_OFFSET=0,DST_OFFSET=0], message=null}
19:26:21.353 [main] DEBUG org.hibernate.SQL - insert into LogEntries (logCode, message, primaryUser, secondaryUser, time, id) values (?, ?, ?, ?, ?, ?)
Hibernate: insert into LogEntries (logCode, message, primaryUser, secondaryUser, time, id) values (?, ?, ?, ?, ?, ?)
19:26:21.354 [main] DEBUG o.h.e.j.internal.JdbcCoordinatorImpl - HHH000420: Closing un-released batch
19:26:21.355 [main] DEBUG o.h.e.t.internal.TransactionImpl - begin
19:26:21.355 [main] DEBUG org.hibernate.SQL - select next_val as id_val from hibernate_sequence for update
Hibernate: select next_val as id_val from hibernate_sequence for update
19:26:21.356 [main] DEBUG org.hibernate.SQL - update hibernate_sequence set next_val= ? where next_val=?
Hibernate: update hibernate_sequence set next_val= ? where next_val=?
19:26:21.357 [main] DEBUG o.h.e.i.AbstractSaveEventListener - Generated identifier: 517, using strategy: org.hibernate.id.enhanced.SequenceStyleGenerator
19:26:21.357 [main] DEBUG o.h.e.t.internal.TransactionImpl - committing
19:26:21.357 [main] DEBUG o.h.e.i.AbstractFlushingEventListener - Processing flush-time cascades
19:26:21.357 [main] DEBUG o.h.e.i.AbstractFlushingEventListener - Dirty checking collections
19:26:21.357 [main] DEBUG o.h.e.i.AbstractFlushingEventListener - Flushed: 1 insertions, 0 updates, 0 deletions to 1 objects
19:26:21.357 [main] DEBUG o.h.e.i.AbstractFlushingEventListener - Flushed: 0 (re)creations, 0 updates, 0 removals to 0 collections
19:26:21.357 [main] DEBUG o.h.internal.util.EntityPrinter - Listing entities:
19:26:21.358 [main] DEBUG o.h.internal.util.EntityPrinter - edu.ncsu.csc.itrust2.models.persistent.LogEntry{secondaryUser=null, logCode=5, primaryUser=logapitest, id=517, time=java.util.GregorianCalendar[time=1521660381355,areFieldsSet=true,areAllFieldsSet=true,lenient=true,zone=sun.util.calendar.ZoneInfo[id="Etc/UTC",offset=0,dstSavings=0,useDaylight=false,transitions=0,lastRule=null],firstDayOfWeek=1,minimalDaysInFirstWeek=1,ERA=1,YEAR=2018,MONTH=2,WEEK_OF_YEAR=12,WEEK_OF_MONTH=4,DAY_OF_MONTH=21,DAY_OF_YEAR=80,DAY_OF_WEEK=4,DAY_OF_WEEK_IN_MONTH=3,AM_PM=1,HOUR=7,HOUR_OF_DAY=19,MINUTE=26,SECOND=21,MILLISECOND=355,ZONE_OFFSET=0,DST_OFFSET=0], message=null}
19:26:21.358 [main] DEBUG org.hibernate.SQL - insert into LogEntries (logCode, message, primaryUser, secondaryUser, time, id) values (?, ?, ?, ?, ?, ?)
Hibernate: insert into LogEntries (logCode, message, primaryUser, secondaryUser, time, id) values (?, ?, ?, ?, ?, ?)
19:26:21.359 [main] DEBUG o.h.e.j.internal.JdbcCoordinatorImpl - HHH000420: Closing un-released batch
19:26:21.359 [main] DEBUG o.h.e.t.internal.TransactionImpl - begin
19:26:21.360 [main] DEBUG org.hibernate.SQL - select next_val as id_val from hibernate_sequence for update
Hibernate: select next_val as id_val from hibernate_sequence for update
19:26:21.360 [main] DEBUG org.hibernate.SQL - update hibernate_sequence set next_val= ? where next_val=?
Hibernate: update hibernate_sequence set next_val= ? where next_val=?
19:26:21.361 [main] DEBUG o.h.e.i.AbstractSaveEventListener - Generated identifier: 518, using strategy: org.hibernate.id.enhanced.SequenceStyleGenerator
19:26:21.361 [main] DEBUG o.h.e.t.internal.TransactionImpl - committing
19:26:21.362 [main] DEBUG o.h.e.i.AbstractFlushingEventListener - Processing flush-time cascades
19:26:21.362 [main] DEBUG o.h.e.i.AbstractFlushingEventListener - Dirty checking collections
19:26:21.362 [main] DEBUG o.h.e.i.AbstractFlushingEventListener - Flushed: 1 insertions, 0 updates, 0 deletions to 1 objects
19:26:21.362 [main] DEBUG o.h.e.i.AbstractFlushingEventListener - Flushed: 0 (re)creations, 0 updates, 0 removals to 0 collections
19:26:21.362 [main] DEBUG o.h.internal.util.EntityPrinter - Listing entities:
19:26:21.362 [main] DEBUG o.h.internal.util.EntityPrinter - edu.ncsu.csc.itrust2.models.persistent.LogEntry{secondaryUser=null, logCode=5, primaryUser=logapitest, id=518, time=java.util.GregorianCalendar[time=1521660381359,areFieldsSet=true,areAllFieldsSet=true,lenient=true,zone=sun.util.calendar.ZoneInfo[id="Etc/UTC",offset=0,dstSavings=0,useDaylight=false,transitions=0,lastRule=null],firstDayOfWeek=1,minimalDaysInFirstWeek=1,ERA=1,YEAR=2018,MONTH=2,WEEK_OF_YEAR=12,WEEK_OF_MONTH=4,DAY_OF_MONTH=21,DAY_OF_YEAR=80,DAY_OF_WEEK=4,DAY_OF_WEEK_IN_MONTH=3,AM_PM=1,HOUR=7,HOUR_OF_DAY=19,MINUTE=26,SECOND=21,MILLISECOND=359,ZONE_OFFSET=0,DST_OFFSET=0], message=null}
19:26:21.362 [main] DEBUG org.hibernate.SQL - insert into LogEntries (logCode, message, primaryUser, secondaryUser, time, id) values (?, ?, ?, ?, ?, ?)
Hibernate: insert into LogEntries (logCode, message, primaryUser, secondaryUser, time, id) values (?, ?, ?, ?, ?, ?)
19:26:21.364 [main] DEBUG o.h.e.j.internal.JdbcCoordinatorImpl - HHH000420: Closing un-released batch
19:26:21.364 [main] DEBUG o.h.e.t.internal.TransactionImpl - begin
19:26:21.365 [main] DEBUG org.hibernate.SQL - select next_val as id_val from hibernate_sequence for update
Hibernate: select next_val as id_val from hibernate_sequence for update
19:26:21.365 [main] DEBUG org.hibernate.SQL - update hibernate_sequence set next_val= ? where next_val=?
Hibernate: update hibernate_sequence set next_val= ? where next_val=?
19:26:21.366 [main] DEBUG o.h.e.i.AbstractSaveEventListener - Generated identifier: 519, using strategy: org.hibernate.id.enhanced.SequenceStyleGenerator
19:26:21.367 [main] DEBUG o.h.e.t.internal.TransactionImpl - committing
19:26:21.367 [main] DEBUG o.h.e.i.AbstractFlushingEventListener - Processing flush-time cascades
19:26:21.367 [main] DEBUG o.h.e.i.AbstractFlushingEventListener - Dirty checking collections
19:26:21.367 [main] DEBUG o.h.e.i.AbstractFlushingEventListener - Flushed: 1 insertions, 0 updates, 0 deletions to 1 objects
19:26:21.367 [main] DEBUG o.h.e.i.AbstractFlushingEventListener - Flushed: 0 (re)creations, 0 updates, 0 removals to 0 collections
19:26:21.367 [main] DEBUG o.h.internal.util.EntityPrinter - Listing entities:
19:26:21.367 [main] DEBUG o.h.internal.util.EntityPrinter - edu.ncsu.csc.itrust2.models.persistent.LogEntry{secondaryUser=null, logCode=5, primaryUser=logapitest, id=519, time=java.util.GregorianCalendar[time=1521660381364,areFieldsSet=true,areAllFieldsSet=true,lenient=true,zone=sun.util.calendar.ZoneInfo[id="Etc/UTC",offset=0,dstSavings=0,useDaylight=false,transitions=0,lastRule=null],firstDayOfWeek=1,minimalDaysInFirstWeek=1,ERA=1,YEAR=2018,MONTH=2,WEEK_OF_YEAR=12,WEEK_OF_MONTH=4,DAY_OF_MONTH=21,DAY_OF_YEAR=80,DAY_OF_WEEK=4,DAY_OF_WEEK_IN_MONTH=3,AM_PM=1,HOUR=7,HOUR_OF_DAY=19,MINUTE=26,SECOND=21,MILLISECOND=364,ZONE_OFFSET=0,DST_OFFSET=0], message=null}
19:26:21.368 [main] DEBUG org.hibernate.SQL - insert into LogEntries (logCode, message, primaryUser, secondaryUser, time, id) values (?, ?, ?, ?, ?, ?)
Hibernate: insert into LogEntries (logCode, message, primaryUser, secondaryUser, time, id) values (?, ?, ?, ?, ?, ?)
19:26:21.369 [main] DEBUG o.h.e.j.internal.JdbcCoordinatorImpl - HHH000420: Closing un-released batch
19:26:21.370 [main] DEBUG o.h.e.t.internal.TransactionImpl - begin
19:26:21.370 [main] DEBUG org.hibernate.SQL - select next_val as id_val from hibernate_sequence for update
Hibernate: select next_val as id_val from hibernate_sequence for update
19:26:21.371 [main] DEBUG org.hibernate.SQL - update hibernate_sequence set next_val= ? where next_val=?
Hibernate: update hibernate_sequence set next_val= ? where next_val=?
19:26:21.372 [main] DEBUG o.h.e.i.AbstractSaveEventListener - Generated identifier: 520, using strategy: org.hibernate.id.enhanced.SequenceStyleGenerator
19:26:21.372 [main] DEBUG o.h.e.t.internal.TransactionImpl - committing
19:26:21.373 [main] DEBUG o.h.e.i.AbstractFlushingEventListener - Processing flush-time cascades
19:26:21.373 [main] DEBUG o.h.e.i.AbstractFlushingEventListener - Dirty checking collections
19:26:21.373 [main] DEBUG o.h.e.i.AbstractFlushingEventListener - Flushed: 1 insertions, 0 updates, 0 deletions to 1 objects
19:26:21.373 [main] DEBUG o.h.e.i.AbstractFlushingEventListener - Flushed: 0 (re)creations, 0 updates, 0 removals to 0 collections
19:26:21.373 [main] DEBUG o.h.internal.util.EntityPrinter - Listing entities:
19:26:21.373 [main] DEBUG o.h.internal.util.EntityPrinter - edu.ncsu.csc.itrust2.models.persistent.LogEntry{secondaryUser=null, logCode=5, primaryUser=logapitest, id=520, time=java.util.GregorianCalendar[time=1521660381369,areFieldsSet=true,areAllFieldsSet=true,lenient=true,zone=sun.util.calendar.ZoneInfo[id="Etc/UTC",offset=0,dstSavings=0,useDaylight=false,transitions=0,lastRule=null],firstDayOfWeek=1,minimalDaysInFirstWeek=1,ERA=1,YEAR=2018,MONTH=2,WEEK_OF_YEAR=12,WEEK_OF_MONTH=4,DAY_OF_MONTH=21,DAY_OF_YEAR=80,DAY_OF_WEEK=4,DAY_OF_WEEK_IN_MONTH=3,AM_PM=1,HOUR=7,HOUR_OF_DAY=19,MINUTE=26,SECOND=21,MILLISECOND=369,ZONE_OFFSET=0,DST_OFFSET=0], message=null}
19:26:21.373 [main] DEBUG org.hibernate.SQL - insert into LogEntries (logCode, message, primaryUser, secondaryUser, time, id) values (?, ?, ?, ?, ?, ?)
Hibernate: insert into LogEntries (logCode, message, primaryUser, secondaryUser, time, id) values (?, ?, ?, ?, ?, ?)
19:26:21.375 [main] DEBUG o.h.e.j.internal.JdbcCoordinatorImpl - HHH000420: Closing un-released batch
19:26:21.375 [main] DEBUG o.h.e.t.internal.TransactionImpl - begin
19:26:21.375 [main] DEBUG org.hibernate.SQL - select next_val as id_val from hibernate_sequence for update
Hibernate: select next_val as id_val from hibernate_sequence for update
19:26:21.376 [main] DEBUG org.hibernate.SQL - update hibernate_sequence set next_val= ? where next_val=?
Hibernate: update hibernate_sequence set next_val= ? where next_val=?
19:26:21.377 [main] DEBUG o.h.e.i.AbstractSaveEventListener - Generated identifier: 521, using strategy: org.hibernate.id.enhanced.SequenceStyleGenerator
19:26:21.377 [main] DEBUG o.h.e.t.internal.TransactionImpl - committing
19:26:21.377 [main] DEBUG o.h.e.i.AbstractFlushingEventListener - Processing flush-time cascades
19:26:21.377 [main] DEBUG o.h.e.i.AbstractFlushingEventListener - Dirty checking collections
19:26:21.377 [main] DEBUG o.h.e.i.AbstractFlushingEventListener - Flushed: 1 insertions, 0 updates, 0 deletions to 1 objects
19:26:21.377 [main] DEBUG o.h.e.i.AbstractFlushingEventListener - Flushed: 0 (re)creations, 0 updates, 0 removals to 0 collections
19:26:21.377 [main] DEBUG o.h.internal.util.EntityPrinter - Listing entities:
19:26:21.377 [main] DEBUG o.h.internal.util.EntityPrinter - edu.ncsu.csc.itrust2.models.persistent.LogEntry{secondaryUser=null, logCode=5, primaryUser=logapitest, id=521, time=java.util.GregorianCalendar[time=1521660381375,areFieldsSet=true,areAllFieldsSet=true,lenient=true,zone=sun.util.calendar.ZoneInfo[id="Etc/UTC",offset=0,dstSavings=0,useDaylight=false,transitions=0,lastRule=null],firstDayOfWeek=1,minimalDaysInFirstWeek=1,ERA=1,YEAR=2018,MONTH=2,WEEK_OF_YEAR=12,WEEK_OF_MONTH=4,DAY_OF_MONTH=21,DAY_OF_YEAR=80,DAY_OF_WEEK=4,DAY_OF_WEEK_IN_MONTH=3,AM_PM=1,HOUR=7,HOUR_OF_DAY=19,MINUTE=26,SECOND=21,MILLISECOND=375,ZONE_OFFSET=0,DST_OFFSET=0], message=null}
19:26:21.378 [main] DEBUG org.hibernate.SQL - insert into LogEntries (logCode, message, primaryUser, secondaryUser, time, id) values (?, ?, ?, ?, ?, ?)
Hibernate: insert into LogEntries (logCode, message, primaryUser, secondaryUser, time, id) values (?, ?, ?, ?, ?, ?)
19:26:21.379 [main] DEBUG o.h.e.j.internal.JdbcCoordinatorImpl - HHH000420: Closing un-released batch
19:26:21.379 [main] DEBUG o.h.e.t.internal.TransactionImpl - begin
19:26:21.380 [main] DEBUG org.hibernate.SQL - select next_val as id_val from hibernate_sequence for update
Hibernate: select next_val as id_val from hibernate_sequence for update
19:26:21.380 [main] DEBUG org.hibernate.SQL - update hibernate_sequence set next_val= ? where next_val=?
Hibernate: update hibernate_sequence set next_val= ? where next_val=?
19:26:21.381 [main] DEBUG o.h.e.i.AbstractSaveEventListener - Generated identifier: 522, using strategy: org.hibernate.id.enhanced.SequenceStyleGenerator
19:26:21.382 [main] DEBUG o.h.e.t.internal.TransactionImpl - committing
19:26:21.382 [main] DEBUG o.h.e.i.AbstractFlushingEventListener - Processing flush-time cascades
19:26:21.382 [main] DEBUG o.h.e.i.AbstractFlushingEventListener - Dirty checking collections
19:26:21.382 [main] DEBUG o.h.e.i.AbstractFlushingEventListener - Flushed: 1 insertions, 0 updates, 0 deletions to 1 objects
19:26:21.382 [main] DEBUG o.h.e.i.AbstractFlushingEventListener - Flushed: 0 (re)creations, 0 updates, 0 removals to 0 collections
19:26:21.382 [main] DEBUG o.h.internal.util.EntityPrinter - Listing entities:
19:26:21.382 [main] DEBUG o.h.internal.util.EntityPrinter - edu.ncsu.csc.itrust2.models.persistent.LogEntry{secondaryUser=null, logCode=5, primaryUser=logapitest, id=522, time=java.util.GregorianCalendar[time=1521660381379,areFieldsSet=true,areAllFieldsSet=true,lenient=true,zone=sun.util.calendar.ZoneInfo[id="Etc/UTC",offset=0,dstSavings=0,useDaylight=false,transitions=0,lastRule=null],firstDayOfWeek=1,minimalDaysInFirstWeek=1,ERA=1,YEAR=2018,MONTH=2,WEEK_OF_YEAR=12,WEEK_OF_MONTH=4,DAY_OF_MONTH=21,DAY_OF_YEAR=80,DAY_OF_WEEK=4,DAY_OF_WEEK_IN_MONTH=3,AM_PM=1,HOUR=7,HOUR_OF_DAY=19,MINUTE=26,SECOND=21,MILLISECOND=379,ZONE_OFFSET=0,DST_OFFSET=0], message=null}
19:26:21.383 [main] DEBUG org.hibernate.SQL - insert into LogEntries (logCode, message, primaryUser, secondaryUser, time, id) values (?, ?, ?, ?, ?, ?)
Hibernate: insert into LogEntries (logCode, message, primaryUser, secondaryUser, time, id) values (?, ?, ?, ?, ?, ?)
19:26:21.385 [main] DEBUG o.h.e.j.internal.JdbcCoordinatorImpl - HHH000420: Closing un-released batch
19:26:21.386 [main] DEBUG o.h.e.t.internal.TransactionImpl - begin
19:26:21.387 [main] DEBUG org.hibernate.SQL - select next_val as id_val from hibernate_sequence for update
Hibernate: select next_val as id_val from hibernate_sequence for update
19:26:21.387 [main] DEBUG org.hibernate.SQL - update hibernate_sequence set next_val= ? where next_val=?
Hibernate: update hibernate_sequence set next_val= ? where next_val=?
19:26:21.457 [main] DEBUG o.h.e.i.AbstractSaveEventListener - Generated identifier: 523, using strategy: org.hibernate.id.enhanced.SequenceStyleGenerator
19:26:21.457 [main] DEBUG o.h.e.t.internal.TransactionImpl - committing
19:26:21.457 [main] DEBUG o.h.e.i.AbstractFlushingEventListener - Processing flush-time cascades
19:26:21.457 [main] DEBUG o.h.e.i.AbstractFlushingEventListener - Dirty checking collections
19:26:21.457 [main] DEBUG o.h.e.i.AbstractFlushingEventListener - Flushed: 1 insertions, 0 updates, 0 deletions to 1 objects
19:26:21.457 [main] DEBUG o.h.e.i.AbstractFlushingEventListener - Flushed: 0 (re)creations, 0 updates, 0 removals to 0 collections
19:26:21.458 [main] DEBUG o.h.internal.util.EntityPrinter - Listing entities:
19:26:21.458 [main] DEBUG o.h.internal.util.EntityPrinter - edu.ncsu.csc.itrust2.models.persistent.LogEntry{secondaryUser=null, logCode=5, primaryUser=logapitest, id=523, time=java.util.GregorianCalendar[time=1521660381386,areFieldsSet=true,areAllFieldsSet=true,lenient=true,zone=sun.util.calendar.ZoneInfo[id="Etc/UTC",offset=0,dstSavings=0,useDaylight=false,transitions=0,lastRule=null],firstDayOfWeek=1,minimalDaysInFirstWeek=1,ERA=1,YEAR=2018,MONTH=2,WEEK_OF_YEAR=12,WEEK_OF_MONTH=4,DAY_OF_MONTH=21,DAY_OF_YEAR=80,DAY_OF_WEEK=4,DAY_OF_WEEK_IN_MONTH=3,AM_PM=1,HOUR=7,HOUR_OF_DAY=19,MINUTE=26,SECOND=21,MILLISECOND=386,ZONE_OFFSET=0,DST_OFFSET=0], message=null}
19:26:21.458 [main] DEBUG org.hibernate.SQL - insert into LogEntries (logCode, message, primaryUser, secondaryUser, time, id) values (?, ?, ?, ?, ?, ?)
Hibernate: insert into LogEntries (logCode, message, primaryUser, secondaryUser, time, id) values (?, ?, ?, ?, ?, ?)
19:26:21.463 [main] DEBUG o.h.e.j.internal.JdbcCoordinatorImpl - HHH000420: Closing un-released batch
19:26:21.468 [main] DEBUG o.h.e.t.internal.TransactionImpl - begin
19:26:21.474 [main] DEBUG org.hibernate.SQL - select next_val as id_val from hibernate_sequence for update
Hibernate: select next_val as id_val from hibernate_sequence for update
19:26:21.475 [main] DEBUG org.hibernate.SQL - update hibernate_sequence set next_val= ? where next_val=?
Hibernate: update hibernate_sequence set next_val= ? where next_val=?
19:26:21.476 [main] DEBUG o.h.e.i.AbstractSaveEventListener - Generated identifier: 524, using strategy: org.hibernate.id.enhanced.SequenceStyleGenerator
19:26:21.476 [main] DEBUG o.h.e.t.internal.TransactionImpl - committing
19:26:21.478 [main] DEBUG o.h.e.i.AbstractFlushingEventListener - Processing flush-time cascades
19:26:21.478 [main] DEBUG o.h.e.i.AbstractFlushingEventListener - Dirty checking collections
19:26:21.478 [main] DEBUG o.h.e.i.AbstractFlushingEventListener - Flushed: 1 insertions, 0 updates, 0 deletions to 1 objects
19:26:21.478 [main] DEBUG o.h.e.i.AbstractFlushingEventListener - Flushed: 0 (re)creations, 0 updates, 0 removals to 0 collections
19:26:21.478 [main] DEBUG o.h.internal.util.EntityPrinter - Listing entities:
19:26:21.478 [main] DEBUG o.h.internal.util.EntityPrinter - edu.ncsu.csc.itrust2.models.persistent.LogEntry{secondaryUser=null, logCode=5, primaryUser=logapitest, id=524, time=java.util.GregorianCalendar[time=1521660381464,areFieldsSet=true,areAllFieldsSet=true,lenient=true,zone=sun.util.calendar.ZoneInfo[id="Etc/UTC",offset=0,dstSavings=0,useDaylight=false,transitions=0,lastRule=null],firstDayOfWeek=1,minimalDaysInFirstWeek=1,ERA=1,YEAR=2018,MONTH=2,WEEK_OF_YEAR=12,WEEK_OF_MONTH=4,DAY_OF_MONTH=21,DAY_OF_YEAR=80,DAY_OF_WEEK=4,DAY_OF_WEEK_IN_MONTH=3,AM_PM=1,HOUR=7,HOUR_OF_DAY=19,MINUTE=26,SECOND=21,MILLISECOND=464,ZONE_OFFSET=0,DST_OFFSET=0], message=null}
19:26:21.478 [main] DEBUG org.hibernate.SQL - insert into LogEntries (logCode, message, primaryUser, secondaryUser, time, id) values (?, ?, ?, ?, ?, ?)
Hibernate: insert into LogEntries (logCode, message, primaryUser, secondaryUser, time, id) values (?, ?, ?, ?, ?, ?)
19:26:21.479 [main] DEBUG o.h.e.j.internal.JdbcCoordinatorImpl - HHH000420: Closing un-released batch
19:26:21.480 [main] DEBUG o.h.e.t.internal.TransactionImpl - begin
19:26:21.480 [main] DEBUG org.hibernate.SQL - select next_val as id_val from hibernate_sequence for update
Hibernate: select next_val as id_val from hibernate_sequence for update
19:26:21.481 [main] DEBUG org.hibernate.SQL - update hibernate_sequence set next_val= ? where next_val=?
Hibernate: update hibernate_sequence set next_val= ? where next_val=?
19:26:21.482 [main] DEBUG o.h.e.i.AbstractSaveEventListener - Generated identifier: 525, using strategy: org.hibernate.id.enhanced.SequenceStyleGenerator
19:26:21.482 [main] DEBUG o.h.e.t.internal.TransactionImpl - committing
19:26:21.482 [main] DEBUG o.h.e.i.AbstractFlushingEventListener - Processing flush-time cascades
19:26:21.483 [main] DEBUG o.h.e.i.AbstractFlushingEventListener - Dirty checking collections
19:26:21.483 [main] DEBUG o.h.e.i.AbstractFlushingEventListener - Flushed: 1 insertions, 0 updates, 0 deletions to 1 objects
19:26:21.483 [main] DEBUG o.h.e.i.AbstractFlushingEventListener - Flushed: 0 (re)creations, 0 updates, 0 removals to 0 collections
19:26:21.483 [main] DEBUG o.h.internal.util.EntityPrinter - Listing entities:
19:26:21.483 [main] DEBUG o.h.internal.util.EntityPrinter - edu.ncsu.csc.itrust2.models.persistent.LogEntry{secondaryUser=null, logCode=5, primaryUser=logapitest, id=525, time=java.util.GregorianCalendar[time=1521660381480,areFieldsSet=true,areAllFieldsSet=true,lenient=true,zone=sun.util.calendar.ZoneInfo[id="Etc/UTC",offset=0,dstSavings=0,useDaylight=false,transitions=0,lastRule=null],firstDayOfWeek=1,minimalDaysInFirstWeek=1,ERA=1,YEAR=2018,MONTH=2,WEEK_OF_YEAR=12,WEEK_OF_MONTH=4,DAY_OF_MONTH=21,DAY_OF_YEAR=80,DAY_OF_WEEK=4,DAY_OF_WEEK_IN_MONTH=3,AM_PM=1,HOUR=7,HOUR_OF_DAY=19,MINUTE=26,SECOND=21,MILLISECOND=480,ZONE_OFFSET=0,DST_OFFSET=0], message=null}
19:26:21.490 [main] DEBUG org.hibernate.SQL - insert into LogEntries (logCode, message, primaryUser, secondaryUser, time, id) values (?, ?, ?, ?, ?, ?)
Hibernate: insert into LogEntries (logCode, message, primaryUser, secondaryUser, time, id) values (?, ?, ?, ?, ?, ?)
19:26:21.492 [main] DEBUG o.h.e.j.internal.JdbcCoordinatorImpl - HHH000420: Closing un-released batch
19:26:21.492 [main] DEBUG o.h.e.t.internal.TransactionImpl - begin
19:26:21.492 [main] DEBUG org.hibernate.SQL - select next_val as id_val from hibernate_sequence for update
Hibernate: select next_val as id_val from hibernate_sequence for update
19:26:21.493 [main] DEBUG org.hibernate.SQL - update hibernate_sequence set next_val= ? where next_val=?
Hibernate: update hibernate_sequence set next_val= ? where next_val=?
19:26:21.494 [main] DEBUG o.h.e.i.AbstractSaveEventListener - Generated identifier: 526, using strategy: org.hibernate.id.enhanced.SequenceStyleGenerator
19:26:21.494 [main] DEBUG o.h.e.t.internal.TransactionImpl - committing
19:26:21.494 [main] DEBUG o.h.e.i.AbstractFlushingEventListener - Processing flush-time cascades
19:26:21.494 [main] DEBUG o.h.e.i.AbstractFlushingEventListener - Dirty checking collections
19:26:21.494 [main] DEBUG o.h.e.i.AbstractFlushingEventListener - Flushed: 1 insertions, 0 updates, 0 deletions to 1 objects
19:26:21.494 [main] DEBUG o.h.e.i.AbstractFlushingEventListener - Flushed: 0 (re)creations, 0 updates, 0 removals to 0 collections
19:26:21.494 [main] DEBUG o.h.internal.util.EntityPrinter - Listing entities:
19:26:21.494 [main] DEBUG o.h.internal.util.EntityPrinter - edu.ncsu.csc.itrust2.models.persistent.LogEntry{secondaryUser=null, logCode=5, primaryUser=logapitest, id=526, time=java.util.GregorianCalendar[time=1521660381492,areFieldsSet=true,areAllFieldsSet=true,lenient=true,zone=sun.util.calendar.ZoneInfo[id="Etc/UTC",offset=0,dstSavings=0,useDaylight=false,transitions=0,lastRule=null],firstDayOfWeek=1,minimalDaysInFirstWeek=1,ERA=1,YEAR=2018,MONTH=2,WEEK_OF_YEAR=12,WEEK_OF_MONTH=4,DAY_OF_MONTH=21,DAY_OF_YEAR=80,DAY_OF_WEEK=4,DAY_OF_WEEK_IN_MONTH=3,AM_PM=1,HOUR=7,HOUR_OF_DAY=19,MINUTE=26,SECOND=21,MILLISECOND=492,ZONE_OFFSET=0,DST_OFFSET=0], message=null}
19:26:21.495 [main] DEBUG org.hibernate.SQL - insert into LogEntries (logCode, message, primaryUser, secondaryUser, time, id) values (?, ?, ?, ?, ?, ?)
Hibernate: insert into LogEntries (logCode, message, primaryUser, secondaryUser, time, id) values (?, ?, ?, ?, ?, ?)
19:26:21.496 [main] DEBUG o.h.e.j.internal.JdbcCoordinatorImpl - HHH000420: Closing un-released batch
19:26:21.500 [main] DEBUG o.s.t.w.s.TestDispatcherServlet - DispatcherServlet with name '' processing POST request for [/api/v1/logentries/range]
19:26:21.500 [main] DEBUG o.s.w.s.m.m.a.RequestMappingHandlerMapping - Looking up handler method for path /api/v1/logentries/range
19:26:21.501 [main] DEBUG o.s.w.s.m.m.a.RequestMappingHandlerMapping - Returning handler method [public org.springframework.http.ResponseEntity edu.ncsu.csc.itrust2.controllers.api.APILogEntryController.getEntryByDateRange(edu.ncsu.csc.itrust2.controllers.api.comm.LogEntryRequestBody)]
19:26:21.501 [main] DEBUG o.s.b.f.s.DefaultListableBeanFactory - Returning cached instance of singleton bean 'APILogEntryController'
19:26:21.506 [main] DEBUG o.s.w.s.m.m.a.RequestResponseBodyMethodProcessor - Read [class edu.ncsu.csc.itrust2.controllers.api.comm.LogEntryRequestBody] as "application/json" with [org.springframework.http.converter.json.GsonHttpMessageConverter@5c2b5dfa]
19:26:21.509 [main] DEBUG o.h.e.t.internal.TransactionImpl - begin
19:26:21.513 [main] DEBUG org.hibernate.SQL - select this_.id as id1_6_0_, this_.logCode as logCode2_6_0_, this_.message as message3_6_0_, this_.primaryUser as primaryU4_6_0_, this_.secondaryUser as secondar5_6_0_, this_.time as time6_6_0_ from LogEntries this_ where this_.time between ? and ? and (this_.primaryUser=? or this_.secondaryUser=?)
Hibernate: select this_.id as id1_6_0_, this_.logCode as logCode2_6_0_, this_.message as message3_6_0_, this_.primaryUser as primaryU4_6_0_, this_.secondaryUser as secondar5_6_0_, this_.time as time6_6_0_ from LogEntries this_ where this_.time between ? and ? and (this_.primaryUser=? or this_.secondaryUser=?)
19:26:21.515 [main] DEBUG org.hibernate.loader.Loader - Result set row: 0
19:26:21.515 [main] DEBUG org.hibernate.loader.Loader - Result row: EntityKey[edu.ncsu.csc.itrust2.models.persistent.LogEntry#27]
19:26:21.516 [main] DEBUG org.hibernate.loader.Loader - Result set row: 1
19:26:21.516 [main] DEBUG org.hibernate.loader.Loader - Result row: EntityKey[edu.ncsu.csc.itrust2.models.persistent.LogEntry#28]
19:26:21.516 [main] DEBUG org.hibernate.loader.Loader - Result set row: 2
19:26:21.516 [main] DEBUG org.hibernate.loader.Loader - Result row: EntityKey[edu.ncsu.csc.itrust2.models.persistent.LogEntry#29]
19:26:21.517 [main] DEBUG org.hibernate.loader.Loader - Result set row: 3
19:26:21.517 [main] DEBUG org.hibernate.loader.Loader - Result row: EntityKey[edu.ncsu.csc.itrust2.models.persistent.LogEntry#30]
19:26:21.517 [main] DEBUG org.hibernate.loader.Loader - Result set row: 4
19:26:21.517 [main] DEBUG org.hibernate.loader.Loader - Result row: EntityKey[edu.ncsu.csc.itrust2.models.persistent.LogEntry#31]
19:26:21.517 [main] DEBUG org.hibernate.loader.Loader - Result set row: 5
19:26:21.517 [main] DEBUG org.hibernate.loader.Loader - Result row: EntityKey[edu.ncsu.csc.itrust2.models.persistent.LogEntry#32]
19:26:21.517 [main] DEBUG org.hibernate.loader.Loader - Result set row: 6
19:26:21.517 [main] DEBUG org.hibernate.loader.Loader - Result row: EntityKey[edu.ncsu.csc.itrust2.models.persistent.LogEntry#33]
19:26:21.517 [main] DEBUG org.hibernate.loader.Loader - Result set row: 7
19:26:21.517 [main] DEBUG org.hibernate.loader.Loader - Result row: EntityKey[edu.ncsu.csc.itrust2.models.persistent.LogEntry#34]
19:26:21.517 [main] DEBUG org.hibernate.loader.Loader - Result set row: 8
19:26:21.517 [main] DEBUG org.hibernate.loader.Loader - Result row: EntityKey[edu.ncsu.csc.itrust2.models.persistent.LogEntry#35]
19:26:21.518 [main] DEBUG org.hibernate.loader.Loader - Result set row: 9
19:26:21.518 [main] DEBUG org.hibernate.loader.Loader - Result row: EntityKey[edu.ncsu.csc.itrust2.models.persistent.LogEntry#36]
19:26:21.518 [main] DEBUG org.hibernate.loader.Loader - Result set row: 10
19:26:21.519 [main] DEBUG org.hibernate.loader.Loader - Result row: EntityKey[edu.ncsu.csc.itrust2.models.persistent.LogEntry#37]
19:26:21.519 [main] DEBUG org.hibernate.loader.Loader - Result set row: 11
19:26:21.519 [main] DEBUG org.hibernate.loader.Loader - Result row: EntityKey[edu.ncsu.csc.itrust2.models.persistent.LogEntry#38]
19:26:21.520 [main] DEBUG org.hibernate.loader.Loader - Result set row: 12
19:26:21.520 [main] DEBUG org.hibernate.loader.Loader - Result row: EntityKey[edu.ncsu.csc.itrust2.models.persistent.LogEntry#39]
19:26:21.521 [main] DEBUG org.hibernate.loader.Loader - Result set row: 13
19:26:21.521 [main] DEBUG org.hibernate.loader.Loader - Result row: EntityKey[edu.ncsu.csc.itrust2.models.persistent.LogEntry#40]
19:26:21.522 [main] DEBUG org.hibernate.loader.Loader - Result set row: 14
19:26:21.522 [main] DEBUG org.hibernate.loader.Loader - Result row: EntityKey[edu.ncsu.csc.itrust2.models.persistent.LogEntry#41]
19:26:21.523 [main] DEBUG org.hibernate.loader.Loader - Result set row: 15
19:26:21.523 [main] DEBUG org.hibernate.loader.Loader - Result row: EntityKey[edu.ncsu.csc.itrust2.models.persistent.LogEntry#42]
19:26:21.523 [main] DEBUG org.hibernate.loader.Loader - Result set row: 16
19:26:21.523 [main] DEBUG org.hibernate.loader.Loader - Result row: EntityKey[edu.ncsu.csc.itrust2.models.persistent.LogEntry#43]
19:26:21.524 [main] DEBUG org.hibernate.loader.Loader - Result set row: 17
19:26:21.524 [main] DEBUG org.hibernate.loader.Loader - Result row: EntityKey[edu.ncsu.csc.itrust2.models.persistent.LogEntry#44]
19:26:21.524 [main] DEBUG org.hibernate.loader.Loader - Result set row: 18
19:26:21.524 [main] DEBUG org.hibernate.loader.Loader - Result row: EntityKey[edu.ncsu.csc.itrust2.models.persistent.LogEntry#45]
19:26:21.524 [main] DEBUG org.hibernate.loader.Loader - Result set row: 19
19:26:21.524 [main] DEBUG org.hibernate.loader.Loader - Result row: EntityKey[edu.ncsu.csc.itrust2.models.persistent.LogEntry#46]
19:26:21.524 [main] DEBUG org.hibernate.loader.Loader - Result set row: 20
19:26:21.525 [main] DEBUG org.hibernate.loader.Loader - Result row: EntityKey[edu.ncsu.csc.itrust2.models.persistent.LogEntry#47]
19:26:21.525 [main] DEBUG org.hibernate.loader.Loader - Result set row: 21
19:26:21.525 [main] DEBUG org.hibernate.loader.Loader - Result row: EntityKey[edu.ncsu.csc.itrust2.models.persistent.LogEntry#48]
19:26:21.525 [main] DEBUG org.hibernate.loader.Loader - Result set row: 22
19:26:21.525 [main] DEBUG org.hibernate.loader.Loader - Result row: EntityKey[edu.ncsu.csc.itrust2.models.persistent.LogEntry#49]
19:26:21.525 [main] DEBUG org.hibernate.loader.Loader - Result set row: 23
19:26:21.525 [main] DEBUG org.hibernate.loader.Loader - Result row: EntityKey[edu.ncsu.csc.itrust2.models.persistent.LogEntry#50]
19:26:21.525 [main] DEBUG org.hibernate.loader.Loader - Result set row: 24
19:26:21.525 [main] DEBUG org.hibernate.loader.Loader - Result row: EntityKey[edu.ncsu.csc.itrust2.models.persistent.LogEntry#51]
19:26:21.525 [main] DEBUG org.hibernate.loader.Loader - Result set row: 25
19:26:21.526 [main] DEBUG org.hibernate.loader.Loader - Result row: EntityKey[edu.ncsu.csc.itrust2.models.persistent.LogEntry#52]
19:26:21.526 [main] DEBUG org.hibernate.loader.Loader - Result set row: 26
19:26:21.526 [main] DEBUG org.hibernate.loader.Loader - Result row: EntityKey[edu.ncsu.csc.itrust2.models.persistent.LogEntry#53]
19:26:21.526 [main] DEBUG org.hibernate.loader.Loader - Result set row: 27
19:26:21.526 [main] DEBUG org.hibernate.loader.Loader - Result row: EntityKey[edu.ncsu.csc.itrust2.models.persistent.LogEntry#54]
19:26:21.526 [main] DEBUG org.hibernate.loader.Loader - Result set row: 28
19:26:21.527 [main] DEBUG org.hibernate.loader.Loader - Result row: EntityKey[edu.ncsu.csc.itrust2.models.persistent.LogEntry#55]
19:26:21.528 [main] DEBUG org.hibernate.loader.Loader - Result set row: 29
19:26:21.528 [main] DEBUG org.hibernate.loader.Loader - Result row: EntityKey[edu.ncsu.csc.itrust2.models.persistent.LogEntry#56]
19:26:21.528 [main] DEBUG org.hibernate.loader.Loader - Result set row: 30
19:26:21.528 [main] DEBUG org.hibernate.loader.Loader - Result row: EntityKey[edu.ncsu.csc.itrust2.models.persistent.LogEntry#57]
19:26:21.528 [main] DEBUG org.hibernate.loader.Loader - Result set row: 31
19:26:21.528 [main] DEBUG org.hibernate.loader.Loader - Result row: EntityKey[edu.ncsu.csc.itrust2.models.persistent.LogEntry#58]
19:26:21.529 [main] DEBUG org.hibernate.loader.Loader - Result set row: 32
19:26:21.529 [main] DEBUG org.hibernate.loader.Loader - Result row: EntityKey[edu.ncsu.csc.itrust2.models.persistent.LogEntry#59]
19:26:21.529 [main] DEBUG org.hibernate.loader.Loader - Result set row: 33
19:26:21.529 [main] DEBUG org.hibernate.loader.Loader - Result row: EntityKey[edu.ncsu.csc.itrust2.models.persistent.LogEntry#60]
19:26:21.530 [main] DEBUG org.hibernate.loader.Loader - Result set row: 34
19:26:21.530 [main] DEBUG org.hibernate.loader.Loader - Result row: EntityKey[edu.ncsu.csc.itrust2.models.persistent.LogEntry#61]
19:26:21.531 [main] DEBUG org.hibernate.loader.Loader - Result set row: 35
19:26:21.531 [main] DEBUG org.hibernate.loader.Loader - Result row: EntityKey[edu.ncsu.csc.itrust2.models.persistent.LogEntry#62]
19:26:21.532 [main] DEBUG org.hibernate.loader.Loader - Result set row: 36
19:26:21.532 [main] DEBUG org.hibernate.loader.Loader - Result row: EntityKey[edu.ncsu.csc.itrust2.models.persistent.LogEntry#63]
19:26:21.532 [main] DEBUG org.hibernate.loader.Loader - Result set row: 37
19:26:21.532 [main] DEBUG org.hibernate.loader.Loader - Result row: EntityKey[edu.ncsu.csc.itrust2.models.persistent.LogEntry#64]
19:26:21.532 [main] DEBUG org.hibernate.loader.Loader - Result set row: 38
19:26:21.533 [main] DEBUG org.hibernate.loader.Loader - Result row: EntityKey[edu.ncsu.csc.itrust2.models.persistent.LogEntry#65]
19:26:21.533 [main] DEBUG org.hibernate.loader.Loader - Result set row: 39
19:26:21.533 [main] DEBUG org.hibernate.loader.Loader - Result row: EntityKey[edu.ncsu.csc.itrust2.models.persistent.LogEntry#66]
19:26:21.533 [main] DEBUG org.hibernate.loader.Loader - Result set row: 40
19:26:21.533 [main] DEBUG org.hibernate.loader.Loader - Result row: EntityKey[edu.ncsu.csc.itrust2.models.persistent.LogEntry#67]
19:26:21.533 [main] DEBUG org.hibernate.loader.Loader - Result set row: 41
19:26:21.533 [main] DEBUG org.hibernate.loader.Loader - Result row: EntityKey[edu.ncsu.csc.itrust2.models.persistent.LogEntry#68]
19:26:21.534 [main] DEBUG org.hibernate.loader.Loader - Result set row: 42
19:26:21.534 [main] DEBUG org.hibernate.loader.Loader - Result row: EntityKey[edu.ncsu.csc.itrust2.models.persistent.LogEntry#69]
19:26:21.534 [main] DEBUG org.hibernate.loader.Loader - Result set row: 43
19:26:21.534 [main] DEBUG org.hibernate.loader.Loader - Result row: EntityKey[edu.ncsu.csc.itrust2.models.persistent.LogEntry#70]
19:26:21.534 [main] DEBUG org.hibernate.loader.Loader - Result set row: 44
19:26:21.534 [main] DEBUG org.hibernate.loader.Loader - Result row: EntityKey[edu.ncsu.csc.itrust2.models.persistent.LogEntry#71]
19:26:21.534 [main] DEBUG org.hibernate.loader.Loader - Result set row: 45
19:26:21.534 [main] DEBUG org.hibernate.loader.Loader - Result row: EntityKey[edu.ncsu.csc.itrust2.models.persistent.LogEntry#72]
19:26:21.534 [main] DEBUG org.hibernate.loader.Loader - Result set row: 46
19:26:21.534 [main] DEBUG org.hibernate.loader.Loader - Result row: EntityKey[edu.ncsu.csc.itrust2.models.persistent.LogEntry#73]
19:26:21.534 [main] DEBUG org.hibernate.loader.Loader - Result set row: 47
19:26:21.534 [main] DEBUG org.hibernate.loader.Loader - Result row: EntityKey[edu.ncsu.csc.itrust2.models.persistent.LogEntry#74]
19:26:21.534 [main] DEBUG org.hibernate.loader.Loader - Result set row: 48
19:26:21.534 [main] DEBUG org.hibernate.loader.Loader - Result row: EntityKey[edu.ncsu.csc.itrust2.models.persistent.LogEntry#75]
19:26:21.535 [main] DEBUG org.hibernate.loader.Loader - Result set row: 49
19:26:21.535 [main] DEBUG org.hibernate.loader.Loader - Result row: EntityKey[edu.ncsu.csc.itrust2.models.persistent.LogEntry#76]
19:26:21.535 [main] DEBUG org.hibernate.loader.Loader - Result set row: 50
19:26:21.535 [main] DEBUG org.hibernate.loader.Loader - Result row: EntityKey[edu.ncsu.csc.itrust2.models.persistent.LogEntry#77]
19:26:21.535 [main] DEBUG org.hibernate.loader.Loader - Result set row: 51
19:26:21.536 [main] DEBUG org.hibernate.loader.Loader - Result row: EntityKey[edu.ncsu.csc.itrust2.models.persistent.LogEntry#78]
19:26:21.536 [main] DEBUG org.hibernate.loader.Loader - Result set row: 52
19:26:21.536 [main] DEBUG org.hibernate.loader.Loader - Result row: EntityKey[edu.ncsu.csc.itrust2.models.persistent.LogEntry#79]
19:26:21.536 [main] DEBUG org.hibernate.loader.Loader - Result set row: 53
19:26:21.536 [main] DEBUG org.hibernate.loader.Loader - Result row: EntityKey[edu.ncsu.csc.itrust2.models.persistent.LogEntry#80]
19:26:21.536 [main] DEBUG org.hibernate.loader.Loader - Result set row: 54
19:26:21.536 [main] DEBUG org.hibernate.loader.Loader - Result row: EntityKey[edu.ncsu.csc.itrust2.models.persistent.LogEntry#81]
19:26:21.536 [main] DEBUG org.hibernate.loader.Loader - Result set row: 55
19:26:21.536 [main] DEBUG org.hibernate.loader.Loader - Result row: EntityKey[edu.ncsu.csc.itrust2.models.persistent.LogEntry#82]
19:26:21.536 [main] DEBUG org.hibernate.loader.Loader - Result set row: 56
19:26:21.536 [main] DEBUG org.hibernate.loader.Loader - Result row: EntityKey[edu.ncsu.csc.itrust2.models.persistent.LogEntry#83]
19:26:21.537 [main] DEBUG org.hibernate.loader.Loader - Result set row: 57
19:26:21.537 [main] DEBUG org.hibernate.loader.Loader - Result row: EntityKey[edu.ncsu.csc.itrust2.models.persistent.LogEntry#84]
19:26:21.537 [main] DEBUG org.hibernate.loader.Loader - Result set row: 58
19:26:21.537 [main] DEBUG org.hibernate.loader.Loader - Result row: EntityKey[edu.ncsu.csc.itrust2.models.persistent.LogEntry#85]
19:26:21.537 [main] DEBUG org.hibernate.loader.Loader - Result set row: 59
19:26:21.537 [main] DEBUG org.hibernate.loader.Loader - Result row: EntityKey[edu.ncsu.csc.itrust2.models.persistent.LogEntry#86]
19:26:21.537 [main] DEBUG org.hibernate.loader.Loader - Result set row: 60
19:26:21.537 [main] DEBUG org.hibernate.loader.Loader - Result row: EntityKey[edu.ncsu.csc.itrust2.models.persistent.LogEntry#87]
19:26:21.538 [main] DEBUG org.hibernate.loader.Loader - Result set row: 61
19:26:21.538 [main] DEBUG org.hibernate.loader.Loader - Result row: EntityKey[edu.ncsu.csc.itrust2.models.persistent.LogEntry#88]
19:26:21.538 [main] DEBUG org.hibernate.loader.Loader - Result set row: 62
19:26:21.538 [main] DEBUG org.hibernate.loader.Loader - Result row: EntityKey[edu.ncsu.csc.itrust2.models.persistent.LogEntry#89]
19:26:21.538 [main] DEBUG org.hibernate.loader.Loader - Result set row: 63
19:26:21.538 [main] DEBUG org.hibernate.loader.Loader - Result row: EntityKey[edu.ncsu.csc.itrust2.models.persistent.LogEntry#90]
19:26:21.539 [main] DEBUG org.hibernate.loader.Loader - Result set row: 64
19:26:21.539 [main] DEBUG org.hibernate.loader.Loader - Result row: EntityKey[edu.ncsu.csc.itrust2.models.persistent.LogEntry#91]
19:26:21.539 [main] DEBUG org.hibernate.loader.Loader - Result set row: 65
19:26:21.539 [main] DEBUG org.hibernate.loader.Loader - Result row: EntityKey[edu.ncsu.csc.itrust2.models.persistent.LogEntry#92]
19:26:21.539 [main] DEBUG org.hibernate.loader.Loader - Result set row: 66
19:26:21.539 [main] DEBUG org.hibernate.loader.Loader - Result row: EntityKey[edu.ncsu.csc.itrust2.models.persistent.LogEntry#93]
19:26:21.539 [main] DEBUG org.hibernate.loader.Loader - Result set row: 67
19:26:21.539 [main] DEBUG org.hibernate.loader.Loader - Result row: EntityKey[edu.ncsu.csc.itrust2.models.persistent.LogEntry#94]
19:26:21.540 [main] DEBUG org.hibernate.loader.Loader - Result set row: 68
19:26:21.540 [main] DEBUG org.hibernate.loader.Loader - Result row: EntityKey[edu.ncsu.csc.itrust2.models.persistent.LogEntry#95]
19:26:21.540 [main] DEBUG org.hibernate.loader.Loader - Result set row: 69
19:26:21.540 [main] DEBUG org.hibernate.loader.Loader - Result row: EntityKey[edu.ncsu.csc.itrust2.models.persistent.LogEntry#96]
19:26:21.540 [main] DEBUG org.hibernate.loader.Loader - Result set row: 70
19:26:21.540 [main] DEBUG org.hibernate.loader.Loader - Result row: EntityKey[edu.ncsu.csc.itrust2.models.persistent.LogEntry#97]
19:26:21.540 [main] DEBUG org.hibernate.loader.Loader - Result set row: 71
19:26:21.540 [main] DEBUG org.hibernate.loader.Loader - Result row: EntityKey[edu.ncsu.csc.itrust2.models.persistent.LogEntry#98]
19:26:21.540 [main] DEBUG org.hibernate.loader.Loader - Result set row: 72
19:26:21.540 [main] DEBUG org.hibernate.loader.Loader - Result row: EntityKey[edu.ncsu.csc.itrust2.models.persistent.LogEntry#99]
19:26:21.541 [main] DEBUG org.hibernate.loader.Loader - Result set row: 73
19:26:21.541 [main] DEBUG org.hibernate.loader.Loader - Result row: EntityKey[edu.ncsu.csc.itrust2.models.persistent.LogEntry#100]
19:26:21.541 [main] DEBUG org.hibernate.loader.Loader - Result set row: 74
19:26:21.541 [main] DEBUG org.hibernate.loader.Loader - Result row: EntityKey[edu.ncsu.csc.itrust2.models.persistent.LogEntry#101]
19:26:21.541 [main] DEBUG org.hibernate.loader.Loader - Result set row: 75
19:26:21.541 [main] DEBUG org.hibernate.loader.Loader - Result row: EntityKey[edu.ncsu.csc.itrust2.models.persistent.LogEntry#102]
19:26:21.541 [main] DEBUG org.hibernate.loader.Loader - Result set row: 76
19:26:21.541 [main] DEBUG org.hibernate.loader.Loader - Result row: EntityKey[edu.ncsu.csc.itrust2.models.persistent.LogEntry#103]
19:26:21.541 [main] DEBUG org.hibernate.loader.Loader - Result set row: 77
19:26:21.542 [main] DEBUG org.hibernate.loader.Loader - Result row: EntityKey[edu.ncsu.csc.itrust2.models.persistent.LogEntry#104]
19:26:21.542 [main] DEBUG org.hibernate.loader.Loader - Result set row: 78
19:26:21.543 [main] DEBUG org.hibernate.loader.Loader - Result row: EntityKey[edu.ncsu.csc.itrust2.models.persistent.LogEntry#105]
19:26:21.543 [main] DEBUG org.hibernate.loader.Loader - Result set row: 79
19:26:21.543 [main] DEBUG org.hibernate.loader.Loader - Result row: EntityKey[edu.ncsu.csc.itrust2.models.persistent.LogEntry#106]
19:26:21.543 [main] DEBUG org.hibernate.loader.Loader - Result set row: 80
19:26:21.543 [main] DEBUG org.hibernate.loader.Loader - Result row: EntityKey[edu.ncsu.csc.itrust2.models.persistent.LogEntry#107]
19:26:21.543 [main] DEBUG org.hibernate.loader.Loader - Result set row: 81
19:26:21.543 [main] DEBUG org.hibernate.loader.Loader - Result row: EntityKey[edu.ncsu.csc.itrust2.models.persistent.LogEntry#108]
19:26:21.543 [main] DEBUG org.hibernate.loader.Loader - Result set row: 82
19:26:21.543 [main] DEBUG org.hibernate.loader.Loader - Result row: EntityKey[edu.ncsu.csc.itrust2.models.persistent.LogEntry#109]
19:26:21.543 [main] DEBUG org.hibernate.loader.Loader - Result set row: 83
19:26:21.543 [main] DEBUG org.hibernate.loader.Loader - Result row: EntityKey[edu.ncsu.csc.itrust2.models.persistent.LogEntry#110]
19:26:21.544 [main] DEBUG org.hibernate.loader.Loader - Result set row: 84
19:26:21.544 [main] DEBUG org.hibernate.loader.Loader - Result row: EntityKey[edu.ncsu.csc.itrust2.models.persistent.LogEntry#111]
19:26:21.544 [main] DEBUG org.hibernate.loader.Loader - Result set row: 85
19:26:21.544 [main] DEBUG org.hibernate.loader.Loader - Result row: EntityKey[edu.ncsu.csc.itrust2.models.persistent.LogEntry#112]
19:26:21.544 [main] DEBUG org.hibernate.loader.Loader - Result set row: 86
19:26:21.544 [main] DEBUG org.hibernate.loader.Loader - Result row: EntityKey[edu.ncsu.csc.itrust2.models.persistent.LogEntry#113]
19:26:21.544 [main] DEBUG org.hibernate.loader.Loader - Result set row: 87
19:26:21.544 [main] DEBUG org.hibernate.loader.Loader - Result row: EntityKey[edu.ncsu.csc.itrust2.models.persistent.LogEntry#114]
19:26:21.544 [main] DEBUG org.hibernate.loader.Loader - Result set row: 88
19:26:21.545 [main] DEBUG org.hibernate.loader.Loader - Result row: EntityKey[edu.ncsu.csc.itrust2.models.persistent.LogEntry#115]
19:26:21.545 [main] DEBUG org.hibernate.loader.Loader - Result set row: 89
19:26:21.545 [main] DEBUG org.hibernate.loader.Loader - Result row: EntityKey[edu.ncsu.csc.itrust2.models.persistent.LogEntry#116]
19:26:21.545 [main] DEBUG org.hibernate.loader.Loader - Result set row: 90
19:26:21.545 [main] DEBUG org.hibernate.loader.Loader - Result row: EntityKey[edu.ncsu.csc.itrust2.models.persistent.LogEntry#117]
19:26:21.545 [main] DEBUG org.hibernate.loader.Loader - Result set row: 91
19:26:21.545 [main] DEBUG org.hibernate.loader.Loader - Result row: EntityKey[edu.ncsu.csc.itrust2.models.persistent.LogEntry#118]
19:26:21.545 [main] DEBUG org.hibernate.loader.Loader - Result set row: 92
19:26:21.545 [main] DEBUG org.hibernate.loader.Loader - Result row: EntityKey[edu.ncsu.csc.itrust2.models.persistent.LogEntry#119]
19:26:21.545 [main] DEBUG org.hibernate.loader.Loader - Result set row: 93
19:26:21.545 [main] DEBUG org.hibernate.loader.Loader - Result row: EntityKey[edu.ncsu.csc.itrust2.models.persistent.LogEntry#120]
19:26:21.545 [main] DEBUG org.hibernate.loader.Loader - Result set row: 94
19:26:21.545 [main] DEBUG org.hibernate.loader.Loader - Result row: EntityKey[edu.ncsu.csc.itrust2.models.persistent.LogEntry#121]
19:26:21.546 [main] DEBUG org.hibernate.loader.Loader - Result set row: 95
19:26:21.546 [main] DEBUG org.hibernate.loader.Loader - Result row: EntityKey[edu.ncsu.csc.itrust2.models.persistent.LogEntry#122]
19:26:21.546 [main] DEBUG org.hibernate.loader.Loader - Result set row: 96
19:26:21.546 [main] DEBUG org.hibernate.loader.Loader - Result row: EntityKey[edu.ncsu.csc.itrust2.models.persistent.LogEntry#123]
19:26:21.546 [main] DEBUG org.hibernate.loader.Loader - Result set row: 97
19:26:21.546 [main] DEBUG org.hibernate.loader.Loader - Result row: EntityKey[edu.ncsu.csc.itrust2.models.persistent.LogEntry#124]
19:26:21.546 [main] DEBUG org.hibernate.loader.Loader - Result set row: 98
19:26:21.546 [main] DEBUG org.hibernate.loader.Loader - Result row: EntityKey[edu.ncsu.csc.itrust2.models.persistent.LogEntry#125]
19:26:21.546 [main] DEBUG org.hibernate.loader.Loader - Result set row: 99
19:26:21.546 [main] DEBUG org.hibernate.loader.Loader - Result row: EntityKey[edu.ncsu.csc.itrust2.models.persistent.LogEntry#126]
19:26:21.553 [main] DEBUG org.hibernate.loader.Loader - Result set row: 100
19:26:21.553 [main] DEBUG org.hibernate.loader.Loader - Result row: EntityKey[edu.ncsu.csc.itrust2.models.persistent.LogEntry#127]
19:26:21.553 [main] DEBUG org.hibernate.loader.Loader - Result set row: 101
19:26:21.553 [main] DEBUG org.hibernate.loader.Loader - Result row: EntityKey[edu.ncsu.csc.itrust2.models.persistent.LogEntry#128]
19:26:21.553 [main] DEBUG org.hibernate.loader.Loader - Result set row: 102
19:26:21.553 [main] DEBUG org.hibernate.loader.Loader - Result row: EntityKey[edu.ncsu.csc.itrust2.models.persistent.LogEntry#129]
19:26:21.553 [main] DEBUG org.hibernate.loader.Loader - Result set row: 103
19:26:21.553 [main] DEBUG org.hibernate.loader.Loader - Result row: EntityKey[edu.ncsu.csc.itrust2.models.persistent.LogEntry#130]
19:26:21.554 [main] DEBUG org.hibernate.loader.Loader - Result set row: 104
19:26:21.554 [main] DEBUG org.hibernate.loader.Loader - Result row: EntityKey[edu.ncsu.csc.itrust2.models.persistent.LogEntry#131]
19:26:21.554 [main] DEBUG org.hibernate.loader.Loader - Result set row: 105
19:26:21.554 [main] DEBUG org.hibernate.loader.Loader - Result row: EntityKey[edu.ncsu.csc.itrust2.models.persistent.LogEntry#132]
19:26:21.554 [main] DEBUG org.hibernate.loader.Loader - Result set row: 106
19:26:21.554 [main] DEBUG org.hibernate.loader.Loader - Result row: EntityKey[edu.ncsu.csc.itrust2.models.persistent.LogEntry#133]
19:26:21.554 [main] DEBUG org.hibernate.loader.Loader - Result set row: 107
19:26:21.554 [main] DEBUG org.hibernate.loader.Loader - Result row: EntityKey[edu.ncsu.csc.itrust2.models.persistent.LogEntry#134]
19:26:21.554 [main] DEBUG org.hibernate.loader.Loader - Result set row: 108
19:26:21.554 [main] DEBUG org.hibernate.loader.Loader - Result row: EntityKey[edu.ncsu.csc.itrust2.models.persistent.LogEntry#135]
19:26:21.554 [main] DEBUG org.hibernate.loader.Loader - Result set row: 109
19:26:21.554 [main] DEBUG org.hibernate.loader.Loader - Result row: EntityKey[edu.ncsu.csc.itrust2.models.persistent.LogEntry#136]
19:26:21.555 [main] DEBUG org.hibernate.loader.Loader - Result set row: 110
19:26:21.555 [main] DEBUG org.hibernate.loader.Loader - Result row: EntityKey[edu.ncsu.csc.itrust2.models.persistent.LogEntry#137]
19:26:21.555 [main] DEBUG org.hibernate.loader.Loader - Result set row: 111
19:26:21.555 [main] DEBUG org.hibernate.loader.Loader - Result row: EntityKey[edu.ncsu.csc.itrust2.models.persistent.LogEntry#138]
19:26:21.555 [main] DEBUG org.hibernate.loader.Loader - Result set row: 112
19:26:21.555 [main] DEBUG org.hibernate.loader.Loader - Result row: EntityKey[edu.ncsu.csc.itrust2.models.persistent.LogEntry#139]
19:26:21.555 [main] DEBUG org.hibernate.loader.Loader - Result set row: 113
19:26:21.555 [main] DEBUG org.hibernate.loader.Loader - Result row: EntityKey[edu.ncsu.csc.itrust2.models.persistent.LogEntry#140]
19:26:21.555 [main] DEBUG org.hibernate.loader.Loader - Result set row: 114
19:26:21.555 [main] DEBUG org.hibernate.loader.Loader - Result row: EntityKey[edu.ncsu.csc.itrust2.models.persistent.LogEntry#141]
19:26:21.555 [main] DEBUG org.hibernate.loader.Loader - Result set row: 115
19:26:21.556 [main] DEBUG org.hibernate.loader.Loader - Result row: EntityKey[edu.ncsu.csc.itrust2.models.persistent.LogEntry#142]
19:26:21.556 [main] DEBUG org.hibernate.loader.Loader - Result set row: 116
19:26:21.556 [main] DEBUG org.hibernate.loader.Loader - Result row: EntityKey[edu.ncsu.csc.itrust2.models.persistent.LogEntry#143]
19:26:21.556 [main] DEBUG org.hibernate.loader.Loader - Result set row: 117
19:26:21.556 [main] DEBUG org.hibernate.loader.Loader - Result row: EntityKey[edu.ncsu.csc.itrust2.models.persistent.LogEntry#144]
19:26:21.556 [main] DEBUG org.hibernate.loader.Loader - Result set row: 118
19:26:21.556 [main] DEBUG org.hibernate.loader.Loader - Result row: EntityKey[edu.ncsu.csc.itrust2.models.persistent.LogEntry#145]
19:26:21.556 [main] DEBUG org.hibernate.loader.Loader - Result set row: 119
19:26:21.556 [main] DEBUG org.hibernate.loader.Loader - Result row: EntityKey[edu.ncsu.csc.itrust2.models.persistent.LogEntry#146]
19:26:21.556 [main] DEBUG org.hibernate.loader.Loader - Result set row: 120
19:26:21.556 [main] DEBUG org.hibernate.loader.Loader - Result row: EntityKey[edu.ncsu.csc.itrust2.models.persistent.LogEntry#147]
19:26:21.556 [main] DEBUG org.hibernate.loader.Loader - Result set row: 121
19:26:21.556 [main] DEBUG org.hibernate.loader.Loader - Result row: EntityKey[edu.ncsu.csc.itrust2.models.persistent.LogEntry#148]
19:26:21.557 [main] DEBUG org.hibernate.loader.Loader - Result set row: 122
19:26:21.557 [main] DEBUG org.hibernate.loader.Loader - Result row: EntityKey[edu.ncsu.csc.itrust2.models.persistent.LogEntry#149]
19:26:21.557 [main] DEBUG org.hibernate.loader.Loader - Result set row: 123
19:26:21.557 [main] DEBUG org.hibernate.loader.Loader - Result row: EntityKey[edu.ncsu.csc.itrust2.models.persistent.LogEntry#150]
19:26:21.557 [main] DEBUG org.hibernate.loader.Loader - Result set row: 124
19:26:21.557 [main] DEBUG org.hibernate.loader.Loader - Result row: EntityKey[edu.ncsu.csc.itrust2.models.persistent.LogEntry#151]
19:26:21.557 [main] DEBUG org.hibernate.loader.Loader - Result set row: 125
19:26:21.557 [main] DEBUG org.hibernate.loader.Loader - Result row: EntityKey[edu.ncsu.csc.itrust2.models.persistent.LogEntry#152]
19:26:21.557 [main] DEBUG org.hibernate.loader.Loader - Result set row: 126
19:26:21.557 [main] DEBUG org.hibernate.loader.Loader - Result row: EntityKey[edu.ncsu.csc.itrust2.models.persistent.LogEntry#153]
19:26:21.557 [main] DEBUG org.hibernate.loader.Loader - Result set row: 127
19:26:21.557 [main] DEBUG org.hibernate.loader.Loader - Result row: EntityKey[edu.ncsu.csc.itrust2.models.persistent.LogEntry#154]
19:26:21.557 [main] DEBUG org.hibernate.loader.Loader - Result set row: 128
19:26:21.558 [main] DEBUG org.hibernate.loader.Loader - Result row: EntityKey[edu.ncsu.csc.itrust2.models.persistent.LogEntry#155]
19:26:21.558 [main] DEBUG org.hibernate.loader.Loader - Result set row: 129
19:26:21.558 [main] DEBUG org.hibernate.loader.Loader - Result row: EntityKey[edu.ncsu.csc.itrust2.models.persistent.LogEntry#156]
19:26:21.558 [main] DEBUG org.hibernate.loader.Loader - Result set row: 130
19:26:21.558 [main] DEBUG org.hibernate.loader.Loader - Result row: EntityKey[edu.ncsu.csc.itrust2.models.persistent.LogEntry#157]
19:26:21.558 [main] DEBUG org.hibernate.loader.Loader - Result set row: 131
19:26:21.558 [main] DEBUG org.hibernate.loader.Loader - Result row: EntityKey[edu.ncsu.csc.itrust2.models.persistent.LogEntry#158]
19:26:21.558 [main] DEBUG org.hibernate.loader.Loader - Result set row: 132
19:26:21.558 [main] DEBUG org.hibernate.loader.Loader - Result row: EntityKey[edu.ncsu.csc.itrust2.models.persistent.LogEntry#159]
19:26:21.558 [main] DEBUG org.hibernate.loader.Loader - Result set row: 133
19:26:21.558 [main] DEBUG org.hibernate.loader.Loader - Result row: EntityKey[edu.ncsu.csc.itrust2.models.persistent.LogEntry#160]
19:26:21.558 [main] DEBUG org.hibernate.loader.Loader - Result set row: 134
19:26:21.558 [main] DEBUG org.hibernate.loader.Loader - Result row: EntityKey[edu.ncsu.csc.itrust2.models.persistent.LogEntry#161]
19:26:21.559 [main] DEBUG org.hibernate.loader.Loader - Result set row: 135
19:26:21.559 [main] DEBUG org.hibernate.loader.Loader - Result row: EntityKey[edu.ncsu.csc.itrust2.models.persistent.LogEntry#162]
19:26:21.559 [main] DEBUG org.hibernate.loader.Loader - Result set row: 136
19:26:21.559 [main] DEBUG org.hibernate.loader.Loader - Result row: EntityKey[edu.ncsu.csc.itrust2.models.persistent.LogEntry#163]
19:26:21.563 [main] DEBUG org.hibernate.loader.Loader - Result set row: 137
19:26:21.563 [main] DEBUG org.hibernate.loader.Loader - Result row: EntityKey[edu.ncsu.csc.itrust2.models.persistent.LogEntry#164]
19:26:21.564 [main] DEBUG org.hibernate.loader.Loader - Result set row: 138
19:26:21.564 [main] DEBUG org.hibernate.loader.Loader - Result row: EntityKey[edu.ncsu.csc.itrust2.models.persistent.LogEntry#165]
19:26:21.564 [main] DEBUG org.hibernate.loader.Loader - Result set row: 139
19:26:21.564 [main] DEBUG org.hibernate.loader.Loader - Result row: EntityKey[edu.ncsu.csc.itrust2.models.persistent.LogEntry#166]
19:26:21.565 [main] DEBUG org.hibernate.loader.Loader - Result set row: 140
19:26:21.565 [main] DEBUG org.hibernate.loader.Loader - Result row: EntityKey[edu.ncsu.csc.itrust2.models.persistent.LogEntry#167]
19:26:21.566 [main] DEBUG org.hibernate.loader.Loader - Result set row: 141
19:26:21.566 [main] DEBUG org.hibernate.loader.Loader - Result row: EntityKey[edu.ncsu.csc.itrust2.models.persistent.LogEntry#168]
19:26:21.566 [main] DEBUG org.hibernate.loader.Loader - Result set row: 142
19:26:21.566 [main] DEBUG org.hibernate.loader.Loader - Result row: EntityKey[edu.ncsu.csc.itrust2.models.persistent.LogEntry#169]
19:26:21.566 [main] DEBUG org.hibernate.loader.Loader - Result set row: 143
19:26:21.566 [main] DEBUG org.hibernate.loader.Loader - Result row: EntityKey[edu.ncsu.csc.itrust2.models.persistent.LogEntry#170]
19:26:21.567 [main] DEBUG org.hibernate.loader.Loader - Result set row: 144
19:26:21.568 [main] DEBUG org.hibernate.loader.Loader - Result row: EntityKey[edu.ncsu.csc.itrust2.models.persistent.LogEntry#171]
19:26:21.568 [main] DEBUG org.hibernate.loader.Loader - Result set row: 145
19:26:21.568 [main] DEBUG org.hibernate.loader.Loader - Result row: EntityKey[edu.ncsu.csc.itrust2.models.persistent.LogEntry#172]
19:26:21.568 [main] DEBUG org.hibernate.loader.Loader - Result set row: 146
19:26:21.569 [main] DEBUG org.hibernate.loader.Loader - Result row: EntityKey[edu.ncsu.csc.itrust2.models.persistent.LogEntry#173]
19:26:21.569 [main] DEBUG org.hibernate.loader.Loader - Result set row: 147
19:26:21.569 [main] DEBUG org.hibernate.loader.Loader - Result row: EntityKey[edu.ncsu.csc.itrust2.models.persistent.LogEntry#174]
19:26:21.578 [main] DEBUG org.hibernate.loader.Loader - Result set row: 148
19:26:21.578 [main] DEBUG org.hibernate.loader.Loader - Result row: EntityKey[edu.ncsu.csc.itrust2.models.persistent.LogEntry#175]
19:26:21.579 [main] DEBUG org.hibernate.loader.Loader - Result set row: 149
19:26:21.579 [main] DEBUG org.hibernate.loader.Loader - Result row: EntityKey[edu.ncsu.csc.itrust2.models.persistent.LogEntry#176]
19:26:21.579 [main] DEBUG org.hibernate.loader.Loader - Result set row: 150
19:26:21.579 [main] DEBUG org.hibernate.loader.Loader - Result row: EntityKey[edu.ncsu.csc.itrust2.models.persistent.LogEntry#177]
19:26:21.579 [main] DEBUG org.hibernate.loader.Loader - Result set row: 151
19:26:21.579 [main] DEBUG org.hibernate.loader.Loader - Result row: EntityKey[edu.ncsu.csc.itrust2.models.persistent.LogEntry#178]
19:26:21.580 [main] DEBUG org.hibernate.loader.Loader - Result set row: 152
19:26:21.580 [main] DEBUG org.hibernate.loader.Loader - Result row: EntityKey[edu.ncsu.csc.itrust2.models.persistent.LogEntry#179]
19:26:21.580 [main] DEBUG org.hibernate.loader.Loader - Result set row: 153
19:26:21.580 [main] DEBUG org.hibernate.loader.Loader - Result row: EntityKey[edu.ncsu.csc.itrust2.models.persistent.LogEntry#180]
19:26:21.580 [main] DEBUG org.hibernate.loader.Loader - Result set row: 154
19:26:21.580 [main] DEBUG org.hibernate.loader.Loader - Result row: EntityKey[edu.ncsu.csc.itrust2.models.persistent.LogEntry#181]
19:26:21.580 [main] DEBUG org.hibernate.loader.Loader - Result set row: 155
19:26:21.580 [main] DEBUG org.hibernate.loader.Loader - Result row: EntityKey[edu.ncsu.csc.itrust2.models.persistent.LogEntry#182]
19:26:21.580 [main] DEBUG org.hibernate.loader.Loader - Result set row: 156
19:26:21.580 [main] DEBUG org.hibernate.loader.Loader - Result row: EntityKey[edu.ncsu.csc.itrust2.models.persistent.LogEntry#183]
19:26:21.580 [main] DEBUG org.hibernate.loader.Loader - Result set row: 157
19:26:21.580 [main] DEBUG org.hibernate.loader.Loader - Result row: EntityKey[edu.ncsu.csc.itrust2.models.persistent.LogEntry#184]
19:26:21.581 [main] DEBUG org.hibernate.loader.Loader - Result set row: 158
19:26:21.581 [main] DEBUG org.hibernate.loader.Loader - Result row: EntityKey[edu.ncsu.csc.itrust2.models.persistent.LogEntry#185]
19:26:21.581 [main] DEBUG org.hibernate.loader.Loader - Result set row: 159
19:26:21.581 [main] DEBUG org.hibernate.loader.Loader - Result row: EntityKey[edu.ncsu.csc.itrust2.models.persistent.LogEntry#186]
19:26:21.581 [main] DEBUG org.hibernate.loader.Loader - Result set row: 160
19:26:21.581 [main] DEBUG org.hibernate.loader.Loader - Result row: EntityKey[edu.ncsu.csc.itrust2.models.persistent.LogEntry#187]
19:26:21.581 [main] DEBUG org.hibernate.loader.Loader - Result set row: 161
19:26:21.581 [main] DEBUG org.hibernate.loader.Loader - Result row: EntityKey[edu.ncsu.csc.itrust2.models.persistent.LogEntry#188]
19:26:21.581 [main] DEBUG org.hibernate.loader.Loader - Result set row: 162
19:26:21.581 [main] DEBUG org.hibernate.loader.Loader - Result row: EntityKey[edu.ncsu.csc.itrust2.models.persistent.LogEntry#189]
19:26:21.581 [main] DEBUG org.hibernate.loader.Loader - Result set row: 163
19:26:21.581 [main] DEBUG org.hibernate.loader.Loader - Result row: EntityKey[edu.ncsu.csc.itrust2.models.persistent.LogEntry#190]
19:26:21.581 [main] DEBUG org.hibernate.loader.Loader - Result set row: 164
19:26:21.582 [main] DEBUG org.hibernate.loader.Loader - Result row: EntityKey[edu.ncsu.csc.itrust2.models.persistent.LogEntry#191]
19:26:21.582 [main] DEBUG org.hibernate.loader.Loader - Result set row: 165
19:26:21.582 [main] DEBUG org.hibernate.loader.Loader - Result row: EntityKey[edu.ncsu.csc.itrust2.models.persistent.LogEntry#192]
19:26:21.582 [main] DEBUG org.hibernate.loader.Loader - Result set row: 166
19:26:21.582 [main] DEBUG org.hibernate.loader.Loader - Result row: EntityKey[edu.ncsu.csc.itrust2.models.persistent.LogEntry#193]
19:26:21.582 [main] DEBUG org.hibernate.loader.Loader - Result set row: 167
19:26:21.582 [main] DEBUG org.hibernate.loader.Loader - Result row: EntityKey[edu.ncsu.csc.itrust2.models.persistent.LogEntry#194]
19:26:21.582 [main] DEBUG org.hibernate.loader.Loader - Result set row: 168
19:26:21.582 [main] DEBUG org.hibernate.loader.Loader - Result row: EntityKey[edu.ncsu.csc.itrust2.models.persistent.LogEntry#195]
19:26:21.582 [main] DEBUG org.hibernate.loader.Loader - Result set row: 169
19:26:21.582 [main] DEBUG org.hibernate.loader.Loader - Result row: EntityKey[edu.ncsu.csc.itrust2.models.persistent.LogEntry#196]
19:26:21.583 [main] DEBUG org.hibernate.loader.Loader - Result set row: 170
19:26:21.583 [main] DEBUG org.hibernate.loader.Loader - Result row: EntityKey[edu.ncsu.csc.itrust2.models.persistent.LogEntry#197]
19:26:21.583 [main] DEBUG org.hibernate.loader.Loader - Result set row: 171
19:26:21.583 [main] DEBUG org.hibernate.loader.Loader - Result row: EntityKey[edu.ncsu.csc.itrust2.models.persistent.LogEntry#198]
19:26:21.583 [main] DEBUG org.hibernate.loader.Loader - Result set row: 172
19:26:21.583 [main] DEBUG org.hibernate.loader.Loader - Result row: EntityKey[edu.ncsu.csc.itrust2.models.persistent.LogEntry#199]
19:26:21.583 [main] DEBUG org.hibernate.loader.Loader - Result set row: 173
19:26:21.584 [main] DEBUG org.hibernate.loader.Loader - Result row: EntityKey[edu.ncsu.csc.itrust2.models.persistent.LogEntry#200]
19:26:21.584 [main] DEBUG org.hibernate.loader.Loader - Result set row: 174
19:26:21.584 [main] DEBUG org.hibernate.loader.Loader - Result row: EntityKey[edu.ncsu.csc.itrust2.models.persistent.LogEntry#201]
19:26:21.584 [main] DEBUG org.hibernate.loader.Loader - Result set row: 175
19:26:21.584 [main] DEBUG org.hibernate.loader.Loader - Result row: EntityKey[edu.ncsu.csc.itrust2.models.persistent.LogEntry#202]
19:26:21.584 [main] DEBUG org.hibernate.loader.Loader - Result set row: 176
19:26:21.584 [main] DEBUG org.hibernate.loader.Loader - Result row: EntityKey[edu.ncsu.csc.itrust2.models.persistent.LogEntry#203]
19:26:21.584 [main] DEBUG org.hibernate.loader.Loader - Result set row: 177
19:26:21.584 [main] DEBUG org.hibernate.loader.Loader - Result row: EntityKey[edu.ncsu.csc.itrust2.models.persistent.LogEntry#204]
19:26:21.585 [main] DEBUG org.hibernate.loader.Loader - Result set row: 178
19:26:21.585 [main] DEBUG org.hibernate.loader.Loader - Result row: EntityKey[edu.ncsu.csc.itrust2.models.persistent.LogEntry#205]
19:26:21.585 [main] DEBUG org.hibernate.loader.Loader - Result set row: 179
19:26:21.585 [main] DEBUG org.hibernate.loader.Loader - Result row: EntityKey[edu.ncsu.csc.itrust2.models.persistent.LogEntry#206]
19:26:21.585 [main] DEBUG org.hibernate.loader.Loader - Result set row: 180
19:26:21.585 [main] DEBUG org.hibernate.loader.Loader - Result row: EntityKey[edu.ncsu.csc.itrust2.models.persistent.LogEntry#207]
19:26:21.585 [main] DEBUG org.hibernate.loader.Loader - Result set row: 181
19:26:21.585 [main] DEBUG org.hibernate.loader.Loader - Result row: EntityKey[edu.ncsu.csc.itrust2.models.persistent.LogEntry#208]
19:26:21.586 [main] DEBUG org.hibernate.loader.Loader - Result set row: 182
19:26:21.586 [main] DEBUG org.hibernate.loader.Loader - Result row: EntityKey[edu.ncsu.csc.itrust2.models.persistent.LogEntry#209]
19:26:21.586 [main] DEBUG org.hibernate.loader.Loader - Result set row: 183
19:26:21.586 [main] DEBUG org.hibernate.loader.Loader - Result row: EntityKey[edu.ncsu.csc.itrust2.models.persistent.LogEntry#210]
19:26:21.586 [main] DEBUG org.hibernate.loader.Loader - Result set row: 184
19:26:21.586 [main] DEBUG org.hibernate.loader.Loader - Result row: EntityKey[edu.ncsu.csc.itrust2.models.persistent.LogEntry#211]
19:26:21.586 [main] DEBUG org.hibernate.loader.Loader - Result set row: 185
19:26:21.586 [main] DEBUG org.hibernate.loader.Loader - Result row: EntityKey[edu.ncsu.csc.itrust2.models.persistent.LogEntry#212]
19:26:21.586 [main] DEBUG org.hibernate.loader.Loader - Result set row: 186
19:26:21.586 [main] DEBUG org.hibernate.loader.Loader - Result row: EntityKey[edu.ncsu.csc.itrust2.models.persistent.LogEntry#213]
19:26:21.587 [main] DEBUG org.hibernate.loader.Loader - Result set row: 187
19:26:21.587 [main] DEBUG org.hibernate.loader.Loader - Result row: EntityKey[edu.ncsu.csc.itrust2.models.persistent.LogEntry#214]
19:26:21.587 [main] DEBUG org.hibernate.loader.Loader - Result set row: 188
19:26:21.589 [main] DEBUG org.hibernate.loader.Loader - Result row: EntityKey[edu.ncsu.csc.itrust2.models.persistent.LogEntry#215]
19:26:21.589 [main] DEBUG org.hibernate.loader.Loader - Result set row: 189
19:26:21.590 [main] DEBUG org.hibernate.loader.Loader - Result row: EntityKey[edu.ncsu.csc.itrust2.models.persistent.LogEntry#216]
19:26:21.590 [main] DEBUG org.hibernate.loader.Loader - Result set row: 190
19:26:21.590 [main] DEBUG org.hibernate.loader.Loader - Result row: EntityKey[edu.ncsu.csc.itrust2.models.persistent.LogEntry#217]
19:26:21.590 [main] DEBUG org.hibernate.loader.Loader - Result set row: 191
19:26:21.590 [main] DEBUG org.hibernate.loader.Loader - Result row: EntityKey[edu.ncsu.csc.itrust2.models.persistent.LogEntry#218]
19:26:21.590 [main] DEBUG org.hibernate.loader.Loader - Result set row: 192
19:26:21.590 [main] DEBUG org.hibernate.loader.Loader - Result row: EntityKey[edu.ncsu.csc.itrust2.models.persistent.LogEntry#219]
19:26:21.590 [main] DEBUG org.hibernate.loader.Loader - Result set row: 193
19:26:21.590 [main] DEBUG org.hibernate.loader.Loader - Result row: EntityKey[edu.ncsu.csc.itrust2.models.persistent.LogEntry#220]
19:26:21.590 [main] DEBUG org.hibernate.loader.Loader - Result set row: 194
19:26:21.590 [main] DEBUG org.hibernate.loader.Loader - Result row: EntityKey[edu.ncsu.csc.itrust2.models.persistent.LogEntry#221]
19:26:21.591 [main] DEBUG org.hibernate.loader.Loader - Result set row: 195
19:26:21.591 [main] DEBUG org.hibernate.loader.Loader - Result row: EntityKey[edu.ncsu.csc.itrust2.models.persistent.LogEntry#222]
19:26:21.591 [main] DEBUG org.hibernate.loader.Loader - Result set row: 196
19:26:21.591 [main] DEBUG org.hibernate.loader.Loader - Result row: EntityKey[edu.ncsu.csc.itrust2.models.persistent.LogEntry#223]
19:26:21.591 [main] DEBUG org.hibernate.loader.Loader - Result set row: 197
19:26:21.591 [main] DEBUG org.hibernate.loader.Loader - Result row: EntityKey[edu.ncsu.csc.itrust2.models.persistent.LogEntry#224]
19:26:21.591 [main] DEBUG org.hibernate.loader.Loader - Result set row: 198
19:26:21.591 [main] DEBUG org.hibernate.loader.Loader - Result row: EntityKey[edu.ncsu.csc.itrust2.models.persistent.LogEntry#225]
19:26:21.591 [main] DEBUG org.hibernate.loader.Loader - Result set row: 199
19:26:21.591 [main] DEBUG org.hibernate.loader.Loader - Result row: EntityKey[edu.ncsu.csc.itrust2.models.persistent.LogEntry#226]
19:26:21.591 [main] DEBUG org.hibernate.loader.Loader - Result set row: 200
19:26:21.592 [main] DEBUG org.hibernate.loader.Loader - Result row: EntityKey[edu.ncsu.csc.itrust2.models.persistent.LogEntry#227]
19:26:21.592 [main] DEBUG org.hibernate.loader.Loader - Result set row: 201
19:26:21.592 [main] DEBUG org.hibernate.loader.Loader - Result row: EntityKey[edu.ncsu.csc.itrust2.models.persistent.LogEntry#228]
19:26:21.592 [main] DEBUG org.hibernate.loader.Loader - Result set row: 202
19:26:21.592 [main] DEBUG org.hibernate.loader.Loader - Result row: EntityKey[edu.ncsu.csc.itrust2.models.persistent.LogEntry#229]
19:26:21.592 [main] DEBUG org.hibernate.loader.Loader - Result set row: 203
19:26:21.592 [main] DEBUG org.hibernate.loader.Loader - Result row: EntityKey[edu.ncsu.csc.itrust2.models.persistent.LogEntry#230]
19:26:21.592 [main] DEBUG org.hibernate.loader.Loader - Result set row: 204
19:26:21.592 [main] DEBUG org.hibernate.loader.Loader - Result row: EntityKey[edu.ncsu.csc.itrust2.models.persistent.LogEntry#231]
19:26:21.592 [main] DEBUG org.hibernate.loader.Loader - Result set row: 205
19:26:21.592 [main] DEBUG org.hibernate.loader.Loader - Result row: EntityKey[edu.ncsu.csc.itrust2.models.persistent.LogEntry#232]
19:26:21.592 [main] DEBUG org.hibernate.loader.Loader - Result set row: 206
19:26:21.592 [main] DEBUG org.hibernate.loader.Loader - Result row: EntityKey[edu.ncsu.csc.itrust2.models.persistent.LogEntry#233]
19:26:21.593 [main] DEBUG org.hibernate.loader.Loader - Result set row: 207
19:26:21.593 [main] DEBUG org.hibernate.loader.Loader - Result row: EntityKey[edu.ncsu.csc.itrust2.models.persistent.LogEntry#234]
19:26:21.593 [main] DEBUG org.hibernate.loader.Loader - Result set row: 208
19:26:21.593 [main] DEBUG org.hibernate.loader.Loader - Result row: EntityKey[edu.ncsu.csc.itrust2.models.persistent.LogEntry#235]
19:26:21.593 [main] DEBUG org.hibernate.loader.Loader - Result set row: 209
19:26:21.593 [main] DEBUG org.hibernate.loader.Loader - Result row: EntityKey[edu.ncsu.csc.itrust2.models.persistent.LogEntry#236]
19:26:21.593 [main] DEBUG org.hibernate.loader.Loader - Result set row: 210
19:26:21.593 [main] DEBUG org.hibernate.loader.Loader - Result row: EntityKey[edu.ncsu.csc.itrust2.models.persistent.LogEntry#237]
19:26:21.593 [main] DEBUG org.hibernate.loader.Loader - Result set row: 211
19:26:21.593 [main] DEBUG org.hibernate.loader.Loader - Result row: EntityKey[edu.ncsu.csc.itrust2.models.persistent.LogEntry#238]
19:26:21.594 [main] DEBUG org.hibernate.loader.Loader - Result set row: 212
19:26:21.594 [main] DEBUG org.hibernate.loader.Loader - Result row: EntityKey[edu.ncsu.csc.itrust2.models.persistent.LogEntry#239]
19:26:21.594 [main] DEBUG org.hibernate.loader.Loader - Result set row: 213
19:26:21.594 [main] DEBUG org.hibernate.loader.Loader - Result row: EntityKey[edu.ncsu.csc.itrust2.models.persistent.LogEntry#240]
19:26:21.594 [main] DEBUG org.hibernate.loader.Loader - Result set row: 214
19:26:21.594 [main] DEBUG org.hibernate.loader.Loader - Result row: EntityKey[edu.ncsu.csc.itrust2.models.persistent.LogEntry#241]
19:26:21.594 [main] DEBUG org.hibernate.loader.Loader - Result set row: 215
19:26:21.594 [main] DEBUG org.hibernate.loader.Loader - Result row: EntityKey[edu.ncsu.csc.itrust2.models.persistent.LogEntry#242]
19:26:21.594 [main] DEBUG org.hibernate.loader.Loader - Result set row: 216
19:26:21.594 [main] DEBUG org.hibernate.loader.Loader - Result row: EntityKey[edu.ncsu.csc.itrust2.models.persistent.LogEntry#243]
19:26:21.594 [main] DEBUG org.hibernate.loader.Loader - Result set row: 217
19:26:21.594 [main] DEBUG org.hibernate.loader.Loader - Result row: EntityKey[edu.ncsu.csc.itrust2.models.persistent.LogEntry#244]
19:26:21.594 [main] DEBUG org.hibernate.loader.Loader - Result set row: 218
19:26:21.594 [main] DEBUG org.hibernate.loader.Loader - Result row: EntityKey[edu.ncsu.csc.itrust2.models.persistent.LogEntry#245]
19:26:21.594 [main] DEBUG org.hibernate.loader.Loader - Result set row: 219
19:26:21.594 [main] DEBUG org.hibernate.loader.Loader - Result row: EntityKey[edu.ncsu.csc.itrust2.models.persistent.LogEntry#246]
19:26:21.595 [main] DEBUG org.hibernate.loader.Loader - Result set row: 220
19:26:21.595 [main] DEBUG org.hibernate.loader.Loader - Result row: EntityKey[edu.ncsu.csc.itrust2.models.persistent.LogEntry#247]
19:26:21.595 [main] DEBUG org.hibernate.loader.Loader - Result set row: 221
19:26:21.595 [main] DEBUG org.hibernate.loader.Loader - Result row: EntityKey[edu.ncsu.csc.itrust2.models.persistent.LogEntry#248]
19:26:21.595 [main] DEBUG org.hibernate.loader.Loader - Result set row: 222
19:26:21.595 [main] DEBUG org.hibernate.loader.Loader - Result row: EntityKey[edu.ncsu.csc.itrust2.models.persistent.LogEntry#249]
19:26:21.595 [main] DEBUG org.hibernate.loader.Loader - Result set row: 223
19:26:21.595 [main] DEBUG org.hibernate.loader.Loader - Result row: EntityKey[edu.ncsu.csc.itrust2.models.persistent.LogEntry#250]
19:26:21.595 [main] DEBUG org.hibernate.loader.Loader - Result set row: 224
19:26:21.595 [main] DEBUG org.hibernate.loader.Loader - Result row: EntityKey[edu.ncsu.csc.itrust2.models.persistent.LogEntry#251]
19:26:21.595 [main] DEBUG org.hibernate.loader.Loader - Result set row: 225
19:26:21.595 [main] DEBUG org.hibernate.loader.Loader - Result row: EntityKey[edu.ncsu.csc.itrust2.models.persistent.LogEntry#252]
19:26:21.596 [main] DEBUG org.hibernate.loader.Loader - Result set row: 226
19:26:21.596 [main] DEBUG org.hibernate.loader.Loader - Result row: EntityKey[edu.ncsu.csc.itrust2.models.persistent.LogEntry#253]
19:26:21.596 [main] DEBUG org.hibernate.loader.Loader - Result set row: 227
19:26:21.596 [main] DEBUG org.hibernate.loader.Loader - Result row: EntityKey[edu.ncsu.csc.itrust2.models.persistent.LogEntry#254]
19:26:21.596 [main] DEBUG org.hibernate.loader.Loader - Result set row: 228
19:26:21.596 [main] DEBUG org.hibernate.loader.Loader - Result row: EntityKey[edu.ncsu.csc.itrust2.models.persistent.LogEntry#255]
19:26:21.596 [main] DEBUG org.hibernate.loader.Loader - Result set row: 229
19:26:21.599 [main] DEBUG org.hibernate.loader.Loader - Result row: EntityKey[edu.ncsu.csc.itrust2.models.persistent.LogEntry#256]
19:26:21.600 [main] DEBUG org.hibernate.loader.Loader - Result set row: 230
19:26:21.600 [main] DEBUG org.hibernate.loader.Loader - Result row: EntityKey[edu.ncsu.csc.itrust2.models.persistent.LogEntry#257]
19:26:21.600 [main] DEBUG org.hibernate.loader.Loader - Result set row: 231
19:26:21.601 [main] DEBUG org.hibernate.loader.Loader - Result row: EntityKey[edu.ncsu.csc.itrust2.models.persistent.LogEntry#258]
19:26:21.601 [main] DEBUG org.hibernate.loader.Loader - Result set row: 232
19:26:21.601 [main] DEBUG org.hibernate.loader.Loader - Result row: EntityKey[edu.ncsu.csc.itrust2.models.persistent.LogEntry#259]
19:26:21.603 [main] DEBUG org.hibernate.loader.Loader - Result set row: 233
19:26:21.603 [main] DEBUG org.hibernate.loader.Loader - Result row: EntityKey[edu.ncsu.csc.itrust2.models.persistent.LogEntry#260]
19:26:21.603 [main] DEBUG org.hibernate.loader.Loader - Result set row: 234
19:26:21.604 [main] DEBUG org.hibernate.loader.Loader - Result row: EntityKey[edu.ncsu.csc.itrust2.models.persistent.LogEntry#261]
19:26:21.604 [main] DEBUG org.hibernate.loader.Loader - Result set row: 235
19:26:21.604 [main] DEBUG org.hibernate.loader.Loader - Result row: EntityKey[edu.ncsu.csc.itrust2.models.persistent.LogEntry#262]
19:26:21.604 [main] DEBUG org.hibernate.loader.Loader - Result set row: 236
19:26:21.604 [main] DEBUG org.hibernate.loader.Loader - Result row: EntityKey[edu.ncsu.csc.itrust2.models.persistent.LogEntry#263]
19:26:21.604 [main] DEBUG org.hibernate.loader.Loader - Result set row: 237
19:26:21.604 [main] DEBUG org.hibernate.loader.Loader - Result row: EntityKey[edu.ncsu.csc.itrust2.models.persistent.LogEntry#264]
19:26:21.604 [main] DEBUG org.hibernate.loader.Loader - Result set row: 238
19:26:21.604 [main] DEBUG org.hibernate.loader.Loader - Result row: EntityKey[edu.ncsu.csc.itrust2.models.persistent.LogEntry#265]
19:26:21.604 [main] DEBUG org.hibernate.loader.Loader - Result set row: 239
19:26:21.604 [main] DEBUG org.hibernate.loader.Loader - Result row: EntityKey[edu.ncsu.csc.itrust2.models.persistent.LogEntry#266]
19:26:21.604 [main] DEBUG org.hibernate.loader.Loader - Result set row: 240
19:26:21.605 [main] DEBUG org.hibernate.loader.Loader - Result row: EntityKey[edu.ncsu.csc.itrust2.models.persistent.LogEntry#267]
19:26:21.605 [main] DEBUG org.hibernate.loader.Loader - Result set row: 241
19:26:21.605 [main] DEBUG org.hibernate.loader.Loader - Result row: EntityKey[edu.ncsu.csc.itrust2.models.persistent.LogEntry#268]
19:26:21.605 [main] DEBUG org.hibernate.loader.Loader - Result set row: 242
19:26:21.605 [main] DEBUG org.hibernate.loader.Loader - Result row: EntityKey[edu.ncsu.csc.itrust2.models.persistent.LogEntry#269]
19:26:21.605 [main] DEBUG org.hibernate.loader.Loader - Result set row: 243
19:26:21.605 [main] DEBUG org.hibernate.loader.Loader - Result row: EntityKey[edu.ncsu.csc.itrust2.models.persistent.LogEntry#270]
19:26:21.607 [main] DEBUG org.hibernate.loader.Loader - Result set row: 244
19:26:21.608 [main] DEBUG org.hibernate.loader.Loader - Result row: EntityKey[edu.ncsu.csc.itrust2.models.persistent.LogEntry#271]
19:26:21.608 [main] DEBUG org.hibernate.loader.Loader - Result set row: 245
19:26:21.608 [main] DEBUG org.hibernate.loader.Loader - Result row: EntityKey[edu.ncsu.csc.itrust2.models.persistent.LogEntry#272]
19:26:21.608 [main] DEBUG org.hibernate.loader.Loader - Result set row: 246
19:26:21.608 [main] DEBUG org.hibernate.loader.Loader - Result row: EntityKey[edu.ncsu.csc.itrust2.models.persistent.LogEntry#273]
19:26:21.608 [main] DEBUG org.hibernate.loader.Loader - Result set row: 247
19:26:21.608 [main] DEBUG org.hibernate.loader.Loader - Result row: EntityKey[edu.ncsu.csc.itrust2.models.persistent.LogEntry#274]
19:26:21.609 [main] DEBUG org.hibernate.loader.Loader - Result set row: 248
19:26:21.609 [main] DEBUG org.hibernate.loader.Loader - Result row: EntityKey[edu.ncsu.csc.itrust2.models.persistent.LogEntry#275]
19:26:21.610 [main] DEBUG org.hibernate.loader.Loader - Result set row: 249
19:26:21.610 [main] DEBUG org.hibernate.loader.Loader - Result row: EntityKey[edu.ncsu.csc.itrust2.models.persistent.LogEntry#276]
19:26:21.610 [main] DEBUG org.hibernate.loader.Loader - Result set row: 250
19:26:21.610 [main] DEBUG org.hibernate.loader.Loader - Result row: EntityKey[edu.ncsu.csc.itrust2.models.persistent.LogEntry#277]
19:26:21.610 [main] DEBUG org.hibernate.loader.Loader - Result set row: 251
19:26:21.610 [main] DEBUG org.hibernate.loader.Loader - Result row: EntityKey[edu.ncsu.csc.itrust2.models.persistent.LogEntry#278]
19:26:21.610 [main] DEBUG org.hibernate.loader.Loader - Result set row: 252
19:26:21.610 [main] DEBUG org.hibernate.loader.Loader - Result row: EntityKey[edu.ncsu.csc.itrust2.models.persistent.LogEntry#279]
19:26:21.610 [main] DEBUG org.hibernate.loader.Loader - Result set row: 253
19:26:21.611 [main] DEBUG org.hibernate.loader.Loader - Result row: EntityKey[edu.ncsu.csc.itrust2.models.persistent.LogEntry#280]
19:26:21.611 [main] DEBUG org.hibernate.loader.Loader - Result set row: 254
19:26:21.611 [main] DEBUG org.hibernate.loader.Loader - Result row: EntityKey[edu.ncsu.csc.itrust2.models.persistent.LogEntry#281]
19:26:21.612 [main] DEBUG org.hibernate.loader.Loader - Result set row: 255
19:26:21.612 [main] DEBUG org.hibernate.loader.Loader - Result row: EntityKey[edu.ncsu.csc.itrust2.models.persistent.LogEntry#282]
19:26:21.615 [main] DEBUG org.hibernate.loader.Loader - Result set row: 256
19:26:21.615 [main] DEBUG org.hibernate.loader.Loader - Result row: EntityKey[edu.ncsu.csc.itrust2.models.persistent.LogEntry#283]
19:26:21.616 [main] DEBUG org.hibernate.loader.Loader - Result set row: 257
19:26:21.616 [main] DEBUG org.hibernate.loader.Loader - Result row: EntityKey[edu.ncsu.csc.itrust2.models.persistent.LogEntry#284]
19:26:21.616 [main] DEBUG org.hibernate.loader.Loader - Result set row: 258
19:26:21.616 [main] DEBUG org.hibernate.loader.Loader - Result row: EntityKey[edu.ncsu.csc.itrust2.models.persistent.LogEntry#285]
19:26:21.616 [main] DEBUG org.hibernate.loader.Loader - Result set row: 259
19:26:21.616 [main] DEBUG org.hibernate.loader.Loader - Result row: EntityKey[edu.ncsu.csc.itrust2.models.persistent.LogEntry#286]
19:26:21.616 [main] DEBUG org.hibernate.loader.Loader - Result set row: 260
19:26:21.617 [main] DEBUG org.hibernate.loader.Loader - Result row: EntityKey[edu.ncsu.csc.itrust2.models.persistent.LogEntry#287]
19:26:21.617 [main] DEBUG org.hibernate.loader.Loader - Result set row: 261
19:26:21.617 [main] DEBUG org.hibernate.loader.Loader - Result row: EntityKey[edu.ncsu.csc.itrust2.models.persistent.LogEntry#288]
19:26:21.617 [main] DEBUG org.hibernate.loader.Loader - Result set row: 262
19:26:21.617 [main] DEBUG org.hibernate.loader.Loader - Result row: EntityKey[edu.ncsu.csc.itrust2.models.persistent.LogEntry#289]
19:26:21.617 [main] DEBUG org.hibernate.loader.Loader - Result set row: 263
19:26:21.617 [main] DEBUG org.hibernate.loader.Loader - Result row: EntityKey[edu.ncsu.csc.itrust2.models.persistent.LogEntry#290]
19:26:21.617 [main] DEBUG org.hibernate.loader.Loader - Result set row: 264
19:26:21.617 [main] DEBUG org.hibernate.loader.Loader - Result row: EntityKey[edu.ncsu.csc.itrust2.models.persistent.LogEntry#291]
19:26:21.617 [main] DEBUG org.hibernate.loader.Loader - Result set row: 265
19:26:21.618 [main] DEBUG org.hibernate.loader.Loader - Result row: EntityKey[edu.ncsu.csc.itrust2.models.persistent.LogEntry#292]
19:26:21.618 [main] DEBUG org.hibernate.loader.Loader - Result set row: 266
19:26:21.618 [main] DEBUG org.hibernate.loader.Loader - Result row: EntityKey[edu.ncsu.csc.itrust2.models.persistent.LogEntry#293]
19:26:21.618 [main] DEBUG org.hibernate.loader.Loader - Result set row: 267
19:26:21.618 [main] DEBUG org.hibernate.loader.Loader - Result row: EntityKey[edu.ncsu.csc.itrust2.models.persistent.LogEntry#294]
19:26:21.618 [main] DEBUG org.hibernate.loader.Loader - Result set row: 268
19:26:21.618 [main] DEBUG org.hibernate.loader.Loader - Result row: EntityKey[edu.ncsu.csc.itrust2.models.persistent.LogEntry#295]
19:26:21.618 [main] DEBUG org.hibernate.loader.Loader - Result set row: 269
19:26:21.618 [main] DEBUG org.hibernate.loader.Loader - Result row: EntityKey[edu.ncsu.csc.itrust2.models.persistent.LogEntry#296]
19:26:21.619 [main] DEBUG org.hibernate.loader.Loader - Result set row: 270
19:26:21.619 [main] DEBUG org.hibernate.loader.Loader - Result row: EntityKey[edu.ncsu.csc.itrust2.models.persistent.LogEntry#297]
19:26:21.619 [main] DEBUG org.hibernate.loader.Loader - Result set row: 271
19:26:21.619 [main] DEBUG org.hibernate.loader.Loader - Result row: EntityKey[edu.ncsu.csc.itrust2.models.persistent.LogEntry#298]
19:26:21.619 [main] DEBUG org.hibernate.loader.Loader - Result set row: 272
19:26:21.619 [main] DEBUG org.hibernate.loader.Loader - Result row: EntityKey[edu.ncsu.csc.itrust2.models.persistent.LogEntry#299]
19:26:21.619 [main] DEBUG org.hibernate.loader.Loader - Result set row: 273
19:26:21.619 [main] DEBUG org.hibernate.loader.Loader - Result row: EntityKey[edu.ncsu.csc.itrust2.models.persistent.LogEntry#300]
19:26:21.619 [main] DEBUG org.hibernate.loader.Loader - Result set row: 274
19:26:21.619 [main] DEBUG org.hibernate.loader.Loader - Result row: EntityKey[edu.ncsu.csc.itrust2.models.persistent.LogEntry#301]
19:26:21.620 [main] DEBUG org.hibernate.loader.Loader - Result set row: 275
19:26:21.620 [main] DEBUG org.hibernate.loader.Loader - Result row: EntityKey[edu.ncsu.csc.itrust2.models.persistent.LogEntry#302]
19:26:21.620 [main] DEBUG org.hibernate.loader.Loader - Result set row: 276
19:26:21.620 [main] DEBUG org.hibernate.loader.Loader - Result row: EntityKey[edu.ncsu.csc.itrust2.models.persistent.LogEntry#303]
19:26:21.620 [main] DEBUG org.hibernate.loader.Loader - Result set row: 277
19:26:21.620 [main] DEBUG org.hibernate.loader.Loader - Result row: EntityKey[edu.ncsu.csc.itrust2.models.persistent.LogEntry#304]
19:26:21.620 [main] DEBUG org.hibernate.loader.Loader - Result set row: 278
19:26:21.620 [main] DEBUG org.hibernate.loader.Loader - Result row: EntityKey[edu.ncsu.csc.itrust2.models.persistent.LogEntry#305]
19:26:21.620 [main] DEBUG org.hibernate.loader.Loader - Result set row: 279
19:26:21.620 [main] DEBUG org.hibernate.loader.Loader - Result row: EntityKey[edu.ncsu.csc.itrust2.models.persistent.LogEntry#306]
19:26:21.620 [main] DEBUG org.hibernate.loader.Loader - Result set row: 280
19:26:21.620 [main] DEBUG org.hibernate.loader.Loader - Result row: EntityKey[edu.ncsu.csc.itrust2.models.persistent.LogEntry#307]
19:26:21.620 [main] DEBUG org.hibernate.loader.Loader - Result set row: 281
19:26:21.620 [main] DEBUG org.hibernate.loader.Loader - Result row: EntityKey[edu.ncsu.csc.itrust2.models.persistent.LogEntry#308]
19:26:21.621 [main] DEBUG org.hibernate.loader.Loader - Result set row: 282
19:26:21.621 [main] DEBUG org.hibernate.loader.Loader - Result row: EntityKey[edu.ncsu.csc.itrust2.models.persistent.LogEntry#309]
19:26:21.621 [main] DEBUG org.hibernate.loader.Loader - Result set row: 283
19:26:21.621 [main] DEBUG org.hibernate.loader.Loader - Result row: EntityKey[edu.ncsu.csc.itrust2.models.persistent.LogEntry#310]
19:26:21.621 [main] DEBUG org.hibernate.loader.Loader - Result set row: 284
19:26:21.621 [main] DEBUG org.hibernate.loader.Loader - Result row: EntityKey[edu.ncsu.csc.itrust2.models.persistent.LogEntry#311]
19:26:21.621 [main] DEBUG org.hibernate.loader.Loader - Result set row: 285
19:26:21.621 [main] DEBUG org.hibernate.loader.Loader - Result row: EntityKey[edu.ncsu.csc.itrust2.models.persistent.LogEntry#312]
19:26:21.621 [main] DEBUG org.hibernate.loader.Loader - Result set row: 286
19:26:21.621 [main] DEBUG org.hibernate.loader.Loader - Result row: EntityKey[edu.ncsu.csc.itrust2.models.persistent.LogEntry#313]
19:26:21.621 [main] DEBUG org.hibernate.loader.Loader - Result set row: 287
19:26:21.621 [main] DEBUG org.hibernate.loader.Loader - Result row: EntityKey[edu.ncsu.csc.itrust2.models.persistent.LogEntry#314]
19:26:21.621 [main] DEBUG org.hibernate.loader.Loader - Result set row: 288
19:26:21.622 [main] DEBUG org.hibernate.loader.Loader - Result row: EntityKey[edu.ncsu.csc.itrust2.models.persistent.LogEntry#315]
19:26:21.622 [main] DEBUG org.hibernate.loader.Loader - Result set row: 289
19:26:21.622 [main] DEBUG org.hibernate.loader.Loader - Result row: EntityKey[edu.ncsu.csc.itrust2.models.persistent.LogEntry#316]
19:26:21.622 [main] DEBUG org.hibernate.loader.Loader - Result set row: 290
19:26:21.622 [main] DEBUG org.hibernate.loader.Loader - Result row: EntityKey[edu.ncsu.csc.itrust2.models.persistent.LogEntry#317]
19:26:21.622 [main] DEBUG org.hibernate.loader.Loader - Result set row: 291
19:26:21.622 [main] DEBUG org.hibernate.loader.Loader - Result row: EntityKey[edu.ncsu.csc.itrust2.models.persistent.LogEntry#318]
19:26:21.622 [main] DEBUG org.hibernate.loader.Loader - Result set row: 292
19:26:21.622 [main] DEBUG org.hibernate.loader.Loader - Result row: EntityKey[edu.ncsu.csc.itrust2.models.persistent.LogEntry#319]
19:26:21.622 [main] DEBUG org.hibernate.loader.Loader - Result set row: 293
19:26:21.622 [main] DEBUG org.hibernate.loader.Loader - Result row: EntityKey[edu.ncsu.csc.itrust2.models.persistent.LogEntry#320]
19:26:21.622 [main] DEBUG org.hibernate.loader.Loader - Result set row: 294
19:26:21.622 [main] DEBUG org.hibernate.loader.Loader - Result row: EntityKey[edu.ncsu.csc.itrust2.models.persistent.LogEntry#321]
19:26:21.623 [main] DEBUG org.hibernate.loader.Loader - Result set row: 295
19:26:21.623 [main] DEBUG org.hibernate.loader.Loader - Result row: EntityKey[edu.ncsu.csc.itrust2.models.persistent.LogEntry#322]
19:26:21.623 [main] DEBUG org.hibernate.loader.Loader - Result set row: 296
19:26:21.625 [main] DEBUG org.hibernate.loader.Loader - Result row: EntityKey[edu.ncsu.csc.itrust2.models.persistent.LogEntry#323]
19:26:21.626 [main] DEBUG org.hibernate.loader.Loader - Result set row: 297
19:26:21.626 [main] DEBUG org.hibernate.loader.Loader - Result row: EntityKey[edu.ncsu.csc.itrust2.models.persistent.LogEntry#324]
19:26:21.626 [main] DEBUG org.hibernate.loader.Loader - Result set row: 298
19:26:21.626 [main] DEBUG org.hibernate.loader.Loader - Result row: EntityKey[edu.ncsu.csc.itrust2.models.persistent.LogEntry#325]
19:26:21.626 [main] DEBUG org.hibernate.loader.Loader - Result set row: 299
19:26:21.626 [main] DEBUG org.hibernate.loader.Loader - Result row: EntityKey[edu.ncsu.csc.itrust2.models.persistent.LogEntry#326]
19:26:21.626 [main] DEBUG org.hibernate.loader.Loader - Result set row: 300
19:26:21.626 [main] DEBUG org.hibernate.loader.Loader - Result row: EntityKey[edu.ncsu.csc.itrust2.models.persistent.LogEntry#327]
19:26:21.626 [main] DEBUG org.hibernate.loader.Loader - Result set row: 301
19:26:21.626 [main] DEBUG org.hibernate.loader.Loader - Result row: EntityKey[edu.ncsu.csc.itrust2.models.persistent.LogEntry#328]
19:26:21.626 [main] DEBUG org.hibernate.loader.Loader - Result set row: 302
19:26:21.627 [main] DEBUG org.hibernate.loader.Loader - Result row: EntityKey[edu.ncsu.csc.itrust2.models.persistent.LogEntry#329]
19:26:21.627 [main] DEBUG org.hibernate.loader.Loader - Result set row: 303
19:26:21.627 [main] DEBUG org.hibernate.loader.Loader - Result row: EntityKey[edu.ncsu.csc.itrust2.models.persistent.LogEntry#330]
19:26:21.627 [main] DEBUG org.hibernate.loader.Loader - Result set row: 304
19:26:21.628 [main] DEBUG org.hibernate.loader.Loader - Result row: EntityKey[edu.ncsu.csc.itrust2.models.persistent.LogEntry#331]
19:26:21.628 [main] DEBUG org.hibernate.loader.Loader - Result set row: 305
19:26:21.628 [main] DEBUG org.hibernate.loader.Loader - Result row: EntityKey[edu.ncsu.csc.itrust2.models.persistent.LogEntry#332]
19:26:21.628 [main] DEBUG org.hibernate.loader.Loader - Result set row: 306
19:26:21.628 [main] DEBUG org.hibernate.loader.Loader - Result row: EntityKey[edu.ncsu.csc.itrust2.models.persistent.LogEntry#333]
19:26:21.628 [main] DEBUG org.hibernate.loader.Loader - Result set row: 307
19:26:21.628 [main] DEBUG org.hibernate.loader.Loader - Result row: EntityKey[edu.ncsu.csc.itrust2.models.persistent.LogEntry#334]
19:26:21.629 [main] DEBUG org.hibernate.loader.Loader - Result set row: 308
19:26:21.629 [main] DEBUG org.hibernate.loader.Loader - Result row: EntityKey[edu.ncsu.csc.itrust2.models.persistent.LogEntry#335]
19:26:21.629 [main] DEBUG org.hibernate.loader.Loader - Result set row: 309
19:26:21.629 [main] DEBUG org.hibernate.loader.Loader - Result row: EntityKey[edu.ncsu.csc.itrust2.models.persistent.LogEntry#336]
19:26:21.629 [main] DEBUG org.hibernate.loader.Loader - Result set row: 310
19:26:21.629 [main] DEBUG org.hibernate.loader.Loader - Result row: EntityKey[edu.ncsu.csc.itrust2.models.persistent.LogEntry#337]
19:26:21.629 [main] DEBUG org.hibernate.loader.Loader - Result set row: 311
19:26:21.629 [main] DEBUG org.hibernate.loader.Loader - Result row: EntityKey[edu.ncsu.csc.itrust2.models.persistent.LogEntry#338]
19:26:21.629 [main] DEBUG org.hibernate.loader.Loader - Result set row: 312
19:26:21.629 [main] DEBUG org.hibernate.loader.Loader - Result row: EntityKey[edu.ncsu.csc.itrust2.models.persistent.LogEntry#339]
19:26:21.629 [main] DEBUG org.hibernate.loader.Loader - Result set row: 313
19:26:21.630 [main] DEBUG org.hibernate.loader.Loader - Result row: EntityKey[edu.ncsu.csc.itrust2.models.persistent.LogEntry#340]
19:26:21.630 [main] DEBUG org.hibernate.loader.Loader - Result set row: 314
19:26:21.630 [main] DEBUG org.hibernate.loader.Loader - Result row: EntityKey[edu.ncsu.csc.itrust2.models.persistent.LogEntry#341]
19:26:21.630 [main] DEBUG org.hibernate.loader.Loader - Result set row: 315
19:26:21.630 [main] DEBUG org.hibernate.loader.Loader - Result row: EntityKey[edu.ncsu.csc.itrust2.models.persistent.LogEntry#342]
19:26:21.631 [main] DEBUG org.hibernate.loader.Loader - Result set row: 316
19:26:21.631 [main] DEBUG org.hibernate.loader.Loader - Result row: EntityKey[edu.ncsu.csc.itrust2.models.persistent.LogEntry#343]
19:26:21.631 [main] DEBUG org.hibernate.loader.Loader - Result set row: 317
19:26:21.631 [main] DEBUG org.hibernate.loader.Loader - Result row: EntityKey[edu.ncsu.csc.itrust2.models.persistent.LogEntry#344]
19:26:21.631 [main] DEBUG org.hibernate.loader.Loader - Result set row: 318
19:26:21.631 [main] DEBUG org.hibernate.loader.Loader - Result row: EntityKey[edu.ncsu.csc.itrust2.models.persistent.LogEntry#345]
19:26:21.631 [main] DEBUG org.hibernate.loader.Loader - Result set row: 319
19:26:21.631 [main] DEBUG org.hibernate.loader.Loader - Result row: EntityKey[edu.ncsu.csc.itrust2.models.persistent.LogEntry#346]
19:26:21.632 [main] DEBUG org.hibernate.loader.Loader - Result set row: 320
19:26:21.632 [main] DEBUG org.hibernate.loader.Loader - Result row: EntityKey[edu.ncsu.csc.itrust2.models.persistent.LogEntry#347]
19:26:21.632 [main] DEBUG org.hibernate.loader.Loader - Result set row: 321
19:26:21.632 [main] DEBUG org.hibernate.loader.Loader - Result row: EntityKey[edu.ncsu.csc.itrust2.models.persistent.LogEntry#348]
19:26:21.632 [main] DEBUG org.hibernate.loader.Loader - Result set row: 322
19:26:21.632 [main] DEBUG org.hibernate.loader.Loader - Result row: EntityKey[edu.ncsu.csc.itrust2.models.persistent.LogEntry#349]
19:26:21.632 [main] DEBUG org.hibernate.loader.Loader - Result set row: 323
19:26:21.632 [main] DEBUG org.hibernate.loader.Loader - Result row: EntityKey[edu.ncsu.csc.itrust2.models.persistent.LogEntry#350]
19:26:21.632 [main] DEBUG org.hibernate.loader.Loader - Result set row: 324
19:26:21.632 [main] DEBUG org.hibernate.loader.Loader - Result row: EntityKey[edu.ncsu.csc.itrust2.models.persistent.LogEntry#351]
19:26:21.632 [main] DEBUG org.hibernate.loader.Loader - Result set row: 325
19:26:21.632 [main] DEBUG org.hibernate.loader.Loader - Result row: EntityKey[edu.ncsu.csc.itrust2.models.persistent.LogEntry#352]
19:26:21.632 [main] DEBUG org.hibernate.loader.Loader - Result set row: 326
19:26:21.632 [main] DEBUG org.hibernate.loader.Loader - Result row: EntityKey[edu.ncsu.csc.itrust2.models.persistent.LogEntry#353]
19:26:21.632 [main] DEBUG org.hibernate.loader.Loader - Result set row: 327
19:26:21.632 [main] DEBUG org.hibernate.loader.Loader - Result row: EntityKey[edu.ncsu.csc.itrust2.models.persistent.LogEntry#354]
19:26:21.633 [main] DEBUG org.hibernate.loader.Loader - Result set row: 328
19:26:21.633 [main] DEBUG org.hibernate.loader.Loader - Result row: EntityKey[edu.ncsu.csc.itrust2.models.persistent.LogEntry#355]
19:26:21.633 [main] DEBUG org.hibernate.loader.Loader - Result set row: 329
19:26:21.633 [main] DEBUG org.hibernate.loader.Loader - Result row: EntityKey[edu.ncsu.csc.itrust2.models.persistent.LogEntry#356]
19:26:21.633 [main] DEBUG org.hibernate.loader.Loader - Result set row: 330
19:26:21.633 [main] DEBUG org.hibernate.loader.Loader - Result row: EntityKey[edu.ncsu.csc.itrust2.models.persistent.LogEntry#357]
19:26:21.633 [main] DEBUG org.hibernate.loader.Loader - Result set row: 331
19:26:21.633 [main] DEBUG org.hibernate.loader.Loader - Result row: EntityKey[edu.ncsu.csc.itrust2.models.persistent.LogEntry#358]
19:26:21.633 [main] DEBUG org.hibernate.loader.Loader - Result set row: 332
19:26:21.633 [main] DEBUG org.hibernate.loader.Loader - Result row: EntityKey[edu.ncsu.csc.itrust2.models.persistent.LogEntry#359]
19:26:21.633 [main] DEBUG org.hibernate.loader.Loader - Result set row: 333
19:26:21.633 [main] DEBUG org.hibernate.loader.Loader - Result row: EntityKey[edu.ncsu.csc.itrust2.models.persistent.LogEntry#360]
19:26:21.633 [main] DEBUG org.hibernate.loader.Loader - Result set row: 334
19:26:21.633 [main] DEBUG org.hibernate.loader.Loader - Result row: EntityKey[edu.ncsu.csc.itrust2.models.persistent.LogEntry#361]
19:26:21.633 [main] DEBUG org.hibernate.loader.Loader - Result set row: 335
19:26:21.633 [main] DEBUG org.hibernate.loader.Loader - Result row: EntityKey[edu.ncsu.csc.itrust2.models.persistent.LogEntry#362]
19:26:21.634 [main] DEBUG org.hibernate.loader.Loader - Result set row: 336
19:26:21.634 [main] DEBUG org.hibernate.loader.Loader - Result row: EntityKey[edu.ncsu.csc.itrust2.models.persistent.LogEntry#363]
19:26:21.634 [main] DEBUG org.hibernate.loader.Loader - Result set row: 337
19:26:21.634 [main] DEBUG org.hibernate.loader.Loader - Result row: EntityKey[edu.ncsu.csc.itrust2.models.persistent.LogEntry#364]
19:26:21.634 [main] DEBUG org.hibernate.loader.Loader - Result set row: 338
19:26:21.634 [main] DEBUG org.hibernate.loader.Loader - Result row: EntityKey[edu.ncsu.csc.itrust2.models.persistent.LogEntry#365]
19:26:21.634 [main] DEBUG org.hibernate.loader.Loader - Result set row: 339
19:26:21.634 [main] DEBUG org.hibernate.loader.Loader - Result row: EntityKey[edu.ncsu.csc.itrust2.models.persistent.LogEntry#366]
19:26:21.634 [main] DEBUG org.hibernate.loader.Loader - Result set row: 340
19:26:21.634 [main] DEBUG org.hibernate.loader.Loader - Result row: EntityKey[edu.ncsu.csc.itrust2.models.persistent.LogEntry#367]
19:26:21.634 [main] DEBUG org.hibernate.loader.Loader - Result set row: 341
19:26:21.634 [main] DEBUG org.hibernate.loader.Loader - Result row: EntityKey[edu.ncsu.csc.itrust2.models.persistent.LogEntry#368]
19:26:21.635 [main] DEBUG org.hibernate.loader.Loader - Result set row: 342
19:26:21.635 [main] DEBUG org.hibernate.loader.Loader - Result row: EntityKey[edu.ncsu.csc.itrust2.models.persistent.LogEntry#369]
19:26:21.635 [main] DEBUG org.hibernate.loader.Loader - Result set row: 343
19:26:21.635 [main] DEBUG org.hibernate.loader.Loader - Result row: EntityKey[edu.ncsu.csc.itrust2.models.persistent.LogEntry#370]
19:26:21.635 [main] DEBUG org.hibernate.loader.Loader - Result set row: 344
19:26:21.635 [main] DEBUG org.hibernate.loader.Loader - Result row: EntityKey[edu.ncsu.csc.itrust2.models.persistent.LogEntry#371]
19:26:21.635 [main] DEBUG org.hibernate.loader.Loader - Result set row: 345
19:26:21.635 [main] DEBUG org.hibernate.loader.Loader - Result row: EntityKey[edu.ncsu.csc.itrust2.models.persistent.LogEntry#372]
19:26:21.635 [main] DEBUG org.hibernate.loader.Loader - Result set row: 346
19:26:21.635 [main] DEBUG org.hibernate.loader.Loader - Result row: EntityKey[edu.ncsu.csc.itrust2.models.persistent.LogEntry#373]
19:26:21.635 [main] DEBUG org.hibernate.loader.Loader - Result set row: 347
19:26:21.635 [main] DEBUG org.hibernate.loader.Loader - Result row: EntityKey[edu.ncsu.csc.itrust2.models.persistent.LogEntry#374]
19:26:21.636 [main] DEBUG org.hibernate.loader.Loader - Result set row: 348
19:26:21.636 [main] DEBUG org.hibernate.loader.Loader - Result row: EntityKey[edu.ncsu.csc.itrust2.models.persistent.LogEntry#375]
19:26:21.636 [main] DEBUG org.hibernate.loader.Loader - Result set row: 349
19:26:21.636 [main] DEBUG org.hibernate.loader.Loader - Result row: EntityKey[edu.ncsu.csc.itrust2.models.persistent.LogEntry#376]
19:26:21.636 [main] DEBUG org.hibernate.loader.Loader - Result set row: 350
19:26:21.636 [main] DEBUG org.hibernate.loader.Loader - Result row: EntityKey[edu.ncsu.csc.itrust2.models.persistent.LogEntry#377]
19:26:21.636 [main] DEBUG org.hibernate.loader.Loader - Result set row: 351
19:26:21.636 [main] DEBUG org.hibernate.loader.Loader - Result row: EntityKey[edu.ncsu.csc.itrust2.models.persistent.LogEntry#378]
19:26:21.636 [main] DEBUG org.hibernate.loader.Loader - Result set row: 352
19:26:21.636 [main] DEBUG org.hibernate.loader.Loader - Result row: EntityKey[edu.ncsu.csc.itrust2.models.persistent.LogEntry#379]
19:26:21.636 [main] DEBUG org.hibernate.loader.Loader - Result set row: 353
19:26:21.636 [main] DEBUG org.hibernate.loader.Loader - Result row: EntityKey[edu.ncsu.csc.itrust2.models.persistent.LogEntry#380]
19:26:21.636 [main] DEBUG org.hibernate.loader.Loader - Result set row: 354
19:26:21.636 [main] DEBUG org.hibernate.loader.Loader - Result row: EntityKey[edu.ncsu.csc.itrust2.models.persistent.LogEntry#381]
19:26:21.636 [main] DEBUG org.hibernate.loader.Loader - Result set row: 355
19:26:21.637 [main] DEBUG org.hibernate.loader.Loader - Result row: EntityKey[edu.ncsu.csc.itrust2.models.persistent.LogEntry#382]
19:26:21.637 [main] DEBUG org.hibernate.loader.Loader - Result set row: 356
19:26:21.637 [main] DEBUG org.hibernate.loader.Loader - Result row: EntityKey[edu.ncsu.csc.itrust2.models.persistent.LogEntry#383]
19:26:21.637 [main] DEBUG org.hibernate.loader.Loader - Result set row: 357
19:26:21.637 [main] DEBUG org.hibernate.loader.Loader - Result row: EntityKey[edu.ncsu.csc.itrust2.models.persistent.LogEntry#384]
19:26:21.638 [main] DEBUG org.hibernate.loader.Loader - Result set row: 358
19:26:21.638 [main] DEBUG org.hibernate.loader.Loader - Result row: EntityKey[edu.ncsu.csc.itrust2.models.persistent.LogEntry#385]
19:26:21.638 [main] DEBUG org.hibernate.loader.Loader - Result set row: 359
19:26:21.638 [main] DEBUG org.hibernate.loader.Loader - Result row: EntityKey[edu.ncsu.csc.itrust2.models.persistent.LogEntry#386]
19:26:21.640 [main] DEBUG org.hibernate.loader.Loader - Result set row: 360
19:26:21.640 [main] DEBUG org.hibernate.loader.Loader - Result row: EntityKey[edu.ncsu.csc.itrust2.models.persistent.LogEntry#387]
19:26:21.641 [main] DEBUG org.hibernate.loader.Loader - Result set row: 361
19:26:21.641 [main] DEBUG org.hibernate.loader.Loader - Result row: EntityKey[edu.ncsu.csc.itrust2.models.persistent.LogEntry#388]
19:26:21.641 [main] DEBUG org.hibernate.loader.Loader - Result set row: 362
19:26:21.641 [main] DEBUG org.hibernate.loader.Loader - Result row: EntityKey[edu.ncsu.csc.itrust2.models.persistent.LogEntry#389]
19:26:21.641 [main] DEBUG org.hibernate.loader.Loader - Result set row: 363
19:26:21.641 [main] DEBUG org.hibernate.loader.Loader - Result row: EntityKey[edu.ncsu.csc.itrust2.models.persistent.LogEntry#390]
19:26:21.641 [main] DEBUG org.hibernate.loader.Loader - Result set row: 364
19:26:21.641 [main] DEBUG org.hibernate.loader.Loader - Result row: EntityKey[edu.ncsu.csc.itrust2.models.persistent.LogEntry#391]
19:26:21.641 [main] DEBUG org.hibernate.loader.Loader - Result set row: 365
19:26:21.641 [main] DEBUG org.hibernate.loader.Loader - Result row: EntityKey[edu.ncsu.csc.itrust2.models.persistent.LogEntry#392]
19:26:21.642 [main] DEBUG org.hibernate.loader.Loader - Result set row: 366
19:26:21.642 [main] DEBUG org.hibernate.loader.Loader - Result row: EntityKey[edu.ncsu.csc.itrust2.models.persistent.LogEntry#393]
19:26:21.642 [main] DEBUG org.hibernate.loader.Loader - Result set row: 367
19:26:21.642 [main] DEBUG org.hibernate.loader.Loader - Result row: EntityKey[edu.ncsu.csc.itrust2.models.persistent.LogEntry#394]
19:26:21.642 [main] DEBUG org.hibernate.loader.Loader - Result set row: 368
19:26:21.643 [main] DEBUG org.hibernate.loader.Loader - Result row: EntityKey[edu.ncsu.csc.itrust2.models.persistent.LogEntry#395]
19:26:21.643 [main] DEBUG org.hibernate.loader.Loader - Result set row: 369
19:26:21.643 [main] DEBUG org.hibernate.loader.Loader - Result row: EntityKey[edu.ncsu.csc.itrust2.models.persistent.LogEntry#396]
19:26:21.643 [main] DEBUG org.hibernate.loader.Loader - Result set row: 370
19:26:21.643 [main] DEBUG org.hibernate.loader.Loader - Result row: EntityKey[edu.ncsu.csc.itrust2.models.persistent.LogEntry#397]
19:26:21.644 [main] DEBUG org.hibernate.loader.Loader - Result set row: 371
19:26:21.644 [main] DEBUG org.hibernate.loader.Loader - Result row: EntityKey[edu.ncsu.csc.itrust2.models.persistent.LogEntry#398]
19:26:21.645 [main] DEBUG org.hibernate.loader.Loader - Result set row: 372
19:26:21.645 [main] DEBUG org.hibernate.loader.Loader - Result row: EntityKey[edu.ncsu.csc.itrust2.models.persistent.LogEntry#399]
19:26:21.645 [main] DEBUG org.hibernate.loader.Loader - Result set row: 373
19:26:21.645 [main] DEBUG org.hibernate.loader.Loader - Result row: EntityKey[edu.ncsu.csc.itrust2.models.persistent.LogEntry#400]
19:26:21.645 [main] DEBUG org.hibernate.loader.Loader - Result set row: 374
19:26:21.645 [main] DEBUG org.hibernate.loader.Loader - Result row: EntityKey[edu.ncsu.csc.itrust2.models.persistent.LogEntry#401]
19:26:21.645 [main] DEBUG org.hibernate.loader.Loader - Result set row: 375
19:26:21.645 [main] DEBUG org.hibernate.loader.Loader - Result row: EntityKey[edu.ncsu.csc.itrust2.models.persistent.LogEntry#402]
19:26:21.645 [main] DEBUG org.hibernate.loader.Loader - Result set row: 376
19:26:21.646 [main] DEBUG org.hibernate.loader.Loader - Result row: EntityKey[edu.ncsu.csc.itrust2.models.persistent.LogEntry#403]
19:26:21.646 [main] DEBUG org.hibernate.loader.Loader - Result set row: 377
19:26:21.646 [main] DEBUG org.hibernate.loader.Loader - Result row: EntityKey[edu.ncsu.csc.itrust2.models.persistent.LogEntry#404]
19:26:21.646 [main] DEBUG org.hibernate.loader.Loader - Result set row: 378
19:26:21.646 [main] DEBUG org.hibernate.loader.Loader - Result row: EntityKey[edu.ncsu.csc.itrust2.models.persistent.LogEntry#405]
19:26:21.646 [main] DEBUG org.hibernate.loader.Loader - Result set row: 379
19:26:21.646 [main] DEBUG org.hibernate.loader.Loader - Result row: EntityKey[edu.ncsu.csc.itrust2.models.persistent.LogEntry#406]
19:26:21.646 [main] DEBUG org.hibernate.loader.Loader - Result set row: 380
19:26:21.646 [main] DEBUG org.hibernate.loader.Loader - Result row: EntityKey[edu.ncsu.csc.itrust2.models.persistent.LogEntry#407]
19:26:21.646 [main] DEBUG org.hibernate.loader.Loader - Result set row: 381
19:26:21.647 [main] DEBUG org.hibernate.loader.Loader - Result row: EntityKey[edu.ncsu.csc.itrust2.models.persistent.LogEntry#408]
19:26:21.647 [main] DEBUG org.hibernate.loader.Loader - Result set row: 382
19:26:21.647 [main] DEBUG org.hibernate.loader.Loader - Result row: EntityKey[edu.ncsu.csc.itrust2.models.persistent.LogEntry#409]
19:26:21.648 [main] DEBUG org.hibernate.loader.Loader - Result set row: 383
19:26:21.648 [main] DEBUG org.hibernate.loader.Loader - Result row: EntityKey[edu.ncsu.csc.itrust2.models.persistent.LogEntry#410]
19:26:21.649 [main] DEBUG org.hibernate.loader.Loader - Result set row: 384
19:26:21.649 [main] DEBUG org.hibernate.loader.Loader - Result row: EntityKey[edu.ncsu.csc.itrust2.models.persistent.LogEntry#411]
19:26:21.649 [main] DEBUG org.hibernate.loader.Loader - Result set row: 385
19:26:21.649 [main] DEBUG org.hibernate.loader.Loader - Result row: EntityKey[edu.ncsu.csc.itrust2.models.persistent.LogEntry#412]
19:26:21.649 [main] DEBUG org.hibernate.loader.Loader - Result set row: 386
19:26:21.649 [main] DEBUG org.hibernate.loader.Loader - Result row: EntityKey[edu.ncsu.csc.itrust2.models.persistent.LogEntry#413]
19:26:21.650 [main] DEBUG org.hibernate.loader.Loader - Result set row: 387
19:26:21.650 [main] DEBUG org.hibernate.loader.Loader - Result row: EntityKey[edu.ncsu.csc.itrust2.models.persistent.LogEntry#414]
19:26:21.650 [main] DEBUG org.hibernate.loader.Loader - Result set row: 388
19:26:21.650 [main] DEBUG org.hibernate.loader.Loader - Result row: EntityKey[edu.ncsu.csc.itrust2.models.persistent.LogEntry#415]
19:26:21.650 [main] DEBUG org.hibernate.loader.Loader - Result set row: 389
19:26:21.650 [main] DEBUG org.hibernate.loader.Loader - Result row: EntityKey[edu.ncsu.csc.itrust2.models.persistent.LogEntry#416]
19:26:21.650 [main] DEBUG org.hibernate.loader.Loader - Result set row: 390
19:26:21.650 [main] DEBUG org.hibernate.loader.Loader - Result row: EntityKey[edu.ncsu.csc.itrust2.models.persistent.LogEntry#417]
19:26:21.650 [main] DEBUG org.hibernate.loader.Loader - Result set row: 391
19:26:21.650 [main] DEBUG org.hibernate.loader.Loader - Result row: EntityKey[edu.ncsu.csc.itrust2.models.persistent.LogEntry#418]
19:26:21.650 [main] DEBUG org.hibernate.loader.Loader - Result set row: 392
19:26:21.650 [main] DEBUG org.hibernate.loader.Loader - Result row: EntityKey[edu.ncsu.csc.itrust2.models.persistent.LogEntry#419]
19:26:21.650 [main] DEBUG org.hibernate.loader.Loader - Result set row: 393
19:26:21.650 [main] DEBUG org.hibernate.loader.Loader - Result row: EntityKey[edu.ncsu.csc.itrust2.models.persistent.LogEntry#420]
19:26:21.650 [main] DEBUG org.hibernate.loader.Loader - Result set row: 394
19:26:21.651 [main] DEBUG org.hibernate.loader.Loader - Result row: EntityKey[edu.ncsu.csc.itrust2.models.persistent.LogEntry#421]
19:26:21.651 [main] DEBUG org.hibernate.loader.Loader - Result set row: 395
19:26:21.653 [main] DEBUG org.hibernate.loader.Loader - Result row: EntityKey[edu.ncsu.csc.itrust2.models.persistent.LogEntry#422]
19:26:21.653 [main] DEBUG org.hibernate.loader.Loader - Result set row: 396
19:26:21.653 [main] DEBUG org.hibernate.loader.Loader - Result row: EntityKey[edu.ncsu.csc.itrust2.models.persistent.LogEntry#423]
19:26:21.653 [main] DEBUG org.hibernate.loader.Loader - Result set row: 397
19:26:21.653 [main] DEBUG org.hibernate.loader.Loader - Result row: EntityKey[edu.ncsu.csc.itrust2.models.persistent.LogEntry#424]
19:26:21.653 [main] DEBUG org.hibernate.loader.Loader - Result set row: 398
19:26:21.653 [main] DEBUG org.hibernate.loader.Loader - Result row: EntityKey[edu.ncsu.csc.itrust2.models.persistent.LogEntry#425]
19:26:21.654 [main] DEBUG org.hibernate.loader.Loader - Result set row: 399
19:26:21.654 [main] DEBUG org.hibernate.loader.Loader - Result row: EntityKey[edu.ncsu.csc.itrust2.models.persistent.LogEntry#426]
19:26:21.654 [main] DEBUG org.hibernate.loader.Loader - Result set row: 400
19:26:21.654 [main] DEBUG org.hibernate.loader.Loader - Result row: EntityKey[edu.ncsu.csc.itrust2.models.persistent.LogEntry#427]
19:26:21.654 [main] DEBUG org.hibernate.loader.Loader - Result set row: 401
19:26:21.654 [main] DEBUG org.hibernate.loader.Loader - Result row: EntityKey[edu.ncsu.csc.itrust2.models.persistent.LogEntry#428]
19:26:21.654 [main] DEBUG org.hibernate.loader.Loader - Result set row: 402
19:26:21.654 [main] DEBUG org.hibernate.loader.Loader - Result row: EntityKey[edu.ncsu.csc.itrust2.models.persistent.LogEntry#429]
19:26:21.655 [main] DEBUG org.hibernate.loader.Loader - Result set row: 403
19:26:21.655 [main] DEBUG org.hibernate.loader.Loader - Result row: EntityKey[edu.ncsu.csc.itrust2.models.persistent.LogEntry#430]
19:26:21.655 [main] DEBUG org.hibernate.loader.Loader - Result set row: 404
19:26:21.655 [main] DEBUG org.hibernate.loader.Loader - Result row: EntityKey[edu.ncsu.csc.itrust2.models.persistent.LogEntry#431]
19:26:21.655 [main] DEBUG org.hibernate.loader.Loader - Result set row: 405
19:26:21.655 [main] DEBUG org.hibernate.loader.Loader - Result row: EntityKey[edu.ncsu.csc.itrust2.models.persistent.LogEntry#432]
19:26:21.656 [main] DEBUG org.hibernate.loader.Loader - Result set row: 406
19:26:21.656 [main] DEBUG org.hibernate.loader.Loader - Result row: EntityKey[edu.ncsu.csc.itrust2.models.persistent.LogEntry#433]
19:26:21.656 [main] DEBUG org.hibernate.loader.Loader - Result set row: 407
19:26:21.656 [main] DEBUG org.hibernate.loader.Loader - Result row: EntityKey[edu.ncsu.csc.itrust2.models.persistent.LogEntry#434]
19:26:21.656 [main] DEBUG org.hibernate.loader.Loader - Result set row: 408
19:26:21.656 [main] DEBUG org.hibernate.loader.Loader - Result row: EntityKey[edu.ncsu.csc.itrust2.models.persistent.LogEntry#435]
19:26:21.658 [main] DEBUG org.hibernate.loader.Loader - Result set row: 409
19:26:21.658 [main] DEBUG org.hibernate.loader.Loader - Result row: EntityKey[edu.ncsu.csc.itrust2.models.persistent.LogEntry#436]
19:26:21.659 [main] DEBUG org.hibernate.loader.Loader - Result set row: 410
19:26:21.659 [main] DEBUG org.hibernate.loader.Loader - Result row: EntityKey[edu.ncsu.csc.itrust2.models.persistent.LogEntry#437]
19:26:21.659 [main] DEBUG org.hibernate.loader.Loader - Result set row: 411
19:26:21.659 [main] DEBUG org.hibernate.loader.Loader - Result row: EntityKey[edu.ncsu.csc.itrust2.models.persistent.LogEntry#438]
19:26:21.659 [main] DEBUG org.hibernate.loader.Loader - Result set row: 412
19:26:21.660 [main] DEBUG org.hibernate.loader.Loader - Result row: EntityKey[edu.ncsu.csc.itrust2.models.persistent.LogEntry#439]
19:26:21.660 [main] DEBUG org.hibernate.loader.Loader - Result set row: 413
19:26:21.660 [main] DEBUG org.hibernate.loader.Loader - Result row: EntityKey[edu.ncsu.csc.itrust2.models.persistent.LogEntry#440]
19:26:21.660 [main] DEBUG org.hibernate.loader.Loader - Result set row: 414
19:26:21.660 [main] DEBUG org.hibernate.loader.Loader - Result row: EntityKey[edu.ncsu.csc.itrust2.models.persistent.LogEntry#441]
19:26:21.660 [main] DEBUG org.hibernate.loader.Loader - Result set row: 415
19:26:21.660 [main] DEBUG org.hibernate.loader.Loader - Result row: EntityKey[edu.ncsu.csc.itrust2.models.persistent.LogEntry#442]
19:26:21.660 [main] DEBUG org.hibernate.loader.Loader - Result set row: 416
19:26:21.660 [main] DEBUG org.hibernate.loader.Loader - Result row: EntityKey[edu.ncsu.csc.itrust2.models.persistent.LogEntry#443]
19:26:21.664 [main] DEBUG org.hibernate.loader.Loader - Result set row: 417
19:26:21.666 [main] DEBUG org.hibernate.loader.Loader - Result row: EntityKey[edu.ncsu.csc.itrust2.models.persistent.LogEntry#444]
19:26:21.667 [main] DEBUG org.hibernate.loader.Loader - Result set row: 418
19:26:21.667 [main] DEBUG org.hibernate.loader.Loader - Result row: EntityKey[edu.ncsu.csc.itrust2.models.persistent.LogEntry#445]
19:26:21.667 [main] DEBUG org.hibernate.loader.Loader - Result set row: 419
19:26:21.667 [main] DEBUG org.hibernate.loader.Loader - Result row: EntityKey[edu.ncsu.csc.itrust2.models.persistent.LogEntry#446]
19:26:21.667 [main] DEBUG org.hibernate.loader.Loader - Result set row: 420
19:26:21.667 [main] DEBUG org.hibernate.loader.Loader - Result row: EntityKey[edu.ncsu.csc.itrust2.models.persistent.LogEntry#447]
19:26:21.667 [main] DEBUG org.hibernate.loader.Loader - Result set row: 421
19:26:21.667 [main] DEBUG org.hibernate.loader.Loader - Result row: EntityKey[edu.ncsu.csc.itrust2.models.persistent.LogEntry#448]
19:26:21.668 [main] DEBUG org.hibernate.loader.Loader - Result set row: 422
19:26:21.668 [main] DEBUG org.hibernate.loader.Loader - Result row: EntityKey[edu.ncsu.csc.itrust2.models.persistent.LogEntry#449]
19:26:21.668 [main] DEBUG org.hibernate.loader.Loader - Result set row: 423
19:26:21.673 [main] DEBUG org.hibernate.loader.Loader - Result row: EntityKey[edu.ncsu.csc.itrust2.models.persistent.LogEntry#450]
19:26:21.673 [main] DEBUG org.hibernate.loader.Loader - Result set row: 424
19:26:21.673 [main] DEBUG org.hibernate.loader.Loader - Result row: EntityKey[edu.ncsu.csc.itrust2.models.persistent.LogEntry#451]
19:26:21.673 [main] DEBUG org.hibernate.loader.Loader - Result set row: 425
19:26:21.674 [main] DEBUG org.hibernate.loader.Loader - Result row: EntityKey[edu.ncsu.csc.itrust2.models.persistent.LogEntry#452]
19:26:21.674 [main] DEBUG org.hibernate.loader.Loader - Result set row: 426
19:26:21.674 [main] DEBUG org.hibernate.loader.Loader - Result row: EntityKey[edu.ncsu.csc.itrust2.models.persistent.LogEntry#453]
19:26:21.674 [main] DEBUG org.hibernate.loader.Loader - Result set row: 427
19:26:21.674 [main] DEBUG org.hibernate.loader.Loader - Result row: EntityKey[edu.ncsu.csc.itrust2.models.persistent.LogEntry#454]
19:26:21.674 [main] DEBUG org.hibernate.loader.Loader - Result set row: 428
19:26:21.674 [main] DEBUG org.hibernate.loader.Loader - Result row: EntityKey[edu.ncsu.csc.itrust2.models.persistent.LogEntry#455]
19:26:21.675 [main] DEBUG org.hibernate.loader.Loader - Result set row: 429
19:26:21.675 [main] DEBUG org.hibernate.loader.Loader - Result row: EntityKey[edu.ncsu.csc.itrust2.models.persistent.LogEntry#456]
19:26:21.675 [main] DEBUG org.hibernate.loader.Loader - Result set row: 430
19:26:21.675 [main] DEBUG org.hibernate.loader.Loader - Result row: EntityKey[edu.ncsu.csc.itrust2.models.persistent.LogEntry#457]
19:26:21.675 [main] DEBUG org.hibernate.loader.Loader - Result set row: 431
19:26:21.675 [main] DEBUG org.hibernate.loader.Loader - Result row: EntityKey[edu.ncsu.csc.itrust2.models.persistent.LogEntry#458]
19:26:21.675 [main] DEBUG org.hibernate.loader.Loader - Result set row: 432
19:26:21.675 [main] DEBUG org.hibernate.loader.Loader - Result row: EntityKey[edu.ncsu.csc.itrust2.models.persistent.LogEntry#459]
19:26:21.675 [main] DEBUG org.hibernate.loader.Loader - Result set row: 433
19:26:21.676 [main] DEBUG org.hibernate.loader.Loader - Result row: EntityKey[edu.ncsu.csc.itrust2.models.persistent.LogEntry#460]
19:26:21.676 [main] DEBUG org.hibernate.loader.Loader - Result set row: 434
19:26:21.676 [main] DEBUG org.hibernate.loader.Loader - Result row: EntityKey[edu.ncsu.csc.itrust2.models.persistent.LogEntry#461]
19:26:21.676 [main] DEBUG org.hibernate.loader.Loader - Result set row: 435
19:26:21.676 [main] DEBUG org.hibernate.loader.Loader - Result row: EntityKey[edu.ncsu.csc.itrust2.models.persistent.LogEntry#462]
19:26:21.676 [main] DEBUG org.hibernate.loader.Loader - Result set row: 436
19:26:21.676 [main] DEBUG org.hibernate.loader.Loader - Result row: EntityKey[edu.ncsu.csc.itrust2.models.persistent.LogEntry#463]
19:26:21.676 [main] DEBUG org.hibernate.loader.Loader - Result set row: 437
19:26:21.677 [main] DEBUG org.hibernate.loader.Loader - Result row: EntityKey[edu.ncsu.csc.itrust2.models.persistent.LogEntry#464]
19:26:21.677 [main] DEBUG org.hibernate.loader.Loader - Result set row: 438
19:26:21.677 [main] DEBUG org.hibernate.loader.Loader - Result row: EntityKey[edu.ncsu.csc.itrust2.models.persistent.LogEntry#465]
19:26:21.677 [main] DEBUG org.hibernate.loader.Loader - Result set row: 439
19:26:21.677 [main] DEBUG org.hibernate.loader.Loader - Result row: EntityKey[edu.ncsu.csc.itrust2.models.persistent.LogEntry#466]
19:26:21.677 [main] DEBUG org.hibernate.loader.Loader - Result set row: 440
19:26:21.678 [main] DEBUG org.hibernate.loader.Loader - Result row: EntityKey[edu.ncsu.csc.itrust2.models.persistent.LogEntry#467]
19:26:21.678 [main] DEBUG org.hibernate.loader.Loader - Result set row: 441
19:26:21.678 [main] DEBUG org.hibernate.loader.Loader - Result row: EntityKey[edu.ncsu.csc.itrust2.models.persistent.LogEntry#468]
19:26:21.678 [main] DEBUG org.hibernate.loader.Loader - Result set row: 442
19:26:21.678 [main] DEBUG org.hibernate.loader.Loader - Result row: EntityKey[edu.ncsu.csc.itrust2.models.persistent.LogEntry#469]
19:26:21.678 [main] DEBUG org.hibernate.loader.Loader - Result set row: 443
19:26:21.678 [main] DEBUG org.hibernate.loader.Loader - Result row: EntityKey[edu.ncsu.csc.itrust2.models.persistent.LogEntry#470]
19:26:21.679 [main] DEBUG org.hibernate.loader.Loader - Result set row: 444
19:26:21.679 [main] DEBUG org.hibernate.loader.Loader - Result row: EntityKey[edu.ncsu.csc.itrust2.models.persistent.LogEntry#471]
19:26:21.679 [main] DEBUG org.hibernate.loader.Loader - Result set row: 445
19:26:21.679 [main] DEBUG org.hibernate.loader.Loader - Result row: EntityKey[edu.ncsu.csc.itrust2.models.persistent.LogEntry#472]
19:26:21.679 [main] DEBUG org.hibernate.loader.Loader - Result set row: 446
19:26:21.680 [main] DEBUG org.hibernate.loader.Loader - Result row: EntityKey[edu.ncsu.csc.itrust2.models.persistent.LogEntry#473]
19:26:21.680 [main] DEBUG org.hibernate.loader.Loader - Result set row: 447
19:26:21.680 [main] DEBUG org.hibernate.loader.Loader - Result row: EntityKey[edu.ncsu.csc.itrust2.models.persistent.LogEntry#474]
19:26:21.680 [main] DEBUG org.hibernate.loader.Loader - Result set row: 448
19:26:21.680 [main] DEBUG org.hibernate.loader.Loader - Result row: EntityKey[edu.ncsu.csc.itrust2.models.persistent.LogEntry#475]
19:26:21.681 [main] DEBUG org.hibernate.loader.Loader - Result set row: 449
19:26:21.681 [main] DEBUG org.hibernate.loader.Loader - Result row: EntityKey[edu.ncsu.csc.itrust2.models.persistent.LogEntry#476]
19:26:21.681 [main] DEBUG org.hibernate.loader.Loader - Result set row: 450
19:26:21.681 [main] DEBUG org.hibernate.loader.Loader - Result row: EntityKey[edu.ncsu.csc.itrust2.models.persistent.LogEntry#477]
19:26:21.681 [main] DEBUG org.hibernate.loader.Loader - Result set row: 451
19:26:21.681 [main] DEBUG org.hibernate.loader.Loader - Result row: EntityKey[edu.ncsu.csc.itrust2.models.persistent.LogEntry#478]
19:26:21.681 [main] DEBUG org.hibernate.loader.Loader - Result set row: 452
19:26:21.681 [main] DEBUG org.hibernate.loader.Loader - Result row: EntityKey[edu.ncsu.csc.itrust2.models.persistent.LogEntry#479]
19:26:21.681 [main] DEBUG org.hibernate.loader.Loader - Result set row: 453
19:26:21.681 [main] DEBUG org.hibernate.loader.Loader - Result row: EntityKey[edu.ncsu.csc.itrust2.models.persistent.LogEntry#480]
19:26:21.682 [main] DEBUG org.hibernate.loader.Loader - Result set row: 454
19:26:21.682 [main] DEBUG org.hibernate.loader.Loader - Result row: EntityKey[edu.ncsu.csc.itrust2.models.persistent.LogEntry#481]
19:26:21.682 [main] DEBUG org.hibernate.loader.Loader - Result set row: 455
19:26:21.682 [main] DEBUG org.hibernate.loader.Loader - Result row: EntityKey[edu.ncsu.csc.itrust2.models.persistent.LogEntry#482]
19:26:21.682 [main] DEBUG org.hibernate.loader.Loader - Result set row: 456
19:26:21.682 [main] DEBUG org.hibernate.loader.Loader - Result row: EntityKey[edu.ncsu.csc.itrust2.models.persistent.LogEntry#483]
19:26:21.682 [main] DEBUG org.hibernate.loader.Loader - Result set row: 457
19:26:21.682 [main] DEBUG org.hibernate.loader.Loader - Result row: EntityKey[edu.ncsu.csc.itrust2.models.persistent.LogEntry#484]
19:26:21.682 [main] DEBUG org.hibernate.loader.Loader - Result set row: 458
19:26:21.683 [main] DEBUG org.hibernate.loader.Loader - Result row: EntityKey[edu.ncsu.csc.itrust2.models.persistent.LogEntry#485]
19:26:21.683 [main] DEBUG org.hibernate.loader.Loader - Result set row: 459
19:26:21.683 [main] DEBUG org.hibernate.loader.Loader - Result row: EntityKey[edu.ncsu.csc.itrust2.models.persistent.LogEntry#486]
19:26:21.683 [main] DEBUG org.hibernate.loader.Loader - Result set row: 460
19:26:21.683 [main] DEBUG org.hibernate.loader.Loader - Result row: EntityKey[edu.ncsu.csc.itrust2.models.persistent.LogEntry#487]
19:26:21.683 [main] DEBUG org.hibernate.loader.Loader - Result set row: 461
19:26:21.683 [main] DEBUG org.hibernate.loader.Loader - Result row: EntityKey[edu.ncsu.csc.itrust2.models.persistent.LogEntry#488]
19:26:21.683 [main] DEBUG org.hibernate.loader.Loader - Result set row: 462
19:26:21.684 [main] DEBUG org.hibernate.loader.Loader - Result row: EntityKey[edu.ncsu.csc.itrust2.models.persistent.LogEntry#489]
19:26:21.684 [main] DEBUG org.hibernate.loader.Loader - Result set row: 463
19:26:21.684 [main] DEBUG org.hibernate.loader.Loader - Result row: EntityKey[edu.ncsu.csc.itrust2.models.persistent.LogEntry#490]
19:26:21.684 [main] DEBUG org.hibernate.loader.Loader - Result set row: 464
19:26:21.684 [main] DEBUG org.hibernate.loader.Loader - Result row: EntityKey[edu.ncsu.csc.itrust2.models.persistent.LogEntry#491]
19:26:21.684 [main] DEBUG org.hibernate.loader.Loader - Result set row: 465
19:26:21.684 [main] DEBUG org.hibernate.loader.Loader - Result row: EntityKey[edu.ncsu.csc.itrust2.models.persistent.LogEntry#492]
19:26:21.685 [main] DEBUG org.hibernate.loader.Loader - Result set row: 466
19:26:21.685 [main] DEBUG org.hibernate.loader.Loader - Result row: EntityKey[edu.ncsu.csc.itrust2.models.persistent.LogEntry#493]
19:26:21.685 [main] DEBUG org.hibernate.loader.Loader - Result set row: 467
19:26:21.685 [main] DEBUG org.hibernate.loader.Loader - Result row: EntityKey[edu.ncsu.csc.itrust2.models.persistent.LogEntry#494]
19:26:21.686 [main] DEBUG org.hibernate.loader.Loader - Result set row: 468
19:26:21.686 [main] DEBUG org.hibernate.loader.Loader - Result row: EntityKey[edu.ncsu.csc.itrust2.models.persistent.LogEntry#495]
19:26:21.686 [main] DEBUG org.hibernate.loader.Loader - Result set row: 469
19:26:21.686 [main] DEBUG org.hibernate.loader.Loader - Result row: EntityKey[edu.ncsu.csc.itrust2.models.persistent.LogEntry#496]
19:26:21.686 [main] DEBUG org.hibernate.loader.Loader - Result set row: 470
19:26:21.686 [main] DEBUG org.hibernate.loader.Loader - Result row: EntityKey[edu.ncsu.csc.itrust2.models.persistent.LogEntry#497]
19:26:21.686 [main] DEBUG org.hibernate.loader.Loader - Result set row: 471
19:26:21.686 [main] DEBUG org.hibernate.loader.Loader - Result row: EntityKey[edu.ncsu.csc.itrust2.models.persistent.LogEntry#498]
19:26:21.686 [main] DEBUG org.hibernate.loader.Loader - Result set row: 472
19:26:21.687 [main] DEBUG org.hibernate.loader.Loader - Result row: EntityKey[edu.ncsu.csc.itrust2.models.persistent.LogEntry#499]
19:26:21.687 [main] DEBUG org.hibernate.loader.Loader - Result set row: 473
19:26:21.687 [main] DEBUG org.hibernate.loader.Loader - Result row: EntityKey[edu.ncsu.csc.itrust2.models.persistent.LogEntry#500]
19:26:21.687 [main] DEBUG org.hibernate.loader.Loader - Result set row: 474
19:26:21.687 [main] DEBUG org.hibernate.loader.Loader - Result row: EntityKey[edu.ncsu.csc.itrust2.models.persistent.LogEntry#501]
19:26:21.687 [main] DEBUG org.hibernate.loader.Loader - Result set row: 475
19:26:21.687 [main] DEBUG org.hibernate.loader.Loader - Result row: EntityKey[edu.ncsu.csc.itrust2.models.persistent.LogEntry#502]
19:26:21.687 [main] DEBUG org.hibernate.loader.Loader - Result set row: 476
19:26:21.687 [main] DEBUG org.hibernate.loader.Loader - Result row: EntityKey[edu.ncsu.csc.itrust2.models.persistent.LogEntry#503]
19:26:21.687 [main] DEBUG org.hibernate.loader.Loader - Result set row: 477
19:26:21.688 [main] DEBUG org.hibernate.loader.Loader - Result row: EntityKey[edu.ncsu.csc.itrust2.models.persistent.LogEntry#504]
19:26:21.688 [main] DEBUG org.hibernate.loader.Loader - Result set row: 478
19:26:21.688 [main] DEBUG org.hibernate.loader.Loader - Result row: EntityKey[edu.ncsu.csc.itrust2.models.persistent.LogEntry#505]
19:26:21.688 [main] DEBUG org.hibernate.loader.Loader - Result set row: 479
19:26:21.688 [main] DEBUG org.hibernate.loader.Loader - Result row: EntityKey[edu.ncsu.csc.itrust2.models.persistent.LogEntry#506]
19:26:21.688 [main] DEBUG org.hibernate.loader.Loader - Result set row: 480
19:26:21.688 [main] DEBUG org.hibernate.loader.Loader - Result row: EntityKey[edu.ncsu.csc.itrust2.models.persistent.LogEntry#507]
19:26:21.688 [main] DEBUG org.hibernate.loader.Loader - Result set row: 481
19:26:21.688 [main] DEBUG org.hibernate.loader.Loader - Result row: EntityKey[edu.ncsu.csc.itrust2.models.persistent.LogEntry#508]
19:26:21.688 [main] DEBUG org.hibernate.loader.Loader - Result set row: 482
19:26:21.689 [main] DEBUG org.hibernate.loader.Loader - Result row: EntityKey[edu.ncsu.csc.itrust2.models.persistent.LogEntry#509]
19:26:21.689 [main] DEBUG org.hibernate.loader.Loader - Result set row: 483
19:26:21.689 [main] DEBUG org.hibernate.loader.Loader - Result row: EntityKey[edu.ncsu.csc.itrust2.models.persistent.LogEntry#510]
19:26:21.689 [main] DEBUG org.hibernate.loader.Loader - Result set row: 484
19:26:21.689 [main] DEBUG org.hibernate.loader.Loader - Result row: EntityKey[edu.ncsu.csc.itrust2.models.persistent.LogEntry#511]
19:26:21.689 [main] DEBUG org.hibernate.loader.Loader - Result set row: 485
19:26:21.689 [main] DEBUG org.hibernate.loader.Loader - Result row: EntityKey[edu.ncsu.csc.itrust2.models.persistent.LogEntry#512]
19:26:21.689 [main] DEBUG org.hibernate.loader.Loader - Result set row: 486
19:26:21.689 [main] DEBUG org.hibernate.loader.Loader - Result row: EntityKey[edu.ncsu.csc.itrust2.models.persistent.LogEntry#513]
19:26:21.689 [main] DEBUG org.hibernate.loader.Loader - Result set row: 487
19:26:21.689 [main] DEBUG org.hibernate.loader.Loader - Result row: EntityKey[edu.ncsu.csc.itrust2.models.persistent.LogEntry#514]
19:26:21.690 [main] DEBUG org.hibernate.loader.Loader - Result set row: 488
19:26:21.690 [main] DEBUG org.hibernate.loader.Loader - Result row: EntityKey[edu.ncsu.csc.itrust2.models.persistent.LogEntry#515]
19:26:21.690 [main] DEBUG org.hibernate.loader.Loader - Result set row: 489
19:26:21.690 [main] DEBUG org.hibernate.loader.Loader - Result row: EntityKey[edu.ncsu.csc.itrust2.models.persistent.LogEntry#516]
19:26:21.690 [main] DEBUG org.hibernate.loader.Loader - Result set row: 490
19:26:21.690 [main] DEBUG org.hibernate.loader.Loader - Result row: EntityKey[edu.ncsu.csc.itrust2.models.persistent.LogEntry#517]
19:26:21.690 [main] DEBUG org.hibernate.loader.Loader - Result set row: 491
19:26:21.690 [main] DEBUG org.hibernate.loader.Loader - Result row: EntityKey[edu.ncsu.csc.itrust2.models.persistent.LogEntry#518]
19:26:21.690 [main] DEBUG org.hibernate.loader.Loader - Result set row: 492
19:26:21.690 [main] DEBUG org.hibernate.loader.Loader - Result row: EntityKey[edu.ncsu.csc.itrust2.models.persistent.LogEntry#519]
19:26:21.691 [main] DEBUG org.hibernate.loader.Loader - Result set row: 493
19:26:21.691 [main] DEBUG org.hibernate.loader.Loader - Result row: EntityKey[edu.ncsu.csc.itrust2.models.persistent.LogEntry#520]
19:26:21.691 [main] DEBUG org.hibernate.loader.Loader - Result set row: 494
19:26:21.691 [main] DEBUG org.hibernate.loader.Loader - Result row: EntityKey[edu.ncsu.csc.itrust2.models.persistent.LogEntry#521]
19:26:21.691 [main] DEBUG org.hibernate.loader.Loader - Result set row: 495
19:26:21.691 [main] DEBUG org.hibernate.loader.Loader - Result row: EntityKey[edu.ncsu.csc.itrust2.models.persistent.LogEntry#522]
19:26:21.691 [main] DEBUG org.hibernate.loader.Loader - Result set row: 496
19:26:21.691 [main] DEBUG org.hibernate.loader.Loader - Result row: EntityKey[edu.ncsu.csc.itrust2.models.persistent.LogEntry#523]
19:26:21.691 [main] DEBUG org.hibernate.loader.Loader - Result set row: 497
19:26:21.691 [main] DEBUG org.hibernate.loader.Loader - Result row: EntityKey[edu.ncsu.csc.itrust2.models.persistent.LogEntry#524]
19:26:21.692 [main] DEBUG org.hibernate.loader.Loader - Result set row: 498
19:26:21.692 [main] DEBUG org.hibernate.loader.Loader - Result row: EntityKey[edu.ncsu.csc.itrust2.models.persistent.LogEntry#525]
19:26:21.692 [main] DEBUG org.hibernate.loader.Loader - Result set row: 499
19:26:21.692 [main] DEBUG org.hibernate.loader.Loader - Result row: EntityKey[edu.ncsu.csc.itrust2.models.persistent.LogEntry#526]
19:26:21.692 [main] DEBUG o.h.engine.internal.TwoPhaseLoad - Resolving associations for [edu.ncsu.csc.itrust2.models.persistent.LogEntry#27]
19:26:21.692 [main] DEBUG o.h.engine.internal.TwoPhaseLoad - Done materializing entity [edu.ncsu.csc.itrust2.models.persistent.LogEntry#27]
19:26:21.692 [main] DEBUG o.h.engine.internal.TwoPhaseLoad - Resolving associations for [edu.ncsu.csc.itrust2.models.persistent.LogEntry#28]
19:26:21.692 [main] DEBUG o.h.engine.internal.TwoPhaseLoad - Done materializing entity [edu.ncsu.csc.itrust2.models.persistent.LogEntry#28]
19:26:21.693 [main] DEBUG o.h.engine.internal.TwoPhaseLoad - Resolving associations for [edu.ncsu.csc.itrust2.models.persistent.LogEntry#29]
19:26:21.693 [main] DEBUG o.h.engine.internal.TwoPhaseLoad - Done materializing entity [edu.ncsu.csc.itrust2.models.persistent.LogEntry#29]
19:26:21.693 [main] DEBUG o.h.engine.internal.TwoPhaseLoad - Resolving associations for [edu.ncsu.csc.itrust2.models.persistent.LogEntry#30]
19:26:21.693 [main] DEBUG o.h.engine.internal.TwoPhaseLoad - Done materializing entity [edu.ncsu.csc.itrust2.models.persistent.LogEntry#30]
19:26:21.693 [main] DEBUG o.h.engine.internal.TwoPhaseLoad - Resolving associations for [edu.ncsu.csc.itrust2.models.persistent.LogEntry#31]
19:26:21.693 [main] DEBUG o.h.engine.internal.TwoPhaseLoad - Done materializing entity [edu.ncsu.csc.itrust2.models.persistent.LogEntry#31]
19:26:21.693 [main] DEBUG o.h.engine.internal.TwoPhaseLoad - Resolving associations for [edu.ncsu.csc.itrust2.models.persistent.LogEntry#32]
19:26:21.693 [main] DEBUG o.h.engine.internal.TwoPhaseLoad - Done materializing entity [edu.ncsu.csc.itrust2.models.persistent.LogEntry#32]
19:26:21.693 [main] DEBUG o.h.engine.internal.TwoPhaseLoad - Resolving associations for [edu.ncsu.csc.itrust2.models.persistent.LogEntry#33]
19:26:21.693 [main] DEBUG o.h.engine.internal.TwoPhaseLoad - Done materializing entity [edu.ncsu.csc.itrust2.models.persistent.LogEntry#33]
19:26:21.693 [main] DEBUG o.h.engine.internal.TwoPhaseLoad - Resolving associations for [edu.ncsu.csc.itrust2.models.persistent.LogEntry#34]
19:26:21.693 [main] DEBUG o.h.engine.internal.TwoPhaseLoad - Done materializing entity [edu.ncsu.csc.itrust2.models.persistent.LogEntry#34]
19:26:21.694 [main] DEBUG o.h.engine.internal.TwoPhaseLoad - Resolving associations for [edu.ncsu.csc.itrust2.models.persistent.LogEntry#35]
19:26:21.694 [main] DEBUG o.h.engine.internal.TwoPhaseLoad - Done materializing entity [edu.ncsu.csc.itrust2.models.persistent.LogEntry#35]
19:26:21.694 [main] DEBUG o.h.engine.internal.TwoPhaseLoad - Resolving associations for [edu.ncsu.csc.itrust2.models.persistent.LogEntry#36]
19:26:21.694 [main] DEBUG o.h.engine.internal.TwoPhaseLoad - Done materializing entity [edu.ncsu.csc.itrust2.models.persistent.LogEntry#36]
19:26:21.694 [main] DEBUG o.h.engine.internal.TwoPhaseLoad - Resolving associations for [edu.ncsu.csc.itrust2.models.persistent.LogEntry#37]
19:26:21.694 [main] DEBUG o.h.engine.internal.TwoPhaseLoad - Done materializing entity [edu.ncsu.csc.itrust2.models.persistent.LogEntry#37]
19:26:21.694 [main] DEBUG o.h.engine.internal.TwoPhaseLoad - Resolving associations for [edu.ncsu.csc.itrust2.models.persistent.LogEntry#38]
19:26:21.694 [main] DEBUG o.h.engine.internal.TwoPhaseLoad - Done materializing entity [edu.ncsu.csc.itrust2.models.persistent.LogEntry#38]
19:26:21.694 [main] DEBUG o.h.engine.internal.TwoPhaseLoad - Resolving associations for [edu.ncsu.csc.itrust2.models.persistent.LogEntry#39]
19:26:21.694 [main] DEBUG o.h.engine.internal.TwoPhaseLoad - Done materializing entity [edu.ncsu.csc.itrust2.models.persistent.LogEntry#39]
19:26:21.694 [main] DEBUG o.h.engine.internal.TwoPhaseLoad - Resolving associations for [edu.ncsu.csc.itrust2.models.persistent.LogEntry#40]
19:26:21.695 [main] DEBUG o.h.engine.internal.TwoPhaseLoad - Done materializing entity [edu.ncsu.csc.itrust2.models.persistent.LogEntry#40]
19:26:21.695 [main] DEBUG o.h.engine.internal.TwoPhaseLoad - Resolving associations for [edu.ncsu.csc.itrust2.models.persistent.LogEntry#41]
19:26:21.695 [main] DEBUG o.h.engine.internal.TwoPhaseLoad - Done materializing entity [edu.ncsu.csc.itrust2.models.persistent.LogEntry#41]
19:26:21.695 [main] DEBUG o.h.engine.internal.TwoPhaseLoad - Resolving associations for [edu.ncsu.csc.itrust2.models.persistent.LogEntry#42]
19:26:21.695 [main] DEBUG o.h.engine.internal.TwoPhaseLoad - Done materializing entity [edu.ncsu.csc.itrust2.models.persistent.LogEntry#42]
19:26:21.695 [main] DEBUG o.h.engine.internal.TwoPhaseLoad - Resolving associations for [edu.ncsu.csc.itrust2.models.persistent.LogEntry#43]
19:26:21.695 [main] DEBUG o.h.engine.internal.TwoPhaseLoad - Done materializing entity [edu.ncsu.csc.itrust2.models.persistent.LogEntry#43]
19:26:21.695 [main] DEBUG o.h.engine.internal.TwoPhaseLoad - Resolving associations for [edu.ncsu.csc.itrust2.models.persistent.LogEntry#44]
19:26:21.695 [main] DEBUG o.h.engine.internal.TwoPhaseLoad - Done materializing entity [edu.ncsu.csc.itrust2.models.persistent.LogEntry#44]
19:26:21.695 [main] DEBUG o.h.engine.internal.TwoPhaseLoad - Resolving associations for [edu.ncsu.csc.itrust2.models.persistent.LogEntry#45]
19:26:21.695 [main] DEBUG o.h.engine.internal.TwoPhaseLoad - Done materializing entity [edu.ncsu.csc.itrust2.models.persistent.LogEntry#45]
19:26:21.696 [main] DEBUG o.h.engine.internal.TwoPhaseLoad - Resolving associations for [edu.ncsu.csc.itrust2.models.persistent.LogEntry#46]
19:26:21.696 [main] DEBUG o.h.engine.internal.TwoPhaseLoad - Done materializing entity [edu.ncsu.csc.itrust2.models.persistent.LogEntry#46]
19:26:21.696 [main] DEBUG o.h.engine.internal.TwoPhaseLoad - Resolving associations for [edu.ncsu.csc.itrust2.models.persistent.LogEntry#47]
19:26:21.696 [main] DEBUG o.h.engine.internal.TwoPhaseLoad - Done materializing entity [edu.ncsu.csc.itrust2.models.persistent.LogEntry#47]
19:26:21.696 [main] DEBUG o.h.engine.internal.TwoPhaseLoad - Resolving associations for [edu.ncsu.csc.itrust2.models.persistent.LogEntry#48]
19:26:21.696 [main] DEBUG o.h.engine.internal.TwoPhaseLoad - Done materializing entity [edu.ncsu.csc.itrust2.models.persistent.LogEntry#48]
19:26:21.696 [main] DEBUG o.h.engine.internal.TwoPhaseLoad - Resolving associations for [edu.ncsu.csc.itrust2.models.persistent.LogEntry#49]
19:26:21.696 [main] DEBUG o.h.engine.internal.TwoPhaseLoad - Done materializing entity [edu.ncsu.csc.itrust2.models.persistent.LogEntry#49]
19:26:21.697 [main] DEBUG o.h.engine.internal.TwoPhaseLoad - Resolving associations for [edu.ncsu.csc.itrust2.models.persistent.LogEntry#50]
19:26:21.697 [main] DEBUG o.h.engine.internal.TwoPhaseLoad - Done materializing entity [edu.ncsu.csc.itrust2.models.persistent.LogEntry#50]
19:26:21.697 [main] DEBUG o.h.engine.internal.TwoPhaseLoad - Resolving associations for [edu.ncsu.csc.itrust2.models.persistent.LogEntry#51]
19:26:21.697 [main] DEBUG o.h.engine.internal.TwoPhaseLoad - Done materializing entity [edu.ncsu.csc.itrust2.models.persistent.LogEntry#51]
19:26:21.697 [main] DEBUG o.h.engine.internal.TwoPhaseLoad - Resolving associations for [edu.ncsu.csc.itrust2.models.persistent.LogEntry#52]
19:26:21.697 [main] DEBUG o.h.engine.internal.TwoPhaseLoad - Done materializing entity [edu.ncsu.csc.itrust2.models.persistent.LogEntry#52]
19:26:21.697 [main] DEBUG o.h.engine.internal.TwoPhaseLoad - Resolving associations for [edu.ncsu.csc.itrust2.models.persistent.LogEntry#53]
19:26:21.697 [main] DEBUG o.h.engine.internal.TwoPhaseLoad - Done materializing entity [edu.ncsu.csc.itrust2.models.persistent.LogEntry#53]
19:26:21.698 [main] DEBUG o.h.engine.internal.TwoPhaseLoad - Resolving associations for [edu.ncsu.csc.itrust2.models.persistent.LogEntry#54]
19:26:21.698 [main] DEBUG o.h.engine.internal.TwoPhaseLoad - Done materializing entity [edu.ncsu.csc.itrust2.models.persistent.LogEntry#54]
19:26:21.698 [main] DEBUG o.h.engine.internal.TwoPhaseLoad - Resolving associations for [edu.ncsu.csc.itrust2.models.persistent.LogEntry#55]
19:26:21.699 [main] DEBUG o.h.engine.internal.TwoPhaseLoad - Done materializing entity [edu.ncsu.csc.itrust2.models.persistent.LogEntry#55]
19:26:21.699 [main] DEBUG o.h.engine.internal.TwoPhaseLoad - Resolving associations for [edu.ncsu.csc.itrust2.models.persistent.LogEntry#56]
19:26:21.699 [main] DEBUG o.h.engine.internal.TwoPhaseLoad - Done materializing entity [edu.ncsu.csc.itrust2.models.persistent.LogEntry#56]
19:26:21.699 [main] DEBUG o.h.engine.internal.TwoPhaseLoad - Resolving associations for [edu.ncsu.csc.itrust2.models.persistent.LogEntry#57]
19:26:21.700 [main] DEBUG o.h.engine.internal.TwoPhaseLoad - Done materializing entity [edu.ncsu.csc.itrust2.models.persistent.LogEntry#57]
19:26:21.700 [main] DEBUG o.h.engine.internal.TwoPhaseLoad - Resolving associations for [edu.ncsu.csc.itrust2.models.persistent.LogEntry#58]
19:26:21.700 [main] DEBUG o.h.engine.internal.TwoPhaseLoad - Done materializing entity [edu.ncsu.csc.itrust2.models.persistent.LogEntry#58]
19:26:21.700 [main] DEBUG o.h.engine.internal.TwoPhaseLoad - Resolving associations for [edu.ncsu.csc.itrust2.models.persistent.LogEntry#59]
19:26:21.700 [main] DEBUG o.h.engine.internal.TwoPhaseLoad - Done materializing entity [edu.ncsu.csc.itrust2.models.persistent.LogEntry#59]
19:26:21.700 [main] DEBUG o.h.engine.internal.TwoPhaseLoad - Resolving associations for [edu.ncsu.csc.itrust2.models.persistent.LogEntry#60]
19:26:21.700 [main] DEBUG o.h.engine.internal.TwoPhaseLoad - Done materializing entity [edu.ncsu.csc.itrust2.models.persistent.LogEntry#60]
19:26:21.700 [main] DEBUG o.h.engine.internal.TwoPhaseLoad - Resolving associations for [edu.ncsu.csc.itrust2.models.persistent.LogEntry#61]
19:26:21.700 [main] DEBUG o.h.engine.internal.TwoPhaseLoad - Done materializing entity [edu.ncsu.csc.itrust2.models.persistent.LogEntry#61]
19:26:21.700 [main] DEBUG o.h.engine.internal.TwoPhaseLoad - Resolving associations for [edu.ncsu.csc.itrust2.models.persistent.LogEntry#62]
19:26:21.700 [main] DEBUG o.h.engine.internal.TwoPhaseLoad - Done materializing entity [edu.ncsu.csc.itrust2.models.persistent.LogEntry#62]
19:26:21.701 [main] DEBUG o.h.engine.internal.TwoPhaseLoad - Resolving associations for [edu.ncsu.csc.itrust2.models.persistent.LogEntry#63]
19:26:21.701 [main] DEBUG o.h.engine.internal.TwoPhaseLoad - Done materializing entity [edu.ncsu.csc.itrust2.models.persistent.LogEntry#63]
19:26:21.701 [main] DEBUG o.h.engine.internal.TwoPhaseLoad - Resolving associations for [edu.ncsu.csc.itrust2.models.persistent.LogEntry#64]
19:26:21.701 [main] DEBUG o.h.engine.internal.TwoPhaseLoad - Done materializing entity [edu.ncsu.csc.itrust2.models.persistent.LogEntry#64]
19:26:21.701 [main] DEBUG o.h.engine.internal.TwoPhaseLoad - Resolving associations for [edu.ncsu.csc.itrust2.models.persistent.LogEntry#65]
19:26:21.701 [main] DEBUG o.h.engine.internal.TwoPhaseLoad - Done materializing entity [edu.ncsu.csc.itrust2.models.persistent.LogEntry#65]
19:26:21.701 [main] DEBUG o.h.engine.internal.TwoPhaseLoad - Resolving associations for [edu.ncsu.csc.itrust2.models.persistent.LogEntry#66]
19:26:21.701 [main] DEBUG o.h.engine.internal.TwoPhaseLoad - Done materializing entity [edu.ncsu.csc.itrust2.models.persistent.LogEntry#66]
19:26:21.701 [main] DEBUG o.h.engine.internal.TwoPhaseLoad - Resolving associations for [edu.ncsu.csc.itrust2.models.persistent.LogEntry#67]
19:26:21.701 [main] DEBUG o.h.engine.internal.TwoPhaseLoad - Done materializing entity [edu.ncsu.csc.itrust2.models.persistent.LogEntry#67]
19:26:21.701 [main] DEBUG o.h.engine.internal.TwoPhaseLoad - Resolving associations for [edu.ncsu.csc.itrust2.models.persistent.LogEntry#68]
19:26:21.701 [main] DEBUG o.h.engine.internal.TwoPhaseLoad - Done materializing entity [edu.ncsu.csc.itrust2.models.persistent.LogEntry#68]
19:26:21.702 [main] DEBUG o.h.engine.internal.TwoPhaseLoad - Resolving associations for [edu.ncsu.csc.itrust2.models.persistent.LogEntry#69]
19:26:21.702 [main] DEBUG o.h.engine.internal.TwoPhaseLoad - Done materializing entity [edu.ncsu.csc.itrust2.models.persistent.LogEntry#69]
19:26:21.702 [main] DEBUG o.h.engine.internal.TwoPhaseLoad - Resolving associations for [edu.ncsu.csc.itrust2.models.persistent.LogEntry#70]
19:26:21.702 [main] DEBUG o.h.engine.internal.TwoPhaseLoad - Done materializing entity [edu.ncsu.csc.itrust2.models.persistent.LogEntry#70]
19:26:21.702 [main] DEBUG o.h.engine.internal.TwoPhaseLoad - Resolving associations for [edu.ncsu.csc.itrust2.models.persistent.LogEntry#71]
19:26:21.702 [main] DEBUG o.h.engine.internal.TwoPhaseLoad - Done materializing entity [edu.ncsu.csc.itrust2.models.persistent.LogEntry#71]
19:26:21.702 [main] DEBUG o.h.engine.internal.TwoPhaseLoad - Resolving associations for [edu.ncsu.csc.itrust2.models.persistent.LogEntry#72]
19:26:21.702 [main] DEBUG o.h.engine.internal.TwoPhaseLoad - Done materializing entity [edu.ncsu.csc.itrust2.models.persistent.LogEntry#72]
19:26:21.702 [main] DEBUG o.h.engine.internal.TwoPhaseLoad - Resolving associations for [edu.ncsu.csc.itrust2.models.persistent.LogEntry#73]
19:26:21.702 [main] DEBUG o.h.engine.internal.TwoPhaseLoad - Done materializing entity [edu.ncsu.csc.itrust2.models.persistent.LogEntry#73]
19:26:21.702 [main] DEBUG o.h.engine.internal.TwoPhaseLoad - Resolving associations for [edu.ncsu.csc.itrust2.models.persistent.LogEntry#74]
19:26:21.703 [main] DEBUG o.h.engine.internal.TwoPhaseLoad - Done materializing entity [edu.ncsu.csc.itrust2.models.persistent.LogEntry#74]
19:26:21.703 [main] DEBUG o.h.engine.internal.TwoPhaseLoad - Resolving associations for [edu.ncsu.csc.itrust2.models.persistent.LogEntry#75]
19:26:21.703 [main] DEBUG o.h.engine.internal.TwoPhaseLoad - Done materializing entity [edu.ncsu.csc.itrust2.models.persistent.LogEntry#75]
19:26:21.703 [main] DEBUG o.h.engine.internal.TwoPhaseLoad - Resolving associations for [edu.ncsu.csc.itrust2.models.persistent.LogEntry#76]
19:26:21.703 [main] DEBUG o.h.engine.internal.TwoPhaseLoad - Done materializing entity [edu.ncsu.csc.itrust2.models.persistent.LogEntry#76]
19:26:21.703 [main] DEBUG o.h.engine.internal.TwoPhaseLoad - Resolving associations for [edu.ncsu.csc.itrust2.models.persistent.LogEntry#77]
19:26:21.703 [main] DEBUG o.h.engine.internal.TwoPhaseLoad - Done materializing entity [edu.ncsu.csc.itrust2.models.persistent.LogEntry#77]
19:26:21.703 [main] DEBUG o.h.engine.internal.TwoPhaseLoad - Resolving associations for [edu.ncsu.csc.itrust2.models.persistent.LogEntry#78]
19:26:21.703 [main] DEBUG o.h.engine.internal.TwoPhaseLoad - Done materializing entity [edu.ncsu.csc.itrust2.models.persistent.LogEntry#78]
19:26:21.703 [main] DEBUG o.h.engine.internal.TwoPhaseLoad - Resolving associations for [edu.ncsu.csc.itrust2.models.persistent.LogEntry#79]
19:26:21.704 [main] DEBUG o.h.engine.internal.TwoPhaseLoad - Done materializing entity [edu.ncsu.csc.itrust2.models.persistent.LogEntry#79]
19:26:21.704 [main] DEBUG o.h.engine.internal.TwoPhaseLoad - Resolving associations for [edu.ncsu.csc.itrust2.models.persistent.LogEntry#80]
19:26:21.704 [main] DEBUG o.h.engine.internal.TwoPhaseLoad - Done materializing entity [edu.ncsu.csc.itrust2.models.persistent.LogEntry#80]
19:26:21.704 [main] DEBUG o.h.engine.internal.TwoPhaseLoad - Resolving associations for [edu.ncsu.csc.itrust2.models.persistent.LogEntry#81]
19:26:21.704 [main] DEBUG o.h.engine.internal.TwoPhaseLoad - Done materializing entity [edu.ncsu.csc.itrust2.models.persistent.LogEntry#81]
19:26:21.704 [main] DEBUG o.h.engine.internal.TwoPhaseLoad - Resolving associations for [edu.ncsu.csc.itrust2.models.persistent.LogEntry#82]
19:26:21.704 [main] DEBUG o.h.engine.internal.TwoPhaseLoad - Done materializing entity [edu.ncsu.csc.itrust2.models.persistent.LogEntry#82]
19:26:21.704 [main] DEBUG o.h.engine.internal.TwoPhaseLoad - Resolving associations for [edu.ncsu.csc.itrust2.models.persistent.LogEntry#83]
19:26:21.704 [main] DEBUG o.h.engine.internal.TwoPhaseLoad - Done materializing entity [edu.ncsu.csc.itrust2.models.persistent.LogEntry#83]
19:26:21.704 [main] DEBUG o.h.engine.internal.TwoPhaseLoad - Resolving associations for [edu.ncsu.csc.itrust2.models.persistent.LogEntry#84]
19:26:21.704 [main] DEBUG o.h.engine.internal.TwoPhaseLoad - Done materializing entity [edu.ncsu.csc.itrust2.models.persistent.LogEntry#84]
19:26:21.704 [main] DEBUG o.h.engine.internal.TwoPhaseLoad - Resolving associations for [edu.ncsu.csc.itrust2.models.persistent.LogEntry#85]
19:26:21.705 [main] DEBUG o.h.engine.internal.TwoPhaseLoad - Done materializing entity [edu.ncsu.csc.itrust2.models.persistent.LogEntry#85]
19:26:21.705 [main] DEBUG o.h.engine.internal.TwoPhaseLoad - Resolving associations for [edu.ncsu.csc.itrust2.models.persistent.LogEntry#86]
19:26:21.705 [main] DEBUG o.h.engine.internal.TwoPhaseLoad - Done materializing entity [edu.ncsu.csc.itrust2.models.persistent.LogEntry#86]
19:26:21.705 [main] DEBUG o.h.engine.internal.TwoPhaseLoad - Resolving associations for [edu.ncsu.csc.itrust2.models.persistent.LogEntry#87]
19:26:21.705 [main] DEBUG o.h.engine.internal.TwoPhaseLoad - Done materializing entity [edu.ncsu.csc.itrust2.models.persistent.LogEntry#87]
19:26:21.705 [main] DEBUG o.h.engine.internal.TwoPhaseLoad - Resolving associations for [edu.ncsu.csc.itrust2.models.persistent.LogEntry#88]
19:26:21.705 [main] DEBUG o.h.engine.internal.TwoPhaseLoad - Done materializing entity [edu.ncsu.csc.itrust2.models.persistent.LogEntry#88]
19:26:21.705 [main] DEBUG o.h.engine.internal.TwoPhaseLoad - Resolving associations for [edu.ncsu.csc.itrust2.models.persistent.LogEntry#89]
19:26:21.705 [main] DEBUG o.h.engine.internal.TwoPhaseLoad - Done materializing entity [edu.ncsu.csc.itrust2.models.persistent.LogEntry#89]
19:26:21.705 [main] DEBUG o.h.engine.internal.TwoPhaseLoad - Resolving associations for [edu.ncsu.csc.itrust2.models.persistent.LogEntry#90]
19:26:21.705 [main] DEBUG o.h.engine.internal.TwoPhaseLoad - Done materializing entity [edu.ncsu.csc.itrust2.models.persistent.LogEntry#90]
19:26:21.706 [main] DEBUG o.h.engine.internal.TwoPhaseLoad - Resolving associations for [edu.ncsu.csc.itrust2.models.persistent.LogEntry#91]
19:26:21.706 [main] DEBUG o.h.engine.internal.TwoPhaseLoad - Done materializing entity [edu.ncsu.csc.itrust2.models.persistent.LogEntry#91]
19:26:21.706 [main] DEBUG o.h.engine.internal.TwoPhaseLoad - Resolving associations for [edu.ncsu.csc.itrust2.models.persistent.LogEntry#92]
19:26:21.706 [main] DEBUG o.h.engine.internal.TwoPhaseLoad - Done materializing entity [edu.ncsu.csc.itrust2.models.persistent.LogEntry#92]
19:26:21.706 [main] DEBUG o.h.engine.internal.TwoPhaseLoad - Resolving associations for [edu.ncsu.csc.itrust2.models.persistent.LogEntry#93]
19:26:21.706 [main] DEBUG o.h.engine.internal.TwoPhaseLoad - Done materializing entity [edu.ncsu.csc.itrust2.models.persistent.LogEntry#93]
19:26:21.706 [main] DEBUG o.h.engine.internal.TwoPhaseLoad - Resolving associations for [edu.ncsu.csc.itrust2.models.persistent.LogEntry#94]
19:26:21.706 [main] DEBUG o.h.engine.internal.TwoPhaseLoad - Done materializing entity [edu.ncsu.csc.itrust2.models.persistent.LogEntry#94]
19:26:21.706 [main] DEBUG o.h.engine.internal.TwoPhaseLoad - Resolving associations for [edu.ncsu.csc.itrust2.models.persistent.LogEntry#95]
19:26:21.707 [main] DEBUG o.h.engine.internal.TwoPhaseLoad - Done materializing entity [edu.ncsu.csc.itrust2.models.persistent.LogEntry#95]
19:26:21.707 [main] DEBUG o.h.engine.internal.TwoPhaseLoad - Resolving associations for [edu.ncsu.csc.itrust2.models.persistent.LogEntry#96]
19:26:21.707 [main] DEBUG o.h.engine.internal.TwoPhaseLoad - Done materializing entity [edu.ncsu.csc.itrust2.models.persistent.LogEntry#96]
19:26:21.707 [main] DEBUG o.h.engine.internal.TwoPhaseLoad - Resolving associations for [edu.ncsu.csc.itrust2.models.persistent.LogEntry#97]
19:26:21.707 [main] DEBUG o.h.engine.internal.TwoPhaseLoad - Done materializing entity [edu.ncsu.csc.itrust2.models.persistent.LogEntry#97]
19:26:21.707 [main] DEBUG o.h.engine.internal.TwoPhaseLoad - Resolving associations for [edu.ncsu.csc.itrust2.models.persistent.LogEntry#98]
19:26:21.707 [main] DEBUG o.h.engine.internal.TwoPhaseLoad - Done materializing entity [edu.ncsu.csc.itrust2.models.persistent.LogEntry#98]
19:26:21.707 [main] DEBUG o.h.engine.internal.TwoPhaseLoad - Resolving associations for [edu.ncsu.csc.itrust2.models.persistent.LogEntry#99]
19:26:21.708 [main] DEBUG o.h.engine.internal.TwoPhaseLoad - Done materializing entity [edu.ncsu.csc.itrust2.models.persistent.LogEntry#99]
19:26:21.708 [main] DEBUG o.h.engine.internal.TwoPhaseLoad - Resolving associations for [edu.ncsu.csc.itrust2.models.persistent.LogEntry#100]
19:26:21.708 [main] DEBUG o.h.engine.internal.TwoPhaseLoad - Done materializing entity [edu.ncsu.csc.itrust2.models.persistent.LogEntry#100]
19:26:21.708 [main] DEBUG o.h.engine.internal.TwoPhaseLoad - Resolving associations for [edu.ncsu.csc.itrust2.models.persistent.LogEntry#101]
19:26:21.708 [main] DEBUG o.h.engine.internal.TwoPhaseLoad - Done materializing entity [edu.ncsu.csc.itrust2.models.persistent.LogEntry#101]
19:26:21.708 [main] DEBUG o.h.engine.internal.TwoPhaseLoad - Resolving associations for [edu.ncsu.csc.itrust2.models.persistent.LogEntry#102]
19:26:21.708 [main] DEBUG o.h.engine.internal.TwoPhaseLoad - Done materializing entity [edu.ncsu.csc.itrust2.models.persistent.LogEntry#102]
19:26:21.708 [main] DEBUG o.h.engine.internal.TwoPhaseLoad - Resolving associations for [edu.ncsu.csc.itrust2.models.persistent.LogEntry#103]
19:26:21.708 [main] DEBUG o.h.engine.internal.TwoPhaseLoad - Done materializing entity [edu.ncsu.csc.itrust2.models.persistent.LogEntry#103]
19:26:21.709 [main] DEBUG o.h.engine.internal.TwoPhaseLoad - Resolving associations for [edu.ncsu.csc.itrust2.models.persistent.LogEntry#104]
19:26:21.709 [main] DEBUG o.h.engine.internal.TwoPhaseLoad - Done materializing entity [edu.ncsu.csc.itrust2.models.persistent.LogEntry#104]
19:26:21.709 [main] DEBUG o.h.engine.internal.TwoPhaseLoad - Resolving associations for [edu.ncsu.csc.itrust2.models.persistent.LogEntry#105]
19:26:21.709 [main] DEBUG o.h.engine.internal.TwoPhaseLoad - Done materializing entity [edu.ncsu.csc.itrust2.models.persistent.LogEntry#105]
19:26:21.709 [main] DEBUG o.h.engine.internal.TwoPhaseLoad - Resolving associations for [edu.ncsu.csc.itrust2.models.persistent.LogEntry#106]
19:26:21.709 [main] DEBUG o.h.engine.internal.TwoPhaseLoad - Done materializing entity [edu.ncsu.csc.itrust2.models.persistent.LogEntry#106]
19:26:21.709 [main] DEBUG o.h.engine.internal.TwoPhaseLoad - Resolving associations for [edu.ncsu.csc.itrust2.models.persistent.LogEntry#107]
19:26:21.709 [main] DEBUG o.h.engine.internal.TwoPhaseLoad - Done materializing entity [edu.ncsu.csc.itrust2.models.persistent.LogEntry#107]
19:26:21.709 [main] DEBUG o.h.engine.internal.TwoPhaseLoad - Resolving associations for [edu.ncsu.csc.itrust2.models.persistent.LogEntry#108]
19:26:21.709 [main] DEBUG o.h.engine.internal.TwoPhaseLoad - Done materializing entity [edu.ncsu.csc.itrust2.models.persistent.LogEntry#108]
19:26:21.709 [main] DEBUG o.h.engine.internal.TwoPhaseLoad - Resolving associations for [edu.ncsu.csc.itrust2.models.persistent.LogEntry#109]
19:26:21.710 [main] DEBUG o.h.engine.internal.TwoPhaseLoad - Done materializing entity [edu.ncsu.csc.itrust2.models.persistent.LogEntry#109]
19:26:21.710 [main] DEBUG o.h.engine.internal.TwoPhaseLoad - Resolving associations for [edu.ncsu.csc.itrust2.models.persistent.LogEntry#110]
19:26:21.710 [main] DEBUG o.h.engine.internal.TwoPhaseLoad - Done materializing entity [edu.ncsu.csc.itrust2.models.persistent.LogEntry#110]
19:26:21.710 [main] DEBUG o.h.engine.internal.TwoPhaseLoad - Resolving associations for [edu.ncsu.csc.itrust2.models.persistent.LogEntry#111]
19:26:21.710 [main] DEBUG o.h.engine.internal.TwoPhaseLoad - Done materializing entity [edu.ncsu.csc.itrust2.models.persistent.LogEntry#111]
19:26:21.710 [main] DEBUG o.h.engine.internal.TwoPhaseLoad - Resolving associations for [edu.ncsu.csc.itrust2.models.persistent.LogEntry#112]
19:26:21.710 [main] DEBUG o.h.engine.internal.TwoPhaseLoad - Done materializing entity [edu.ncsu.csc.itrust2.models.persistent.LogEntry#112]
19:26:21.710 [main] DEBUG o.h.engine.internal.TwoPhaseLoad - Resolving associations for [edu.ncsu.csc.itrust2.models.persistent.LogEntry#113]
19:26:21.710 [main] DEBUG o.h.engine.internal.TwoPhaseLoad - Done materializing entity [edu.ncsu.csc.itrust2.models.persistent.LogEntry#113]
19:26:21.710 [main] DEBUG o.h.engine.internal.TwoPhaseLoad - Resolving associations for [edu.ncsu.csc.itrust2.models.persistent.LogEntry#114]
19:26:21.710 [main] DEBUG o.h.engine.internal.TwoPhaseLoad - Done materializing entity [edu.ncsu.csc.itrust2.models.persistent.LogEntry#114]
19:26:21.710 [main] DEBUG o.h.engine.internal.TwoPhaseLoad - Resolving associations for [edu.ncsu.csc.itrust2.models.persistent.LogEntry#115]
19:26:21.711 [main] DEBUG o.h.engine.internal.TwoPhaseLoad - Done materializing entity [edu.ncsu.csc.itrust2.models.persistent.LogEntry#115]
19:26:21.711 [main] DEBUG o.h.engine.internal.TwoPhaseLoad - Resolving associations for [edu.ncsu.csc.itrust2.models.persistent.LogEntry#116]
19:26:21.711 [main] DEBUG o.h.engine.internal.TwoPhaseLoad - Done materializing entity [edu.ncsu.csc.itrust2.models.persistent.LogEntry#116]
19:26:21.711 [main] DEBUG o.h.engine.internal.TwoPhaseLoad - Resolving associations for [edu.ncsu.csc.itrust2.models.persistent.LogEntry#117]
19:26:21.711 [main] DEBUG o.h.engine.internal.TwoPhaseLoad - Done materializing entity [edu.ncsu.csc.itrust2.models.persistent.LogEntry#117]
19:26:21.711 [main] DEBUG o.h.engine.internal.TwoPhaseLoad - Resolving associations for [edu.ncsu.csc.itrust2.models.persistent.LogEntry#118]
19:26:21.711 [main] DEBUG o.h.engine.internal.TwoPhaseLoad - Done materializing entity [edu.ncsu.csc.itrust2.models.persistent.LogEntry#118]
19:26:21.711 [main] DEBUG o.h.engine.internal.TwoPhaseLoad - Resolving associations for [edu.ncsu.csc.itrust2.models.persistent.LogEntry#119]
19:26:21.711 [main] DEBUG o.h.engine.internal.TwoPhaseLoad - Done materializing entity [edu.ncsu.csc.itrust2.models.persistent.LogEntry#119]
19:26:21.711 [main] DEBUG o.h.engine.internal.TwoPhaseLoad - Resolving associations for [edu.ncsu.csc.itrust2.models.persistent.LogEntry#120]
19:26:21.711 [main] DEBUG o.h.engine.internal.TwoPhaseLoad - Done materializing entity [edu.ncsu.csc.itrust2.models.persistent.LogEntry#120]
19:26:21.712 [main] DEBUG o.h.engine.internal.TwoPhaseLoad - Resolving associations for [edu.ncsu.csc.itrust2.models.persistent.LogEntry#121]
19:26:21.712 [main] DEBUG o.h.engine.internal.TwoPhaseLoad - Done materializing entity [edu.ncsu.csc.itrust2.models.persistent.LogEntry#121]
19:26:21.712 [main] DEBUG o.h.engine.internal.TwoPhaseLoad - Resolving associations for [edu.ncsu.csc.itrust2.models.persistent.LogEntry#122]
19:26:21.712 [main] DEBUG o.h.engine.internal.TwoPhaseLoad - Done materializing entity [edu.ncsu.csc.itrust2.models.persistent.LogEntry#122]
19:26:21.712 [main] DEBUG o.h.engine.internal.TwoPhaseLoad - Resolving associations for [edu.ncsu.csc.itrust2.models.persistent.LogEntry#123]
19:26:21.712 [main] DEBUG o.h.engine.internal.TwoPhaseLoad - Done materializing entity [edu.ncsu.csc.itrust2.models.persistent.LogEntry#123]
19:26:21.712 [main] DEBUG o.h.engine.internal.TwoPhaseLoad - Resolving associations for [edu.ncsu.csc.itrust2.models.persistent.LogEntry#124]
19:26:21.712 [main] DEBUG o.h.engine.internal.TwoPhaseLoad - Done materializing entity [edu.ncsu.csc.itrust2.models.persistent.LogEntry#124]
19:26:21.712 [main] DEBUG o.h.engine.internal.TwoPhaseLoad - Resolving associations for [edu.ncsu.csc.itrust2.models.persistent.LogEntry#125]
19:26:21.712 [main] DEBUG o.h.engine.internal.TwoPhaseLoad - Done materializing entity [edu.ncsu.csc.itrust2.models.persistent.LogEntry#125]
19:26:21.712 [main] DEBUG o.h.engine.internal.TwoPhaseLoad - Resolving associations for [edu.ncsu.csc.itrust2.models.persistent.LogEntry#126]
19:26:21.713 [main] DEBUG o.h.engine.internal.TwoPhaseLoad - Done materializing entity [edu.ncsu.csc.itrust2.models.persistent.LogEntry#126]
19:26:21.713 [main] DEBUG o.h.engine.internal.TwoPhaseLoad - Resolving associations for [edu.ncsu.csc.itrust2.models.persistent.LogEntry#127]
19:26:21.713 [main] DEBUG o.h.engine.internal.TwoPhaseLoad - Done materializing entity [edu.ncsu.csc.itrust2.models.persistent.LogEntry#127]
19:26:21.713 [main] DEBUG o.h.engine.internal.TwoPhaseLoad - Resolving associations for [edu.ncsu.csc.itrust2.models.persistent.LogEntry#128]
19:26:21.713 [main] DEBUG o.h.engine.internal.TwoPhaseLoad - Done materializing entity [edu.ncsu.csc.itrust2.models.persistent.LogEntry#128]
19:26:21.713 [main] DEBUG o.h.engine.internal.TwoPhaseLoad - Resolving associations for [edu.ncsu.csc.itrust2.models.persistent.LogEntry#129]
19:26:21.713 [main] DEBUG o.h.engine.internal.TwoPhaseLoad - Done materializing entity [edu.ncsu.csc.itrust2.models.persistent.LogEntry#129]
19:26:21.713 [main] DEBUG o.h.engine.internal.TwoPhaseLoad - Resolving associations for [edu.ncsu.csc.itrust2.models.persistent.LogEntry#130]
19:26:21.713 [main] DEBUG o.h.engine.internal.TwoPhaseLoad - Done materializing entity [edu.ncsu.csc.itrust2.models.persistent.LogEntry#130]
19:26:21.713 [main] DEBUG o.h.engine.internal.TwoPhaseLoad - Resolving associations for [edu.ncsu.csc.itrust2.models.persistent.LogEntry#131]
19:26:21.713 [main] DEBUG o.h.engine.internal.TwoPhaseLoad - Done materializing entity [edu.ncsu.csc.itrust2.models.persistent.LogEntry#131]
19:26:21.714 [main] DEBUG o.h.engine.internal.TwoPhaseLoad - Resolving associations for [edu.ncsu.csc.itrust2.models.persistent.LogEntry#132]
19:26:21.714 [main] DEBUG o.h.engine.internal.TwoPhaseLoad - Done materializing entity [edu.ncsu.csc.itrust2.models.persistent.LogEntry#132]
19:26:21.714 [main] DEBUG o.h.engine.internal.TwoPhaseLoad - Resolving associations for [edu.ncsu.csc.itrust2.models.persistent.LogEntry#133]
19:26:21.714 [main] DEBUG o.h.engine.internal.TwoPhaseLoad - Done materializing entity [edu.ncsu.csc.itrust2.models.persistent.LogEntry#133]
19:26:21.714 [main] DEBUG o.h.engine.internal.TwoPhaseLoad - Resolving associations for [edu.ncsu.csc.itrust2.models.persistent.LogEntry#134]
19:26:21.714 [main] DEBUG o.h.engine.internal.TwoPhaseLoad - Done materializing entity [edu.ncsu.csc.itrust2.models.persistent.LogEntry#134]
19:26:21.714 [main] DEBUG o.h.engine.internal.TwoPhaseLoad - Resolving associations for [edu.ncsu.csc.itrust2.models.persistent.LogEntry#135]
19:26:21.714 [main] DEBUG o.h.engine.internal.TwoPhaseLoad - Done materializing entity [edu.ncsu.csc.itrust2.models.persistent.LogEntry#135]
19:26:21.714 [main] DEBUG o.h.engine.internal.TwoPhaseLoad - Resolving associations for [edu.ncsu.csc.itrust2.models.persistent.LogEntry#136]
19:26:21.714 [main] DEBUG o.h.engine.internal.TwoPhaseLoad - Done materializing entity [edu.ncsu.csc.itrust2.models.persistent.LogEntry#136]
19:26:21.714 [main] DEBUG o.h.engine.internal.TwoPhaseLoad - Resolving associations for [edu.ncsu.csc.itrust2.models.persistent.LogEntry#137]
19:26:21.714 [main] DEBUG o.h.engine.internal.TwoPhaseLoad - Done materializing entity [edu.ncsu.csc.itrust2.models.persistent.LogEntry#137]
19:26:21.715 [main] DEBUG o.h.engine.internal.TwoPhaseLoad - Resolving associations for [edu.ncsu.csc.itrust2.models.persistent.LogEntry#138]
19:26:21.715 [main] DEBUG o.h.engine.internal.TwoPhaseLoad - Done materializing entity [edu.ncsu.csc.itrust2.models.persistent.LogEntry#138]
19:26:21.715 [main] DEBUG o.h.engine.internal.TwoPhaseLoad - Resolving associations for [edu.ncsu.csc.itrust2.models.persistent.LogEntry#139]
19:26:21.715 [main] DEBUG o.h.engine.internal.TwoPhaseLoad - Done materializing entity [edu.ncsu.csc.itrust2.models.persistent.LogEntry#139]
19:26:21.715 [main] DEBUG o.h.engine.internal.TwoPhaseLoad - Resolving associations for [edu.ncsu.csc.itrust2.models.persistent.LogEntry#140]
19:26:21.715 [main] DEBUG o.h.engine.internal.TwoPhaseLoad - Done materializing entity [edu.ncsu.csc.itrust2.models.persistent.LogEntry#140]
19:26:21.715 [main] DEBUG o.h.engine.internal.TwoPhaseLoad - Resolving associations for [edu.ncsu.csc.itrust2.models.persistent.LogEntry#141]
19:26:21.715 [main] DEBUG o.h.engine.internal.TwoPhaseLoad - Done materializing entity [edu.ncsu.csc.itrust2.models.persistent.LogEntry#141]
19:26:21.715 [main] DEBUG o.h.engine.internal.TwoPhaseLoad - Resolving associations for [edu.ncsu.csc.itrust2.models.persistent.LogEntry#142]
19:26:21.715 [main] DEBUG o.h.engine.internal.TwoPhaseLoad - Done materializing entity [edu.ncsu.csc.itrust2.models.persistent.LogEntry#142]
19:26:21.716 [main] DEBUG o.h.engine.internal.TwoPhaseLoad - Resolving associations for [edu.ncsu.csc.itrust2.models.persistent.LogEntry#143]
19:26:21.716 [main] DEBUG o.h.engine.internal.TwoPhaseLoad - Done materializing entity [edu.ncsu.csc.itrust2.models.persistent.LogEntry#143]
19:26:21.716 [main] DEBUG o.h.engine.internal.TwoPhaseLoad - Resolving associations for [edu.ncsu.csc.itrust2.models.persistent.LogEntry#144]
19:26:21.716 [main] DEBUG o.h.engine.internal.TwoPhaseLoad - Done materializing entity [edu.ncsu.csc.itrust2.models.persistent.LogEntry#144]
19:26:21.716 [main] DEBUG o.h.engine.internal.TwoPhaseLoad - Resolving associations for [edu.ncsu.csc.itrust2.models.persistent.LogEntry#145]
19:26:21.716 [main] DEBUG o.h.engine.internal.TwoPhaseLoad - Done materializing entity [edu.ncsu.csc.itrust2.models.persistent.LogEntry#145]
19:26:21.716 [main] DEBUG o.h.engine.internal.TwoPhaseLoad - Resolving associations for [edu.ncsu.csc.itrust2.models.persistent.LogEntry#146]
19:26:21.716 [main] DEBUG o.h.engine.internal.TwoPhaseLoad - Done materializing entity [edu.ncsu.csc.itrust2.models.persistent.LogEntry#146]
19:26:21.716 [main] DEBUG o.h.engine.internal.TwoPhaseLoad - Resolving associations for [edu.ncsu.csc.itrust2.models.persistent.LogEntry#147]
19:26:21.716 [main] DEBUG o.h.engine.internal.TwoPhaseLoad - Done materializing entity [edu.ncsu.csc.itrust2.models.persistent.LogEntry#147]
19:26:21.716 [main] DEBUG o.h.engine.internal.TwoPhaseLoad - Resolving associations for [edu.ncsu.csc.itrust2.models.persistent.LogEntry#148]
19:26:21.717 [main] DEBUG o.h.engine.internal.TwoPhaseLoad - Done materializing entity [edu.ncsu.csc.itrust2.models.persistent.LogEntry#148]
19:26:21.717 [main] DEBUG o.h.engine.internal.TwoPhaseLoad - Resolving associations for [edu.ncsu.csc.itrust2.models.persistent.LogEntry#149]
19:26:21.717 [main] DEBUG o.h.engine.internal.TwoPhaseLoad - Done materializing entity [edu.ncsu.csc.itrust2.models.persistent.LogEntry#149]
19:26:21.717 [main] DEBUG o.h.engine.internal.TwoPhaseLoad - Resolving associations for [edu.ncsu.csc.itrust2.models.persistent.LogEntry#150]
19:26:21.717 [main] DEBUG o.h.engine.internal.TwoPhaseLoad - Done materializing entity [edu.ncsu.csc.itrust2.models.persistent.LogEntry#150]
19:26:21.717 [main] DEBUG o.h.engine.internal.TwoPhaseLoad - Resolving associations for [edu.ncsu.csc.itrust2.models.persistent.LogEntry#151]
19:26:21.717 [main] DEBUG o.h.engine.internal.TwoPhaseLoad - Done materializing entity [edu.ncsu.csc.itrust2.models.persistent.LogEntry#151]
19:26:21.717 [main] DEBUG o.h.engine.internal.TwoPhaseLoad - Resolving associations for [edu.ncsu.csc.itrust2.models.persistent.LogEntry#152]
19:26:21.717 [main] DEBUG o.h.engine.internal.TwoPhaseLoad - Done materializing entity [edu.ncsu.csc.itrust2.models.persistent.LogEntry#152]
19:26:21.717 [main] DEBUG o.h.engine.internal.TwoPhaseLoad - Resolving associations for [edu.ncsu.csc.itrust2.models.persistent.LogEntry#153]
19:26:21.718 [main] DEBUG o.h.engine.internal.TwoPhaseLoad - Done materializing entity [edu.ncsu.csc.itrust2.models.persistent.LogEntry#153]
19:26:21.718 [main] DEBUG o.h.engine.internal.TwoPhaseLoad - Resolving associations for [edu.ncsu.csc.itrust2.models.persistent.LogEntry#154]
19:26:21.718 [main] DEBUG o.h.engine.internal.TwoPhaseLoad - Done materializing entity [edu.ncsu.csc.itrust2.models.persistent.LogEntry#154]
19:26:21.718 [main] DEBUG o.h.engine.internal.TwoPhaseLoad - Resolving associations for [edu.ncsu.csc.itrust2.models.persistent.LogEntry#155]
19:26:21.718 [main] DEBUG o.h.engine.internal.TwoPhaseLoad - Done materializing entity [edu.ncsu.csc.itrust2.models.persistent.LogEntry#155]
19:26:21.718 [main] DEBUG o.h.engine.internal.TwoPhaseLoad - Resolving associations for [edu.ncsu.csc.itrust2.models.persistent.LogEntry#156]
19:26:21.718 [main] DEBUG o.h.engine.internal.TwoPhaseLoad - Done materializing entity [edu.ncsu.csc.itrust2.models.persistent.LogEntry#156]
19:26:21.718 [main] DEBUG o.h.engine.internal.TwoPhaseLoad - Resolving associations for [edu.ncsu.csc.itrust2.models.persistent.LogEntry#157]
19:26:21.718 [main] DEBUG o.h.engine.internal.TwoPhaseLoad - Done materializing entity [edu.ncsu.csc.itrust2.models.persistent.LogEntry#157]
19:26:21.718 [main] DEBUG o.h.engine.internal.TwoPhaseLoad - Resolving associations for [edu.ncsu.csc.itrust2.models.persistent.LogEntry#158]
19:26:21.719 [main] DEBUG o.h.engine.internal.TwoPhaseLoad - Done materializing entity [edu.ncsu.csc.itrust2.models.persistent.LogEntry#158]
19:26:21.719 [main] DEBUG o.h.engine.internal.TwoPhaseLoad - Resolving associations for [edu.ncsu.csc.itrust2.models.persistent.LogEntry#159]
19:26:21.719 [main] DEBUG o.h.engine.internal.TwoPhaseLoad - Done materializing entity [edu.ncsu.csc.itrust2.models.persistent.LogEntry#159]
19:26:21.719 [main] DEBUG o.h.engine.internal.TwoPhaseLoad - Resolving associations for [edu.ncsu.csc.itrust2.models.persistent.LogEntry#160]
19:26:21.719 [main] DEBUG o.h.engine.internal.TwoPhaseLoad - Done materializing entity [edu.ncsu.csc.itrust2.models.persistent.LogEntry#160]
19:26:21.719 [main] DEBUG o.h.engine.internal.TwoPhaseLoad - Resolving associations for [edu.ncsu.csc.itrust2.models.persistent.LogEntry#161]
19:26:21.719 [main] DEBUG o.h.engine.internal.TwoPhaseLoad - Done materializing entity [edu.ncsu.csc.itrust2.models.persistent.LogEntry#161]
19:26:21.719 [main] DEBUG o.h.engine.internal.TwoPhaseLoad - Resolving associations for [edu.ncsu.csc.itrust2.models.persistent.LogEntry#162]
19:26:21.719 [main] DEBUG o.h.engine.internal.TwoPhaseLoad - Done materializing entity [edu.ncsu.csc.itrust2.models.persistent.LogEntry#162]
19:26:21.719 [main] DEBUG o.h.engine.internal.TwoPhaseLoad - Resolving associations for [edu.ncsu.csc.itrust2.models.persistent.LogEntry#163]
19:26:21.720 [main] DEBUG o.h.engine.internal.TwoPhaseLoad - Done materializing entity [edu.ncsu.csc.itrust2.models.persistent.LogEntry#163]
19:26:21.720 [main] DEBUG o.h.engine.internal.TwoPhaseLoad - Resolving associations for [edu.ncsu.csc.itrust2.models.persistent.LogEntry#164]
19:26:21.720 [main] DEBUG o.h.engine.internal.TwoPhaseLoad - Done materializing entity [edu.ncsu.csc.itrust2.models.persistent.LogEntry#164]
19:26:21.720 [main] DEBUG o.h.engine.internal.TwoPhaseLoad - Resolving associations for [edu.ncsu.csc.itrust2.models.persistent.LogEntry#165]
19:26:21.720 [main] DEBUG o.h.engine.internal.TwoPhaseLoad - Done materializing entity [edu.ncsu.csc.itrust2.models.persistent.LogEntry#165]
19:26:21.720 [main] DEBUG o.h.engine.internal.TwoPhaseLoad - Resolving associations for [edu.ncsu.csc.itrust2.models.persistent.LogEntry#166]
19:26:21.720 [main] DEBUG o.h.engine.internal.TwoPhaseLoad - Done materializing entity [edu.ncsu.csc.itrust2.models.persistent.LogEntry#166]
19:26:21.720 [main] DEBUG o.h.engine.internal.TwoPhaseLoad - Resolving associations for [edu.ncsu.csc.itrust2.models.persistent.LogEntry#167]
19:26:21.720 [main] DEBUG o.h.engine.internal.TwoPhaseLoad - Done materializing entity [edu.ncsu.csc.itrust2.models.persistent.LogEntry#167]
19:26:21.720 [main] DEBUG o.h.engine.internal.TwoPhaseLoad - Resolving associations for [edu.ncsu.csc.itrust2.models.persistent.LogEntry#168]
19:26:21.720 [main] DEBUG o.h.engine.internal.TwoPhaseLoad - Done materializing entity [edu.ncsu.csc.itrust2.models.persistent.LogEntry#168]
19:26:21.720 [main] DEBUG o.h.engine.internal.TwoPhaseLoad - Resolving associations for [edu.ncsu.csc.itrust2.models.persistent.LogEntry#169]
19:26:21.721 [main] DEBUG o.h.engine.internal.TwoPhaseLoad - Done materializing entity [edu.ncsu.csc.itrust2.models.persistent.LogEntry#169]
19:26:21.721 [main] DEBUG o.h.engine.internal.TwoPhaseLoad - Resolving associations for [edu.ncsu.csc.itrust2.models.persistent.LogEntry#170]
19:26:21.721 [main] DEBUG o.h.engine.internal.TwoPhaseLoad - Done materializing entity [edu.ncsu.csc.itrust2.models.persistent.LogEntry#170]
19:26:21.721 [main] DEBUG o.h.engine.internal.TwoPhaseLoad - Resolving associations for [edu.ncsu.csc.itrust2.models.persistent.LogEntry#171]
19:26:21.721 [main] DEBUG o.h.engine.internal.TwoPhaseLoad - Done materializing entity [edu.ncsu.csc.itrust2.models.persistent.LogEntry#171]
19:26:21.721 [main] DEBUG o.h.engine.internal.TwoPhaseLoad - Resolving associations for [edu.ncsu.csc.itrust2.models.persistent.LogEntry#172]
19:26:21.721 [main] DEBUG o.h.engine.internal.TwoPhaseLoad - Done materializing entity [edu.ncsu.csc.itrust2.models.persistent.LogEntry#172]
19:26:21.721 [main] DEBUG o.h.engine.internal.TwoPhaseLoad - Resolving associations for [edu.ncsu.csc.itrust2.models.persistent.LogEntry#173]
19:26:21.721 [main] DEBUG o.h.engine.internal.TwoPhaseLoad - Done materializing entity [edu.ncsu.csc.itrust2.models.persistent.LogEntry#173]
19:26:21.721 [main] DEBUG o.h.engine.internal.TwoPhaseLoad - Resolving associations for [edu.ncsu.csc.itrust2.models.persistent.LogEntry#174]
19:26:21.721 [main] DEBUG o.h.engine.internal.TwoPhaseLoad - Done materializing entity [edu.ncsu.csc.itrust2.models.persistent.LogEntry#174]
19:26:21.722 [main] DEBUG o.h.engine.internal.TwoPhaseLoad - Resolving associations for [edu.ncsu.csc.itrust2.models.persistent.LogEntry#175]
19:26:21.722 [main] DEBUG o.h.engine.internal.TwoPhaseLoad - Done materializing entity [edu.ncsu.csc.itrust2.models.persistent.LogEntry#175]
19:26:21.722 [main] DEBUG o.h.engine.internal.TwoPhaseLoad - Resolving associations for [edu.ncsu.csc.itrust2.models.persistent.LogEntry#176]
19:26:21.722 [main] DEBUG o.h.engine.internal.TwoPhaseLoad - Done materializing entity [edu.ncsu.csc.itrust2.models.persistent.LogEntry#176]
19:26:21.722 [main] DEBUG o.h.engine.internal.TwoPhaseLoad - Resolving associations for [edu.ncsu.csc.itrust2.models.persistent.LogEntry#177]
19:26:21.722 [main] DEBUG o.h.engine.internal.TwoPhaseLoad - Done materializing entity [edu.ncsu.csc.itrust2.models.persistent.LogEntry#177]
19:26:21.722 [main] DEBUG o.h.engine.internal.TwoPhaseLoad - Resolving associations for [edu.ncsu.csc.itrust2.models.persistent.LogEntry#178]
19:26:21.722 [main] DEBUG o.h.engine.internal.TwoPhaseLoad - Done materializing entity [edu.ncsu.csc.itrust2.models.persistent.LogEntry#178]
19:26:21.722 [main] DEBUG o.h.engine.internal.TwoPhaseLoad - Resolving associations for [edu.ncsu.csc.itrust2.models.persistent.LogEntry#179]
19:26:21.722 [main] DEBUG o.h.engine.internal.TwoPhaseLoad - Done materializing entity [edu.ncsu.csc.itrust2.models.persistent.LogEntry#179]
19:26:21.722 [main] DEBUG o.h.engine.internal.TwoPhaseLoad - Resolving associations for [edu.ncsu.csc.itrust2.models.persistent.LogEntry#180]
19:26:21.723 [main] DEBUG o.h.engine.internal.TwoPhaseLoad - Done materializing entity [edu.ncsu.csc.itrust2.models.persistent.LogEntry#180]
19:26:21.723 [main] DEBUG o.h.engine.internal.TwoPhaseLoad - Resolving associations for [edu.ncsu.csc.itrust2.models.persistent.LogEntry#181]
19:26:21.723 [main] DEBUG o.h.engine.internal.TwoPhaseLoad - Done materializing entity [edu.ncsu.csc.itrust2.models.persistent.LogEntry#181]
19:26:21.723 [main] DEBUG o.h.engine.internal.TwoPhaseLoad - Resolving associations for [edu.ncsu.csc.itrust2.models.persistent.LogEntry#182]
19:26:21.723 [main] DEBUG o.h.engine.internal.TwoPhaseLoad - Done materializing entity [edu.ncsu.csc.itrust2.models.persistent.LogEntry#182]
19:26:21.723 [main] DEBUG o.h.engine.internal.TwoPhaseLoad - Resolving associations for [edu.ncsu.csc.itrust2.models.persistent.LogEntry#183]
19:26:21.723 [main] DEBUG o.h.engine.internal.TwoPhaseLoad - Done materializing entity [edu.ncsu.csc.itrust2.models.persistent.LogEntry#183]
19:26:21.723 [main] DEBUG o.h.engine.internal.TwoPhaseLoad - Resolving associations for [edu.ncsu.csc.itrust2.models.persistent.LogEntry#184]
19:26:21.723 [main] DEBUG o.h.engine.internal.TwoPhaseLoad - Done materializing entity [edu.ncsu.csc.itrust2.models.persistent.LogEntry#184]
19:26:21.723 [main] DEBUG o.h.engine.internal.TwoPhaseLoad - Resolving associations for [edu.ncsu.csc.itrust2.models.persistent.LogEntry#185]
19:26:21.723 [main] DEBUG o.h.engine.internal.TwoPhaseLoad - Done materializing entity [edu.ncsu.csc.itrust2.models.persistent.LogEntry#185]
19:26:21.724 [main] DEBUG o.h.engine.internal.TwoPhaseLoad - Resolving associations for [edu.ncsu.csc.itrust2.models.persistent.LogEntry#186]
19:26:21.724 [main] DEBUG o.h.engine.internal.TwoPhaseLoad - Done materializing entity [edu.ncsu.csc.itrust2.models.persistent.LogEntry#186]
19:26:21.724 [main] DEBUG o.h.engine.internal.TwoPhaseLoad - Resolving associations for [edu.ncsu.csc.itrust2.models.persistent.LogEntry#187]
19:26:21.724 [main] DEBUG o.h.engine.internal.TwoPhaseLoad - Done materializing entity [edu.ncsu.csc.itrust2.models.persistent.LogEntry#187]
19:26:21.724 [main] DEBUG o.h.engine.internal.TwoPhaseLoad - Resolving associations for [edu.ncsu.csc.itrust2.models.persistent.LogEntry#188]
19:26:21.724 [main] DEBUG o.h.engine.internal.TwoPhaseLoad - Done materializing entity [edu.ncsu.csc.itrust2.models.persistent.LogEntry#188]
19:26:21.724 [main] DEBUG o.h.engine.internal.TwoPhaseLoad - Resolving associations for [edu.ncsu.csc.itrust2.models.persistent.LogEntry#189]
19:26:21.724 [main] DEBUG o.h.engine.internal.TwoPhaseLoad - Done materializing entity [edu.ncsu.csc.itrust2.models.persistent.LogEntry#189]
19:26:21.724 [main] DEBUG o.h.engine.internal.TwoPhaseLoad - Resolving associations for [edu.ncsu.csc.itrust2.models.persistent.LogEntry#190]
19:26:21.724 [main] DEBUG o.h.engine.internal.TwoPhaseLoad - Done materializing entity [edu.ncsu.csc.itrust2.models.persistent.LogEntry#190]
19:26:21.724 [main] DEBUG o.h.engine.internal.TwoPhaseLoad - Resolving associations for [edu.ncsu.csc.itrust2.models.persistent.LogEntry#191]
19:26:21.724 [main] DEBUG o.h.engine.internal.TwoPhaseLoad - Done materializing entity [edu.ncsu.csc.itrust2.models.persistent.LogEntry#191]
19:26:21.725 [main] DEBUG o.h.engine.internal.TwoPhaseLoad - Resolving associations for [edu.ncsu.csc.itrust2.models.persistent.LogEntry#192]
19:26:21.725 [main] DEBUG o.h.engine.internal.TwoPhaseLoad - Done materializing entity [edu.ncsu.csc.itrust2.models.persistent.LogEntry#192]
19:26:21.725 [main] DEBUG o.h.engine.internal.TwoPhaseLoad - Resolving associations for [edu.ncsu.csc.itrust2.models.persistent.LogEntry#193]
19:26:21.725 [main] DEBUG o.h.engine.internal.TwoPhaseLoad - Done materializing entity [edu.ncsu.csc.itrust2.models.persistent.LogEntry#193]
19:26:21.725 [main] DEBUG o.h.engine.internal.TwoPhaseLoad - Resolving associations for [edu.ncsu.csc.itrust2.models.persistent.LogEntry#194]
19:26:21.725 [main] DEBUG o.h.engine.internal.TwoPhaseLoad - Done materializing entity [edu.ncsu.csc.itrust2.models.persistent.LogEntry#194]
19:26:21.725 [main] DEBUG o.h.engine.internal.TwoPhaseLoad - Resolving associations for [edu.ncsu.csc.itrust2.models.persistent.LogEntry#195]
19:26:21.725 [main] DEBUG o.h.engine.internal.TwoPhaseLoad - Done materializing entity [edu.ncsu.csc.itrust2.models.persistent.LogEntry#195]
19:26:21.725 [main] DEBUG o.h.engine.internal.TwoPhaseLoad - Resolving associations for [edu.ncsu.csc.itrust2.models.persistent.LogEntry#196]
19:26:21.725 [main] DEBUG o.h.engine.internal.TwoPhaseLoad - Done materializing entity [edu.ncsu.csc.itrust2.models.persistent.LogEntry#196]
19:26:21.725 [main] DEBUG o.h.engine.internal.TwoPhaseLoad - Resolving associations for [edu.ncsu.csc.itrust2.models.persistent.LogEntry#197]
19:26:21.725 [main] DEBUG o.h.engine.internal.TwoPhaseLoad - Done materializing entity [edu.ncsu.csc.itrust2.models.persistent.LogEntry#197]
19:26:21.726 [main] DEBUG o.h.engine.internal.TwoPhaseLoad - Resolving associations for [edu.ncsu.csc.itrust2.models.persistent.LogEntry#198]
19:26:21.726 [main] DEBUG o.h.engine.internal.TwoPhaseLoad - Done materializing entity [edu.ncsu.csc.itrust2.models.persistent.LogEntry#198]
19:26:21.726 [main] DEBUG o.h.engine.internal.TwoPhaseLoad - Resolving associations for [edu.ncsu.csc.itrust2.models.persistent.LogEntry#199]
19:26:21.726 [main] DEBUG o.h.engine.internal.TwoPhaseLoad - Done materializing entity [edu.ncsu.csc.itrust2.models.persistent.LogEntry#199]
19:26:21.726 [main] DEBUG o.h.engine.internal.TwoPhaseLoad - Resolving associations for [edu.ncsu.csc.itrust2.models.persistent.LogEntry#200]
19:26:21.726 [main] DEBUG o.h.engine.internal.TwoPhaseLoad - Done materializing entity [edu.ncsu.csc.itrust2.models.persistent.LogEntry#200]
19:26:21.726 [main] DEBUG o.h.engine.internal.TwoPhaseLoad - Resolving associations for [edu.ncsu.csc.itrust2.models.persistent.LogEntry#201]
19:26:21.726 [main] DEBUG o.h.engine.internal.TwoPhaseLoad - Done materializing entity [edu.ncsu.csc.itrust2.models.persistent.LogEntry#201]
19:26:21.726 [main] DEBUG o.h.engine.internal.TwoPhaseLoad - Resolving associations for [edu.ncsu.csc.itrust2.models.persistent.LogEntry#202]
19:26:21.726 [main] DEBUG o.h.engine.internal.TwoPhaseLoad - Done materializing entity [edu.ncsu.csc.itrust2.models.persistent.LogEntry#202]
19:26:21.726 [main] DEBUG o.h.engine.internal.TwoPhaseLoad - Resolving associations for [edu.ncsu.csc.itrust2.models.persistent.LogEntry#203]
19:26:21.726 [main] DEBUG o.h.engine.internal.TwoPhaseLoad - Done materializing entity [edu.ncsu.csc.itrust2.models.persistent.LogEntry#203]
19:26:21.727 [main] DEBUG o.h.engine.internal.TwoPhaseLoad - Resolving associations for [edu.ncsu.csc.itrust2.models.persistent.LogEntry#204]
19:26:21.727 [main] DEBUG o.h.engine.internal.TwoPhaseLoad - Done materializing entity [edu.ncsu.csc.itrust2.models.persistent.LogEntry#204]
19:26:21.727 [main] DEBUG o.h.engine.internal.TwoPhaseLoad - Resolving associations for [edu.ncsu.csc.itrust2.models.persistent.LogEntry#205]
19:26:21.727 [main] DEBUG o.h.engine.internal.TwoPhaseLoad - Done materializing entity [edu.ncsu.csc.itrust2.models.persistent.LogEntry#205]
19:26:21.727 [main] DEBUG o.h.engine.internal.TwoPhaseLoad - Resolving associations for [edu.ncsu.csc.itrust2.models.persistent.LogEntry#206]
19:26:21.727 [main] DEBUG o.h.engine.internal.TwoPhaseLoad - Done materializing entity [edu.ncsu.csc.itrust2.models.persistent.LogEntry#206]
19:26:21.727 [main] DEBUG o.h.engine.internal.TwoPhaseLoad - Resolving associations for [edu.ncsu.csc.itrust2.models.persistent.LogEntry#207]
19:26:21.727 [main] DEBUG o.h.engine.internal.TwoPhaseLoad - Done materializing entity [edu.ncsu.csc.itrust2.models.persistent.LogEntry#207]
19:26:21.727 [main] DEBUG o.h.engine.internal.TwoPhaseLoad - Resolving associations for [edu.ncsu.csc.itrust2.models.persistent.LogEntry#208]
19:26:21.727 [main] DEBUG o.h.engine.internal.TwoPhaseLoad - Done materializing entity [edu.ncsu.csc.itrust2.models.persistent.LogEntry#208]
19:26:21.727 [main] DEBUG o.h.engine.internal.TwoPhaseLoad - Resolving associations for [edu.ncsu.csc.itrust2.models.persistent.LogEntry#209]
19:26:21.727 [main] DEBUG o.h.engine.internal.TwoPhaseLoad - Done materializing entity [edu.ncsu.csc.itrust2.models.persistent.LogEntry#209]
19:26:21.728 [main] DEBUG o.h.engine.internal.TwoPhaseLoad - Resolving associations for [edu.ncsu.csc.itrust2.models.persistent.LogEntry#210]
19:26:21.728 [main] DEBUG o.h.engine.internal.TwoPhaseLoad - Done materializing entity [edu.ncsu.csc.itrust2.models.persistent.LogEntry#210]
19:26:21.728 [main] DEBUG o.h.engine.internal.TwoPhaseLoad - Resolving associations for [edu.ncsu.csc.itrust2.models.persistent.LogEntry#211]
19:26:21.728 [main] DEBUG o.h.engine.internal.TwoPhaseLoad - Done materializing entity [edu.ncsu.csc.itrust2.models.persistent.LogEntry#211]
19:26:21.728 [main] DEBUG o.h.engine.internal.TwoPhaseLoad - Resolving associations for [edu.ncsu.csc.itrust2.models.persistent.LogEntry#212]
19:26:21.728 [main] DEBUG o.h.engine.internal.TwoPhaseLoad - Done materializing entity [edu.ncsu.csc.itrust2.models.persistent.LogEntry#212]
19:26:21.728 [main] DEBUG o.h.engine.internal.TwoPhaseLoad - Resolving associations for [edu.ncsu.csc.itrust2.models.persistent.LogEntry#213]
19:26:21.728 [main] DEBUG o.h.engine.internal.TwoPhaseLoad - Done materializing entity [edu.ncsu.csc.itrust2.models.persistent.LogEntry#213]
19:26:21.729 [main] DEBUG o.h.engine.internal.TwoPhaseLoad - Resolving associations for [edu.ncsu.csc.itrust2.models.persistent.LogEntry#214]
19:26:21.729 [main] DEBUG o.h.engine.internal.TwoPhaseLoad - Done materializing entity [edu.ncsu.csc.itrust2.models.persistent.LogEntry#214]
19:26:21.729 [main] DEBUG o.h.engine.internal.TwoPhaseLoad - Resolving associations for [edu.ncsu.csc.itrust2.models.persistent.LogEntry#215]
19:26:21.729 [main] DEBUG o.h.engine.internal.TwoPhaseLoad - Done materializing entity [edu.ncsu.csc.itrust2.models.persistent.LogEntry#215]
19:26:21.729 [main] DEBUG o.h.engine.internal.TwoPhaseLoad - Resolving associations for [edu.ncsu.csc.itrust2.models.persistent.LogEntry#216]
19:26:21.729 [main] DEBUG o.h.engine.internal.TwoPhaseLoad - Done materializing entity [edu.ncsu.csc.itrust2.models.persistent.LogEntry#216]
19:26:21.729 [main] DEBUG o.h.engine.internal.TwoPhaseLoad - Resolving associations for [edu.ncsu.csc.itrust2.models.persistent.LogEntry#217]
19:26:21.729 [main] DEBUG o.h.engine.internal.TwoPhaseLoad - Done materializing entity [edu.ncsu.csc.itrust2.models.persistent.LogEntry#217]
19:26:21.729 [main] DEBUG o.h.engine.internal.TwoPhaseLoad - Resolving associations for [edu.ncsu.csc.itrust2.models.persistent.LogEntry#218]
19:26:21.730 [main] DEBUG o.h.engine.internal.TwoPhaseLoad - Done materializing entity [edu.ncsu.csc.itrust2.models.persistent.LogEntry#218]
19:26:21.730 [main] DEBUG o.h.engine.internal.TwoPhaseLoad - Resolving associations for [edu.ncsu.csc.itrust2.models.persistent.LogEntry#219]
19:26:21.730 [main] DEBUG o.h.engine.internal.TwoPhaseLoad - Done materializing entity [edu.ncsu.csc.itrust2.models.persistent.LogEntry#219]
19:26:21.730 [main] DEBUG o.h.engine.internal.TwoPhaseLoad - Resolving associations for [edu.ncsu.csc.itrust2.models.persistent.LogEntry#220]
19:26:21.730 [main] DEBUG o.h.engine.internal.TwoPhaseLoad - Done materializing entity [edu.ncsu.csc.itrust2.models.persistent.LogEntry#220]
19:26:21.730 [main] DEBUG o.h.engine.internal.TwoPhaseLoad - Resolving associations for [edu.ncsu.csc.itrust2.models.persistent.LogEntry#221]
19:26:21.730 [main] DEBUG o.h.engine.internal.TwoPhaseLoad - Done materializing entity [edu.ncsu.csc.itrust2.models.persistent.LogEntry#221]
19:26:21.730 [main] DEBUG o.h.engine.internal.TwoPhaseLoad - Resolving associations for [edu.ncsu.csc.itrust2.models.persistent.LogEntry#222]
19:26:21.730 [main] DEBUG o.h.engine.internal.TwoPhaseLoad - Done materializing entity [edu.ncsu.csc.itrust2.models.persistent.LogEntry#222]
19:26:21.730 [main] DEBUG o.h.engine.internal.TwoPhaseLoad - Resolving associations for [edu.ncsu.csc.itrust2.models.persistent.LogEntry#223]
19:26:21.730 [main] DEBUG o.h.engine.internal.TwoPhaseLoad - Done materializing entity [edu.ncsu.csc.itrust2.models.persistent.LogEntry#223]
19:26:21.730 [main] DEBUG o.h.engine.internal.TwoPhaseLoad - Resolving associations for [edu.ncsu.csc.itrust2.models.persistent.LogEntry#224]
19:26:21.731 [main] DEBUG o.h.engine.internal.TwoPhaseLoad - Done materializing entity [edu.ncsu.csc.itrust2.models.persistent.LogEntry#224]
19:26:21.731 [main] DEBUG o.h.engine.internal.TwoPhaseLoad - Resolving associations for [edu.ncsu.csc.itrust2.models.persistent.LogEntry#225]
19:26:21.731 [main] DEBUG o.h.engine.internal.TwoPhaseLoad - Done materializing entity [edu.ncsu.csc.itrust2.models.persistent.LogEntry#225]
19:26:21.731 [main] DEBUG o.h.engine.internal.TwoPhaseLoad - Resolving associations for [edu.ncsu.csc.itrust2.models.persistent.LogEntry#226]
19:26:21.731 [main] DEBUG o.h.engine.internal.TwoPhaseLoad - Done materializing entity [edu.ncsu.csc.itrust2.models.persistent.LogEntry#226]
19:26:21.731 [main] DEBUG o.h.engine.internal.TwoPhaseLoad - Resolving associations for [edu.ncsu.csc.itrust2.models.persistent.LogEntry#227]
19:26:21.731 [main] DEBUG o.h.engine.internal.TwoPhaseLoad - Done materializing entity [edu.ncsu.csc.itrust2.models.persistent.LogEntry#227]
19:26:21.731 [main] DEBUG o.h.engine.internal.TwoPhaseLoad - Resolving associations for [edu.ncsu.csc.itrust2.models.persistent.LogEntry#228]
19:26:21.731 [main] DEBUG o.h.engine.internal.TwoPhaseLoad - Done materializing entity [edu.ncsu.csc.itrust2.models.persistent.LogEntry#228]
19:26:21.731 [main] DEBUG o.h.engine.internal.TwoPhaseLoad - Resolving associations for [edu.ncsu.csc.itrust2.models.persistent.LogEntry#229]
19:26:21.731 [main] DEBUG o.h.engine.internal.TwoPhaseLoad - Done materializing entity [edu.ncsu.csc.itrust2.models.persistent.LogEntry#229]
19:26:21.731 [main] DEBUG o.h.engine.internal.TwoPhaseLoad - Resolving associations for [edu.ncsu.csc.itrust2.models.persistent.LogEntry#230]
19:26:21.732 [main] DEBUG o.h.engine.internal.TwoPhaseLoad - Done materializing entity [edu.ncsu.csc.itrust2.models.persistent.LogEntry#230]
19:26:21.732 [main] DEBUG o.h.engine.internal.TwoPhaseLoad - Resolving associations for [edu.ncsu.csc.itrust2.models.persistent.LogEntry#231]
19:26:21.732 [main] DEBUG o.h.engine.internal.TwoPhaseLoad - Done materializing entity [edu.ncsu.csc.itrust2.models.persistent.LogEntry#231]
19:26:21.732 [main] DEBUG o.h.engine.internal.TwoPhaseLoad - Resolving associations for [edu.ncsu.csc.itrust2.models.persistent.LogEntry#232]
19:26:21.732 [main] DEBUG o.h.engine.internal.TwoPhaseLoad - Done materializing entity [edu.ncsu.csc.itrust2.models.persistent.LogEntry#232]
19:26:21.732 [main] DEBUG o.h.engine.internal.TwoPhaseLoad - Resolving associations for [edu.ncsu.csc.itrust2.models.persistent.LogEntry#233]
19:26:21.732 [main] DEBUG o.h.engine.internal.TwoPhaseLoad - Done materializing entity [edu.ncsu.csc.itrust2.models.persistent.LogEntry#233]
19:26:21.732 [main] DEBUG o.h.engine.internal.TwoPhaseLoad - Resolving associations for [edu.ncsu.csc.itrust2.models.persistent.LogEntry#234]
19:26:21.732 [main] DEBUG o.h.engine.internal.TwoPhaseLoad - Done materializing entity [edu.ncsu.csc.itrust2.models.persistent.LogEntry#234]
19:26:21.732 [main] DEBUG o.h.engine.internal.TwoPhaseLoad - Resolving associations for [edu.ncsu.csc.itrust2.models.persistent.LogEntry#235]
19:26:21.732 [main] DEBUG o.h.engine.internal.TwoPhaseLoad - Done materializing entity [edu.ncsu.csc.itrust2.models.persistent.LogEntry#235]
19:26:21.732 [main] DEBUG o.h.engine.internal.TwoPhaseLoad - Resolving associations for [edu.ncsu.csc.itrust2.models.persistent.LogEntry#236]
19:26:21.732 [main] DEBUG o.h.engine.internal.TwoPhaseLoad - Done materializing entity [edu.ncsu.csc.itrust2.models.persistent.LogEntry#236]
19:26:21.733 [main] DEBUG o.h.engine.internal.TwoPhaseLoad - Resolving associations for [edu.ncsu.csc.itrust2.models.persistent.LogEntry#237]
19:26:21.733 [main] DEBUG o.h.engine.internal.TwoPhaseLoad - Done materializing entity [edu.ncsu.csc.itrust2.models.persistent.LogEntry#237]
19:26:21.733 [main] DEBUG o.h.engine.internal.TwoPhaseLoad - Resolving associations for [edu.ncsu.csc.itrust2.models.persistent.LogEntry#238]
19:26:21.733 [main] DEBUG o.h.engine.internal.TwoPhaseLoad - Done materializing entity [edu.ncsu.csc.itrust2.models.persistent.LogEntry#238]
19:26:21.733 [main] DEBUG o.h.engine.internal.TwoPhaseLoad - Resolving associations for [edu.ncsu.csc.itrust2.models.persistent.LogEntry#239]
19:26:21.733 [main] DEBUG o.h.engine.internal.TwoPhaseLoad - Done materializing entity [edu.ncsu.csc.itrust2.models.persistent.LogEntry#239]
19:26:21.733 [main] DEBUG o.h.engine.internal.TwoPhaseLoad - Resolving associations for [edu.ncsu.csc.itrust2.models.persistent.LogEntry#240]
19:26:21.733 [main] DEBUG o.h.engine.internal.TwoPhaseLoad - Done materializing entity [edu.ncsu.csc.itrust2.models.persistent.LogEntry#240]
19:26:21.733 [main] DEBUG o.h.engine.internal.TwoPhaseLoad - Resolving associations for [edu.ncsu.csc.itrust2.models.persistent.LogEntry#241]
19:26:21.733 [main] DEBUG o.h.engine.internal.TwoPhaseLoad - Done materializing entity [edu.ncsu.csc.itrust2.models.persistent.LogEntry#241]
19:26:21.733 [main] DEBUG o.h.engine.internal.TwoPhaseLoad - Resolving associations for [edu.ncsu.csc.itrust2.models.persistent.LogEntry#242]
19:26:21.733 [main] DEBUG o.h.engine.internal.TwoPhaseLoad - Done materializing entity [edu.ncsu.csc.itrust2.models.persistent.LogEntry#242]
19:26:21.733 [main] DEBUG o.h.engine.internal.TwoPhaseLoad - Resolving associations for [edu.ncsu.csc.itrust2.models.persistent.LogEntry#243]
19:26:21.734 [main] DEBUG o.h.engine.internal.TwoPhaseLoad - Done materializing entity [edu.ncsu.csc.itrust2.models.persistent.LogEntry#243]
19:26:21.734 [main] DEBUG o.h.engine.internal.TwoPhaseLoad - Resolving associations for [edu.ncsu.csc.itrust2.models.persistent.LogEntry#244]
19:26:21.734 [main] DEBUG o.h.engine.internal.TwoPhaseLoad - Done materializing entity [edu.ncsu.csc.itrust2.models.persistent.LogEntry#244]
19:26:21.734 [main] DEBUG o.h.engine.internal.TwoPhaseLoad - Resolving associations for [edu.ncsu.csc.itrust2.models.persistent.LogEntry#245]
19:26:21.734 [main] DEBUG o.h.engine.internal.TwoPhaseLoad - Done materializing entity [edu.ncsu.csc.itrust2.models.persistent.LogEntry#245]
19:26:21.734 [main] DEBUG o.h.engine.internal.TwoPhaseLoad - Resolving associations for [edu.ncsu.csc.itrust2.models.persistent.LogEntry#246]
19:26:21.734 [main] DEBUG o.h.engine.internal.TwoPhaseLoad - Done materializing entity [edu.ncsu.csc.itrust2.models.persistent.LogEntry#246]
19:26:21.734 [main] DEBUG o.h.engine.internal.TwoPhaseLoad - Resolving associations for [edu.ncsu.csc.itrust2.models.persistent.LogEntry#247]
19:26:21.734 [main] DEBUG o.h.engine.internal.TwoPhaseLoad - Done materializing entity [edu.ncsu.csc.itrust2.models.persistent.LogEntry#247]
19:26:21.734 [main] DEBUG o.h.engine.internal.TwoPhaseLoad - Resolving associations for [edu.ncsu.csc.itrust2.models.persistent.LogEntry#248]
19:26:21.734 [main] DEBUG o.h.engine.internal.TwoPhaseLoad - Done materializing entity [edu.ncsu.csc.itrust2.models.persistent.LogEntry#248]
19:26:21.734 [main] DEBUG o.h.engine.internal.TwoPhaseLoad - Resolving associations for [edu.ncsu.csc.itrust2.models.persistent.LogEntry#249]
19:26:21.735 [main] DEBUG o.h.engine.internal.TwoPhaseLoad - Done materializing entity [edu.ncsu.csc.itrust2.models.persistent.LogEntry#249]
19:26:21.735 [main] DEBUG o.h.engine.internal.TwoPhaseLoad - Resolving associations for [edu.ncsu.csc.itrust2.models.persistent.LogEntry#250]
19:26:21.735 [main] DEBUG o.h.engine.internal.TwoPhaseLoad - Done materializing entity [edu.ncsu.csc.itrust2.models.persistent.LogEntry#250]
19:26:21.735 [main] DEBUG o.h.engine.internal.TwoPhaseLoad - Resolving associations for [edu.ncsu.csc.itrust2.models.persistent.LogEntry#251]
19:26:21.735 [main] DEBUG o.h.engine.internal.TwoPhaseLoad - Done materializing entity [edu.ncsu.csc.itrust2.models.persistent.LogEntry#251]
19:26:21.735 [main] DEBUG o.h.engine.internal.TwoPhaseLoad - Resolving associations for [edu.ncsu.csc.itrust2.models.persistent.LogEntry#252]
19:26:21.735 [main] DEBUG o.h.engine.internal.TwoPhaseLoad - Done materializing entity [edu.ncsu.csc.itrust2.models.persistent.LogEntry#252]
19:26:21.735 [main] DEBUG o.h.engine.internal.TwoPhaseLoad - Resolving associations for [edu.ncsu.csc.itrust2.models.persistent.LogEntry#253]
19:26:21.735 [main] DEBUG o.h.engine.internal.TwoPhaseLoad - Done materializing entity [edu.ncsu.csc.itrust2.models.persistent.LogEntry#253]
19:26:21.735 [main] DEBUG o.h.engine.internal.TwoPhaseLoad - Resolving associations for [edu.ncsu.csc.itrust2.models.persistent.LogEntry#254]
19:26:21.735 [main] DEBUG o.h.engine.internal.TwoPhaseLoad - Done materializing entity [edu.ncsu.csc.itrust2.models.persistent.LogEntry#254]
19:26:21.735 [main] DEBUG o.h.engine.internal.TwoPhaseLoad - Resolving associations for [edu.ncsu.csc.itrust2.models.persistent.LogEntry#255]
19:26:21.736 [main] DEBUG o.h.engine.internal.TwoPhaseLoad - Done materializing entity [edu.ncsu.csc.itrust2.models.persistent.LogEntry#255]
19:26:21.736 [main] DEBUG o.h.engine.internal.TwoPhaseLoad - Resolving associations for [edu.ncsu.csc.itrust2.models.persistent.LogEntry#256]
19:26:21.736 [main] DEBUG o.h.engine.internal.TwoPhaseLoad - Done materializing entity [edu.ncsu.csc.itrust2.models.persistent.LogEntry#256]
19:26:21.736 [main] DEBUG o.h.engine.internal.TwoPhaseLoad - Resolving associations for [edu.ncsu.csc.itrust2.models.persistent.LogEntry#257]
19:26:21.736 [main] DEBUG o.h.engine.internal.TwoPhaseLoad - Done materializing entity [edu.ncsu.csc.itrust2.models.persistent.LogEntry#257]
19:26:21.736 [main] DEBUG o.h.engine.internal.TwoPhaseLoad - Resolving associations for [edu.ncsu.csc.itrust2.models.persistent.LogEntry#258]
19:26:21.736 [main] DEBUG o.h.engine.internal.TwoPhaseLoad - Done materializing entity [edu.ncsu.csc.itrust2.models.persistent.LogEntry#258]
19:26:21.736 [main] DEBUG o.h.engine.internal.TwoPhaseLoad - Resolving associations for [edu.ncsu.csc.itrust2.models.persistent.LogEntry#259]
19:26:21.736 [main] DEBUG o.h.engine.internal.TwoPhaseLoad - Done materializing entity [edu.ncsu.csc.itrust2.models.persistent.LogEntry#259]
19:26:21.736 [main] DEBUG o.h.engine.internal.TwoPhaseLoad - Resolving associations for [edu.ncsu.csc.itrust2.models.persistent.LogEntry#260]
19:26:21.736 [main] DEBUG o.h.engine.internal.TwoPhaseLoad - Done materializing entity [edu.ncsu.csc.itrust2.models.persistent.LogEntry#260]
19:26:21.736 [main] DEBUG o.h.engine.internal.TwoPhaseLoad - Resolving associations for [edu.ncsu.csc.itrust2.models.persistent.LogEntry#261]
19:26:21.737 [main] DEBUG o.h.engine.internal.TwoPhaseLoad - Done materializing entity [edu.ncsu.csc.itrust2.models.persistent.LogEntry#261]
19:26:21.737 [main] DEBUG o.h.engine.internal.TwoPhaseLoad - Resolving associations for [edu.ncsu.csc.itrust2.models.persistent.LogEntry#262]
19:26:21.737 [main] DEBUG o.h.engine.internal.TwoPhaseLoad - Done materializing entity [edu.ncsu.csc.itrust2.models.persistent.LogEntry#262]
19:26:21.737 [main] DEBUG o.h.engine.internal.TwoPhaseLoad - Resolving associations for [edu.ncsu.csc.itrust2.models.persistent.LogEntry#263]
19:26:21.737 [main] DEBUG o.h.engine.internal.TwoPhaseLoad - Done materializing entity [edu.ncsu.csc.itrust2.models.persistent.LogEntry#263]
19:26:21.737 [main] DEBUG o.h.engine.internal.TwoPhaseLoad - Resolving associations for [edu.ncsu.csc.itrust2.models.persistent.LogEntry#264]
19:26:21.737 [main] DEBUG o.h.engine.internal.TwoPhaseLoad - Done materializing entity [edu.ncsu.csc.itrust2.models.persistent.LogEntry#264]
19:26:21.737 [main] DEBUG o.h.engine.internal.TwoPhaseLoad - Resolving associations for [edu.ncsu.csc.itrust2.models.persistent.LogEntry#265]
19:26:21.737 [main] DEBUG o.h.engine.internal.TwoPhaseLoad - Done materializing entity [edu.ncsu.csc.itrust2.models.persistent.LogEntry#265]
19:26:21.737 [main] DEBUG o.h.engine.internal.TwoPhaseLoad - Resolving associations for [edu.ncsu.csc.itrust2.models.persistent.LogEntry#266]
19:26:21.737 [main] DEBUG o.h.engine.internal.TwoPhaseLoad - Done materializing entity [edu.ncsu.csc.itrust2.models.persistent.LogEntry#266]
19:26:21.737 [main] DEBUG o.h.engine.internal.TwoPhaseLoad - Resolving associations for [edu.ncsu.csc.itrust2.models.persistent.LogEntry#267]
19:26:21.737 [main] DEBUG o.h.engine.internal.TwoPhaseLoad - Done materializing entity [edu.ncsu.csc.itrust2.models.persistent.LogEntry#267]
19:26:21.738 [main] DEBUG o.h.engine.internal.TwoPhaseLoad - Resolving associations for [edu.ncsu.csc.itrust2.models.persistent.LogEntry#268]
19:26:21.738 [main] DEBUG o.h.engine.internal.TwoPhaseLoad - Done materializing entity [edu.ncsu.csc.itrust2.models.persistent.LogEntry#268]
19:26:21.738 [main] DEBUG o.h.engine.internal.TwoPhaseLoad - Resolving associations for [edu.ncsu.csc.itrust2.models.persistent.LogEntry#269]
19:26:21.738 [main] DEBUG o.h.engine.internal.TwoPhaseLoad - Done materializing entity [edu.ncsu.csc.itrust2.models.persistent.LogEntry#269]
19:26:21.738 [main] DEBUG o.h.engine.internal.TwoPhaseLoad - Resolving associations for [edu.ncsu.csc.itrust2.models.persistent.LogEntry#270]
19:26:21.738 [main] DEBUG o.h.engine.internal.TwoPhaseLoad - Done materializing entity [edu.ncsu.csc.itrust2.models.persistent.LogEntry#270]
19:26:21.738 [main] DEBUG o.h.engine.internal.TwoPhaseLoad - Resolving associations for [edu.ncsu.csc.itrust2.models.persistent.LogEntry#271]
19:26:21.738 [main] DEBUG o.h.engine.internal.TwoPhaseLoad - Done materializing entity [edu.ncsu.csc.itrust2.models.persistent.LogEntry#271]
19:26:21.738 [main] DEBUG o.h.engine.internal.TwoPhaseLoad - Resolving associations for [edu.ncsu.csc.itrust2.models.persistent.LogEntry#272]
19:26:21.738 [main] DEBUG o.h.engine.internal.TwoPhaseLoad - Done materializing entity [edu.ncsu.csc.itrust2.models.persistent.LogEntry#272]
19:26:21.738 [main] DEBUG o.h.engine.internal.TwoPhaseLoad - Resolving associations for [edu.ncsu.csc.itrust2.models.persistent.LogEntry#273]
19:26:21.738 [main] DEBUG o.h.engine.internal.TwoPhaseLoad - Done materializing entity [edu.ncsu.csc.itrust2.models.persistent.LogEntry#273]
19:26:21.738 [main] DEBUG o.h.engine.internal.TwoPhaseLoad - Resolving associations for [edu.ncsu.csc.itrust2.models.persistent.LogEntry#274]
19:26:21.739 [main] DEBUG o.h.engine.internal.TwoPhaseLoad - Done materializing entity [edu.ncsu.csc.itrust2.models.persistent.LogEntry#274]
19:26:21.739 [main] DEBUG o.h.engine.internal.TwoPhaseLoad - Resolving associations for [edu.ncsu.csc.itrust2.models.persistent.LogEntry#275]
19:26:21.739 [main] DEBUG o.h.engine.internal.TwoPhaseLoad - Done materializing entity [edu.ncsu.csc.itrust2.models.persistent.LogEntry#275]
19:26:21.739 [main] DEBUG o.h.engine.internal.TwoPhaseLoad - Resolving associations for [edu.ncsu.csc.itrust2.models.persistent.LogEntry#276]
19:26:21.739 [main] DEBUG o.h.engine.internal.TwoPhaseLoad - Done materializing entity [edu.ncsu.csc.itrust2.models.persistent.LogEntry#276]
19:26:21.739 [main] DEBUG o.h.engine.internal.TwoPhaseLoad - Resolving associations for [edu.ncsu.csc.itrust2.models.persistent.LogEntry#277]
19:26:21.739 [main] DEBUG o.h.engine.internal.TwoPhaseLoad - Done materializing entity [edu.ncsu.csc.itrust2.models.persistent.LogEntry#277]
19:26:21.739 [main] DEBUG o.h.engine.internal.TwoPhaseLoad - Resolving associations for [edu.ncsu.csc.itrust2.models.persistent.LogEntry#278]
19:26:21.739 [main] DEBUG o.h.engine.internal.TwoPhaseLoad - Done materializing entity [edu.ncsu.csc.itrust2.models.persistent.LogEntry#278]
19:26:21.739 [main] DEBUG o.h.engine.internal.TwoPhaseLoad - Resolving associations for [edu.ncsu.csc.itrust2.models.persistent.LogEntry#279]
19:26:21.739 [main] DEBUG o.h.engine.internal.TwoPhaseLoad - Done materializing entity [edu.ncsu.csc.itrust2.models.persistent.LogEntry#279]
19:26:21.739 [main] DEBUG o.h.engine.internal.TwoPhaseLoad - Resolving associations for [edu.ncsu.csc.itrust2.models.persistent.LogEntry#280]
19:26:21.740 [main] DEBUG o.h.engine.internal.TwoPhaseLoad - Done materializing entity [edu.ncsu.csc.itrust2.models.persistent.LogEntry#280]
19:26:21.740 [main] DEBUG o.h.engine.internal.TwoPhaseLoad - Resolving associations for [edu.ncsu.csc.itrust2.models.persistent.LogEntry#281]
19:26:21.740 [main] DEBUG o.h.engine.internal.TwoPhaseLoad - Done materializing entity [edu.ncsu.csc.itrust2.models.persistent.LogEntry#281]
19:26:21.740 [main] DEBUG o.h.engine.internal.TwoPhaseLoad - Resolving associations for [edu.ncsu.csc.itrust2.models.persistent.LogEntry#282]
19:26:21.740 [main] DEBUG o.h.engine.internal.TwoPhaseLoad - Done materializing entity [edu.ncsu.csc.itrust2.models.persistent.LogEntry#282]
19:26:21.740 [main] DEBUG o.h.engine.internal.TwoPhaseLoad - Resolving associations for [edu.ncsu.csc.itrust2.models.persistent.LogEntry#283]
19:26:21.740 [main] DEBUG o.h.engine.internal.TwoPhaseLoad - Done materializing entity [edu.ncsu.csc.itrust2.models.persistent.LogEntry#283]
19:26:21.740 [main] DEBUG o.h.engine.internal.TwoPhaseLoad - Resolving associations for [edu.ncsu.csc.itrust2.models.persistent.LogEntry#284]
19:26:21.740 [main] DEBUG o.h.engine.internal.TwoPhaseLoad - Done materializing entity [edu.ncsu.csc.itrust2.models.persistent.LogEntry#284]
19:26:21.740 [main] DEBUG o.h.engine.internal.TwoPhaseLoad - Resolving associations for [edu.ncsu.csc.itrust2.models.persistent.LogEntry#285]
19:26:21.740 [main] DEBUG o.h.engine.internal.TwoPhaseLoad - Done materializing entity [edu.ncsu.csc.itrust2.models.persistent.LogEntry#285]
19:26:21.741 [main] DEBUG o.h.engine.internal.TwoPhaseLoad - Resolving associations for [edu.ncsu.csc.itrust2.models.persistent.LogEntry#286]
19:26:21.741 [main] DEBUG o.h.engine.internal.TwoPhaseLoad - Done materializing entity [edu.ncsu.csc.itrust2.models.persistent.LogEntry#286]
19:26:21.741 [main] DEBUG o.h.engine.internal.TwoPhaseLoad - Resolving associations for [edu.ncsu.csc.itrust2.models.persistent.LogEntry#287]
19:26:21.741 [main] DEBUG o.h.engine.internal.TwoPhaseLoad - Done materializing entity [edu.ncsu.csc.itrust2.models.persistent.LogEntry#287]
19:26:21.741 [main] DEBUG o.h.engine.internal.TwoPhaseLoad - Resolving associations for [edu.ncsu.csc.itrust2.models.persistent.LogEntry#288]
19:26:21.741 [main] DEBUG o.h.engine.internal.TwoPhaseLoad - Done materializing entity [edu.ncsu.csc.itrust2.models.persistent.LogEntry#288]
19:26:21.741 [main] DEBUG o.h.engine.internal.TwoPhaseLoad - Resolving associations for [edu.ncsu.csc.itrust2.models.persistent.LogEntry#289]
19:26:21.741 [main] DEBUG o.h.engine.internal.TwoPhaseLoad - Done materializing entity [edu.ncsu.csc.itrust2.models.persistent.LogEntry#289]
19:26:21.741 [main] DEBUG o.h.engine.internal.TwoPhaseLoad - Resolving associations for [edu.ncsu.csc.itrust2.models.persistent.LogEntry#290]
19:26:21.742 [main] DEBUG o.h.engine.internal.TwoPhaseLoad - Done materializing entity [edu.ncsu.csc.itrust2.models.persistent.LogEntry#290]
19:26:21.742 [main] DEBUG o.h.engine.internal.TwoPhaseLoad - Resolving associations for [edu.ncsu.csc.itrust2.models.persistent.LogEntry#291]
19:26:21.742 [main] DEBUG o.h.engine.internal.TwoPhaseLoad - Done materializing entity [edu.ncsu.csc.itrust2.models.persistent.LogEntry#291]
19:26:21.742 [main] DEBUG o.h.engine.internal.TwoPhaseLoad - Resolving associations for [edu.ncsu.csc.itrust2.models.persistent.LogEntry#292]
19:26:21.742 [main] DEBUG o.h.engine.internal.TwoPhaseLoad - Done materializing entity [edu.ncsu.csc.itrust2.models.persistent.LogEntry#292]
19:26:21.742 [main] DEBUG o.h.engine.internal.TwoPhaseLoad - Resolving associations for [edu.ncsu.csc.itrust2.models.persistent.LogEntry#293]
19:26:21.742 [main] DEBUG o.h.engine.internal.TwoPhaseLoad - Done materializing entity [edu.ncsu.csc.itrust2.models.persistent.LogEntry#293]
19:26:21.742 [main] DEBUG o.h.engine.internal.TwoPhaseLoad - Resolving associations for [edu.ncsu.csc.itrust2.models.persistent.LogEntry#294]
19:26:21.742 [main] DEBUG o.h.engine.internal.TwoPhaseLoad - Done materializing entity [edu.ncsu.csc.itrust2.models.persistent.LogEntry#294]
19:26:21.742 [main] DEBUG o.h.engine.internal.TwoPhaseLoad - Resolving associations for [edu.ncsu.csc.itrust2.models.persistent.LogEntry#295]
19:26:21.742 [main] DEBUG o.h.engine.internal.TwoPhaseLoad - Done materializing entity [edu.ncsu.csc.itrust2.models.persistent.LogEntry#295]
19:26:21.742 [main] DEBUG o.h.engine.internal.TwoPhaseLoad - Resolving associations for [edu.ncsu.csc.itrust2.models.persistent.LogEntry#296]
19:26:21.743 [main] DEBUG o.h.engine.internal.TwoPhaseLoad - Done materializing entity [edu.ncsu.csc.itrust2.models.persistent.LogEntry#296]
19:26:21.743 [main] DEBUG o.h.engine.internal.TwoPhaseLoad - Resolving associations for [edu.ncsu.csc.itrust2.models.persistent.LogEntry#297]
19:26:21.743 [main] DEBUG o.h.engine.internal.TwoPhaseLoad - Done materializing entity [edu.ncsu.csc.itrust2.models.persistent.LogEntry#297]
19:26:21.743 [main] DEBUG o.h.engine.internal.TwoPhaseLoad - Resolving associations for [edu.ncsu.csc.itrust2.models.persistent.LogEntry#298]
19:26:21.743 [main] DEBUG o.h.engine.internal.TwoPhaseLoad - Done materializing entity [edu.ncsu.csc.itrust2.models.persistent.LogEntry#298]
19:26:21.743 [main] DEBUG o.h.engine.internal.TwoPhaseLoad - Resolving associations for [edu.ncsu.csc.itrust2.models.persistent.LogEntry#299]
19:26:21.743 [main] DEBUG o.h.engine.internal.TwoPhaseLoad - Done materializing entity [edu.ncsu.csc.itrust2.models.persistent.LogEntry#299]
19:26:21.743 [main] DEBUG o.h.engine.internal.TwoPhaseLoad - Resolving associations for [edu.ncsu.csc.itrust2.models.persistent.LogEntry#300]
19:26:21.743 [main] DEBUG o.h.engine.internal.TwoPhaseLoad - Done materializing entity [edu.ncsu.csc.itrust2.models.persistent.LogEntry#300]
19:26:21.743 [main] DEBUG o.h.engine.internal.TwoPhaseLoad - Resolving associations for [edu.ncsu.csc.itrust2.models.persistent.LogEntry#301]
19:26:21.743 [main] DEBUG o.h.engine.internal.TwoPhaseLoad - Done materializing entity [edu.ncsu.csc.itrust2.models.persistent.LogEntry#301]
19:26:21.744 [main] DEBUG o.h.engine.internal.TwoPhaseLoad - Resolving associations for [edu.ncsu.csc.itrust2.models.persistent.LogEntry#302]
19:26:21.744 [main] DEBUG o.h.engine.internal.TwoPhaseLoad - Done materializing entity [edu.ncsu.csc.itrust2.models.persistent.LogEntry#302]
19:26:21.744 [main] DEBUG o.h.engine.internal.TwoPhaseLoad - Resolving associations for [edu.ncsu.csc.itrust2.models.persistent.LogEntry#303]
19:26:21.744 [main] DEBUG o.h.engine.internal.TwoPhaseLoad - Done materializing entity [edu.ncsu.csc.itrust2.models.persistent.LogEntry#303]
19:26:21.744 [main] DEBUG o.h.engine.internal.TwoPhaseLoad - Resolving associations for [edu.ncsu.csc.itrust2.models.persistent.LogEntry#304]
19:26:21.744 [main] DEBUG o.h.engine.internal.TwoPhaseLoad - Done materializing entity [edu.ncsu.csc.itrust2.models.persistent.LogEntry#304]
19:26:21.744 [main] DEBUG o.h.engine.internal.TwoPhaseLoad - Resolving associations for [edu.ncsu.csc.itrust2.models.persistent.LogEntry#305]
19:26:21.744 [main] DEBUG o.h.engine.internal.TwoPhaseLoad - Done materializing entity [edu.ncsu.csc.itrust2.models.persistent.LogEntry#305]
19:26:21.744 [main] DEBUG o.h.engine.internal.TwoPhaseLoad - Resolving associations for [edu.ncsu.csc.itrust2.models.persistent.LogEntry#306]
19:26:21.744 [main] DEBUG o.h.engine.internal.TwoPhaseLoad - Done materializing entity [edu.ncsu.csc.itrust2.models.persistent.LogEntry#306]
19:26:21.744 [main] DEBUG o.h.engine.internal.TwoPhaseLoad - Resolving associations for [edu.ncsu.csc.itrust2.models.persistent.LogEntry#307]
19:26:21.745 [main] DEBUG o.h.engine.internal.TwoPhaseLoad - Done materializing entity [edu.ncsu.csc.itrust2.models.persistent.LogEntry#307]
19:26:21.745 [main] DEBUG o.h.engine.internal.TwoPhaseLoad - Resolving associations for [edu.ncsu.csc.itrust2.models.persistent.LogEntry#308]
19:26:21.745 [main] DEBUG o.h.engine.internal.TwoPhaseLoad - Done materializing entity [edu.ncsu.csc.itrust2.models.persistent.LogEntry#308]
19:26:21.745 [main] DEBUG o.h.engine.internal.TwoPhaseLoad - Resolving associations for [edu.ncsu.csc.itrust2.models.persistent.LogEntry#309]
19:26:21.745 [main] DEBUG o.h.engine.internal.TwoPhaseLoad - Done materializing entity [edu.ncsu.csc.itrust2.models.persistent.LogEntry#309]
19:26:21.745 [main] DEBUG o.h.engine.internal.TwoPhaseLoad - Resolving associations for [edu.ncsu.csc.itrust2.models.persistent.LogEntry#310]
19:26:21.745 [main] DEBUG o.h.engine.internal.TwoPhaseLoad - Done materializing entity [edu.ncsu.csc.itrust2.models.persistent.LogEntry#310]
19:26:21.745 [main] DEBUG o.h.engine.internal.TwoPhaseLoad - Resolving associations for [edu.ncsu.csc.itrust2.models.persistent.LogEntry#311]
19:26:21.745 [main] DEBUG o.h.engine.internal.TwoPhaseLoad - Done materializing entity [edu.ncsu.csc.itrust2.models.persistent.LogEntry#311]
19:26:21.745 [main] DEBUG o.h.engine.internal.TwoPhaseLoad - Resolving associations for [edu.ncsu.csc.itrust2.models.persistent.LogEntry#312]
19:26:21.745 [main] DEBUG o.h.engine.internal.TwoPhaseLoad - Done materializing entity [edu.ncsu.csc.itrust2.models.persistent.LogEntry#312]
19:26:21.745 [main] DEBUG o.h.engine.internal.TwoPhaseLoad - Resolving associations for [edu.ncsu.csc.itrust2.models.persistent.LogEntry#313]
19:26:21.745 [main] DEBUG o.h.engine.internal.TwoPhaseLoad - Done materializing entity [edu.ncsu.csc.itrust2.models.persistent.LogEntry#313]
19:26:21.746 [main] DEBUG o.h.engine.internal.TwoPhaseLoad - Resolving associations for [edu.ncsu.csc.itrust2.models.persistent.LogEntry#314]
19:26:21.746 [main] DEBUG o.h.engine.internal.TwoPhaseLoad - Done materializing entity [edu.ncsu.csc.itrust2.models.persistent.LogEntry#314]
19:26:21.746 [main] DEBUG o.h.engine.internal.TwoPhaseLoad - Resolving associations for [edu.ncsu.csc.itrust2.models.persistent.LogEntry#315]
19:26:21.746 [main] DEBUG o.h.engine.internal.TwoPhaseLoad - Done materializing entity [edu.ncsu.csc.itrust2.models.persistent.LogEntry#315]
19:26:21.746 [main] DEBUG o.h.engine.internal.TwoPhaseLoad - Resolving associations for [edu.ncsu.csc.itrust2.models.persistent.LogEntry#316]
19:26:21.746 [main] DEBUG o.h.engine.internal.TwoPhaseLoad - Done materializing entity [edu.ncsu.csc.itrust2.models.persistent.LogEntry#316]
19:26:21.746 [main] DEBUG o.h.engine.internal.TwoPhaseLoad - Resolving associations for [edu.ncsu.csc.itrust2.models.persistent.LogEntry#317]
19:26:21.746 [main] DEBUG o.h.engine.internal.TwoPhaseLoad - Done materializing entity [edu.ncsu.csc.itrust2.models.persistent.LogEntry#317]
19:26:21.746 [main] DEBUG o.h.engine.internal.TwoPhaseLoad - Resolving associations for [edu.ncsu.csc.itrust2.models.persistent.LogEntry#318]
19:26:21.746 [main] DEBUG o.h.engine.internal.TwoPhaseLoad - Done materializing entity [edu.ncsu.csc.itrust2.models.persistent.LogEntry#318]
19:26:21.746 [main] DEBUG o.h.engine.internal.TwoPhaseLoad - Resolving associations for [edu.ncsu.csc.itrust2.models.persistent.LogEntry#319]
19:26:21.746 [main] DEBUG o.h.engine.internal.TwoPhaseLoad - Done materializing entity [edu.ncsu.csc.itrust2.models.persistent.LogEntry#319]
19:26:21.747 [main] DEBUG o.h.engine.internal.TwoPhaseLoad - Resolving associations for [edu.ncsu.csc.itrust2.models.persistent.LogEntry#320]
19:26:21.747 [main] DEBUG o.h.engine.internal.TwoPhaseLoad - Done materializing entity [edu.ncsu.csc.itrust2.models.persistent.LogEntry#320]
19:26:21.747 [main] DEBUG o.h.engine.internal.TwoPhaseLoad - Resolving associations for [edu.ncsu.csc.itrust2.models.persistent.LogEntry#321]
19:26:21.747 [main] DEBUG o.h.engine.internal.TwoPhaseLoad - Done materializing entity [edu.ncsu.csc.itrust2.models.persistent.LogEntry#321]
19:26:21.747 [main] DEBUG o.h.engine.internal.TwoPhaseLoad - Resolving associations for [edu.ncsu.csc.itrust2.models.persistent.LogEntry#322]
19:26:21.747 [main] DEBUG o.h.engine.internal.TwoPhaseLoad - Done materializing entity [edu.ncsu.csc.itrust2.models.persistent.LogEntry#322]
19:26:21.747 [main] DEBUG o.h.engine.internal.TwoPhaseLoad - Resolving associations for [edu.ncsu.csc.itrust2.models.persistent.LogEntry#323]
19:26:21.747 [main] DEBUG o.h.engine.internal.TwoPhaseLoad - Done materializing entity [edu.ncsu.csc.itrust2.models.persistent.LogEntry#323]
19:26:21.747 [main] DEBUG o.h.engine.internal.TwoPhaseLoad - Resolving associations for [edu.ncsu.csc.itrust2.models.persistent.LogEntry#324]
19:26:21.747 [main] DEBUG o.h.engine.internal.TwoPhaseLoad - Done materializing entity [edu.ncsu.csc.itrust2.models.persistent.LogEntry#324]
19:26:21.747 [main] DEBUG o.h.engine.internal.TwoPhaseLoad - Resolving associations for [edu.ncsu.csc.itrust2.models.persistent.LogEntry#325]
19:26:21.747 [main] DEBUG o.h.engine.internal.TwoPhaseLoad - Done materializing entity [edu.ncsu.csc.itrust2.models.persistent.LogEntry#325]
19:26:21.748 [main] DEBUG o.h.engine.internal.TwoPhaseLoad - Resolving associations for [edu.ncsu.csc.itrust2.models.persistent.LogEntry#326]
19:26:21.748 [main] DEBUG o.h.engine.internal.TwoPhaseLoad - Done materializing entity [edu.ncsu.csc.itrust2.models.persistent.LogEntry#326]
19:26:21.748 [main] DEBUG o.h.engine.internal.TwoPhaseLoad - Resolving associations for [edu.ncsu.csc.itrust2.models.persistent.LogEntry#327]
19:26:21.748 [main] DEBUG o.h.engine.internal.TwoPhaseLoad - Done materializing entity [edu.ncsu.csc.itrust2.models.persistent.LogEntry#327]
19:26:21.748 [main] DEBUG o.h.engine.internal.TwoPhaseLoad - Resolving associations for [edu.ncsu.csc.itrust2.models.persistent.LogEntry#328]
19:26:21.748 [main] DEBUG o.h.engine.internal.TwoPhaseLoad - Done materializing entity [edu.ncsu.csc.itrust2.models.persistent.LogEntry#328]
19:26:21.748 [main] DEBUG o.h.engine.internal.TwoPhaseLoad - Resolving associations for [edu.ncsu.csc.itrust2.models.persistent.LogEntry#329]
19:26:21.748 [main] DEBUG o.h.engine.internal.TwoPhaseLoad - Done materializing entity [edu.ncsu.csc.itrust2.models.persistent.LogEntry#329]
19:26:21.748 [main] DEBUG o.h.engine.internal.TwoPhaseLoad - Resolving associations for [edu.ncsu.csc.itrust2.models.persistent.LogEntry#330]
19:26:21.748 [main] DEBUG o.h.engine.internal.TwoPhaseLoad - Done materializing entity [edu.ncsu.csc.itrust2.models.persistent.LogEntry#330]
19:26:21.748 [main] DEBUG o.h.engine.internal.TwoPhaseLoad - Resolving associations for [edu.ncsu.csc.itrust2.models.persistent.LogEntry#331]
19:26:21.748 [main] DEBUG o.h.engine.internal.TwoPhaseLoad - Done materializing entity [edu.ncsu.csc.itrust2.models.persistent.LogEntry#331]
19:26:21.749 [main] DEBUG o.h.engine.internal.TwoPhaseLoad - Resolving associations for [edu.ncsu.csc.itrust2.models.persistent.LogEntry#332]
19:26:21.749 [main] DEBUG o.h.engine.internal.TwoPhaseLoad - Done materializing entity [edu.ncsu.csc.itrust2.models.persistent.LogEntry#332]
19:26:21.749 [main] DEBUG o.h.engine.internal.TwoPhaseLoad - Resolving associations for [edu.ncsu.csc.itrust2.models.persistent.LogEntry#333]
19:26:21.749 [main] DEBUG o.h.engine.internal.TwoPhaseLoad - Done materializing entity [edu.ncsu.csc.itrust2.models.persistent.LogEntry#333]
19:26:21.749 [main] DEBUG o.h.engine.internal.TwoPhaseLoad - Resolving associations for [edu.ncsu.csc.itrust2.models.persistent.LogEntry#334]
19:26:21.749 [main] DEBUG o.h.engine.internal.TwoPhaseLoad - Done materializing entity [edu.ncsu.csc.itrust2.models.persistent.LogEntry#334]
19:26:21.749 [main] DEBUG o.h.engine.internal.TwoPhaseLoad - Resolving associations for [edu.ncsu.csc.itrust2.models.persistent.LogEntry#335]
19:26:21.749 [main] DEBUG o.h.engine.internal.TwoPhaseLoad - Done materializing entity [edu.ncsu.csc.itrust2.models.persistent.LogEntry#335]
19:26:21.749 [main] DEBUG o.h.engine.internal.TwoPhaseLoad - Resolving associations for [edu.ncsu.csc.itrust2.models.persistent.LogEntry#336]
19:26:21.749 [main] DEBUG o.h.engine.internal.TwoPhaseLoad - Done materializing entity [edu.ncsu.csc.itrust2.models.persistent.LogEntry#336]
19:26:21.749 [main] DEBUG o.h.engine.internal.TwoPhaseLoad - Resolving associations for [edu.ncsu.csc.itrust2.models.persistent.LogEntry#337]
19:26:21.749 [main] DEBUG o.h.engine.internal.TwoPhaseLoad - Done materializing entity [edu.ncsu.csc.itrust2.models.persistent.LogEntry#337]
19:26:21.749 [main] DEBUG o.h.engine.internal.TwoPhaseLoad - Resolving associations for [edu.ncsu.csc.itrust2.models.persistent.LogEntry#338]
19:26:21.750 [main] DEBUG o.h.engine.internal.TwoPhaseLoad - Done materializing entity [edu.ncsu.csc.itrust2.models.persistent.LogEntry#338]
19:26:21.750 [main] DEBUG o.h.engine.internal.TwoPhaseLoad - Resolving associations for [edu.ncsu.csc.itrust2.models.persistent.LogEntry#339]
19:26:21.750 [main] DEBUG o.h.engine.internal.TwoPhaseLoad - Done materializing entity [edu.ncsu.csc.itrust2.models.persistent.LogEntry#339]
19:26:21.750 [main] DEBUG o.h.engine.internal.TwoPhaseLoad - Resolving associations for [edu.ncsu.csc.itrust2.models.persistent.LogEntry#340]
19:26:21.750 [main] DEBUG o.h.engine.internal.TwoPhaseLoad - Done materializing entity [edu.ncsu.csc.itrust2.models.persistent.LogEntry#340]
19:26:21.750 [main] DEBUG o.h.engine.internal.TwoPhaseLoad - Resolving associations for [edu.ncsu.csc.itrust2.models.persistent.LogEntry#341]
19:26:21.750 [main] DEBUG o.h.engine.internal.TwoPhaseLoad - Done materializing entity [edu.ncsu.csc.itrust2.models.persistent.LogEntry#341]
19:26:21.750 [main] DEBUG o.h.engine.internal.TwoPhaseLoad - Resolving associations for [edu.ncsu.csc.itrust2.models.persistent.LogEntry#342]
19:26:21.750 [main] DEBUG o.h.engine.internal.TwoPhaseLoad - Done materializing entity [edu.ncsu.csc.itrust2.models.persistent.LogEntry#342]
19:26:21.750 [main] DEBUG o.h.engine.internal.TwoPhaseLoad - Resolving associations for [edu.ncsu.csc.itrust2.models.persistent.LogEntry#343]
19:26:21.750 [main] DEBUG o.h.engine.internal.TwoPhaseLoad - Done materializing entity [edu.ncsu.csc.itrust2.models.persistent.LogEntry#343]
19:26:21.750 [main] DEBUG o.h.engine.internal.TwoPhaseLoad - Resolving associations for [edu.ncsu.csc.itrust2.models.persistent.LogEntry#344]
19:26:21.750 [main] DEBUG o.h.engine.internal.TwoPhaseLoad - Done materializing entity [edu.ncsu.csc.itrust2.models.persistent.LogEntry#344]
19:26:21.750 [main] DEBUG o.h.engine.internal.TwoPhaseLoad - Resolving associations for [edu.ncsu.csc.itrust2.models.persistent.LogEntry#345]
19:26:21.751 [main] DEBUG o.h.engine.internal.TwoPhaseLoad - Done materializing entity [edu.ncsu.csc.itrust2.models.persistent.LogEntry#345]
19:26:21.751 [main] DEBUG o.h.engine.internal.TwoPhaseLoad - Resolving associations for [edu.ncsu.csc.itrust2.models.persistent.LogEntry#346]
19:26:21.751 [main] DEBUG o.h.engine.internal.TwoPhaseLoad - Done materializing entity [edu.ncsu.csc.itrust2.models.persistent.LogEntry#346]
19:26:21.751 [main] DEBUG o.h.engine.internal.TwoPhaseLoad - Resolving associations for [edu.ncsu.csc.itrust2.models.persistent.LogEntry#347]
19:26:21.751 [main] DEBUG o.h.engine.internal.TwoPhaseLoad - Done materializing entity [edu.ncsu.csc.itrust2.models.persistent.LogEntry#347]
19:26:21.751 [main] DEBUG o.h.engine.internal.TwoPhaseLoad - Resolving associations for [edu.ncsu.csc.itrust2.models.persistent.LogEntry#348]
19:26:21.751 [main] DEBUG o.h.engine.internal.TwoPhaseLoad - Done materializing entity [edu.ncsu.csc.itrust2.models.persistent.LogEntry#348]
19:26:21.751 [main] DEBUG o.h.engine.internal.TwoPhaseLoad - Resolving associations for [edu.ncsu.csc.itrust2.models.persistent.LogEntry#349]
19:26:21.751 [main] DEBUG o.h.engine.internal.TwoPhaseLoad - Done materializing entity [edu.ncsu.csc.itrust2.models.persistent.LogEntry#349]
19:26:21.751 [main] DEBUG o.h.engine.internal.TwoPhaseLoad - Resolving associations for [edu.ncsu.csc.itrust2.models.persistent.LogEntry#350]
19:26:21.752 [main] DEBUG o.h.engine.internal.TwoPhaseLoad - Done materializing entity [edu.ncsu.csc.itrust2.models.persistent.LogEntry#350]
19:26:21.752 [main] DEBUG o.h.engine.internal.TwoPhaseLoad - Resolving associations for [edu.ncsu.csc.itrust2.models.persistent.LogEntry#351]
19:26:21.752 [main] DEBUG o.h.engine.internal.TwoPhaseLoad - Done materializing entity [edu.ncsu.csc.itrust2.models.persistent.LogEntry#351]
19:26:21.752 [main] DEBUG o.h.engine.internal.TwoPhaseLoad - Resolving associations for [edu.ncsu.csc.itrust2.models.persistent.LogEntry#352]
19:26:21.752 [main] DEBUG o.h.engine.internal.TwoPhaseLoad - Done materializing entity [edu.ncsu.csc.itrust2.models.persistent.LogEntry#352]
19:26:21.752 [main] DEBUG o.h.engine.internal.TwoPhaseLoad - Resolving associations for [edu.ncsu.csc.itrust2.models.persistent.LogEntry#353]
19:26:21.752 [main] DEBUG o.h.engine.internal.TwoPhaseLoad - Done materializing entity [edu.ncsu.csc.itrust2.models.persistent.LogEntry#353]
19:26:21.752 [main] DEBUG o.h.engine.internal.TwoPhaseLoad - Resolving associations for [edu.ncsu.csc.itrust2.models.persistent.LogEntry#354]
19:26:21.752 [main] DEBUG o.h.engine.internal.TwoPhaseLoad - Done materializing entity [edu.ncsu.csc.itrust2.models.persistent.LogEntry#354]
19:26:21.752 [main] DEBUG o.h.engine.internal.TwoPhaseLoad - Resolving associations for [edu.ncsu.csc.itrust2.models.persistent.LogEntry#355]
19:26:21.752 [main] DEBUG o.h.engine.internal.TwoPhaseLoad - Done materializing entity [edu.ncsu.csc.itrust2.models.persistent.LogEntry#355]
19:26:21.752 [main] DEBUG o.h.engine.internal.TwoPhaseLoad - Resolving associations for [edu.ncsu.csc.itrust2.models.persistent.LogEntry#356]
19:26:21.753 [main] DEBUG o.h.engine.internal.TwoPhaseLoad - Done materializing entity [edu.ncsu.csc.itrust2.models.persistent.LogEntry#356]
19:26:21.753 [main] DEBUG o.h.engine.internal.TwoPhaseLoad - Resolving associations for [edu.ncsu.csc.itrust2.models.persistent.LogEntry#357]
19:26:21.753 [main] DEBUG o.h.engine.internal.TwoPhaseLoad - Done materializing entity [edu.ncsu.csc.itrust2.models.persistent.LogEntry#357]
19:26:21.753 [main] DEBUG o.h.engine.internal.TwoPhaseLoad - Resolving associations for [edu.ncsu.csc.itrust2.models.persistent.LogEntry#358]
19:26:21.753 [main] DEBUG o.h.engine.internal.TwoPhaseLoad - Done materializing entity [edu.ncsu.csc.itrust2.models.persistent.LogEntry#358]
19:26:21.753 [main] DEBUG o.h.engine.internal.TwoPhaseLoad - Resolving associations for [edu.ncsu.csc.itrust2.models.persistent.LogEntry#359]
19:26:21.753 [main] DEBUG o.h.engine.internal.TwoPhaseLoad - Done materializing entity [edu.ncsu.csc.itrust2.models.persistent.LogEntry#359]
19:26:21.753 [main] DEBUG o.h.engine.internal.TwoPhaseLoad - Resolving associations for [edu.ncsu.csc.itrust2.models.persistent.LogEntry#360]
19:26:21.753 [main] DEBUG o.h.engine.internal.TwoPhaseLoad - Done materializing entity [edu.ncsu.csc.itrust2.models.persistent.LogEntry#360]
19:26:21.753 [main] DEBUG o.h.engine.internal.TwoPhaseLoad - Resolving associations for [edu.ncsu.csc.itrust2.models.persistent.LogEntry#361]
19:26:21.753 [main] DEBUG o.h.engine.internal.TwoPhaseLoad - Done materializing entity [edu.ncsu.csc.itrust2.models.persistent.LogEntry#361]
19:26:21.753 [main] DEBUG o.h.engine.internal.TwoPhaseLoad - Resolving associations for [edu.ncsu.csc.itrust2.models.persistent.LogEntry#362]
19:26:21.754 [main] DEBUG o.h.engine.internal.TwoPhaseLoad - Done materializing entity [edu.ncsu.csc.itrust2.models.persistent.LogEntry#362]
19:26:21.754 [main] DEBUG o.h.engine.internal.TwoPhaseLoad - Resolving associations for [edu.ncsu.csc.itrust2.models.persistent.LogEntry#363]
19:26:21.754 [main] DEBUG o.h.engine.internal.TwoPhaseLoad - Done materializing entity [edu.ncsu.csc.itrust2.models.persistent.LogEntry#363]
19:26:21.754 [main] DEBUG o.h.engine.internal.TwoPhaseLoad - Resolving associations for [edu.ncsu.csc.itrust2.models.persistent.LogEntry#364]
19:26:21.754 [main] DEBUG o.h.engine.internal.TwoPhaseLoad - Done materializing entity [edu.ncsu.csc.itrust2.models.persistent.LogEntry#364]
19:26:21.754 [main] DEBUG o.h.engine.internal.TwoPhaseLoad - Resolving associations for [edu.ncsu.csc.itrust2.models.persistent.LogEntry#365]
19:26:21.754 [main] DEBUG o.h.engine.internal.TwoPhaseLoad - Done materializing entity [edu.ncsu.csc.itrust2.models.persistent.LogEntry#365]
19:26:21.754 [main] DEBUG o.h.engine.internal.TwoPhaseLoad - Resolving associations for [edu.ncsu.csc.itrust2.models.persistent.LogEntry#366]
19:26:21.754 [main] DEBUG o.h.engine.internal.TwoPhaseLoad - Done materializing entity [edu.ncsu.csc.itrust2.models.persistent.LogEntry#366]
19:26:21.754 [main] DEBUG o.h.engine.internal.TwoPhaseLoad - Resolving associations for [edu.ncsu.csc.itrust2.models.persistent.LogEntry#367]
19:26:21.754 [main] DEBUG o.h.engine.internal.TwoPhaseLoad - Done materializing entity [edu.ncsu.csc.itrust2.models.persistent.LogEntry#367]
19:26:21.754 [main] DEBUG o.h.engine.internal.TwoPhaseLoad - Resolving associations for [edu.ncsu.csc.itrust2.models.persistent.LogEntry#368]
19:26:21.754 [main] DEBUG o.h.engine.internal.TwoPhaseLoad - Done materializing entity [edu.ncsu.csc.itrust2.models.persistent.LogEntry#368]
19:26:21.755 [main] DEBUG o.h.engine.internal.TwoPhaseLoad - Resolving associations for [edu.ncsu.csc.itrust2.models.persistent.LogEntry#369]
19:26:21.755 [main] DEBUG o.h.engine.internal.TwoPhaseLoad - Done materializing entity [edu.ncsu.csc.itrust2.models.persistent.LogEntry#369]
19:26:21.755 [main] DEBUG o.h.engine.internal.TwoPhaseLoad - Resolving associations for [edu.ncsu.csc.itrust2.models.persistent.LogEntry#370]
19:26:21.755 [main] DEBUG o.h.engine.internal.TwoPhaseLoad - Done materializing entity [edu.ncsu.csc.itrust2.models.persistent.LogEntry#370]
19:26:21.755 [main] DEBUG o.h.engine.internal.TwoPhaseLoad - Resolving associations for [edu.ncsu.csc.itrust2.models.persistent.LogEntry#371]
19:26:21.755 [main] DEBUG o.h.engine.internal.TwoPhaseLoad - Done materializing entity [edu.ncsu.csc.itrust2.models.persistent.LogEntry#371]
19:26:21.755 [main] DEBUG o.h.engine.internal.TwoPhaseLoad - Resolving associations for [edu.ncsu.csc.itrust2.models.persistent.LogEntry#372]
19:26:21.755 [main] DEBUG o.h.engine.internal.TwoPhaseLoad - Done materializing entity [edu.ncsu.csc.itrust2.models.persistent.LogEntry#372]
19:26:21.755 [main] DEBUG o.h.engine.internal.TwoPhaseLoad - Resolving associations for [edu.ncsu.csc.itrust2.models.persistent.LogEntry#373]
19:26:21.755 [main] DEBUG o.h.engine.internal.TwoPhaseLoad - Done materializing entity [edu.ncsu.csc.itrust2.models.persistent.LogEntry#373]
19:26:21.755 [main] DEBUG o.h.engine.internal.TwoPhaseLoad - Resolving associations for [edu.ncsu.csc.itrust2.models.persistent.LogEntry#374]
19:26:21.755 [main] DEBUG o.h.engine.internal.TwoPhaseLoad - Done materializing entity [edu.ncsu.csc.itrust2.models.persistent.LogEntry#374]
19:26:21.755 [main] DEBUG o.h.engine.internal.TwoPhaseLoad - Resolving associations for [edu.ncsu.csc.itrust2.models.persistent.LogEntry#375]
19:26:21.756 [main] DEBUG o.h.engine.internal.TwoPhaseLoad - Done materializing entity [edu.ncsu.csc.itrust2.models.persistent.LogEntry#375]
19:26:21.756 [main] DEBUG o.h.engine.internal.TwoPhaseLoad - Resolving associations for [edu.ncsu.csc.itrust2.models.persistent.LogEntry#376]
19:26:21.756 [main] DEBUG o.h.engine.internal.TwoPhaseLoad - Done materializing entity [edu.ncsu.csc.itrust2.models.persistent.LogEntry#376]
19:26:21.756 [main] DEBUG o.h.engine.internal.TwoPhaseLoad - Resolving associations for [edu.ncsu.csc.itrust2.models.persistent.LogEntry#377]
19:26:21.756 [main] DEBUG o.h.engine.internal.TwoPhaseLoad - Done materializing entity [edu.ncsu.csc.itrust2.models.persistent.LogEntry#377]
19:26:21.756 [main] DEBUG o.h.engine.internal.TwoPhaseLoad - Resolving associations for [edu.ncsu.csc.itrust2.models.persistent.LogEntry#378]
19:26:21.756 [main] DEBUG o.h.engine.internal.TwoPhaseLoad - Done materializing entity [edu.ncsu.csc.itrust2.models.persistent.LogEntry#378]
19:26:21.756 [main] DEBUG o.h.engine.internal.TwoPhaseLoad - Resolving associations for [edu.ncsu.csc.itrust2.models.persistent.LogEntry#379]
19:26:21.756 [main] DEBUG o.h.engine.internal.TwoPhaseLoad - Done materializing entity [edu.ncsu.csc.itrust2.models.persistent.LogEntry#379]
19:26:21.756 [main] DEBUG o.h.engine.internal.TwoPhaseLoad - Resolving associations for [edu.ncsu.csc.itrust2.models.persistent.LogEntry#380]
19:26:21.756 [main] DEBUG o.h.engine.internal.TwoPhaseLoad - Done materializing entity [edu.ncsu.csc.itrust2.models.persistent.LogEntry#380]
19:26:21.756 [main] DEBUG o.h.engine.internal.TwoPhaseLoad - Resolving associations for [edu.ncsu.csc.itrust2.models.persistent.LogEntry#381]
19:26:21.757 [main] DEBUG o.h.engine.internal.TwoPhaseLoad - Done materializing entity [edu.ncsu.csc.itrust2.models.persistent.LogEntry#381]
19:26:21.757 [main] DEBUG o.h.engine.internal.TwoPhaseLoad - Resolving associations for [edu.ncsu.csc.itrust2.models.persistent.LogEntry#382]
19:26:21.757 [main] DEBUG o.h.engine.internal.TwoPhaseLoad - Done materializing entity [edu.ncsu.csc.itrust2.models.persistent.LogEntry#382]
19:26:21.757 [main] DEBUG o.h.engine.internal.TwoPhaseLoad - Resolving associations for [edu.ncsu.csc.itrust2.models.persistent.LogEntry#383]
19:26:21.757 [main] DEBUG o.h.engine.internal.TwoPhaseLoad - Done materializing entity [edu.ncsu.csc.itrust2.models.persistent.LogEntry#383]
19:26:21.757 [main] DEBUG o.h.engine.internal.TwoPhaseLoad - Resolving associations for [edu.ncsu.csc.itrust2.models.persistent.LogEntry#384]
19:26:21.757 [main] DEBUG o.h.engine.internal.TwoPhaseLoad - Done materializing entity [edu.ncsu.csc.itrust2.models.persistent.LogEntry#384]
19:26:21.757 [main] DEBUG o.h.engine.internal.TwoPhaseLoad - Resolving associations for [edu.ncsu.csc.itrust2.models.persistent.LogEntry#385]
19:26:21.757 [main] DEBUG o.h.engine.internal.TwoPhaseLoad - Done materializing entity [edu.ncsu.csc.itrust2.models.persistent.LogEntry#385]
19:26:21.757 [main] DEBUG o.h.engine.internal.TwoPhaseLoad - Resolving associations for [edu.ncsu.csc.itrust2.models.persistent.LogEntry#386]
19:26:21.757 [main] DEBUG o.h.engine.internal.TwoPhaseLoad - Done materializing entity [edu.ncsu.csc.itrust2.models.persistent.LogEntry#386]
19:26:21.757 [main] DEBUG o.h.engine.internal.TwoPhaseLoad - Resolving associations for [edu.ncsu.csc.itrust2.models.persistent.LogEntry#387]
19:26:21.757 [main] DEBUG o.h.engine.internal.TwoPhaseLoad - Done materializing entity [edu.ncsu.csc.itrust2.models.persistent.LogEntry#387]
19:26:21.757 [main] DEBUG o.h.engine.internal.TwoPhaseLoad - Resolving associations for [edu.ncsu.csc.itrust2.models.persistent.LogEntry#388]
19:26:21.758 [main] DEBUG o.h.engine.internal.TwoPhaseLoad - Done materializing entity [edu.ncsu.csc.itrust2.models.persistent.LogEntry#388]
19:26:21.758 [main] DEBUG o.h.engine.internal.TwoPhaseLoad - Resolving associations for [edu.ncsu.csc.itrust2.models.persistent.LogEntry#389]
19:26:21.758 [main] DEBUG o.h.engine.internal.TwoPhaseLoad - Done materializing entity [edu.ncsu.csc.itrust2.models.persistent.LogEntry#389]
19:26:21.758 [main] DEBUG o.h.engine.internal.TwoPhaseLoad - Resolving associations for [edu.ncsu.csc.itrust2.models.persistent.LogEntry#390]
19:26:21.758 [main] DEBUG o.h.engine.internal.TwoPhaseLoad - Done materializing entity [edu.ncsu.csc.itrust2.models.persistent.LogEntry#390]
19:26:21.758 [main] DEBUG o.h.engine.internal.TwoPhaseLoad - Resolving associations for [edu.ncsu.csc.itrust2.models.persistent.LogEntry#391]
19:26:21.758 [main] DEBUG o.h.engine.internal.TwoPhaseLoad - Done materializing entity [edu.ncsu.csc.itrust2.models.persistent.LogEntry#391]
19:26:21.758 [main] DEBUG o.h.engine.internal.TwoPhaseLoad - Resolving associations for [edu.ncsu.csc.itrust2.models.persistent.LogEntry#392]
19:26:21.758 [main] DEBUG o.h.engine.internal.TwoPhaseLoad - Done materializing entity [edu.ncsu.csc.itrust2.models.persistent.LogEntry#392]
19:26:21.758 [main] DEBUG o.h.engine.internal.TwoPhaseLoad - Resolving associations for [edu.ncsu.csc.itrust2.models.persistent.LogEntry#393]
19:26:21.758 [main] DEBUG o.h.engine.internal.TwoPhaseLoad - Done materializing entity [edu.ncsu.csc.itrust2.models.persistent.LogEntry#393]
19:26:21.758 [main] DEBUG o.h.engine.internal.TwoPhaseLoad - Resolving associations for [edu.ncsu.csc.itrust2.models.persistent.LogEntry#394]
19:26:21.759 [main] DEBUG o.h.engine.internal.TwoPhaseLoad - Done materializing entity [edu.ncsu.csc.itrust2.models.persistent.LogEntry#394]
19:26:21.759 [main] DEBUG o.h.engine.internal.TwoPhaseLoad - Resolving associations for [edu.ncsu.csc.itrust2.models.persistent.LogEntry#395]
19:26:21.759 [main] DEBUG o.h.engine.internal.TwoPhaseLoad - Done materializing entity [edu.ncsu.csc.itrust2.models.persistent.LogEntry#395]
19:26:21.759 [main] DEBUG o.h.engine.internal.TwoPhaseLoad - Resolving associations for [edu.ncsu.csc.itrust2.models.persistent.LogEntry#396]
19:26:21.759 [main] DEBUG o.h.engine.internal.TwoPhaseLoad - Done materializing entity [edu.ncsu.csc.itrust2.models.persistent.LogEntry#396]
19:26:21.759 [main] DEBUG o.h.engine.internal.TwoPhaseLoad - Resolving associations for [edu.ncsu.csc.itrust2.models.persistent.LogEntry#397]
19:26:21.759 [main] DEBUG o.h.engine.internal.TwoPhaseLoad - Done materializing entity [edu.ncsu.csc.itrust2.models.persistent.LogEntry#397]
19:26:21.759 [main] DEBUG o.h.engine.internal.TwoPhaseLoad - Resolving associations for [edu.ncsu.csc.itrust2.models.persistent.LogEntry#398]
19:26:21.759 [main] DEBUG o.h.engine.internal.TwoPhaseLoad - Done materializing entity [edu.ncsu.csc.itrust2.models.persistent.LogEntry#398]
19:26:21.759 [main] DEBUG o.h.engine.internal.TwoPhaseLoad - Resolving associations for [edu.ncsu.csc.itrust2.models.persistent.LogEntry#399]
19:26:21.759 [main] DEBUG o.h.engine.internal.TwoPhaseLoad - Done materializing entity [edu.ncsu.csc.itrust2.models.persistent.LogEntry#399]
19:26:21.759 [main] DEBUG o.h.engine.internal.TwoPhaseLoad - Resolving associations for [edu.ncsu.csc.itrust2.models.persistent.LogEntry#400]
19:26:21.760 [main] DEBUG o.h.engine.internal.TwoPhaseLoad - Done materializing entity [edu.ncsu.csc.itrust2.models.persistent.LogEntry#400]
19:26:21.760 [main] DEBUG o.h.engine.internal.TwoPhaseLoad - Resolving associations for [edu.ncsu.csc.itrust2.models.persistent.LogEntry#401]
19:26:21.760 [main] DEBUG o.h.engine.internal.TwoPhaseLoad - Done materializing entity [edu.ncsu.csc.itrust2.models.persistent.LogEntry#401]
19:26:21.760 [main] DEBUG o.h.engine.internal.TwoPhaseLoad - Resolving associations for [edu.ncsu.csc.itrust2.models.persistent.LogEntry#402]
19:26:21.760 [main] DEBUG o.h.engine.internal.TwoPhaseLoad - Done materializing entity [edu.ncsu.csc.itrust2.models.persistent.LogEntry#402]
19:26:21.760 [main] DEBUG o.h.engine.internal.TwoPhaseLoad - Resolving associations for [edu.ncsu.csc.itrust2.models.persistent.LogEntry#403]
19:26:21.760 [main] DEBUG o.h.engine.internal.TwoPhaseLoad - Done materializing entity [edu.ncsu.csc.itrust2.models.persistent.LogEntry#403]
19:26:21.760 [main] DEBUG o.h.engine.internal.TwoPhaseLoad - Resolving associations for [edu.ncsu.csc.itrust2.models.persistent.LogEntry#404]
19:26:21.760 [main] DEBUG o.h.engine.internal.TwoPhaseLoad - Done materializing entity [edu.ncsu.csc.itrust2.models.persistent.LogEntry#404]
19:26:21.760 [main] DEBUG o.h.engine.internal.TwoPhaseLoad - Resolving associations for [edu.ncsu.csc.itrust2.models.persistent.LogEntry#405]
19:26:21.760 [main] DEBUG o.h.engine.internal.TwoPhaseLoad - Done materializing entity [edu.ncsu.csc.itrust2.models.persistent.LogEntry#405]
19:26:21.760 [main] DEBUG o.h.engine.internal.TwoPhaseLoad - Resolving associations for [edu.ncsu.csc.itrust2.models.persistent.LogEntry#406]
19:26:21.760 [main] DEBUG o.h.engine.internal.TwoPhaseLoad - Done materializing entity [edu.ncsu.csc.itrust2.models.persistent.LogEntry#406]
19:26:21.761 [main] DEBUG o.h.engine.internal.TwoPhaseLoad - Resolving associations for [edu.ncsu.csc.itrust2.models.persistent.LogEntry#407]
19:26:21.761 [main] DEBUG o.h.engine.internal.TwoPhaseLoad - Done materializing entity [edu.ncsu.csc.itrust2.models.persistent.LogEntry#407]
19:26:21.761 [main] DEBUG o.h.engine.internal.TwoPhaseLoad - Resolving associations for [edu.ncsu.csc.itrust2.models.persistent.LogEntry#408]
19:26:21.761 [main] DEBUG o.h.engine.internal.TwoPhaseLoad - Done materializing entity [edu.ncsu.csc.itrust2.models.persistent.LogEntry#408]
19:26:21.761 [main] DEBUG o.h.engine.internal.TwoPhaseLoad - Resolving associations for [edu.ncsu.csc.itrust2.models.persistent.LogEntry#409]
19:26:21.761 [main] DEBUG o.h.engine.internal.TwoPhaseLoad - Done materializing entity [edu.ncsu.csc.itrust2.models.persistent.LogEntry#409]
19:26:21.761 [main] DEBUG o.h.engine.internal.TwoPhaseLoad - Resolving associations for [edu.ncsu.csc.itrust2.models.persistent.LogEntry#410]
19:26:21.761 [main] DEBUG o.h.engine.internal.TwoPhaseLoad - Done materializing entity [edu.ncsu.csc.itrust2.models.persistent.LogEntry#410]
19:26:21.761 [main] DEBUG o.h.engine.internal.TwoPhaseLoad - Resolving associations for [edu.ncsu.csc.itrust2.models.persistent.LogEntry#411]
19:26:21.761 [main] DEBUG o.h.engine.internal.TwoPhaseLoad - Done materializing entity [edu.ncsu.csc.itrust2.models.persistent.LogEntry#411]
19:26:21.761 [main] DEBUG o.h.engine.internal.TwoPhaseLoad - Resolving associations for [edu.ncsu.csc.itrust2.models.persistent.LogEntry#412]
19:26:21.761 [main] DEBUG o.h.engine.internal.TwoPhaseLoad - Done materializing entity [edu.ncsu.csc.itrust2.models.persistent.LogEntry#412]
19:26:21.761 [main] DEBUG o.h.engine.internal.TwoPhaseLoad - Resolving associations for [edu.ncsu.csc.itrust2.models.persistent.LogEntry#413]
19:26:21.762 [main] DEBUG o.h.engine.internal.TwoPhaseLoad - Done materializing entity [edu.ncsu.csc.itrust2.models.persistent.LogEntry#413]
19:26:21.762 [main] DEBUG o.h.engine.internal.TwoPhaseLoad - Resolving associations for [edu.ncsu.csc.itrust2.models.persistent.LogEntry#414]
19:26:21.762 [main] DEBUG o.h.engine.internal.TwoPhaseLoad - Done materializing entity [edu.ncsu.csc.itrust2.models.persistent.LogEntry#414]
19:26:21.762 [main] DEBUG o.h.engine.internal.TwoPhaseLoad - Resolving associations for [edu.ncsu.csc.itrust2.models.persistent.LogEntry#415]
19:26:21.762 [main] DEBUG o.h.engine.internal.TwoPhaseLoad - Done materializing entity [edu.ncsu.csc.itrust2.models.persistent.LogEntry#415]
19:26:21.762 [main] DEBUG o.h.engine.internal.TwoPhaseLoad - Resolving associations for [edu.ncsu.csc.itrust2.models.persistent.LogEntry#416]
19:26:21.762 [main] DEBUG o.h.engine.internal.TwoPhaseLoad - Done materializing entity [edu.ncsu.csc.itrust2.models.persistent.LogEntry#416]
19:26:21.762 [main] DEBUG o.h.engine.internal.TwoPhaseLoad - Resolving associations for [edu.ncsu.csc.itrust2.models.persistent.LogEntry#417]
19:26:21.762 [main] DEBUG o.h.engine.internal.TwoPhaseLoad - Done materializing entity [edu.ncsu.csc.itrust2.models.persistent.LogEntry#417]
19:26:21.762 [main] DEBUG o.h.engine.internal.TwoPhaseLoad - Resolving associations for [edu.ncsu.csc.itrust2.models.persistent.LogEntry#418]
19:26:21.762 [main] DEBUG o.h.engine.internal.TwoPhaseLoad - Done materializing entity [edu.ncsu.csc.itrust2.models.persistent.LogEntry#418]
19:26:21.762 [main] DEBUG o.h.engine.internal.TwoPhaseLoad - Resolving associations for [edu.ncsu.csc.itrust2.models.persistent.LogEntry#419]
19:26:21.762 [main] DEBUG o.h.engine.internal.TwoPhaseLoad - Done materializing entity [edu.ncsu.csc.itrust2.models.persistent.LogEntry#419]
19:26:21.763 [main] DEBUG o.h.engine.internal.TwoPhaseLoad - Resolving associations for [edu.ncsu.csc.itrust2.models.persistent.LogEntry#420]
19:26:21.763 [main] DEBUG o.h.engine.internal.TwoPhaseLoad - Done materializing entity [edu.ncsu.csc.itrust2.models.persistent.LogEntry#420]
19:26:21.763 [main] DEBUG o.h.engine.internal.TwoPhaseLoad - Resolving associations for [edu.ncsu.csc.itrust2.models.persistent.LogEntry#421]
19:26:21.763 [main] DEBUG o.h.engine.internal.TwoPhaseLoad - Done materializing entity [edu.ncsu.csc.itrust2.models.persistent.LogEntry#421]
19:26:21.763 [main] DEBUG o.h.engine.internal.TwoPhaseLoad - Resolving associations for [edu.ncsu.csc.itrust2.models.persistent.LogEntry#422]
19:26:21.763 [main] DEBUG o.h.engine.internal.TwoPhaseLoad - Done materializing entity [edu.ncsu.csc.itrust2.models.persistent.LogEntry#422]
19:26:21.763 [main] DEBUG o.h.engine.internal.TwoPhaseLoad - Resolving associations for [edu.ncsu.csc.itrust2.models.persistent.LogEntry#423]
19:26:21.763 [main] DEBUG o.h.engine.internal.TwoPhaseLoad - Done materializing entity [edu.ncsu.csc.itrust2.models.persistent.LogEntry#423]
19:26:21.763 [main] DEBUG o.h.engine.internal.TwoPhaseLoad - Resolving associations for [edu.ncsu.csc.itrust2.models.persistent.LogEntry#424]
19:26:21.764 [main] DEBUG o.h.engine.internal.TwoPhaseLoad - Done materializing entity [edu.ncsu.csc.itrust2.models.persistent.LogEntry#424]
19:26:21.764 [main] DEBUG o.h.engine.internal.TwoPhaseLoad - Resolving associations for [edu.ncsu.csc.itrust2.models.persistent.LogEntry#425]
19:26:21.764 [main] DEBUG o.h.engine.internal.TwoPhaseLoad - Done materializing entity [edu.ncsu.csc.itrust2.models.persistent.LogEntry#425]
19:26:21.764 [main] DEBUG o.h.engine.internal.TwoPhaseLoad - Resolving associations for [edu.ncsu.csc.itrust2.models.persistent.LogEntry#426]
19:26:21.764 [main] DEBUG o.h.engine.internal.TwoPhaseLoad - Done materializing entity [edu.ncsu.csc.itrust2.models.persistent.LogEntry#426]
19:26:21.764 [main] DEBUG o.h.engine.internal.TwoPhaseLoad - Resolving associations for [edu.ncsu.csc.itrust2.models.persistent.LogEntry#427]
19:26:21.764 [main] DEBUG o.h.engine.internal.TwoPhaseLoad - Done materializing entity [edu.ncsu.csc.itrust2.models.persistent.LogEntry#427]
19:26:21.764 [main] DEBUG o.h.engine.internal.TwoPhaseLoad - Resolving associations for [edu.ncsu.csc.itrust2.models.persistent.LogEntry#428]
19:26:21.764 [main] DEBUG o.h.engine.internal.TwoPhaseLoad - Done materializing entity [edu.ncsu.csc.itrust2.models.persistent.LogEntry#428]
19:26:21.764 [main] DEBUG o.h.engine.internal.TwoPhaseLoad - Resolving associations for [edu.ncsu.csc.itrust2.models.persistent.LogEntry#429]
19:26:21.764 [main] DEBUG o.h.engine.internal.TwoPhaseLoad - Done materializing entity [edu.ncsu.csc.itrust2.models.persistent.LogEntry#429]
19:26:21.764 [main] DEBUG o.h.engine.internal.TwoPhaseLoad - Resolving associations for [edu.ncsu.csc.itrust2.models.persistent.LogEntry#430]
19:26:21.765 [main] DEBUG o.h.engine.internal.TwoPhaseLoad - Done materializing entity [edu.ncsu.csc.itrust2.models.persistent.LogEntry#430]
19:26:21.765 [main] DEBUG o.h.engine.internal.TwoPhaseLoad - Resolving associations for [edu.ncsu.csc.itrust2.models.persistent.LogEntry#431]
19:26:21.765 [main] DEBUG o.h.engine.internal.TwoPhaseLoad - Done materializing entity [edu.ncsu.csc.itrust2.models.persistent.LogEntry#431]
19:26:21.765 [main] DEBUG o.h.engine.internal.TwoPhaseLoad - Resolving associations for [edu.ncsu.csc.itrust2.models.persistent.LogEntry#432]
19:26:21.765 [main] DEBUG o.h.engine.internal.TwoPhaseLoad - Done materializing entity [edu.ncsu.csc.itrust2.models.persistent.LogEntry#432]
19:26:21.765 [main] DEBUG o.h.engine.internal.TwoPhaseLoad - Resolving associations for [edu.ncsu.csc.itrust2.models.persistent.LogEntry#433]
19:26:21.765 [main] DEBUG o.h.engine.internal.TwoPhaseLoad - Done materializing entity [edu.ncsu.csc.itrust2.models.persistent.LogEntry#433]
19:26:21.765 [main] DEBUG o.h.engine.internal.TwoPhaseLoad - Resolving associations for [edu.ncsu.csc.itrust2.models.persistent.LogEntry#434]
19:26:21.765 [main] DEBUG o.h.engine.internal.TwoPhaseLoad - Done materializing entity [edu.ncsu.csc.itrust2.models.persistent.LogEntry#434]
19:26:21.765 [main] DEBUG o.h.engine.internal.TwoPhaseLoad - Resolving associations for [edu.ncsu.csc.itrust2.models.persistent.LogEntry#435]
19:26:21.765 [main] DEBUG o.h.engine.internal.TwoPhaseLoad - Done materializing entity [edu.ncsu.csc.itrust2.models.persistent.LogEntry#435]
19:26:21.765 [main] DEBUG o.h.engine.internal.TwoPhaseLoad - Resolving associations for [edu.ncsu.csc.itrust2.models.persistent.LogEntry#436]
19:26:21.766 [main] DEBUG o.h.engine.internal.TwoPhaseLoad - Done materializing entity [edu.ncsu.csc.itrust2.models.persistent.LogEntry#436]
19:26:21.766 [main] DEBUG o.h.engine.internal.TwoPhaseLoad - Resolving associations for [edu.ncsu.csc.itrust2.models.persistent.LogEntry#437]
19:26:21.766 [main] DEBUG o.h.engine.internal.TwoPhaseLoad - Done materializing entity [edu.ncsu.csc.itrust2.models.persistent.LogEntry#437]
19:26:21.766 [main] DEBUG o.h.engine.internal.TwoPhaseLoad - Resolving associations for [edu.ncsu.csc.itrust2.models.persistent.LogEntry#438]
19:26:21.766 [main] DEBUG o.h.engine.internal.TwoPhaseLoad - Done materializing entity [edu.ncsu.csc.itrust2.models.persistent.LogEntry#438]
19:26:21.766 [main] DEBUG o.h.engine.internal.TwoPhaseLoad - Resolving associations for [edu.ncsu.csc.itrust2.models.persistent.LogEntry#439]
19:26:21.766 [main] DEBUG o.h.engine.internal.TwoPhaseLoad - Done materializing entity [edu.ncsu.csc.itrust2.models.persistent.LogEntry#439]
19:26:21.766 [main] DEBUG o.h.engine.internal.TwoPhaseLoad - Resolving associations for [edu.ncsu.csc.itrust2.models.persistent.LogEntry#440]
19:26:21.766 [main] DEBUG o.h.engine.internal.TwoPhaseLoad - Done materializing entity [edu.ncsu.csc.itrust2.models.persistent.LogEntry#440]
19:26:21.766 [main] DEBUG o.h.engine.internal.TwoPhaseLoad - Resolving associations for [edu.ncsu.csc.itrust2.models.persistent.LogEntry#441]
19:26:21.766 [main] DEBUG o.h.engine.internal.TwoPhaseLoad - Done materializing entity [edu.ncsu.csc.itrust2.models.persistent.LogEntry#441]
19:26:21.767 [main] DEBUG o.h.engine.internal.TwoPhaseLoad - Resolving associations for [edu.ncsu.csc.itrust2.models.persistent.LogEntry#442]
19:26:21.767 [main] DEBUG o.h.engine.internal.TwoPhaseLoad - Done materializing entity [edu.ncsu.csc.itrust2.models.persistent.LogEntry#442]
19:26:21.767 [main] DEBUG o.h.engine.internal.TwoPhaseLoad - Resolving associations for [edu.ncsu.csc.itrust2.models.persistent.LogEntry#443]
19:26:21.767 [main] DEBUG o.h.engine.internal.TwoPhaseLoad - Done materializing entity [edu.ncsu.csc.itrust2.models.persistent.LogEntry#443]
19:26:21.767 [main] DEBUG o.h.engine.internal.TwoPhaseLoad - Resolving associations for [edu.ncsu.csc.itrust2.models.persistent.LogEntry#444]
19:26:21.767 [main] DEBUG o.h.engine.internal.TwoPhaseLoad - Done materializing entity [edu.ncsu.csc.itrust2.models.persistent.LogEntry#444]
19:26:21.767 [main] DEBUG o.h.engine.internal.TwoPhaseLoad - Resolving associations for [edu.ncsu.csc.itrust2.models.persistent.LogEntry#445]
19:26:21.767 [main] DEBUG o.h.engine.internal.TwoPhaseLoad - Done materializing entity [edu.ncsu.csc.itrust2.models.persistent.LogEntry#445]
19:26:21.768 [main] DEBUG o.h.engine.internal.TwoPhaseLoad - Resolving associations for [edu.ncsu.csc.itrust2.models.persistent.LogEntry#446]
19:26:21.768 [main] DEBUG o.h.engine.internal.TwoPhaseLoad - Done materializing entity [edu.ncsu.csc.itrust2.models.persistent.LogEntry#446]
19:26:21.768 [main] DEBUG o.h.engine.internal.TwoPhaseLoad - Resolving associations for [edu.ncsu.csc.itrust2.models.persistent.LogEntry#447]
19:26:21.768 [main] DEBUG o.h.engine.internal.TwoPhaseLoad - Done materializing entity [edu.ncsu.csc.itrust2.models.persistent.LogEntry#447]
19:26:21.768 [main] DEBUG o.h.engine.internal.TwoPhaseLoad - Resolving associations for [edu.ncsu.csc.itrust2.models.persistent.LogEntry#448]
19:26:21.768 [main] DEBUG o.h.engine.internal.TwoPhaseLoad - Done materializing entity [edu.ncsu.csc.itrust2.models.persistent.LogEntry#448]
19:26:21.768 [main] DEBUG o.h.engine.internal.TwoPhaseLoad - Resolving associations for [edu.ncsu.csc.itrust2.models.persistent.LogEntry#449]
19:26:21.768 [main] DEBUG o.h.engine.internal.TwoPhaseLoad - Done materializing entity [edu.ncsu.csc.itrust2.models.persistent.LogEntry#449]
19:26:21.768 [main] DEBUG o.h.engine.internal.TwoPhaseLoad - Resolving associations for [edu.ncsu.csc.itrust2.models.persistent.LogEntry#450]
19:26:21.768 [main] DEBUG o.h.engine.internal.TwoPhaseLoad - Done materializing entity [edu.ncsu.csc.itrust2.models.persistent.LogEntry#450]
19:26:21.768 [main] DEBUG o.h.engine.internal.TwoPhaseLoad - Resolving associations for [edu.ncsu.csc.itrust2.models.persistent.LogEntry#451]
19:26:21.768 [main] DEBUG o.h.engine.internal.TwoPhaseLoad - Done materializing entity [edu.ncsu.csc.itrust2.models.persistent.LogEntry#451]
19:26:21.769 [main] DEBUG o.h.engine.internal.TwoPhaseLoad - Resolving associations for [edu.ncsu.csc.itrust2.models.persistent.LogEntry#452]
19:26:21.769 [main] DEBUG o.h.engine.internal.TwoPhaseLoad - Done materializing entity [edu.ncsu.csc.itrust2.models.persistent.LogEntry#452]
19:26:21.769 [main] DEBUG o.h.engine.internal.TwoPhaseLoad - Resolving associations for [edu.ncsu.csc.itrust2.models.persistent.LogEntry#453]
19:26:21.769 [main] DEBUG o.h.engine.internal.TwoPhaseLoad - Done materializing entity [edu.ncsu.csc.itrust2.models.persistent.LogEntry#453]
19:26:21.769 [main] DEBUG o.h.engine.internal.TwoPhaseLoad - Resolving associations for [edu.ncsu.csc.itrust2.models.persistent.LogEntry#454]
19:26:21.769 [main] DEBUG o.h.engine.internal.TwoPhaseLoad - Done materializing entity [edu.ncsu.csc.itrust2.models.persistent.LogEntry#454]
19:26:21.769 [main] DEBUG o.h.engine.internal.TwoPhaseLoad - Resolving associations for [edu.ncsu.csc.itrust2.models.persistent.LogEntry#455]
19:26:21.769 [main] DEBUG o.h.engine.internal.TwoPhaseLoad - Done materializing entity [edu.ncsu.csc.itrust2.models.persistent.LogEntry#455]
19:26:21.769 [main] DEBUG o.h.engine.internal.TwoPhaseLoad - Resolving associations for [edu.ncsu.csc.itrust2.models.persistent.LogEntry#456]
19:26:21.769 [main] DEBUG o.h.engine.internal.TwoPhaseLoad - Done materializing entity [edu.ncsu.csc.itrust2.models.persistent.LogEntry#456]
19:26:21.769 [main] DEBUG o.h.engine.internal.TwoPhaseLoad - Resolving associations for [edu.ncsu.csc.itrust2.models.persistent.LogEntry#457]
19:26:21.769 [main] DEBUG o.h.engine.internal.TwoPhaseLoad - Done materializing entity [edu.ncsu.csc.itrust2.models.persistent.LogEntry#457]
19:26:21.769 [main] DEBUG o.h.engine.internal.TwoPhaseLoad - Resolving associations for [edu.ncsu.csc.itrust2.models.persistent.LogEntry#458]
19:26:21.770 [main] DEBUG o.h.engine.internal.TwoPhaseLoad - Done materializing entity [edu.ncsu.csc.itrust2.models.persistent.LogEntry#458]
19:26:21.770 [main] DEBUG o.h.engine.internal.TwoPhaseLoad - Resolving associations for [edu.ncsu.csc.itrust2.models.persistent.LogEntry#459]
19:26:21.770 [main] DEBUG o.h.engine.internal.TwoPhaseLoad - Done materializing entity [edu.ncsu.csc.itrust2.models.persistent.LogEntry#459]
19:26:21.770 [main] DEBUG o.h.engine.internal.TwoPhaseLoad - Resolving associations for [edu.ncsu.csc.itrust2.models.persistent.LogEntry#460]
19:26:21.770 [main] DEBUG o.h.engine.internal.TwoPhaseLoad - Done materializing entity [edu.ncsu.csc.itrust2.models.persistent.LogEntry#460]
19:26:21.770 [main] DEBUG o.h.engine.internal.TwoPhaseLoad - Resolving associations for [edu.ncsu.csc.itrust2.models.persistent.LogEntry#461]
19:26:21.770 [main] DEBUG o.h.engine.internal.TwoPhaseLoad - Done materializing entity [edu.ncsu.csc.itrust2.models.persistent.LogEntry#461]
19:26:21.770 [main] DEBUG o.h.engine.internal.TwoPhaseLoad - Resolving associations for [edu.ncsu.csc.itrust2.models.persistent.LogEntry#462]
19:26:21.770 [main] DEBUG o.h.engine.internal.TwoPhaseLoad - Done materializing entity [edu.ncsu.csc.itrust2.models.persistent.LogEntry#462]
19:26:21.770 [main] DEBUG o.h.engine.internal.TwoPhaseLoad - Resolving associations for [edu.ncsu.csc.itrust2.models.persistent.LogEntry#463]
19:26:21.770 [main] DEBUG o.h.engine.internal.TwoPhaseLoad - Done materializing entity [edu.ncsu.csc.itrust2.models.persistent.LogEntry#463]
19:26:21.770 [main] DEBUG o.h.engine.internal.TwoPhaseLoad - Resolving associations for [edu.ncsu.csc.itrust2.models.persistent.LogEntry#464]
19:26:21.770 [main] DEBUG o.h.engine.internal.TwoPhaseLoad - Done materializing entity [edu.ncsu.csc.itrust2.models.persistent.LogEntry#464]
19:26:21.770 [main] DEBUG o.h.engine.internal.TwoPhaseLoad - Resolving associations for [edu.ncsu.csc.itrust2.models.persistent.LogEntry#465]
19:26:21.771 [main] DEBUG o.h.engine.internal.TwoPhaseLoad - Done materializing entity [edu.ncsu.csc.itrust2.models.persistent.LogEntry#465]
19:26:21.771 [main] DEBUG o.h.engine.internal.TwoPhaseLoad - Resolving associations for [edu.ncsu.csc.itrust2.models.persistent.LogEntry#466]
19:26:21.771 [main] DEBUG o.h.engine.internal.TwoPhaseLoad - Done materializing entity [edu.ncsu.csc.itrust2.models.persistent.LogEntry#466]
19:26:21.771 [main] DEBUG o.h.engine.internal.TwoPhaseLoad - Resolving associations for [edu.ncsu.csc.itrust2.models.persistent.LogEntry#467]
19:26:21.771 [main] DEBUG o.h.engine.internal.TwoPhaseLoad - Done materializing entity [edu.ncsu.csc.itrust2.models.persistent.LogEntry#467]
19:26:21.771 [main] DEBUG o.h.engine.internal.TwoPhaseLoad - Resolving associations for [edu.ncsu.csc.itrust2.models.persistent.LogEntry#468]
19:26:21.771 [main] DEBUG o.h.engine.internal.TwoPhaseLoad - Done materializing entity [edu.ncsu.csc.itrust2.models.persistent.LogEntry#468]
19:26:21.772 [main] DEBUG o.h.engine.internal.TwoPhaseLoad - Resolving associations for [edu.ncsu.csc.itrust2.models.persistent.LogEntry#469]
19:26:21.772 [main] DEBUG o.h.engine.internal.TwoPhaseLoad - Done materializing entity [edu.ncsu.csc.itrust2.models.persistent.LogEntry#469]
19:26:21.772 [main] DEBUG o.h.engine.internal.TwoPhaseLoad - Resolving associations for [edu.ncsu.csc.itrust2.models.persistent.LogEntry#470]
19:26:21.772 [main] DEBUG o.h.engine.internal.TwoPhaseLoad - Done materializing entity [edu.ncsu.csc.itrust2.models.persistent.LogEntry#470]
19:26:21.772 [main] DEBUG o.h.engine.internal.TwoPhaseLoad - Resolving associations for [edu.ncsu.csc.itrust2.models.persistent.LogEntry#471]
19:26:21.772 [main] DEBUG o.h.engine.internal.TwoPhaseLoad - Done materializing entity [edu.ncsu.csc.itrust2.models.persistent.LogEntry#471]
19:26:21.772 [main] DEBUG o.h.engine.internal.TwoPhaseLoad - Resolving associations for [edu.ncsu.csc.itrust2.models.persistent.LogEntry#472]
19:26:21.772 [main] DEBUG o.h.engine.internal.TwoPhaseLoad - Done materializing entity [edu.ncsu.csc.itrust2.models.persistent.LogEntry#472]
19:26:21.772 [main] DEBUG o.h.engine.internal.TwoPhaseLoad - Resolving associations for [edu.ncsu.csc.itrust2.models.persistent.LogEntry#473]
19:26:21.772 [main] DEBUG o.h.engine.internal.TwoPhaseLoad - Done materializing entity [edu.ncsu.csc.itrust2.models.persistent.LogEntry#473]
19:26:21.772 [main] DEBUG o.h.engine.internal.TwoPhaseLoad - Resolving associations for [edu.ncsu.csc.itrust2.models.persistent.LogEntry#474]
19:26:21.772 [main] DEBUG o.h.engine.internal.TwoPhaseLoad - Done materializing entity [edu.ncsu.csc.itrust2.models.persistent.LogEntry#474]
19:26:21.773 [main] DEBUG o.h.engine.internal.TwoPhaseLoad - Resolving associations for [edu.ncsu.csc.itrust2.models.persistent.LogEntry#475]
19:26:21.773 [main] DEBUG o.h.engine.internal.TwoPhaseLoad - Done materializing entity [edu.ncsu.csc.itrust2.models.persistent.LogEntry#475]
19:26:21.773 [main] DEBUG o.h.engine.internal.TwoPhaseLoad - Resolving associations for [edu.ncsu.csc.itrust2.models.persistent.LogEntry#476]
19:26:21.773 [main] DEBUG o.h.engine.internal.TwoPhaseLoad - Done materializing entity [edu.ncsu.csc.itrust2.models.persistent.LogEntry#476]
19:26:21.773 [main] DEBUG o.h.engine.internal.TwoPhaseLoad - Resolving associations for [edu.ncsu.csc.itrust2.models.persistent.LogEntry#477]
19:26:21.773 [main] DEBUG o.h.engine.internal.TwoPhaseLoad - Done materializing entity [edu.ncsu.csc.itrust2.models.persistent.LogEntry#477]
19:26:21.773 [main] DEBUG o.h.engine.internal.TwoPhaseLoad - Resolving associations for [edu.ncsu.csc.itrust2.models.persistent.LogEntry#478]
19:26:21.773 [main] DEBUG o.h.engine.internal.TwoPhaseLoad - Done materializing entity [edu.ncsu.csc.itrust2.models.persistent.LogEntry#478]
19:26:21.773 [main] DEBUG o.h.engine.internal.TwoPhaseLoad - Resolving associations for [edu.ncsu.csc.itrust2.models.persistent.LogEntry#479]
19:26:21.773 [main] DEBUG o.h.engine.internal.TwoPhaseLoad - Done materializing entity [edu.ncsu.csc.itrust2.models.persistent.LogEntry#479]
19:26:21.773 [main] DEBUG o.h.engine.internal.TwoPhaseLoad - Resolving associations for [edu.ncsu.csc.itrust2.models.persistent.LogEntry#480]
19:26:21.773 [main] DEBUG o.h.engine.internal.TwoPhaseLoad - Done materializing entity [edu.ncsu.csc.itrust2.models.persistent.LogEntry#480]
19:26:21.773 [main] DEBUG o.h.engine.internal.TwoPhaseLoad - Resolving associations for [edu.ncsu.csc.itrust2.models.persistent.LogEntry#481]
19:26:21.773 [main] DEBUG o.h.engine.internal.TwoPhaseLoad - Done materializing entity [edu.ncsu.csc.itrust2.models.persistent.LogEntry#481]
19:26:21.774 [main] DEBUG o.h.engine.internal.TwoPhaseLoad - Resolving associations for [edu.ncsu.csc.itrust2.models.persistent.LogEntry#482]
19:26:21.774 [main] DEBUG o.h.engine.internal.TwoPhaseLoad - Done materializing entity [edu.ncsu.csc.itrust2.models.persistent.LogEntry#482]
19:26:21.774 [main] DEBUG o.h.engine.internal.TwoPhaseLoad - Resolving associations for [edu.ncsu.csc.itrust2.models.persistent.LogEntry#483]
19:26:21.774 [main] DEBUG o.h.engine.internal.TwoPhaseLoad - Done materializing entity [edu.ncsu.csc.itrust2.models.persistent.LogEntry#483]
19:26:21.774 [main] DEBUG o.h.engine.internal.TwoPhaseLoad - Resolving associations for [edu.ncsu.csc.itrust2.models.persistent.LogEntry#484]
19:26:21.774 [main] DEBUG o.h.engine.internal.TwoPhaseLoad - Done materializing entity [edu.ncsu.csc.itrust2.models.persistent.LogEntry#484]
19:26:21.774 [main] DEBUG o.h.engine.internal.TwoPhaseLoad - Resolving associations for [edu.ncsu.csc.itrust2.models.persistent.LogEntry#485]
19:26:21.774 [main] DEBUG o.h.engine.internal.TwoPhaseLoad - Done materializing entity [edu.ncsu.csc.itrust2.models.persistent.LogEntry#485]
19:26:21.774 [main] DEBUG o.h.engine.internal.TwoPhaseLoad - Resolving associations for [edu.ncsu.csc.itrust2.models.persistent.LogEntry#486]
19:26:21.774 [main] DEBUG o.h.engine.internal.TwoPhaseLoad - Done materializing entity [edu.ncsu.csc.itrust2.models.persistent.LogEntry#486]
19:26:21.774 [main] DEBUG o.h.engine.internal.TwoPhaseLoad - Resolving associations for [edu.ncsu.csc.itrust2.models.persistent.LogEntry#487]
19:26:21.774 [main] DEBUG o.h.engine.internal.TwoPhaseLoad - Done materializing entity [edu.ncsu.csc.itrust2.models.persistent.LogEntry#487]
19:26:21.774 [main] DEBUG o.h.engine.internal.TwoPhaseLoad - Resolving associations for [edu.ncsu.csc.itrust2.models.persistent.LogEntry#488]
19:26:21.775 [main] DEBUG o.h.engine.internal.TwoPhaseLoad - Done materializing entity [edu.ncsu.csc.itrust2.models.persistent.LogEntry#488]
19:26:21.775 [main] DEBUG o.h.engine.internal.TwoPhaseLoad - Resolving associations for [edu.ncsu.csc.itrust2.models.persistent.LogEntry#489]
19:26:21.775 [main] DEBUG o.h.engine.internal.TwoPhaseLoad - Done materializing entity [edu.ncsu.csc.itrust2.models.persistent.LogEntry#489]
19:26:21.775 [main] DEBUG o.h.engine.internal.TwoPhaseLoad - Resolving associations for [edu.ncsu.csc.itrust2.models.persistent.LogEntry#490]
19:26:21.775 [main] DEBUG o.h.engine.internal.TwoPhaseLoad - Done materializing entity [edu.ncsu.csc.itrust2.models.persistent.LogEntry#490]
19:26:21.775 [main] DEBUG o.h.engine.internal.TwoPhaseLoad - Resolving associations for [edu.ncsu.csc.itrust2.models.persistent.LogEntry#491]
19:26:21.775 [main] DEBUG o.h.engine.internal.TwoPhaseLoad - Done materializing entity [edu.ncsu.csc.itrust2.models.persistent.LogEntry#491]
19:26:21.775 [main] DEBUG o.h.engine.internal.TwoPhaseLoad - Resolving associations for [edu.ncsu.csc.itrust2.models.persistent.LogEntry#492]
19:26:21.775 [main] DEBUG o.h.engine.internal.TwoPhaseLoad - Done materializing entity [edu.ncsu.csc.itrust2.models.persistent.LogEntry#492]
19:26:21.775 [main] DEBUG o.h.engine.internal.TwoPhaseLoad - Resolving associations for [edu.ncsu.csc.itrust2.models.persistent.LogEntry#493]
19:26:21.775 [main] DEBUG o.h.engine.internal.TwoPhaseLoad - Done materializing entity [edu.ncsu.csc.itrust2.models.persistent.LogEntry#493]
19:26:21.775 [main] DEBUG o.h.engine.internal.TwoPhaseLoad - Resolving associations for [edu.ncsu.csc.itrust2.models.persistent.LogEntry#494]
19:26:21.776 [main] DEBUG o.h.engine.internal.TwoPhaseLoad - Done materializing entity [edu.ncsu.csc.itrust2.models.persistent.LogEntry#494]
19:26:21.776 [main] DEBUG o.h.engine.internal.TwoPhaseLoad - Resolving associations for [edu.ncsu.csc.itrust2.models.persistent.LogEntry#495]
19:26:21.776 [main] DEBUG o.h.engine.internal.TwoPhaseLoad - Done materializing entity [edu.ncsu.csc.itrust2.models.persistent.LogEntry#495]
19:26:21.776 [main] DEBUG o.h.engine.internal.TwoPhaseLoad - Resolving associations for [edu.ncsu.csc.itrust2.models.persistent.LogEntry#496]
19:26:21.776 [main] DEBUG o.h.engine.internal.TwoPhaseLoad - Done materializing entity [edu.ncsu.csc.itrust2.models.persistent.LogEntry#496]
19:26:21.776 [main] DEBUG o.h.engine.internal.TwoPhaseLoad - Resolving associations for [edu.ncsu.csc.itrust2.models.persistent.LogEntry#497]
19:26:21.776 [main] DEBUG o.h.engine.internal.TwoPhaseLoad - Done materializing entity [edu.ncsu.csc.itrust2.models.persistent.LogEntry#497]
19:26:21.776 [main] DEBUG o.h.engine.internal.TwoPhaseLoad - Resolving associations for [edu.ncsu.csc.itrust2.models.persistent.LogEntry#498]
19:26:21.776 [main] DEBUG o.h.engine.internal.TwoPhaseLoad - Done materializing entity [edu.ncsu.csc.itrust2.models.persistent.LogEntry#498]
19:26:21.776 [main] DEBUG o.h.engine.internal.TwoPhaseLoad - Resolving associations for [edu.ncsu.csc.itrust2.models.persistent.LogEntry#499]
19:26:21.776 [main] DEBUG o.h.engine.internal.TwoPhaseLoad - Done materializing entity [edu.ncsu.csc.itrust2.models.persistent.LogEntry#499]
19:26:21.776 [main] DEBUG o.h.engine.internal.TwoPhaseLoad - Resolving associations for [edu.ncsu.csc.itrust2.models.persistent.LogEntry#500]
19:26:21.776 [main] DEBUG o.h.engine.internal.TwoPhaseLoad - Done materializing entity [edu.ncsu.csc.itrust2.models.persistent.LogEntry#500]
19:26:21.776 [main] DEBUG o.h.engine.internal.TwoPhaseLoad - Resolving associations for [edu.ncsu.csc.itrust2.models.persistent.LogEntry#501]
19:26:21.777 [main] DEBUG o.h.engine.internal.TwoPhaseLoad - Done materializing entity [edu.ncsu.csc.itrust2.models.persistent.LogEntry#501]
19:26:21.777 [main] DEBUG o.h.engine.internal.TwoPhaseLoad - Resolving associations for [edu.ncsu.csc.itrust2.models.persistent.LogEntry#502]
19:26:21.777 [main] DEBUG o.h.engine.internal.TwoPhaseLoad - Done materializing entity [edu.ncsu.csc.itrust2.models.persistent.LogEntry#502]
19:26:21.777 [main] DEBUG o.h.engine.internal.TwoPhaseLoad - Resolving associations for [edu.ncsu.csc.itrust2.models.persistent.LogEntry#503]
19:26:21.777 [main] DEBUG o.h.engine.internal.TwoPhaseLoad - Done materializing entity [edu.ncsu.csc.itrust2.models.persistent.LogEntry#503]
19:26:21.777 [main] DEBUG o.h.engine.internal.TwoPhaseLoad - Resolving associations for [edu.ncsu.csc.itrust2.models.persistent.LogEntry#504]
19:26:21.777 [main] DEBUG o.h.engine.internal.TwoPhaseLoad - Done materializing entity [edu.ncsu.csc.itrust2.models.persistent.LogEntry#504]
19:26:21.777 [main] DEBUG o.h.engine.internal.TwoPhaseLoad - Resolving associations for [edu.ncsu.csc.itrust2.models.persistent.LogEntry#505]
19:26:21.777 [main] DEBUG o.h.engine.internal.TwoPhaseLoad - Done materializing entity [edu.ncsu.csc.itrust2.models.persistent.LogEntry#505]
19:26:21.777 [main] DEBUG o.h.engine.internal.TwoPhaseLoad - Resolving associations for [edu.ncsu.csc.itrust2.models.persistent.LogEntry#506]
19:26:21.777 [main] DEBUG o.h.engine.internal.TwoPhaseLoad - Done materializing entity [edu.ncsu.csc.itrust2.models.persistent.LogEntry#506]
19:26:21.777 [main] DEBUG o.h.engine.internal.TwoPhaseLoad - Resolving associations for [edu.ncsu.csc.itrust2.models.persistent.LogEntry#507]
19:26:21.777 [main] DEBUG o.h.engine.internal.TwoPhaseLoad - Done materializing entity [edu.ncsu.csc.itrust2.models.persistent.LogEntry#507]
19:26:21.778 [main] DEBUG o.h.engine.internal.TwoPhaseLoad - Resolving associations for [edu.ncsu.csc.itrust2.models.persistent.LogEntry#508]
19:26:21.778 [main] DEBUG o.h.engine.internal.TwoPhaseLoad - Done materializing entity [edu.ncsu.csc.itrust2.models.persistent.LogEntry#508]
19:26:21.778 [main] DEBUG o.h.engine.internal.TwoPhaseLoad - Resolving associations for [edu.ncsu.csc.itrust2.models.persistent.LogEntry#509]
19:26:21.778 [main] DEBUG o.h.engine.internal.TwoPhaseLoad - Done materializing entity [edu.ncsu.csc.itrust2.models.persistent.LogEntry#509]
19:26:21.778 [main] DEBUG o.h.engine.internal.TwoPhaseLoad - Resolving associations for [edu.ncsu.csc.itrust2.models.persistent.LogEntry#510]
19:26:21.778 [main] DEBUG o.h.engine.internal.TwoPhaseLoad - Done materializing entity [edu.ncsu.csc.itrust2.models.persistent.LogEntry#510]
19:26:21.778 [main] DEBUG o.h.engine.internal.TwoPhaseLoad - Resolving associations for [edu.ncsu.csc.itrust2.models.persistent.LogEntry#511]
19:26:21.778 [main] DEBUG o.h.engine.internal.TwoPhaseLoad - Done materializing entity [edu.ncsu.csc.itrust2.models.persistent.LogEntry#511]
19:26:21.778 [main] DEBUG o.h.engine.internal.TwoPhaseLoad - Resolving associations for [edu.ncsu.csc.itrust2.models.persistent.LogEntry#512]
19:26:21.778 [main] DEBUG o.h.engine.internal.TwoPhaseLoad - Done materializing entity [edu.ncsu.csc.itrust2.models.persistent.LogEntry#512]
19:26:21.778 [main] DEBUG o.h.engine.internal.TwoPhaseLoad - Resolving associations for [edu.ncsu.csc.itrust2.models.persistent.LogEntry#513]
19:26:21.778 [main] DEBUG o.h.engine.internal.TwoPhaseLoad - Done materializing entity [edu.ncsu.csc.itrust2.models.persistent.LogEntry#513]
19:26:21.778 [main] DEBUG o.h.engine.internal.TwoPhaseLoad - Resolving associations for [edu.ncsu.csc.itrust2.models.persistent.LogEntry#514]
19:26:21.779 [main] DEBUG o.h.engine.internal.TwoPhaseLoad - Done materializing entity [edu.ncsu.csc.itrust2.models.persistent.LogEntry#514]
19:26:21.779 [main] DEBUG o.h.engine.internal.TwoPhaseLoad - Resolving associations for [edu.ncsu.csc.itrust2.models.persistent.LogEntry#515]
19:26:21.779 [main] DEBUG o.h.engine.internal.TwoPhaseLoad - Done materializing entity [edu.ncsu.csc.itrust2.models.persistent.LogEntry#515]
19:26:21.779 [main] DEBUG o.h.engine.internal.TwoPhaseLoad - Resolving associations for [edu.ncsu.csc.itrust2.models.persistent.LogEntry#516]
19:26:21.779 [main] DEBUG o.h.engine.internal.TwoPhaseLoad - Done materializing entity [edu.ncsu.csc.itrust2.models.persistent.LogEntry#516]
19:26:21.779 [main] DEBUG o.h.engine.internal.TwoPhaseLoad - Resolving associations for [edu.ncsu.csc.itrust2.models.persistent.LogEntry#517]
19:26:21.779 [main] DEBUG o.h.engine.internal.TwoPhaseLoad - Done materializing entity [edu.ncsu.csc.itrust2.models.persistent.LogEntry#517]
19:26:21.779 [main] DEBUG o.h.engine.internal.TwoPhaseLoad - Resolving associations for [edu.ncsu.csc.itrust2.models.persistent.LogEntry#518]
19:26:21.779 [main] DEBUG o.h.engine.internal.TwoPhaseLoad - Done materializing entity [edu.ncsu.csc.itrust2.models.persistent.LogEntry#518]
19:26:21.779 [main] DEBUG o.h.engine.internal.TwoPhaseLoad - Resolving associations for [edu.ncsu.csc.itrust2.models.persistent.LogEntry#519]
19:26:21.779 [main] DEBUG o.h.engine.internal.TwoPhaseLoad - Done materializing entity [edu.ncsu.csc.itrust2.models.persistent.LogEntry#519]
19:26:21.779 [main] DEBUG o.h.engine.internal.TwoPhaseLoad - Resolving associations for [edu.ncsu.csc.itrust2.models.persistent.LogEntry#520]
19:26:21.779 [main] DEBUG o.h.engine.internal.TwoPhaseLoad - Done materializing entity [edu.ncsu.csc.itrust2.models.persistent.LogEntry#520]
19:26:21.780 [main] DEBUG o.h.engine.internal.TwoPhaseLoad - Resolving associations for [edu.ncsu.csc.itrust2.models.persistent.LogEntry#521]
19:26:21.780 [main] DEBUG o.h.engine.internal.TwoPhaseLoad - Done materializing entity [edu.ncsu.csc.itrust2.models.persistent.LogEntry#521]
19:26:21.780 [main] DEBUG o.h.engine.internal.TwoPhaseLoad - Resolving associations for [edu.ncsu.csc.itrust2.models.persistent.LogEntry#522]
19:26:21.780 [main] DEBUG o.h.engine.internal.TwoPhaseLoad - Done materializing entity [edu.ncsu.csc.itrust2.models.persistent.LogEntry#522]
19:26:21.781 [main] DEBUG o.h.engine.internal.TwoPhaseLoad - Resolving associations for [edu.ncsu.csc.itrust2.models.persistent.LogEntry#523]
19:26:21.781 [main] DEBUG o.h.engine.internal.TwoPhaseLoad - Done materializing entity [edu.ncsu.csc.itrust2.models.persistent.LogEntry#523]
19:26:21.781 [main] DEBUG o.h.engine.internal.TwoPhaseLoad - Resolving associations for [edu.ncsu.csc.itrust2.models.persistent.LogEntry#524]
19:26:21.781 [main] DEBUG o.h.engine.internal.TwoPhaseLoad - Done materializing entity [edu.ncsu.csc.itrust2.models.persistent.LogEntry#524]
19:26:21.781 [main] DEBUG o.h.engine.internal.TwoPhaseLoad - Resolving associations for [edu.ncsu.csc.itrust2.models.persistent.LogEntry#525]
19:26:21.782 [main] DEBUG o.h.engine.internal.TwoPhaseLoad - Done materializing entity [edu.ncsu.csc.itrust2.models.persistent.LogEntry#525]
19:26:21.782 [main] DEBUG o.h.engine.internal.TwoPhaseLoad - Resolving associations for [edu.ncsu.csc.itrust2.models.persistent.LogEntry#526]
19:26:21.782 [main] DEBUG o.h.engine.internal.TwoPhaseLoad - Done materializing entity [edu.ncsu.csc.itrust2.models.persistent.LogEntry#526]
19:26:21.784 [main] DEBUG o.h.e.t.internal.TransactionImpl - committing
19:26:21.784 [main] DEBUG o.h.e.i.AbstractFlushingEventListener - Processing flush-time cascades
19:26:21.785 [main] DEBUG o.h.e.i.AbstractFlushingEventListener - Dirty checking collections
19:26:21.792 [main] DEBUG o.h.e.i.AbstractFlushingEventListener - Flushed: 0 insertions, 0 updates, 0 deletions to 500 objects
19:26:21.792 [main] DEBUG o.h.e.i.AbstractFlushingEventListener - Flushed: 0 (re)creations, 0 updates, 0 removals to 0 collections
19:26:21.792 [main] DEBUG o.h.internal.util.EntityPrinter - Listing entities:
19:26:21.792 [main] DEBUG o.h.internal.util.EntityPrinter - edu.ncsu.csc.itrust2.models.persistent.LogEntry{secondaryUser=null, logCode=5, primaryUser=logapitest, id=395, time=java.util.GregorianCalendar[time=1521660381000,areFieldsSet=true,areAllFieldsSet=true,lenient=true,zone=sun.util.calendar.ZoneInfo[id="Etc/UTC",offset=0,dstSavings=0,useDaylight=false,transitions=0,lastRule=null],firstDayOfWeek=1,minimalDaysInFirstWeek=1,ERA=1,YEAR=2018,MONTH=2,WEEK_OF_YEAR=12,WEEK_OF_MONTH=4,DAY_OF_MONTH=21,DAY_OF_YEAR=80,DAY_OF_WEEK=4,DAY_OF_WEEK_IN_MONTH=3,AM_PM=1,HOUR=7,HOUR_OF_DAY=19,MINUTE=26,SECOND=21,MILLISECOND=0,ZONE_OFFSET=0,DST_OFFSET=0], message=null}
19:26:21.792 [main] DEBUG o.h.internal.util.EntityPrinter - edu.ncsu.csc.itrust2.models.persistent.LogEntry{secondaryUser=null, logCode=5, primaryUser=logapitest, id=396, time=java.util.GregorianCalendar[time=1521660381000,areFieldsSet=true,areAllFieldsSet=true,lenient=true,zone=sun.util.calendar.ZoneInfo[id="Etc/UTC",offset=0,dstSavings=0,useDaylight=false,transitions=0,lastRule=null],firstDayOfWeek=1,minimalDaysInFirstWeek=1,ERA=1,YEAR=2018,MONTH=2,WEEK_OF_YEAR=12,WEEK_OF_MONTH=4,DAY_OF_MONTH=21,DAY_OF_YEAR=80,DAY_OF_WEEK=4,DAY_OF_WEEK_IN_MONTH=3,AM_PM=1,HOUR=7,HOUR_OF_DAY=19,MINUTE=26,SECOND=21,MILLISECOND=0,ZONE_OFFSET=0,DST_OFFSET=0], message=null}
19:26:21.792 [main] DEBUG o.h.internal.util.EntityPrinter - edu.ncsu.csc.itrust2.models.persistent.LogEntry{secondaryUser=null, logCode=5, primaryUser=logapitest, id=397, time=java.util.GregorianCalendar[time=1521660381000,areFieldsSet=true,areAllFieldsSet=true,lenient=true,zone=sun.util.calendar.ZoneInfo[id="Etc/UTC",offset=0,dstSavings=0,useDaylight=false,transitions=0,lastRule=null],firstDayOfWeek=1,minimalDaysInFirstWeek=1,ERA=1,YEAR=2018,MONTH=2,WEEK_OF_YEAR=12,WEEK_OF_MONTH=4,DAY_OF_MONTH=21,DAY_OF_YEAR=80,DAY_OF_WEEK=4,DAY_OF_WEEK_IN_MONTH=3,AM_PM=1,HOUR=7,HOUR_OF_DAY=19,MINUTE=26,SECOND=21,MILLISECOND=0,ZONE_OFFSET=0,DST_OFFSET=0], message=null}
19:26:21.793 [main] DEBUG o.h.internal.util.EntityPrinter - edu.ncsu.csc.itrust2.models.persistent.LogEntry{secondaryUser=null, logCode=5, primaryUser=logapitest, id=398, time=java.util.GregorianCalendar[time=1521660381000,areFieldsSet=true,areAllFieldsSet=true,lenient=true,zone=sun.util.calendar.ZoneInfo[id="Etc/UTC",offset=0,dstSavings=0,useDaylight=false,transitions=0,lastRule=null],firstDayOfWeek=1,minimalDaysInFirstWeek=1,ERA=1,YEAR=2018,MONTH=2,WEEK_OF_YEAR=12,WEEK_OF_MONTH=4,DAY_OF_MONTH=21,DAY_OF_YEAR=80,DAY_OF_WEEK=4,DAY_OF_WEEK_IN_MONTH=3,AM_PM=1,HOUR=7,HOUR_OF_DAY=19,MINUTE=26,SECOND=21,MILLISECOND=0,ZONE_OFFSET=0,DST_OFFSET=0], message=null}
19:26:21.793 [main] DEBUG o.h.internal.util.EntityPrinter - edu.ncsu.csc.itrust2.models.persistent.LogEntry{secondaryUser=null, logCode=5, primaryUser=logapitest, id=399, time=java.util.GregorianCalendar[time=1521660381000,areFieldsSet=true,areAllFieldsSet=true,lenient=true,zone=sun.util.calendar.ZoneInfo[id="Etc/UTC",offset=0,dstSavings=0,useDaylight=false,transitions=0,lastRule=null],firstDayOfWeek=1,minimalDaysInFirstWeek=1,ERA=1,YEAR=2018,MONTH=2,WEEK_OF_YEAR=12,WEEK_OF_MONTH=4,DAY_OF_MONTH=21,DAY_OF_YEAR=80,DAY_OF_WEEK=4,DAY_OF_WEEK_IN_MONTH=3,AM_PM=1,HOUR=7,HOUR_OF_DAY=19,MINUTE=26,SECOND=21,MILLISECOND=0,ZONE_OFFSET=0,DST_OFFSET=0], message=null}
19:26:21.793 [main] DEBUG o.h.internal.util.EntityPrinter - edu.ncsu.csc.itrust2.models.persistent.LogEntry{secondaryUser=null, logCode=5, primaryUser=logapitest, id=400, time=java.util.GregorianCalendar[time=1521660381000,areFieldsSet=true,areAllFieldsSet=true,lenient=true,zone=sun.util.calendar.ZoneInfo[id="Etc/UTC",offset=0,dstSavings=0,useDaylight=false,transitions=0,lastRule=null],firstDayOfWeek=1,minimalDaysInFirstWeek=1,ERA=1,YEAR=2018,MONTH=2,WEEK_OF_YEAR=12,WEEK_OF_MONTH=4,DAY_OF_MONTH=21,DAY_OF_YEAR=80,DAY_OF_WEEK=4,DAY_OF_WEEK_IN_MONTH=3,AM_PM=1,HOUR=7,HOUR_OF_DAY=19,MINUTE=26,SECOND=21,MILLISECOND=0,ZONE_OFFSET=0,DST_OFFSET=0], message=null}
19:26:21.793 [main] DEBUG o.h.internal.util.EntityPrinter - edu.ncsu.csc.itrust2.models.persistent.LogEntry{secondaryUser=null, logCode=5, primaryUser=logapitest, id=401, time=java.util.GregorianCalendar[time=1521660381000,areFieldsSet=true,areAllFieldsSet=true,lenient=true,zone=sun.util.calendar.ZoneInfo[id="Etc/UTC",offset=0,dstSavings=0,useDaylight=false,transitions=0,lastRule=null],firstDayOfWeek=1,minimalDaysInFirstWeek=1,ERA=1,YEAR=2018,MONTH=2,WEEK_OF_YEAR=12,WEEK_OF_MONTH=4,DAY_OF_MONTH=21,DAY_OF_YEAR=80,DAY_OF_WEEK=4,DAY_OF_WEEK_IN_MONTH=3,AM_PM=1,HOUR=7,HOUR_OF_DAY=19,MINUTE=26,SECOND=21,MILLISECOND=0,ZONE_OFFSET=0,DST_OFFSET=0], message=null}
19:26:21.793 [main] DEBUG o.h.internal.util.EntityPrinter - edu.ncsu.csc.itrust2.models.persistent.LogEntry{secondaryUser=null, logCode=5, primaryUser=logapitest, id=402, time=java.util.GregorianCalendar[time=1521660381000,areFieldsSet=true,areAllFieldsSet=true,lenient=true,zone=sun.util.calendar.ZoneInfo[id="Etc/UTC",offset=0,dstSavings=0,useDaylight=false,transitions=0,lastRule=null],firstDayOfWeek=1,minimalDaysInFirstWeek=1,ERA=1,YEAR=2018,MONTH=2,WEEK_OF_YEAR=12,WEEK_OF_MONTH=4,DAY_OF_MONTH=21,DAY_OF_YEAR=80,DAY_OF_WEEK=4,DAY_OF_WEEK_IN_MONTH=3,AM_PM=1,HOUR=7,HOUR_OF_DAY=19,MINUTE=26,SECOND=21,MILLISECOND=0,ZONE_OFFSET=0,DST_OFFSET=0], message=null}
19:26:21.793 [main] DEBUG o.h.internal.util.EntityPrinter - edu.ncsu.csc.itrust2.models.persistent.LogEntry{secondaryUser=null, logCode=5, primaryUser=logapitest, id=403, time=java.util.GregorianCalendar[time=1521660381000,areFieldsSet=true,areAllFieldsSet=true,lenient=true,zone=sun.util.calendar.ZoneInfo[id="Etc/UTC",offset=0,dstSavings=0,useDaylight=false,transitions=0,lastRule=null],firstDayOfWeek=1,minimalDaysInFirstWeek=1,ERA=1,YEAR=2018,MONTH=2,WEEK_OF_YEAR=12,WEEK_OF_MONTH=4,DAY_OF_MONTH=21,DAY_OF_YEAR=80,DAY_OF_WEEK=4,DAY_OF_WEEK_IN_MONTH=3,AM_PM=1,HOUR=7,HOUR_OF_DAY=19,MINUTE=26,SECOND=21,MILLISECOND=0,ZONE_OFFSET=0,DST_OFFSET=0], message=null}
19:26:21.793 [main] DEBUG o.h.internal.util.EntityPrinter - edu.ncsu.csc.itrust2.models.persistent.LogEntry{secondaryUser=null, logCode=5, primaryUser=logapitest, id=404, time=java.util.GregorianCalendar[time=1521660381000,areFieldsSet=true,areAllFieldsSet=true,lenient=true,zone=sun.util.calendar.ZoneInfo[id="Etc/UTC",offset=0,dstSavings=0,useDaylight=false,transitions=0,lastRule=null],firstDayOfWeek=1,minimalDaysInFirstWeek=1,ERA=1,YEAR=2018,MONTH=2,WEEK_OF_YEAR=12,WEEK_OF_MONTH=4,DAY_OF_MONTH=21,DAY_OF_YEAR=80,DAY_OF_WEEK=4,DAY_OF_WEEK_IN_MONTH=3,AM_PM=1,HOUR=7,HOUR_OF_DAY=19,MINUTE=26,SECOND=21,MILLISECOND=0,ZONE_OFFSET=0,DST_OFFSET=0], message=null}
19:26:21.793 [main] DEBUG o.h.internal.util.EntityPrinter - edu.ncsu.csc.itrust2.models.persistent.LogEntry{secondaryUser=null, logCode=5, primaryUser=logapitest, id=405, time=java.util.GregorianCalendar[time=1521660381000,areFieldsSet=true,areAllFieldsSet=true,lenient=true,zone=sun.util.calendar.ZoneInfo[id="Etc/UTC",offset=0,dstSavings=0,useDaylight=false,transitions=0,lastRule=null],firstDayOfWeek=1,minimalDaysInFirstWeek=1,ERA=1,YEAR=2018,MONTH=2,WEEK_OF_YEAR=12,WEEK_OF_MONTH=4,DAY_OF_MONTH=21,DAY_OF_YEAR=80,DAY_OF_WEEK=4,DAY_OF_WEEK_IN_MONTH=3,AM_PM=1,HOUR=7,HOUR_OF_DAY=19,MINUTE=26,SECOND=21,MILLISECOND=0,ZONE_OFFSET=0,DST_OFFSET=0], message=null}
19:26:21.793 [main] DEBUG o.h.internal.util.EntityPrinter - edu.ncsu.csc.itrust2.models.persistent.LogEntry{secondaryUser=null, logCode=5, primaryUser=logapitest, id=406, time=java.util.GregorianCalendar[time=1521660381000,areFieldsSet=true,areAllFieldsSet=true,lenient=true,zone=sun.util.calendar.ZoneInfo[id="Etc/UTC",offset=0,dstSavings=0,useDaylight=false,transitions=0,lastRule=null],firstDayOfWeek=1,minimalDaysInFirstWeek=1,ERA=1,YEAR=2018,MONTH=2,WEEK_OF_YEAR=12,WEEK_OF_MONTH=4,DAY_OF_MONTH=21,DAY_OF_YEAR=80,DAY_OF_WEEK=4,DAY_OF_WEEK_IN_MONTH=3,AM_PM=1,HOUR=7,HOUR_OF_DAY=19,MINUTE=26,SECOND=21,MILLISECOND=0,ZONE_OFFSET=0,DST_OFFSET=0], message=null}
19:26:21.793 [main] DEBUG o.h.internal.util.EntityPrinter - edu.ncsu.csc.itrust2.models.persistent.LogEntry{secondaryUser=null, logCode=5, primaryUser=logapitest, id=407, time=java.util.GregorianCalendar[time=1521660381000,areFieldsSet=true,areAllFieldsSet=true,lenient=true,zone=sun.util.calendar.ZoneInfo[id="Etc/UTC",offset=0,dstSavings=0,useDaylight=false,transitions=0,lastRule=null],firstDayOfWeek=1,minimalDaysInFirstWeek=1,ERA=1,YEAR=2018,MONTH=2,WEEK_OF_YEAR=12,WEEK_OF_MONTH=4,DAY_OF_MONTH=21,DAY_OF_YEAR=80,DAY_OF_WEEK=4,DAY_OF_WEEK_IN_MONTH=3,AM_PM=1,HOUR=7,HOUR_OF_DAY=19,MINUTE=26,SECOND=21,MILLISECOND=0,ZONE_OFFSET=0,DST_OFFSET=0], message=null}
19:26:21.793 [main] DEBUG o.h.internal.util.EntityPrinter - edu.ncsu.csc.itrust2.models.persistent.LogEntry{secondaryUser=null, logCode=5, primaryUser=logapitest, id=408, time=java.util.GregorianCalendar[time=1521660381000,areFieldsSet=true,areAllFieldsSet=true,lenient=true,zone=sun.util.calendar.ZoneInfo[id="Etc/UTC",offset=0,dstSavings=0,useDaylight=false,transitions=0,lastRule=null],firstDayOfWeek=1,minimalDaysInFirstWeek=1,ERA=1,YEAR=2018,MONTH=2,WEEK_OF_YEAR=12,WEEK_OF_MONTH=4,DAY_OF_MONTH=21,DAY_OF_YEAR=80,DAY_OF_WEEK=4,DAY_OF_WEEK_IN_MONTH=3,AM_PM=1,HOUR=7,HOUR_OF_DAY=19,MINUTE=26,SECOND=21,MILLISECOND=0,ZONE_OFFSET=0,DST_OFFSET=0], message=null}
19:26:21.794 [main] DEBUG o.h.internal.util.EntityPrinter - edu.ncsu.csc.itrust2.models.persistent.LogEntry{secondaryUser=null, logCode=5, primaryUser=logapitest, id=409, time=java.util.GregorianCalendar[time=1521660381000,areFieldsSet=true,areAllFieldsSet=true,lenient=true,zone=sun.util.calendar.ZoneInfo[id="Etc/UTC",offset=0,dstSavings=0,useDaylight=false,transitions=0,lastRule=null],firstDayOfWeek=1,minimalDaysInFirstWeek=1,ERA=1,YEAR=2018,MONTH=2,WEEK_OF_YEAR=12,WEEK_OF_MONTH=4,DAY_OF_MONTH=21,DAY_OF_YEAR=80,DAY_OF_WEEK=4,DAY_OF_WEEK_IN_MONTH=3,AM_PM=1,HOUR=7,HOUR_OF_DAY=19,MINUTE=26,SECOND=21,MILLISECOND=0,ZONE_OFFSET=0,DST_OFFSET=0], message=null}
19:26:21.794 [main] DEBUG o.h.internal.util.EntityPrinter - edu.ncsu.csc.itrust2.models.persistent.LogEntry{secondaryUser=null, logCode=5, primaryUser=logapitest, id=410, time=java.util.GregorianCalendar[time=1521660381000,areFieldsSet=true,areAllFieldsSet=true,lenient=true,zone=sun.util.calendar.ZoneInfo[id="Etc/UTC",offset=0,dstSavings=0,useDaylight=false,transitions=0,lastRule=null],firstDayOfWeek=1,minimalDaysInFirstWeek=1,ERA=1,YEAR=2018,MONTH=2,WEEK_OF_YEAR=12,WEEK_OF_MONTH=4,DAY_OF_MONTH=21,DAY_OF_YEAR=80,DAY_OF_WEEK=4,DAY_OF_WEEK_IN_MONTH=3,AM_PM=1,HOUR=7,HOUR_OF_DAY=19,MINUTE=26,SECOND=21,MILLISECOND=0,ZONE_OFFSET=0,DST_OFFSET=0], message=null}
19:26:21.794 [main] DEBUG o.h.internal.util.EntityPrinter - edu.ncsu.csc.itrust2.models.persistent.LogEntry{secondaryUser=null, logCode=5, primaryUser=logapitest, id=411, time=java.util.GregorianCalendar[time=1521660381000,areFieldsSet=true,areAllFieldsSet=true,lenient=true,zone=sun.util.calendar.ZoneInfo[id="Etc/UTC",offset=0,dstSavings=0,useDaylight=false,transitions=0,lastRule=null],firstDayOfWeek=1,minimalDaysInFirstWeek=1,ERA=1,YEAR=2018,MONTH=2,WEEK_OF_YEAR=12,WEEK_OF_MONTH=4,DAY_OF_MONTH=21,DAY_OF_YEAR=80,DAY_OF_WEEK=4,DAY_OF_WEEK_IN_MONTH=3,AM_PM=1,HOUR=7,HOUR_OF_DAY=19,MINUTE=26,SECOND=21,MILLISECOND=0,ZONE_OFFSET=0,DST_OFFSET=0], message=null}
19:26:21.794 [main] DEBUG o.h.internal.util.EntityPrinter - edu.ncsu.csc.itrust2.models.persistent.LogEntry{secondaryUser=null, logCode=5, primaryUser=logapitest, id=412, time=java.util.GregorianCalendar[time=1521660381000,areFieldsSet=true,areAllFieldsSet=true,lenient=true,zone=sun.util.calendar.ZoneInfo[id="Etc/UTC",offset=0,dstSavings=0,useDaylight=false,transitions=0,lastRule=null],firstDayOfWeek=1,minimalDaysInFirstWeek=1,ERA=1,YEAR=2018,MONTH=2,WEEK_OF_YEAR=12,WEEK_OF_MONTH=4,DAY_OF_MONTH=21,DAY_OF_YEAR=80,DAY_OF_WEEK=4,DAY_OF_WEEK_IN_MONTH=3,AM_PM=1,HOUR=7,HOUR_OF_DAY=19,MINUTE=26,SECOND=21,MILLISECOND=0,ZONE_OFFSET=0,DST_OFFSET=0], message=null}
19:26:21.794 [main] DEBUG o.h.internal.util.EntityPrinter - edu.ncsu.csc.itrust2.models.persistent.LogEntry{secondaryUser=null, logCode=5, primaryUser=logapitest, id=413, time=java.util.GregorianCalendar[time=1521660381000,areFieldsSet=true,areAllFieldsSet=true,lenient=true,zone=sun.util.calendar.ZoneInfo[id="Etc/UTC",offset=0,dstSavings=0,useDaylight=false,transitions=0,lastRule=null],firstDayOfWeek=1,minimalDaysInFirstWeek=1,ERA=1,YEAR=2018,MONTH=2,WEEK_OF_YEAR=12,WEEK_OF_MONTH=4,DAY_OF_MONTH=21,DAY_OF_YEAR=80,DAY_OF_WEEK=4,DAY_OF_WEEK_IN_MONTH=3,AM_PM=1,HOUR=7,HOUR_OF_DAY=19,MINUTE=26,SECOND=21,MILLISECOND=0,ZONE_OFFSET=0,DST_OFFSET=0], message=null}
19:26:21.794 [main] DEBUG o.h.internal.util.EntityPrinter - edu.ncsu.csc.itrust2.models.persistent.LogEntry{secondaryUser=null, logCode=5, primaryUser=logapitest, id=414, time=java.util.GregorianCalendar[time=1521660381000,areFieldsSet=true,areAllFieldsSet=true,lenient=true,zone=sun.util.calendar.ZoneInfo[id="Etc/UTC",offset=0,dstSavings=0,useDaylight=false,transitions=0,lastRule=null],firstDayOfWeek=1,minimalDaysInFirstWeek=1,ERA=1,YEAR=2018,MONTH=2,WEEK_OF_YEAR=12,WEEK_OF_MONTH=4,DAY_OF_MONTH=21,DAY_OF_YEAR=80,DAY_OF_WEEK=4,DAY_OF_WEEK_IN_MONTH=3,AM_PM=1,HOUR=7,HOUR_OF_DAY=19,MINUTE=26,SECOND=21,MILLISECOND=0,ZONE_OFFSET=0,DST_OFFSET=0], message=null}
19:26:21.794 [main] DEBUG o.h.internal.util.EntityPrinter - edu.ncsu.csc.itrust2.models.persistent.LogEntry{secondaryUser=null, logCode=5, primaryUser=logapitest, id=415, time=java.util.GregorianCalendar[time=1521660381000,areFieldsSet=true,areAllFieldsSet=true,lenient=true,zone=sun.util.calendar.ZoneInfo[id="Etc/UTC",offset=0,dstSavings=0,useDaylight=false,transitions=0,lastRule=null],firstDayOfWeek=1,minimalDaysInFirstWeek=1,ERA=1,YEAR=2018,MONTH=2,WEEK_OF_YEAR=12,WEEK_OF_MONTH=4,DAY_OF_MONTH=21,DAY_OF_YEAR=80,DAY_OF_WEEK=4,DAY_OF_WEEK_IN_MONTH=3,AM_PM=1,HOUR=7,HOUR_OF_DAY=19,MINUTE=26,SECOND=21,MILLISECOND=0,ZONE_OFFSET=0,DST_OFFSET=0], message=null}
19:26:21.794 [main] DEBUG o.h.internal.util.EntityPrinter - More......
19:26:21.795 [main] DEBUG o.h.e.t.internal.TransactionImpl - begin
19:26:21.796 [main] DEBUG org.hibernate.SQL - select this_.username as username1_15_0_, this_.enabled as enabled2_15_0_, this_.password as password3_15_0_, this_.role as role4_15_0_ from Users this_ where this_.username=?
Hibernate: select this_.username as username1_15_0_, this_.enabled as enabled2_15_0_, this_.password as password3_15_0_, this_.role as role4_15_0_ from Users this_ where this_.username=?
19:26:21.797 [main] DEBUG org.hibernate.loader.Loader - Result set row: 0
19:26:21.798 [main] DEBUG org.hibernate.loader.Loader - Result row: EntityKey[edu.ncsu.csc.itrust2.models.persistent.User#logapitest]
19:26:21.799 [main] DEBUG o.h.engine.internal.TwoPhaseLoad - Resolving associations for [edu.ncsu.csc.itrust2.models.persistent.User#logapitest]
19:26:21.799 [main] DEBUG o.h.engine.internal.TwoPhaseLoad - Done materializing entity [edu.ncsu.csc.itrust2.models.persistent.User#logapitest]
19:26:21.800 [main] DEBUG o.h.e.t.internal.TransactionImpl - committing
19:26:21.800 [main] DEBUG o.h.e.i.AbstractFlushingEventListener - Processing flush-time cascades
19:26:21.800 [main] DEBUG o.h.e.i.AbstractFlushingEventListener - Dirty checking collections
19:26:21.800 [main] DEBUG o.h.e.i.AbstractFlushingEventListener - Flushed: 0 insertions, 0 updates, 0 deletions to 1 objects
19:26:21.800 [main] DEBUG o.h.e.i.AbstractFlushingEventListener - Flushed: 0 (re)creations, 0 updates, 0 removals to 0 collections
19:26:21.800 [main] DEBUG o.h.internal.util.EntityPrinter - Listing entities:
19:26:21.800 [main] DEBUG o.h.internal.util.EntityPrinter - edu.ncsu.csc.itrust2.models.persistent.User{password=$2a$10$EblZqNptyYvcLm/VwDCVAuBjzZOI7khzdyGPBr08PpIi0na624b8., role=ROLE_PATIENT, enabled=1, username=logapitest}
19:26:21.802 [main] DEBUG o.h.e.t.internal.TransactionImpl - begin
19:26:21.803 [main] DEBUG org.hibernate.SQL - select this_.username as username1_15_0_, this_.enabled as enabled2_15_0_, this_.password as password3_15_0_, this_.role as role4_15_0_ from Users this_ where this_.username=?
Hibernate: select this_.username as username1_15_0_, this_.enabled as enabled2_15_0_, this_.password as password3_15_0_, this_.role as role4_15_0_ from Users this_ where this_.username=?
19:26:21.804 [main] DEBUG o.h.e.t.internal.TransactionImpl - committing
19:26:21.805 [main] DEBUG o.s.w.s.m.m.a.ExceptionHandlerExceptionResolver - Resolving exception from handler [public org.springframework.http.ResponseEntity edu.ncsu.csc.itrust2.controllers.api.APILogEntryController.getEntryByDateRange(edu.ncsu.csc.itrust2.controllers.api.comm.LogEntryRequestBody)]: java.lang.NullPointerException
19:26:21.807 [main] DEBUG o.s.w.s.m.a.ResponseStatusExceptionResolver - Resolving exception from handler [public org.springframework.http.ResponseEntity edu.ncsu.csc.itrust2.controllers.api.APILogEntryController.getEntryByDateRange(edu.ncsu.csc.itrust2.controllers.api.comm.LogEntryRequestBody)]: java.lang.NullPointerException
19:26:21.807 [main] DEBUG o.s.w.s.m.s.DefaultHandlerExceptionResolver - Resolving exception from handler [public org.springframework.http.ResponseEntity edu.ncsu.csc.itrust2.controllers.api.APILogEntryController.getEntryByDateRange(edu.ncsu.csc.itrust2.controllers.api.comm.LogEntryRequestBody)]: java.lang.NullPointerException
19:26:21.816 [main] DEBUG o.s.t.w.s.TestDispatcherServlet - Could not complete request
java.lang.NullPointerException: null
	at edu.ncsu.csc.itrust2.controllers.api.APILogEntryController.getEntryByDateRange(APILogEntryController.java:129) ~[classes/:na]
	at sun.reflect.NativeMethodAccessorImpl.invoke0(Native Method) ~[na:1.8.0_161]
	at sun.reflect.NativeMethodAccessorImpl.invoke(NativeMethodAccessorImpl.java:62) ~[na:1.8.0_161]
	at sun.reflect.DelegatingMethodAccessorImpl.invoke(DelegatingMethodAccessorImpl.java:43) ~[na:1.8.0_161]
	at java.lang.reflect.Method.invoke(Method.java:498) ~[na:1.8.0_161]
	at org.springframework.web.method.support.InvocableHandlerMethod.doInvoke(InvocableHandlerMethod.java:220) ~[spring-web-4.3.5.RELEASE.jar:4.3.5.RELEASE]
	at org.springframework.web.method.support.InvocableHandlerMethod.invokeForRequest(InvocableHandlerMethod.java:134) ~[spring-web-4.3.5.RELEASE.jar:4.3.5.RELEASE]
	at org.springframework.web.servlet.mvc.method.annotation.ServletInvocableHandlerMethod.invokeAndHandle(ServletInvocableHandlerMethod.java:116) ~[spring-webmvc-4.3.5.RELEASE.jar:4.3.5.RELEASE]
	at org.springframework.web.servlet.mvc.method.annotation.RequestMappingHandlerAdapter.invokeHandlerMethod(RequestMappingHandlerAdapter.java:827) ~[spring-webmvc-4.3.5.RELEASE.jar:4.3.5.RELEASE]
	at org.springframework.web.servlet.mvc.method.annotation.RequestMappingHandlerAdapter.handleInternal(RequestMappingHandlerAdapter.java:738) ~[spring-webmvc-4.3.5.RELEASE.jar:4.3.5.RELEASE]
	at org.springframework.web.servlet.mvc.method.AbstractHandlerMethodAdapter.handle(AbstractHandlerMethodAdapter.java:85) ~[spring-webmvc-4.3.5.RELEASE.jar:4.3.5.RELEASE]
	at org.springframework.web.servlet.DispatcherServlet.doDispatch(DispatcherServlet.java:963) ~[spring-webmvc-4.3.5.RELEASE.jar:4.3.5.RELEASE]
	at org.springframework.web.servlet.DispatcherServlet.doService(DispatcherServlet.java:897) ~[spring-webmvc-4.3.5.RELEASE.jar:4.3.5.RELEASE]
	at org.springframework.web.servlet.FrameworkServlet.processRequest(FrameworkServlet.java:970) [spring-webmvc-4.3.5.RELEASE.jar:4.3.5.RELEASE]
	at org.springframework.web.servlet.FrameworkServlet.doPost(FrameworkServlet.java:872) [spring-webmvc-4.3.5.RELEASE.jar:4.3.5.RELEASE]
	at javax.servlet.http.HttpServlet.service(HttpServlet.java:688) [javax.servlet-api-3.0.1.jar:3.0.1]
	at org.springframework.web.servlet.FrameworkServlet.service(FrameworkServlet.java:846) [spring-webmvc-4.3.5.RELEASE.jar:4.3.5.RELEASE]
	at org.springframework.test.web.servlet.TestDispatcherServlet.service(TestDispatcherServlet.java:65) [spring-test-4.3.5.RELEASE.jar:4.3.5.RELEASE]
	at javax.servlet.http.HttpServlet.service(HttpServlet.java:770) [javax.servlet-api-3.0.1.jar:3.0.1]
	at org.springframework.mock.web.MockFilterChain$ServletFilterProxy.doFilter(MockFilterChain.java:167) [spring-test-4.3.5.RELEASE.jar:4.3.5.RELEASE]
	at org.springframework.mock.web.MockFilterChain.doFilter(MockFilterChain.java:134) [spring-test-4.3.5.RELEASE.jar:4.3.5.RELEASE]
	at org.springframework.test.web.servlet.MockMvc.perform(MockMvc.java:155) [spring-test-4.3.5.RELEASE.jar:4.3.5.RELEASE]
	at edu.ncsu.csc.itrust2.apitest.APILogEntryTest.testLogByDateLarge(APILogEntryTest.java:103) [test-classes/:na]
	at sun.reflect.NativeMethodAccessorImpl.invoke0(Native Method) ~[na:1.8.0_161]
	at sun.reflect.NativeMethodAccessorImpl.invoke(NativeMethodAccessorImpl.java:62) ~[na:1.8.0_161]
	at sun.reflect.DelegatingMethodAccessorImpl.invoke(DelegatingMethodAccessorImpl.java:43) ~[na:1.8.0_161]
	at java.lang.reflect.Method.invoke(Method.java:498) ~[na:1.8.0_161]
	at org.junit.runners.model.FrameworkMethod$1.runReflectiveCall(FrameworkMethod.java:50) [junit-4.12.jar:4.12]
	at org.junit.internal.runners.model.ReflectiveCallable.run(ReflectiveCallable.java:12) [junit-4.12.jar:4.12]
	at org.junit.runners.model.FrameworkMethod.invokeExplosively(FrameworkMethod.java:47) [junit-4.12.jar:4.12]
	at org.junit.internal.runners.statements.InvokeMethod.evaluate(InvokeMethod.java:17) [junit-4.12.jar:4.12]
	at org.junit.internal.runners.statements.RunBefores.evaluate(RunBefores.java:26) [junit-4.12.jar:4.12]
	at org.springframework.test.context.junit4.statements.RunBeforeTestMethodCallbacks.evaluate(RunBeforeTestMethodCallbacks.java:75) [spring-test-4.3.5.RELEASE.jar:4.3.5.RELEASE]
	at org.springframework.test.context.junit4.statements.RunAfterTestMethodCallbacks.evaluate(RunAfterTestMethodCallbacks.java:86) [spring-test-4.3.5.RELEASE.jar:4.3.5.RELEASE]
	at org.springframework.test.context.junit4.statements.SpringRepeat.evaluate(SpringRepeat.java:84) [spring-test-4.3.5.RELEASE.jar:4.3.5.RELEASE]
	at org.junit.runners.ParentRunner.runLeaf(ParentRunner.java:325) [junit-4.12.jar:4.12]
	at org.springframework.test.context.junit4.SpringJUnit4ClassRunner.runChild(SpringJUnit4ClassRunner.java:252) [spring-test-4.3.5.RELEASE.jar:4.3.5.RELEASE]
	at org.springframework.test.context.junit4.SpringJUnit4ClassRunner.runChild(SpringJUnit4ClassRunner.java:94) [spring-test-4.3.5.RELEASE.jar:4.3.5.RELEASE]
	at org.junit.runners.ParentRunner$3.run(ParentRunner.java:290) [junit-4.12.jar:4.12]
	at org.junit.runners.ParentRunner$1.schedule(ParentRunner.java:71) [junit-4.12.jar:4.12]
	at org.junit.runners.ParentRunner.runChildren(ParentRunner.java:288) [junit-4.12.jar:4.12]
	at org.junit.runners.ParentRunner.access$000(ParentRunner.java:58) [junit-4.12.jar:4.12]
	at org.junit.runners.ParentRunner$2.evaluate(ParentRunner.java:268) [junit-4.12.jar:4.12]
	at org.springframework.test.context.junit4.statements.RunBeforeTestClassCallbacks.evaluate(RunBeforeTestClassCallbacks.java:61) [spring-test-4.3.5.RELEASE.jar:4.3.5.RELEASE]
	at org.springframework.test.context.junit4.statements.RunAfterTestClassCallbacks.evaluate(RunAfterTestClassCallbacks.java:70) [spring-test-4.3.5.RELEASE.jar:4.3.5.RELEASE]
	at org.junit.runners.ParentRunner.run(ParentRunner.java:363) [junit-4.12.jar:4.12]
	at org.springframework.test.context.junit4.SpringJUnit4ClassRunner.run(SpringJUnit4ClassRunner.java:191) [spring-test-4.3.5.RELEASE.jar:4.3.5.RELEASE]
	at org.apache.maven.surefire.junit4.JUnit4Provider.execute(JUnit4Provider.java:365) [surefire-junit4-2.20.jar:2.20]
	at org.apache.maven.surefire.junit4.JUnit4Provider.executeWithRerun(JUnit4Provider.java:272) [surefire-junit4-2.20.jar:2.20]
	at org.apache.maven.surefire.junit4.JUnit4Provider.executeTestSet(JUnit4Provider.java:236) [surefire-junit4-2.20.jar:2.20]
	at org.apache.maven.surefire.junit4.JUnit4Provider.invoke(JUnit4Provider.java:159) [surefire-junit4-2.20.jar:2.20]
	at org.apache.maven.surefire.booter.ForkedBooter.invokeProviderInSameClassLoader(ForkedBooter.java:386) [surefire-booter-2.20.jar:2.20]
	at org.apache.maven.surefire.booter.ForkedBooter.runSuitesInProcess(ForkedBooter.java:323) [surefire-booter-2.20.jar:2.20]
	at org.apache.maven.surefire.booter.ForkedBooter.main(ForkedBooter.java:143) [surefire-booter-2.20.jar:2.20]
19:26:21.818 [main] DEBUG o.s.t.c.s.AbstractDirtiesContextTestExecutionListener - After test method: context [DefaultTestContext@a284e1b testClass = APILogEntryTest, testInstance = edu.ncsu.csc.itrust2.apitest.APILogEntryTest@d160c5b, testMethod = testLogByDateLarge@APILogEntryTest, testException = org.springframework.web.util.NestedServletException: Request processing failed; nested exception is java.lang.NullPointerException, mergedContextConfiguration = [WebMergedContextConfiguration@37b3c48a testClass = APILogEntryTest, locations = '{}', classes = '{class edu.ncsu.csc.itrust2.config.RootConfiguration, class edu.ncsu.csc.itrust2.mvc.config.WebMvcConfiguration}', contextInitializerClasses = '[]', activeProfiles = '{}', propertySourceLocations = '{}', propertySourceProperties = '{}', contextCustomizers = set[[empty]], resourceBasePath = 'src/main/webapp', contextLoader = 'org.springframework.test.context.web.WebDelegatingSmartContextLoader', parent = [null]]], class annotated with @DirtiesContext [false] with mode [null], method annotated with @DirtiesContext [false] with mode [null].
19:26:21.818 [main] DEBUG o.s.t.c.w.ServletTestExecutionListener - Resetting RequestContextHolder for test context [DefaultTestContext@a284e1b testClass = APILogEntryTest, testInstance = edu.ncsu.csc.itrust2.apitest.APILogEntryTest@d160c5b, testMethod = testLogByDateLarge@APILogEntryTest, testException = org.springframework.web.util.NestedServletException: Request processing failed; nested exception is java.lang.NullPointerException, mergedContextConfiguration = [WebMergedContextConfiguration@37b3c48a testClass = APILogEntryTest, locations = '{}', classes = '{class edu.ncsu.csc.itrust2.config.RootConfiguration, class edu.ncsu.csc.itrust2.mvc.config.WebMvcConfiguration}', contextInitializerClasses = '[]', activeProfiles = '{}', propertySourceLocations = '{}', propertySourceProperties = '{}', contextCustomizers = set[[empty]], resourceBasePath = 'src/main/webapp', contextLoader = 'org.springframework.test.context.web.WebDelegatingSmartContextLoader', parent = [null]]].
]]></system-out>
  </testcase>
  <testcase name="testLogByDate" classname="edu.ncsu.csc.itrust2.apitest.APILogEntryTest" time="0.033"/>
</testsuite>