<?xml version="1.0" encoding="UTF-8"?>
<testsuite xmlns:xsi="http://www.w3.org/2001/XMLSchema-instance" xsi:noNamespaceSchemaLocation="https://maven.apache.org/surefire/maven-surefire-plugin/xsd/surefire-test-report.xsd" name="edu.ncsu.csc.itrust2.apitest.APIOfficeVisitTest" time="1.834" tests="4" errors="0" skipped="0" failures="4">
  <properties>
    <property name="java.runtime.name" value="Java(TM) SE Runtime Environment"/>
    <property name="sun.boot.library.path" value="/usr/lib/jvm/java-8-oracle/jre/lib/amd64"/>
    <property name="java.vm.version" value="25.161-b12"/>
    <property name="java.vm.vendor" value="Oracle Corporation"/>
    <property name="maven.multiModuleProjectDirectory" value="/var/lib/jenkins/workspace/iTrust-Fuzz-Job/iTrust2-v2/iTrust/iTrust2"/>
    <property name="java.vendor.url" value="http://java.oracle.com/"/>
    <property name="path.separator" value=":"/>
    <property name="guice.disable.misplaced.annotation.check" value="true"/>
    <property name="java.vm.name" value="Java HotSpot(TM) 64-Bit Server VM"/>
    <property name="file.encoding.pkg" value="sun.io"/>
    <property name="user.country" value="US"/>
    <property name="sun.java.launcher" value="SUN_STANDARD"/>
    <property name="sun.os.patch.level" value="unknown"/>
    <property name="java.vm.specification.name" value="Java Virtual Machine Specification"/>
    <property name="user.dir" value="/var/lib/jenkins/workspace/iTrust-Fuzz-Job/iTrust2-v2/iTrust/iTrust2"/>
    <property name="java.runtime.version" value="1.8.0_161-b12"/>
    <property name="java.awt.graphicsenv" value="sun.awt.X11GraphicsEnvironment"/>
    <property name="java.endorsed.dirs" value="/usr/lib/jvm/java-8-oracle/jre/lib/endorsed"/>
    <property name="os.arch" value="amd64"/>
    <property name="java.io.tmpdir" value="/tmp"/>
    <property name="line.separator" value="&#10;"/>
    <property name="java.vm.specification.vendor" value="Oracle Corporation"/>
    <property name="os.name" value="Linux"/>
    <property name="classworlds.conf" value="/usr/share/maven/bin/m2.conf"/>
    <property name="sun.jnu.encoding" value="UTF-8"/>
    <property name="java.library.path" value="/usr/java/packages/lib/amd64:/usr/lib64:/lib64:/lib:/usr/lib"/>
    <property name="java.specification.name" value="Java Platform API Specification"/>
    <property name="java.class.version" value="52.0"/>
    <property name="sun.management.compiler" value="HotSpot 64-Bit Tiered Compilers"/>
    <property name="os.version" value="4.4.0-116-generic"/>
    <property name="user.home" value="/root"/>
    <property name="user.timezone" value="Etc/UTC"/>
    <property name="java.awt.printerjob" value="sun.print.PSPrinterJob"/>
    <property name="file.encoding" value="UTF-8"/>
    <property name="java.specification.version" value="1.8"/>
    <property name="user.name" value="root"/>
    <property name="java.class.path" value="/usr/share/maven/boot/plexus-classworlds-2.x.jar"/>
    <property name="java.vm.specification.version" value="1.8"/>
    <property name="sun.arch.data.model" value="64"/>
    <property name="java.home" value="/usr/lib/jvm/java-8-oracle/jre"/>
    <property name="sun.java.command" value="org.codehaus.plexus.classworlds.launcher.Launcher clean test verify checkstyle:checkstyle"/>
    <property name="java.specification.vendor" value="Oracle Corporation"/>
    <property name="user.language" value="en"/>
    <property name="awt.toolkit" value="sun.awt.X11.XToolkit"/>
    <property name="java.vm.info" value="mixed mode"/>
    <property name="java.version" value="1.8.0_161"/>
    <property name="java.ext.dirs" value="/usr/lib/jvm/java-8-oracle/jre/lib/ext:/usr/java/packages/lib/ext"/>
    <property name="securerandom.source" value="file:/dev/./urandom"/>
    <property name="sun.boot.class.path" value="/usr/lib/jvm/java-8-oracle/jre/lib/resources.jar:/usr/lib/jvm/java-8-oracle/jre/lib/rt.jar:/usr/lib/jvm/java-8-oracle/jre/lib/sunrsasign.jar:/usr/lib/jvm/java-8-oracle/jre/lib/jsse.jar:/usr/lib/jvm/java-8-oracle/jre/lib/jce.jar:/usr/lib/jvm/java-8-oracle/jre/lib/charsets.jar:/usr/lib/jvm/java-8-oracle/jre/lib/jfr.jar:/usr/lib/jvm/java-8-oracle/jre/classes"/>
    <property name="java.vendor" value="Oracle Corporation"/>
    <property name="maven.home" value="/usr/share/maven"/>
    <property name="file.separator" value="/"/>
    <property name="java.vendor.url.bug" value="http://bugreport.sun.com/bugreport/"/>
    <property name="sun.cpu.endian" value="little"/>
    <property name="sun.io.unicode.encoding" value="UnicodeLittle"/>
    <property name="sun.cpu.isalist" value=""/>
  </properties>
  <testcase name="testDeleteNonExistentOfficeVisit" classname="edu.ncsu.csc.itrust2.apitest.APIOfficeVisitTest" time="0.164">
    <failure message="Status expected:&lt;404&gt; but was:&lt;400&gt;" type="java.lang.AssertionError"><![CDATA[java.lang.AssertionError: Status expected:<404> but was:<400>
	at edu.ncsu.csc.itrust2.apitest.APIOfficeVisitTest.testDeleteNonExistentOfficeVisit(APIOfficeVisitTest.java:99)
]]></failure>
    <system-out><![CDATA[04:05:10.687 [main] DEBUG o.s.t.c.j.SpringJUnit4ClassRunner - SpringJUnit4ClassRunner constructor called with [class edu.ncsu.csc.itrust2.apitest.APIOfficeVisitTest]
04:05:10.688 [main] DEBUG o.s.test.context.BootstrapUtils - Instantiating CacheAwareContextLoaderDelegate from class [org.springframework.test.context.cache.DefaultCacheAwareContextLoaderDelegate]
04:05:10.688 [main] DEBUG o.s.test.context.BootstrapUtils - Instantiating BootstrapContext using constructor [public org.springframework.test.context.support.DefaultBootstrapContext(java.lang.Class,org.springframework.test.context.CacheAwareContextLoaderDelegate)]
04:05:10.691 [main] DEBUG o.s.test.context.BootstrapUtils - Instantiating TestContextBootstrapper for test class [edu.ncsu.csc.itrust2.apitest.APIOfficeVisitTest] from class [org.springframework.test.context.web.WebTestContextBootstrapper]
04:05:10.695 [main] DEBUG o.s.t.c.s.AbstractDelegatingSmartContextLoader - Delegating to AnnotationConfigWebContextLoader to process context configuration [ContextConfigurationAttributes@791f04a7 declaringClass = 'edu.ncsu.csc.itrust2.apitest.APIOfficeVisitTest', classes = '{class edu.ncsu.csc.itrust2.config.RootConfiguration, class edu.ncsu.csc.itrust2.mvc.config.WebMvcConfiguration}', locations = '{}', inheritLocations = true, initializers = '{}', inheritInitializers = true, name = [null], contextLoaderClass = 'org.springframework.test.context.ContextLoader'].
04:05:10.705 [main] DEBUG o.s.t.c.support.ActiveProfilesUtils - Could not find an 'annotation declaring class' for annotation type [org.springframework.test.context.ActiveProfiles] and class [edu.ncsu.csc.itrust2.apitest.APIOfficeVisitTest]
04:05:10.706 [main] DEBUG o.s.t.c.w.WebTestContextBootstrapper - @TestExecutionListeners is not present for class [edu.ncsu.csc.itrust2.apitest.APIOfficeVisitTest]: using defaults.
04:05:10.715 [main] INFO  o.s.t.c.w.WebTestContextBootstrapper - Loaded default TestExecutionListener class names from location [META-INF/spring.factories]: [org.springframework.security.test.context.support.WithSecurityContextTestExecutionListener, org.springframework.test.context.web.ServletTestExecutionListener, org.springframework.test.context.support.DirtiesContextBeforeModesTestExecutionListener, org.springframework.test.context.support.DependencyInjectionTestExecutionListener, org.springframework.test.context.support.DirtiesContextTestExecutionListener, org.springframework.test.context.transaction.TransactionalTestExecutionListener, org.springframework.test.context.jdbc.SqlScriptsTestExecutionListener]
04:05:10.717 [main] INFO  o.s.t.c.w.WebTestContextBootstrapper - Using TestExecutionListeners: [org.springframework.test.context.web.ServletTestExecutionListener@438a26b5, org.springframework.test.context.support.DirtiesContextBeforeModesTestExecutionListener@52600f7b, org.springframework.test.context.support.DependencyInjectionTestExecutionListener@5756cfe6, org.springframework.test.context.support.DirtiesContextTestExecutionListener@6ac8943d, org.springframework.test.context.transaction.TransactionalTestExecutionListener@78e5b85f, org.springframework.test.context.jdbc.SqlScriptsTestExecutionListener@2aac7bef, org.springframework.security.test.context.support.WithSecurityContextTestExecutionListener@4b64a8a3]
04:05:10.718 [main] DEBUG o.s.t.annotation.ProfileValueUtils - Retrieved @ProfileValueSourceConfiguration [null] for test class [edu.ncsu.csc.itrust2.apitest.APIOfficeVisitTest]
04:05:10.718 [main] DEBUG o.s.t.annotation.ProfileValueUtils - Retrieved ProfileValueSource type [class org.springframework.test.annotation.SystemProfileValueSource] for class [edu.ncsu.csc.itrust2.apitest.APIOfficeVisitTest]
04:05:10.719 [main] DEBUG o.s.t.annotation.ProfileValueUtils - Retrieved @ProfileValueSourceConfiguration [null] for test class [edu.ncsu.csc.itrust2.apitest.APIOfficeVisitTest]
04:05:10.721 [main] DEBUG o.s.t.annotation.ProfileValueUtils - Retrieved ProfileValueSource type [class org.springframework.test.annotation.SystemProfileValueSource] for class [edu.ncsu.csc.itrust2.apitest.APIOfficeVisitTest]
04:05:10.721 [main] DEBUG o.s.t.annotation.ProfileValueUtils - Retrieved @ProfileValueSourceConfiguration [null] for test class [edu.ncsu.csc.itrust2.apitest.APIOfficeVisitTest]
04:05:10.722 [main] DEBUG o.s.t.annotation.ProfileValueUtils - Retrieved ProfileValueSource type [class org.springframework.test.annotation.SystemProfileValueSource] for class [edu.ncsu.csc.itrust2.apitest.APIOfficeVisitTest]
04:05:10.724 [main] DEBUG o.s.t.c.s.AbstractDirtiesContextTestExecutionListener - Before test class: context [DefaultTestContext@65a3a48e testClass = APIOfficeVisitTest, testInstance = [null], testMethod = [null], testException = [null], mergedContextConfiguration = [WebMergedContextConfiguration@30d1cf25 testClass = APIOfficeVisitTest, locations = '{}', classes = '{class edu.ncsu.csc.itrust2.config.RootConfiguration, class edu.ncsu.csc.itrust2.mvc.config.WebMvcConfiguration}', contextInitializerClasses = '[]', activeProfiles = '{}', propertySourceLocations = '{}', propertySourceProperties = '{}', contextCustomizers = set[[empty]], resourceBasePath = 'src/main/webapp', contextLoader = 'org.springframework.test.context.web.WebDelegatingSmartContextLoader', parent = [null]]], class annotated with @DirtiesContext [false] with mode [null].
04:05:10.724 [main] DEBUG o.s.t.annotation.ProfileValueUtils - Retrieved @ProfileValueSourceConfiguration [null] for test class [edu.ncsu.csc.itrust2.apitest.APIOfficeVisitTest]
04:05:10.725 [main] DEBUG o.s.t.annotation.ProfileValueUtils - Retrieved ProfileValueSource type [class org.springframework.test.annotation.SystemProfileValueSource] for class [edu.ncsu.csc.itrust2.apitest.APIOfficeVisitTest]
04:05:10.727 [main] DEBUG o.s.t.c.c.DefaultCacheAwareContextLoaderDelegate - Retrieved ApplicationContext from cache with key [[WebMergedContextConfiguration@30d1cf25 testClass = APIOfficeVisitTest, locations = '{}', classes = '{class edu.ncsu.csc.itrust2.config.RootConfiguration, class edu.ncsu.csc.itrust2.mvc.config.WebMvcConfiguration}', contextInitializerClasses = '[]', activeProfiles = '{}', propertySourceLocations = '{}', propertySourceProperties = '{}', contextCustomizers = set[[empty]], resourceBasePath = 'src/main/webapp', contextLoader = 'org.springframework.test.context.web.WebDelegatingSmartContextLoader', parent = [null]]]
04:05:10.727 [main] DEBUG o.springframework.test.context.cache - Spring test ApplicationContext cache statistics: [DefaultContextCache@4740e12f size = 1, maxSize = 32, parentContextCount = 0, hitCount = 23, missCount = 1]
04:05:10.728 [main] DEBUG o.s.t.c.w.ServletTestExecutionListener - Setting up MockHttpServletRequest, MockHttpServletResponse, ServletWebRequest, and RequestContextHolder for test context [DefaultTestContext@65a3a48e testClass = APIOfficeVisitTest, testInstance = edu.ncsu.csc.itrust2.apitest.APIOfficeVisitTest@79ebb9d3, testMethod = [null], testException = [null], mergedContextConfiguration = [WebMergedContextConfiguration@30d1cf25 testClass = APIOfficeVisitTest, locations = '{}', classes = '{class edu.ncsu.csc.itrust2.config.RootConfiguration, class edu.ncsu.csc.itrust2.mvc.config.WebMvcConfiguration}', contextInitializerClasses = '[]', activeProfiles = '{}', propertySourceLocations = '{}', propertySourceProperties = '{}', contextCustomizers = set[[empty]], resourceBasePath = 'src/main/webapp', contextLoader = 'org.springframework.test.context.web.WebDelegatingSmartContextLoader', parent = [null]]].
04:05:10.729 [main] DEBUG o.s.t.c.s.DependencyInjectionTestExecutionListener - Performing dependency injection for test context [[DefaultTestContext@65a3a48e testClass = APIOfficeVisitTest, testInstance = edu.ncsu.csc.itrust2.apitest.APIOfficeVisitTest@79ebb9d3, testMethod = [null], testException = [null], mergedContextConfiguration = [WebMergedContextConfiguration@30d1cf25 testClass = APIOfficeVisitTest, locations = '{}', classes = '{class edu.ncsu.csc.itrust2.config.RootConfiguration, class edu.ncsu.csc.itrust2.mvc.config.WebMvcConfiguration}', contextInitializerClasses = '[]', activeProfiles = '{}', propertySourceLocations = '{}', propertySourceProperties = '{}', contextCustomizers = set[[empty]], resourceBasePath = 'src/main/webapp', contextLoader = 'org.springframework.test.context.web.WebDelegatingSmartContextLoader', parent = [null]]]].
04:05:10.731 [main] DEBUG o.s.t.c.c.DefaultCacheAwareContextLoaderDelegate - Retrieved ApplicationContext from cache with key [[WebMergedContextConfiguration@30d1cf25 testClass = APIOfficeVisitTest, locations = '{}', classes = '{class edu.ncsu.csc.itrust2.config.RootConfiguration, class edu.ncsu.csc.itrust2.mvc.config.WebMvcConfiguration}', contextInitializerClasses = '[]', activeProfiles = '{}', propertySourceLocations = '{}', propertySourceProperties = '{}', contextCustomizers = set[[empty]], resourceBasePath = 'src/main/webapp', contextLoader = 'org.springframework.test.context.web.WebDelegatingSmartContextLoader', parent = [null]]]
04:05:10.732 [main] DEBUG o.springframework.test.context.cache - Spring test ApplicationContext cache statistics: [DefaultContextCache@4740e12f size = 1, maxSize = 32, parentContextCount = 0, hitCount = 24, missCount = 1]
04:05:10.741 [main] DEBUG o.s.b.f.annotation.InjectionMetadata - Processing injected element of bean 'edu.ncsu.csc.itrust2.apitest.APIOfficeVisitTest': AutowiredFieldElement for private org.springframework.web.context.WebApplicationContext edu.ncsu.csc.itrust2.apitest.APIOfficeVisitTest.context
04:05:10.741 [main] DEBUG o.s.b.f.a.AutowiredAnnotationBeanPostProcessor - Autowiring by type from bean name 'edu.ncsu.csc.itrust2.apitest.APIOfficeVisitTest' to bean named 'org.springframework.web.context.support.GenericWebApplicationContext@434514d8'
04:05:10.742 [main] DEBUG o.s.b.f.s.DefaultListableBeanFactory - Returning cached instance of singleton bean 'metaDataSourceAdvisor'
04:05:10.745 [main] DEBUG o.s.t.c.s.AbstractDirtiesContextTestExecutionListener - Before test method: context [DefaultTestContext@65a3a48e testClass = APIOfficeVisitTest, testInstance = edu.ncsu.csc.itrust2.apitest.APIOfficeVisitTest@79ebb9d3, testMethod = testDeleteNonExistentOfficeVisit@APIOfficeVisitTest, testException = [null], mergedContextConfiguration = [WebMergedContextConfiguration@30d1cf25 testClass = APIOfficeVisitTest, locations = '{}', classes = '{class edu.ncsu.csc.itrust2.config.RootConfiguration, class edu.ncsu.csc.itrust2.mvc.config.WebMvcConfiguration}', contextInitializerClasses = '[]', activeProfiles = '{}', propertySourceLocations = '{}', propertySourceProperties = '{}', contextCustomizers = set[[empty]], resourceBasePath = 'src/main/webapp', contextLoader = 'org.springframework.test.context.web.WebDelegatingSmartContextLoader', parent = [null]]], class annotated with @DirtiesContext [false] with mode [null], method annotated with @DirtiesContext [false] with mode [null].
04:05:10.745 [main] DEBUG o.s.t.w.s.TestDispatcherServlet - Initializing servlet ''
04:05:10.745 [main] DEBUG o.s.w.c.s.StandardServletEnvironment - Adding [servletConfigInitParams] PropertySource with lowest search precedence
04:05:10.745 [main] DEBUG o.s.w.c.s.StandardServletEnvironment - Adding [servletContextInitParams] PropertySource with lowest search precedence
04:05:10.746 [main] DEBUG o.s.w.c.s.StandardServletEnvironment - Adding [systemProperties] PropertySource with lowest search precedence
04:05:10.746 [main] DEBUG o.s.w.c.s.StandardServletEnvironment - Adding [systemEnvironment] PropertySource with lowest search precedence
04:05:10.747 [main] DEBUG o.s.w.c.s.StandardServletEnvironment - Initialized StandardServletEnvironment with PropertySources [servletConfigInitParams,servletContextInitParams,systemProperties,systemEnvironment]
04:05:10.747 [main] INFO  o.s.mock.web.MockServletContext - Initializing Spring FrameworkServlet ''
04:05:10.747 [main] INFO  o.s.t.w.s.TestDispatcherServlet - FrameworkServlet '': initialization started
04:05:10.747 [main] DEBUG o.s.t.w.s.TestDispatcherServlet - Unable to locate MultipartResolver with name 'multipartResolver': no multipart request handling provided
04:05:10.747 [main] DEBUG o.s.b.f.s.DefaultListableBeanFactory - Creating instance of bean 'org.springframework.web.servlet.i18n.AcceptHeaderLocaleResolver'
04:05:10.747 [main] DEBUG o.s.b.f.s.DefaultListableBeanFactory - Finished creating instance of bean 'org.springframework.web.servlet.i18n.AcceptHeaderLocaleResolver'
04:05:10.748 [main] DEBUG o.s.t.w.s.TestDispatcherServlet - Unable to locate LocaleResolver with name 'localeResolver': using default [org.springframework.web.servlet.i18n.AcceptHeaderLocaleResolver@6fdb6643]
04:05:10.749 [main] DEBUG o.s.b.f.s.DefaultListableBeanFactory - Creating instance of bean 'org.springframework.web.servlet.theme.FixedThemeResolver'
04:05:10.750 [main] DEBUG o.s.b.f.s.DefaultListableBeanFactory - Finished creating instance of bean 'org.springframework.web.servlet.theme.FixedThemeResolver'
04:05:10.750 [main] DEBUG o.s.t.w.s.TestDispatcherServlet - Unable to locate ThemeResolver with name 'themeResolver': using default [org.springframework.web.servlet.theme.FixedThemeResolver@51cd347a]
04:05:10.751 [main] DEBUG o.s.b.f.s.DefaultListableBeanFactory - Returning cached instance of singleton bean 'requestMappingHandlerMapping'
04:05:10.751 [main] DEBUG o.s.b.f.s.DefaultListableBeanFactory - Returning cached instance of singleton bean 'viewControllerHandlerMapping'
04:05:10.751 [main] DEBUG o.s.b.f.s.DefaultListableBeanFactory - Returning cached instance of singleton bean 'beanNameHandlerMapping'
04:05:10.751 [main] DEBUG o.s.b.f.s.DefaultListableBeanFactory - Returning cached instance of singleton bean 'resourceHandlerMapping'
04:05:10.751 [main] DEBUG o.s.b.f.s.DefaultListableBeanFactory - Returning cached instance of singleton bean 'defaultServletHandlerMapping'
04:05:10.752 [main] DEBUG o.s.b.f.s.DefaultListableBeanFactory - Returning cached instance of singleton bean 'requestMappingHandlerAdapter'
04:05:10.752 [main] DEBUG o.s.b.f.s.DefaultListableBeanFactory - Returning cached instance of singleton bean 'httpRequestHandlerAdapter'
04:05:10.752 [main] DEBUG o.s.b.f.s.DefaultListableBeanFactory - Returning cached instance of singleton bean 'simpleControllerHandlerAdapter'
04:05:10.753 [main] DEBUG o.s.b.f.s.DefaultListableBeanFactory - Returning cached instance of singleton bean 'handlerExceptionResolver'
04:05:10.754 [main] DEBUG o.s.b.f.s.DefaultListableBeanFactory - Creating instance of bean 'org.springframework.web.servlet.view.DefaultRequestToViewNameTranslator'
04:05:10.754 [main] DEBUG o.s.b.f.s.DefaultListableBeanFactory - Finished creating instance of bean 'org.springframework.web.servlet.view.DefaultRequestToViewNameTranslator'
04:05:10.754 [main] DEBUG o.s.t.w.s.TestDispatcherServlet - Unable to locate RequestToViewNameTranslator with name 'viewNameTranslator': using default [org.springframework.web.servlet.view.DefaultRequestToViewNameTranslator@75cc3ab1]
04:05:10.755 [main] DEBUG o.s.b.f.s.DefaultListableBeanFactory - Returning cached instance of singleton bean 'mvcViewResolver'
04:05:10.755 [main] DEBUG o.s.b.f.s.DefaultListableBeanFactory - Returning cached instance of singleton bean 'viewResolver'
04:05:10.755 [main] DEBUG o.s.b.f.s.DefaultListableBeanFactory - Creating instance of bean 'org.springframework.web.servlet.support.SessionFlashMapManager'
04:05:10.756 [main] DEBUG o.s.b.f.s.DefaultListableBeanFactory - Finished creating instance of bean 'org.springframework.web.servlet.support.SessionFlashMapManager'
04:05:10.756 [main] DEBUG o.s.t.w.s.TestDispatcherServlet - Unable to locate FlashMapManager with name 'flashMapManager': using default [org.springframework.web.servlet.support.SessionFlashMapManager@4361e03a]
04:05:10.756 [main] DEBUG o.s.t.w.s.TestDispatcherServlet - Published WebApplicationContext of servlet '' as ServletContext attribute with name [org.springframework.web.servlet.FrameworkServlet.CONTEXT.]
04:05:10.757 [main] INFO  o.s.t.w.s.TestDispatcherServlet - FrameworkServlet '': initialization completed in 10 ms
04:05:10.757 [main] DEBUG o.s.t.w.s.TestDispatcherServlet - Servlet '' configured successfully
04:05:10.758 [main] DEBUG o.h.e.t.internal.TransactionImpl - begin
04:05:10.759 [main] DEBUG org.hibernate.SQL - select this_.username as username1_15_0_, this_.enabled as enabled2_15_0_, this_.password as password3_15_0_, this_.role as role4_15_0_ from Users this_ where this_.username=? and this_.role=?
Hibernate: select this_.username as username1_15_0_, this_.enabled as enabled2_15_0_, this_.password as password3_15_0_, this_.role as role4_15_0_ from Users this_ where this_.username=? and this_.role=?
04:05:10.760 [main] DEBUG org.hibernate.loader.Loader - Result set row: 0
04:05:10.760 [main] DEBUG org.hibernate.loader.Loader - Result row: EntityKey[edu.ncsu.csc.itrust2.models.persistent.User#patient]
04:05:10.761 [main] DEBUG o.h.engine.internal.TwoPhaseLoad - Resolving associations for [edu.ncsu.csc.itrust2.models.persistent.User#patient]
04:05:10.762 [main] DEBUG o.h.engine.internal.TwoPhaseLoad - Done materializing entity [edu.ncsu.csc.itrust2.models.persistent.User#patient]
04:05:10.762 [main] DEBUG o.h.e.t.internal.TransactionImpl - committing
04:05:10.762 [main] DEBUG o.h.e.i.AbstractFlushingEventListener - Processing flush-time cascades
04:05:10.762 [main] DEBUG o.h.e.i.AbstractFlushingEventListener - Dirty checking collections
04:05:10.763 [main] DEBUG o.h.e.i.AbstractFlushingEventListener - Flushed: 0 insertions, 0 updates, 0 deletions to 1 objects
04:05:10.763 [main] DEBUG o.h.e.i.AbstractFlushingEventListener - Flushed: 0 (re)creations, 0 updates, 0 removals to 0 collections
04:05:10.763 [main] DEBUG o.h.internal.util.EntityPrinter - Listing entities:
04:05:10.764 [main] DEBUG o.h.internal.util.EntityPrinter - edu.ncsu.csc.itrust2.models.persistent.User{password=$2a$10$EblZqNptyYvcLm/VwDCVAuBjzZOI7khzdyGPBr08PpIi0na624b8., role=ROLE_PATIENT, enabled=1, username=patient}
04:05:10.766 [main] DEBUG o.h.e.t.internal.TransactionImpl - begin
04:05:10.768 [main] DEBUG org.hibernate.SQL - select this_.self_id as self_id18_12_2_, this_.address1 as address1_12_2_, this_.address2 as address2_12_2_, this_.bloodType as bloodTyp3_12_2_, this_.causeOfDeath as causeOfD4_12_2_, this_.city as city5_12_2_, this_.dateOfBirth as dateOfBi6_12_2_, this_.dateOfDeath as dateOfDe7_12_2_, this_.email as email8_12_2_, this_.ethnicity as ethnicit9_12_2_, this_.father_id as father_19_12_2_, this_.firstName as firstNa10_12_2_, this_.gender as gender11_12_2_, this_.id as id12_12_2_, this_.lastName as lastNam13_12_2_, this_.mother_id as mother_20_12_2_, this_.phone as phone14_12_2_, this_.preferredName as preferr15_12_2_, this_.state as state16_12_2_, this_.zip as zip17_12_2_, user2_.username as username1_15_0_, user2_.enabled as enabled2_15_0_, user2_.password as password3_15_0_, user2_.role as role4_15_0_, user3_.username as username1_15_1_, user3_.enabled as enabled2_15_1_, user3_.password as password3_15_1_, user3_.role as role4_15_1_ from Patients this_ left outer join Users user2_ on this_.father_id=user2_.username left outer join Users user3_ on this_.mother_id=user3_.username where this_.self_id=?
Hibernate: select this_.self_id as self_id18_12_2_, this_.address1 as address1_12_2_, this_.address2 as address2_12_2_, this_.bloodType as bloodTyp3_12_2_, this_.causeOfDeath as causeOfD4_12_2_, this_.city as city5_12_2_, this_.dateOfBirth as dateOfBi6_12_2_, this_.dateOfDeath as dateOfDe7_12_2_, this_.email as email8_12_2_, this_.ethnicity as ethnicit9_12_2_, this_.father_id as father_19_12_2_, this_.firstName as firstNa10_12_2_, this_.gender as gender11_12_2_, this_.id as id12_12_2_, this_.lastName as lastNam13_12_2_, this_.mother_id as mother_20_12_2_, this_.phone as phone14_12_2_, this_.preferredName as preferr15_12_2_, this_.state as state16_12_2_, this_.zip as zip17_12_2_, user2_.username as username1_15_0_, user2_.enabled as enabled2_15_0_, user2_.password as password3_15_0_, user2_.role as role4_15_0_, user3_.username as username1_15_1_, user3_.enabled as enabled2_15_1_, user3_.password as password3_15_1_, user3_.role as role4_15_1_ from Patients this_ left outer join Users user2_ on this_.father_id=user2_.username left outer join Users user3_ on this_.mother_id=user3_.username where this_.self_id=?
04:05:10.769 [main] DEBUG o.h.e.t.internal.TransactionImpl - committing
04:05:10.774 [main] DEBUG o.s.t.w.s.TestDispatcherServlet - DispatcherServlet with name '' processing DELETE request for [/api/v1/officevisits/-1]
04:05:10.775 [main] DEBUG o.s.w.s.m.m.a.RequestMappingHandlerMapping - Looking up handler method for path /api/v1/officevisits/-1
04:05:10.776 [main] DEBUG o.s.w.s.m.m.a.RequestMappingHandlerMapping - Returning handler method [public org.springframework.http.ResponseEntity edu.ncsu.csc.itrust2.controllers.api.APIOfficeVisitController.deleteOfficeVisit(java.lang.Long)]
04:05:10.777 [main] DEBUG o.s.b.f.s.DefaultListableBeanFactory - Returning cached instance of singleton bean 'APIOfficeVisitController'
04:05:10.833 [main] DEBUG o.h.e.t.internal.TransactionImpl - begin
04:05:10.849 [main] DEBUG org.hibernate.SQL - select this_.id as id1_10_12_, this_.appointment_id as appointm5_10_12_, this_.basichealthmetrics_id as basichea6_10_12_, this_.date as date2_10_12_, this_.hcp_id as hcp_id7_10_12_, this_.hospital_id as hospital8_10_12_, this_.notes as notes3_10_12_, this_.patient_id as patient_9_10_12_, this_.type as type4_10_12_, appointmen2_.id as id1_0_0_, appointmen2_.comments as comments2_0_0_, appointmen2_.date as date3_0_0_, appointmen2_.hcp_id as hcp_id6_0_0_, appointmen2_.patient_id as patient_7_0_0_, appointmen2_.status as status4_0_0_, appointmen2_.type as type5_0_0_, user3_.username as username1_15_1_, user3_.enabled as enabled2_15_1_, user3_.password as password3_15_1_, user3_.role as role4_15_1_, user4_.username as username1_15_2_, user4_.enabled as enabled2_15_2_, user4_.password as password3_15_2_, user4_.role as role4_15_2_, basichealt5_.id as id1_1_3_, basichealt5_.diastolic as diastoli2_1_3_, basichealt5_.hcp_id as hcp_id12_1_3_, basichealt5_.hdl as hdl3_1_3_, basichealt5_.headCircumference as headCirc4_1_3_, basichealt5_.height as height5_1_3_, basichealt5_.houseSmokingStatus as houseSmo6_1_3_, basichealt5_.ldl as ldl7_1_3_, basichealt5_.patient_id as patient13_1_3_, basichealt5_.patientSmokingStatus as patientS8_1_3_, basichealt5_.systolic as systolic9_1_3_, basichealt5_.tri as tri10_1_3_, basichealt5_.weight as weight11_1_3_, user6_.username as username1_15_4_, user6_.enabled as enabled2_15_4_, user6_.password as password3_15_4_, user6_.role as role4_15_4_, user7_.username as username1_15_5_, user7_.enabled as enabled2_15_5_, user7_.password as password3_15_5_, user7_.role as role4_15_5_, user8_.username as username1_15_6_, user8_.enabled as enabled2_15_6_, user8_.password as password3_15_6_, user8_.role as role4_15_6_, hospital9_.name as name1_4_7_, hospital9_.address as address2_4_7_, hospital9_.state as state3_4_7_, hospital9_.zip as zip4_4_7_, user10_.username as username1_15_8_, user10_.enabled as enabled2_15_8_, user10_.password as password3_15_8_, user10_.role as role4_15_8_, prescripti11_.prescriptions_id as prescrip8_14_14_, prescripti11_.id as id1_14_14_, prescripti11_.id as id1_14_9_, prescripti11_.dosage as dosage2_14_9_, prescripti11_.drug_id as drug_id6_14_9_, prescripti11_.endDate as endDate3_14_9_, prescripti11_.patient_id as patient_7_14_9_, prescripti11_.renewals as renewals4_14_9_, prescripti11_.startDate as startDat5_14_9_, drug12_.id as id1_3_10_, drug12_.code as code2_3_10_, drug12_.description as descript3_3_10_, drug12_.name as name4_3_10_, user13_.username as username1_15_11_, user13_.enabled as enabled2_15_11_, user13_.password as password3_15_11_, user13_.role as role4_15_11_ from OfficeVisits this_ left outer join AppointmentRequests appointmen2_ on this_.appointment_id=appointmen2_.id left outer join Users user3_ on appointmen2_.hcp_id=user3_.username left outer join Users user4_ on appointmen2_.patient_id=user4_.username left outer join BasicHealthMetrics basichealt5_ on this_.basichealthmetrics_id=basichealt5_.id left outer join Users user6_ on basichealt5_.hcp_id=user6_.username left outer join Users user7_ on basichealt5_.patient_id=user7_.username inner join Users user8_ on this_.hcp_id=user8_.username inner join Hospitals hospital9_ on this_.hospital_id=hospital9_.name inner join Users user10_ on this_.patient_id=user10_.username left outer join Prescriptions prescripti11_ on this_.id=prescripti11_.prescriptions_id left outer join Drugs drug12_ on prescripti11_.drug_id=drug12_.id left outer join Users user13_ on prescripti11_.patient_id=user13_.username where this_.id=?
Hibernate: select this_.id as id1_10_12_, this_.appointment_id as appointm5_10_12_, this_.basichealthmetrics_id as basichea6_10_12_, this_.date as date2_10_12_, this_.hcp_id as hcp_id7_10_12_, this_.hospital_id as hospital8_10_12_, this_.notes as notes3_10_12_, this_.patient_id as patient_9_10_12_, this_.type as type4_10_12_, appointmen2_.id as id1_0_0_, appointmen2_.comments as comments2_0_0_, appointmen2_.date as date3_0_0_, appointmen2_.hcp_id as hcp_id6_0_0_, appointmen2_.patient_id as patient_7_0_0_, appointmen2_.status as status4_0_0_, appointmen2_.type as type5_0_0_, user3_.username as username1_15_1_, user3_.enabled as enabled2_15_1_, user3_.password as password3_15_1_, user3_.role as role4_15_1_, user4_.username as username1_15_2_, user4_.enabled as enabled2_15_2_, user4_.password as password3_15_2_, user4_.role as role4_15_2_, basichealt5_.id as id1_1_3_, basichealt5_.diastolic as diastoli2_1_3_, basichealt5_.hcp_id as hcp_id12_1_3_, basichealt5_.hdl as hdl3_1_3_, basichealt5_.headCircumference as headCirc4_1_3_, basichealt5_.height as height5_1_3_, basichealt5_.houseSmokingStatus as houseSmo6_1_3_, basichealt5_.ldl as ldl7_1_3_, basichealt5_.patient_id as patient13_1_3_, basichealt5_.patientSmokingStatus as patientS8_1_3_, basichealt5_.systolic as systolic9_1_3_, basichealt5_.tri as tri10_1_3_, basichealt5_.weight as weight11_1_3_, user6_.username as username1_15_4_, user6_.enabled as enabled2_15_4_, user6_.password as password3_15_4_, user6_.role as role4_15_4_, user7_.username as username1_15_5_, user7_.enabled as enabled2_15_5_, user7_.password as password3_15_5_, user7_.role as role4_15_5_, user8_.username as username1_15_6_, user8_.enabled as enabled2_15_6_, user8_.password as password3_15_6_, user8_.role as role4_15_6_, hospital9_.name as name1_4_7_, hospital9_.address as address2_4_7_, hospital9_.state as state3_4_7_, hospital9_.zip as zip4_4_7_, user10_.username as username1_15_8_, user10_.enabled as enabled2_15_8_, user10_.password as password3_15_8_, user10_.role as role4_15_8_, prescripti11_.prescriptions_id as prescrip8_14_14_, prescripti11_.id as id1_14_14_, prescripti11_.id as id1_14_9_, prescripti11_.dosage as dosage2_14_9_, prescripti11_.drug_id as drug_id6_14_9_, prescripti11_.endDate as endDate3_14_9_, prescripti11_.patient_id as patient_7_14_9_, prescripti11_.renewals as renewals4_14_9_, prescripti11_.startDate as startDat5_14_9_, drug12_.id as id1_3_10_, drug12_.code as code2_3_10_, drug12_.description as descript3_3_10_, drug12_.name as name4_3_10_, user13_.username as username1_15_11_, user13_.enabled as enabled2_15_11_, user13_.password as password3_15_11_, user13_.role as role4_15_11_ from OfficeVisits this_ left outer join AppointmentRequests appointmen2_ on this_.appointment_id=appointmen2_.id left outer join Users user3_ on appointmen2_.hcp_id=user3_.username left outer join Users user4_ on appointmen2_.patient_id=user4_.username left outer join BasicHealthMetrics basichealt5_ on this_.basichealthmetrics_id=basichealt5_.id left outer join Users user6_ on basichealt5_.hcp_id=user6_.username left outer join Users user7_ on basichealt5_.patient_id=user7_.username inner join Users user8_ on this_.hcp_id=user8_.username inner join Hospitals hospital9_ on this_.hospital_id=hospital9_.name inner join Users user10_ on this_.patient_id=user10_.username left outer join Prescriptions prescripti11_ on this_.id=prescripti11_.prescriptions_id left outer join Drugs drug12_ on prescripti11_.drug_id=drug12_.id left outer join Users user13_ on prescripti11_.patient_id=user13_.username where this_.id=?
04:05:10.866 [main] DEBUG o.h.e.l.i.CollectionLoadContext - No collections were found in result set for role: edu.ncsu.csc.itrust2.models.persistent.OfficeVisit.prescriptions
04:05:10.866 [main] DEBUG o.h.e.t.internal.TransactionImpl - committing
04:05:10.878 [main] DEBUG o.s.w.s.m.m.a.HttpEntityMethodProcessor - Written [{"status":"failed","message":"Could not delete -1 because of null"}] as "text/plain" using [org.springframework.http.converter.StringHttpMessageConverter@3508cc94]
04:05:10.879 [main] DEBUG o.s.t.w.s.TestDispatcherServlet - Null ModelAndView returned to DispatcherServlet with name '': assuming HandlerAdapter completed request handling
04:05:10.879 [main] DEBUG o.s.t.w.s.TestDispatcherServlet - Successfully completed request
04:05:10.880 [main] DEBUG o.s.t.c.s.AbstractDirtiesContextTestExecutionListener - After test method: context [DefaultTestContext@65a3a48e testClass = APIOfficeVisitTest, testInstance = edu.ncsu.csc.itrust2.apitest.APIOfficeVisitTest@79ebb9d3, testMethod = testDeleteNonExistentOfficeVisit@APIOfficeVisitTest, testException = java.lang.AssertionError: Status expected:<404> but was:<400>, mergedContextConfiguration = [WebMergedContextConfiguration@30d1cf25 testClass = APIOfficeVisitTest, locations = '{}', classes = '{class edu.ncsu.csc.itrust2.config.RootConfiguration, class edu.ncsu.csc.itrust2.mvc.config.WebMvcConfiguration}', contextInitializerClasses = '[]', activeProfiles = '{}', propertySourceLocations = '{}', propertySourceProperties = '{}', contextCustomizers = set[[empty]], resourceBasePath = 'src/main/webapp', contextLoader = 'org.springframework.test.context.web.WebDelegatingSmartContextLoader', parent = [null]]], class annotated with @DirtiesContext [false] with mode [null], method annotated with @DirtiesContext [false] with mode [null].
04:05:10.880 [main] DEBUG o.s.t.c.w.ServletTestExecutionListener - Resetting RequestContextHolder for test context [DefaultTestContext@65a3a48e testClass = APIOfficeVisitTest, testInstance = edu.ncsu.csc.itrust2.apitest.APIOfficeVisitTest@79ebb9d3, testMethod = testDeleteNonExistentOfficeVisit@APIOfficeVisitTest, testException = java.lang.AssertionError: Status expected:<404> but was:<400>, mergedContextConfiguration = [WebMergedContextConfiguration@30d1cf25 testClass = APIOfficeVisitTest, locations = '{}', classes = '{class edu.ncsu.csc.itrust2.config.RootConfiguration, class edu.ncsu.csc.itrust2.mvc.config.WebMvcConfiguration}', contextInitializerClasses = '[]', activeProfiles = '{}', propertySourceLocations = '{}', propertySourceProperties = '{}', contextCustomizers = set[[empty]], resourceBasePath = 'src/main/webapp', contextLoader = 'org.springframework.test.context.web.WebDelegatingSmartContextLoader', parent = [null]]].
]]></system-out>
    <system-err><![CDATA[java.lang.NullPointerException
	at edu.ncsu.csc.itrust2.controllers.api.APIOfficeVisitController.deleteOfficeVisit(APIOfficeVisitController.java:142)
	at edu.ncsu.csc.itrust2.controllers.api.APIOfficeVisitController$$FastClassBySpringCGLIB$$3e0f2ac1.invoke(<generated>)
	at org.springframework.cglib.proxy.MethodProxy.invoke(MethodProxy.java:204)
	at org.springframework.aop.framework.CglibAopProxy$DynamicAdvisedInterceptor.intercept(CglibAopProxy.java:652)
	at edu.ncsu.csc.itrust2.controllers.api.APIOfficeVisitController$$EnhancerBySpringCGLIB$$980e3405.deleteOfficeVisit(<generated>)
	at sun.reflect.NativeMethodAccessorImpl.invoke0(Native Method)
	at sun.reflect.NativeMethodAccessorImpl.invoke(NativeMethodAccessorImpl.java:62)
	at sun.reflect.DelegatingMethodAccessorImpl.invoke(DelegatingMethodAccessorImpl.java:43)
	at java.lang.reflect.Method.invoke(Method.java:498)
	at org.springframework.web.method.support.InvocableHandlerMethod.doInvoke(InvocableHandlerMethod.java:220)
	at org.springframework.web.method.support.InvocableHandlerMethod.invokeForRequest(InvocableHandlerMethod.java:134)
	at org.springframework.web.servlet.mvc.method.annotation.ServletInvocableHandlerMethod.invokeAndHandle(ServletInvocableHandlerMethod.java:116)
	at org.springframework.web.servlet.mvc.method.annotation.RequestMappingHandlerAdapter.invokeHandlerMethod(RequestMappingHandlerAdapter.java:827)
	at org.springframework.web.servlet.mvc.method.annotation.RequestMappingHandlerAdapter.handleInternal(RequestMappingHandlerAdapter.java:738)
	at org.springframework.web.servlet.mvc.method.AbstractHandlerMethodAdapter.handle(AbstractHandlerMethodAdapter.java:85)
	at org.springframework.web.servlet.DispatcherServlet.doDispatch(DispatcherServlet.java:963)
	at org.springframework.web.servlet.DispatcherServlet.doService(DispatcherServlet.java:897)
	at org.springframework.web.servlet.FrameworkServlet.processRequest(FrameworkServlet.java:970)
	at org.springframework.web.servlet.FrameworkServlet.doDelete(FrameworkServlet.java:894)
	at javax.servlet.http.HttpServlet.service(HttpServlet.java:694)
	at org.springframework.web.servlet.FrameworkServlet.service(FrameworkServlet.java:846)
	at org.springframework.test.web.servlet.TestDispatcherServlet.service(TestDispatcherServlet.java:65)
	at javax.servlet.http.HttpServlet.service(HttpServlet.java:770)
	at org.springframework.mock.web.MockFilterChain$ServletFilterProxy.doFilter(MockFilterChain.java:167)
	at org.springframework.mock.web.MockFilterChain.doFilter(MockFilterChain.java:134)
	at org.springframework.test.web.servlet.MockMvc.perform(MockMvc.java:155)
	at edu.ncsu.csc.itrust2.apitest.APIOfficeVisitTest.testDeleteNonExistentOfficeVisit(APIOfficeVisitTest.java:99)
	at sun.reflect.NativeMethodAccessorImpl.invoke0(Native Method)
	at sun.reflect.NativeMethodAccessorImpl.invoke(NativeMethodAccessorImpl.java:62)
	at sun.reflect.DelegatingMethodAccessorImpl.invoke(DelegatingMethodAccessorImpl.java:43)
	at java.lang.reflect.Method.invoke(Method.java:498)
	at org.junit.runners.model.FrameworkMethod$1.runReflectiveCall(FrameworkMethod.java:50)
	at org.junit.internal.runners.model.ReflectiveCallable.run(ReflectiveCallable.java:12)
	at org.junit.runners.model.FrameworkMethod.invokeExplosively(FrameworkMethod.java:47)
	at org.junit.internal.runners.statements.InvokeMethod.evaluate(InvokeMethod.java:17)
	at org.junit.internal.runners.statements.RunBefores.evaluate(RunBefores.java:26)
	at org.springframework.test.context.junit4.statements.RunBeforeTestMethodCallbacks.evaluate(RunBeforeTestMethodCallbacks.java:75)
	at org.springframework.test.context.junit4.statements.RunAfterTestMethodCallbacks.evaluate(RunAfterTestMethodCallbacks.java:86)
	at org.springframework.test.context.junit4.statements.SpringRepeat.evaluate(SpringRepeat.java:84)
	at org.junit.runners.ParentRunner.runLeaf(ParentRunner.java:325)
	at org.springframework.test.context.junit4.SpringJUnit4ClassRunner.runChild(SpringJUnit4ClassRunner.java:252)
	at org.springframework.test.context.junit4.SpringJUnit4ClassRunner.runChild(SpringJUnit4ClassRunner.java:94)
	at org.junit.runners.ParentRunner$3.run(ParentRunner.java:290)
	at org.junit.runners.ParentRunner$1.schedule(ParentRunner.java:71)
	at org.junit.runners.ParentRunner.runChildren(ParentRunner.java:288)
	at org.junit.runners.ParentRunner.access$000(ParentRunner.java:58)
	at org.junit.runners.ParentRunner$2.evaluate(ParentRunner.java:268)
	at org.springframework.test.context.junit4.statements.RunBeforeTestClassCallbacks.evaluate(RunBeforeTestClassCallbacks.java:61)
	at org.springframework.test.context.junit4.statements.RunAfterTestClassCallbacks.evaluate(RunAfterTestClassCallbacks.java:70)
	at org.junit.runners.ParentRunner.run(ParentRunner.java:363)
	at org.springframework.test.context.junit4.SpringJUnit4ClassRunner.run(SpringJUnit4ClassRunner.java:191)
	at org.apache.maven.surefire.junit4.JUnit4Provider.execute(JUnit4Provider.java:365)
	at org.apache.maven.surefire.junit4.JUnit4Provider.executeWithRerun(JUnit4Provider.java:272)
	at org.apache.maven.surefire.junit4.JUnit4Provider.executeTestSet(JUnit4Provider.java:236)
	at org.apache.maven.surefire.junit4.JUnit4Provider.invoke(JUnit4Provider.java:159)
	at org.apache.maven.surefire.booter.ForkedBooter.invokeProviderInSameClassLoader(ForkedBooter.java:386)
	at org.apache.maven.surefire.booter.ForkedBooter.runSuitesInProcess(ForkedBooter.java:323)
	at org.apache.maven.surefire.booter.ForkedBooter.main(ForkedBooter.java:143)
]]></system-err>
  </testcase>
  <testcase name="testGetNonExistentOfficeVisit" classname="edu.ncsu.csc.itrust2.apitest.APIOfficeVisitTest" time="0.088">
    <failure message="Status expected:&lt;404&gt; but was:&lt;200&gt;" type="java.lang.AssertionError"><![CDATA[java.lang.AssertionError: Status expected:<404> but was:<200>
	at edu.ncsu.csc.itrust2.apitest.APIOfficeVisitTest.testGetNonExistentOfficeVisit(APIOfficeVisitTest.java:88)
]]></failure>
    <system-out><![CDATA[04:05:10.912 [main] DEBUG o.s.t.annotation.ProfileValueUtils - Retrieved @ProfileValueSourceConfiguration [null] for test class [edu.ncsu.csc.itrust2.apitest.APIOfficeVisitTest]
04:05:10.913 [main] DEBUG o.s.t.annotation.ProfileValueUtils - Retrieved ProfileValueSource type [class org.springframework.test.annotation.SystemProfileValueSource] for class [edu.ncsu.csc.itrust2.apitest.APIOfficeVisitTest]
04:05:10.913 [main] DEBUG o.s.t.c.c.DefaultCacheAwareContextLoaderDelegate - Retrieved ApplicationContext from cache with key [[WebMergedContextConfiguration@30d1cf25 testClass = APIOfficeVisitTest, locations = '{}', classes = '{class edu.ncsu.csc.itrust2.config.RootConfiguration, class edu.ncsu.csc.itrust2.mvc.config.WebMvcConfiguration}', contextInitializerClasses = '[]', activeProfiles = '{}', propertySourceLocations = '{}', propertySourceProperties = '{}', contextCustomizers = set[[empty]], resourceBasePath = 'src/main/webapp', contextLoader = 'org.springframework.test.context.web.WebDelegatingSmartContextLoader', parent = [null]]]
04:05:10.913 [main] DEBUG o.springframework.test.context.cache - Spring test ApplicationContext cache statistics: [DefaultContextCache@4740e12f size = 1, maxSize = 32, parentContextCount = 0, hitCount = 25, missCount = 1]
04:05:10.913 [main] DEBUG o.s.t.c.w.ServletTestExecutionListener - Setting up MockHttpServletRequest, MockHttpServletResponse, ServletWebRequest, and RequestContextHolder for test context [DefaultTestContext@65a3a48e testClass = APIOfficeVisitTest, testInstance = edu.ncsu.csc.itrust2.apitest.APIOfficeVisitTest@2a53db9c, testMethod = [null], testException = [null], mergedContextConfiguration = [WebMergedContextConfiguration@30d1cf25 testClass = APIOfficeVisitTest, locations = '{}', classes = '{class edu.ncsu.csc.itrust2.config.RootConfiguration, class edu.ncsu.csc.itrust2.mvc.config.WebMvcConfiguration}', contextInitializerClasses = '[]', activeProfiles = '{}', propertySourceLocations = '{}', propertySourceProperties = '{}', contextCustomizers = set[[empty]], resourceBasePath = 'src/main/webapp', contextLoader = 'org.springframework.test.context.web.WebDelegatingSmartContextLoader', parent = [null]]].
04:05:10.913 [main] DEBUG o.s.t.c.s.DependencyInjectionTestExecutionListener - Performing dependency injection for test context [[DefaultTestContext@65a3a48e testClass = APIOfficeVisitTest, testInstance = edu.ncsu.csc.itrust2.apitest.APIOfficeVisitTest@2a53db9c, testMethod = [null], testException = [null], mergedContextConfiguration = [WebMergedContextConfiguration@30d1cf25 testClass = APIOfficeVisitTest, locations = '{}', classes = '{class edu.ncsu.csc.itrust2.config.RootConfiguration, class edu.ncsu.csc.itrust2.mvc.config.WebMvcConfiguration}', contextInitializerClasses = '[]', activeProfiles = '{}', propertySourceLocations = '{}', propertySourceProperties = '{}', contextCustomizers = set[[empty]], resourceBasePath = 'src/main/webapp', contextLoader = 'org.springframework.test.context.web.WebDelegatingSmartContextLoader', parent = [null]]]].
04:05:10.913 [main] DEBUG o.s.t.c.c.DefaultCacheAwareContextLoaderDelegate - Retrieved ApplicationContext from cache with key [[WebMergedContextConfiguration@30d1cf25 testClass = APIOfficeVisitTest, locations = '{}', classes = '{class edu.ncsu.csc.itrust2.config.RootConfiguration, class edu.ncsu.csc.itrust2.mvc.config.WebMvcConfiguration}', contextInitializerClasses = '[]', activeProfiles = '{}', propertySourceLocations = '{}', propertySourceProperties = '{}', contextCustomizers = set[[empty]], resourceBasePath = 'src/main/webapp', contextLoader = 'org.springframework.test.context.web.WebDelegatingSmartContextLoader', parent = [null]]]
04:05:10.914 [main] DEBUG o.springframework.test.context.cache - Spring test ApplicationContext cache statistics: [DefaultContextCache@4740e12f size = 1, maxSize = 32, parentContextCount = 0, hitCount = 26, missCount = 1]
04:05:10.914 [main] DEBUG o.s.b.f.annotation.InjectionMetadata - Processing injected element of bean 'edu.ncsu.csc.itrust2.apitest.APIOfficeVisitTest': AutowiredFieldElement for private org.springframework.web.context.WebApplicationContext edu.ncsu.csc.itrust2.apitest.APIOfficeVisitTest.context
04:05:10.916 [main] DEBUG o.s.t.c.s.AbstractDirtiesContextTestExecutionListener - Before test method: context [DefaultTestContext@65a3a48e testClass = APIOfficeVisitTest, testInstance = edu.ncsu.csc.itrust2.apitest.APIOfficeVisitTest@2a53db9c, testMethod = testGetNonExistentOfficeVisit@APIOfficeVisitTest, testException = [null], mergedContextConfiguration = [WebMergedContextConfiguration@30d1cf25 testClass = APIOfficeVisitTest, locations = '{}', classes = '{class edu.ncsu.csc.itrust2.config.RootConfiguration, class edu.ncsu.csc.itrust2.mvc.config.WebMvcConfiguration}', contextInitializerClasses = '[]', activeProfiles = '{}', propertySourceLocations = '{}', propertySourceProperties = '{}', contextCustomizers = set[[empty]], resourceBasePath = 'src/main/webapp', contextLoader = 'org.springframework.test.context.web.WebDelegatingSmartContextLoader', parent = [null]]], class annotated with @DirtiesContext [false] with mode [null], method annotated with @DirtiesContext [false] with mode [null].
04:05:10.916 [main] DEBUG o.s.t.w.s.TestDispatcherServlet - Initializing servlet ''
04:05:10.916 [main] DEBUG o.s.w.c.s.StandardServletEnvironment - Adding [servletConfigInitParams] PropertySource with lowest search precedence
04:05:10.916 [main] DEBUG o.s.w.c.s.StandardServletEnvironment - Adding [servletContextInitParams] PropertySource with lowest search precedence
04:05:10.916 [main] DEBUG o.s.w.c.s.StandardServletEnvironment - Adding [systemProperties] PropertySource with lowest search precedence
04:05:10.916 [main] DEBUG o.s.w.c.s.StandardServletEnvironment - Adding [systemEnvironment] PropertySource with lowest search precedence
04:05:10.916 [main] DEBUG o.s.w.c.s.StandardServletEnvironment - Initialized StandardServletEnvironment with PropertySources [servletConfigInitParams,servletContextInitParams,systemProperties,systemEnvironment]
04:05:10.916 [main] INFO  o.s.mock.web.MockServletContext - Initializing Spring FrameworkServlet ''
04:05:10.916 [main] INFO  o.s.t.w.s.TestDispatcherServlet - FrameworkServlet '': initialization started
04:05:10.916 [main] DEBUG o.s.t.w.s.TestDispatcherServlet - Unable to locate MultipartResolver with name 'multipartResolver': no multipart request handling provided
04:05:10.919 [main] DEBUG o.s.b.f.s.DefaultListableBeanFactory - Creating instance of bean 'org.springframework.web.servlet.i18n.AcceptHeaderLocaleResolver'
04:05:10.919 [main] DEBUG o.s.b.f.s.DefaultListableBeanFactory - Finished creating instance of bean 'org.springframework.web.servlet.i18n.AcceptHeaderLocaleResolver'
04:05:10.919 [main] DEBUG o.s.t.w.s.TestDispatcherServlet - Unable to locate LocaleResolver with name 'localeResolver': using default [org.springframework.web.servlet.i18n.AcceptHeaderLocaleResolver@2edfca29]
04:05:10.919 [main] DEBUG o.s.b.f.s.DefaultListableBeanFactory - Creating instance of bean 'org.springframework.web.servlet.theme.FixedThemeResolver'
04:05:10.919 [main] DEBUG o.s.b.f.s.DefaultListableBeanFactory - Finished creating instance of bean 'org.springframework.web.servlet.theme.FixedThemeResolver'
04:05:10.919 [main] DEBUG o.s.t.w.s.TestDispatcherServlet - Unable to locate ThemeResolver with name 'themeResolver': using default [org.springframework.web.servlet.theme.FixedThemeResolver@32a866b9]
04:05:10.921 [main] DEBUG o.s.b.f.s.DefaultListableBeanFactory - Returning cached instance of singleton bean 'requestMappingHandlerMapping'
04:05:10.922 [main] DEBUG o.s.b.f.s.DefaultListableBeanFactory - Returning cached instance of singleton bean 'viewControllerHandlerMapping'
04:05:10.922 [main] DEBUG o.s.b.f.s.DefaultListableBeanFactory - Returning cached instance of singleton bean 'beanNameHandlerMapping'
04:05:10.922 [main] DEBUG o.s.b.f.s.DefaultListableBeanFactory - Returning cached instance of singleton bean 'resourceHandlerMapping'
04:05:10.923 [main] DEBUG o.s.b.f.s.DefaultListableBeanFactory - Returning cached instance of singleton bean 'defaultServletHandlerMapping'
04:05:10.924 [main] DEBUG o.s.b.f.s.DefaultListableBeanFactory - Returning cached instance of singleton bean 'requestMappingHandlerAdapter'
04:05:10.924 [main] DEBUG o.s.b.f.s.DefaultListableBeanFactory - Returning cached instance of singleton bean 'httpRequestHandlerAdapter'
04:05:10.924 [main] DEBUG o.s.b.f.s.DefaultListableBeanFactory - Returning cached instance of singleton bean 'simpleControllerHandlerAdapter'
04:05:10.929 [main] DEBUG o.s.b.f.s.DefaultListableBeanFactory - Returning cached instance of singleton bean 'handlerExceptionResolver'
04:05:10.930 [main] DEBUG o.s.b.f.s.DefaultListableBeanFactory - Creating instance of bean 'org.springframework.web.servlet.view.DefaultRequestToViewNameTranslator'
04:05:10.931 [main] DEBUG o.s.b.f.s.DefaultListableBeanFactory - Finished creating instance of bean 'org.springframework.web.servlet.view.DefaultRequestToViewNameTranslator'
04:05:10.931 [main] DEBUG o.s.t.w.s.TestDispatcherServlet - Unable to locate RequestToViewNameTranslator with name 'viewNameTranslator': using default [org.springframework.web.servlet.view.DefaultRequestToViewNameTranslator@613d44b]
04:05:10.932 [main] DEBUG o.s.b.f.s.DefaultListableBeanFactory - Returning cached instance of singleton bean 'mvcViewResolver'
04:05:10.932 [main] DEBUG o.s.b.f.s.DefaultListableBeanFactory - Returning cached instance of singleton bean 'viewResolver'
04:05:10.934 [main] DEBUG o.s.b.f.s.DefaultListableBeanFactory - Creating instance of bean 'org.springframework.web.servlet.support.SessionFlashMapManager'
04:05:10.935 [main] DEBUG o.s.b.f.s.DefaultListableBeanFactory - Finished creating instance of bean 'org.springframework.web.servlet.support.SessionFlashMapManager'
04:05:10.935 [main] DEBUG o.s.t.w.s.TestDispatcherServlet - Unable to locate FlashMapManager with name 'flashMapManager': using default [org.springframework.web.servlet.support.SessionFlashMapManager@2fbf2b49]
04:05:10.935 [main] DEBUG o.s.t.w.s.TestDispatcherServlet - Published WebApplicationContext of servlet '' as ServletContext attribute with name [org.springframework.web.servlet.FrameworkServlet.CONTEXT.]
04:05:10.936 [main] INFO  o.s.t.w.s.TestDispatcherServlet - FrameworkServlet '': initialization completed in 20 ms
04:05:10.936 [main] DEBUG o.s.t.w.s.TestDispatcherServlet - Servlet '' configured successfully
04:05:10.937 [main] DEBUG o.h.e.t.internal.TransactionImpl - begin
04:05:10.940 [main] DEBUG org.hibernate.SQL - select this_.username as username1_15_0_, this_.enabled as enabled2_15_0_, this_.password as password3_15_0_, this_.role as role4_15_0_ from Users this_ where this_.username=? and this_.role=?
Hibernate: select this_.username as username1_15_0_, this_.enabled as enabled2_15_0_, this_.password as password3_15_0_, this_.role as role4_15_0_ from Users this_ where this_.username=? and this_.role=?
04:05:10.943 [main] DEBUG org.hibernate.loader.Loader - Result set row: 0
04:05:10.944 [main] DEBUG org.hibernate.loader.Loader - Result row: EntityKey[edu.ncsu.csc.itrust2.models.persistent.User#patient]
04:05:10.945 [main] DEBUG o.h.engine.internal.TwoPhaseLoad - Resolving associations for [edu.ncsu.csc.itrust2.models.persistent.User#patient]
04:05:10.948 [main] DEBUG o.h.engine.internal.TwoPhaseLoad - Done materializing entity [edu.ncsu.csc.itrust2.models.persistent.User#patient]
04:05:10.950 [main] DEBUG o.h.e.t.internal.TransactionImpl - committing
04:05:10.950 [main] DEBUG o.h.e.i.AbstractFlushingEventListener - Processing flush-time cascades
04:05:10.950 [main] DEBUG o.h.e.i.AbstractFlushingEventListener - Dirty checking collections
04:05:10.950 [main] DEBUG o.h.e.i.AbstractFlushingEventListener - Flushed: 0 insertions, 0 updates, 0 deletions to 1 objects
04:05:10.950 [main] DEBUG o.h.e.i.AbstractFlushingEventListener - Flushed: 0 (re)creations, 0 updates, 0 removals to 0 collections
04:05:10.950 [main] DEBUG o.h.internal.util.EntityPrinter - Listing entities:
04:05:10.951 [main] DEBUG o.h.internal.util.EntityPrinter - edu.ncsu.csc.itrust2.models.persistent.User{password=$2a$10$EblZqNptyYvcLm/VwDCVAuBjzZOI7khzdyGPBr08PpIi0na624b8., role=ROLE_PATIENT, enabled=1, username=patient}
04:05:10.952 [main] DEBUG o.h.e.t.internal.TransactionImpl - begin
04:05:10.955 [main] DEBUG org.hibernate.SQL - select this_.self_id as self_id18_12_2_, this_.address1 as address1_12_2_, this_.address2 as address2_12_2_, this_.bloodType as bloodTyp3_12_2_, this_.causeOfDeath as causeOfD4_12_2_, this_.city as city5_12_2_, this_.dateOfBirth as dateOfBi6_12_2_, this_.dateOfDeath as dateOfDe7_12_2_, this_.email as email8_12_2_, this_.ethnicity as ethnicit9_12_2_, this_.father_id as father_19_12_2_, this_.firstName as firstNa10_12_2_, this_.gender as gender11_12_2_, this_.id as id12_12_2_, this_.lastName as lastNam13_12_2_, this_.mother_id as mother_20_12_2_, this_.phone as phone14_12_2_, this_.preferredName as preferr15_12_2_, this_.state as state16_12_2_, this_.zip as zip17_12_2_, user2_.username as username1_15_0_, user2_.enabled as enabled2_15_0_, user2_.password as password3_15_0_, user2_.role as role4_15_0_, user3_.username as username1_15_1_, user3_.enabled as enabled2_15_1_, user3_.password as password3_15_1_, user3_.role as role4_15_1_ from Patients this_ left outer join Users user2_ on this_.father_id=user2_.username left outer join Users user3_ on this_.mother_id=user3_.username where this_.self_id=?
Hibernate: select this_.self_id as self_id18_12_2_, this_.address1 as address1_12_2_, this_.address2 as address2_12_2_, this_.bloodType as bloodTyp3_12_2_, this_.causeOfDeath as causeOfD4_12_2_, this_.city as city5_12_2_, this_.dateOfBirth as dateOfBi6_12_2_, this_.dateOfDeath as dateOfDe7_12_2_, this_.email as email8_12_2_, this_.ethnicity as ethnicit9_12_2_, this_.father_id as father_19_12_2_, this_.firstName as firstNa10_12_2_, this_.gender as gender11_12_2_, this_.id as id12_12_2_, this_.lastName as lastNam13_12_2_, this_.mother_id as mother_20_12_2_, this_.phone as phone14_12_2_, this_.preferredName as preferr15_12_2_, this_.state as state16_12_2_, this_.zip as zip17_12_2_, user2_.username as username1_15_0_, user2_.enabled as enabled2_15_0_, user2_.password as password3_15_0_, user2_.role as role4_15_0_, user3_.username as username1_15_1_, user3_.enabled as enabled2_15_1_, user3_.password as password3_15_1_, user3_.role as role4_15_1_ from Patients this_ left outer join Users user2_ on this_.father_id=user2_.username left outer join Users user3_ on this_.mother_id=user3_.username where this_.self_id=?
04:05:10.965 [main] DEBUG o.h.e.t.internal.TransactionImpl - committing
04:05:10.967 [main] DEBUG o.s.t.w.s.TestDispatcherServlet - DispatcherServlet with name '' processing GET request for [/api/v1/officevisits/-1]
04:05:10.968 [main] DEBUG o.s.w.s.m.m.a.RequestMappingHandlerMapping - Looking up handler method for path /api/v1/officevisits/-1
04:05:10.969 [main] DEBUG o.s.w.s.m.m.a.RequestMappingHandlerMapping - Returning handler method [public org.springframework.http.ResponseEntity edu.ncsu.csc.itrust2.controllers.api.APIOfficeVisitController.getOfficeVisit(java.lang.Long)]
04:05:10.969 [main] DEBUG o.s.b.f.s.DefaultListableBeanFactory - Returning cached instance of singleton bean 'APIOfficeVisitController'
04:05:10.969 [main] DEBUG o.s.t.w.s.TestDispatcherServlet - Last-Modified value for [/api/v1/officevisits/-1] is: -1
04:05:10.974 [main] DEBUG o.h.e.t.internal.TransactionImpl - begin
04:05:10.976 [main] DEBUG org.hibernate.SQL - select this_.id as id1_10_12_, this_.appointment_id as appointm5_10_12_, this_.basichealthmetrics_id as basichea6_10_12_, this_.date as date2_10_12_, this_.hcp_id as hcp_id7_10_12_, this_.hospital_id as hospital8_10_12_, this_.notes as notes3_10_12_, this_.patient_id as patient_9_10_12_, this_.type as type4_10_12_, appointmen2_.id as id1_0_0_, appointmen2_.comments as comments2_0_0_, appointmen2_.date as date3_0_0_, appointmen2_.hcp_id as hcp_id6_0_0_, appointmen2_.patient_id as patient_7_0_0_, appointmen2_.status as status4_0_0_, appointmen2_.type as type5_0_0_, user3_.username as username1_15_1_, user3_.enabled as enabled2_15_1_, user3_.password as password3_15_1_, user3_.role as role4_15_1_, user4_.username as username1_15_2_, user4_.enabled as enabled2_15_2_, user4_.password as password3_15_2_, user4_.role as role4_15_2_, basichealt5_.id as id1_1_3_, basichealt5_.diastolic as diastoli2_1_3_, basichealt5_.hcp_id as hcp_id12_1_3_, basichealt5_.hdl as hdl3_1_3_, basichealt5_.headCircumference as headCirc4_1_3_, basichealt5_.height as height5_1_3_, basichealt5_.houseSmokingStatus as houseSmo6_1_3_, basichealt5_.ldl as ldl7_1_3_, basichealt5_.patient_id as patient13_1_3_, basichealt5_.patientSmokingStatus as patientS8_1_3_, basichealt5_.systolic as systolic9_1_3_, basichealt5_.tri as tri10_1_3_, basichealt5_.weight as weight11_1_3_, user6_.username as username1_15_4_, user6_.enabled as enabled2_15_4_, user6_.password as password3_15_4_, user6_.role as role4_15_4_, user7_.username as username1_15_5_, user7_.enabled as enabled2_15_5_, user7_.password as password3_15_5_, user7_.role as role4_15_5_, user8_.username as username1_15_6_, user8_.enabled as enabled2_15_6_, user8_.password as password3_15_6_, user8_.role as role4_15_6_, hospital9_.name as name1_4_7_, hospital9_.address as address2_4_7_, hospital9_.state as state3_4_7_, hospital9_.zip as zip4_4_7_, user10_.username as username1_15_8_, user10_.enabled as enabled2_15_8_, user10_.password as password3_15_8_, user10_.role as role4_15_8_, prescripti11_.prescriptions_id as prescrip8_14_14_, prescripti11_.id as id1_14_14_, prescripti11_.id as id1_14_9_, prescripti11_.dosage as dosage2_14_9_, prescripti11_.drug_id as drug_id6_14_9_, prescripti11_.endDate as endDate3_14_9_, prescripti11_.patient_id as patient_7_14_9_, prescripti11_.renewals as renewals4_14_9_, prescripti11_.startDate as startDat5_14_9_, drug12_.id as id1_3_10_, drug12_.code as code2_3_10_, drug12_.description as descript3_3_10_, drug12_.name as name4_3_10_, user13_.username as username1_15_11_, user13_.enabled as enabled2_15_11_, user13_.password as password3_15_11_, user13_.role as role4_15_11_ from OfficeVisits this_ left outer join AppointmentRequests appointmen2_ on this_.appointment_id=appointmen2_.id left outer join Users user3_ on appointmen2_.hcp_id=user3_.username left outer join Users user4_ on appointmen2_.patient_id=user4_.username left outer join BasicHealthMetrics basichealt5_ on this_.basichealthmetrics_id=basichealt5_.id left outer join Users user6_ on basichealt5_.hcp_id=user6_.username left outer join Users user7_ on basichealt5_.patient_id=user7_.username inner join Users user8_ on this_.hcp_id=user8_.username inner join Hospitals hospital9_ on this_.hospital_id=hospital9_.name inner join Users user10_ on this_.patient_id=user10_.username left outer join Prescriptions prescripti11_ on this_.id=prescripti11_.prescriptions_id left outer join Drugs drug12_ on prescripti11_.drug_id=drug12_.id left outer join Users user13_ on prescripti11_.patient_id=user13_.username where this_.id=?
Hibernate: select this_.id as id1_10_12_, this_.appointment_id as appointm5_10_12_, this_.basichealthmetrics_id as basichea6_10_12_, this_.date as date2_10_12_, this_.hcp_id as hcp_id7_10_12_, this_.hospital_id as hospital8_10_12_, this_.notes as notes3_10_12_, this_.patient_id as patient_9_10_12_, this_.type as type4_10_12_, appointmen2_.id as id1_0_0_, appointmen2_.comments as comments2_0_0_, appointmen2_.date as date3_0_0_, appointmen2_.hcp_id as hcp_id6_0_0_, appointmen2_.patient_id as patient_7_0_0_, appointmen2_.status as status4_0_0_, appointmen2_.type as type5_0_0_, user3_.username as username1_15_1_, user3_.enabled as enabled2_15_1_, user3_.password as password3_15_1_, user3_.role as role4_15_1_, user4_.username as username1_15_2_, user4_.enabled as enabled2_15_2_, user4_.password as password3_15_2_, user4_.role as role4_15_2_, basichealt5_.id as id1_1_3_, basichealt5_.diastolic as diastoli2_1_3_, basichealt5_.hcp_id as hcp_id12_1_3_, basichealt5_.hdl as hdl3_1_3_, basichealt5_.headCircumference as headCirc4_1_3_, basichealt5_.height as height5_1_3_, basichealt5_.houseSmokingStatus as houseSmo6_1_3_, basichealt5_.ldl as ldl7_1_3_, basichealt5_.patient_id as patient13_1_3_, basichealt5_.patientSmokingStatus as patientS8_1_3_, basichealt5_.systolic as systolic9_1_3_, basichealt5_.tri as tri10_1_3_, basichealt5_.weight as weight11_1_3_, user6_.username as username1_15_4_, user6_.enabled as enabled2_15_4_, user6_.password as password3_15_4_, user6_.role as role4_15_4_, user7_.username as username1_15_5_, user7_.enabled as enabled2_15_5_, user7_.password as password3_15_5_, user7_.role as role4_15_5_, user8_.username as username1_15_6_, user8_.enabled as enabled2_15_6_, user8_.password as password3_15_6_, user8_.role as role4_15_6_, hospital9_.name as name1_4_7_, hospital9_.address as address2_4_7_, hospital9_.state as state3_4_7_, hospital9_.zip as zip4_4_7_, user10_.username as username1_15_8_, user10_.enabled as enabled2_15_8_, user10_.password as password3_15_8_, user10_.role as role4_15_8_, prescripti11_.prescriptions_id as prescrip8_14_14_, prescripti11_.id as id1_14_14_, prescripti11_.id as id1_14_9_, prescripti11_.dosage as dosage2_14_9_, prescripti11_.drug_id as drug_id6_14_9_, prescripti11_.endDate as endDate3_14_9_, prescripti11_.patient_id as patient_7_14_9_, prescripti11_.renewals as renewals4_14_9_, prescripti11_.startDate as startDat5_14_9_, drug12_.id as id1_3_10_, drug12_.code as code2_3_10_, drug12_.description as descript3_3_10_, drug12_.name as name4_3_10_, user13_.username as username1_15_11_, user13_.enabled as enabled2_15_11_, user13_.password as password3_15_11_, user13_.role as role4_15_11_ from OfficeVisits this_ left outer join AppointmentRequests appointmen2_ on this_.appointment_id=appointmen2_.id left outer join Users user3_ on appointmen2_.hcp_id=user3_.username left outer join Users user4_ on appointmen2_.patient_id=user4_.username left outer join BasicHealthMetrics basichealt5_ on this_.basichealthmetrics_id=basichealt5_.id left outer join Users user6_ on basichealt5_.hcp_id=user6_.username left outer join Users user7_ on basichealt5_.patient_id=user7_.username inner join Users user8_ on this_.hcp_id=user8_.username inner join Hospitals hospital9_ on this_.hospital_id=hospital9_.name inner join Users user10_ on this_.patient_id=user10_.username left outer join Prescriptions prescripti11_ on this_.id=prescripti11_.prescriptions_id left outer join Drugs drug12_ on prescripti11_.drug_id=drug12_.id left outer join Users user13_ on prescripti11_.patient_id=user13_.username where this_.id=?
04:05:10.980 [main] DEBUG o.h.e.l.i.CollectionLoadContext - No collections were found in result set for role: edu.ncsu.csc.itrust2.models.persistent.OfficeVisit.prescriptions
04:05:10.980 [main] DEBUG o.h.e.t.internal.TransactionImpl - committing
04:05:10.982 [main] DEBUG o.h.e.t.internal.TransactionImpl - begin
04:05:10.984 [main] DEBUG org.hibernate.SQL - select this_.username as username1_15_0_, this_.enabled as enabled2_15_0_, this_.password as password3_15_0_, this_.role as role4_15_0_ from Users this_ where this_.username=?
Hibernate: select this_.username as username1_15_0_, this_.enabled as enabled2_15_0_, this_.password as password3_15_0_, this_.role as role4_15_0_ from Users this_ where this_.username=?
04:05:10.984 [main] DEBUG o.h.e.t.internal.TransactionImpl - committing
04:05:10.985 [main] DEBUG o.h.e.t.internal.TransactionImpl - begin
04:05:10.986 [main] DEBUG org.hibernate.SQL - select next_val as id_val from hibernate_sequence for update
Hibernate: select next_val as id_val from hibernate_sequence for update
04:05:10.987 [main] DEBUG org.hibernate.SQL - update hibernate_sequence set next_val= ? where next_val=?
Hibernate: update hibernate_sequence set next_val= ? where next_val=?
04:05:10.989 [main] DEBUG o.h.e.i.AbstractSaveEventListener - Generated identifier: 22, using strategy: org.hibernate.id.enhanced.SequenceStyleGenerator
04:05:10.989 [main] DEBUG o.h.e.t.internal.TransactionImpl - committing
04:05:10.990 [main] DEBUG o.h.e.i.AbstractFlushingEventListener - Processing flush-time cascades
04:05:10.990 [main] DEBUG o.h.e.i.AbstractFlushingEventListener - Dirty checking collections
04:05:10.990 [main] DEBUG o.h.e.i.AbstractFlushingEventListener - Flushed: 1 insertions, 0 updates, 0 deletions to 1 objects
04:05:10.990 [main] DEBUG o.h.e.i.AbstractFlushingEventListener - Flushed: 0 (re)creations, 0 updates, 0 removals to 0 collections
04:05:10.990 [main] DEBUG o.h.internal.util.EntityPrinter - Listing entities:
04:05:10.990 [main] DEBUG o.h.internal.util.EntityPrinter - edu.ncsu.csc.itrust2.models.persistent.LogEntry{secondaryUser=null, logCode=29, primaryUser=SPRING_API_TEST_USER, id=22, time=java.util.GregorianCalendar[time=1521605110985,areFieldsSet=true,areAllFieldsSet=true,lenient=true,zone=sun.util.calendar.ZoneInfo[id="Etc/UTC",offset=0,dstSavings=0,useDaylight=false,transitions=0,lastRule=null],firstDayOfWeek=1,minimalDaysInFirstWeek=1,ERA=1,YEAR=2018,MONTH=2,WEEK_OF_YEAR=12,WEEK_OF_MONTH=4,DAY_OF_MONTH=21,DAY_OF_YEAR=80,DAY_OF_WEEK=4,DAY_OF_WEEK_IN_MONTH=3,AM_PM=0,HOUR=4,HOUR_OF_DAY=4,MINUTE=5,SECOND=10,MILLISECOND=985,ZONE_OFFSET=0,DST_OFFSET=0], message=null}
04:05:10.992 [main] DEBUG org.hibernate.SQL - insert into LogEntries (logCode, message, primaryUser, secondaryUser, time, id) values (?, ?, ?, ?, ?, ?)
Hibernate: insert into LogEntries (logCode, message, primaryUser, secondaryUser, time, id) values (?, ?, ?, ?, ?, ?)
04:05:10.998 [main] DEBUG o.h.e.j.internal.JdbcCoordinatorImpl - HHH000420: Closing un-released batch
04:05:11.000 [main] DEBUG o.s.t.w.s.TestDispatcherServlet - Null ModelAndView returned to DispatcherServlet with name '': assuming HandlerAdapter completed request handling
04:05:11.001 [main] DEBUG o.s.t.w.s.TestDispatcherServlet - Successfully completed request
04:05:11.002 [main] DEBUG o.s.t.c.s.AbstractDirtiesContextTestExecutionListener - After test method: context [DefaultTestContext@65a3a48e testClass = APIOfficeVisitTest, testInstance = edu.ncsu.csc.itrust2.apitest.APIOfficeVisitTest@2a53db9c, testMethod = testGetNonExistentOfficeVisit@APIOfficeVisitTest, testException = java.lang.AssertionError: Status expected:<404> but was:<200>, mergedContextConfiguration = [WebMergedContextConfiguration@30d1cf25 testClass = APIOfficeVisitTest, locations = '{}', classes = '{class edu.ncsu.csc.itrust2.config.RootConfiguration, class edu.ncsu.csc.itrust2.mvc.config.WebMvcConfiguration}', contextInitializerClasses = '[]', activeProfiles = '{}', propertySourceLocations = '{}', propertySourceProperties = '{}', contextCustomizers = set[[empty]], resourceBasePath = 'src/main/webapp', contextLoader = 'org.springframework.test.context.web.WebDelegatingSmartContextLoader', parent = [null]]], class annotated with @DirtiesContext [false] with mode [null], method annotated with @DirtiesContext [false] with mode [null].
04:05:11.002 [main] DEBUG o.s.t.c.w.ServletTestExecutionListener - Resetting RequestContextHolder for test context [DefaultTestContext@65a3a48e testClass = APIOfficeVisitTest, testInstance = edu.ncsu.csc.itrust2.apitest.APIOfficeVisitTest@2a53db9c, testMethod = testGetNonExistentOfficeVisit@APIOfficeVisitTest, testException = java.lang.AssertionError: Status expected:<404> but was:<200>, mergedContextConfiguration = [WebMergedContextConfiguration@30d1cf25 testClass = APIOfficeVisitTest, locations = '{}', classes = '{class edu.ncsu.csc.itrust2.config.RootConfiguration, class edu.ncsu.csc.itrust2.mvc.config.WebMvcConfiguration}', contextInitializerClasses = '[]', activeProfiles = '{}', propertySourceLocations = '{}', propertySourceProperties = '{}', contextCustomizers = set[[empty]], resourceBasePath = 'src/main/webapp', contextLoader = 'org.springframework.test.context.web.WebDelegatingSmartContextLoader', parent = [null]]].
]]></system-out>
  </testcase>
  <testcase name="testOfficeVisitAPI" classname="edu.ncsu.csc.itrust2.apitest.APIOfficeVisitTest" time="0.674">
    <failure message="Status expected:&lt;200&gt; but was:&lt;400&gt;" type="java.lang.AssertionError"><![CDATA[java.lang.AssertionError: Status expected:<200> but was:<400>
	at edu.ncsu.csc.itrust2.apitest.APIOfficeVisitTest.testOfficeVisitAPI(APIOfficeVisitTest.java:194)
]]></failure>
    <system-out><![CDATA[04:05:11.003 [main] DEBUG o.s.t.annotation.ProfileValueUtils - Retrieved @ProfileValueSourceConfiguration [null] for test class [edu.ncsu.csc.itrust2.apitest.APIOfficeVisitTest]
04:05:11.003 [main] DEBUG o.s.t.annotation.ProfileValueUtils - Retrieved ProfileValueSource type [class org.springframework.test.annotation.SystemProfileValueSource] for class [edu.ncsu.csc.itrust2.apitest.APIOfficeVisitTest]
04:05:11.003 [main] DEBUG o.s.t.c.c.DefaultCacheAwareContextLoaderDelegate - Retrieved ApplicationContext from cache with key [[WebMergedContextConfiguration@30d1cf25 testClass = APIOfficeVisitTest, locations = '{}', classes = '{class edu.ncsu.csc.itrust2.config.RootConfiguration, class edu.ncsu.csc.itrust2.mvc.config.WebMvcConfiguration}', contextInitializerClasses = '[]', activeProfiles = '{}', propertySourceLocations = '{}', propertySourceProperties = '{}', contextCustomizers = set[[empty]], resourceBasePath = 'src/main/webapp', contextLoader = 'org.springframework.test.context.web.WebDelegatingSmartContextLoader', parent = [null]]]
04:05:11.003 [main] DEBUG o.springframework.test.context.cache - Spring test ApplicationContext cache statistics: [DefaultContextCache@4740e12f size = 1, maxSize = 32, parentContextCount = 0, hitCount = 27, missCount = 1]
04:05:11.003 [main] DEBUG o.s.t.c.w.ServletTestExecutionListener - Setting up MockHttpServletRequest, MockHttpServletResponse, ServletWebRequest, and RequestContextHolder for test context [DefaultTestContext@65a3a48e testClass = APIOfficeVisitTest, testInstance = edu.ncsu.csc.itrust2.apitest.APIOfficeVisitTest@2c52a78d, testMethod = [null], testException = [null], mergedContextConfiguration = [WebMergedContextConfiguration@30d1cf25 testClass = APIOfficeVisitTest, locations = '{}', classes = '{class edu.ncsu.csc.itrust2.config.RootConfiguration, class edu.ncsu.csc.itrust2.mvc.config.WebMvcConfiguration}', contextInitializerClasses = '[]', activeProfiles = '{}', propertySourceLocations = '{}', propertySourceProperties = '{}', contextCustomizers = set[[empty]], resourceBasePath = 'src/main/webapp', contextLoader = 'org.springframework.test.context.web.WebDelegatingSmartContextLoader', parent = [null]]].
04:05:11.004 [main] DEBUG o.s.t.c.s.DependencyInjectionTestExecutionListener - Performing dependency injection for test context [[DefaultTestContext@65a3a48e testClass = APIOfficeVisitTest, testInstance = edu.ncsu.csc.itrust2.apitest.APIOfficeVisitTest@2c52a78d, testMethod = [null], testException = [null], mergedContextConfiguration = [WebMergedContextConfiguration@30d1cf25 testClass = APIOfficeVisitTest, locations = '{}', classes = '{class edu.ncsu.csc.itrust2.config.RootConfiguration, class edu.ncsu.csc.itrust2.mvc.config.WebMvcConfiguration}', contextInitializerClasses = '[]', activeProfiles = '{}', propertySourceLocations = '{}', propertySourceProperties = '{}', contextCustomizers = set[[empty]], resourceBasePath = 'src/main/webapp', contextLoader = 'org.springframework.test.context.web.WebDelegatingSmartContextLoader', parent = [null]]]].
04:05:11.004 [main] DEBUG o.s.t.c.c.DefaultCacheAwareContextLoaderDelegate - Retrieved ApplicationContext from cache with key [[WebMergedContextConfiguration@30d1cf25 testClass = APIOfficeVisitTest, locations = '{}', classes = '{class edu.ncsu.csc.itrust2.config.RootConfiguration, class edu.ncsu.csc.itrust2.mvc.config.WebMvcConfiguration}', contextInitializerClasses = '[]', activeProfiles = '{}', propertySourceLocations = '{}', propertySourceProperties = '{}', contextCustomizers = set[[empty]], resourceBasePath = 'src/main/webapp', contextLoader = 'org.springframework.test.context.web.WebDelegatingSmartContextLoader', parent = [null]]]
04:05:11.004 [main] DEBUG o.springframework.test.context.cache - Spring test ApplicationContext cache statistics: [DefaultContextCache@4740e12f size = 1, maxSize = 32, parentContextCount = 0, hitCount = 28, missCount = 1]
04:05:11.006 [main] DEBUG o.s.b.f.annotation.InjectionMetadata - Processing injected element of bean 'edu.ncsu.csc.itrust2.apitest.APIOfficeVisitTest': AutowiredFieldElement for private org.springframework.web.context.WebApplicationContext edu.ncsu.csc.itrust2.apitest.APIOfficeVisitTest.context
04:05:11.008 [main] DEBUG o.s.t.c.s.AbstractDirtiesContextTestExecutionListener - Before test method: context [DefaultTestContext@65a3a48e testClass = APIOfficeVisitTest, testInstance = edu.ncsu.csc.itrust2.apitest.APIOfficeVisitTest@2c52a78d, testMethod = testOfficeVisitAPI@APIOfficeVisitTest, testException = [null], mergedContextConfiguration = [WebMergedContextConfiguration@30d1cf25 testClass = APIOfficeVisitTest, locations = '{}', classes = '{class edu.ncsu.csc.itrust2.config.RootConfiguration, class edu.ncsu.csc.itrust2.mvc.config.WebMvcConfiguration}', contextInitializerClasses = '[]', activeProfiles = '{}', propertySourceLocations = '{}', propertySourceProperties = '{}', contextCustomizers = set[[empty]], resourceBasePath = 'src/main/webapp', contextLoader = 'org.springframework.test.context.web.WebDelegatingSmartContextLoader', parent = [null]]], class annotated with @DirtiesContext [false] with mode [null], method annotated with @DirtiesContext [false] with mode [null].
04:05:11.009 [main] DEBUG o.s.t.w.s.TestDispatcherServlet - Initializing servlet ''
04:05:11.011 [main] DEBUG o.s.w.c.s.StandardServletEnvironment - Adding [servletConfigInitParams] PropertySource with lowest search precedence
04:05:11.011 [main] DEBUG o.s.w.c.s.StandardServletEnvironment - Adding [servletContextInitParams] PropertySource with lowest search precedence
04:05:11.011 [main] DEBUG o.s.w.c.s.StandardServletEnvironment - Adding [systemProperties] PropertySource with lowest search precedence
04:05:11.011 [main] DEBUG o.s.w.c.s.StandardServletEnvironment - Adding [systemEnvironment] PropertySource with lowest search precedence
04:05:11.011 [main] DEBUG o.s.w.c.s.StandardServletEnvironment - Initialized StandardServletEnvironment with PropertySources [servletConfigInitParams,servletContextInitParams,systemProperties,systemEnvironment]
04:05:11.011 [main] INFO  o.s.mock.web.MockServletContext - Initializing Spring FrameworkServlet ''
04:05:11.011 [main] INFO  o.s.t.w.s.TestDispatcherServlet - FrameworkServlet '': initialization started
04:05:11.011 [main] DEBUG o.s.t.w.s.TestDispatcherServlet - Unable to locate MultipartResolver with name 'multipartResolver': no multipart request handling provided
04:05:11.012 [main] DEBUG o.s.b.f.s.DefaultListableBeanFactory - Creating instance of bean 'org.springframework.web.servlet.i18n.AcceptHeaderLocaleResolver'
04:05:11.012 [main] DEBUG o.s.b.f.s.DefaultListableBeanFactory - Finished creating instance of bean 'org.springframework.web.servlet.i18n.AcceptHeaderLocaleResolver'
04:05:11.012 [main] DEBUG o.s.t.w.s.TestDispatcherServlet - Unable to locate LocaleResolver with name 'localeResolver': using default [org.springframework.web.servlet.i18n.AcceptHeaderLocaleResolver@ab61437]
04:05:11.013 [main] DEBUG o.s.b.f.s.DefaultListableBeanFactory - Creating instance of bean 'org.springframework.web.servlet.theme.FixedThemeResolver'
04:05:11.013 [main] DEBUG o.s.b.f.s.DefaultListableBeanFactory - Finished creating instance of bean 'org.springframework.web.servlet.theme.FixedThemeResolver'
04:05:11.013 [main] DEBUG o.s.t.w.s.TestDispatcherServlet - Unable to locate ThemeResolver with name 'themeResolver': using default [org.springframework.web.servlet.theme.FixedThemeResolver@1896371c]
04:05:11.014 [main] DEBUG o.s.b.f.s.DefaultListableBeanFactory - Returning cached instance of singleton bean 'requestMappingHandlerMapping'
04:05:11.014 [main] DEBUG o.s.b.f.s.DefaultListableBeanFactory - Returning cached instance of singleton bean 'viewControllerHandlerMapping'
04:05:11.014 [main] DEBUG o.s.b.f.s.DefaultListableBeanFactory - Returning cached instance of singleton bean 'beanNameHandlerMapping'
04:05:11.014 [main] DEBUG o.s.b.f.s.DefaultListableBeanFactory - Returning cached instance of singleton bean 'resourceHandlerMapping'
04:05:11.014 [main] DEBUG o.s.b.f.s.DefaultListableBeanFactory - Returning cached instance of singleton bean 'defaultServletHandlerMapping'
04:05:11.016 [main] DEBUG o.s.b.f.s.DefaultListableBeanFactory - Returning cached instance of singleton bean 'requestMappingHandlerAdapter'
04:05:11.016 [main] DEBUG o.s.b.f.s.DefaultListableBeanFactory - Returning cached instance of singleton bean 'httpRequestHandlerAdapter'
04:05:11.016 [main] DEBUG o.s.b.f.s.DefaultListableBeanFactory - Returning cached instance of singleton bean 'simpleControllerHandlerAdapter'
04:05:11.017 [main] DEBUG o.s.b.f.s.DefaultListableBeanFactory - Returning cached instance of singleton bean 'handlerExceptionResolver'
04:05:11.017 [main] DEBUG o.s.b.f.s.DefaultListableBeanFactory - Creating instance of bean 'org.springframework.web.servlet.view.DefaultRequestToViewNameTranslator'
04:05:11.017 [main] DEBUG o.s.b.f.s.DefaultListableBeanFactory - Finished creating instance of bean 'org.springframework.web.servlet.view.DefaultRequestToViewNameTranslator'
04:05:11.017 [main] DEBUG o.s.t.w.s.TestDispatcherServlet - Unable to locate RequestToViewNameTranslator with name 'viewNameTranslator': using default [org.springframework.web.servlet.view.DefaultRequestToViewNameTranslator@2141954c]
04:05:11.019 [main] DEBUG o.s.b.f.s.DefaultListableBeanFactory - Returning cached instance of singleton bean 'mvcViewResolver'
04:05:11.019 [main] DEBUG o.s.b.f.s.DefaultListableBeanFactory - Returning cached instance of singleton bean 'viewResolver'
04:05:11.020 [main] DEBUG o.s.b.f.s.DefaultListableBeanFactory - Creating instance of bean 'org.springframework.web.servlet.support.SessionFlashMapManager'
04:05:11.021 [main] DEBUG o.s.b.f.s.DefaultListableBeanFactory - Finished creating instance of bean 'org.springframework.web.servlet.support.SessionFlashMapManager'
04:05:11.021 [main] DEBUG o.s.t.w.s.TestDispatcherServlet - Unable to locate FlashMapManager with name 'flashMapManager': using default [org.springframework.web.servlet.support.SessionFlashMapManager@7df4dbd2]
04:05:11.021 [main] DEBUG o.s.t.w.s.TestDispatcherServlet - Published WebApplicationContext of servlet '' as ServletContext attribute with name [org.springframework.web.servlet.FrameworkServlet.CONTEXT.]
04:05:11.021 [main] INFO  o.s.t.w.s.TestDispatcherServlet - FrameworkServlet '': initialization completed in 10 ms
04:05:11.021 [main] DEBUG o.s.t.w.s.TestDispatcherServlet - Servlet '' configured successfully
04:05:11.021 [main] DEBUG o.h.e.t.internal.TransactionImpl - begin
04:05:11.023 [main] DEBUG org.hibernate.SQL - select this_.username as username1_15_0_, this_.enabled as enabled2_15_0_, this_.password as password3_15_0_, this_.role as role4_15_0_ from Users this_ where this_.username=? and this_.role=?
Hibernate: select this_.username as username1_15_0_, this_.enabled as enabled2_15_0_, this_.password as password3_15_0_, this_.role as role4_15_0_ from Users this_ where this_.username=? and this_.role=?
04:05:11.025 [main] DEBUG org.hibernate.loader.Loader - Result set row: 0
04:05:11.025 [main] DEBUG org.hibernate.loader.Loader - Result row: EntityKey[edu.ncsu.csc.itrust2.models.persistent.User#patient]
04:05:11.025 [main] DEBUG o.h.engine.internal.TwoPhaseLoad - Resolving associations for [edu.ncsu.csc.itrust2.models.persistent.User#patient]
04:05:11.025 [main] DEBUG o.h.engine.internal.TwoPhaseLoad - Done materializing entity [edu.ncsu.csc.itrust2.models.persistent.User#patient]
04:05:11.026 [main] DEBUG o.h.e.t.internal.TransactionImpl - committing
04:05:11.026 [main] DEBUG o.h.e.i.AbstractFlushingEventListener - Processing flush-time cascades
04:05:11.026 [main] DEBUG o.h.e.i.AbstractFlushingEventListener - Dirty checking collections
04:05:11.026 [main] DEBUG o.h.e.i.AbstractFlushingEventListener - Flushed: 0 insertions, 0 updates, 0 deletions to 1 objects
04:05:11.026 [main] DEBUG o.h.e.i.AbstractFlushingEventListener - Flushed: 0 (re)creations, 0 updates, 0 removals to 0 collections
04:05:11.028 [main] DEBUG o.h.internal.util.EntityPrinter - Listing entities:
04:05:11.028 [main] DEBUG o.h.internal.util.EntityPrinter - edu.ncsu.csc.itrust2.models.persistent.User{password=$2a$10$EblZqNptyYvcLm/VwDCVAuBjzZOI7khzdyGPBr08PpIi0na624b8., role=ROLE_PATIENT, enabled=1, username=patient}
04:05:11.029 [main] DEBUG o.h.e.t.internal.TransactionImpl - begin
04:05:11.032 [main] DEBUG org.hibernate.SQL - select this_.self_id as self_id18_12_2_, this_.address1 as address1_12_2_, this_.address2 as address2_12_2_, this_.bloodType as bloodTyp3_12_2_, this_.causeOfDeath as causeOfD4_12_2_, this_.city as city5_12_2_, this_.dateOfBirth as dateOfBi6_12_2_, this_.dateOfDeath as dateOfDe7_12_2_, this_.email as email8_12_2_, this_.ethnicity as ethnicit9_12_2_, this_.father_id as father_19_12_2_, this_.firstName as firstNa10_12_2_, this_.gender as gender11_12_2_, this_.id as id12_12_2_, this_.lastName as lastNam13_12_2_, this_.mother_id as mother_20_12_2_, this_.phone as phone14_12_2_, this_.preferredName as preferr15_12_2_, this_.state as state16_12_2_, this_.zip as zip17_12_2_, user2_.username as username1_15_0_, user2_.enabled as enabled2_15_0_, user2_.password as password3_15_0_, user2_.role as role4_15_0_, user3_.username as username1_15_1_, user3_.enabled as enabled2_15_1_, user3_.password as password3_15_1_, user3_.role as role4_15_1_ from Patients this_ left outer join Users user2_ on this_.father_id=user2_.username left outer join Users user3_ on this_.mother_id=user3_.username where this_.self_id=?
Hibernate: select this_.self_id as self_id18_12_2_, this_.address1 as address1_12_2_, this_.address2 as address2_12_2_, this_.bloodType as bloodTyp3_12_2_, this_.causeOfDeath as causeOfD4_12_2_, this_.city as city5_12_2_, this_.dateOfBirth as dateOfBi6_12_2_, this_.dateOfDeath as dateOfDe7_12_2_, this_.email as email8_12_2_, this_.ethnicity as ethnicit9_12_2_, this_.father_id as father_19_12_2_, this_.firstName as firstNa10_12_2_, this_.gender as gender11_12_2_, this_.id as id12_12_2_, this_.lastName as lastNam13_12_2_, this_.mother_id as mother_20_12_2_, this_.phone as phone14_12_2_, this_.preferredName as preferr15_12_2_, this_.state as state16_12_2_, this_.zip as zip17_12_2_, user2_.username as username1_15_0_, user2_.enabled as enabled2_15_0_, user2_.password as password3_15_0_, user2_.role as role4_15_0_, user3_.username as username1_15_1_, user3_.enabled as enabled2_15_1_, user3_.password as password3_15_1_, user3_.role as role4_15_1_ from Patients this_ left outer join Users user2_ on this_.father_id=user2_.username left outer join Users user3_ on this_.mother_id=user3_.username where this_.self_id=?
04:05:11.034 [main] DEBUG o.h.e.t.internal.TransactionImpl - committing
04:05:11.036 [main] DEBUG o.s.t.w.s.TestDispatcherServlet - DispatcherServlet with name '' processing POST request for [/api/v1/users]
04:05:11.036 [main] DEBUG o.s.w.s.m.m.a.RequestMappingHandlerMapping - Looking up handler method for path /api/v1/users
04:05:11.037 [main] DEBUG o.s.w.s.m.m.a.RequestMappingHandlerMapping - Returning handler method [public org.springframework.http.ResponseEntity edu.ncsu.csc.itrust2.controllers.api.APIUserController.createUser(edu.ncsu.csc.itrust2.forms.admin.UserForm)]
04:05:11.037 [main] DEBUG o.s.b.f.s.DefaultListableBeanFactory - Returning cached instance of singleton bean 'APIUserController'
04:05:11.038 [main] DEBUG o.s.w.s.m.m.a.RequestResponseBodyMethodProcessor - Read [class edu.ncsu.csc.itrust2.forms.admin.UserForm] as "application/json" with [org.springframework.http.converter.json.GsonHttpMessageConverter@62271948]
04:05:11.219 [main] DEBUG o.h.e.t.internal.TransactionImpl - begin
04:05:11.228 [main] DEBUG org.hibernate.SQL - select this_.username as username1_15_0_, this_.enabled as enabled2_15_0_, this_.password as password3_15_0_, this_.role as role4_15_0_ from Users this_ where this_.username=?
Hibernate: select this_.username as username1_15_0_, this_.enabled as enabled2_15_0_, this_.password as password3_15_0_, this_.role as role4_15_0_ from Users this_ where this_.username=?
04:05:11.234 [main] DEBUG org.hibernate.loader.Loader - Result set row: 0
04:05:11.243 [main] DEBUG org.hibernate.loader.Loader - Result row: EntityKey[edu.ncsu.csc.itrust2.models.persistent.User#hcp]
04:05:11.243 [main] DEBUG o.h.engine.internal.TwoPhaseLoad - Resolving associations for [edu.ncsu.csc.itrust2.models.persistent.User#hcp]
04:05:11.243 [main] DEBUG o.h.engine.internal.TwoPhaseLoad - Done materializing entity [edu.ncsu.csc.itrust2.models.persistent.User#hcp]
04:05:11.243 [main] DEBUG o.h.e.t.internal.TransactionImpl - committing
04:05:11.244 [main] DEBUG o.h.e.i.AbstractFlushingEventListener - Processing flush-time cascades
04:05:11.248 [main] DEBUG o.h.e.i.AbstractFlushingEventListener - Dirty checking collections
04:05:11.251 [main] DEBUG o.h.e.i.AbstractFlushingEventListener - Flushed: 0 insertions, 0 updates, 0 deletions to 1 objects
04:05:11.252 [main] DEBUG o.h.e.i.AbstractFlushingEventListener - Flushed: 0 (re)creations, 0 updates, 0 removals to 0 collections
04:05:11.252 [main] DEBUG o.h.internal.util.EntityPrinter - Listing entities:
04:05:11.252 [main] DEBUG o.h.internal.util.EntityPrinter - edu.ncsu.csc.itrust2.models.persistent.User{password=$2a$10$EblZqNptyYvcLm/VwDCVAuBjzZOI7khzdyGPBr08PpIi0na624b8., role=ROLE_HCP, enabled=1, username=hcp}
04:05:11.256 [main] DEBUG o.s.w.s.m.m.a.HttpEntityMethodProcessor - Written [{"status":"failed","message":"User with the id hcp already exists"}] as "text/plain" using [org.springframework.http.converter.StringHttpMessageConverter@3508cc94]
04:05:11.256 [main] DEBUG o.s.t.w.s.TestDispatcherServlet - Null ModelAndView returned to DispatcherServlet with name '': assuming HandlerAdapter completed request handling
04:05:11.256 [main] DEBUG o.s.t.w.s.TestDispatcherServlet - Successfully completed request
04:05:11.258 [main] DEBUG o.s.t.w.s.TestDispatcherServlet - DispatcherServlet with name '' processing POST request for [/api/v1/users]
04:05:11.259 [main] DEBUG o.s.w.s.m.m.a.RequestMappingHandlerMapping - Looking up handler method for path /api/v1/users
04:05:11.260 [main] DEBUG o.s.w.s.m.m.a.RequestMappingHandlerMapping - Returning handler method [public org.springframework.http.ResponseEntity edu.ncsu.csc.itrust2.controllers.api.APIUserController.createUser(edu.ncsu.csc.itrust2.forms.admin.UserForm)]
04:05:11.261 [main] DEBUG o.s.b.f.s.DefaultListableBeanFactory - Returning cached instance of singleton bean 'APIUserController'
04:05:11.264 [main] DEBUG o.s.w.s.m.m.a.RequestResponseBodyMethodProcessor - Read [class edu.ncsu.csc.itrust2.forms.admin.UserForm] as "application/json" with [org.springframework.http.converter.json.GsonHttpMessageConverter@62271948]
04:05:11.412 [main] DEBUG o.h.e.t.internal.TransactionImpl - begin
04:05:11.416 [main] DEBUG org.hibernate.SQL - select this_.username as username1_15_0_, this_.enabled as enabled2_15_0_, this_.password as password3_15_0_, this_.role as role4_15_0_ from Users this_ where this_.username=?
Hibernate: select this_.username as username1_15_0_, this_.enabled as enabled2_15_0_, this_.password as password3_15_0_, this_.role as role4_15_0_ from Users this_ where this_.username=?
04:05:11.417 [main] DEBUG org.hibernate.loader.Loader - Result set row: 0
04:05:11.418 [main] DEBUG org.hibernate.loader.Loader - Result row: EntityKey[edu.ncsu.csc.itrust2.models.persistent.User#patient]
04:05:11.418 [main] DEBUG o.h.engine.internal.TwoPhaseLoad - Resolving associations for [edu.ncsu.csc.itrust2.models.persistent.User#patient]
04:05:11.418 [main] DEBUG o.h.engine.internal.TwoPhaseLoad - Done materializing entity [edu.ncsu.csc.itrust2.models.persistent.User#patient]
04:05:11.418 [main] DEBUG o.h.e.t.internal.TransactionImpl - committing
04:05:11.419 [main] DEBUG o.h.e.i.AbstractFlushingEventListener - Processing flush-time cascades
04:05:11.419 [main] DEBUG o.h.e.i.AbstractFlushingEventListener - Dirty checking collections
04:05:11.419 [main] DEBUG o.h.e.i.AbstractFlushingEventListener - Flushed: 0 insertions, 0 updates, 0 deletions to 1 objects
04:05:11.419 [main] DEBUG o.h.e.i.AbstractFlushingEventListener - Flushed: 0 (re)creations, 0 updates, 0 removals to 0 collections
04:05:11.419 [main] DEBUG o.h.internal.util.EntityPrinter - Listing entities:
04:05:11.419 [main] DEBUG o.h.internal.util.EntityPrinter - edu.ncsu.csc.itrust2.models.persistent.User{password=$2a$10$EblZqNptyYvcLm/VwDCVAuBjzZOI7khzdyGPBr08PpIi0na624b8., role=ROLE_PATIENT, enabled=1, username=patient}
04:05:11.422 [main] DEBUG o.s.w.s.m.m.a.HttpEntityMethodProcessor - Written [{"status":"failed","message":"User with the id patient already exists"}] as "text/plain" using [org.springframework.http.converter.StringHttpMessageConverter@3508cc94]
04:05:11.423 [main] DEBUG o.s.t.w.s.TestDispatcherServlet - Null ModelAndView returned to DispatcherServlet with name '': assuming HandlerAdapter completed request handling
04:05:11.423 [main] DEBUG o.s.t.w.s.TestDispatcherServlet - Successfully completed request
04:05:11.427 [main] DEBUG o.s.t.w.s.TestDispatcherServlet - DispatcherServlet with name '' processing POST request for [/api/v1/hospitals]
04:05:11.427 [main] DEBUG o.s.w.s.m.m.a.RequestMappingHandlerMapping - Looking up handler method for path /api/v1/hospitals
04:05:11.428 [main] DEBUG o.s.w.s.m.m.a.RequestMappingHandlerMapping - Returning handler method [public org.springframework.http.ResponseEntity edu.ncsu.csc.itrust2.controllers.api.APIHospitalController.createHospital(edu.ncsu.csc.itrust2.forms.admin.HospitalForm)]
04:05:11.430 [main] DEBUG o.s.b.f.s.DefaultListableBeanFactory - Returning cached instance of singleton bean 'APIHospitalController'
04:05:11.432 [main] DEBUG o.s.w.s.m.m.a.RequestResponseBodyMethodProcessor - Read [class edu.ncsu.csc.itrust2.forms.admin.HospitalForm] as "application/json" with [org.springframework.http.converter.json.GsonHttpMessageConverter@62271948]
04:05:11.437 [main] DEBUG o.h.e.t.internal.TransactionImpl - begin
04:05:11.443 [main] DEBUG org.hibernate.SQL - select this_.name as name1_4_0_, this_.address as address2_4_0_, this_.state as state3_4_0_, this_.zip as zip4_4_0_ from Hospitals this_ where this_.name=?
Hibernate: select this_.name as name1_4_0_, this_.address as address2_4_0_, this_.state as state3_4_0_, this_.zip as zip4_4_0_ from Hospitals this_ where this_.name=?
04:05:11.448 [main] DEBUG o.h.e.t.internal.TransactionImpl - committing
04:05:11.450 [main] DEBUG o.h.e.t.internal.TransactionImpl - begin
04:05:11.452 [main] DEBUG org.hibernate.SQL - select hospital_.name, hospital_.address as address2_4_, hospital_.state as state3_4_, hospital_.zip as zip4_4_ from Hospitals hospital_ where hospital_.name=?
Hibernate: select hospital_.name, hospital_.address as address2_4_, hospital_.state as state3_4_, hospital_.zip as zip4_4_ from Hospitals hospital_ where hospital_.name=?
04:05:11.454 [main] DEBUG o.h.r.j.i.ResourceRegistryStandardImpl - HHH000387: ResultSet's statement was not registered
04:05:11.454 [main] DEBUG o.h.e.i.AbstractSaveEventListener - Generated identifier: iTrust Test Hospital 2, using strategy: org.hibernate.id.Assigned
04:05:11.455 [main] DEBUG o.h.e.t.internal.TransactionImpl - committing
04:05:11.455 [main] DEBUG o.h.e.i.AbstractFlushingEventListener - Processing flush-time cascades
04:05:11.456 [main] DEBUG o.h.e.i.AbstractFlushingEventListener - Dirty checking collections
04:05:11.457 [main] DEBUG o.h.e.i.AbstractFlushingEventListener - Flushed: 1 insertions, 0 updates, 0 deletions to 1 objects
04:05:11.458 [main] DEBUG o.h.e.i.AbstractFlushingEventListener - Flushed: 0 (re)creations, 0 updates, 0 removals to 0 collections
04:05:11.458 [main] DEBUG o.h.internal.util.EntityPrinter - Listing entities:
04:05:11.458 [main] DEBUG o.h.internal.util.EntityPrinter - edu.ncsu.csc.itrust2.models.persistent.Hospital{zip=27607, address=1 iTrust Test Street, name=iTrust Test Hospital 2, state=NC}
04:05:11.478 [main] DEBUG org.hibernate.SQL - insert into Hospitals (address, state, zip, name) values (?, ?, ?, ?)
Hibernate: insert into Hospitals (address, state, zip, name) values (?, ?, ?, ?)
04:05:11.481 [main] DEBUG o.h.e.j.internal.JdbcCoordinatorImpl - HHH000420: Closing un-released batch
04:05:11.482 [main] DEBUG o.h.e.t.internal.TransactionImpl - begin
04:05:11.485 [main] DEBUG org.hibernate.SQL - select next_val as id_val from hibernate_sequence for update
Hibernate: select next_val as id_val from hibernate_sequence for update
04:05:11.487 [main] DEBUG org.hibernate.SQL - update hibernate_sequence set next_val= ? where next_val=?
Hibernate: update hibernate_sequence set next_val= ? where next_val=?
04:05:11.489 [main] DEBUG o.h.e.i.AbstractSaveEventListener - Generated identifier: 23, using strategy: org.hibernate.id.enhanced.SequenceStyleGenerator
04:05:11.491 [main] DEBUG o.h.e.t.internal.TransactionImpl - committing
04:05:11.491 [main] DEBUG o.h.e.i.AbstractFlushingEventListener - Processing flush-time cascades
04:05:11.491 [main] DEBUG o.h.e.i.AbstractFlushingEventListener - Dirty checking collections
04:05:11.493 [main] DEBUG o.h.e.i.AbstractFlushingEventListener - Flushed: 1 insertions, 0 updates, 0 deletions to 1 objects
04:05:11.493 [main] DEBUG o.h.e.i.AbstractFlushingEventListener - Flushed: 0 (re)creations, 0 updates, 0 removals to 0 collections
04:05:11.493 [main] DEBUG o.h.internal.util.EntityPrinter - Listing entities:
04:05:11.493 [main] DEBUG o.h.internal.util.EntityPrinter - edu.ncsu.csc.itrust2.models.persistent.LogEntry{secondaryUser=null, logCode=15, primaryUser=SPRING_API_TEST_USER, id=23, time=java.util.GregorianCalendar[time=1521605111482,areFieldsSet=true,areAllFieldsSet=true,lenient=true,zone=sun.util.calendar.ZoneInfo[id="Etc/UTC",offset=0,dstSavings=0,useDaylight=false,transitions=0,lastRule=null],firstDayOfWeek=1,minimalDaysInFirstWeek=1,ERA=1,YEAR=2018,MONTH=2,WEEK_OF_YEAR=12,WEEK_OF_MONTH=4,DAY_OF_MONTH=21,DAY_OF_YEAR=80,DAY_OF_WEEK=4,DAY_OF_WEEK_IN_MONTH=3,AM_PM=0,HOUR=4,HOUR_OF_DAY=4,MINUTE=5,SECOND=11,MILLISECOND=482,ZONE_OFFSET=0,DST_OFFSET=0], message=null}
04:05:11.494 [main] DEBUG org.hibernate.SQL - insert into LogEntries (logCode, message, primaryUser, secondaryUser, time, id) values (?, ?, ?, ?, ?, ?)
Hibernate: insert into LogEntries (logCode, message, primaryUser, secondaryUser, time, id) values (?, ?, ?, ?, ?, ?)
04:05:11.501 [main] DEBUG o.h.e.j.internal.JdbcCoordinatorImpl - HHH000420: Closing un-released batch
04:05:11.517 [main] DEBUG o.s.w.s.m.m.a.HttpEntityMethodProcessor - Written [edu.ncsu.csc.itrust2.models.persistent.Hospital@5d651e4b] as "application/json" using [org.springframework.http.converter.json.GsonHttpMessageConverter@62271948]
04:05:11.518 [main] DEBUG o.s.t.w.s.TestDispatcherServlet - Null ModelAndView returned to DispatcherServlet with name '': assuming HandlerAdapter completed request handling
04:05:11.519 [main] DEBUG o.s.t.w.s.TestDispatcherServlet - Successfully completed request
04:05:11.523 [main] DEBUG o.s.t.w.s.TestDispatcherServlet - DispatcherServlet with name '' processing DELETE request for [/api/v1/officevisits]
04:05:11.524 [main] DEBUG o.s.w.s.m.m.a.RequestMappingHandlerMapping - Looking up handler method for path /api/v1/officevisits
04:05:11.526 [main] DEBUG o.s.w.s.m.m.a.RequestMappingHandlerMapping - Returning handler method [public void edu.ncsu.csc.itrust2.controllers.api.APIOfficeVisitController.deleteOfficeVisits()]
04:05:11.527 [main] DEBUG o.s.b.f.s.DefaultListableBeanFactory - Returning cached instance of singleton bean 'APIOfficeVisitController'
04:05:11.529 [main] DEBUG o.h.e.t.internal.TransactionImpl - begin
04:05:11.533 [main] DEBUG org.hibernate.SQL - select next_val as id_val from hibernate_sequence for update
Hibernate: select next_val as id_val from hibernate_sequence for update
04:05:11.534 [main] DEBUG org.hibernate.SQL - update hibernate_sequence set next_val= ? where next_val=?
Hibernate: update hibernate_sequence set next_val= ? where next_val=?
04:05:11.539 [main] DEBUG o.h.e.i.AbstractSaveEventListener - Generated identifier: 24, using strategy: org.hibernate.id.enhanced.SequenceStyleGenerator
04:05:11.539 [main] DEBUG o.h.e.t.internal.TransactionImpl - committing
04:05:11.540 [main] DEBUG o.h.e.i.AbstractFlushingEventListener - Processing flush-time cascades
04:05:11.541 [main] DEBUG o.h.e.i.AbstractFlushingEventListener - Dirty checking collections
04:05:11.541 [main] DEBUG o.h.e.i.AbstractFlushingEventListener - Flushed: 1 insertions, 0 updates, 0 deletions to 1 objects
04:05:11.542 [main] DEBUG o.h.e.i.AbstractFlushingEventListener - Flushed: 0 (re)creations, 0 updates, 0 removals to 0 collections
04:05:11.543 [main] DEBUG o.h.internal.util.EntityPrinter - Listing entities:
04:05:11.544 [main] DEBUG o.h.internal.util.EntityPrinter - edu.ncsu.csc.itrust2.models.persistent.LogEntry{secondaryUser=null, logCode=30, primaryUser=SPRING_API_TEST_USER, id=24, time=java.util.GregorianCalendar[time=1521605111528,areFieldsSet=true,areAllFieldsSet=true,lenient=true,zone=sun.util.calendar.ZoneInfo[id="Etc/UTC",offset=0,dstSavings=0,useDaylight=false,transitions=0,lastRule=null],firstDayOfWeek=1,minimalDaysInFirstWeek=1,ERA=1,YEAR=2018,MONTH=2,WEEK_OF_YEAR=12,WEEK_OF_MONTH=4,DAY_OF_MONTH=21,DAY_OF_YEAR=80,DAY_OF_WEEK=4,DAY_OF_WEEK_IN_MONTH=3,AM_PM=0,HOUR=4,HOUR_OF_DAY=4,MINUTE=5,SECOND=11,MILLISECOND=528,ZONE_OFFSET=0,DST_OFFSET=0], message=null}
04:05:11.548 [main] DEBUG org.hibernate.SQL - insert into LogEntries (logCode, message, primaryUser, secondaryUser, time, id) values (?, ?, ?, ?, ?, ?)
Hibernate: insert into LogEntries (logCode, message, primaryUser, secondaryUser, time, id) values (?, ?, ?, ?, ?, ?)
04:05:11.555 [main] DEBUG o.h.e.j.internal.JdbcCoordinatorImpl - HHH000420: Closing un-released batch
04:05:11.556 [main] DEBUG o.h.e.t.internal.TransactionImpl - begin
04:05:11.563 [main] DEBUG org.hibernate.SQL - select this_.id as id1_2_8_, this_.code_id as code_id3_2_8_, this_.note as note2_2_8_, this_.visit_id as visit_id4_2_8_, icdcode2_.id as id1_5_0_, icdcode2_.code as code2_5_0_, icdcode2_.description as descript3_5_0_, officevisi3_.id as id1_10_1_, officevisi3_.appointment_id as appointm5_10_1_, officevisi3_.basichealthmetrics_id as basichea6_10_1_, officevisi3_.date as date2_10_1_, officevisi3_.hcp_id as hcp_id7_10_1_, officevisi3_.hospital_id as hospital8_10_1_, officevisi3_.notes as notes3_10_1_, officevisi3_.patient_id as patient_9_10_1_, officevisi3_.type as type4_10_1_, appointmen4_.id as id1_0_2_, appointmen4_.comments as comments2_0_2_, appointmen4_.date as date3_0_2_, appointmen4_.hcp_id as hcp_id6_0_2_, appointmen4_.patient_id as patient_7_0_2_, appointmen4_.status as status4_0_2_, appointmen4_.type as type5_0_2_, basichealt5_.id as id1_1_3_, basichealt5_.diastolic as diastoli2_1_3_, basichealt5_.hcp_id as hcp_id12_1_3_, basichealt5_.hdl as hdl3_1_3_, basichealt5_.headCircumference as headCirc4_1_3_, basichealt5_.height as height5_1_3_, basichealt5_.houseSmokingStatus as houseSmo6_1_3_, basichealt5_.ldl as ldl7_1_3_, basichealt5_.patient_id as patient13_1_3_, basichealt5_.patientSmokingStatus as patientS8_1_3_, basichealt5_.systolic as systolic9_1_3_, basichealt5_.tri as tri10_1_3_, basichealt5_.weight as weight11_1_3_, user6_.username as username1_15_4_, user6_.enabled as enabled2_15_4_, user6_.password as password3_15_4_, user6_.role as role4_15_4_, hospital7_.name as name1_4_5_, hospital7_.address as address2_4_5_, hospital7_.state as state3_4_5_, hospital7_.zip as zip4_4_5_, user8_.username as username1_15_6_, user8_.enabled as enabled2_15_6_, user8_.password as password3_15_6_, user8_.role as role4_15_6_, prescripti9_.prescriptions_id as prescrip8_14_10_, prescripti9_.id as id1_14_10_, prescripti9_.id as id1_14_7_, prescripti9_.dosage as dosage2_14_7_, prescripti9_.drug_id as drug_id6_14_7_, prescripti9_.endDate as endDate3_14_7_, prescripti9_.patient_id as patient_7_14_7_, prescripti9_.renewals as renewals4_14_7_, prescripti9_.startDate as startDat5_14_7_ from Diagnoses this_ inner join ICDCodes icdcode2_ on this_.code_id=icdcode2_.id inner join OfficeVisits officevisi3_ on this_.visit_id=officevisi3_.id left outer join AppointmentRequests appointmen4_ on officevisi3_.appointment_id=appointmen4_.id left outer join BasicHealthMetrics basichealt5_ on officevisi3_.basichealthmetrics_id=basichealt5_.id left outer join Users user6_ on officevisi3_.hcp_id=user6_.username left outer join Hospitals hospital7_ on officevisi3_.hospital_id=hospital7_.name left outer join Users user8_ on officevisi3_.patient_id=user8_.username left outer join Prescriptions prescripti9_ on officevisi3_.id=prescripti9_.prescriptions_id
Hibernate: select this_.id as id1_2_8_, this_.code_id as code_id3_2_8_, this_.note as note2_2_8_, this_.visit_id as visit_id4_2_8_, icdcode2_.id as id1_5_0_, icdcode2_.code as code2_5_0_, icdcode2_.description as descript3_5_0_, officevisi3_.id as id1_10_1_, officevisi3_.appointment_id as appointm5_10_1_, officevisi3_.basichealthmetrics_id as basichea6_10_1_, officevisi3_.date as date2_10_1_, officevisi3_.hcp_id as hcp_id7_10_1_, officevisi3_.hospital_id as hospital8_10_1_, officevisi3_.notes as notes3_10_1_, officevisi3_.patient_id as patient_9_10_1_, officevisi3_.type as type4_10_1_, appointmen4_.id as id1_0_2_, appointmen4_.comments as comments2_0_2_, appointmen4_.date as date3_0_2_, appointmen4_.hcp_id as hcp_id6_0_2_, appointmen4_.patient_id as patient_7_0_2_, appointmen4_.status as status4_0_2_, appointmen4_.type as type5_0_2_, basichealt5_.id as id1_1_3_, basichealt5_.diastolic as diastoli2_1_3_, basichealt5_.hcp_id as hcp_id12_1_3_, basichealt5_.hdl as hdl3_1_3_, basichealt5_.headCircumference as headCirc4_1_3_, basichealt5_.height as height5_1_3_, basichealt5_.houseSmokingStatus as houseSmo6_1_3_, basichealt5_.ldl as ldl7_1_3_, basichealt5_.patient_id as patient13_1_3_, basichealt5_.patientSmokingStatus as patientS8_1_3_, basichealt5_.systolic as systolic9_1_3_, basichealt5_.tri as tri10_1_3_, basichealt5_.weight as weight11_1_3_, user6_.username as username1_15_4_, user6_.enabled as enabled2_15_4_, user6_.password as password3_15_4_, user6_.role as role4_15_4_, hospital7_.name as name1_4_5_, hospital7_.address as address2_4_5_, hospital7_.state as state3_4_5_, hospital7_.zip as zip4_4_5_, user8_.username as username1_15_6_, user8_.enabled as enabled2_15_6_, user8_.password as password3_15_6_, user8_.role as role4_15_6_, prescripti9_.prescriptions_id as prescrip8_14_10_, prescripti9_.id as id1_14_10_, prescripti9_.id as id1_14_7_, prescripti9_.dosage as dosage2_14_7_, prescripti9_.drug_id as drug_id6_14_7_, prescripti9_.endDate as endDate3_14_7_, prescripti9_.patient_id as patient_7_14_7_, prescripti9_.renewals as renewals4_14_7_, prescripti9_.startDate as startDat5_14_7_ from Diagnoses this_ inner join ICDCodes icdcode2_ on this_.code_id=icdcode2_.id inner join OfficeVisits officevisi3_ on this_.visit_id=officevisi3_.id left outer join AppointmentRequests appointmen4_ on officevisi3_.appointment_id=appointmen4_.id left outer join BasicHealthMetrics basichealt5_ on officevisi3_.basichealthmetrics_id=basichealt5_.id left outer join Users user6_ on officevisi3_.hcp_id=user6_.username left outer join Hospitals hospital7_ on officevisi3_.hospital_id=hospital7_.name left outer join Users user8_ on officevisi3_.patient_id=user8_.username left outer join Prescriptions prescripti9_ on officevisi3_.id=prescripti9_.prescriptions_id
04:05:11.581 [main] DEBUG o.h.e.l.i.CollectionLoadContext - No collections were found in result set for role: edu.ncsu.csc.itrust2.models.persistent.OfficeVisit.prescriptions
04:05:11.581 [main] DEBUG o.h.e.t.internal.TransactionImpl - committing
04:05:11.583 [main] DEBUG o.h.e.t.internal.TransactionImpl - begin
04:05:11.591 [main] DEBUG org.hibernate.SQL - select this_.id as id1_10_12_, this_.appointment_id as appointm5_10_12_, this_.basichealthmetrics_id as basichea6_10_12_, this_.date as date2_10_12_, this_.hcp_id as hcp_id7_10_12_, this_.hospital_id as hospital8_10_12_, this_.notes as notes3_10_12_, this_.patient_id as patient_9_10_12_, this_.type as type4_10_12_, appointmen2_.id as id1_0_0_, appointmen2_.comments as comments2_0_0_, appointmen2_.date as date3_0_0_, appointmen2_.hcp_id as hcp_id6_0_0_, appointmen2_.patient_id as patient_7_0_0_, appointmen2_.status as status4_0_0_, appointmen2_.type as type5_0_0_, user3_.username as username1_15_1_, user3_.enabled as enabled2_15_1_, user3_.password as password3_15_1_, user3_.role as role4_15_1_, user4_.username as username1_15_2_, user4_.enabled as enabled2_15_2_, user4_.password as password3_15_2_, user4_.role as role4_15_2_, basichealt5_.id as id1_1_3_, basichealt5_.diastolic as diastoli2_1_3_, basichealt5_.hcp_id as hcp_id12_1_3_, basichealt5_.hdl as hdl3_1_3_, basichealt5_.headCircumference as headCirc4_1_3_, basichealt5_.height as height5_1_3_, basichealt5_.houseSmokingStatus as houseSmo6_1_3_, basichealt5_.ldl as ldl7_1_3_, basichealt5_.patient_id as patient13_1_3_, basichealt5_.patientSmokingStatus as patientS8_1_3_, basichealt5_.systolic as systolic9_1_3_, basichealt5_.tri as tri10_1_3_, basichealt5_.weight as weight11_1_3_, user6_.username as username1_15_4_, user6_.enabled as enabled2_15_4_, user6_.password as password3_15_4_, user6_.role as role4_15_4_, user7_.username as username1_15_5_, user7_.enabled as enabled2_15_5_, user7_.password as password3_15_5_, user7_.role as role4_15_5_, user8_.username as username1_15_6_, user8_.enabled as enabled2_15_6_, user8_.password as password3_15_6_, user8_.role as role4_15_6_, hospital9_.name as name1_4_7_, hospital9_.address as address2_4_7_, hospital9_.state as state3_4_7_, hospital9_.zip as zip4_4_7_, user10_.username as username1_15_8_, user10_.enabled as enabled2_15_8_, user10_.password as password3_15_8_, user10_.role as role4_15_8_, prescripti11_.prescriptions_id as prescrip8_14_14_, prescripti11_.id as id1_14_14_, prescripti11_.id as id1_14_9_, prescripti11_.dosage as dosage2_14_9_, prescripti11_.drug_id as drug_id6_14_9_, prescripti11_.endDate as endDate3_14_9_, prescripti11_.patient_id as patient_7_14_9_, prescripti11_.renewals as renewals4_14_9_, prescripti11_.startDate as startDat5_14_9_, drug12_.id as id1_3_10_, drug12_.code as code2_3_10_, drug12_.description as descript3_3_10_, drug12_.name as name4_3_10_, user13_.username as username1_15_11_, user13_.enabled as enabled2_15_11_, user13_.password as password3_15_11_, user13_.role as role4_15_11_ from OfficeVisits this_ left outer join AppointmentRequests appointmen2_ on this_.appointment_id=appointmen2_.id left outer join Users user3_ on appointmen2_.hcp_id=user3_.username left outer join Users user4_ on appointmen2_.patient_id=user4_.username left outer join BasicHealthMetrics basichealt5_ on this_.basichealthmetrics_id=basichealt5_.id left outer join Users user6_ on basichealt5_.hcp_id=user6_.username left outer join Users user7_ on basichealt5_.patient_id=user7_.username inner join Users user8_ on this_.hcp_id=user8_.username inner join Hospitals hospital9_ on this_.hospital_id=hospital9_.name inner join Users user10_ on this_.patient_id=user10_.username left outer join Prescriptions prescripti11_ on this_.id=prescripti11_.prescriptions_id left outer join Drugs drug12_ on prescripti11_.drug_id=drug12_.id left outer join Users user13_ on prescripti11_.patient_id=user13_.username
Hibernate: select this_.id as id1_10_12_, this_.appointment_id as appointm5_10_12_, this_.basichealthmetrics_id as basichea6_10_12_, this_.date as date2_10_12_, this_.hcp_id as hcp_id7_10_12_, this_.hospital_id as hospital8_10_12_, this_.notes as notes3_10_12_, this_.patient_id as patient_9_10_12_, this_.type as type4_10_12_, appointmen2_.id as id1_0_0_, appointmen2_.comments as comments2_0_0_, appointmen2_.date as date3_0_0_, appointmen2_.hcp_id as hcp_id6_0_0_, appointmen2_.patient_id as patient_7_0_0_, appointmen2_.status as status4_0_0_, appointmen2_.type as type5_0_0_, user3_.username as username1_15_1_, user3_.enabled as enabled2_15_1_, user3_.password as password3_15_1_, user3_.role as role4_15_1_, user4_.username as username1_15_2_, user4_.enabled as enabled2_15_2_, user4_.password as password3_15_2_, user4_.role as role4_15_2_, basichealt5_.id as id1_1_3_, basichealt5_.diastolic as diastoli2_1_3_, basichealt5_.hcp_id as hcp_id12_1_3_, basichealt5_.hdl as hdl3_1_3_, basichealt5_.headCircumference as headCirc4_1_3_, basichealt5_.height as height5_1_3_, basichealt5_.houseSmokingStatus as houseSmo6_1_3_, basichealt5_.ldl as ldl7_1_3_, basichealt5_.patient_id as patient13_1_3_, basichealt5_.patientSmokingStatus as patientS8_1_3_, basichealt5_.systolic as systolic9_1_3_, basichealt5_.tri as tri10_1_3_, basichealt5_.weight as weight11_1_3_, user6_.username as username1_15_4_, user6_.enabled as enabled2_15_4_, user6_.password as password3_15_4_, user6_.role as role4_15_4_, user7_.username as username1_15_5_, user7_.enabled as enabled2_15_5_, user7_.password as password3_15_5_, user7_.role as role4_15_5_, user8_.username as username1_15_6_, user8_.enabled as enabled2_15_6_, user8_.password as password3_15_6_, user8_.role as role4_15_6_, hospital9_.name as name1_4_7_, hospital9_.address as address2_4_7_, hospital9_.state as state3_4_7_, hospital9_.zip as zip4_4_7_, user10_.username as username1_15_8_, user10_.enabled as enabled2_15_8_, user10_.password as password3_15_8_, user10_.role as role4_15_8_, prescripti11_.prescriptions_id as prescrip8_14_14_, prescripti11_.id as id1_14_14_, prescripti11_.id as id1_14_9_, prescripti11_.dosage as dosage2_14_9_, prescripti11_.drug_id as drug_id6_14_9_, prescripti11_.endDate as endDate3_14_9_, prescripti11_.patient_id as patient_7_14_9_, prescripti11_.renewals as renewals4_14_9_, prescripti11_.startDate as startDat5_14_9_, drug12_.id as id1_3_10_, drug12_.code as code2_3_10_, drug12_.description as descript3_3_10_, drug12_.name as name4_3_10_, user13_.username as username1_15_11_, user13_.enabled as enabled2_15_11_, user13_.password as password3_15_11_, user13_.role as role4_15_11_ from OfficeVisits this_ left outer join AppointmentRequests appointmen2_ on this_.appointment_id=appointmen2_.id left outer join Users user3_ on appointmen2_.hcp_id=user3_.username left outer join Users user4_ on appointmen2_.patient_id=user4_.username left outer join BasicHealthMetrics basichealt5_ on this_.basichealthmetrics_id=basichealt5_.id left outer join Users user6_ on basichealt5_.hcp_id=user6_.username left outer join Users user7_ on basichealt5_.patient_id=user7_.username inner join Users user8_ on this_.hcp_id=user8_.username inner join Hospitals hospital9_ on this_.hospital_id=hospital9_.name inner join Users user10_ on this_.patient_id=user10_.username left outer join Prescriptions prescripti11_ on this_.id=prescripti11_.prescriptions_id left outer join Drugs drug12_ on prescripti11_.drug_id=drug12_.id left outer join Users user13_ on prescripti11_.patient_id=user13_.username
04:05:11.597 [main] DEBUG o.h.e.l.i.CollectionLoadContext - No collections were found in result set for role: edu.ncsu.csc.itrust2.models.persistent.OfficeVisit.prescriptions
04:05:11.597 [main] DEBUG o.h.e.t.internal.TransactionImpl - committing
04:05:11.603 [main] DEBUG o.s.t.w.s.TestDispatcherServlet - Null ModelAndView returned to DispatcherServlet with name '': assuming HandlerAdapter completed request handling
04:05:11.604 [main] DEBUG o.s.t.w.s.TestDispatcherServlet - Successfully completed request
04:05:11.621 [main] DEBUG o.s.t.w.s.TestDispatcherServlet - DispatcherServlet with name '' processing POST request for [/api/v1/officevisits]
04:05:11.622 [main] DEBUG o.s.w.s.m.m.a.RequestMappingHandlerMapping - Looking up handler method for path /api/v1/officevisits
04:05:11.623 [main] DEBUG o.s.w.s.m.m.a.RequestMappingHandlerMapping - Returning handler method [public org.springframework.http.ResponseEntity edu.ncsu.csc.itrust2.controllers.api.APIOfficeVisitController.createOfficeVisit(edu.ncsu.csc.itrust2.forms.hcp.OfficeVisitForm)]
04:05:11.623 [main] DEBUG o.s.b.f.s.DefaultListableBeanFactory - Returning cached instance of singleton bean 'APIOfficeVisitController'
04:05:11.627 [main] DEBUG o.s.w.s.m.m.a.RequestResponseBodyMethodProcessor - Read [class edu.ncsu.csc.itrust2.forms.hcp.OfficeVisitForm] as "application/json" with [org.springframework.http.converter.json.GsonHttpMessageConverter@62271948]
04:05:11.638 [main] DEBUG o.h.e.t.internal.TransactionImpl - begin
04:05:11.644 [main] DEBUG org.hibernate.SQL - select this_.username as username1_15_0_, this_.enabled as enabled2_15_0_, this_.password as password3_15_0_, this_.role as role4_15_0_ from Users this_ where this_.username=? and this_.role=?
Hibernate: select this_.username as username1_15_0_, this_.enabled as enabled2_15_0_, this_.password as password3_15_0_, this_.role as role4_15_0_ from Users this_ where this_.username=? and this_.role=?
04:05:11.645 [main] DEBUG org.hibernate.loader.Loader - Result set row: 0
04:05:11.645 [main] DEBUG org.hibernate.loader.Loader - Result row: EntityKey[edu.ncsu.csc.itrust2.models.persistent.User#patient]
04:05:11.645 [main] DEBUG o.h.engine.internal.TwoPhaseLoad - Resolving associations for [edu.ncsu.csc.itrust2.models.persistent.User#patient]
04:05:11.646 [main] DEBUG o.h.engine.internal.TwoPhaseLoad - Done materializing entity [edu.ncsu.csc.itrust2.models.persistent.User#patient]
04:05:11.646 [main] DEBUG o.h.e.t.internal.TransactionImpl - committing
04:05:11.646 [main] DEBUG o.h.e.i.AbstractFlushingEventListener - Processing flush-time cascades
04:05:11.646 [main] DEBUG o.h.e.i.AbstractFlushingEventListener - Dirty checking collections
04:05:11.646 [main] DEBUG o.h.e.i.AbstractFlushingEventListener - Flushed: 0 insertions, 0 updates, 0 deletions to 1 objects
04:05:11.646 [main] DEBUG o.h.e.i.AbstractFlushingEventListener - Flushed: 0 (re)creations, 0 updates, 0 removals to 0 collections
04:05:11.647 [main] DEBUG o.h.internal.util.EntityPrinter - Listing entities:
04:05:11.647 [main] DEBUG o.h.internal.util.EntityPrinter - edu.ncsu.csc.itrust2.models.persistent.User{password=$2a$10$EblZqNptyYvcLm/VwDCVAuBjzZOI7khzdyGPBr08PpIi0na624b8., role=ROLE_PATIENT, enabled=1, username=patient}
04:05:11.649 [main] DEBUG o.h.e.t.internal.TransactionImpl - begin
04:05:11.650 [main] DEBUG org.hibernate.SQL - select this_.username as username1_15_0_, this_.enabled as enabled2_15_0_, this_.password as password3_15_0_, this_.role as role4_15_0_ from Users this_ where this_.username=? and this_.role=?
Hibernate: select this_.username as username1_15_0_, this_.enabled as enabled2_15_0_, this_.password as password3_15_0_, this_.role as role4_15_0_ from Users this_ where this_.username=? and this_.role=?
04:05:11.651 [main] DEBUG org.hibernate.loader.Loader - Result set row: 0
04:05:11.651 [main] DEBUG org.hibernate.loader.Loader - Result row: EntityKey[edu.ncsu.csc.itrust2.models.persistent.User#hcp]
04:05:11.651 [main] DEBUG o.h.engine.internal.TwoPhaseLoad - Resolving associations for [edu.ncsu.csc.itrust2.models.persistent.User#hcp]
04:05:11.651 [main] DEBUG o.h.engine.internal.TwoPhaseLoad - Done materializing entity [edu.ncsu.csc.itrust2.models.persistent.User#hcp]
04:05:11.652 [main] DEBUG o.h.e.t.internal.TransactionImpl - committing
04:05:11.652 [main] DEBUG o.h.e.i.AbstractFlushingEventListener - Processing flush-time cascades
04:05:11.652 [main] DEBUG o.h.e.i.AbstractFlushingEventListener - Dirty checking collections
04:05:11.652 [main] DEBUG o.h.e.i.AbstractFlushingEventListener - Flushed: 0 insertions, 0 updates, 0 deletions to 1 objects
04:05:11.652 [main] DEBUG o.h.e.i.AbstractFlushingEventListener - Flushed: 0 (re)creations, 0 updates, 0 removals to 0 collections
04:05:11.652 [main] DEBUG o.h.internal.util.EntityPrinter - Listing entities:
04:05:11.652 [main] DEBUG o.h.internal.util.EntityPrinter - edu.ncsu.csc.itrust2.models.persistent.User{password=$2a$10$EblZqNptyYvcLm/VwDCVAuBjzZOI7khzdyGPBr08PpIi0na624b8., role=ROLE_HCP, enabled=1, username=hcp}
04:05:11.656 [main] DEBUG o.h.e.t.internal.TransactionImpl - begin
04:05:11.657 [main] DEBUG org.hibernate.SQL - select this_.name as name1_4_0_, this_.address as address2_4_0_, this_.state as state3_4_0_, this_.zip as zip4_4_0_ from Hospitals this_ where this_.name=?
Hibernate: select this_.name as name1_4_0_, this_.address as address2_4_0_, this_.state as state3_4_0_, this_.zip as zip4_4_0_ from Hospitals this_ where this_.name=?
04:05:11.658 [main] DEBUG org.hibernate.loader.Loader - Result set row: 0
04:05:11.659 [main] DEBUG org.hibernate.loader.Loader - Result row: EntityKey[edu.ncsu.csc.itrust2.models.persistent.Hospital#iTrust Test Hospital 2]
04:05:11.659 [main] DEBUG o.h.engine.internal.TwoPhaseLoad - Resolving associations for [edu.ncsu.csc.itrust2.models.persistent.Hospital#iTrust Test Hospital 2]
04:05:11.660 [main] DEBUG o.h.engine.internal.TwoPhaseLoad - Done materializing entity [edu.ncsu.csc.itrust2.models.persistent.Hospital#iTrust Test Hospital 2]
04:05:11.660 [main] DEBUG o.h.e.t.internal.TransactionImpl - committing
04:05:11.660 [main] DEBUG o.h.e.i.AbstractFlushingEventListener - Processing flush-time cascades
04:05:11.660 [main] DEBUG o.h.e.i.AbstractFlushingEventListener - Dirty checking collections
04:05:11.660 [main] DEBUG o.h.e.i.AbstractFlushingEventListener - Flushed: 0 insertions, 0 updates, 0 deletions to 1 objects
04:05:11.660 [main] DEBUG o.h.e.i.AbstractFlushingEventListener - Flushed: 0 (re)creations, 0 updates, 0 removals to 0 collections
04:05:11.660 [main] DEBUG o.h.internal.util.EntityPrinter - Listing entities:
04:05:11.660 [main] DEBUG o.h.internal.util.EntityPrinter - edu.ncsu.csc.itrust2.models.persistent.Hospital{zip=27607, address=1 iTrust Test Street, name=iTrust Test Hospital 2, state=NC}
04:05:11.661 [main] DEBUG o.h.e.t.internal.TransactionImpl - begin
04:05:11.662 [main] DEBUG org.hibernate.SQL - select this_.username as username1_15_0_, this_.enabled as enabled2_15_0_, this_.password as password3_15_0_, this_.role as role4_15_0_ from Users this_ where this_.username=? and this_.role=?
Hibernate: select this_.username as username1_15_0_, this_.enabled as enabled2_15_0_, this_.password as password3_15_0_, this_.role as role4_15_0_ from Users this_ where this_.username=? and this_.role=?
04:05:11.663 [main] DEBUG org.hibernate.loader.Loader - Result set row: 0
04:05:11.663 [main] DEBUG org.hibernate.loader.Loader - Result row: EntityKey[edu.ncsu.csc.itrust2.models.persistent.User#patient]
04:05:11.664 [main] DEBUG o.h.engine.internal.TwoPhaseLoad - Resolving associations for [edu.ncsu.csc.itrust2.models.persistent.User#patient]
04:05:11.665 [main] DEBUG o.h.engine.internal.TwoPhaseLoad - Done materializing entity [edu.ncsu.csc.itrust2.models.persistent.User#patient]
04:05:11.665 [main] DEBUG o.h.e.t.internal.TransactionImpl - committing
04:05:11.665 [main] DEBUG o.h.e.i.AbstractFlushingEventListener - Processing flush-time cascades
04:05:11.665 [main] DEBUG o.h.e.i.AbstractFlushingEventListener - Dirty checking collections
04:05:11.665 [main] DEBUG o.h.e.i.AbstractFlushingEventListener - Flushed: 0 insertions, 0 updates, 0 deletions to 1 objects
04:05:11.665 [main] DEBUG o.h.e.i.AbstractFlushingEventListener - Flushed: 0 (re)creations, 0 updates, 0 removals to 0 collections
04:05:11.666 [main] DEBUG o.h.internal.util.EntityPrinter - Listing entities:
04:05:11.666 [main] DEBUG o.h.internal.util.EntityPrinter - edu.ncsu.csc.itrust2.models.persistent.User{password=$2a$10$EblZqNptyYvcLm/VwDCVAuBjzZOI7khzdyGPBr08PpIi0na624b8., role=ROLE_PATIENT, enabled=1, username=patient}
04:05:11.666 [main] DEBUG o.h.e.t.internal.TransactionImpl - begin
04:05:11.667 [main] DEBUG org.hibernate.SQL - select this_.username as username1_15_0_, this_.enabled as enabled2_15_0_, this_.password as password3_15_0_, this_.role as role4_15_0_ from Users this_ where this_.username=? and this_.role=?
Hibernate: select this_.username as username1_15_0_, this_.enabled as enabled2_15_0_, this_.password as password3_15_0_, this_.role as role4_15_0_ from Users this_ where this_.username=? and this_.role=?
04:05:11.668 [main] DEBUG org.hibernate.loader.Loader - Result set row: 0
04:05:11.668 [main] DEBUG org.hibernate.loader.Loader - Result row: EntityKey[edu.ncsu.csc.itrust2.models.persistent.User#hcp]
04:05:11.668 [main] DEBUG o.h.engine.internal.TwoPhaseLoad - Resolving associations for [edu.ncsu.csc.itrust2.models.persistent.User#hcp]
04:05:11.669 [main] DEBUG o.h.engine.internal.TwoPhaseLoad - Done materializing entity [edu.ncsu.csc.itrust2.models.persistent.User#hcp]
04:05:11.669 [main] DEBUG o.h.e.t.internal.TransactionImpl - committing
04:05:11.669 [main] DEBUG o.h.e.i.AbstractFlushingEventListener - Processing flush-time cascades
04:05:11.669 [main] DEBUG o.h.e.i.AbstractFlushingEventListener - Dirty checking collections
04:05:11.669 [main] DEBUG o.h.e.i.AbstractFlushingEventListener - Flushed: 0 insertions, 0 updates, 0 deletions to 1 objects
04:05:11.669 [main] DEBUG o.h.e.i.AbstractFlushingEventListener - Flushed: 0 (re)creations, 0 updates, 0 removals to 0 collections
04:05:11.670 [main] DEBUG o.h.internal.util.EntityPrinter - Listing entities:
04:05:11.670 [main] DEBUG o.h.internal.util.EntityPrinter - edu.ncsu.csc.itrust2.models.persistent.User{password=$2a$10$EblZqNptyYvcLm/VwDCVAuBjzZOI7khzdyGPBr08PpIi0na624b8., role=ROLE_HCP, enabled=1, username=hcp}
04:05:11.678 [main] DEBUG o.s.w.s.m.m.a.HttpEntityMethodProcessor - Written [{"status":"failed","message":"Could not validate or save the OfficeVisit provided due to Head circumference cannot be less than .1 or greater than 999.9"}] as "text/plain" using [org.springframework.http.converter.StringHttpMessageConverter@3508cc94]
04:05:11.678 [main] DEBUG o.s.t.w.s.TestDispatcherServlet - Null ModelAndView returned to DispatcherServlet with name '': assuming HandlerAdapter completed request handling
04:05:11.678 [main] DEBUG o.s.t.w.s.TestDispatcherServlet - Successfully completed request
04:05:11.679 [main] DEBUG o.s.t.c.s.AbstractDirtiesContextTestExecutionListener - After test method: context [DefaultTestContext@65a3a48e testClass = APIOfficeVisitTest, testInstance = edu.ncsu.csc.itrust2.apitest.APIOfficeVisitTest@2c52a78d, testMethod = testOfficeVisitAPI@APIOfficeVisitTest, testException = java.lang.AssertionError: Status expected:<200> but was:<400>, mergedContextConfiguration = [WebMergedContextConfiguration@30d1cf25 testClass = APIOfficeVisitTest, locations = '{}', classes = '{class edu.ncsu.csc.itrust2.config.RootConfiguration, class edu.ncsu.csc.itrust2.mvc.config.WebMvcConfiguration}', contextInitializerClasses = '[]', activeProfiles = '{}', propertySourceLocations = '{}', propertySourceProperties = '{}', contextCustomizers = set[[empty]], resourceBasePath = 'src/main/webapp', contextLoader = 'org.springframework.test.context.web.WebDelegatingSmartContextLoader', parent = [null]]], class annotated with @DirtiesContext [false] with mode [null], method annotated with @DirtiesContext [false] with mode [null].
04:05:11.679 [main] DEBUG o.s.t.c.w.ServletTestExecutionListener - Resetting RequestContextHolder for test context [DefaultTestContext@65a3a48e testClass = APIOfficeVisitTest, testInstance = edu.ncsu.csc.itrust2.apitest.APIOfficeVisitTest@2c52a78d, testMethod = testOfficeVisitAPI@APIOfficeVisitTest, testException = java.lang.AssertionError: Status expected:<200> but was:<400>, mergedContextConfiguration = [WebMergedContextConfiguration@30d1cf25 testClass = APIOfficeVisitTest, locations = '{}', classes = '{class edu.ncsu.csc.itrust2.config.RootConfiguration, class edu.ncsu.csc.itrust2.mvc.config.WebMvcConfiguration}', contextInitializerClasses = '[]', activeProfiles = '{}', propertySourceLocations = '{}', propertySourceProperties = '{}', contextCustomizers = set[[empty]], resourceBasePath = 'src/main/webapp', contextLoader = 'org.springframework.test.context.web.WebDelegatingSmartContextLoader', parent = [null]]].
]]></system-out>
    <system-err><![CDATA[HOSPITALS
java.lang.IllegalArgumentException: Head circumference cannot be less than .1 or greater than 999.9
	at edu.ncsu.csc.itrust2.models.persistent.BasicHealthMetrics.setHeadCircumference(BasicHealthMetrics.java:365)
	at edu.ncsu.csc.itrust2.models.persistent.BasicHealthMetrics.<init>(BasicHealthMetrics.java:153)
	at edu.ncsu.csc.itrust2.models.persistent.OfficeVisit.<init>(OfficeVisit.java:201)
	at edu.ncsu.csc.itrust2.controllers.api.APIOfficeVisitController.createOfficeVisit(APIOfficeVisitController.java:107)
	at edu.ncsu.csc.itrust2.controllers.api.APIOfficeVisitController$$FastClassBySpringCGLIB$$3e0f2ac1.invoke(<generated>)
	at org.springframework.cglib.proxy.MethodProxy.invoke(MethodProxy.java:204)
	at org.springframework.aop.framework.CglibAopProxy$DynamicAdvisedInterceptor.intercept(CglibAopProxy.java:652)
	at edu.ncsu.csc.itrust2.controllers.api.APIOfficeVisitController$$EnhancerBySpringCGLIB$$980e3405.createOfficeVisit(<generated>)
	at sun.reflect.NativeMethodAccessorImpl.invoke0(Native Method)
	at sun.reflect.NativeMethodAccessorImpl.invoke(NativeMethodAccessorImpl.java:62)
	at sun.reflect.DelegatingMethodAccessorImpl.invoke(DelegatingMethodAccessorImpl.java:43)
	at java.lang.reflect.Method.invoke(Method.java:498)
	at org.springframework.web.method.support.InvocableHandlerMethod.doInvoke(InvocableHandlerMethod.java:220)
	at org.springframework.web.method.support.InvocableHandlerMethod.invokeForRequest(InvocableHandlerMethod.java:134)
	at org.springframework.web.servlet.mvc.method.annotation.ServletInvocableHandlerMethod.invokeAndHandle(ServletInvocableHandlerMethod.java:116)
	at org.springframework.web.servlet.mvc.method.annotation.RequestMappingHandlerAdapter.invokeHandlerMethod(RequestMappingHandlerAdapter.java:827)
	at org.springframework.web.servlet.mvc.method.annotation.RequestMappingHandlerAdapter.handleInternal(RequestMappingHandlerAdapter.java:738)
	at org.springframework.web.servlet.mvc.method.AbstractHandlerMethodAdapter.handle(AbstractHandlerMethodAdapter.java:85)
	at org.springframework.web.servlet.DispatcherServlet.doDispatch(DispatcherServlet.java:963)
	at org.springframework.web.servlet.DispatcherServlet.doService(DispatcherServlet.java:897)
	at org.springframework.web.servlet.FrameworkServlet.processRequest(FrameworkServlet.java:970)
	at org.springframework.web.servlet.FrameworkServlet.doPost(FrameworkServlet.java:872)
	at javax.servlet.http.HttpServlet.service(HttpServlet.java:688)
	at org.springframework.web.servlet.FrameworkServlet.service(FrameworkServlet.java:846)
	at org.springframework.test.web.servlet.TestDispatcherServlet.service(TestDispatcherServlet.java:65)
	at javax.servlet.http.HttpServlet.service(HttpServlet.java:770)
	at org.springframework.mock.web.MockFilterChain$ServletFilterProxy.doFilter(MockFilterChain.java:167)
	at org.springframework.mock.web.MockFilterChain.doFilter(MockFilterChain.java:134)
	at org.springframework.test.web.servlet.MockMvc.perform(MockMvc.java:155)
	at edu.ncsu.csc.itrust2.apitest.APIOfficeVisitTest.testOfficeVisitAPI(APIOfficeVisitTest.java:193)
	at sun.reflect.NativeMethodAccessorImpl.invoke0(Native Method)
	at sun.reflect.NativeMethodAccessorImpl.invoke(NativeMethodAccessorImpl.java:62)
	at sun.reflect.DelegatingMethodAccessorImpl.invoke(DelegatingMethodAccessorImpl.java:43)
	at java.lang.reflect.Method.invoke(Method.java:498)
	at org.junit.runners.model.FrameworkMethod$1.runReflectiveCall(FrameworkMethod.java:50)
	at org.junit.internal.runners.model.ReflectiveCallable.run(ReflectiveCallable.java:12)
	at org.junit.runners.model.FrameworkMethod.invokeExplosively(FrameworkMethod.java:47)
	at org.junit.internal.runners.statements.InvokeMethod.evaluate(InvokeMethod.java:17)
	at org.junit.internal.runners.statements.RunBefores.evaluate(RunBefores.java:26)
	at org.springframework.test.context.junit4.statements.RunBeforeTestMethodCallbacks.evaluate(RunBeforeTestMethodCallbacks.java:75)
	at org.springframework.test.context.junit4.statements.RunAfterTestMethodCallbacks.evaluate(RunAfterTestMethodCallbacks.java:86)
	at org.springframework.test.context.junit4.statements.SpringRepeat.evaluate(SpringRepeat.java:84)
	at org.junit.runners.ParentRunner.runLeaf(ParentRunner.java:325)
	at org.springframework.test.context.junit4.SpringJUnit4ClassRunner.runChild(SpringJUnit4ClassRunner.java:252)
	at org.springframework.test.context.junit4.SpringJUnit4ClassRunner.runChild(SpringJUnit4ClassRunner.java:94)
	at org.junit.runners.ParentRunner$3.run(ParentRunner.java:290)
	at org.junit.runners.ParentRunner$1.schedule(ParentRunner.java:71)
	at org.junit.runners.ParentRunner.runChildren(ParentRunner.java:288)
	at org.junit.runners.ParentRunner.access$000(ParentRunner.java:58)
	at org.junit.runners.ParentRunner$2.evaluate(ParentRunner.java:268)
	at org.springframework.test.context.junit4.statements.RunBeforeTestClassCallbacks.evaluate(RunBeforeTestClassCallbacks.java:61)
	at org.springframework.test.context.junit4.statements.RunAfterTestClassCallbacks.evaluate(RunAfterTestClassCallbacks.java:70)
	at org.junit.runners.ParentRunner.run(ParentRunner.java:363)
	at org.springframework.test.context.junit4.SpringJUnit4ClassRunner.run(SpringJUnit4ClassRunner.java:191)
	at org.apache.maven.surefire.junit4.JUnit4Provider.execute(JUnit4Provider.java:365)
	at org.apache.maven.surefire.junit4.JUnit4Provider.executeWithRerun(JUnit4Provider.java:272)
	at org.apache.maven.surefire.junit4.JUnit4Provider.executeTestSet(JUnit4Provider.java:236)
	at org.apache.maven.surefire.junit4.JUnit4Provider.invoke(JUnit4Provider.java:159)
	at org.apache.maven.surefire.booter.ForkedBooter.invokeProviderInSameClassLoader(ForkedBooter.java:386)
	at org.apache.maven.surefire.booter.ForkedBooter.runSuitesInProcess(ForkedBooter.java:323)
	at org.apache.maven.surefire.booter.ForkedBooter.main(ForkedBooter.java:143)
]]></system-err>
  </testcase>
  <testcase name="testPreScheduledOfficeVisit" classname="edu.ncsu.csc.itrust2.apitest.APIOfficeVisitTest" time="0.82">
    <failure message="Status expected:&lt;200&gt; but was:&lt;400&gt;" type="java.lang.AssertionError"><![CDATA[java.lang.AssertionError: Status expected:<200> but was:<400>
	at edu.ncsu.csc.itrust2.apitest.APIOfficeVisitTest.testPreScheduledOfficeVisit(APIOfficeVisitTest.java:143)
]]></failure>
    <system-out><![CDATA[04:05:11.680 [main] DEBUG o.s.t.annotation.ProfileValueUtils - Retrieved @ProfileValueSourceConfiguration [null] for test class [edu.ncsu.csc.itrust2.apitest.APIOfficeVisitTest]
04:05:11.680 [main] DEBUG o.s.t.annotation.ProfileValueUtils - Retrieved ProfileValueSource type [class org.springframework.test.annotation.SystemProfileValueSource] for class [edu.ncsu.csc.itrust2.apitest.APIOfficeVisitTest]
04:05:11.680 [main] DEBUG o.s.t.c.c.DefaultCacheAwareContextLoaderDelegate - Retrieved ApplicationContext from cache with key [[WebMergedContextConfiguration@30d1cf25 testClass = APIOfficeVisitTest, locations = '{}', classes = '{class edu.ncsu.csc.itrust2.config.RootConfiguration, class edu.ncsu.csc.itrust2.mvc.config.WebMvcConfiguration}', contextInitializerClasses = '[]', activeProfiles = '{}', propertySourceLocations = '{}', propertySourceProperties = '{}', contextCustomizers = set[[empty]], resourceBasePath = 'src/main/webapp', contextLoader = 'org.springframework.test.context.web.WebDelegatingSmartContextLoader', parent = [null]]]
04:05:11.680 [main] DEBUG o.springframework.test.context.cache - Spring test ApplicationContext cache statistics: [DefaultContextCache@4740e12f size = 1, maxSize = 32, parentContextCount = 0, hitCount = 29, missCount = 1]
04:05:11.680 [main] DEBUG o.s.t.c.w.ServletTestExecutionListener - Setting up MockHttpServletRequest, MockHttpServletResponse, ServletWebRequest, and RequestContextHolder for test context [DefaultTestContext@65a3a48e testClass = APIOfficeVisitTest, testInstance = edu.ncsu.csc.itrust2.apitest.APIOfficeVisitTest@3cf44487, testMethod = [null], testException = [null], mergedContextConfiguration = [WebMergedContextConfiguration@30d1cf25 testClass = APIOfficeVisitTest, locations = '{}', classes = '{class edu.ncsu.csc.itrust2.config.RootConfiguration, class edu.ncsu.csc.itrust2.mvc.config.WebMvcConfiguration}', contextInitializerClasses = '[]', activeProfiles = '{}', propertySourceLocations = '{}', propertySourceProperties = '{}', contextCustomizers = set[[empty]], resourceBasePath = 'src/main/webapp', contextLoader = 'org.springframework.test.context.web.WebDelegatingSmartContextLoader', parent = [null]]].
04:05:11.681 [main] DEBUG o.s.t.c.s.DependencyInjectionTestExecutionListener - Performing dependency injection for test context [[DefaultTestContext@65a3a48e testClass = APIOfficeVisitTest, testInstance = edu.ncsu.csc.itrust2.apitest.APIOfficeVisitTest@3cf44487, testMethod = [null], testException = [null], mergedContextConfiguration = [WebMergedContextConfiguration@30d1cf25 testClass = APIOfficeVisitTest, locations = '{}', classes = '{class edu.ncsu.csc.itrust2.config.RootConfiguration, class edu.ncsu.csc.itrust2.mvc.config.WebMvcConfiguration}', contextInitializerClasses = '[]', activeProfiles = '{}', propertySourceLocations = '{}', propertySourceProperties = '{}', contextCustomizers = set[[empty]], resourceBasePath = 'src/main/webapp', contextLoader = 'org.springframework.test.context.web.WebDelegatingSmartContextLoader', parent = [null]]]].
04:05:11.681 [main] DEBUG o.s.t.c.c.DefaultCacheAwareContextLoaderDelegate - Retrieved ApplicationContext from cache with key [[WebMergedContextConfiguration@30d1cf25 testClass = APIOfficeVisitTest, locations = '{}', classes = '{class edu.ncsu.csc.itrust2.config.RootConfiguration, class edu.ncsu.csc.itrust2.mvc.config.WebMvcConfiguration}', contextInitializerClasses = '[]', activeProfiles = '{}', propertySourceLocations = '{}', propertySourceProperties = '{}', contextCustomizers = set[[empty]], resourceBasePath = 'src/main/webapp', contextLoader = 'org.springframework.test.context.web.WebDelegatingSmartContextLoader', parent = [null]]]
04:05:11.681 [main] DEBUG o.springframework.test.context.cache - Spring test ApplicationContext cache statistics: [DefaultContextCache@4740e12f size = 1, maxSize = 32, parentContextCount = 0, hitCount = 30, missCount = 1]
04:05:11.681 [main] DEBUG o.s.b.f.annotation.InjectionMetadata - Processing injected element of bean 'edu.ncsu.csc.itrust2.apitest.APIOfficeVisitTest': AutowiredFieldElement for private org.springframework.web.context.WebApplicationContext edu.ncsu.csc.itrust2.apitest.APIOfficeVisitTest.context
04:05:11.682 [main] DEBUG o.s.t.c.s.AbstractDirtiesContextTestExecutionListener - Before test method: context [DefaultTestContext@65a3a48e testClass = APIOfficeVisitTest, testInstance = edu.ncsu.csc.itrust2.apitest.APIOfficeVisitTest@3cf44487, testMethod = testPreScheduledOfficeVisit@APIOfficeVisitTest, testException = [null], mergedContextConfiguration = [WebMergedContextConfiguration@30d1cf25 testClass = APIOfficeVisitTest, locations = '{}', classes = '{class edu.ncsu.csc.itrust2.config.RootConfiguration, class edu.ncsu.csc.itrust2.mvc.config.WebMvcConfiguration}', contextInitializerClasses = '[]', activeProfiles = '{}', propertySourceLocations = '{}', propertySourceProperties = '{}', contextCustomizers = set[[empty]], resourceBasePath = 'src/main/webapp', contextLoader = 'org.springframework.test.context.web.WebDelegatingSmartContextLoader', parent = [null]]], class annotated with @DirtiesContext [false] with mode [null], method annotated with @DirtiesContext [false] with mode [null].
04:05:11.682 [main] DEBUG o.s.t.w.s.TestDispatcherServlet - Initializing servlet ''
04:05:11.682 [main] DEBUG o.s.w.c.s.StandardServletEnvironment - Adding [servletConfigInitParams] PropertySource with lowest search precedence
04:05:11.682 [main] DEBUG o.s.w.c.s.StandardServletEnvironment - Adding [servletContextInitParams] PropertySource with lowest search precedence
04:05:11.682 [main] DEBUG o.s.w.c.s.StandardServletEnvironment - Adding [systemProperties] PropertySource with lowest search precedence
04:05:11.682 [main] DEBUG o.s.w.c.s.StandardServletEnvironment - Adding [systemEnvironment] PropertySource with lowest search precedence
04:05:11.683 [main] DEBUG o.s.w.c.s.StandardServletEnvironment - Initialized StandardServletEnvironment with PropertySources [servletConfigInitParams,servletContextInitParams,systemProperties,systemEnvironment]
04:05:11.683 [main] INFO  o.s.mock.web.MockServletContext - Initializing Spring FrameworkServlet ''
04:05:11.683 [main] INFO  o.s.t.w.s.TestDispatcherServlet - FrameworkServlet '': initialization started
04:05:11.683 [main] DEBUG o.s.t.w.s.TestDispatcherServlet - Unable to locate MultipartResolver with name 'multipartResolver': no multipart request handling provided
04:05:11.683 [main] DEBUG o.s.b.f.s.DefaultListableBeanFactory - Creating instance of bean 'org.springframework.web.servlet.i18n.AcceptHeaderLocaleResolver'
04:05:11.684 [main] DEBUG o.s.b.f.s.DefaultListableBeanFactory - Finished creating instance of bean 'org.springframework.web.servlet.i18n.AcceptHeaderLocaleResolver'
04:05:11.684 [main] DEBUG o.s.t.w.s.TestDispatcherServlet - Unable to locate LocaleResolver with name 'localeResolver': using default [org.springframework.web.servlet.i18n.AcceptHeaderLocaleResolver@8eb2aaf]
04:05:11.684 [main] DEBUG o.s.b.f.s.DefaultListableBeanFactory - Creating instance of bean 'org.springframework.web.servlet.theme.FixedThemeResolver'
04:05:11.684 [main] DEBUG o.s.b.f.s.DefaultListableBeanFactory - Finished creating instance of bean 'org.springframework.web.servlet.theme.FixedThemeResolver'
04:05:11.684 [main] DEBUG o.s.t.w.s.TestDispatcherServlet - Unable to locate ThemeResolver with name 'themeResolver': using default [org.springframework.web.servlet.theme.FixedThemeResolver@17369953]
04:05:11.685 [main] DEBUG o.s.b.f.s.DefaultListableBeanFactory - Returning cached instance of singleton bean 'requestMappingHandlerMapping'
04:05:11.685 [main] DEBUG o.s.b.f.s.DefaultListableBeanFactory - Returning cached instance of singleton bean 'viewControllerHandlerMapping'
04:05:11.685 [main] DEBUG o.s.b.f.s.DefaultListableBeanFactory - Returning cached instance of singleton bean 'beanNameHandlerMapping'
04:05:11.685 [main] DEBUG o.s.b.f.s.DefaultListableBeanFactory - Returning cached instance of singleton bean 'resourceHandlerMapping'
04:05:11.685 [main] DEBUG o.s.b.f.s.DefaultListableBeanFactory - Returning cached instance of singleton bean 'defaultServletHandlerMapping'
04:05:11.685 [main] DEBUG o.s.b.f.s.DefaultListableBeanFactory - Returning cached instance of singleton bean 'requestMappingHandlerAdapter'
04:05:11.685 [main] DEBUG o.s.b.f.s.DefaultListableBeanFactory - Returning cached instance of singleton bean 'httpRequestHandlerAdapter'
04:05:11.685 [main] DEBUG o.s.b.f.s.DefaultListableBeanFactory - Returning cached instance of singleton bean 'simpleControllerHandlerAdapter'
04:05:11.686 [main] DEBUG o.s.b.f.s.DefaultListableBeanFactory - Returning cached instance of singleton bean 'handlerExceptionResolver'
04:05:11.686 [main] DEBUG o.s.b.f.s.DefaultListableBeanFactory - Creating instance of bean 'org.springframework.web.servlet.view.DefaultRequestToViewNameTranslator'
04:05:11.686 [main] DEBUG o.s.b.f.s.DefaultListableBeanFactory - Finished creating instance of bean 'org.springframework.web.servlet.view.DefaultRequestToViewNameTranslator'
04:05:11.686 [main] DEBUG o.s.t.w.s.TestDispatcherServlet - Unable to locate RequestToViewNameTranslator with name 'viewNameTranslator': using default [org.springframework.web.servlet.view.DefaultRequestToViewNameTranslator@9f8374e]
04:05:11.687 [main] DEBUG o.s.b.f.s.DefaultListableBeanFactory - Returning cached instance of singleton bean 'mvcViewResolver'
04:05:11.687 [main] DEBUG o.s.b.f.s.DefaultListableBeanFactory - Returning cached instance of singleton bean 'viewResolver'
04:05:11.687 [main] DEBUG o.s.b.f.s.DefaultListableBeanFactory - Creating instance of bean 'org.springframework.web.servlet.support.SessionFlashMapManager'
04:05:11.687 [main] DEBUG o.s.b.f.s.DefaultListableBeanFactory - Finished creating instance of bean 'org.springframework.web.servlet.support.SessionFlashMapManager'
04:05:11.687 [main] DEBUG o.s.t.w.s.TestDispatcherServlet - Unable to locate FlashMapManager with name 'flashMapManager': using default [org.springframework.web.servlet.support.SessionFlashMapManager@4eff4aac]
04:05:11.687 [main] DEBUG o.s.t.w.s.TestDispatcherServlet - Published WebApplicationContext of servlet '' as ServletContext attribute with name [org.springframework.web.servlet.FrameworkServlet.CONTEXT.]
04:05:11.688 [main] INFO  o.s.t.w.s.TestDispatcherServlet - FrameworkServlet '': initialization completed in 5 ms
04:05:11.688 [main] DEBUG o.s.t.w.s.TestDispatcherServlet - Servlet '' configured successfully
04:05:11.688 [main] DEBUG o.h.e.t.internal.TransactionImpl - begin
04:05:11.689 [main] DEBUG org.hibernate.SQL - select this_.username as username1_15_0_, this_.enabled as enabled2_15_0_, this_.password as password3_15_0_, this_.role as role4_15_0_ from Users this_ where this_.username=? and this_.role=?
Hibernate: select this_.username as username1_15_0_, this_.enabled as enabled2_15_0_, this_.password as password3_15_0_, this_.role as role4_15_0_ from Users this_ where this_.username=? and this_.role=?
04:05:11.690 [main] DEBUG org.hibernate.loader.Loader - Result set row: 0
04:05:11.690 [main] DEBUG org.hibernate.loader.Loader - Result row: EntityKey[edu.ncsu.csc.itrust2.models.persistent.User#patient]
04:05:11.690 [main] DEBUG o.h.engine.internal.TwoPhaseLoad - Resolving associations for [edu.ncsu.csc.itrust2.models.persistent.User#patient]
04:05:11.690 [main] DEBUG o.h.engine.internal.TwoPhaseLoad - Done materializing entity [edu.ncsu.csc.itrust2.models.persistent.User#patient]
04:05:11.690 [main] DEBUG o.h.e.t.internal.TransactionImpl - committing
04:05:11.691 [main] DEBUG o.h.e.i.AbstractFlushingEventListener - Processing flush-time cascades
04:05:11.691 [main] DEBUG o.h.e.i.AbstractFlushingEventListener - Dirty checking collections
04:05:11.691 [main] DEBUG o.h.e.i.AbstractFlushingEventListener - Flushed: 0 insertions, 0 updates, 0 deletions to 1 objects
04:05:11.691 [main] DEBUG o.h.e.i.AbstractFlushingEventListener - Flushed: 0 (re)creations, 0 updates, 0 removals to 0 collections
04:05:11.691 [main] DEBUG o.h.internal.util.EntityPrinter - Listing entities:
04:05:11.691 [main] DEBUG o.h.internal.util.EntityPrinter - edu.ncsu.csc.itrust2.models.persistent.User{password=$2a$10$EblZqNptyYvcLm/VwDCVAuBjzZOI7khzdyGPBr08PpIi0na624b8., role=ROLE_PATIENT, enabled=1, username=patient}
04:05:11.692 [main] DEBUG o.h.e.t.internal.TransactionImpl - begin
04:05:11.693 [main] DEBUG org.hibernate.SQL - select this_.self_id as self_id18_12_2_, this_.address1 as address1_12_2_, this_.address2 as address2_12_2_, this_.bloodType as bloodTyp3_12_2_, this_.causeOfDeath as causeOfD4_12_2_, this_.city as city5_12_2_, this_.dateOfBirth as dateOfBi6_12_2_, this_.dateOfDeath as dateOfDe7_12_2_, this_.email as email8_12_2_, this_.ethnicity as ethnicit9_12_2_, this_.father_id as father_19_12_2_, this_.firstName as firstNa10_12_2_, this_.gender as gender11_12_2_, this_.id as id12_12_2_, this_.lastName as lastNam13_12_2_, this_.mother_id as mother_20_12_2_, this_.phone as phone14_12_2_, this_.preferredName as preferr15_12_2_, this_.state as state16_12_2_, this_.zip as zip17_12_2_, user2_.username as username1_15_0_, user2_.enabled as enabled2_15_0_, user2_.password as password3_15_0_, user2_.role as role4_15_0_, user3_.username as username1_15_1_, user3_.enabled as enabled2_15_1_, user3_.password as password3_15_1_, user3_.role as role4_15_1_ from Patients this_ left outer join Users user2_ on this_.father_id=user2_.username left outer join Users user3_ on this_.mother_id=user3_.username where this_.self_id=?
Hibernate: select this_.self_id as self_id18_12_2_, this_.address1 as address1_12_2_, this_.address2 as address2_12_2_, this_.bloodType as bloodTyp3_12_2_, this_.causeOfDeath as causeOfD4_12_2_, this_.city as city5_12_2_, this_.dateOfBirth as dateOfBi6_12_2_, this_.dateOfDeath as dateOfDe7_12_2_, this_.email as email8_12_2_, this_.ethnicity as ethnicit9_12_2_, this_.father_id as father_19_12_2_, this_.firstName as firstNa10_12_2_, this_.gender as gender11_12_2_, this_.id as id12_12_2_, this_.lastName as lastNam13_12_2_, this_.mother_id as mother_20_12_2_, this_.phone as phone14_12_2_, this_.preferredName as preferr15_12_2_, this_.state as state16_12_2_, this_.zip as zip17_12_2_, user2_.username as username1_15_0_, user2_.enabled as enabled2_15_0_, user2_.password as password3_15_0_, user2_.role as role4_15_0_, user3_.username as username1_15_1_, user3_.enabled as enabled2_15_1_, user3_.password as password3_15_1_, user3_.role as role4_15_1_ from Patients this_ left outer join Users user2_ on this_.father_id=user2_.username left outer join Users user3_ on this_.mother_id=user3_.username where this_.self_id=?
04:05:11.694 [main] DEBUG o.h.e.t.internal.TransactionImpl - committing
04:05:11.695 [main] DEBUG o.s.t.w.s.TestDispatcherServlet - DispatcherServlet with name '' processing POST request for [/api/v1/users]
04:05:11.695 [main] DEBUG o.s.w.s.m.m.a.RequestMappingHandlerMapping - Looking up handler method for path /api/v1/users
04:05:11.695 [main] DEBUG o.s.w.s.m.m.a.RequestMappingHandlerMapping - Returning handler method [public org.springframework.http.ResponseEntity edu.ncsu.csc.itrust2.controllers.api.APIUserController.createUser(edu.ncsu.csc.itrust2.forms.admin.UserForm)]
04:05:11.696 [main] DEBUG o.s.b.f.s.DefaultListableBeanFactory - Returning cached instance of singleton bean 'APIUserController'
04:05:11.696 [main] DEBUG o.s.w.s.m.m.a.RequestResponseBodyMethodProcessor - Read [class edu.ncsu.csc.itrust2.forms.admin.UserForm] as "application/json" with [org.springframework.http.converter.json.GsonHttpMessageConverter@62271948]
04:05:11.938 [main] DEBUG o.h.e.t.internal.TransactionImpl - begin
04:05:11.943 [main] DEBUG org.hibernate.SQL - select this_.username as username1_15_0_, this_.enabled as enabled2_15_0_, this_.password as password3_15_0_, this_.role as role4_15_0_ from Users this_ where this_.username=?
Hibernate: select this_.username as username1_15_0_, this_.enabled as enabled2_15_0_, this_.password as password3_15_0_, this_.role as role4_15_0_ from Users this_ where this_.username=?
04:05:11.945 [main] DEBUG org.hibernate.loader.Loader - Result set row: 0
04:05:11.945 [main] DEBUG org.hibernate.loader.Loader - Result row: EntityKey[edu.ncsu.csc.itrust2.models.persistent.User#hcp]
04:05:11.946 [main] DEBUG o.h.engine.internal.TwoPhaseLoad - Resolving associations for [edu.ncsu.csc.itrust2.models.persistent.User#hcp]
04:05:11.946 [main] DEBUG o.h.engine.internal.TwoPhaseLoad - Done materializing entity [edu.ncsu.csc.itrust2.models.persistent.User#hcp]
04:05:11.949 [main] DEBUG o.h.e.t.internal.TransactionImpl - committing
04:05:11.949 [main] DEBUG o.h.e.i.AbstractFlushingEventListener - Processing flush-time cascades
04:05:11.949 [main] DEBUG o.h.e.i.AbstractFlushingEventListener - Dirty checking collections
04:05:11.950 [main] DEBUG o.h.e.i.AbstractFlushingEventListener - Flushed: 0 insertions, 0 updates, 0 deletions to 1 objects
04:05:11.951 [main] DEBUG o.h.e.i.AbstractFlushingEventListener - Flushed: 0 (re)creations, 0 updates, 0 removals to 0 collections
04:05:11.951 [main] DEBUG o.h.internal.util.EntityPrinter - Listing entities:
04:05:11.951 [main] DEBUG o.h.internal.util.EntityPrinter - edu.ncsu.csc.itrust2.models.persistent.User{password=$2a$10$EblZqNptyYvcLm/VwDCVAuBjzZOI7khzdyGPBr08PpIi0na624b8., role=ROLE_HCP, enabled=1, username=hcp}
04:05:11.955 [main] DEBUG o.s.w.s.m.m.a.HttpEntityMethodProcessor - Written [{"status":"failed","message":"User with the id hcp already exists"}] as "text/plain" using [org.springframework.http.converter.StringHttpMessageConverter@3508cc94]
04:05:11.955 [main] DEBUG o.s.t.w.s.TestDispatcherServlet - Null ModelAndView returned to DispatcherServlet with name '': assuming HandlerAdapter completed request handling
04:05:11.955 [main] DEBUG o.s.t.w.s.TestDispatcherServlet - Successfully completed request
04:05:11.957 [main] DEBUG o.s.t.w.s.TestDispatcherServlet - DispatcherServlet with name '' processing POST request for [/api/v1/users]
04:05:11.957 [main] DEBUG o.s.w.s.m.m.a.RequestMappingHandlerMapping - Looking up handler method for path /api/v1/users
04:05:11.957 [main] DEBUG o.s.w.s.m.m.a.RequestMappingHandlerMapping - Returning handler method [public org.springframework.http.ResponseEntity edu.ncsu.csc.itrust2.controllers.api.APIUserController.createUser(edu.ncsu.csc.itrust2.forms.admin.UserForm)]
04:05:11.958 [main] DEBUG o.s.b.f.s.DefaultListableBeanFactory - Returning cached instance of singleton bean 'APIUserController'
04:05:11.960 [main] DEBUG o.s.w.s.m.m.a.RequestResponseBodyMethodProcessor - Read [class edu.ncsu.csc.itrust2.forms.admin.UserForm] as "application/json" with [org.springframework.http.converter.json.GsonHttpMessageConverter@62271948]
04:05:12.107 [main] DEBUG o.h.e.t.internal.TransactionImpl - begin
04:05:12.109 [main] DEBUG org.hibernate.SQL - select this_.username as username1_15_0_, this_.enabled as enabled2_15_0_, this_.password as password3_15_0_, this_.role as role4_15_0_ from Users this_ where this_.username=?
Hibernate: select this_.username as username1_15_0_, this_.enabled as enabled2_15_0_, this_.password as password3_15_0_, this_.role as role4_15_0_ from Users this_ where this_.username=?
04:05:12.110 [main] DEBUG org.hibernate.loader.Loader - Result set row: 0
04:05:12.110 [main] DEBUG org.hibernate.loader.Loader - Result row: EntityKey[edu.ncsu.csc.itrust2.models.persistent.User#patient]
04:05:12.110 [main] DEBUG o.h.engine.internal.TwoPhaseLoad - Resolving associations for [edu.ncsu.csc.itrust2.models.persistent.User#patient]
04:05:12.110 [main] DEBUG o.h.engine.internal.TwoPhaseLoad - Done materializing entity [edu.ncsu.csc.itrust2.models.persistent.User#patient]
04:05:12.110 [main] DEBUG o.h.e.t.internal.TransactionImpl - committing
04:05:12.111 [main] DEBUG o.h.e.i.AbstractFlushingEventListener - Processing flush-time cascades
04:05:12.119 [main] DEBUG o.h.e.i.AbstractFlushingEventListener - Dirty checking collections
04:05:12.121 [main] DEBUG o.h.e.i.AbstractFlushingEventListener - Flushed: 0 insertions, 0 updates, 0 deletions to 1 objects
04:05:12.122 [main] DEBUG o.h.e.i.AbstractFlushingEventListener - Flushed: 0 (re)creations, 0 updates, 0 removals to 0 collections
04:05:12.122 [main] DEBUG o.h.internal.util.EntityPrinter - Listing entities:
04:05:12.122 [main] DEBUG o.h.internal.util.EntityPrinter - edu.ncsu.csc.itrust2.models.persistent.User{password=$2a$10$EblZqNptyYvcLm/VwDCVAuBjzZOI7khzdyGPBr08PpIi0na624b8., role=ROLE_PATIENT, enabled=1, username=patient}
04:05:12.124 [main] DEBUG o.s.w.s.m.m.a.HttpEntityMethodProcessor - Written [{"status":"failed","message":"User with the id patient already exists"}] as "text/plain" using [org.springframework.http.converter.StringHttpMessageConverter@3508cc94]
04:05:12.124 [main] DEBUG o.s.t.w.s.TestDispatcherServlet - Null ModelAndView returned to DispatcherServlet with name '': assuming HandlerAdapter completed request handling
04:05:12.124 [main] DEBUG o.s.t.w.s.TestDispatcherServlet - Successfully completed request
04:05:12.129 [main] DEBUG o.s.t.w.s.TestDispatcherServlet - DispatcherServlet with name '' processing DELETE request for [/api/v1/appointmentrequests]
04:05:12.129 [main] DEBUG o.s.w.s.m.m.a.RequestMappingHandlerMapping - Looking up handler method for path /api/v1/appointmentrequests
04:05:12.131 [main] DEBUG o.s.w.s.m.m.a.RequestMappingHandlerMapping - Returning handler method [public org.springframework.http.ResponseEntity edu.ncsu.csc.itrust2.controllers.api.APIAppointmentRequestController.deleteAppointmentRequests()]
04:05:12.131 [main] DEBUG o.s.b.f.s.DefaultListableBeanFactory - Returning cached instance of singleton bean 'APIAppointmentRequestController'
04:05:12.138 [main] DEBUG o.h.e.t.internal.TransactionImpl - begin
04:05:12.139 [main] DEBUG org.hibernate.SQL - select this_.id as id1_0_2_, this_.comments as comments2_0_2_, this_.date as date3_0_2_, this_.hcp_id as hcp_id6_0_2_, this_.patient_id as patient_7_0_2_, this_.status as status4_0_2_, this_.type as type5_0_2_, user2_.username as username1_15_0_, user2_.enabled as enabled2_15_0_, user2_.password as password3_15_0_, user2_.role as role4_15_0_, user3_.username as username1_15_1_, user3_.enabled as enabled2_15_1_, user3_.password as password3_15_1_, user3_.role as role4_15_1_ from AppointmentRequests this_ inner join Users user2_ on this_.hcp_id=user2_.username inner join Users user3_ on this_.patient_id=user3_.username
Hibernate: select this_.id as id1_0_2_, this_.comments as comments2_0_2_, this_.date as date3_0_2_, this_.hcp_id as hcp_id6_0_2_, this_.patient_id as patient_7_0_2_, this_.status as status4_0_2_, this_.type as type5_0_2_, user2_.username as username1_15_0_, user2_.enabled as enabled2_15_0_, user2_.password as password3_15_0_, user2_.role as role4_15_0_, user3_.username as username1_15_1_, user3_.enabled as enabled2_15_1_, user3_.password as password3_15_1_, user3_.role as role4_15_1_ from AppointmentRequests this_ inner join Users user2_ on this_.hcp_id=user2_.username inner join Users user3_ on this_.patient_id=user3_.username
04:05:12.142 [main] DEBUG o.h.e.t.internal.TransactionImpl - committing
04:05:12.152 [main] DEBUG o.s.w.s.m.m.a.HttpEntityMethodProcessor - Written [{"status":"success","message":"Successfully deleted all AppointmentRequests"}] as "text/plain" using [org.springframework.http.converter.StringHttpMessageConverter@3508cc94]
04:05:12.152 [main] DEBUG o.s.t.w.s.TestDispatcherServlet - Null ModelAndView returned to DispatcherServlet with name '': assuming HandlerAdapter completed request handling
04:05:12.152 [main] DEBUG o.s.t.w.s.TestDispatcherServlet - Successfully completed request
04:05:12.154 [main] DEBUG o.s.t.w.s.TestDispatcherServlet - DispatcherServlet with name '' processing POST request for [/api/v1/appointmentrequests]
04:05:12.155 [main] DEBUG o.s.w.s.m.m.a.RequestMappingHandlerMapping - Looking up handler method for path /api/v1/appointmentrequests
04:05:12.156 [main] DEBUG o.s.w.s.m.m.a.RequestMappingHandlerMapping - Returning handler method [public org.springframework.http.ResponseEntity edu.ncsu.csc.itrust2.controllers.api.APIAppointmentRequestController.createAppointmentRequest(edu.ncsu.csc.itrust2.forms.patient.AppointmentRequestForm)]
04:05:12.157 [main] DEBUG o.s.b.f.s.DefaultListableBeanFactory - Returning cached instance of singleton bean 'APIAppointmentRequestController'
04:05:12.157 [main] DEBUG o.s.w.s.m.m.a.RequestResponseBodyMethodProcessor - Read [class edu.ncsu.csc.itrust2.forms.patient.AppointmentRequestForm] as "application/json" with [org.springframework.http.converter.json.GsonHttpMessageConverter@62271948]
04:05:12.161 [main] DEBUG o.h.e.t.internal.TransactionImpl - begin
04:05:12.165 [main] DEBUG org.hibernate.SQL - select this_.username as username1_15_0_, this_.enabled as enabled2_15_0_, this_.password as password3_15_0_, this_.role as role4_15_0_ from Users this_ where this_.username=? and this_.role=?
Hibernate: select this_.username as username1_15_0_, this_.enabled as enabled2_15_0_, this_.password as password3_15_0_, this_.role as role4_15_0_ from Users this_ where this_.username=? and this_.role=?
04:05:12.168 [main] DEBUG org.hibernate.loader.Loader - Result set row: 0
04:05:12.169 [main] DEBUG org.hibernate.loader.Loader - Result row: EntityKey[edu.ncsu.csc.itrust2.models.persistent.User#patient]
04:05:12.169 [main] DEBUG o.h.engine.internal.TwoPhaseLoad - Resolving associations for [edu.ncsu.csc.itrust2.models.persistent.User#patient]
04:05:12.170 [main] DEBUG o.h.engine.internal.TwoPhaseLoad - Done materializing entity [edu.ncsu.csc.itrust2.models.persistent.User#patient]
04:05:12.172 [main] DEBUG o.h.e.t.internal.TransactionImpl - committing
04:05:12.172 [main] DEBUG o.h.e.i.AbstractFlushingEventListener - Processing flush-time cascades
04:05:12.172 [main] DEBUG o.h.e.i.AbstractFlushingEventListener - Dirty checking collections
04:05:12.173 [main] DEBUG o.h.e.i.AbstractFlushingEventListener - Flushed: 0 insertions, 0 updates, 0 deletions to 1 objects
04:05:12.173 [main] DEBUG o.h.e.i.AbstractFlushingEventListener - Flushed: 0 (re)creations, 0 updates, 0 removals to 0 collections
04:05:12.173 [main] DEBUG o.h.internal.util.EntityPrinter - Listing entities:
04:05:12.175 [main] DEBUG o.h.internal.util.EntityPrinter - edu.ncsu.csc.itrust2.models.persistent.User{password=$2a$10$EblZqNptyYvcLm/VwDCVAuBjzZOI7khzdyGPBr08PpIi0na624b8., role=ROLE_PATIENT, enabled=1, username=patient}
04:05:12.176 [main] DEBUG o.h.e.t.internal.TransactionImpl - begin
04:05:12.180 [main] DEBUG org.hibernate.SQL - select this_.username as username1_15_0_, this_.enabled as enabled2_15_0_, this_.password as password3_15_0_, this_.role as role4_15_0_ from Users this_ where this_.username=? and this_.role=?
Hibernate: select this_.username as username1_15_0_, this_.enabled as enabled2_15_0_, this_.password as password3_15_0_, this_.role as role4_15_0_ from Users this_ where this_.username=? and this_.role=?
04:05:12.183 [main] DEBUG org.hibernate.loader.Loader - Result set row: 0
04:05:12.184 [main] DEBUG org.hibernate.loader.Loader - Result row: EntityKey[edu.ncsu.csc.itrust2.models.persistent.User#hcp]
04:05:12.186 [main] DEBUG o.h.engine.internal.TwoPhaseLoad - Resolving associations for [edu.ncsu.csc.itrust2.models.persistent.User#hcp]
04:05:12.186 [main] DEBUG o.h.engine.internal.TwoPhaseLoad - Done materializing entity [edu.ncsu.csc.itrust2.models.persistent.User#hcp]
04:05:12.186 [main] DEBUG o.h.e.t.internal.TransactionImpl - committing
04:05:12.187 [main] DEBUG o.h.e.i.AbstractFlushingEventListener - Processing flush-time cascades
04:05:12.187 [main] DEBUG o.h.e.i.AbstractFlushingEventListener - Dirty checking collections
04:05:12.189 [main] DEBUG o.h.e.i.AbstractFlushingEventListener - Flushed: 0 insertions, 0 updates, 0 deletions to 1 objects
04:05:12.189 [main] DEBUG o.h.e.i.AbstractFlushingEventListener - Flushed: 0 (re)creations, 0 updates, 0 removals to 0 collections
04:05:12.189 [main] DEBUG o.h.internal.util.EntityPrinter - Listing entities:
04:05:12.190 [main] DEBUG o.h.internal.util.EntityPrinter - edu.ncsu.csc.itrust2.models.persistent.User{password=$2a$10$EblZqNptyYvcLm/VwDCVAuBjzZOI7khzdyGPBr08PpIi0na624b8., role=ROLE_HCP, enabled=1, username=hcp}
04:05:12.195 [main] DEBUG o.h.e.t.internal.TransactionImpl - begin
04:05:12.197 [main] DEBUG org.hibernate.SQL - select this_.id as id1_0_2_, this_.comments as comments2_0_2_, this_.date as date3_0_2_, this_.hcp_id as hcp_id6_0_2_, this_.patient_id as patient_7_0_2_, this_.status as status4_0_2_, this_.type as type5_0_2_, user2_.username as username1_15_0_, user2_.enabled as enabled2_15_0_, user2_.password as password3_15_0_, user2_.role as role4_15_0_, user3_.username as username1_15_1_, user3_.enabled as enabled2_15_1_, user3_.password as password3_15_1_, user3_.role as role4_15_1_ from AppointmentRequests this_ inner join Users user2_ on this_.hcp_id=user2_.username inner join Users user3_ on this_.patient_id=user3_.username where this_.id=?
Hibernate: select this_.id as id1_0_2_, this_.comments as comments2_0_2_, this_.date as date3_0_2_, this_.hcp_id as hcp_id6_0_2_, this_.patient_id as patient_7_0_2_, this_.status as status4_0_2_, this_.type as type5_0_2_, user2_.username as username1_15_0_, user2_.enabled as enabled2_15_0_, user2_.password as password3_15_0_, user2_.role as role4_15_0_, user3_.username as username1_15_1_, user3_.enabled as enabled2_15_1_, user3_.password as password3_15_1_, user3_.role as role4_15_1_ from AppointmentRequests this_ inner join Users user2_ on this_.hcp_id=user2_.username inner join Users user3_ on this_.patient_id=user3_.username where this_.id=?
04:05:12.202 [main] DEBUG o.h.e.t.internal.TransactionImpl - committing
04:05:12.205 [main] DEBUG o.h.e.t.internal.TransactionImpl - begin
04:05:12.208 [main] DEBUG org.hibernate.SQL - select next_val as id_val from hibernate_sequence for update
Hibernate: select next_val as id_val from hibernate_sequence for update
04:05:12.209 [main] DEBUG org.hibernate.SQL - update hibernate_sequence set next_val= ? where next_val=?
Hibernate: update hibernate_sequence set next_val= ? where next_val=?
04:05:12.212 [main] DEBUG o.h.e.i.AbstractSaveEventListener - Generated identifier: 25, using strategy: org.hibernate.id.enhanced.SequenceStyleGenerator
04:05:12.220 [main] DEBUG org.hibernate.SQL - select user_.username, user_.enabled as enabled2_15_, user_.password as password3_15_, user_.role as role4_15_ from Users user_ where user_.username=?
Hibernate: select user_.username, user_.enabled as enabled2_15_, user_.password as password3_15_, user_.role as role4_15_ from Users user_ where user_.username=?
04:05:12.221 [main] DEBUG o.h.r.j.i.ResourceRegistryStandardImpl - HHH000387: ResultSet's statement was not registered
04:05:12.222 [main] DEBUG org.hibernate.SQL - select user_.username, user_.enabled as enabled2_15_, user_.password as password3_15_, user_.role as role4_15_ from Users user_ where user_.username=?
Hibernate: select user_.username, user_.enabled as enabled2_15_, user_.password as password3_15_, user_.role as role4_15_ from Users user_ where user_.username=?
04:05:12.224 [main] DEBUG o.h.r.j.i.ResourceRegistryStandardImpl - HHH000387: ResultSet's statement was not registered
04:05:12.225 [main] DEBUG o.h.e.t.internal.TransactionImpl - committing
04:05:12.225 [main] DEBUG o.h.e.i.AbstractFlushingEventListener - Processing flush-time cascades
04:05:12.225 [main] DEBUG o.h.e.i.AbstractFlushingEventListener - Dirty checking collections
04:05:12.227 [main] DEBUG o.h.e.i.AbstractFlushingEventListener - Flushed: 1 insertions, 0 updates, 0 deletions to 1 objects
04:05:12.227 [main] DEBUG o.h.e.i.AbstractFlushingEventListener - Flushed: 0 (re)creations, 0 updates, 0 removals to 0 collections
04:05:12.228 [main] DEBUG o.h.internal.util.EntityPrinter - Listing entities:
04:05:12.228 [main] DEBUG o.h.internal.util.EntityPrinter - edu.ncsu.csc.itrust2.models.persistent.AppointmentRequest{date=java.util.GregorianCalendar[time=1921294200000,areFieldsSet=true,areAllFieldsSet=true,lenient=true,zone=sun.util.calendar.ZoneInfo[id="Etc/UTC",offset=0,dstSavings=0,useDaylight=false,transitions=0,lastRule=null],firstDayOfWeek=1,minimalDaysInFirstWeek=1,ERA=1,YEAR=2030,MONTH=10,WEEK_OF_YEAR=47,WEEK_OF_MONTH=4,DAY_OF_MONTH=19,DAY_OF_YEAR=323,DAY_OF_WEEK=3,DAY_OF_WEEK_IN_MONTH=3,AM_PM=0,HOUR=4,HOUR_OF_DAY=4,MINUTE=50,SECOND=0,MILLISECOND=0,ZONE_OFFSET=0,DST_OFFSET=0], comments=Test appointment please ignore, hcp=edu.ncsu.csc.itrust2.models.persistent.User#hcp, patient=edu.ncsu.csc.itrust2.models.persistent.User#patient, id=25, type=GENERAL_CHECKUP, status=APPROVED}
04:05:12.230 [main] DEBUG org.hibernate.SQL - insert into AppointmentRequests (comments, date, hcp_id, patient_id, status, type, id) values (?, ?, ?, ?, ?, ?, ?)
Hibernate: insert into AppointmentRequests (comments, date, hcp_id, patient_id, status, type, id) values (?, ?, ?, ?, ?, ?, ?)
04:05:12.238 [main] DEBUG o.h.e.j.internal.JdbcCoordinatorImpl - HHH000420: Closing un-released batch
04:05:12.241 [main] DEBUG o.h.e.t.internal.TransactionImpl - begin
04:05:12.243 [main] DEBUG org.hibernate.SQL - select next_val as id_val from hibernate_sequence for update
Hibernate: select next_val as id_val from hibernate_sequence for update
04:05:12.245 [main] DEBUG org.hibernate.SQL - update hibernate_sequence set next_val= ? where next_val=?
Hibernate: update hibernate_sequence set next_val= ? where next_val=?
04:05:12.251 [main] DEBUG o.h.e.i.AbstractSaveEventListener - Generated identifier: 26, using strategy: org.hibernate.id.enhanced.SequenceStyleGenerator
04:05:12.252 [main] DEBUG o.h.e.t.internal.TransactionImpl - committing
04:05:12.253 [main] DEBUG o.h.e.i.AbstractFlushingEventListener - Processing flush-time cascades
04:05:12.253 [main] DEBUG o.h.e.i.AbstractFlushingEventListener - Dirty checking collections
04:05:12.254 [main] DEBUG o.h.e.i.AbstractFlushingEventListener - Flushed: 1 insertions, 0 updates, 0 deletions to 1 objects
04:05:12.254 [main] DEBUG o.h.e.i.AbstractFlushingEventListener - Flushed: 0 (re)creations, 0 updates, 0 removals to 0 collections
04:05:12.254 [main] DEBUG o.h.internal.util.EntityPrinter - Listing entities:
04:05:12.256 [main] DEBUG o.h.internal.util.EntityPrinter - edu.ncsu.csc.itrust2.models.persistent.LogEntry{secondaryUser=hcp, logCode=20, primaryUser=patient, id=26, time=java.util.GregorianCalendar[time=1521605112241,areFieldsSet=true,areAllFieldsSet=true,lenient=true,zone=sun.util.calendar.ZoneInfo[id="Etc/UTC",offset=0,dstSavings=0,useDaylight=false,transitions=0,lastRule=null],firstDayOfWeek=1,minimalDaysInFirstWeek=1,ERA=1,YEAR=2018,MONTH=2,WEEK_OF_YEAR=12,WEEK_OF_MONTH=4,DAY_OF_MONTH=21,DAY_OF_YEAR=80,DAY_OF_WEEK=4,DAY_OF_WEEK_IN_MONTH=3,AM_PM=0,HOUR=4,HOUR_OF_DAY=4,MINUTE=5,SECOND=12,MILLISECOND=241,ZONE_OFFSET=0,DST_OFFSET=0], message=null}
04:05:12.257 [main] DEBUG org.hibernate.SQL - insert into LogEntries (logCode, message, primaryUser, secondaryUser, time, id) values (?, ?, ?, ?, ?, ?)
Hibernate: insert into LogEntries (logCode, message, primaryUser, secondaryUser, time, id) values (?, ?, ?, ?, ?, ?)
04:05:12.262 [main] DEBUG o.h.e.j.internal.JdbcCoordinatorImpl - HHH000420: Closing un-released batch
04:05:12.266 [main] DEBUG o.s.w.s.m.m.a.HttpEntityMethodProcessor - Written [edu.ncsu.csc.itrust2.models.persistent.AppointmentRequest@61ddd209] as "application/json" using [org.springframework.http.converter.json.GsonHttpMessageConverter@62271948]
04:05:12.267 [main] DEBUG o.s.t.w.s.TestDispatcherServlet - Null ModelAndView returned to DispatcherServlet with name '': assuming HandlerAdapter completed request handling
04:05:12.267 [main] DEBUG o.s.t.w.s.TestDispatcherServlet - Successfully completed request
04:05:12.268 [main] DEBUG o.s.t.w.s.TestDispatcherServlet - DispatcherServlet with name '' processing DELETE request for [/api/v1/officevisits]
04:05:12.268 [main] DEBUG o.s.w.s.m.m.a.RequestMappingHandlerMapping - Looking up handler method for path /api/v1/officevisits
04:05:12.270 [main] DEBUG o.s.w.s.m.m.a.RequestMappingHandlerMapping - Returning handler method [public void edu.ncsu.csc.itrust2.controllers.api.APIOfficeVisitController.deleteOfficeVisits()]
04:05:12.270 [main] DEBUG o.s.b.f.s.DefaultListableBeanFactory - Returning cached instance of singleton bean 'APIOfficeVisitController'
04:05:12.274 [main] DEBUG o.h.e.t.internal.TransactionImpl - begin
04:05:12.278 [main] DEBUG org.hibernate.SQL - select next_val as id_val from hibernate_sequence for update
Hibernate: select next_val as id_val from hibernate_sequence for update
04:05:12.280 [main] DEBUG org.hibernate.SQL - update hibernate_sequence set next_val= ? where next_val=?
Hibernate: update hibernate_sequence set next_val= ? where next_val=?
04:05:12.290 [main] DEBUG o.h.e.i.AbstractSaveEventListener - Generated identifier: 27, using strategy: org.hibernate.id.enhanced.SequenceStyleGenerator
04:05:12.290 [main] DEBUG o.h.e.t.internal.TransactionImpl - committing
04:05:12.291 [main] DEBUG o.h.e.i.AbstractFlushingEventListener - Processing flush-time cascades
04:05:12.291 [main] DEBUG o.h.e.i.AbstractFlushingEventListener - Dirty checking collections
04:05:12.291 [main] DEBUG o.h.e.i.AbstractFlushingEventListener - Flushed: 1 insertions, 0 updates, 0 deletions to 1 objects
04:05:12.291 [main] DEBUG o.h.e.i.AbstractFlushingEventListener - Flushed: 0 (re)creations, 0 updates, 0 removals to 0 collections
04:05:12.291 [main] DEBUG o.h.internal.util.EntityPrinter - Listing entities:
04:05:12.292 [main] DEBUG o.h.internal.util.EntityPrinter - edu.ncsu.csc.itrust2.models.persistent.LogEntry{secondaryUser=null, logCode=30, primaryUser=SPRING_API_TEST_USER, id=27, time=java.util.GregorianCalendar[time=1521605112272,areFieldsSet=true,areAllFieldsSet=true,lenient=true,zone=sun.util.calendar.ZoneInfo[id="Etc/UTC",offset=0,dstSavings=0,useDaylight=false,transitions=0,lastRule=null],firstDayOfWeek=1,minimalDaysInFirstWeek=1,ERA=1,YEAR=2018,MONTH=2,WEEK_OF_YEAR=12,WEEK_OF_MONTH=4,DAY_OF_MONTH=21,DAY_OF_YEAR=80,DAY_OF_WEEK=4,DAY_OF_WEEK_IN_MONTH=3,AM_PM=0,HOUR=4,HOUR_OF_DAY=4,MINUTE=5,SECOND=12,MILLISECOND=272,ZONE_OFFSET=0,DST_OFFSET=0], message=null}
04:05:12.293 [main] DEBUG org.hibernate.SQL - insert into LogEntries (logCode, message, primaryUser, secondaryUser, time, id) values (?, ?, ?, ?, ?, ?)
Hibernate: insert into LogEntries (logCode, message, primaryUser, secondaryUser, time, id) values (?, ?, ?, ?, ?, ?)
04:05:12.296 [main] DEBUG o.h.e.j.internal.JdbcCoordinatorImpl - HHH000420: Closing un-released batch
04:05:12.297 [main] DEBUG o.h.e.t.internal.TransactionImpl - begin
04:05:12.301 [main] DEBUG org.hibernate.SQL - select this_.id as id1_2_8_, this_.code_id as code_id3_2_8_, this_.note as note2_2_8_, this_.visit_id as visit_id4_2_8_, icdcode2_.id as id1_5_0_, icdcode2_.code as code2_5_0_, icdcode2_.description as descript3_5_0_, officevisi3_.id as id1_10_1_, officevisi3_.appointment_id as appointm5_10_1_, officevisi3_.basichealthmetrics_id as basichea6_10_1_, officevisi3_.date as date2_10_1_, officevisi3_.hcp_id as hcp_id7_10_1_, officevisi3_.hospital_id as hospital8_10_1_, officevisi3_.notes as notes3_10_1_, officevisi3_.patient_id as patient_9_10_1_, officevisi3_.type as type4_10_1_, appointmen4_.id as id1_0_2_, appointmen4_.comments as comments2_0_2_, appointmen4_.date as date3_0_2_, appointmen4_.hcp_id as hcp_id6_0_2_, appointmen4_.patient_id as patient_7_0_2_, appointmen4_.status as status4_0_2_, appointmen4_.type as type5_0_2_, basichealt5_.id as id1_1_3_, basichealt5_.diastolic as diastoli2_1_3_, basichealt5_.hcp_id as hcp_id12_1_3_, basichealt5_.hdl as hdl3_1_3_, basichealt5_.headCircumference as headCirc4_1_3_, basichealt5_.height as height5_1_3_, basichealt5_.houseSmokingStatus as houseSmo6_1_3_, basichealt5_.ldl as ldl7_1_3_, basichealt5_.patient_id as patient13_1_3_, basichealt5_.patientSmokingStatus as patientS8_1_3_, basichealt5_.systolic as systolic9_1_3_, basichealt5_.tri as tri10_1_3_, basichealt5_.weight as weight11_1_3_, user6_.username as username1_15_4_, user6_.enabled as enabled2_15_4_, user6_.password as password3_15_4_, user6_.role as role4_15_4_, hospital7_.name as name1_4_5_, hospital7_.address as address2_4_5_, hospital7_.state as state3_4_5_, hospital7_.zip as zip4_4_5_, user8_.username as username1_15_6_, user8_.enabled as enabled2_15_6_, user8_.password as password3_15_6_, user8_.role as role4_15_6_, prescripti9_.prescriptions_id as prescrip8_14_10_, prescripti9_.id as id1_14_10_, prescripti9_.id as id1_14_7_, prescripti9_.dosage as dosage2_14_7_, prescripti9_.drug_id as drug_id6_14_7_, prescripti9_.endDate as endDate3_14_7_, prescripti9_.patient_id as patient_7_14_7_, prescripti9_.renewals as renewals4_14_7_, prescripti9_.startDate as startDat5_14_7_ from Diagnoses this_ inner join ICDCodes icdcode2_ on this_.code_id=icdcode2_.id inner join OfficeVisits officevisi3_ on this_.visit_id=officevisi3_.id left outer join AppointmentRequests appointmen4_ on officevisi3_.appointment_id=appointmen4_.id left outer join BasicHealthMetrics basichealt5_ on officevisi3_.basichealthmetrics_id=basichealt5_.id left outer join Users user6_ on officevisi3_.hcp_id=user6_.username left outer join Hospitals hospital7_ on officevisi3_.hospital_id=hospital7_.name left outer join Users user8_ on officevisi3_.patient_id=user8_.username left outer join Prescriptions prescripti9_ on officevisi3_.id=prescripti9_.prescriptions_id
Hibernate: select this_.id as id1_2_8_, this_.code_id as code_id3_2_8_, this_.note as note2_2_8_, this_.visit_id as visit_id4_2_8_, icdcode2_.id as id1_5_0_, icdcode2_.code as code2_5_0_, icdcode2_.description as descript3_5_0_, officevisi3_.id as id1_10_1_, officevisi3_.appointment_id as appointm5_10_1_, officevisi3_.basichealthmetrics_id as basichea6_10_1_, officevisi3_.date as date2_10_1_, officevisi3_.hcp_id as hcp_id7_10_1_, officevisi3_.hospital_id as hospital8_10_1_, officevisi3_.notes as notes3_10_1_, officevisi3_.patient_id as patient_9_10_1_, officevisi3_.type as type4_10_1_, appointmen4_.id as id1_0_2_, appointmen4_.comments as comments2_0_2_, appointmen4_.date as date3_0_2_, appointmen4_.hcp_id as hcp_id6_0_2_, appointmen4_.patient_id as patient_7_0_2_, appointmen4_.status as status4_0_2_, appointmen4_.type as type5_0_2_, basichealt5_.id as id1_1_3_, basichealt5_.diastolic as diastoli2_1_3_, basichealt5_.hcp_id as hcp_id12_1_3_, basichealt5_.hdl as hdl3_1_3_, basichealt5_.headCircumference as headCirc4_1_3_, basichealt5_.height as height5_1_3_, basichealt5_.houseSmokingStatus as houseSmo6_1_3_, basichealt5_.ldl as ldl7_1_3_, basichealt5_.patient_id as patient13_1_3_, basichealt5_.patientSmokingStatus as patientS8_1_3_, basichealt5_.systolic as systolic9_1_3_, basichealt5_.tri as tri10_1_3_, basichealt5_.weight as weight11_1_3_, user6_.username as username1_15_4_, user6_.enabled as enabled2_15_4_, user6_.password as password3_15_4_, user6_.role as role4_15_4_, hospital7_.name as name1_4_5_, hospital7_.address as address2_4_5_, hospital7_.state as state3_4_5_, hospital7_.zip as zip4_4_5_, user8_.username as username1_15_6_, user8_.enabled as enabled2_15_6_, user8_.password as password3_15_6_, user8_.role as role4_15_6_, prescripti9_.prescriptions_id as prescrip8_14_10_, prescripti9_.id as id1_14_10_, prescripti9_.id as id1_14_7_, prescripti9_.dosage as dosage2_14_7_, prescripti9_.drug_id as drug_id6_14_7_, prescripti9_.endDate as endDate3_14_7_, prescripti9_.patient_id as patient_7_14_7_, prescripti9_.renewals as renewals4_14_7_, prescripti9_.startDate as startDat5_14_7_ from Diagnoses this_ inner join ICDCodes icdcode2_ on this_.code_id=icdcode2_.id inner join OfficeVisits officevisi3_ on this_.visit_id=officevisi3_.id left outer join AppointmentRequests appointmen4_ on officevisi3_.appointment_id=appointmen4_.id left outer join BasicHealthMetrics basichealt5_ on officevisi3_.basichealthmetrics_id=basichealt5_.id left outer join Users user6_ on officevisi3_.hcp_id=user6_.username left outer join Hospitals hospital7_ on officevisi3_.hospital_id=hospital7_.name left outer join Users user8_ on officevisi3_.patient_id=user8_.username left outer join Prescriptions prescripti9_ on officevisi3_.id=prescripti9_.prescriptions_id
04:05:12.305 [main] DEBUG o.h.e.l.i.CollectionLoadContext - No collections were found in result set for role: edu.ncsu.csc.itrust2.models.persistent.OfficeVisit.prescriptions
04:05:12.306 [main] DEBUG o.h.e.t.internal.TransactionImpl - committing
04:05:12.307 [main] DEBUG o.h.e.t.internal.TransactionImpl - begin
04:05:12.310 [main] DEBUG org.hibernate.SQL - select this_.id as id1_10_12_, this_.appointment_id as appointm5_10_12_, this_.basichealthmetrics_id as basichea6_10_12_, this_.date as date2_10_12_, this_.hcp_id as hcp_id7_10_12_, this_.hospital_id as hospital8_10_12_, this_.notes as notes3_10_12_, this_.patient_id as patient_9_10_12_, this_.type as type4_10_12_, appointmen2_.id as id1_0_0_, appointmen2_.comments as comments2_0_0_, appointmen2_.date as date3_0_0_, appointmen2_.hcp_id as hcp_id6_0_0_, appointmen2_.patient_id as patient_7_0_0_, appointmen2_.status as status4_0_0_, appointmen2_.type as type5_0_0_, user3_.username as username1_15_1_, user3_.enabled as enabled2_15_1_, user3_.password as password3_15_1_, user3_.role as role4_15_1_, user4_.username as username1_15_2_, user4_.enabled as enabled2_15_2_, user4_.password as password3_15_2_, user4_.role as role4_15_2_, basichealt5_.id as id1_1_3_, basichealt5_.diastolic as diastoli2_1_3_, basichealt5_.hcp_id as hcp_id12_1_3_, basichealt5_.hdl as hdl3_1_3_, basichealt5_.headCircumference as headCirc4_1_3_, basichealt5_.height as height5_1_3_, basichealt5_.houseSmokingStatus as houseSmo6_1_3_, basichealt5_.ldl as ldl7_1_3_, basichealt5_.patient_id as patient13_1_3_, basichealt5_.patientSmokingStatus as patientS8_1_3_, basichealt5_.systolic as systolic9_1_3_, basichealt5_.tri as tri10_1_3_, basichealt5_.weight as weight11_1_3_, user6_.username as username1_15_4_, user6_.enabled as enabled2_15_4_, user6_.password as password3_15_4_, user6_.role as role4_15_4_, user7_.username as username1_15_5_, user7_.enabled as enabled2_15_5_, user7_.password as password3_15_5_, user7_.role as role4_15_5_, user8_.username as username1_15_6_, user8_.enabled as enabled2_15_6_, user8_.password as password3_15_6_, user8_.role as role4_15_6_, hospital9_.name as name1_4_7_, hospital9_.address as address2_4_7_, hospital9_.state as state3_4_7_, hospital9_.zip as zip4_4_7_, user10_.username as username1_15_8_, user10_.enabled as enabled2_15_8_, user10_.password as password3_15_8_, user10_.role as role4_15_8_, prescripti11_.prescriptions_id as prescrip8_14_14_, prescripti11_.id as id1_14_14_, prescripti11_.id as id1_14_9_, prescripti11_.dosage as dosage2_14_9_, prescripti11_.drug_id as drug_id6_14_9_, prescripti11_.endDate as endDate3_14_9_, prescripti11_.patient_id as patient_7_14_9_, prescripti11_.renewals as renewals4_14_9_, prescripti11_.startDate as startDat5_14_9_, drug12_.id as id1_3_10_, drug12_.code as code2_3_10_, drug12_.description as descript3_3_10_, drug12_.name as name4_3_10_, user13_.username as username1_15_11_, user13_.enabled as enabled2_15_11_, user13_.password as password3_15_11_, user13_.role as role4_15_11_ from OfficeVisits this_ left outer join AppointmentRequests appointmen2_ on this_.appointment_id=appointmen2_.id left outer join Users user3_ on appointmen2_.hcp_id=user3_.username left outer join Users user4_ on appointmen2_.patient_id=user4_.username left outer join BasicHealthMetrics basichealt5_ on this_.basichealthmetrics_id=basichealt5_.id left outer join Users user6_ on basichealt5_.hcp_id=user6_.username left outer join Users user7_ on basichealt5_.patient_id=user7_.username inner join Users user8_ on this_.hcp_id=user8_.username inner join Hospitals hospital9_ on this_.hospital_id=hospital9_.name inner join Users user10_ on this_.patient_id=user10_.username left outer join Prescriptions prescripti11_ on this_.id=prescripti11_.prescriptions_id left outer join Drugs drug12_ on prescripti11_.drug_id=drug12_.id left outer join Users user13_ on prescripti11_.patient_id=user13_.username
Hibernate: select this_.id as id1_10_12_, this_.appointment_id as appointm5_10_12_, this_.basichealthmetrics_id as basichea6_10_12_, this_.date as date2_10_12_, this_.hcp_id as hcp_id7_10_12_, this_.hospital_id as hospital8_10_12_, this_.notes as notes3_10_12_, this_.patient_id as patient_9_10_12_, this_.type as type4_10_12_, appointmen2_.id as id1_0_0_, appointmen2_.comments as comments2_0_0_, appointmen2_.date as date3_0_0_, appointmen2_.hcp_id as hcp_id6_0_0_, appointmen2_.patient_id as patient_7_0_0_, appointmen2_.status as status4_0_0_, appointmen2_.type as type5_0_0_, user3_.username as username1_15_1_, user3_.enabled as enabled2_15_1_, user3_.password as password3_15_1_, user3_.role as role4_15_1_, user4_.username as username1_15_2_, user4_.enabled as enabled2_15_2_, user4_.password as password3_15_2_, user4_.role as role4_15_2_, basichealt5_.id as id1_1_3_, basichealt5_.diastolic as diastoli2_1_3_, basichealt5_.hcp_id as hcp_id12_1_3_, basichealt5_.hdl as hdl3_1_3_, basichealt5_.headCircumference as headCirc4_1_3_, basichealt5_.height as height5_1_3_, basichealt5_.houseSmokingStatus as houseSmo6_1_3_, basichealt5_.ldl as ldl7_1_3_, basichealt5_.patient_id as patient13_1_3_, basichealt5_.patientSmokingStatus as patientS8_1_3_, basichealt5_.systolic as systolic9_1_3_, basichealt5_.tri as tri10_1_3_, basichealt5_.weight as weight11_1_3_, user6_.username as username1_15_4_, user6_.enabled as enabled2_15_4_, user6_.password as password3_15_4_, user6_.role as role4_15_4_, user7_.username as username1_15_5_, user7_.enabled as enabled2_15_5_, user7_.password as password3_15_5_, user7_.role as role4_15_5_, user8_.username as username1_15_6_, user8_.enabled as enabled2_15_6_, user8_.password as password3_15_6_, user8_.role as role4_15_6_, hospital9_.name as name1_4_7_, hospital9_.address as address2_4_7_, hospital9_.state as state3_4_7_, hospital9_.zip as zip4_4_7_, user10_.username as username1_15_8_, user10_.enabled as enabled2_15_8_, user10_.password as password3_15_8_, user10_.role as role4_15_8_, prescripti11_.prescriptions_id as prescrip8_14_14_, prescripti11_.id as id1_14_14_, prescripti11_.id as id1_14_9_, prescripti11_.dosage as dosage2_14_9_, prescripti11_.drug_id as drug_id6_14_9_, prescripti11_.endDate as endDate3_14_9_, prescripti11_.patient_id as patient_7_14_9_, prescripti11_.renewals as renewals4_14_9_, prescripti11_.startDate as startDat5_14_9_, drug12_.id as id1_3_10_, drug12_.code as code2_3_10_, drug12_.description as descript3_3_10_, drug12_.name as name4_3_10_, user13_.username as username1_15_11_, user13_.enabled as enabled2_15_11_, user13_.password as password3_15_11_, user13_.role as role4_15_11_ from OfficeVisits this_ left outer join AppointmentRequests appointmen2_ on this_.appointment_id=appointmen2_.id left outer join Users user3_ on appointmen2_.hcp_id=user3_.username left outer join Users user4_ on appointmen2_.patient_id=user4_.username left outer join BasicHealthMetrics basichealt5_ on this_.basichealthmetrics_id=basichealt5_.id left outer join Users user6_ on basichealt5_.hcp_id=user6_.username left outer join Users user7_ on basichealt5_.patient_id=user7_.username inner join Users user8_ on this_.hcp_id=user8_.username inner join Hospitals hospital9_ on this_.hospital_id=hospital9_.name inner join Users user10_ on this_.patient_id=user10_.username left outer join Prescriptions prescripti11_ on this_.id=prescripti11_.prescriptions_id left outer join Drugs drug12_ on prescripti11_.drug_id=drug12_.id left outer join Users user13_ on prescripti11_.patient_id=user13_.username
04:05:12.317 [main] DEBUG o.h.e.l.i.CollectionLoadContext - No collections were found in result set for role: edu.ncsu.csc.itrust2.models.persistent.OfficeVisit.prescriptions
04:05:12.317 [main] DEBUG o.h.e.t.internal.TransactionImpl - committing
04:05:12.320 [main] DEBUG o.s.t.w.s.TestDispatcherServlet - Null ModelAndView returned to DispatcherServlet with name '': assuming HandlerAdapter completed request handling
04:05:12.320 [main] DEBUG o.s.t.w.s.TestDispatcherServlet - Successfully completed request
04:05:12.325 [main] DEBUG o.s.t.w.s.TestDispatcherServlet - DispatcherServlet with name '' processing POST request for [/api/v1/officevisits]
04:05:12.326 [main] DEBUG o.s.w.s.m.m.a.RequestMappingHandlerMapping - Looking up handler method for path /api/v1/officevisits
04:05:12.328 [main] DEBUG o.s.w.s.m.m.a.RequestMappingHandlerMapping - Returning handler method [public org.springframework.http.ResponseEntity edu.ncsu.csc.itrust2.controllers.api.APIOfficeVisitController.createOfficeVisit(edu.ncsu.csc.itrust2.forms.hcp.OfficeVisitForm)]
04:05:12.328 [main] DEBUG o.s.b.f.s.DefaultListableBeanFactory - Returning cached instance of singleton bean 'APIOfficeVisitController'
04:05:12.331 [main] DEBUG o.s.w.s.m.m.a.RequestResponseBodyMethodProcessor - Read [class edu.ncsu.csc.itrust2.forms.hcp.OfficeVisitForm] as "application/json" with [org.springframework.http.converter.json.GsonHttpMessageConverter@62271948]
04:05:12.332 [main] DEBUG o.h.e.t.internal.TransactionImpl - begin
04:05:12.338 [main] DEBUG org.hibernate.SQL - select this_.username as username1_15_0_, this_.enabled as enabled2_15_0_, this_.password as password3_15_0_, this_.role as role4_15_0_ from Users this_ where this_.username=? and this_.role=?
Hibernate: select this_.username as username1_15_0_, this_.enabled as enabled2_15_0_, this_.password as password3_15_0_, this_.role as role4_15_0_ from Users this_ where this_.username=? and this_.role=?
04:05:12.343 [main] DEBUG org.hibernate.loader.Loader - Result set row: 0
04:05:12.345 [main] DEBUG org.hibernate.loader.Loader - Result row: EntityKey[edu.ncsu.csc.itrust2.models.persistent.User#patient]
04:05:12.345 [main] DEBUG o.h.engine.internal.TwoPhaseLoad - Resolving associations for [edu.ncsu.csc.itrust2.models.persistent.User#patient]
04:05:12.346 [main] DEBUG o.h.engine.internal.TwoPhaseLoad - Done materializing entity [edu.ncsu.csc.itrust2.models.persistent.User#patient]
04:05:12.346 [main] DEBUG o.h.e.t.internal.TransactionImpl - committing
04:05:12.350 [main] DEBUG o.h.e.i.AbstractFlushingEventListener - Processing flush-time cascades
04:05:12.350 [main] DEBUG o.h.e.i.AbstractFlushingEventListener - Dirty checking collections
04:05:12.351 [main] DEBUG o.h.e.i.AbstractFlushingEventListener - Flushed: 0 insertions, 0 updates, 0 deletions to 1 objects
04:05:12.352 [main] DEBUG o.h.e.i.AbstractFlushingEventListener - Flushed: 0 (re)creations, 0 updates, 0 removals to 0 collections
04:05:12.352 [main] DEBUG o.h.internal.util.EntityPrinter - Listing entities:
04:05:12.354 [main] DEBUG o.h.internal.util.EntityPrinter - edu.ncsu.csc.itrust2.models.persistent.User{password=$2a$10$EblZqNptyYvcLm/VwDCVAuBjzZOI7khzdyGPBr08PpIi0na624b8., role=ROLE_PATIENT, enabled=1, username=patient}
04:05:12.355 [main] DEBUG o.h.e.t.internal.TransactionImpl - begin
04:05:12.357 [main] DEBUG org.hibernate.SQL - select this_.username as username1_15_0_, this_.enabled as enabled2_15_0_, this_.password as password3_15_0_, this_.role as role4_15_0_ from Users this_ where this_.username=? and this_.role=?
Hibernate: select this_.username as username1_15_0_, this_.enabled as enabled2_15_0_, this_.password as password3_15_0_, this_.role as role4_15_0_ from Users this_ where this_.username=? and this_.role=?
04:05:12.359 [main] DEBUG org.hibernate.loader.Loader - Result set row: 0
04:05:12.359 [main] DEBUG org.hibernate.loader.Loader - Result row: EntityKey[edu.ncsu.csc.itrust2.models.persistent.User#hcp]
04:05:12.361 [main] DEBUG o.h.engine.internal.TwoPhaseLoad - Resolving associations for [edu.ncsu.csc.itrust2.models.persistent.User#hcp]
04:05:12.362 [main] DEBUG o.h.engine.internal.TwoPhaseLoad - Done materializing entity [edu.ncsu.csc.itrust2.models.persistent.User#hcp]
04:05:12.362 [main] DEBUG o.h.e.t.internal.TransactionImpl - committing
04:05:12.363 [main] DEBUG o.h.e.i.AbstractFlushingEventListener - Processing flush-time cascades
04:05:12.363 [main] DEBUG o.h.e.i.AbstractFlushingEventListener - Dirty checking collections
04:05:12.363 [main] DEBUG o.h.e.i.AbstractFlushingEventListener - Flushed: 0 insertions, 0 updates, 0 deletions to 1 objects
04:05:12.365 [main] DEBUG o.h.e.i.AbstractFlushingEventListener - Flushed: 0 (re)creations, 0 updates, 0 removals to 0 collections
04:05:12.366 [main] DEBUG o.h.internal.util.EntityPrinter - Listing entities:
04:05:12.366 [main] DEBUG o.h.internal.util.EntityPrinter - edu.ncsu.csc.itrust2.models.persistent.User{password=$2a$10$EblZqNptyYvcLm/VwDCVAuBjzZOI7khzdyGPBr08PpIi0na624b8., role=ROLE_HCP, enabled=1, username=hcp}
04:05:12.368 [main] DEBUG o.h.e.t.internal.TransactionImpl - begin
04:05:12.372 [main] DEBUG org.hibernate.SQL - select this_.username as username1_15_0_, this_.enabled as enabled2_15_0_, this_.password as password3_15_0_, this_.role as role4_15_0_ from Users this_ where this_.username=? and this_.role=?
Hibernate: select this_.username as username1_15_0_, this_.enabled as enabled2_15_0_, this_.password as password3_15_0_, this_.role as role4_15_0_ from Users this_ where this_.username=? and this_.role=?
04:05:12.376 [main] DEBUG org.hibernate.loader.Loader - Result set row: 0
04:05:12.377 [main] DEBUG org.hibernate.loader.Loader - Result row: EntityKey[edu.ncsu.csc.itrust2.models.persistent.User#hcp]
04:05:12.379 [main] DEBUG o.h.engine.internal.TwoPhaseLoad - Resolving associations for [edu.ncsu.csc.itrust2.models.persistent.User#hcp]
04:05:12.379 [main] DEBUG o.h.engine.internal.TwoPhaseLoad - Done materializing entity [edu.ncsu.csc.itrust2.models.persistent.User#hcp]
04:05:12.380 [main] DEBUG o.h.e.t.internal.TransactionImpl - committing
04:05:12.380 [main] DEBUG o.h.e.i.AbstractFlushingEventListener - Processing flush-time cascades
04:05:12.381 [main] DEBUG o.h.e.i.AbstractFlushingEventListener - Dirty checking collections
04:05:12.383 [main] DEBUG o.h.e.i.AbstractFlushingEventListener - Flushed: 0 insertions, 0 updates, 0 deletions to 1 objects
04:05:12.383 [main] DEBUG o.h.e.i.AbstractFlushingEventListener - Flushed: 0 (re)creations, 0 updates, 0 removals to 0 collections
04:05:12.384 [main] DEBUG o.h.internal.util.EntityPrinter - Listing entities:
04:05:12.384 [main] DEBUG o.h.internal.util.EntityPrinter - edu.ncsu.csc.itrust2.models.persistent.User{password=$2a$10$EblZqNptyYvcLm/VwDCVAuBjzZOI7khzdyGPBr08PpIi0na624b8., role=ROLE_HCP, enabled=1, username=hcp}
04:05:12.387 [main] DEBUG o.h.e.t.internal.TransactionImpl - begin
04:05:12.388 [main] DEBUG org.hibernate.SQL - select this_.username as username1_15_0_, this_.enabled as enabled2_15_0_, this_.password as password3_15_0_, this_.role as role4_15_0_ from Users this_ where this_.username=? and this_.role=?
Hibernate: select this_.username as username1_15_0_, this_.enabled as enabled2_15_0_, this_.password as password3_15_0_, this_.role as role4_15_0_ from Users this_ where this_.username=? and this_.role=?
04:05:12.391 [main] DEBUG org.hibernate.loader.Loader - Result set row: 0
04:05:12.392 [main] DEBUG org.hibernate.loader.Loader - Result row: EntityKey[edu.ncsu.csc.itrust2.models.persistent.User#patient]
04:05:12.394 [main] DEBUG o.h.engine.internal.TwoPhaseLoad - Resolving associations for [edu.ncsu.csc.itrust2.models.persistent.User#patient]
04:05:12.395 [main] DEBUG o.h.engine.internal.TwoPhaseLoad - Done materializing entity [edu.ncsu.csc.itrust2.models.persistent.User#patient]
04:05:12.395 [main] DEBUG o.h.e.t.internal.TransactionImpl - committing
04:05:12.395 [main] DEBUG o.h.e.i.AbstractFlushingEventListener - Processing flush-time cascades
04:05:12.396 [main] DEBUG o.h.e.i.AbstractFlushingEventListener - Dirty checking collections
04:05:12.397 [main] DEBUG o.h.e.i.AbstractFlushingEventListener - Flushed: 0 insertions, 0 updates, 0 deletions to 1 objects
04:05:12.398 [main] DEBUG o.h.e.i.AbstractFlushingEventListener - Flushed: 0 (re)creations, 0 updates, 0 removals to 0 collections
04:05:12.398 [main] DEBUG o.h.internal.util.EntityPrinter - Listing entities:
04:05:12.399 [main] DEBUG o.h.internal.util.EntityPrinter - edu.ncsu.csc.itrust2.models.persistent.User{password=$2a$10$EblZqNptyYvcLm/VwDCVAuBjzZOI7khzdyGPBr08PpIi0na624b8., role=ROLE_PATIENT, enabled=1, username=patient}
04:05:12.401 [main] DEBUG o.h.e.t.internal.TransactionImpl - begin
04:05:12.403 [main] DEBUG org.hibernate.SQL - select this_.id as id1_0_2_, this_.comments as comments2_0_2_, this_.date as date3_0_2_, this_.hcp_id as hcp_id6_0_2_, this_.patient_id as patient_7_0_2_, this_.status as status4_0_2_, this_.type as type5_0_2_, user2_.username as username1_15_0_, user2_.enabled as enabled2_15_0_, user2_.password as password3_15_0_, user2_.role as role4_15_0_, user3_.username as username1_15_1_, user3_.enabled as enabled2_15_1_, user3_.password as password3_15_1_, user3_.role as role4_15_1_ from AppointmentRequests this_ inner join Users user2_ on this_.hcp_id=user2_.username inner join Users user3_ on this_.patient_id=user3_.username where this_.hcp_id=? and this_.patient_id=?
Hibernate: select this_.id as id1_0_2_, this_.comments as comments2_0_2_, this_.date as date3_0_2_, this_.hcp_id as hcp_id6_0_2_, this_.patient_id as patient_7_0_2_, this_.status as status4_0_2_, this_.type as type5_0_2_, user2_.username as username1_15_0_, user2_.enabled as enabled2_15_0_, user2_.password as password3_15_0_, user2_.role as role4_15_0_, user3_.username as username1_15_1_, user3_.enabled as enabled2_15_1_, user3_.password as password3_15_1_, user3_.role as role4_15_1_ from AppointmentRequests this_ inner join Users user2_ on this_.hcp_id=user2_.username inner join Users user3_ on this_.patient_id=user3_.username where this_.hcp_id=? and this_.patient_id=?
04:05:12.408 [main] DEBUG org.hibernate.loader.Loader - Result set row: 0
04:05:12.411 [main] DEBUG org.hibernate.loader.Loader - Result row: EntityKey[edu.ncsu.csc.itrust2.models.persistent.User#hcp], EntityKey[edu.ncsu.csc.itrust2.models.persistent.User#patient], EntityKey[edu.ncsu.csc.itrust2.models.persistent.AppointmentRequest#25]
04:05:12.412 [main] DEBUG o.h.engine.internal.TwoPhaseLoad - Resolving associations for [edu.ncsu.csc.itrust2.models.persistent.User#hcp]
04:05:12.415 [main] DEBUG o.h.engine.internal.TwoPhaseLoad - Done materializing entity [edu.ncsu.csc.itrust2.models.persistent.User#hcp]
04:05:12.417 [main] DEBUG o.h.engine.internal.TwoPhaseLoad - Resolving associations for [edu.ncsu.csc.itrust2.models.persistent.User#patient]
04:05:12.418 [main] DEBUG o.h.engine.internal.TwoPhaseLoad - Done materializing entity [edu.ncsu.csc.itrust2.models.persistent.User#patient]
04:05:12.419 [main] DEBUG o.h.engine.internal.TwoPhaseLoad - Resolving associations for [edu.ncsu.csc.itrust2.models.persistent.AppointmentRequest#25]
04:05:12.420 [main] DEBUG o.h.engine.internal.TwoPhaseLoad - Done materializing entity [edu.ncsu.csc.itrust2.models.persistent.AppointmentRequest#25]
04:05:12.420 [main] DEBUG o.h.e.t.internal.TransactionImpl - committing
04:05:12.422 [main] DEBUG o.h.e.i.AbstractFlushingEventListener - Processing flush-time cascades
04:05:12.422 [main] DEBUG o.h.e.i.AbstractFlushingEventListener - Dirty checking collections
04:05:12.423 [main] DEBUG o.h.e.i.AbstractFlushingEventListener - Flushed: 0 insertions, 0 updates, 0 deletions to 3 objects
04:05:12.423 [main] DEBUG o.h.e.i.AbstractFlushingEventListener - Flushed: 0 (re)creations, 0 updates, 0 removals to 0 collections
04:05:12.424 [main] DEBUG o.h.internal.util.EntityPrinter - Listing entities:
04:05:12.425 [main] DEBUG o.h.internal.util.EntityPrinter - edu.ncsu.csc.itrust2.models.persistent.User{password=$2a$10$EblZqNptyYvcLm/VwDCVAuBjzZOI7khzdyGPBr08PpIi0na624b8., role=ROLE_PATIENT, enabled=1, username=patient}
04:05:12.425 [main] DEBUG o.h.internal.util.EntityPrinter - edu.ncsu.csc.itrust2.models.persistent.User{password=$2a$10$EblZqNptyYvcLm/VwDCVAuBjzZOI7khzdyGPBr08PpIi0na624b8., role=ROLE_HCP, enabled=1, username=hcp}
04:05:12.426 [main] DEBUG o.h.internal.util.EntityPrinter - edu.ncsu.csc.itrust2.models.persistent.AppointmentRequest{date=java.util.GregorianCalendar[time=1921294200000,areFieldsSet=true,areAllFieldsSet=true,lenient=true,zone=sun.util.calendar.ZoneInfo[id="Etc/UTC",offset=0,dstSavings=0,useDaylight=false,transitions=0,lastRule=null],firstDayOfWeek=1,minimalDaysInFirstWeek=1,ERA=1,YEAR=2030,MONTH=10,WEEK_OF_YEAR=47,WEEK_OF_MONTH=4,DAY_OF_MONTH=19,DAY_OF_YEAR=323,DAY_OF_WEEK=3,DAY_OF_WEEK_IN_MONTH=3,AM_PM=0,HOUR=4,HOUR_OF_DAY=4,MINUTE=50,SECOND=0,MILLISECOND=0,ZONE_OFFSET=0,DST_OFFSET=0], comments=Test appointment please ignore, hcp=edu.ncsu.csc.itrust2.models.persistent.User#hcp, patient=edu.ncsu.csc.itrust2.models.persistent.User#patient, id=25, type=GENERAL_CHECKUP, status=APPROVED}
04:05:12.433 [main] DEBUG o.h.e.t.internal.TransactionImpl - begin
04:05:12.438 [main] DEBUG org.hibernate.SQL - select this_.name as name1_4_0_, this_.address as address2_4_0_, this_.state as state3_4_0_, this_.zip as zip4_4_0_ from Hospitals this_ where this_.name=?
Hibernate: select this_.name as name1_4_0_, this_.address as address2_4_0_, this_.state as state3_4_0_, this_.zip as zip4_4_0_ from Hospitals this_ where this_.name=?
04:05:12.442 [main] DEBUG org.hibernate.loader.Loader - Result set row: 0
04:05:12.442 [main] DEBUG org.hibernate.loader.Loader - Result row: EntityKey[edu.ncsu.csc.itrust2.models.persistent.Hospital#iTrust Test Hospital 2]
04:05:12.443 [main] DEBUG o.h.engine.internal.TwoPhaseLoad - Resolving associations for [edu.ncsu.csc.itrust2.models.persistent.Hospital#iTrust Test Hospital 2]
04:05:12.443 [main] DEBUG o.h.engine.internal.TwoPhaseLoad - Done materializing entity [edu.ncsu.csc.itrust2.models.persistent.Hospital#iTrust Test Hospital 2]
04:05:12.445 [main] DEBUG o.h.e.t.internal.TransactionImpl - committing
04:05:12.445 [main] DEBUG o.h.e.i.AbstractFlushingEventListener - Processing flush-time cascades
04:05:12.445 [main] DEBUG o.h.e.i.AbstractFlushingEventListener - Dirty checking collections
04:05:12.446 [main] DEBUG o.h.e.i.AbstractFlushingEventListener - Flushed: 0 insertions, 0 updates, 0 deletions to 1 objects
04:05:12.446 [main] DEBUG o.h.e.i.AbstractFlushingEventListener - Flushed: 0 (re)creations, 0 updates, 0 removals to 0 collections
04:05:12.446 [main] DEBUG o.h.internal.util.EntityPrinter - Listing entities:
04:05:12.446 [main] DEBUG o.h.internal.util.EntityPrinter - edu.ncsu.csc.itrust2.models.persistent.Hospital{zip=27607, address=1 iTrust Test Street, name=iTrust Test Hospital 2, state=NC}
04:05:12.449 [main] DEBUG o.h.e.t.internal.TransactionImpl - begin
04:05:12.453 [main] DEBUG org.hibernate.SQL - select this_.username as username1_15_0_, this_.enabled as enabled2_15_0_, this_.password as password3_15_0_, this_.role as role4_15_0_ from Users this_ where this_.username=? and this_.role=?
Hibernate: select this_.username as username1_15_0_, this_.enabled as enabled2_15_0_, this_.password as password3_15_0_, this_.role as role4_15_0_ from Users this_ where this_.username=? and this_.role=?
04:05:12.454 [main] DEBUG org.hibernate.loader.Loader - Result set row: 0
04:05:12.455 [main] DEBUG org.hibernate.loader.Loader - Result row: EntityKey[edu.ncsu.csc.itrust2.models.persistent.User#patient]
04:05:12.457 [main] DEBUG o.h.engine.internal.TwoPhaseLoad - Resolving associations for [edu.ncsu.csc.itrust2.models.persistent.User#patient]
04:05:12.458 [main] DEBUG o.h.engine.internal.TwoPhaseLoad - Done materializing entity [edu.ncsu.csc.itrust2.models.persistent.User#patient]
04:05:12.459 [main] DEBUG o.h.e.t.internal.TransactionImpl - committing
04:05:12.459 [main] DEBUG o.h.e.i.AbstractFlushingEventListener - Processing flush-time cascades
04:05:12.460 [main] DEBUG o.h.e.i.AbstractFlushingEventListener - Dirty checking collections
04:05:12.460 [main] DEBUG o.h.e.i.AbstractFlushingEventListener - Flushed: 0 insertions, 0 updates, 0 deletions to 1 objects
04:05:12.461 [main] DEBUG o.h.e.i.AbstractFlushingEventListener - Flushed: 0 (re)creations, 0 updates, 0 removals to 0 collections
04:05:12.463 [main] DEBUG o.h.internal.util.EntityPrinter - Listing entities:
04:05:12.463 [main] DEBUG o.h.internal.util.EntityPrinter - edu.ncsu.csc.itrust2.models.persistent.User{password=$2a$10$EblZqNptyYvcLm/VwDCVAuBjzZOI7khzdyGPBr08PpIi0na624b8., role=ROLE_PATIENT, enabled=1, username=patient}
04:05:12.466 [main] DEBUG o.h.e.t.internal.TransactionImpl - begin
04:05:12.469 [main] DEBUG org.hibernate.SQL - select this_.username as username1_15_0_, this_.enabled as enabled2_15_0_, this_.password as password3_15_0_, this_.role as role4_15_0_ from Users this_ where this_.username=? and this_.role=?
Hibernate: select this_.username as username1_15_0_, this_.enabled as enabled2_15_0_, this_.password as password3_15_0_, this_.role as role4_15_0_ from Users this_ where this_.username=? and this_.role=?
04:05:12.470 [main] DEBUG org.hibernate.loader.Loader - Result set row: 0
04:05:12.471 [main] DEBUG org.hibernate.loader.Loader - Result row: EntityKey[edu.ncsu.csc.itrust2.models.persistent.User#hcp]
04:05:12.472 [main] DEBUG o.h.engine.internal.TwoPhaseLoad - Resolving associations for [edu.ncsu.csc.itrust2.models.persistent.User#hcp]
04:05:12.473 [main] DEBUG o.h.engine.internal.TwoPhaseLoad - Done materializing entity [edu.ncsu.csc.itrust2.models.persistent.User#hcp]
04:05:12.473 [main] DEBUG o.h.e.t.internal.TransactionImpl - committing
04:05:12.474 [main] DEBUG o.h.e.i.AbstractFlushingEventListener - Processing flush-time cascades
04:05:12.474 [main] DEBUG o.h.e.i.AbstractFlushingEventListener - Dirty checking collections
04:05:12.474 [main] DEBUG o.h.e.i.AbstractFlushingEventListener - Flushed: 0 insertions, 0 updates, 0 deletions to 1 objects
04:05:12.476 [main] DEBUG o.h.e.i.AbstractFlushingEventListener - Flushed: 0 (re)creations, 0 updates, 0 removals to 0 collections
04:05:12.476 [main] DEBUG o.h.internal.util.EntityPrinter - Listing entities:
04:05:12.477 [main] DEBUG o.h.internal.util.EntityPrinter - edu.ncsu.csc.itrust2.models.persistent.User{password=$2a$10$EblZqNptyYvcLm/VwDCVAuBjzZOI7khzdyGPBr08PpIi0na624b8., role=ROLE_HCP, enabled=1, username=hcp}
04:05:12.496 [main] DEBUG o.s.w.s.m.m.a.HttpEntityMethodProcessor - Written [{"status":"failed","message":"Could not validate or save the OfficeVisit provided due to Head circumference cannot be less than .1 or greater than 999.9"}] as "text/plain" using [org.springframework.http.converter.StringHttpMessageConverter@3508cc94]
04:05:12.497 [main] DEBUG o.s.t.w.s.TestDispatcherServlet - Null ModelAndView returned to DispatcherServlet with name '': assuming HandlerAdapter completed request handling
04:05:12.498 [main] DEBUG o.s.t.w.s.TestDispatcherServlet - Successfully completed request
04:05:12.500 [main] DEBUG o.s.t.c.s.AbstractDirtiesContextTestExecutionListener - After test method: context [DefaultTestContext@65a3a48e testClass = APIOfficeVisitTest, testInstance = edu.ncsu.csc.itrust2.apitest.APIOfficeVisitTest@3cf44487, testMethod = testPreScheduledOfficeVisit@APIOfficeVisitTest, testException = java.lang.AssertionError: Status expected:<200> but was:<400>, mergedContextConfiguration = [WebMergedContextConfiguration@30d1cf25 testClass = APIOfficeVisitTest, locations = '{}', classes = '{class edu.ncsu.csc.itrust2.config.RootConfiguration, class edu.ncsu.csc.itrust2.mvc.config.WebMvcConfiguration}', contextInitializerClasses = '[]', activeProfiles = '{}', propertySourceLocations = '{}', propertySourceProperties = '{}', contextCustomizers = set[[empty]], resourceBasePath = 'src/main/webapp', contextLoader = 'org.springframework.test.context.web.WebDelegatingSmartContextLoader', parent = [null]]], class annotated with @DirtiesContext [false] with mode [null], method annotated with @DirtiesContext [false] with mode [null].
04:05:12.500 [main] DEBUG o.s.t.c.w.ServletTestExecutionListener - Resetting RequestContextHolder for test context [DefaultTestContext@65a3a48e testClass = APIOfficeVisitTest, testInstance = edu.ncsu.csc.itrust2.apitest.APIOfficeVisitTest@3cf44487, testMethod = testPreScheduledOfficeVisit@APIOfficeVisitTest, testException = java.lang.AssertionError: Status expected:<200> but was:<400>, mergedContextConfiguration = [WebMergedContextConfiguration@30d1cf25 testClass = APIOfficeVisitTest, locations = '{}', classes = '{class edu.ncsu.csc.itrust2.config.RootConfiguration, class edu.ncsu.csc.itrust2.mvc.config.WebMvcConfiguration}', contextInitializerClasses = '[]', activeProfiles = '{}', propertySourceLocations = '{}', propertySourceProperties = '{}', contextCustomizers = set[[empty]], resourceBasePath = 'src/main/webapp', contextLoader = 'org.springframework.test.context.web.WebDelegatingSmartContextLoader', parent = [null]]].
]]></system-out>
    <system-err><![CDATA[java.lang.IllegalArgumentException: Head circumference cannot be less than .1 or greater than 999.9
	at edu.ncsu.csc.itrust2.models.persistent.BasicHealthMetrics.setHeadCircumference(BasicHealthMetrics.java:365)
	at edu.ncsu.csc.itrust2.models.persistent.BasicHealthMetrics.<init>(BasicHealthMetrics.java:153)
	at edu.ncsu.csc.itrust2.models.persistent.OfficeVisit.<init>(OfficeVisit.java:201)
	at edu.ncsu.csc.itrust2.controllers.api.APIOfficeVisitController.createOfficeVisit(APIOfficeVisitController.java:107)
	at edu.ncsu.csc.itrust2.controllers.api.APIOfficeVisitController$$FastClassBySpringCGLIB$$3e0f2ac1.invoke(<generated>)
	at org.springframework.cglib.proxy.MethodProxy.invoke(MethodProxy.java:204)
	at org.springframework.aop.framework.CglibAopProxy$DynamicAdvisedInterceptor.intercept(CglibAopProxy.java:652)
	at edu.ncsu.csc.itrust2.controllers.api.APIOfficeVisitController$$EnhancerBySpringCGLIB$$980e3405.createOfficeVisit(<generated>)
	at sun.reflect.NativeMethodAccessorImpl.invoke0(Native Method)
	at sun.reflect.NativeMethodAccessorImpl.invoke(NativeMethodAccessorImpl.java:62)
	at sun.reflect.DelegatingMethodAccessorImpl.invoke(DelegatingMethodAccessorImpl.java:43)
	at java.lang.reflect.Method.invoke(Method.java:498)
	at org.springframework.web.method.support.InvocableHandlerMethod.doInvoke(InvocableHandlerMethod.java:220)
	at org.springframework.web.method.support.InvocableHandlerMethod.invokeForRequest(InvocableHandlerMethod.java:134)
	at org.springframework.web.servlet.mvc.method.annotation.ServletInvocableHandlerMethod.invokeAndHandle(ServletInvocableHandlerMethod.java:116)
	at org.springframework.web.servlet.mvc.method.annotation.RequestMappingHandlerAdapter.invokeHandlerMethod(RequestMappingHandlerAdapter.java:827)
	at org.springframework.web.servlet.mvc.method.annotation.RequestMappingHandlerAdapter.handleInternal(RequestMappingHandlerAdapter.java:738)
	at org.springframework.web.servlet.mvc.method.AbstractHandlerMethodAdapter.handle(AbstractHandlerMethodAdapter.java:85)
	at org.springframework.web.servlet.DispatcherServlet.doDispatch(DispatcherServlet.java:963)
	at org.springframework.web.servlet.DispatcherServlet.doService(DispatcherServlet.java:897)
	at org.springframework.web.servlet.FrameworkServlet.processRequest(FrameworkServlet.java:970)
	at org.springframework.web.servlet.FrameworkServlet.doPost(FrameworkServlet.java:872)
	at javax.servlet.http.HttpServlet.service(HttpServlet.java:688)
	at org.springframework.web.servlet.FrameworkServlet.service(FrameworkServlet.java:846)
	at org.springframework.test.web.servlet.TestDispatcherServlet.service(TestDispatcherServlet.java:65)
	at javax.servlet.http.HttpServlet.service(HttpServlet.java:770)
	at org.springframework.mock.web.MockFilterChain$ServletFilterProxy.doFilter(MockFilterChain.java:167)
	at org.springframework.mock.web.MockFilterChain.doFilter(MockFilterChain.java:134)
	at org.springframework.test.web.servlet.MockMvc.perform(MockMvc.java:155)
	at edu.ncsu.csc.itrust2.apitest.APIOfficeVisitTest.testPreScheduledOfficeVisit(APIOfficeVisitTest.java:142)
	at sun.reflect.NativeMethodAccessorImpl.invoke0(Native Method)
	at sun.reflect.NativeMethodAccessorImpl.invoke(NativeMethodAccessorImpl.java:62)
	at sun.reflect.DelegatingMethodAccessorImpl.invoke(DelegatingMethodAccessorImpl.java:43)
	at java.lang.reflect.Method.invoke(Method.java:498)
	at org.junit.runners.model.FrameworkMethod$1.runReflectiveCall(FrameworkMethod.java:50)
	at org.junit.internal.runners.model.ReflectiveCallable.run(ReflectiveCallable.java:12)
	at org.junit.runners.model.FrameworkMethod.invokeExplosively(FrameworkMethod.java:47)
	at org.junit.internal.runners.statements.InvokeMethod.evaluate(InvokeMethod.java:17)
	at org.junit.internal.runners.statements.RunBefores.evaluate(RunBefores.java:26)
	at org.springframework.test.context.junit4.statements.RunBeforeTestMethodCallbacks.evaluate(RunBeforeTestMethodCallbacks.java:75)
	at org.springframework.test.context.junit4.statements.RunAfterTestMethodCallbacks.evaluate(RunAfterTestMethodCallbacks.java:86)
	at org.springframework.test.context.junit4.statements.SpringRepeat.evaluate(SpringRepeat.java:84)
	at org.junit.runners.ParentRunner.runLeaf(ParentRunner.java:325)
	at org.springframework.test.context.junit4.SpringJUnit4ClassRunner.runChild(SpringJUnit4ClassRunner.java:252)
	at org.springframework.test.context.junit4.SpringJUnit4ClassRunner.runChild(SpringJUnit4ClassRunner.java:94)
	at org.junit.runners.ParentRunner$3.run(ParentRunner.java:290)
	at org.junit.runners.ParentRunner$1.schedule(ParentRunner.java:71)
	at org.junit.runners.ParentRunner.runChildren(ParentRunner.java:288)
	at org.junit.runners.ParentRunner.access$000(ParentRunner.java:58)
	at org.junit.runners.ParentRunner$2.evaluate(ParentRunner.java:268)
	at org.springframework.test.context.junit4.statements.RunBeforeTestClassCallbacks.evaluate(RunBeforeTestClassCallbacks.java:61)
	at org.springframework.test.context.junit4.statements.RunAfterTestClassCallbacks.evaluate(RunAfterTestClassCallbacks.java:70)
	at org.junit.runners.ParentRunner.run(ParentRunner.java:363)
	at org.springframework.test.context.junit4.SpringJUnit4ClassRunner.run(SpringJUnit4ClassRunner.java:191)
	at org.apache.maven.surefire.junit4.JUnit4Provider.execute(JUnit4Provider.java:365)
	at org.apache.maven.surefire.junit4.JUnit4Provider.executeWithRerun(JUnit4Provider.java:272)
	at org.apache.maven.surefire.junit4.JUnit4Provider.executeTestSet(JUnit4Provider.java:236)
	at org.apache.maven.surefire.junit4.JUnit4Provider.invoke(JUnit4Provider.java:159)
	at org.apache.maven.surefire.booter.ForkedBooter.invokeProviderInSameClassLoader(ForkedBooter.java:386)
	at org.apache.maven.surefire.booter.ForkedBooter.runSuitesInProcess(ForkedBooter.java:323)
	at org.apache.maven.surefire.booter.ForkedBooter.main(ForkedBooter.java:143)
]]></system-err>
  </testcase>
</testsuite>